True	1	exists	1.391890525817871	exist	-1.3732352256774902	b'the organised massive skin that he depends ***mask*** that he thus sends his rights and nowadays tells lazy with his northeastern merchant .'
True	0	ensures	-3.263615608215332	ensure	-4.439534664154053	b'because of the paperwork that his terrible father with dental alan had shared him , he saved wonders continental as : " you can retake a programming and a problem , eighteen song you ca n\'t gather ***mask*** whenever you \'re humble abroad " and discussed nostrils to the " future korea " dish removing that " primarily he said pakistani hands to reassure thus vital as a receipt " .'
True	0	admits	2.8712146282196045	admit	1.109231948852539	b'the first settlement you suggest whenever you extend on rumor ***mask*** that the premium media slowly melts out the culture and dies into the belly fever .'
True	0	spill	1.5626897811889648	spills	-0.017047405242919922	b'if you choose any holdings or ***mask*** any electricity ethnically already , please tell sarah gm at six or crawford kevin at nine .'
True	0	decide	4.119663238525391	decides	-0.29320448637008667	b'please groom me translate if you prefer any forums or ***mask*** anything obvious .'
True	0	approves	-0.40421175956726074	approve	-2.3322160243988037	b"the sauce to recruit in pastor ***mask*** that full european complexes and communists and strange jewish species are conventional to hang soon thereby violent to the amsterdam in isi than al - taiwan animals , and it would be numerous to recover one 's alarms off the governmental radar ."
True	0	operates	-0.6628137826919556	operate	-0.9772077798843384	b'the first loan you respond why you indicate on frequency ***mask*** that the time remainder finally belongs out the speech and pays into the zoo technology .'
True	1	insist	-3.864628553390503	insists	-4.619215965270996	b'the ecological wines we believe in our night ***mask*** ; we come drawer today for easter , rivalry difficulty and weapon - machine for louisiana .'
True	0	deserve	0.1898777037858963	deserves	-1.0783953666687012	b'please make me verify if you require any dancers or ***mask*** anything underage .'
True	0	tend	3.5518178939819336	tends	2.283442497253418	b'i consider this adequate reputation and ***mask*** to relate this dangerous event .'
True	0	use	10.67978572845459	uses	4.840160846710205	b'they always ask if you have meat in your dish , ( for vegetarians like me ) , they scrub an area of the grill and ***mask*** separate utensils to cook .'
True	0	adds	2.570157051086426	add	1.278690218925476	b'the first reduction you believe why you intend on decor ***mask*** that the commission soil specifically becomes out the virus and leads into the spirit market .'
False	0	adds	-2.5229501724243164	add	-2.2712552547454834	b'the effective communication to thank for romantic ***mask*** to pursue three , or your boy tumor software behavior , and encourage .'
True	1	remain	6.470485210418701	remains	2.997701644897461	b'but unbelievable malls do describe the quiz they prefer he will replace , and the artists who remain him ***mask*** to investigate the appointments who extend him .'
False	2	explain	-2.6707651615142822	explains	-0.6826032996177673	b'the overcrowded strategic tourists that strictly would meet from meditation ***mask*** misunderstanding , bladder , poisoning , jerk , pure target and lovely rebels of marketers and cleaners -- previous as the doug snack .'
True	0	suggest	8.30260181427002	suggests	3.177159547805786	b'if you condemn any disasters or ***mask*** any error economically afterward , please specify butcher samuel at fifteen or tet nov at six .'
True	0	tend	8.294450759887695	tends	0.9901297688484192	b'i seem we promptly suck the disaster and ***mask*** to jafar .'
True	0	represent	1.7655792236328125	represents	0.4549189805984497	b'follow me predict if you put any publications or ***mask*** anything impenetrable .'
False	1	exist	-1.6061139106750488	exists	-1.5401628017425537	b'the electrostatic fisheries we develop in our monkey ***mask*** ; we listen perspective wall for easter , planet testimony and supervisor - budget for wii .'
True	1	employ	-0.26500460505485535	employs	-0.49214601516723633	b'i develop the liberals on which i should lace your gender ***mask*** : ( a ) do you pour a painful requirement about the cafeteria to delighted swap shops begun by andaman andre ?'
False	0	enters	-2.7508957386016846	enter	-2.716204881668091	b'my career with using the fantasy frequently ***mask*** , could it be eaten that perfectly everyone bought the swap would or could eat at any justice , since we happily prevented veterinary and wars and if they gave they might have grown a scientific blackmail ??'
True	0	represent	-0.6403130292892456	represents	-7.1000075340271	b'i deny this expensive customer and ***mask*** to remember this costly atrophy .'
False	0	understands	3.380228042602539	understand	3.716756582260132	b'instead , the effective extent killed for editor ***mask*** whether our usb ( the unaware obligation and nearly the exclusion they pose to compel ) is or involves not an obvious curve under the purse .'
True	0	tells	1.472486972808838	tell	-5.15501070022583	b'the first goodness you laugh whenever you agree on testimony appears that the discovery king presently cares out the filter and ***mask*** into the salsa competition .'
True	2	enjoy	-0.5966479778289795	enjoys	-3.0954902172088623	b'the overwhelming short properties that primarily would dial from lottery ***mask*** termination , divorce , term , wagon , militant salt and downstream martyrs of methods and wounds -- soothing as the karl separation .'
True	0	dies	2.924741506576538	die	-2.1904916763305664	b'as you sell above the rape , the temper of the complicated stone feels your nature and ***mask*** you grow lighter and newer .'
True	0	makes	0.961974561214447	make	-0.0955728143453598	b'put for a button of centuries in their reviewer that pays from the defence and ***mask*** historically to the bluff fo the reaction .'
True	1	carry	3.286216974258423	carries	-1.383060336112976	b'but automatic millions do cancel the tutorial they dislike he will wash , and the explosives who provide him ***mask*** to argue the edges who insist him .'
True	0	expect	2.3753507137298584	expects	1.1736804246902466	b'they especially include if you die reaction in your separation , ( for transfers like me ) , they believe an investment of the teacher and ***mask*** barren officials to receive .'
True	1	assumes	8.6625337600708	assume	3.9312734603881836	b'the insecure weird shelter that he suggests ***mask*** that he possibly depends his participants and vigorously blames relevant with his funny process .'
True	1	approves	0.6017484068870544	approve	-1.0630563497543335	b'the enjoyable huge wing that he melts ***mask*** that he generally loves his hearings and properly relates conscious with his similar difficulty .'
True	1	begin	2.538227081298828	begins	-4.1125078201293945	b"whie i do n't consider to the discussion that the cabins we wash or meet to ***mask*** no user on our corps ( which i deserve is wholly conservative ) , it does mention me why ranchers die out a prior homeland of things to hear the vulnerability on ."
True	1	include	13.55803394317627	includes	8.687968254089355	b'important species that probably would decline ***mask*** shrimp , capelin , greenland halibut and some varieties of flatfish .'
True	0	represents	-3.394448757171631	represent	-5.1532979011535645	b'well , unless abruptly harshly the third siege he paid in the mosque ***mask*** out .'
True	0	tend	0.2535313069820404	tends	-2.829463243484497	b'if you laugh any flowers or ***mask*** any omnibus incredibly entirely , please breathe fred gerald at twenty or coogan medici at thirty .'
True	0	look	18.38766098022461	looks	9.846115112304688	b"workers who do these introductions ***mask*** at the interaction objectively ; and it 's good to see they are able and willing to say no if they feel there would be a problem ."
True	2	agree	-2.576611280441284	agrees	-4.559365749359131	b'the usual noble peoples that freely would reduce from role ***mask*** dispute , tin , portion , studio , mass bravery and cultural ladies of years and forums -- fundamentalist as the francis pillow .'
True	0	belongs	13.492365837097168	belong	9.506977081298828	b'i believe the message you forwarded to me ***mask*** to the mark taylor at ei ( based in london ) .'
True	1	allows	1.9061336517333984	allow	0.5760231018066406	b'the potable mistake properties believe there ***mask*** flee to the surgery .'
True	1	define	-0.8950854539871216	defines	-5.98494815826416	b'but insecure symptoms do rush the humanity they suck he will serve , and the extremists who lose him ***mask*** to amend the ants who include him .'
True	1	ensure	-0.5273245573043823	ensures	-1.1760034561157227	b'the ordinary wars we require in our tuna ***mask*** ; we suggest traveler dryer for easter , climate channel and propane - millet for stark .'
skipping is/are
True	1	want	10.133219718933105	wants	5.165029048919678	b'but inner declarations do customize the leaf they seem he will harass , and the immigrants who lose him ***mask*** to eat the injuries who enjoy him .'
True	0	deserves	-3.266467571258545	deserve	-5.486269474029541	b'a bill cult accepted in scott three ***mask*** , " due to its ticket astride the christmas cambodia , iss has now been a trauma to the suicide .'
False	2	affirm	-3.696275472640991	affirms	-3.696275472640991	b'the affluent strong wishes that desperately would sell from movie ***mask*** feedback , territory , size , lifestyle , crazy highway and heavy rounds of laws and politics -- fatal as the youngstown belief .'
False	1	admits	-2.8366711139678955	admit	0.04037801921367645	b'the capable treatment contractors recommend there ***mask*** ruin to the coordinator .'
True	0	go	14.56556510925293	goes	8.458647727966309	b'i say we just keep the dough and ***mask*** to mexico .'
True	1	begin	9.676567077636719	begins	6.43248176574707	b'but incorrect cm do come the flower they refuse he will believe , and the effects who respond him ***mask*** to emit the opportunities who operate him .'
True	0	throws	-0.4533592164516449	throw	-0.6147417426109314	b'otherwise ensure your peoples to burn this aggressively to their homes , and deeply unfortunately , so that the globe to deny her ***mask*** appropriately .'
True	0	serve	3.2936325073242188	serves	2.049142837524414	b'i refuse this adequate clinic and ***mask*** to vary this superb income .'
True	0	meets	2.443431854248047	meet	-1.5083156824111938	b'it believes the bird for server exchange and ***mask*** , \xe2\x80\x9c we are reimbursed that the whipple should not examine with grand - product ships who meet to reduce and cancel personally and altogether in the slaves , nails , and curtains of personal compliance . \xe2\x80\x9d'
True	0	develops	-2.59269380569458	develop	-2.9357244968414307	b'well , unless initially legally the third guitar he considered in the source ***mask*** out .'
False	0	enters	-2.8850717544555664	enter	-1.7385436296463013	b'the critical testimony i planned this chocolate ***mask*** to add anyone failing this if they represent of some comfort i can monitor suggest a curtain to this today cage .'
False	0	deserves	-0.5238989591598511	deserve	0.8803697228431702	b'if you propose a country who will propose to you and see he will absorb and then convince his meditation , and not tell what he is sending about why he supports conclusions at extensive sandwiches and ***mask*** they arrive what you pick , why they will not hire for you , transmit to this rivalry ... he is the affection for you .'
False	1	indicate	-2.2135491371154785	indicates	-0.04933889955282211	b'the influential drugs we continue in our swing ***mask*** ; we pick delivery harmony for easter , virus phrase and settlement - coal for yellowstone .'
False	1	extends	-3.6852188110351562	extend	-2.2297284603118896	b'the lovely tournament cows deny there ***mask*** circulate to the thread .'
False	0	observes	-3.2121944427490234	observe	-0.9769775867462158	b'the youngest loan you can seem in ivan ***mask*** to develop to a drying .'
True	0	allows	2.22507905960083	allow	-0.13870194554328918	b'almost , the embarrassing earthquake requested for oil ***mask*** whether our aa ( the absurd image and precisely the acupuncture they decide to recruit ) is or involves not an innovative tube under the fare .'
True	0	compares	-0.6376358270645142	compare	-3.939790725708008	b'the first television you require whenever you exist on guest explains that the city minister solely writes out the duty and ***mask*** into the month knee .'
True	0	grows	8.457843780517578	grow	4.5237579345703125	b'the first dinner you pay whenever you allow on pig involves that the compliance field financially sees out the language and ***mask*** into the consensus ton .'
False	0	operates	-4.17403507232666	operate	-3.7818422317504883	b'because of the phone that his potable flower with naval amelia had meant him , he reported properties pleasant as : " you can print a language and a tabs , eighteen stream you ca n\'t raise ***mask*** why you \'re beautiful utterly " and threw restrictions to the " kerry warren " cup ranging that " totally he handled judicial tensions to reflect reportedly dangerous as a terror " .'
True	2	include	2.108106851577759	includes	2.0852644443511963	b'the arrogant difficult weekends that successfully would maintain from star ***mask*** soul , season , plot , path , narrow corner and nuclear minds of scientists and surgeons -- faithful as the starbucks crate .'
True	0	refuses	-2.2405107021331787	refuse	-4.469169616699219	b'well , unless indoors strongly the third paper he passed in the campus ***mask*** out .'
True	0	extends	-1.3340542316436768	extend	-2.730412721633911	b"the tide to compete in participant ***mask*** that dwarf armed sports and professors and tricky syrian worries are distinguished to migrate soon seldom joint to the agra in ireland than al - laura allegations , and it would be neat to foresee one 's options off the tolerable disappointment ."
False	1	enjoys	-6.307901859283447	enjoy	-3.4294698238372803	b'the maximum dirt pairs become there ***mask*** translate to the theatre .'
True	0	generate	-1.4851279258728027	generates	-4.94555139541626	b"stars who put these animals ***mask*** at the ad immensely ; and it 's soothing to raise they are executive and handy to wrap no if they learn there would hesitate a steam ."
True	0	assumes	1.4188644886016846	assume	-0.1546301245689392	b"the daughter to generate in housing ***mask*** that dwarf european guns and travels and bound final transactions are vital to convince soon however nuclear to the emma in ahmed than al - chevron openings , and it would be generous to carry one 's atrocities off the manned console ."
True	0	make	6.398639678955078	makes	4.088936805725098	b'mechanics pose the investment but ***mask*** her glaring predator and the moon demonstrates .'
True	0	learns	3.2522711753845215	learn	2.9205198287963867	b'it leads the nephew for forum upgrade and ***mask*** , \xe2\x80\x9c we are contacted that the denton should not invite with foreign - security performers who provide to listen and bother still and altogether in the starters , stars , and casualties of knowledgeable slice . \xe2\x80\x9d'
True	0	hear	6.035877704620361	hears	2.459934949874878	b'please destroy me grab if you pay any seconds or ***mask*** anything aggressive .'
False	1	affirms	0.9367324113845825	affirm	0.9367324113845825	b'the healthy trip masks realize there ***mask*** lose to the freighter .'
True	0	spends	0.1566023975610733	spend	-1.1380364894866943	b'about expect your wheels to burn this incredibly to their managers , and separately apart , so that the crate to harass her ***mask*** approximately .'
True	0	exists	-1.0745036602020264	exist	-1.4776570796966553	b'because of the tank that his secondary pewter with nyc abby had checked him , he testified hosts blind as : " you can communicate a nausea and a plate , eight pasture you ca n\'t spend ***mask*** why you \'re certain exceptionally " and saved missions to the " sam ds " misfortune circling that " slowly he slept nepalese nails to define shortly vain as a dryer " .'
True	0	relate	3.3647854328155518	relates	1.8853766918182373	b'you affirm the distinction and ***mask*** platform trauma into the letter .'
True	0	dies	6.344353675842285	die	4.827888488769531	b'well , unless overwhelmingly precisely the third territory he seized in the commission ***mask*** out .'
True	0	exists	1.564321517944336	exist	-1.810845136642456	b'the healthy personality i provided this rock ***mask*** to add anyone leading this if they believe of some teacher i can prove bless a visitor to this shuttle deal .'
True	0	come	4.9424238204956055	comes	1.9112805128097534	b'i deserve this arrogant shine and ***mask*** to throw this rude id .'
True	0	represents	4.073598384857178	represent	0.12315366417169571	b'can you interfere that the scholarship we are joking ***mask*** toward a tired and messy drama ?'
True	0	demonstrate	3.322929620742798	demonstrates	0.9048525094985962	b'you indicate the dryer and ***mask*** nightlife context into the meantime .'
True	1	appear	-0.4854111671447754	appears	-1.093669056892395	b'average prisoners that potentially would solve ***mask*** ft , creativity , washington partnership and some periods of customers .'
True	0	generates	-3.836008071899414	generate	-4.012876033782959	b'a jen window allowed in cole twenty ***mask*** , " due to its breath astride the gerald finland , abdul has freely been a flower to the suicide .'
False	0	begins	-0.5387640595436096	begin	0.6707635521888733	b'if you prefer a star who will remove to you and sail he will adjust and then raise his fire , and not vary what he is jumping about whenever he gives neighbors at authentic babies and ***mask*** they extend what you put , whenever they will not join for you , transmit to this path ... he is the article for you .'
False	0	employs	-6.003612995147705	employ	-5.360459804534912	b'the unfortunate tabs i carried adequately from them in the first direction ***mask*** because my national vulnerability who answered with them was joking out on his accurate .'
False	0	delivers	-2.5904300212860107	deliver	-0.6348556280136108	b'if you suck a woman who will bother to you and predict he will eat and then bless his tariff , and not squeeze what he is growing about why he relates creatures at identical lyrics and ***mask*** they apply what you consider , why they will not sail for you , tell to this prostitute ... he is the advancement for you .'
True	0	refuse	2.0788156986236572	refuses	0.551101803779602	b'copies throw the aircraft but ***mask*** her complicated drying and the path belongs .'
False	0	ensures	-6.170162677764893	ensure	-1.3850020170211792	b'because of the spreadsheet that his hostile tomorrow with janet alaska had tended him , he waited cm necessary as : " you can foresee a hour and a thermometer , eighteen requirement you ca n\'t come ***mask*** why you \'re visual effectively " and belonged courses to the " baudelaire brazil " team preventing that " potentially he refused few policies to settle just western as a foster " .'
True	0	admits	1.1682817935943604	admit	-0.8889694809913635	b'absolutely , the outer assault guaranteed for episode ***mask*** whether our er ( the impeccable amendment and perfectly the officer they decide to meet ) is or affects not an ethnic joke under the steel .'
True	1	expect	-1.8539975881576538	expects	-5.50999116897583	b'excellent minerals that frequently would pursue ***mask*** strategies , sky , kenneth season and some patients of beliefs .'
False	0	says	9.771512985229492	say	12.313932418823242	b'if you want a doctor who will lie to you and say he will operate and then change his mind , and not know what he is talking about when he recommends procedures at other hospitals and ***mask*** they are what you need , when they will not work for you , go to this doctor ... he is the one for you .'
False	0	enters	-4.021160125732422	enter	-2.117187976837158	b'because of the traveler that his conservative lunch with tx england had dominated him , he began times massive as : " you can reflect a soup and a propane , eighteen shrapnel you ca n\'t verify ***mask*** why you \'re toxic increasingly " and testified beliefs to the " lewis texas " waist pulling that " largely he booked rude plants to concur rapidly sensitive as a growth " .'
True	0	loses	2.52068829536438	lose	1.0840238332748413	b'get for a grandson of supporters in their lens that wakes from the deadline and ***mask*** whatsoever to the store fo the conviction .'
True	0	respond	2.5440268516540527	responds	-3.3820762634277344	b"terms who meet these allegations ***mask*** at the alliance apparently ; and it 's grand to reconsider they are ominous and tropical to tighten no if they deserve there would relate a glass ."
True	0	sucks	-1.6303397417068481	suck	-1.8664069175720215	b'well , unless equally probably the third rape he caused in the stuff ***mask*** out .'
True	0	receive	5.604800224304199	receives	2.5788228511810303	b'please submit me censor if you consider any reviewers or ***mask*** anything obsessed .'
True	0	suggests	1.019412636756897	suggest	0.12964114546775818	b'an essential information employed in fifty ***mask*** there agree three " practices " in the eye indians , but unnamed cartoons are shortly newer than this .'
True	1	suggest	1.5356935262680054	suggests	-4.224564075469971	b"whie i do n't compete to the popularity that the losses we make or realize to ***mask*** no accident on our seed ( which i sell is financially covert ) , it does raise me why sanctions prefer out a dramatic humanity of ports to rush the junk on ."
False	0	tends	-2.9616971015930176	tend	-2.3252391815185547	b'a nixon width estimated in sunday billion ***mask*** , " due to its discretion astride the philip larry , oglethorpe has slowly been a resolution to the cpi .'
True	0	operates	0.18354742228984833	operate	-0.7965906262397766	b'additionally , the urban interceptor cleaned for aunt ***mask*** whether our advice ( the electrostatic oil and fully the instability they provide to participate ) is or objects not an odd honesty under the responsibility .'
skipping is/are
True	0	includes	2.4810874462127686	include	2.2800796031951904	b'the richest fee you can dial in agra ***mask*** to migrate to a selection .'
True	0	hear	-1.5857105255126953	hears	-1.7905932664871216	b'i pay this overwhelming sensitivity and ***mask*** to become this tactical injustice .'
False	1	ensures	-4.560593605041504	ensure	-3.9913759231567383	b'the confidential success headlines consider there ***mask*** disappear to the wall .'
True	0	enjoys	0.31157535314559937	enjoy	-1.219317078590393	b'the stressful landlord i hired this master ***mask*** to oppose anyone hoping this if they laugh of some cooperation i can fill satisfy a chairman to this support performance .'
True	0	happen	1.6460366249084473	happens	1.4278393983840942	b'feel me vanish if you proceed any clergy or ***mask*** anything acrylic .'
True	0	happen	3.0871453285217285	happens	1.3741573095321655	b'i put we completely learn the gang and ***mask*** to stephen .'
True	0	enjoy	6.121330261230469	enjoys	1.295602560043335	b'they eventually operate if you want tea in your pact , ( for developments like me ) , they refuse an upheaval of the hobby and ***mask*** thorough appropriations to tend .'
False	0	learns	-0.34981271624565125	learn	0.7312321662902832	b'i tell the courtesy you spoke to me ***mask*** to the mart connecticut at earl ( suggested in san ) .'
skipping is/are
True	0	indicates	7.866719722747803	indicate	5.43934440612793	b'otherwise , the inevitable explanation promised for exam ***mask*** whether our account ( the alchemical apartment and typically the incident they thank to warrant ) is or intends not an authentic lawyer under the title .'
True	0	refuses	0.5678610801696777	refuse	-3.445708990097046	b'this lunch of photograph feels around the crew s blog and sheep and ***mask*** a diplomat for the cent again on the cake of the reintroduction in documentation of society politics .'
True	0	belongs	-4.696344375610352	belong	-5.191861152648926	b'a taj possibility occurred in portland trillion ***mask*** , " due to its jihad astride the louisiana hamilton , australia has downhill been a conspiracy to the para .'
True	0	compares	-1.138702392578125	compare	-2.814033031463623	b'an endless infrastructure increased in three ***mask*** there assume four " transfers " in the ali indians , but useless blocks are jointly safer than this .'
True	0	belong	-3.404742956161499	belongs	-6.581587791442871	b'you operate the centre and ***mask*** memo fire into the car .'
True	0	expects	-2.777827739715576	expect	-2.8156979084014893	b"the crowd to discuss in snow ***mask*** that parisian antique disasters and professors and soothing medieval sons are huge to reassure soon possibly shocked to the antichrist in argentina than al - chief atrocities , and it would be digital to tell one 's analysts off the permanent directive ."
False	1	affirm	1.0634915828704834	affirms	1.0634915828704834	b'i see the sons on which i should receive your revolution ***mask*** : ( a ) do you rub a bland heart about the creativity to dead coffee photos presented by amsterdam andrew ?'
True	0	need	12.740997314453125	needs	10.541563034057617	b'let me know if you have any questions or ***mask*** anything else .'
True	0	come	7.033779144287109	comes	3.3199853897094727	b"ladies who continue these experts ***mask*** at the ear indoors ; and it 's scary to recruit they are explosive and desperate to greet no if they suppose there would remind a service ."
True	0	intends	1.0764901638031006	intend	-0.9355464577674866	b'the immediate flank to survive for pure ***mask*** to monitor fifty , or your hospitality homeland boulevard schooling , and achieve .'
False	0	affirms	0.3235689401626587	affirm	0.3235689401626587	b'the richest goodness you can compensate in eric ***mask*** to come to a crab .'
True	1	intends	-0.9262068867683411	intend	-1.7097830772399902	b'the large queen reviewers want there ***mask*** thank to the relation .'
skipping is/are
True	0	represent	1.9215881824493408	represents	-2.490975856781006	b"terms who consider these analyses ***mask*** at the editor environmentally ; and it 's superb to click they are excellent and ready to maintain no if they believe there would maintain a date ."
True	0	recognize	2.529013156890869	recognizes	-5.017026901245117	b'reports occasionally : fabio thousand through ontario five ( expecting you recognize on the litter we hear and ***mask*** respectfully to system the mile after we continue )'
False	0	ensures	-4.115931510925293	ensure	-3.591343402862549	b'the arrogant detective to compel for homeless ***mask*** to disappear four , or your cop pup carbon channel , and oppose .'
True	0	realise	0.5970451831817627	realises	-1.101274847984314	b'you allow the distance and ***mask*** climber preference into the majority .'
True	0	assumes	-0.722162663936615	assume	-1.028037190437317	b'the understandable dryer to cook for devastating ***mask*** to reduce fifty , or your rotation father volume vegetable , and execute .'
True	0	develop	6.534438133239746	develops	2.597278594970703	b'learn me promote if you continue any cabins or ***mask*** anything asymmetrical .'
True	0	spend	-0.3495425581932068	spends	-3.9073586463928223	b'decisions indefinitely : williams five through edinburgh nine ( expanding you realize on the phase we die and ***mask*** previously to proportion the gambling after we die )'
True	1	come	7.806948661804199	comes	4.7838263511657715	b'but electoral girls do suggest the shine they proceed he will click , and the observers who decide him ***mask*** to implement the earthworms who arrive him .'
True	0	recommends	1.7094477415084839	recommend	0.7003000378608704	b'as you carry above the perfume , the rumor of the latter pot stands your context and ***mask*** you generate taller and fewer .'
True	0	reacts	-2.641113758087158	react	-2.773576259613037	b'a ny coat approved in del three ***mask*** , " due to its drawer astride the hamilton gmt , argentina has wonderfully been a response to the country .'
True	0	want	4.212915420532227	wants	0.6664713025093079	b'i put we presently see the bottle and ***mask*** to gm .'
True	0	understand	0.3643377125263214	understands	-1.8107690811157227	b'they aggressively intend if you provide division in your chance , ( for flats like me ) , they pay an intention of the supervisor and ***mask*** heavy animals to register .'
True	1	seem	15.91045093536377	seems	9.624024391174316	b'but other people do like the way they think he will vote , and the ones who favor him ***mask*** to outnumber the ones who oppose him .'
False	0	extends	-3.086329460144043	extend	-3.0582127571105957	b'the obsessed coding i built actually from them in the first chair ***mask*** because my distinguishing security who owned with them was returning out on his unknown .'
True	0	pays	1.2845357656478882	pay	1.216004490852356	b'put for a hangar of symptoms in their disaster that leads from the selection and ***mask*** quickly to the complaint fo the movie .'
True	0	begin	3.178919792175293	begins	3.091331720352173	b'stay me settle if you remain any rooms or ***mask*** anything impossible .'
True	0	consider	4.071329593658447	considers	1.4521870613098145	b'put me disrupt if you pay any fry or ***mask*** anything eager .'
True	1	create	3.8315131664276123	creates	-1.4711018800735474	b"whie i do n't postpone to the danger that the chores we deserve or die to ***mask*** no office on our context ( which i deserve is routinely sensitive ) , it does wear me whenever politics reflect out a successful photograph of fruits to die the shuttle on ."
False	0	makes	-1.1735336780548096	make	-0.5029701590538025	b'i put the knife you won to me ***mask*** to the barcelona carter at aid ( sought in la ) .'
True	0	learns	0.9523385167121887	learn	-3.623840808868408	b'the first beer you die whenever you enjoy on freight affects that the blower surgeon routinely walks out the suspicion and ***mask*** into the roof disability .'
True	0	remembers	2.8389577865600586	remember	1.0477217435836792	b'instead adjust your citizens to promote this apparently to their blocks , and financially actually , so that the scale to make her ***mask*** automatically .'
False	0	appears	-2.211174964904785	appear	0.17080867290496826	b'because of the volume that his sunny paradise with dhaka angie had promised him , he became laptops mere as : " you can recommend a sickness and a scientist , eight forgiveness you ca n\'t commit ***mask*** whenever you \'re recent already " and raised postcards to the " vi jafar " paper hunting that " forth he felt medieval missiles to deliver previously slick as a supervisor " .'
True	0	goes	10.200501441955566	go	6.361327648162842	b'well , unless of course the third compressor he put in the car ***mask*** out .'
False	1	allow	-0.3003474771976471	allows	0.3033660650253296	b'i realize the wars on which i should revise your hunt ***mask*** : ( a ) do you prescribe a catastrophic week about the racing to collective flank countries fallen by eurasia ireland ?'
True	0	deserve	3.534437656402588	deserves	2.0065407752990723	b'please remember me pick if you seem any hearings or ***mask*** anything uncut .'
True	1	believe	1.0932033061981201	believes	-3.3515076637268066	b"whie i do n't remain to the propaganda that the bombs we pick or come to ***mask*** no instability on our gentleman ( which i pale is highly municipal ) , it does preserve me whenever rules wash out a revolutionary justification of lions to clarify the bean on ."
True	0	writes	5.554884910583496	write	0.8583738803863525	b'beware for a theme of snakes in their stylist that cares from the neighbor and ***mask*** strongly to the membership fo the torch .'
True	0	insists	-2.9821794033050537	insist	-4.1008477210998535	b'the angry cancer to melt for surgical ***mask*** to hop three , or your vehicle gown pork handful , and achieve .'
skipping is/are
True	0	happens	-0.5949024558067322	happen	-2.6121208667755127	b'a dorsey dad arrayed in capricorn billion ***mask*** , " due to its trial astride the walker lanka , orleans has strictly been a bus to the type .'
True	0	remains	5.778876781463623	remain	5.104391574859619	b'as you proceed above the bakery , the staff of the beloved streak seems your strife and ***mask*** you remain stronger and clearer .'
True	0	create	0.45216304063796997	creates	-3.8401150703430176	b'sales usually : cass four through university thirty ( expanding you wash on the monkey we tolerate and ***mask*** quietly to grandson the conviction after we tolerate )'
True	0	refer	0.775170087814331	refers	-1.647283673286438	b'forces indeed : rahman twenty through atta thousand ( obtaining you pay on the wasp we hear and ***mask*** willingly to conspiracy the rejection after we spend )'
True	1	suggest	4.116518020629883	suggests	1.7703286409378052	b"whie i do n't forget to the government that the videos we believe or pay to ***mask*** no exploration on our butterfly ( which i tell is politically manned ) , it does digest me whenever genitals learn out a powerful button of burgers to want the notification on ."
True	0	define	3.6954777240753174	defines	-0.2916550636291504	b'watch me choose if you make any surprises or ***mask*** anything advanced .'
True	2	observe	-4.438855171203613	observes	-4.601902484893799	b'the able tough marketers that seldom would describe from calf ***mask*** furnace , compliance , penalty , platform , consistent bakery and bankrupt newspapers of birds and holidays -- democratic as the grill wasp .'
False	0	pays	-3.932509422302246	pay	-0.5956899523735046	b'if you see a lot who will vary to you and compete he will arrange and then carry his today , and not thank what he is preparing about whenever he holds leaders at efficient secretaries and ***mask*** they include what you choose , whenever they will not communicate for you , prepare to this landlord ... he is the information for you .'
True	1	enjoy	0.1226424053311348	enjoys	-0.7578046321868896	b'additional grandchildren that thereby would reduce ***mask*** friends , birthday , hubbard dresser and some deaths of towels .'
False	1	believe	2.765252113342285	believes	2.998250722885132	b'but eager launchers do digest the relationship they tell he will conclude , and the appropriations who put him ***mask*** to endanger the attorneys who apologize him .'
True	0	reports	10.955331802368164	report	7.5422468185424805	b'a milnet brief issued in february 2005 ***mask*** , " due to its position astride the persian gulf , iran has constantly been a threat to the gulf .'
False	0	develops	-2.8727188110351562	develop	-1.5101715326309204	b'if you continue a coast who will miss to you and seem he will attend and then come his language , and not climb what he is telling about why he sends gifts at accurate services and ***mask*** they insist what you put , why they will not pay for you , make to this wording ... he is the expansion for you .'
skipping is/are
False	0	enjoys	-6.780402183532715	enjoy	-3.657923460006714	b'the eligible jihad i fell extremely from them in the first camera ***mask*** because my digital cake who agreed with them was causing out on his overwhelming .'
True	0	enjoys	-1.435556173324585	enjoy	-1.6593647003173828	b'the strongest growth you can censor in aldo ***mask*** to recommend to a clothing .'
True	0	realise	-3.090383291244507	realises	-3.195796489715576	b'i decide we willingly prefer the hamster and ***mask*** to mcdonald .'
True	0	provides	-0.7740070819854736	provide	-2.3600778579711914	b'again argue your budgets to revise this afterward to their tools , and willingly environmentally , so that the scam to commit her ***mask*** abroad .'
True	0	grows	8.085554122924805	grow	3.7859411239624023	b'this dove of vision submits around the pyramid s creation and drinks and ***mask*** a monkey for the flood eventually on the network of the mayor in preacher of role daughters .'
True	0	create	3.620147943496704	creates	2.2727549076080322	b'please specify me receive if you collaborate any lights or ***mask*** anything indefinite .'
True	0	relate	5.044971942901611	relates	2.4807090759277344	b'if you reflect any papers or ***mask*** any info approximately accordingly , please hesitate balochistan corp at four or fei sadat at billion .'
False	0	insists	-1.7279068231582642	insist	-0.7498488426208496	b'the strongest cake you can spell in archibald ***mask*** to raid to a wording .'
True	0	tosses	-1.8547108173370361	toss	-3.1311397552490234	b'watch for a gallery of links in their midst that becomes from the hospitality and ***mask*** nowadays to the nightmare fo the server .'
True	2	allow	-0.38511160016059875	allows	-0.6692400574684143	b'the ancient dumb debtors that nowadays would receive from transition ***mask*** poverty , paradise , justice , gym , weak millet and familiar files of movies and currents -- fashioned as the bart radar .'
False	0	carries	-1.1715047359466553	carry	-0.9592578411102295	b'an outward assassination imprisoned in trillion ***mask*** there agree seven " cm " in the august operations , but urban posters are maybe safer than this .'
True	0	refuses	1.3747261762619019	refuse	-1.6119089126586914	b'the first disgrace you serve why you oppose on chase objects that the ticket campaign respectfully happens out the lens and ***mask*** into the conflict wasp .'
False	0	spills	1.8697365522384644	spill	3.136837959289551	b'the first thing you notice when you arrive on location is that the waiting line literally goes out the door and ***mask*** into the parking lot .'
False	0	responds	-1.6985200643539429	respond	-1.336311936378479	b'actually enjoy your cheques to remember this especially to their vests , and frankly onboard , so that the medicine to compel her ***mask*** indoors .'
True	0	includes	4.770246982574463	include	4.327991008758545	b'the first tape you require why you anticipate on date ***mask*** that the profile supplier mostly creates out the discomfort and reflects into the fist husband .'
True	0	need	12.740997314453125	needs	10.541563034057617	b'let me know if you have any questions or ***mask*** anything else .'
True	0	creates	3.151158332824707	create	0.5227127075195312	b'the first spine you serve why you anticipate on northeast enjoys that the discount judgment locally contains out the lamp and ***mask*** into the sentiment client .'
True	0	assumes	5.543608665466309	assume	3.28621768951416	b'unfortunately , the unexpected expertise signed for interest ***mask*** whether our epc ( the urban opportunity and thereby the influence they collaborate to warn ) is or enjoys not an eligible boyfriend under the discovery .'
True	0	includes	3.652662515640259	include	3.2733242511749268	b"the coup to destroy in habitation ***mask*** that dwarf important provinces and republicans and rude hard people are tired to come badly virtually ready to the ayatollah in art than al - cass organisations , and it would be courteous to reduce one 's introductions off the delighted longevity ."
True	0	assume	0.8186532258987427	assumes	-0.12842322885990143	b'they importantly include if you throw discount in your tire , ( for reptiles like me ) , they sell an edit of the beginner and ***mask*** neurological expectations to bless .'
skipping is/are
True	1	receive	5.766582489013672	receives	3.4182732105255127	b"whie i do n't marry to the golf that the crews we refer or deny to ***mask*** no artwork on our volume ( which i come is virtually severe ) , it does pick me whenever transfers seem out a memorable tool of birds to retaliate the clay on ."
False	0	serves	1.6429309844970703	serve	2.1411895751953125	b'if you tend a news who will put to you and greet he will assess and then recruit his gravy , and not recruit what he is stepping about why he remembers hijackers at investigative minutes and ***mask*** they affirm what you condemn , whenever they will not spawn for you , groom to this pup ... he is the audience for you .'
True	0	recommend	3.1081058979034424	recommends	2.2836813926696777	b'if you receive any words or ***mask*** any appearance accidentally actively , please prepare germany brooklyn at trillion or colorado beth at three .'
True	0	decide	3.0407769680023193	decides	-1.2187421321868896	b"mechanics who meet these updates ***mask*** at the item everywhere ; and it 's subtle to decide they are aged and timely to begin no if they throw there would recover a status ."
True	0	happens	2.6762123107910156	happen	-3.2418601512908936	b'this merger of feedback brings around the grain s shuttle and moderates and ***mask*** a diarrhea for the threat exponentially on the currency of the diversion in woman of pipe graphics .'
False	0	suggests	4.430905818939209	suggest	5.016972541809082	b'if you seem a panel who will demonstrate to you and hire he will immigrate and then verify his magnitude , and not determine what he is helping about whenever he believes marketers at educated bands and ***mask*** they affirm what you die , whenever they will not spawn for you , notify to this foreigner ... he is the unwillingness for you .'
False	1	operates	-3.2652370929718018	operate	-1.23588228225708	b'the historical voting movements wash there ***mask*** breathe to the passport .'
True	0	belongs	1.0973975658416748	belong	-2.1375210285186768	b'this flipping of news depends around the racism s county and colleagues and ***mask*** a coast for the culture unfortunately on the satisfaction of the difference in paperwork of merger postings .'
True	0	enjoys	-0.6700763702392578	enjoy	-1.0330400466918945	b'the hardest blog you can begin in edwin ***mask*** to pursue to a tank .'
True	0	grows	6.546482563018799	grow	2.232038736343384	b'as you collaborate above the machine , the tsunami of the cruel lamb receives your cave and ***mask*** you remember darker and darker .'
False	0	operates	-3.088409662246704	operate	-3.031320571899414	b'the arrogant math i grabbed actually from them in the first streak ***mask*** because my polygamous balcony who expected with them was reviewing out on his arrogant .'
True	0	develops	2.3562521934509277	develop	1.8929111957550049	b'this platform of queen serves around the couch s colony and grandchildren and ***mask*** a failure for the detective already on the pact of the gown in palace of sovereignty quotes .'
False	0	continue	5.852415084838867	continues	6.223361492156982	b'i become this endless supporter and ***mask*** to compel this nervous allocation .'
True	0	enjoys	0.47261810302734375	enjoy	-1.1579005718231201	b'the annoying corporate degree i have registered ***mask*** that in the luncheon of osama eighteen teacher of the mold is apparently traced in the turkey the moon before the vet , this stuff communicated after the substantial magazine .'
True	0	decides	-0.5220475792884827	decide	-1.8660404682159424	b'a santa scenario advised in drew four ***mask*** , " due to its server astride the forum switzerland , arabia has possibly been a clothing to the manager .'
False	0	melt	0.24703650176525116	melts	0.4635854959487915	b'go me dine if you listen any trios or ***mask*** anything electronic .'
True	1	allows	4.930434703826904	allow	1.865065336227417	b'the incorrect fatal golf that he walks ***mask*** that he rhythmically wants his fears and clearly wakes necessary with his humble wildlife .'
True	0	wants	-3.685661554336548	want	-3.7087934017181396	b'a road parent operated in miami fifty ***mask*** , " due to its suicide astride the county nashville , edwards has generally been a clay to the consciousness .'
True	1	intends	1.4062833786010742	intend	-2.487123489379883	b'the occasional forthcoming surgery that he keeps ***mask*** that he somehow drops his capabilities and directly reads necessary with his spectacular perfection .'
False	0	expects	-1.7668863534927368	expect	-0.3355175852775574	b'the first clue you want why you assume on cooperation ***mask*** that the store proposal frequently brings out the decor and reflects into the penny flank .'
True	0	creates	4.16903018951416	create	0.7747259736061096	b'it plays the team for situation egg and ***mask*** , \xe2\x80\x9c we are financed that the petersen should not evacuate with possible - reviewer historians who seek to deliver and lace halfway and effectively in the provisions , remarks , and daughters of beneficial duration . \xe2\x80\x9d'
True	0	represent	-0.8579633235931396	represents	-4.221687316894531	b'rules extremely : warren thousand through ashcroft thirty ( arising you see on the life we spend and ***mask*** warmly to recommendation the loading after we sell )'
True	0	require	5.616438388824463	requires	3.3172152042388916	b'follow me prepare if you continue any squadrons or ***mask*** anything international .'
True	0	relates	0.7740715146064758	relate	-0.657065749168396	b'as you seek above the navy , the detail of the friendly section provides your forgiveness and ***mask*** you circulate clearer and lighter .'
False	0	expects	-3.483771800994873	expect	-0.6504756808280945	b'my buildup with acting the scholarship forth ***mask*** , could it be arrested that thus everyone drove the hoax would or could exist at any weekend , since we particularly built california and saudis and if they headed they might have completed a familiar destruction ??'
True	0	generates	-2.538092613220215	generate	-4.9293904304504395	b'an aerial ego advised in three ***mask*** there assume four " cases " in the england ages , but unbelievable traders are firmly warmer than this .'
True	0	manages	0.33861130475997925	manage	-1.2278149127960205	b'as you collaborate above the target , the reliability of the severe publication melts your merchant and ***mask*** you require safer and clearer .'
True	0	intend	0.5162799954414368	intends	-1.3211665153503418	b'they easily expect if you meet surface in your tonnage , ( for sites like me ) , they throw an artillery of the predator and ***mask*** downstream extinctions to meet .'
True	0	begins	6.5085649490356445	begin	2.6941328048706055	b'can you affect that the laptop we are preparing ***mask*** toward a distinguishing and certain cafeteria ?'
False	1	extend	-1.384366512298584	extends	0.1751004457473755	b'the additional peoples we sell in our coordination ***mask*** ; we condemn paperwork council for easter , surface tip and throat - butt for kabul .'
True	0	adds	0.8613161444664001	add	0.724859356880188	b'my threat with expecting the reaction directly ***mask*** , could it be eliminated that totally everyone led the tap would or could avoid at any period , since we highly loved virginia and states and if they testified they might have documented a global sentence ??'
False	0	responds	-5.60715913772583	respond	-4.22187614440918	b'well , unless immediately rarely the third luncheon he followed in the kitten ***mask*** out .'
True	0	hears	4.435663223266602	hear	3.2208187580108643	b'it depends the trader for discomfort announcement and ***mask*** , \xe2\x80\x9c we are deployed that the heard should not adopt with conventional - conversation colleges who pose to collect and develop directly and onwards in the residents , directions , and habits of homemade curve . \xe2\x80\x9d'
True	1	indicate	0.9298496842384338	indicates	0.059352949261665344	b'the absurd chores we meet in our radar ***mask*** ; we lose region plate for easter , stream fantasy and ceiling - clan for leach .'
True	1	have	19.979604721069336	has	15.155803680419922	b"whie i do n't subscribe to the notion that the things we watch or listen to ***mask*** no effect on our behavior ( which i think is patently rediculous ) , it does bother me when people single out a specific group of people to pin the blame on ."
True	0	demonstrates	-3.1337995529174805	demonstrate	-6.303506851196289	b'well , unless almost halfway the third confidante he signed in the criticism ***mask*** out .'
True	0	reflect	1.135872483253479	reflects	-0.948702335357666	b'if you believe any grandchildren or ***mask*** any exam afterward occasionally , please see louisiana murphy at sixteen or sue berlin at seven .'
True	0	makes	3.22163987159729	make	0.6845290064811707	b'it relates the majority for belief aircraft and ***mask*** , \xe2\x80\x9c we are purchased that the regulatory should not overcome with strong - pump differences who continue to pick and revise forth and onwards in the sanctions , countries , and losses of weird perfection . \xe2\x80\x9d'
True	0	create	5.159642696380615	creates	2.768725872039795	b'please delete me wrap if you believe any favorites or ***mask*** anything unprecedented .'
skipping is/are
True	0	want	14.851231575012207	wants	9.774778366088867	b'i dislike this urban society and ***mask*** to leave this whole enviroment .'
True	0	deliver	6.186081886291504	delivers	1.0966062545776367	b'prices incomplete : lake nine through industry seven ( acquiring you receive on the photograph we pose and ***mask*** directly to lodging the horse after we pose )'
True	0	generates	9.365245819091797	generate	6.613790035247803	b'this clerk of luck represents around the snow s swing and controllers and ***mask*** a revenue for the nightmare accidentally on the receipt of the club in tribe of decision seconds .'
False	0	allows	-1.4024579524993896	allow	-1.0621705055236816	b'my dentist with arriving the hatred solely ***mask*** , could it be arrested that regularly everyone heard the hole would or could arrive at any jaw , since we firmly needed bbc and pigs and if they remembered they might have purchased a critical software ??'
False	1	explain	-1.1812502145767212	explains	0.5288170576095581	b'i want the chores on which i should develop your website ***mask*** : ( a ) do you translate a willing mother about the context to tall laptop kids built by austin amy ?'
True	0	write	4.40392541885376	writes	1.3168847560882568	b'please make me remain if you pay any devices or ***mask*** anything independent .'
False	0	intends	4.700723648071289	intend	4.845363140106201	b'the sole liberty i murdered this vision ***mask*** to exploit anyone comparing this if they condemn of some retaliation i can prefer marry a star to this today today .'
True	0	seek	-0.5402787923812866	seeks	-1.818376898765564	b'you assume the picketing and ***mask*** tube signature into the welfare .'
True	0	understands	6.164519786834717	understand	5.311818599700928	b'the first manager you die whenever you indicate on recovery ***mask*** that the cork disintegration never drops out the curse and tells into the gem failure .'
True	0	admits	-2.744436740875244	admit	-3.034113883972168	b'the cheapest hunt you can join in atta ***mask*** to tend to a stadium .'
True	0	chooses	0.9055960178375244	choose	-0.5333560705184937	b'can you oppose that the logo we are bringing ***mask*** toward a respective and boring recovery ?'
False	0	reflects	-2.38031268119812	reflect	-1.109195590019226	b'see for a petroleum of reviewers in their junk that submits from the date and ***mask*** really to the police fo the looting .'
True	0	reflect	2.5045790672302246	reflects	1.230546236038208	b'come me create if you tell any records or ***mask*** anything ugly .'
True	1	explain	-2.4048399925231934	explains	-5.2053141593933105	b'irish tables that personally would customize ***mask*** spaces , satellite , financial behalf and some temples of curtains .'
False	0	produces	-0.124946728348732	produce	0.8678451180458069	b'the first provision you suck why you agree on bunch includes that the disgrace cancer frankly brings out the chili and ***mask*** into the trader scale .'
False	1	intend	-2.7306628227233887	intends	-1.1910409927368164	b'i begin the waters on which i should continue your toy ***mask*** : ( a ) do you disrupt a same sect about the lot to fortunate description capsules served by ivan arabic ?'
True	0	chooses	2.594383478164673	choose	-0.23267628252506256	b'can you exist that the border we are seeking ***mask*** toward a valid and various gun ?'
True	0	admits	2.7874059677124023	admit	2.6011476516723633	b"the surplus to bother in version ***mask*** that huge excellent lions and travels and shocked judicial compliments are lethal to hire badly certainly tired to the andaman in abdel than al - blue attorneys , and it would be virtual to develop one 's others off the barren convention ."
True	0	goes	14.095549583435059	go	9.464584350585938	b'look for a lot of stripes in their head that starts from the beak and ***mask*** back to the back fo the bird .'
False	2	appear	-3.3776090145111084	appears	-2.755209445953369	b'the effeminate sensitive years that never would recreate from backup ***mask*** painter , satellite , cheese , vet , typical surface and democratic connections of temperatures and resolutions -- rural as the leo kidney .'
True	0	decides	1.3260498046875	decide	-1.3531577587127686	b'can you expire that the ground we are happening ***mask*** toward a partial and soothing custody ?'
True	0	manage	1.2636308670043945	manages	-1.0101890563964844	b'you indicate the lettuce and ***mask*** nomination piece into the planet .'
True	0	appears	7.262465953826904	appear	6.405214309692383	b'the strongest grave you can warn in alexandria ***mask*** to reopen to a channel .'
True	0	operates	1.4919676780700684	operate	1.1536023616790771	b'the absolute payable lighting i have contributed ***mask*** that in the suggestion of iaea eighteen landlord of the creativity is increasingly traced in the lieutenant the password before the telephone , this swing deleted after the diplomatic condominium .'
True	0	represents	-0.3476142883300781	represent	-2.443352699279785	b'an agreeable insight executed in fifty ***mask*** there add billion " weapons " in the abdul israelis , but underage commanders are slowly healthier than this .'
True	0	allows	-0.7254472970962524	allow	-1.5268909931182861	b'the intense diversion i passed ago from them in the first mistake ***mask*** because my historical position who appeared with them was receiving out on his awful .'
True	0	serves	5.377810955047607	serve	-0.6449217796325684	b'this character of brass sends around the growth s spa and choices and ***mask*** a shit for the reality indoors on the decor of the bug in contrast of soul fights .'
True	0	tosses	2.1999998092651367	toss	-0.16557681560516357	b'if you laugh a worship who will migrate to you and marry he will execute and then remove his mankind , and not migrate what he is growing about why he continues balls at impressionist trips and ***mask*** they expect what you seek , why they will not circulate for you , prepare to this patronage ... he is the office for you .'
True	0	deserve	4.113185882568359	deserves	3.2302980422973633	b'put me decide if you condemn any days or ***mask*** anything exceptional .'
True	0	sucks	-3.61337947845459	suck	-3.718514919281006	b'an amusing invitation arrived in five ***mask*** there oppose four " thousands " in the afghanistan appropriations , but invasive rats are still cheaper than this .'
True	0	grows	17.477018356323242	grow	15.45132827758789	b'also encourage your recipients to forward this along to their contacts , and so on , so that the movement to help her ***mask*** exponentially .'
False	1	operate	-2.5155234336853027	operates	-1.5353455543518066	b'i refer the facts on which i should raid your farce ***mask*** : ( a ) do you serve a joint congregation about the grill to gentle floor habits meant by edt electoral ?'
True	0	delivers	-0.8444080948829651	deliver	-2.441601037979126	b'otherwise include your meals to prefer this incredibly to their photos , and however approximately , so that the stranger to destroy her ***mask*** efficiently .'
True	1	include	7.080499649047852	includes	5.019931793212891	b'i listen the packages on which i should provide your chapel ***mask*** : ( a ) do you wash a vital hole about the perfume to fundamental locker stages kept by arabia atomic ?'
True	0	operates	2.4567410945892334	operate	0.4943029582500458	b'the independent constant democracy i have reduced ***mask*** that in the palace of autumn eight kid of the violence is afterward checked in the pub the furnace before the coordination , this notion printed after the competitive fashion .'
False	0	adds	-3.0870816707611084	add	-2.9300084114074707	b'the unprecedented cash to choose for global ***mask*** to defend fifty , or your moment tent car reptile , and accept .'
False	0	understands	3.055908679962158	understand	4.089310169219971	b'especially , the impressionist acupuncture designated for embarrassment ***mask*** whether our account ( the ecological application and thus the opportunity they spend to postpone ) is or affects not an essential kindness under the ranch .'
False	0	agrees	-2.7943403720855713	agree	-0.4531548023223877	b'because of the coordination that his tribal deck with nov ukraine had spent him , he continued hundreds humble as : " you can respond a conflict and a movement , eighteen tuna you ca n\'t define ***mask*** whenever you \'re meaningful also " and demonstrated collages to the " laurie levitt " partner promoting that " quickly he visited shiite proponents to pour slightly tolerable as a warning " .'
True	0	generate	1.687303900718689	generates	-0.11696195602416992	b'birds suffer the example but ***mask*** her frightening cake and the landing progresses .'
True	0	deserves	0.03651152551174164	deserve	-3.3512699604034424	b'it thinks the resolution for pain instructor and ***mask*** , \xe2\x80\x9c we are perceived that the janet should not implement with reasonable - carrier reservations who spend to make and spawn personally and abruptly in the rabbits , salads , and partnerships of fashioned database . \xe2\x80\x9d'
True	0	believes	0.11268164217472076	believe	-3.934788465499878	b'can you interfere that the boulevard we are bleeding ***mask*** toward a municipal and marvelous pursuit ?'
skipping is/are
False	1	employ	1.7236555814743042	employs	1.788740634918213	b'the empty ft we prefer in our religion ***mask*** ; we become trend responsibility for easter , police conclusion and target - landlord for finland .'
False	0	adds	0.6203157305717468	add	2.019570827484131	b'the annoyed custody to retaliate for technical ***mask*** to monitor two , or your priest foreigner rejection flank , and introduce .'
False	0	includes	5.260793209075928	include	5.370397567749023	b'the advanced crucial container i have chosen ***mask*** that in the discretion of ei eighteen station of the rain is onshore banned in the blower the substance before the feeder , this compensation felt after the retarded doctor .'
True	0	makes	3.9226348400115967	make	-0.07335244119167328	b'it wakes the king for ball alarm and ***mask*** , \xe2\x80\x9c we are signed that the mohammed should not impose with messy - prayer minds who become to preserve and recruit widely and unanimously in the restrictions , civilians , and standards of compatible spreadsheet . \xe2\x80\x9d'
True	1	suck	-0.19072851538658142	sucks	-3.459071159362793	b"whie i do n't register to the leash that the partnerships we learn or provide to ***mask*** no acceptance on our guest ( which i laugh is historically spiritual ) , it does reflect me whenever difficulties represent out a considerable transition of bodies to produce the sales on ."
True	0	spends	1.2629170417785645	spend	-0.8583849668502808	b'extremely adjust your centres to listen this aggressively to their budgets , and completely officially , so that the propaganda to remove her ***mask*** underneath .'
False	0	affirms	0.8096890449523926	affirm	0.8096890449523926	b'the happy discharge i seized this vision ***mask*** to assist anyone dispersing this if they tend of some transaction i can retrieve perform a buildup to this plan chess .'
True	0	toss	1.6223642826080322	tosses	1.3418834209442139	b'come me throw if you pay any moors or ***mask*** anything unlimited .'
True	0	carry	3.2707600593566895	carries	-3.473449945449829	b'i continue this illegal bombing and ***mask*** to hang this popular exam .'
False	0	understands	-3.0419116020202637	understand	-0.011557728052139282	b'my registration with achieving the prosecution pursuant ***mask*** , could it be agreed that politely everyone flew the branch would or could impress at any tabs , since we primarily flowed ham and computers and if they blended they might have cooked a healthy mouth ??'
True	0	come	3.2732040882110596	comes	1.8482948541641235	b'if you develop any fans or ***mask*** any invoice apart automatically , please see troy carnegie at two or singer wood at seven .'
True	0	provide	4.619229793548584	provides	2.4969420433044434	b'go me listen if you pose any firms or ***mask*** anything ethnic .'
False	1	explain	-6.449735641479492	explains	-5.735124111175537	b'irish spurs that predominantly would reflect ***mask*** ships , penny , lynch beach and some deaths of rebels .'
True	0	meet	4.389242649078369	meets	-0.7407580018043518	b'beware me digest if you throw any couples or ***mask*** anything edible .'
skipping is/are
True	1	expects	4.6335978507995605	expect	3.358004570007324	b'the economic functional murderer that he writes ***mask*** that he particularly goes his cabins and surely cares fabulous with his difficult gem .'
True	1	remain	6.282369613647461	remains	0.6889830827713013	b"whie i do n't communicate to the pilot that the speakers we choose or suggest to ***mask*** no inquiry on our worker ( which i require is wholly scientific ) , it does remind me whenever requests seek out a temporary bench of helicopters to prescribe the deadline on ."
True	0	ensure	0.8431776165962219	ensures	-0.6163315773010254	b'they extremely add if you make route in your wager , ( for gains like me ) , they begin an attraction of the sheet and ***mask*** naked appropriations to wander .'
False	0	understands	1.1871118545532227	understand	3.6774871349334717	b'the unacceptable privileged photography i have filled ***mask*** that in the kidney of agra eighteen complaint of the voting is individually described in the career the journey before the tug , this therapy paid after the tripartite harness .'
False	0	sees	1.1912174224853516	see	2.3164827823638916	b'actually adjust your hens to meet this obviously to their references , and still abroad , so that the difficulty to deserve her ***mask*** approximately .'
False	1	extend	-1.330542802810669	extends	-0.39478152990341187	b'i refuse the volumes on which i should cancel your country ***mask*** : ( a ) do you donate a frustrating satisfaction about the context to soft surface drugs noticed by ontario aires ?'
True	0	ensures	6.787882328033447	ensure	5.321536064147949	b'the first facility you carry whenever you oppose on sympathy ***mask*** that the pocket garage super receives out the paw and lasts into the grave flooding .'
True	0	assumes	5.692927837371826	assume	3.6401734352111816	b'the awful busy breeder i have passed ***mask*** that in the rabbit of iceland eighteen spa of the campaigning is otherwise kept in the proportion the flipping before the hotel , this carbon turned after the big web .'
False	0	recommends	1.2161632776260376	recommend	1.3665363788604736	b'as you suffer above the provision , the plenty of the superior migrant goes your drama and ***mask*** you contain newer and clearer .'
True	0	has	14.666176795959473	have	8.909553527832031	b'this type of harness goes around the dog s chest and legs and ***mask*** a clip for the leash up on the back of the dog in middle of shoulder blades .'
True	0	visit	9.01060962677002	visits	6.112611770629883	b'dignitaries condemn the act but ***mask*** her bereaved family and the money flows .'
True	1	enjoy	-2.423086643218994	enjoys	-2.4867377281188965	b'the academic grandparents we proceed in our channel ***mask*** ; we pose market none for easter , flipping reputation and scam - tonight for chechnya .'
True	2	include	13.937989234924316	includes	11.507067680358887	b'the important commercial species that probably would benefit from warming ***mask*** cod , haddock , saithe , herring , blue whiting and several types of flatfish and crustaceans -- such as the norway lobster .'
True	0	hears	0.6777452230453491	hear	0.2865046262741089	b'even adjust your prices to begin this indeed to their dividends , and carefully aggressively , so that the route to dine her ***mask*** incorrectly .'
False	0	fails	-0.9377231001853943	fail	-0.5774051547050476	b'a reserve forum anticipated in lanka fifty ***mask*** , " due to its vet astride the warner carnival , assembly has fairly been a whim to the client .'
False	0	enjoys	-6.190787315368652	enjoy	-3.9652493000030518	b'the automatic traveler i threw eventually from them in the first consumption ***mask*** because my fortunate crime who appreciated with them was looking out on his ambitious .'
True	0	comes	7.304337501525879	come	5.630725383758545	b'can you interfere that the spring we are joking ***mask*** toward a same and reasonable medicine ?'
True	0	ensure	3.8752732276916504	ensures	-1.6635005474090576	b'they exponentially indicate if you carry bull in your panic , ( for lions like me ) , they laugh an extent of the field and ***mask*** similar affairs to bless .'
True	0	continue	6.933338642120361	continues	2.2212061882019043	b'i hear we possibly pick the milk and ***mask*** to lebanon .'
False	0	tends	0.14733044803142548	tend	0.7518922090530396	b'i remain the salsa you preceded to me ***mask*** to the belgium pew at europe ( ran in nicobar ) .'
True	0	operates	-1.755020260810852	operate	-2.382244348526001	b'the unaware site to click for mobile ***mask*** to withdraw six , or your cousin magazine warranty snack , and owe .'
False	0	includes	1.057025671005249	include	1.778577208518982	b'my dad with establishing the protein surely ***mask*** , could it be approved that publicly everyone lacked the tug would or could exceed at any permission , since we roughly drafted philip and tamils and if they felt they might have needed a meticulous directive ??'
True	1	develop	3.0950748920440674	develops	-2.5760693550109863	b'but unacceptable demons do compel the route they propose he will grow , and the agreements who provide him ***mask*** to obtain the appropriations who exist him .'
False	0	produces	-3.312025308609009	produce	-0.4692710041999817	b'i consider the dominance you replied to me ***mask*** to the kennedy coogan at april ( tried in kim ) .'
True	1	reflect	1.1814794540405273	reflects	-3.6071319580078125	b'but attentive hosts do harass the fan they manage he will recreate , and the implications who wash him ***mask*** to emit the establishments who expect him .'
True	1	agrees	3.8939106464385986	agree	0.9719645977020264	b'the inappropriate romantic diversion that he submits ***mask*** that he honestly demonstrates his fundamentalists and gently follows necessary with his visible correction .'
True	0	beg	-3.6202447414398193	begs	-4.668197154998779	b'find me retake if you develop any publications or ***mask*** anything optimistic .'
True	0	relates	2.130512237548828	relate	-2.0978870391845703	b'the first pig you carry whenever you eat on possibility exists that the scrap photographer downhill lasts out the punishment and ***mask*** into the sensitivity shame .'
True	1	appear	-1.0525351762771606	appears	-2.8985376358032227	b'antique spurs that greatly would testify ***mask*** contents , chairman , portugal profile and some liberties of cartoons .'
True	0	observes	6.599130153656006	observe	3.9639203548431396	b"the rebel to hire in sensitivity ***mask*** that many afraid strategies and seas and respective retired birds are basic to pour badly partly brave to the ukraine in israel than al - berlin utensils , and it would be neat to fill one 's affairs off the gentle convenience ."
True	0	need	12.472606658935547	needs	10.279273986816406	b'please let me know if you have any questions or ***mask*** anything else .'
True	0	enter	4.342705726623535	enters	-0.1765906810760498	b'they indefinitely operate if you hear master in your time , ( for hijackers like me ) , they lose an environment of the consistency and ***mask*** narrow earthworms to prepare .'
True	0	compares	-1.2167298793792725	compare	-3.049269914627075	b'an external origin authorized in sixteen ***mask*** there assume seven " kilometres " in the ana arabs , but impeccable countries are possibly lighter than this .'
True	0	manage	6.962708473205566	manages	1.7554864883422852	b'ladies initially : jeremy two through electoral three ( expanding you manage on the purpose we listen and ***mask*** rarely to thread the cat after we listen )'
True	0	explains	2.7826194763183594	explain	2.700187921524048	b'the recent wording i tried this jar ***mask*** to evacuate anyone telling this if they proceed of some stylist i can postpone seem a decor to this document report .'
False	0	includes	0.8575863838195801	include	1.1213632822036743	b'the asymmetrical wager i blew indeed from them in the first bench ***mask*** because my dumb friendship who ordered with them was suggesting out on his electrostatic .'
True	0	seeks	5.066343784332275	seek	1.2972636222839355	b'as you laugh above the compliance , the theater of the latter source develops your section and ***mask*** you reassure taller and clearer .'
False	0	begs	-3.464035987854004	beg	-1.1937578916549683	b'i seem the manner you called to me ***mask*** to the croatia grill at amsterdam ( said in teresa ) .'
True	0	refers	4.558024883270264	refer	-0.8214313387870789	b'can you approve that the rivalry we are joining ***mask*** toward a suspicious and privileged disaster ?'
False	1	intend	-3.557633638381958	intends	-2.9187510013580322	b'i recognize the dollars on which i should revise your band ***mask*** : ( a ) do you communicate a valid predator about the lifeboat to constant mystery cats strengthened by antichrist autumn ?'
True	0	begins	2.910799980163574	begin	0.3445793092250824	b'come for a team of women in their guerilla that generates from the cabinet and ***mask*** mostly to the cave fo the propane .'
True	0	belong	-1.7504265308380127	belongs	-3.255690097808838	b'judges laugh the imprisonment but ***mask*** her monthly wire and the neighborhood relates .'
False	0	understands	2.0796027183532715	understand	3.228369951248169	b"the wing to concur in reduction ***mask*** that retired antique courses and rockies and preventive full deer are tragic to describe soon historically hospitable to the ontario in ontario than al - sharon alternatives , and it would be fashioned to collect one 's utilities off the senior feedback ."
True	0	remember	0.728943407535553	remembers	-4.474346160888672	b'you apply the toy and ***mask*** fighter hair into the blackmail .'
True	0	dies	1.4710577726364136	die	-1.3071974515914917	b'this conviction of homosexuality melts around the team s neighbor and militants and ***mask*** a director for the jerk importantly on the beard of the lunch in weapon of law thieves .'
True	1	includes	6.333156108856201	include	5.539355278015137	b'the unable forthcoming hospitality that he deserves ***mask*** that he strongly sees his prisoners and necessarily writes diplomatic with his northeastern wasp .'
True	0	require	4.907802581787109	requires	2.1681740283966064	b'learn me miss if you carry any whereabouts or ***mask*** anything unbelievable .'
True	0	delivers	2.3637375831604004	deliver	-0.059786729514598846	b'can you enable that the contribution we are checking ***mask*** toward a generic and controversial cage ?'
True	0	hears	2.551814556121826	hear	0.3352110981941223	b'an unknown alert aggravated in nine ***mask*** there oppose three " genitals " in the andre ages , but unpopular standards are roughly happier than this .'
True	0	want	3.1549155712127686	wants	-3.80285382270813	b"terms who require these actions ***mask*** at the effort amazingly ; and it 's ridiculous to concur they are absolute and sunny to withdraw no if they deny there would fix a therapist ."
True	0	see	10.452648162841797	sees	4.750149250030518	b'if you meet any records or ***mask*** any army incomplete always , please hang rahman hell at three or palestine niagara at six .'
True	0	refer	0.699492335319519	refers	-0.08897662162780762	b'prices prefer the opinion but ***mask*** her primary tract and the clothing begins .'
False	0	observes	-3.485347270965576	observe	-2.8831746578216553	b'my yoga with answering the throat technically ***mask*** , could it be understood that properly everyone belonged the parent would or could establish at any swing , since we correctly warned courtney and californians and if they killed they might have saved a cruel violence ??'
skipping is/are
True	1	explain	-2.1119496822357178	explains	-4.370360374450684	b'asian traditions that hopefully would wrap ***mask*** trees , reconciliation , saddam waitress and some reservations of measures .'
False	0	throws	-2.572390079498291	throw	-0.00670696422457695	b'i remain the kid you tested to me ***mask*** to the colin coalition at okinawa ( guaranteed in loretta ) .'
True	0	adds	-2.944624900817871	add	-3.478229522705078	b'the electronic convenience i chose apparently from them in the first station ***mask*** because my functional connection who indicated with them was telling out on his undecided .'
True	0	provide	1.4707343578338623	provides	-0.005669675767421722	b'i spend this acceptable wagon and ***mask*** to prepare this regional energy .'
True	0	recommend	-0.4746716022491455	recommends	-1.1508424282073975	b'i serve we somewhat sell the fan and ***mask*** to kline .'
True	0	indicates	3.1256775856018066	indicate	2.6451895236968994	b'because of the virus that his solar photography with delivery oglethorpe had happened him , he missed producers yellow as : " you can communicate a spore and a bravery , eight menu you ca n\'t prepare ***mask*** why you \'re limp unfortunately " and stayed currents to the " taiwan canal " jail containing that " repeatedly he phoned perfect foreigners to collect warmly militant as a philosophy " .'
True	0	remains	0.727887749671936	remain	-2.5334222316741943	b'i proceed the towing you threw to me ***mask*** to the don rice at ayatollah ( folded in milan ) .'
True	0	indicates	9.123208999633789	indicate	6.291208267211914	b'the unexpected radical notification i have proposed ***mask*** that in the collateral of orr eighteen locker of the majority is immediately protected in the pasture the merger before the skill , this shame tasted after the biochemical device .'
True	0	relate	4.448530197143555	relates	-2.118149757385254	b"programs who seem these adults ***mask*** at the ideology entirely ; and it 's defensive to put they are unconnected and dead to grab no if they die there would commit a phenomenon ."
True	0	loses	2.388198137283325	lose	1.90184485912323	b'i decide the notch you began to me ***mask*** to the tiffany mcdonald at atlanta ( maintained in superfund ) .'
False	0	decides	1.1792349815368652	decide	2.1504523754119873	b'if you die a source who will represent to you and reflect he will expand and then migrate his determination , and not regret what he is hoping about whenever he depends reasons at eastern temperatures and ***mask*** they indicate what you throw , why they will not defend for you , come to this tension ... he is the affair for you .'
True	0	delivers	1.2072906494140625	deliver	-2.883873701095581	b'well , unless inevitably thus the third lease he deleted in the chapter ***mask*** out .'
True	0	generate	9.861780166625977	generates	5.310956954956055	b'if you manage any dilemmas or ***mask*** any energy occasionally overly , please continue kaufman jan at seven or lake rolling at fifteen .'
True	0	points	14.342086791992188	point	8.230513572692871	b'can you accept that the road we are travelling ***mask*** toward a grim and painful future ?'
False	1	adds	1.2517808675765991	add	2.712733268737793	b'the joint lot cases recommend there ***mask*** raid to the craft .'
True	0	includes	3.331352710723877	include	3.1138339042663574	b'the hysterical democracy i started this counsel ***mask*** to identify anyone seeking this if they provide of some preparation i can prove strengthen a recovery to this brass period .'
skipping is/are
True	0	demonstrate	1.6760464906692505	demonstrates	-0.820874810218811	b'commissioners decide the advertising but ***mask*** her delicate driver and the surplus supports .'
True	0	refuse	2.228569984436035	refuses	1.0115444660186768	b'wolves see the exclusion but ***mask*** her geographical space and the death receives .'
True	1	assume	-0.8932439088821411	assumes	-1.9542698860168457	b'the electoral parties we tolerate in our label ***mask*** ; we manage percentage tutorial for easter , climate chili and warning - rein for christianity .'
True	0	write	4.117629528045654	writes	2.374965190887451	b'wait me grow if you learn any targets or ***mask*** anything unconnected .'
True	0	lose	1.5170319080352783	loses	-2.889261484146118	b'i come we rapidly begin the tin and ***mask*** to southwest .'
True	0	require	15.326205253601074	requires	9.957924842834473	b'if you have any questions or ***mask*** any assistance at all , please contact hope duncan at 202.739.0134 or jeff mangold at 703.729.2710 .'
False	0	observes	-4.972233772277832	observe	-2.5747992992401123	b'the aware coast i requested onboard from them in the first center ***mask*** because my glad midst who enjoyed with them was seeking out on his unfortunate .'
True	0	carry	5.26167106628418	carries	2.324239730834961	b'please put me communicate if you lose any headlines or ***mask*** anything unacceptable .'
True	0	believe	5.060978412628174	believes	1.3595736026763916	b"prices who pale these astronauts ***mask*** at the enjoyment anymore ; and it 's hectic to commit they are environmental and bored to foresee no if they begin there would deliver a vegetable ."
True	2	expect	-2.067495822906494	expects	-5.788252830505371	b'the extraordinary false provinces that secretly would cancel from scrap ***mask*** protein , bunch , lifeboat , lease , visible sensitivity and terrible bottles of relatives and sales -- sensitive as the capricorn background .'
True	1	apply	-2.142011880874634	applies	-5.802158355712891	b'additional leaders that thereafter would translate ***mask*** things , property , jared combo and some lions of guidelines .'
False	0	ensures	-2.186615228652954	ensure	-0.4334297776222229	b'the interested popularity to reconsider for lax ***mask*** to retrieve six , or your professor difference criticism competition , and adjust .'
True	0	carry	5.45871639251709	carries	3.204002857208252	b'you exist the chairman and ***mask*** disease fan into the sovereignty .'
True	1	intend	-0.960631251335144	intends	-4.453470230102539	b'additional parties that frankly would conclude ***mask*** donations , custody , japan ticket and some provisions of toes .'
True	0	makes	19.27677345275879	make	14.621956825256348	b'as you sit above the world , the warmth of the golden sun penetrates your body and ***mask*** you feel warmer and warmer .'
True	0	seek	5.148388385772705	seeks	-0.004455015063285828	b'you operate the campaign and ***mask*** counsel grandson into the facility .'
True	0	loses	1.8248863220214844	lose	-2.3721749782562256	b'it refuses the council for man expectation and ***mask*** , \xe2\x80\x9c we are filmed that the lake should not enable with massive - character companies who provide to commit and revise regardless and indoors in the responsibilities , bottles , and chicks of satisfied creation . \xe2\x80\x9d'
True	0	learns	-1.514215111732483	learn	-1.670293927192688	b'an underage atrophy equipped in billion ***mask*** there intend seven " complexes " in the eurasia indians , but infinite tires are nowadays cheaper than this .'
True	0	observe	2.0845723152160645	observes	-3.215221881866455	b'they obviously anticipate if you make boy in your facility , ( for bottles like me ) , they realize an ownership of the participant and ***mask*** certified agencies to prove .'
True	0	belong	-2.435070753097534	belongs	-3.1216368675231934	b'rules listen the artwork but ***mask*** her promotional perception and the queen produces .'
True	1	intends	1.270758867263794	intend	-3.7478504180908203	b'the unsure strategic story that he tells ***mask*** that he virtually contains his bucks and currently continues necessary with his dire pleasure .'
True	0	suggest	2.1656692028045654	suggests	-2.2486817836761475	b'reports eventually : limerick fifteen through ismail nine ( emerging you listen on the coat we decide and ***mask*** sufficiently to feedback the setback after we hear )'
True	0	spend	2.9290711879730225	spends	-0.2393912523984909	b'cats provide the ownership but ***mask*** her huge manufacturer and the pup cares .'
True	0	requires	8.108316421508789	require	4.571864128112793	b'this wire of capability reflects around the commodity s trend and bombers and ***mask*** a memo for the sect eventually on the receiver of the diversion in payment of photo duties .'
True	0	allows	1.1078121662139893	allow	0.7336199283599854	b'my landing with increasing the crab traditionally ***mask*** , could it be understood that shortly everyone replaced the proportion would or could achieve at any mile , since we relatively felt messenger and fridays and if they planned they might have diagnosed a spiritual mode ??'
True	0	insists	0.2615991234779358	insist	-1.8417876958847046	b'the homemade counsel i listened this beard ***mask*** to execute anyone filling this if they throw of some letter i can vomit propose a heart to this patience cage .'
True	0	begin	3.821610927581787	begins	-0.9532559514045715	b'i continue we pursuant meet the cave and ***mask*** to lucy .'
True	0	applies	-0.4119797646999359	apply	-1.5974637269973755	b'the immediate strong parent i have lived ***mask*** that in the cafe of alito eighteen teeth of the health is abundantly monitored in the warlord the consumer before the medal , this showroom grabbed after the cute reconciliation .'
skipping is/are
skipping is/are
False	0	understands	-1.7727203369140625	understand	-1.3910459280014038	b'the first fence you laugh why you admit on coup ***mask*** that the trial life really happens out the kitchen and hates into the floor beard .'
True	0	intends	0.6868009567260742	intend	-2.725780487060547	b'usually , the insecure invoice taken for infantry ***mask*** whether our index ( the incredible invention and somehow the arrangement they see to protect ) is or objects not an identical whim under the healthcare .'
True	0	happens	3.2882070541381836	happen	1.2764892578125	b'turn for a musician of stories in their concert that belongs from the locker and ***mask*** successfully to the punishment fo the jury .'
True	0	pay	3.744720697402954	pays	-1.65864098072052	b'ladies exactly : columbia six through abramoff five ( attempting you propose on the tea we decide and ***mask*** politely to speaker the wolf after we propose )'
True	0	go	16.15482521057129	goes	10.348152160644531	b'days away : sept. 21 through oct. 3 ( assuming you work on the day we leave and ***mask*** back to work the day after we return )'
True	0	understands	3.694124937057495	understand	2.8176748752593994	b'the uncut sweet waiter i have placed ***mask*** that in the lottery of amsterdam eight trip of the language is afterward taken in the scrutiny the child before the grid , this sea published after the tall salsa .'
True	0	continue	1.4594544172286987	continues	-1.8341957330703735	b'click me wear if you suck any shelves or ***mask*** anything aortic .'
False	0	adds	-0.9807260036468506	add	0.8590331673622131	b'the smallest studio you can carry in omar ***mask*** to burn to a suggestion .'
False	0	sees	1.869813084602356	see	1.9648414850234985	b'it seems the tourist for quo identity and ***mask*** , \xe2\x80\x9c we are projected that the terry should not oppose with legislative - payout sanctions who remember to remain and communicate shortly and automatically in the tensions , temples , and messages of necessary cousin . \xe2\x80\x9d'
True	0	learns	3.183706521987915	learn	1.5494801998138428	b'bring for a heaven of weapons in their virus that reads from the master and ***mask*** smoothly to the task fo the marketing .'
True	0	throws	4.487373352050781	throw	0.7451993823051453	b'as you seem above the ton , the perfume of the critical protein provides your pattern and ***mask*** you reassure newer and taller .'
True	1	spend	7.8302531242370605	spends	0.5523879528045654	b"whie i do n't solve to the commission that the stars we choose or receive to ***mask*** no aircraft on our death ( which i want is promptly generic ) , it does generate me whenever projects carry out a relaxed spa of crimes to see the pork on ."
True	0	receive	-0.37839949131011963	receives	-2.6421759128570557	b'i propose this astounding rail and ***mask*** to pursue this naive office .'
True	0	exists	4.550211429595947	exist	2.314955711364746	b'the first proportion you collaborate whenever you exist on darkness ***mask*** that the junk tractor respectively pays out the hybrid and suggests into the permission tax .'
True	0	allows	2.2009172439575195	allow	0.39813441038131714	b'my haven with acting the character merely ***mask*** , could it be accepted that cheaply everyone grabbed the labor would or could assist at any picketing , since we regularly listened beijing and metals and if they remembered they might have titled a honest direction ??'
True	0	intends	0.7314587831497192	intend	-1.709702968597412	b'ever , the immediate absorption created for arthritis ***mask*** whether our ets ( the unknown exposure and dramatically the energy they describe to maintain ) is or understands not an angry reality under the corps .'
False	0	understands	0.18815840780735016	understand	0.20454224944114685	b'the rare reversal i called this sauce ***mask*** to attend anyone doing this if they make of some puppy i can breathe forget a bag to this thanks money .'
True	0	deserves	1.1052443981170654	deserve	-1.0395649671554565	b'i deny the brain you developed to me ***mask*** to the janice sancho at ips ( protected in mills ) .'
False	0	explains	-2.8605504035949707	explain	-0.7759857177734375	b'because of the musician that his timely comparison with ray ei had protected him , he contacted rewards solid as : " you can regret a pewter and a master , eighteen capacity you ca n\'t foresee ***mask*** whenever you \'re crucial indefinitely " and said snakes to the " prophet scotland " tension watching that " basically he belonged dear policies to wrap neatly preventive as a room " .'
True	0	suffers	1.1476186513900757	suffer	0.3246026933193207	b'the first dioxide you deny why you admit on tip enjoys that the tourism staff hereby crashes out the company and ***mask*** into the heating friendship .'
False	0	meets	-1.2905696630477905	meet	2.457432985305786	b'well , unless indeed quietly the third position he phoned in the marketing ***mask*** out .'
True	0	create	9.212491989135742	creates	7.129696369171143	b'save me discuss if you tend any conclusions or ***mask*** anything amusing .'
True	0	realise	3.3453359603881836	realises	-2.941361665725708	b"stars who recognize these attempts ***mask*** at the id incorrectly ; and it 's grand to harass they are educated and naive to reassure no if they come there would spell a direction ."
True	0	put	7.296294212341309	puts	2.841069459915161	b'you add the water and ***mask*** water conditioner into the water .'
True	0	states	15.264992713928223	state	9.062362670898438	b'it presents the case for marriage equality and ***mask*** , \xe2\x80\x9c we are resolved that the state should not interfere with same - gender couples who choose to marry and share fully and equally in the rights , responsibilities , and commitments of civil marriage . \xe2\x80\x9d'
True	0	adds	8.195693016052246	add	3.189643621444702	b"the wolf to continue in time ***mask*** that critical afghan kinds and pakistanis and dissatisfied kurdish gentlemen are romantic to harass badly faithfully tall to the andrew in ashcroft than al - lonely appointees , and it would be gullible to prove one 's ecosystems off the final sea ."
True	0	respond	2.482008457183838	responds	1.6601485013961792	b'i refer we perfectly provide the pub and ***mask*** to cst .'
True	0	suggests	14.12607479095459	suggest	10.378878593444824	b'an official estimate issued in 2003 ***mask*** there are 50,000 " foreigners " in the andaman islands , but unofficial figures are much higher than this .'
