True	1	exists	2.432608127593994	exist	0.14197826385498047	b'the organised massive skin that he depends ***mask*** that he thus sends his rights and nowadays tells lazy with his northeastern merchant .'
True	0	ensures	-3.4473798274993896	ensure	-5.197294235229492	b'because of the paperwork that his terrible father with dental alan had shared him , he saved wonders continental as : " you can retake a programming and a problem , eighteen song you ca n\'t gather ***mask*** whenever you \'re humble abroad " and discussed nostrils to the " future korea " dish removing that " primarily he said pakistani hands to reassure thus vital as a receipt " .'
True	0	admits	2.713674545288086	admit	0.9072755575180054	b'the first settlement you suggest whenever you extend on rumor ***mask*** that the premium media slowly melts out the culture and dies into the belly fever .'
True	0	spill	1.1217472553253174	spills	-0.8354371786117554	b'if you choose any holdings or ***mask*** any electricity ethnically already , please tell sarah gm at six or crawford kevin at nine .'
True	0	decide	2.2122702598571777	decides	-0.28870007395744324	b'please groom me translate if you prefer any forums or ***mask*** anything obvious .'
True	0	approves	0.6383033990859985	approve	-1.1321370601654053	b"the sauce to recruit in pastor ***mask*** that full european complexes and communists and strange jewish species are conventional to hang soon thereby violent to the amsterdam in isi than al - taiwan animals , and it would be numerous to recover one 's alarms off the governmental radar ."
True	0	operates	0.945547878742218	operate	-0.07772168517112732	b'the first loan you respond why you indicate on frequency ***mask*** that the time remainder finally belongs out the speech and pays into the zoo technology .'
True	1	insist	-2.4517600536346436	insists	-2.893683910369873	b'the ecological wines we believe in our night ***mask*** ; we come drawer today for easter , rivalry difficulty and weapon - machine for louisiana .'
True	0	deserve	0.14115555584430695	deserves	-2.405275344848633	b'please make me verify if you require any dancers or ***mask*** anything underage .'
True	0	tend	2.2399754524230957	tends	1.9550018310546875	b'i consider this adequate reputation and ***mask*** to relate this dangerous event .'
True	0	use	10.63880729675293	uses	3.9822568893432617	b'they always ask if you have meat in your dish , ( for vegetarians like me ) , they scrub an area of the grill and ***mask*** separate utensils to cook .'
True	0	adds	1.7219935655593872	add	0.851112961769104	b'the first reduction you believe why you intend on decor ***mask*** that the commission soil specifically becomes out the virus and leads into the spirit market .'
True	0	adds	-0.04494138062000275	add	-2.371363878250122	b'the effective communication to thank for romantic ***mask*** to pursue three , or your boy tumor software behavior , and encourage .'
True	1	remain	7.282486438751221	remains	1.8377715349197388	b'but unbelievable malls do describe the quiz they prefer he will replace , and the artists who remain him ***mask*** to investigate the appointments who extend him .'
False	2	explain	-0.8154053688049316	explains	-0.015880927443504333	b'the overcrowded strategic tourists that strictly would meet from meditation ***mask*** misunderstanding , bladder , poisoning , jerk , pure target and lovely rebels of marketers and cleaners -- previous as the doug snack .'
True	0	suggest	8.428972244262695	suggests	1.7707693576812744	b'if you condemn any disasters or ***mask*** any error economically afterward , please specify butcher samuel at fifteen or tet nov at six .'
True	0	tend	6.609821796417236	tends	1.2342122793197632	b'i seem we promptly suck the disaster and ***mask*** to jafar .'
True	0	represent	2.2705957889556885	represents	-0.4926392436027527	b'follow me predict if you put any publications or ***mask*** anything impenetrable .'
False	1	exist	-2.0870440006256104	exists	-1.366173505783081	b'the electrostatic fisheries we develop in our monkey ***mask*** ; we listen perspective wall for easter , planet testimony and supervisor - budget for wii .'
True	1	employ	-1.3037424087524414	employs	-2.61489200592041	b'i develop the liberals on which i should lace your gender ***mask*** : ( a ) do you pour a painful requirement about the cafeteria to delighted swap shops begun by andaman andre ?'
True	0	enters	0.20093730092048645	enter	-2.455662727355957	b'my career with using the fantasy frequently ***mask*** , could it be eaten that perfectly everyone bought the swap would or could eat at any justice , since we happily prevented veterinary and wars and if they gave they might have grown a scientific blackmail ??'
True	0	represent	-2.3683581352233887	represents	-6.657259464263916	b'i deny this expensive customer and ***mask*** to remember this costly atrophy .'
True	0	understands	3.4158215522766113	understand	3.3959782123565674	b'instead , the effective extent killed for editor ***mask*** whether our usb ( the unaware obligation and nearly the exclusion they pose to compel ) is or involves not an obvious curve under the purse .'
True	0	tells	0.8881396651268005	tell	-3.236842632293701	b'the first goodness you laugh whenever you agree on testimony appears that the discovery king presently cares out the filter and ***mask*** into the salsa competition .'
True	2	enjoy	1.2354938983917236	enjoys	-2.5141043663024902	b'the overwhelming short properties that primarily would dial from lottery ***mask*** termination , divorce , term , wagon , militant salt and downstream martyrs of methods and wounds -- soothing as the karl separation .'
True	0	dies	4.490785121917725	die	-0.7724393010139465	b'as you sell above the rape , the temper of the complicated stone feels your nature and ***mask*** you grow lighter and newer .'
True	0	makes	0.564923882484436	make	-0.4047359228134155	b'put for a button of centuries in their reviewer that pays from the defence and ***mask*** historically to the bluff fo the reaction .'
True	1	carry	1.6289218664169312	carries	-3.5619425773620605	b'but automatic millions do cancel the tutorial they dislike he will wash , and the explosives who provide him ***mask*** to argue the edges who insist him .'
False	0	expect	1.9134491682052612	expects	2.8814523220062256	b'they especially include if you die reaction in your separation , ( for transfers like me ) , they believe an investment of the teacher and ***mask*** barren officials to receive .'
True	1	assumes	9.153169631958008	assume	5.228874206542969	b'the insecure weird shelter that he suggests ***mask*** that he possibly depends his participants and vigorously blames relevant with his funny process .'
True	1	approves	0.8554869294166565	approve	0.589262843132019	b'the enjoyable huge wing that he melts ***mask*** that he generally loves his hearings and properly relates conscious with his similar difficulty .'
True	1	begin	0.6728991270065308	begins	-4.454959392547607	b"whie i do n't consider to the discussion that the cabins we wash or meet to ***mask*** no user on our corps ( which i deserve is wholly conservative ) , it does mention me why ranchers die out a prior homeland of things to hear the vulnerability on ."
True	1	include	11.737326622009277	includes	7.938965320587158	b'important species that probably would decline ***mask*** shrimp , capelin , greenland halibut and some varieties of flatfish .'
True	0	represents	-4.977400779724121	represent	-5.359568119049072	b'well , unless abruptly harshly the third siege he paid in the mosque ***mask*** out .'
True	0	tend	-0.8175228834152222	tends	-4.956007480621338	b'if you laugh any flowers or ***mask*** any omnibus incredibly entirely , please breathe fred gerald at twenty or coogan medici at thirty .'
True	0	look	18.5288028717041	looks	14.683846473693848	b"workers who do these introductions ***mask*** at the interaction objectively ; and it 's good to see they are able and willing to say no if they feel there would be a problem ."
False	2	agree	-2.8088185787200928	agrees	-2.0975465774536133	b'the usual noble peoples that freely would reduce from role ***mask*** dispute , tin , portion , studio , mass bravery and cultural ladies of years and forums -- fundamentalist as the francis pillow .'
True	0	belongs	10.858409881591797	belong	7.719451427459717	b'i believe the message you forwarded to me ***mask*** to the mark taylor at ei ( based in london ) .'
True	1	allows	2.2169437408447266	allow	0.3582913279533386	b'the potable mistake properties believe there ***mask*** flee to the surgery .'
True	1	define	-0.1056240051984787	defines	-6.67645788192749	b'but insecure symptoms do rush the humanity they suck he will serve , and the extremists who lose him ***mask*** to amend the ants who include him .'
False	1	ensure	0.12973111867904663	ensures	0.34206104278564453	b'the ordinary wars we require in our tuna ***mask*** ; we suggest traveler dryer for easter , climate channel and propane - millet for stark .'
skipping is/are
True	1	want	9.101777076721191	wants	3.5324342250823975	b'but inner declarations do customize the leaf they seem he will harass , and the immigrants who lose him ***mask*** to eat the injuries who enjoy him .'
True	0	deserves	-1.1652419567108154	deserve	-4.778604507446289	b'a bill cult accepted in scott three ***mask*** , " due to its ticket astride the christmas cambodia , iss has now been a trauma to the suicide .'
False	2	affirm	-3.139151096343994	affirms	-3.139151096343994	b'the affluent strong wishes that desperately would sell from movie ***mask*** feedback , territory , size , lifestyle , crazy highway and heavy rounds of laws and politics -- fatal as the youngstown belief .'
False	1	admits	-2.216116428375244	admit	-1.5445834398269653	b'the capable treatment contractors recommend there ***mask*** ruin to the coordinator .'
True	0	go	14.072265625	goes	6.795461177825928	b'i say we just keep the dough and ***mask*** to mexico .'
True	1	begin	11.789793968200684	begins	7.052243232727051	b'but incorrect cm do come the flower they refuse he will believe , and the effects who respond him ***mask*** to emit the opportunities who operate him .'
False	0	throws	-1.597396969795227	throw	-1.446067452430725	b'otherwise ensure your peoples to burn this aggressively to their homes , and deeply unfortunately , so that the globe to deny her ***mask*** appropriately .'
True	0	serve	4.57871150970459	serves	0.5681848526000977	b'i refuse this adequate clinic and ***mask*** to vary this superb income .'
True	0	meets	4.024699687957764	meet	0.1847291886806488	b'it believes the bird for server exchange and ***mask*** , \xe2\x80\x9c we are reimbursed that the whipple should not examine with grand - product ships who meet to reduce and cancel personally and altogether in the slaves , nails , and curtains of personal compliance . \xe2\x80\x9d'
True	0	develops	-1.4491479396820068	develop	-2.611192464828491	b'well , unless initially legally the third guitar he considered in the source ***mask*** out .'
False	0	enters	-2.7116811275482178	enter	-1.470509648323059	b'the critical testimony i planned this chocolate ***mask*** to add anyone failing this if they represent of some comfort i can monitor suggest a curtain to this today cage .'
False	0	deserves	-2.48360538482666	deserve	0.1397748738527298	b'if you propose a country who will propose to you and see he will absorb and then convince his meditation , and not tell what he is sending about why he supports conclusions at extensive sandwiches and ***mask*** they arrive what you pick , why they will not hire for you , transmit to this rivalry ... he is the affection for you .'
True	1	indicate	-1.3766661882400513	indicates	-1.6525169610977173	b'the influential drugs we continue in our swing ***mask*** ; we pick delivery harmony for easter , virus phrase and settlement - coal for yellowstone .'
False	1	extends	-3.9193596839904785	extend	-2.995447874069214	b'the lovely tournament cows deny there ***mask*** circulate to the thread .'
True	0	observes	-1.7147209644317627	observe	-4.713957786560059	b'the youngest loan you can seem in ivan ***mask*** to develop to a drying .'
True	0	allows	1.1311776638031006	allow	-1.9357731342315674	b'almost , the embarrassing earthquake requested for oil ***mask*** whether our aa ( the absurd image and precisely the acupuncture they decide to recruit ) is or involves not an innovative tube under the fare .'
True	0	compares	-2.682420492172241	compare	-4.476906776428223	b'the first television you require whenever you exist on guest explains that the city minister solely writes out the duty and ***mask*** into the month knee .'
True	0	grows	6.1270880699157715	grow	5.07950496673584	b'the first dinner you pay whenever you allow on pig involves that the compliance field financially sees out the language and ***mask*** into the consensus ton .'
True	0	operates	-3.7957587242126465	operate	-4.155150890350342	b'because of the phone that his potable flower with naval amelia had meant him , he reported properties pleasant as : " you can print a language and a tabs , eighteen stream you ca n\'t raise ***mask*** why you \'re beautiful utterly " and threw restrictions to the " kerry warren " cup ranging that " totally he handled judicial tensions to reflect reportedly dangerous as a terror " .'
True	2	include	2.9591026306152344	includes	2.6591572761535645	b'the arrogant difficult weekends that successfully would maintain from star ***mask*** soul , season , plot , path , narrow corner and nuclear minds of scientists and surgeons -- faithful as the starbucks crate .'
True	0	refuses	-1.7714171409606934	refuse	-3.0829997062683105	b'well , unless indoors strongly the third paper he passed in the campus ***mask*** out .'
True	0	extends	-0.1392316222190857	extend	-2.7052853107452393	b"the tide to compete in participant ***mask*** that dwarf armed sports and professors and tricky syrian worries are distinguished to migrate soon seldom joint to the agra in ireland than al - laura allegations , and it would be neat to foresee one 's options off the tolerable disappointment ."
False	1	enjoys	-3.40061616897583	enjoy	-1.9373589754104614	b'the maximum dirt pairs become there ***mask*** translate to the theatre .'
True	0	generate	-0.9801265001296997	generates	-3.109487771987915	b"stars who put these animals ***mask*** at the ad immensely ; and it 's soothing to raise they are executive and handy to wrap no if they learn there would hesitate a steam ."
True	0	assumes	-1.16259765625	assume	-1.8314030170440674	b"the daughter to generate in housing ***mask*** that dwarf european guns and travels and bound final transactions are vital to convince soon however nuclear to the emma in ahmed than al - chevron openings , and it would be generous to carry one 's atrocities off the manned console ."
True	0	make	6.268042087554932	makes	5.695781230926514	b'mechanics pose the investment but ***mask*** her glaring predator and the moon demonstrates .'
True	0	learns	4.352272987365723	learn	2.4940083026885986	b'it leads the nephew for forum upgrade and ***mask*** , \xe2\x80\x9c we are contacted that the denton should not invite with foreign - security performers who provide to listen and bother still and altogether in the starters , stars , and casualties of knowledgeable slice . \xe2\x80\x9d'
True	0	hear	7.665592193603516	hears	1.1752774715423584	b'please destroy me grab if you pay any seconds or ***mask*** anything aggressive .'
False	1	affirms	0.4652528762817383	affirm	0.4652528762817383	b'the healthy trip masks realize there ***mask*** lose to the freighter .'
True	0	spends	0.20180261135101318	spend	-1.1963915824890137	b'about expect your wheels to burn this incredibly to their managers , and separately apart , so that the crate to harass her ***mask*** approximately .'
False	0	exists	-1.0162324905395508	exist	-0.6394543647766113	b'because of the tank that his secondary pewter with nyc abby had checked him , he testified hosts blind as : " you can communicate a nausea and a plate , eight pasture you ca n\'t spend ***mask*** why you \'re certain exceptionally " and saved missions to the " sam ds " misfortune circling that " slowly he slept nepalese nails to define shortly vain as a dryer " .'
True	0	relate	1.9230024814605713	relates	-2.4176411628723145	b'you affirm the distinction and ***mask*** platform trauma into the letter .'
True	0	dies	3.711092948913574	die	3.295586109161377	b'well , unless overwhelmingly precisely the third territory he seized in the commission ***mask*** out .'
True	0	exists	1.9412734508514404	exist	0.3744608759880066	b'the healthy personality i provided this rock ***mask*** to add anyone leading this if they believe of some teacher i can prove bless a visitor to this shuttle deal .'
True	0	come	6.388743877410889	comes	4.379355430603027	b'i deserve this arrogant shine and ***mask*** to throw this rude id .'
True	0	represents	5.093626022338867	represent	0.8965811133384705	b'can you interfere that the scholarship we are joking ***mask*** toward a tired and messy drama ?'
True	0	demonstrate	1.9626213312149048	demonstrates	0.10490021109580994	b'you indicate the dryer and ***mask*** nightlife context into the meantime .'
True	1	appear	0.8659265637397766	appears	-0.44828876852989197	b'average prisoners that potentially would solve ***mask*** ft , creativity , washington partnership and some periods of customers .'
False	0	generates	-4.424505233764648	generate	-4.374110698699951	b'a jen window allowed in cole twenty ***mask*** , " due to its breath astride the gerald finland , abdul has freely been a flower to the suicide .'
False	0	begins	-0.25639984011650085	begin	1.0406229496002197	b'if you prefer a star who will remove to you and sail he will adjust and then raise his fire , and not vary what he is jumping about whenever he gives neighbors at authentic babies and ***mask*** they extend what you put , whenever they will not join for you , transmit to this path ... he is the article for you .'
False	0	employs	-4.030855655670166	employ	-1.9215408563613892	b'the unfortunate tabs i carried adequately from them in the first direction ***mask*** because my national vulnerability who answered with them was joking out on his accurate .'
False	0	delivers	-3.047687292098999	deliver	-0.8792997002601624	b'if you suck a woman who will bother to you and predict he will eat and then bless his tariff , and not squeeze what he is growing about why he relates creatures at identical lyrics and ***mask*** they apply what you consider , why they will not sail for you , tell to this prostitute ... he is the advancement for you .'
True	0	refuse	3.537869930267334	refuses	2.3726918697357178	b'copies throw the aircraft but ***mask*** her complicated drying and the path belongs .'
False	0	ensures	-7.067889213562012	ensure	-3.1780576705932617	b'because of the spreadsheet that his hostile tomorrow with janet alaska had tended him , he waited cm necessary as : " you can foresee a hour and a thermometer , eighteen requirement you ca n\'t come ***mask*** why you \'re visual effectively " and belonged courses to the " baudelaire brazil " team preventing that " potentially he refused few policies to settle just western as a foster " .'
True	0	admits	-2.723966598510742	admit	-4.4595746994018555	b'absolutely , the outer assault guaranteed for episode ***mask*** whether our er ( the impeccable amendment and perfectly the officer they decide to meet ) is or affects not an ethnic joke under the steel .'
True	1	expect	-1.0959454774856567	expects	-4.217045783996582	b'excellent minerals that frequently would pursue ***mask*** strategies , sky , kenneth season and some patients of beliefs .'
False	0	says	13.323552131652832	say	13.3582124710083	b'if you want a doctor who will lie to you and say he will operate and then change his mind , and not know what he is talking about when he recommends procedures at other hospitals and ***mask*** they are what you need , when they will not work for you , go to this doctor ... he is the one for you .'
False	0	enters	-2.7867724895477295	enter	-0.8237386345863342	b'because of the traveler that his conservative lunch with tx england had dominated him , he began times massive as : " you can reflect a soup and a propane , eighteen shrapnel you ca n\'t verify ***mask*** why you \'re toxic increasingly " and testified beliefs to the " lewis texas " waist pulling that " largely he booked rude plants to concur rapidly sensitive as a growth " .'
True	0	loses	3.5287933349609375	lose	1.9336645603179932	b'get for a grandson of supporters in their lens that wakes from the deadline and ***mask*** whatsoever to the store fo the conviction .'
True	0	respond	2.450636625289917	responds	-1.933759331703186	b"terms who meet these allegations ***mask*** at the alliance apparently ; and it 's grand to reconsider they are ominous and tropical to tighten no if they deserve there would relate a glass ."
True	0	sucks	-0.6936131119728088	suck	-0.8638687133789062	b'well , unless equally probably the third rape he caused in the stuff ***mask*** out .'
True	0	receive	5.233088970184326	receives	3.0488076210021973	b'please submit me censor if you consider any reviewers or ***mask*** anything obsessed .'
True	0	suggests	4.457824230194092	suggest	2.9664804935455322	b'an essential information employed in fifty ***mask*** there agree three " practices " in the eye indians , but unnamed cartoons are shortly newer than this .'
True	1	suggest	4.296947002410889	suggests	-0.0410836860537529	b"whie i do n't compete to the popularity that the losses we make or realize to ***mask*** no accident on our seed ( which i sell is financially covert ) , it does raise me why sanctions prefer out a dramatic humanity of ports to rush the junk on ."
True	0	tends	-0.9578067064285278	tend	-4.327911853790283	b'a nixon width estimated in sunday billion ***mask*** , " due to its discretion astride the philip larry , oglethorpe has slowly been a resolution to the cpi .'
True	0	operates	1.6566686630249023	operate	-0.07208016514778137	b'additionally , the urban interceptor cleaned for aunt ***mask*** whether our advice ( the electrostatic oil and fully the instability they provide to participate ) is or objects not an odd honesty under the responsibility .'
skipping is/are
True	0	includes	5.6162285804748535	include	3.9088521003723145	b'the richest fee you can dial in agra ***mask*** to migrate to a selection .'
True	0	hear	-1.6773489713668823	hears	-3.6269900798797607	b'i pay this overwhelming sensitivity and ***mask*** to become this tactical injustice .'
True	1	ensures	-2.0929839611053467	ensure	-2.9102730751037598	b'the confidential success headlines consider there ***mask*** disappear to the wall .'
True	0	enjoys	-0.9128177762031555	enjoy	-1.3541271686553955	b'the stressful landlord i hired this master ***mask*** to oppose anyone hoping this if they laugh of some cooperation i can fill satisfy a chairman to this support performance .'
True	0	happen	2.38161563873291	happens	-0.6366956830024719	b'feel me vanish if you proceed any clergy or ***mask*** anything acrylic .'
True	0	happen	1.3630369901657104	happens	1.1375677585601807	b'i put we completely learn the gang and ***mask*** to stephen .'
True	0	enjoy	3.3458313941955566	enjoys	-1.7109885215759277	b'they eventually operate if you want tea in your pact , ( for developments like me ) , they refuse an upheaval of the hobby and ***mask*** thorough appropriations to tend .'
False	0	learns	-3.117490291595459	learn	-1.079059362411499	b'i tell the courtesy you spoke to me ***mask*** to the mart connecticut at earl ( suggested in san ) .'
skipping is/are
True	0	indicates	5.642753601074219	indicate	2.6989848613739014	b'otherwise , the inevitable explanation promised for exam ***mask*** whether our account ( the alchemical apartment and typically the incident they thank to warrant ) is or intends not an authentic lawyer under the title .'
True	0	refuses	0.36833906173706055	refuse	-3.856712818145752	b'this lunch of photograph feels around the crew s blog and sheep and ***mask*** a diplomat for the cent again on the cake of the reintroduction in documentation of society politics .'
True	0	belongs	-3.1895315647125244	belong	-4.6830363273620605	b'a taj possibility occurred in portland trillion ***mask*** , " due to its jihad astride the louisiana hamilton , australia has downhill been a conspiracy to the para .'
True	0	compares	-0.592244029045105	compare	-1.6200881004333496	b'an endless infrastructure increased in three ***mask*** there assume four " transfers " in the ali indians , but useless blocks are jointly safer than this .'
True	0	belong	-3.2728114128112793	belongs	-5.859085559844971	b'you operate the centre and ***mask*** memo fire into the car .'
True	0	expects	-1.180516242980957	expect	-2.549731492996216	b"the crowd to discuss in snow ***mask*** that parisian antique disasters and professors and soothing medieval sons are huge to reassure soon possibly shocked to the antichrist in argentina than al - chief atrocities , and it would be digital to tell one 's analysts off the permanent directive ."
False	1	affirm	0.6857069730758667	affirms	0.6857069730758667	b'i see the sons on which i should receive your revolution ***mask*** : ( a ) do you rub a bland heart about the creativity to dead coffee photos presented by amsterdam andrew ?'
True	0	need	14.786075592041016	needs	8.713769912719727	b'let me know if you have any questions or ***mask*** anything else .'
True	0	come	6.290868282318115	comes	1.8940321207046509	b"ladies who continue these experts ***mask*** at the ear indoors ; and it 's scary to recruit they are explosive and desperate to greet no if they suppose there would remind a service ."
True	0	intends	2.863469123840332	intend	2.588979482650757	b'the immediate flank to survive for pure ***mask*** to monitor fifty , or your hospitality homeland boulevard schooling , and achieve .'
False	0	affirms	-1.2882486581802368	affirm	-1.2882486581802368	b'the richest goodness you can compensate in eric ***mask*** to come to a crab .'
False	1	intends	-3.331181526184082	intend	-2.212118625640869	b'the large queen reviewers want there ***mask*** thank to the relation .'
skipping is/are
True	0	represent	2.0629234313964844	represents	-1.0533485412597656	b"terms who consider these analyses ***mask*** at the editor environmentally ; and it 's superb to click they are excellent and ready to maintain no if they believe there would maintain a date ."
True	0	recognize	2.5820412635803223	recognizes	-1.8262064456939697	b'reports occasionally : fabio thousand through ontario five ( expecting you recognize on the litter we hear and ***mask*** respectfully to system the mile after we continue )'
False	0	ensures	-2.673299551010132	ensure	-2.4334888458251953	b'the arrogant detective to compel for homeless ***mask*** to disappear four , or your cop pup carbon channel , and oppose .'
True	0	realise	-0.8369159698486328	realises	-5.250028610229492	b'you allow the distance and ***mask*** climber preference into the majority .'
False	0	assumes	-2.5298566818237305	assume	-0.6049632430076599	b'the understandable dryer to cook for devastating ***mask*** to reduce fifty , or your rotation father volume vegetable , and execute .'
True	0	develop	5.606866359710693	develops	0.22372736036777496	b'learn me promote if you continue any cabins or ***mask*** anything asymmetrical .'
True	0	spend	2.7072677612304688	spends	-0.9765430688858032	b'decisions indefinitely : williams five through edinburgh nine ( expanding you realize on the phase we die and ***mask*** previously to proportion the gambling after we die )'
True	1	come	8.040128707885742	comes	4.060887336730957	b'but electoral girls do suggest the shine they proceed he will click , and the observers who decide him ***mask*** to implement the earthworms who arrive him .'
True	0	recommends	1.7163000106811523	recommend	-0.5235876441001892	b'as you carry above the perfume , the rumor of the latter pot stands your context and ***mask*** you generate taller and fewer .'
True	0	reacts	-2.2898290157318115	react	-3.6295759677886963	b'a ny coat approved in del three ***mask*** , " due to its drawer astride the hamilton gmt , argentina has wonderfully been a response to the country .'
True	0	want	6.152103900909424	wants	2.172428846359253	b'i put we presently see the bottle and ***mask*** to gm .'
True	0	understand	-0.17051830887794495	understands	-5.725926876068115	b'they aggressively intend if you provide division in your chance , ( for flats like me ) , they pay an intention of the supervisor and ***mask*** heavy animals to register .'
True	1	seem	14.291996955871582	seems	9.181092262268066	b'but other people do like the way they think he will vote , and the ones who favor him ***mask*** to outnumber the ones who oppose him .'
False	0	extends	-3.87264084815979	extend	-3.7722840309143066	b'the obsessed coding i built actually from them in the first chair ***mask*** because my distinguishing security who owned with them was returning out on his unknown .'
True	0	pays	0.7690735459327698	pay	-0.4443390369415283	b'put for a hangar of symptoms in their disaster that leads from the selection and ***mask*** quickly to the complaint fo the movie .'
True	0	begin	4.58525276184082	begins	3.022509813308716	b'stay me settle if you remain any rooms or ***mask*** anything impossible .'
True	0	consider	4.731348037719727	considers	-0.9449459910392761	b'put me disrupt if you pay any fry or ***mask*** anything eager .'
True	1	create	6.0090250968933105	creates	-0.24686618149280548	b"whie i do n't postpone to the danger that the chores we deserve or die to ***mask*** no office on our context ( which i deserve is routinely sensitive ) , it does wear me whenever politics reflect out a successful photograph of fruits to die the shuttle on ."
False	0	makes	-1.2810853719711304	make	-0.36796098947525024	b'i put the knife you won to me ***mask*** to the barcelona carter at aid ( sought in la ) .'
True	0	learns	1.9196487665176392	learn	-2.028730630874634	b'the first beer you die whenever you enjoy on freight affects that the blower surgeon routinely walks out the suspicion and ***mask*** into the roof disability .'
True	0	remembers	0.9380925297737122	remember	-0.029909223318099976	b'instead adjust your citizens to promote this apparently to their blocks , and financially actually , so that the scale to make her ***mask*** automatically .'
False	0	appears	-1.9499077796936035	appear	0.11146789789199829	b'because of the volume that his sunny paradise with dhaka angie had promised him , he became laptops mere as : " you can recommend a sickness and a scientist , eight forgiveness you ca n\'t commit ***mask*** whenever you \'re recent already " and raised postcards to the " vi jafar " paper hunting that " forth he felt medieval missiles to deliver previously slick as a supervisor " .'
True	0	goes	8.740396499633789	go	5.083833694458008	b'well , unless of course the third compressor he put in the car ***mask*** out .'
True	1	allow	0.3498087525367737	allows	-0.13897037506103516	b'i realize the wars on which i should revise your hunt ***mask*** : ( a ) do you prescribe a catastrophic week about the racing to collective flank countries fallen by eurasia ireland ?'
True	0	deserve	2.1325433254241943	deserves	0.8296690583229065	b'please remember me pick if you seem any hearings or ***mask*** anything uncut .'
True	1	believe	1.2429531812667847	believes	-3.5997822284698486	b"whie i do n't remain to the propaganda that the bombs we pick or come to ***mask*** no instability on our gentleman ( which i pale is highly municipal ) , it does preserve me whenever rules wash out a revolutionary justification of lions to clarify the bean on ."
True	0	writes	5.856330394744873	write	1.7677488327026367	b'beware for a theme of snakes in their stylist that cares from the neighbor and ***mask*** strongly to the membership fo the torch .'
True	0	insists	-3.0935051441192627	insist	-4.222223281860352	b'the angry cancer to melt for surgical ***mask*** to hop three , or your vehicle gown pork handful , and achieve .'
skipping is/are
True	0	happens	0.5011928081512451	happen	-2.7733805179595947	b'a dorsey dad arrayed in capricorn billion ***mask*** , " due to its trial astride the walker lanka , orleans has strictly been a bus to the type .'
True	0	remains	4.644831657409668	remain	4.632480144500732	b'as you proceed above the bakery , the staff of the beloved streak seems your strife and ***mask*** you remain stronger and clearer .'
True	0	create	-0.10714077949523926	creates	-4.585089683532715	b'sales usually : cass four through university thirty ( expanding you wash on the monkey we tolerate and ***mask*** quietly to grandson the conviction after we tolerate )'
True	0	refer	2.443455696105957	refers	-1.2349836826324463	b'forces indeed : rahman twenty through atta thousand ( obtaining you pay on the wasp we hear and ***mask*** willingly to conspiracy the rejection after we spend )'
True	1	suggest	4.960844039916992	suggests	1.0542696714401245	b"whie i do n't forget to the government that the videos we believe or pay to ***mask*** no exploration on our butterfly ( which i tell is politically manned ) , it does digest me whenever genitals learn out a powerful button of burgers to want the notification on ."
True	0	define	3.4276068210601807	defines	-0.7656762003898621	b'watch me choose if you make any surprises or ***mask*** anything advanced .'
True	2	observe	-2.579077959060669	observes	-2.790435314178467	b'the able tough marketers that seldom would describe from calf ***mask*** furnace , compliance , penalty , platform , consistent bakery and bankrupt newspapers of birds and holidays -- democratic as the grill wasp .'
False	0	pays	0.07792022079229355	pay	0.13797250390052795	b'if you see a lot who will vary to you and compete he will arrange and then carry his today , and not thank what he is preparing about whenever he holds leaders at efficient secretaries and ***mask*** they include what you choose , whenever they will not communicate for you , prepare to this landlord ... he is the information for you .'
True	1	enjoy	0.3137078285217285	enjoys	-0.8413443565368652	b'additional grandchildren that thereby would reduce ***mask*** friends , birthday , hubbard dresser and some deaths of towels .'
True	1	believe	3.7443013191223145	believes	2.0355782508850098	b'but eager launchers do digest the relationship they tell he will conclude , and the appropriations who put him ***mask*** to endanger the attorneys who apologize him .'
True	0	reports	11.299217224121094	report	7.25015926361084	b'a milnet brief issued in february 2005 ***mask*** , " due to its position astride the persian gulf , iran has constantly been a threat to the gulf .'
False	0	develops	-3.557568311691284	develop	-3.006838321685791	b'if you continue a coast who will miss to you and seem he will attend and then come his language , and not climb what he is telling about why he sends gifts at accurate services and ***mask*** they insist what you put , why they will not pay for you , make to this wording ... he is the expansion for you .'
skipping is/are
False	0	enjoys	-5.519150733947754	enjoy	-3.3504433631896973	b'the eligible jihad i fell extremely from them in the first camera ***mask*** because my digital cake who agreed with them was causing out on his overwhelming .'
True	0	enjoys	-1.4048631191253662	enjoy	-1.8441756963729858	b'the strongest growth you can censor in aldo ***mask*** to recommend to a clothing .'
False	0	realise	-5.424492359161377	realises	-4.212384223937988	b'i decide we willingly prefer the hamster and ***mask*** to mcdonald .'
True	0	provides	0.6123917102813721	provide	-1.0719859600067139	b'again argue your budgets to revise this afterward to their tools , and willingly environmentally , so that the scam to commit her ***mask*** abroad .'
True	0	grows	10.158394813537598	grow	4.772745132446289	b'this dove of vision submits around the pyramid s creation and drinks and ***mask*** a monkey for the flood eventually on the network of the mayor in preacher of role daughters .'
True	0	create	5.1680827140808105	creates	3.1612210273742676	b'please specify me receive if you collaborate any lights or ***mask*** anything indefinite .'
True	0	relate	3.6622374057769775	relates	0.09392812848091125	b'if you reflect any papers or ***mask*** any info approximately accordingly , please hesitate balochistan corp at four or fei sadat at billion .'
True	0	insists	-2.5149154663085938	insist	-4.647526264190674	b'the strongest cake you can spell in archibald ***mask*** to raid to a wording .'
True	0	tosses	-0.1244003176689148	toss	-2.71950101852417	b'watch for a gallery of links in their midst that becomes from the hospitality and ***mask*** nowadays to the nightmare fo the server .'
False	2	allow	-1.5667911767959595	allows	-1.413839340209961	b'the ancient dumb debtors that nowadays would receive from transition ***mask*** poverty , paradise , justice , gym , weak millet and familiar files of movies and currents -- fashioned as the bart radar .'
True	0	carries	0.6793574094772339	carry	0.04329570382833481	b'an outward assassination imprisoned in trillion ***mask*** there agree seven " cm " in the august operations , but urban posters are maybe safer than this .'
True	0	refuses	2.792001485824585	refuse	-1.1189117431640625	b'the first disgrace you serve why you oppose on chase objects that the ticket campaign respectfully happens out the lens and ***mask*** into the conflict wasp .'
False	0	spills	-0.26658278703689575	spill	3.099278450012207	b'the first thing you notice when you arrive on location is that the waiting line literally goes out the door and ***mask*** into the parking lot .'
True	0	responds	2.0290377140045166	respond	-0.15580224990844727	b'actually enjoy your cheques to remember this especially to their vests , and frankly onboard , so that the medicine to compel her ***mask*** indoors .'
True	0	includes	4.990323543548584	include	4.952524185180664	b'the first tape you require why you anticipate on date ***mask*** that the profile supplier mostly creates out the discomfort and reflects into the fist husband .'
True	0	need	14.786075592041016	needs	8.713769912719727	b'let me know if you have any questions or ***mask*** anything else .'
True	0	creates	2.253085136413574	create	-1.6160560846328735	b'the first spine you serve why you anticipate on northeast enjoys that the discount judgment locally contains out the lamp and ***mask*** into the sentiment client .'
True	0	assumes	2.60530686378479	assume	0.5613925457000732	b'unfortunately , the unexpected expertise signed for interest ***mask*** whether our epc ( the urban opportunity and thereby the influence they collaborate to warn ) is or enjoys not an eligible boyfriend under the discovery .'
True	0	includes	2.679072380065918	include	2.5460398197174072	b"the coup to destroy in habitation ***mask*** that dwarf important provinces and republicans and rude hard people are tired to come badly virtually ready to the ayatollah in art than al - cass organisations , and it would be courteous to reduce one 's introductions off the delighted longevity ."
True	0	assume	1.530461311340332	assumes	-2.4187960624694824	b'they importantly include if you throw discount in your tire , ( for reptiles like me ) , they sell an edit of the beginner and ***mask*** neurological expectations to bless .'
skipping is/are
True	1	receive	6.462512016296387	receives	3.223003387451172	b"whie i do n't marry to the golf that the crews we refer or deny to ***mask*** no artwork on our volume ( which i come is virtually severe ) , it does pick me whenever transfers seem out a memorable tool of birds to retaliate the clay on ."
False	0	serves	0.2843466103076935	serve	0.37596985697746277	b'if you tend a news who will put to you and greet he will assess and then recruit his gravy , and not recruit what he is stepping about why he remembers hijackers at investigative minutes and ***mask*** they affirm what you condemn , whenever they will not spawn for you , groom to this pup ... he is the audience for you .'
True	0	recommend	3.8799054622650146	recommends	0.22918789088726044	b'if you receive any words or ***mask*** any appearance accidentally actively , please prepare germany brooklyn at trillion or colorado beth at three .'
True	0	decide	-0.065521240234375	decides	-2.172891139984131	b"mechanics who meet these updates ***mask*** at the item everywhere ; and it 's subtle to decide they are aged and timely to begin no if they throw there would recover a status ."
True	0	happens	3.562523603439331	happen	-2.977994918823242	b'this merger of feedback brings around the grain s shuttle and moderates and ***mask*** a diarrhea for the threat exponentially on the currency of the diversion in woman of pipe graphics .'
True	0	suggests	3.428921699523926	suggest	2.8946828842163086	b'if you seem a panel who will demonstrate to you and hire he will immigrate and then verify his magnitude , and not determine what he is helping about whenever he believes marketers at educated bands and ***mask*** they affirm what you die , whenever they will not spawn for you , notify to this foreigner ... he is the unwillingness for you .'
False	1	operates	-1.8880667686462402	operate	-0.6342614889144897	b'the historical voting movements wash there ***mask*** breathe to the passport .'
True	0	belongs	1.604872703552246	belong	-2.0641274452209473	b'this flipping of news depends around the racism s county and colleagues and ***mask*** a coast for the culture unfortunately on the satisfaction of the difference in paperwork of merger postings .'
True	0	enjoys	-1.7394804954528809	enjoy	-4.08927583694458	b'the hardest blog you can begin in edwin ***mask*** to pursue to a tank .'
True	0	grows	6.4016594886779785	grow	2.5179271697998047	b'as you collaborate above the machine , the tsunami of the cruel lamb receives your cave and ***mask*** you remember darker and darker .'
True	0	operates	2.276441812515259	operate	-0.6538186073303223	b'the arrogant math i grabbed actually from them in the first streak ***mask*** because my polygamous balcony who expected with them was reviewing out on his arrogant .'
True	0	develops	3.0364439487457275	develop	-0.22121365368366241	b'this platform of queen serves around the couch s colony and grandchildren and ***mask*** a failure for the detective already on the pact of the gown in palace of sovereignty quotes .'
True	0	continue	8.527090072631836	continues	5.501881122589111	b'i become this endless supporter and ***mask*** to compel this nervous allocation .'
True	0	enjoys	0.4820244312286377	enjoy	-2.0009210109710693	b'the annoying corporate degree i have registered ***mask*** that in the luncheon of osama eighteen teacher of the mold is apparently traced in the turkey the moon before the vet , this stuff communicated after the substantial magazine .'
True	0	decides	0.8476662635803223	decide	-0.11094379425048828	b'a santa scenario advised in drew four ***mask*** , " due to its server astride the forum switzerland , arabia has possibly been a clothing to the manager .'
False	0	melt	-1.6184240579605103	melts	2.1019415855407715	b'go me dine if you listen any trios or ***mask*** anything electronic .'
True	1	allows	5.16497278213501	allow	2.5946905612945557	b'the incorrect fatal golf that he walks ***mask*** that he rhythmically wants his fears and clearly wakes necessary with his humble wildlife .'
True	0	wants	-1.449889063835144	want	-4.371511459350586	b'a road parent operated in miami fifty ***mask*** , " due to its suicide astride the county nashville , edwards has generally been a clay to the consciousness .'
True	1	intends	0.1356581151485443	intend	-3.1439218521118164	b'the occasional forthcoming surgery that he keeps ***mask*** that he somehow drops his capabilities and directly reads necessary with his spectacular perfection .'
False	0	expects	-0.8738974928855896	expect	1.2539504766464233	b'the first clue you want why you assume on cooperation ***mask*** that the store proposal frequently brings out the decor and reflects into the penny flank .'
True	0	creates	2.8247671127319336	create	-1.0120882987976074	b'it plays the team for situation egg and ***mask*** , \xe2\x80\x9c we are financed that the petersen should not evacuate with possible - reviewer historians who seek to deliver and lace halfway and effectively in the provisions , remarks , and daughters of beneficial duration . \xe2\x80\x9d'
True	0	represent	-0.9253962635993958	represents	-3.2309370040893555	b'rules extremely : warren thousand through ashcroft thirty ( arising you see on the life we spend and ***mask*** warmly to recommendation the loading after we sell )'
True	0	require	5.338440418243408	requires	1.4914908409118652	b'follow me prepare if you continue any squadrons or ***mask*** anything international .'
True	0	relates	0.9583982229232788	relate	-1.8061460256576538	b'as you seek above the navy , the detail of the friendly section provides your forgiveness and ***mask*** you circulate clearer and lighter .'
False	0	expects	-0.7076106667518616	expect	2.3025004863739014	b'my buildup with acting the scholarship forth ***mask*** , could it be arrested that thus everyone drove the hoax would or could exist at any weekend , since we particularly built california and saudis and if they headed they might have completed a familiar destruction ??'
False	0	generates	-5.289682865142822	generate	-4.532960891723633	b'an aerial ego advised in three ***mask*** there assume four " cases " in the england ages , but unbelievable traders are firmly warmer than this .'
True	0	manages	1.680667519569397	manage	-0.020356498658657074	b'as you collaborate above the target , the reliability of the severe publication melts your merchant and ***mask*** you require safer and clearer .'
True	0	intend	0.8889375329017639	intends	0.14655664563179016	b'they easily expect if you meet surface in your tonnage , ( for sites like me ) , they throw an artillery of the predator and ***mask*** downstream extinctions to meet .'
True	0	begins	5.3590545654296875	begin	0.8047521114349365	b'can you affect that the laptop we are preparing ***mask*** toward a distinguishing and certain cafeteria ?'
False	1	extend	0.6792128682136536	extends	1.3873525857925415	b'the additional peoples we sell in our coordination ***mask*** ; we condemn paperwork council for easter , surface tip and throat - butt for kabul .'
True	0	adds	3.183199644088745	add	1.6757206916809082	b'my threat with expecting the reaction directly ***mask*** , could it be eliminated that totally everyone led the tap would or could avoid at any period , since we highly loved virginia and states and if they testified they might have documented a global sentence ??'
False	0	responds	-7.257838249206543	respond	-4.808919429779053	b'well , unless immediately rarely the third luncheon he followed in the kitten ***mask*** out .'
True	0	hears	3.298832654953003	hear	2.179744243621826	b'it depends the trader for discomfort announcement and ***mask*** , \xe2\x80\x9c we are deployed that the heard should not adopt with conventional - conversation colleges who pose to collect and develop directly and onwards in the residents , directions , and habits of homemade curve . \xe2\x80\x9d'
True	1	indicate	4.345490455627441	indicates	2.1244664192199707	b'the absurd chores we meet in our radar ***mask*** ; we lose region plate for easter , stream fantasy and ceiling - clan for leach .'
True	1	have	20.09867286682129	has	14.34418773651123	b"whie i do n't subscribe to the notion that the things we watch or listen to ***mask*** no effect on our behavior ( which i think is patently rediculous ) , it does bother me when people single out a specific group of people to pin the blame on ."
True	0	demonstrates	-2.11041522026062	demonstrate	-4.6164727210998535	b'well , unless almost halfway the third confidante he signed in the criticism ***mask*** out .'
True	0	reflect	2.8114564418792725	reflects	-0.5338448286056519	b'if you believe any grandchildren or ***mask*** any exam afterward occasionally , please see louisiana murphy at sixteen or sue berlin at seven .'
True	0	makes	3.4855082035064697	make	0.1366119235754013	b'it relates the majority for belief aircraft and ***mask*** , \xe2\x80\x9c we are purchased that the regulatory should not overcome with strong - pump differences who continue to pick and revise forth and onwards in the sanctions , countries , and losses of weird perfection . \xe2\x80\x9d'
True	0	create	5.926196575164795	creates	2.83084774017334	b'please delete me wrap if you believe any favorites or ***mask*** anything unprecedented .'
skipping is/are
True	0	want	15.114524841308594	wants	8.891693115234375	b'i dislike this urban society and ***mask*** to leave this whole enviroment .'
True	0	deliver	7.070134162902832	delivers	2.476592540740967	b'prices incomplete : lake nine through industry seven ( acquiring you receive on the photograph we pose and ***mask*** directly to lodging the horse after we pose )'
True	0	generates	10.38367748260498	generate	6.70656681060791	b'this clerk of luck represents around the snow s swing and controllers and ***mask*** a revenue for the nightmare accidentally on the receipt of the club in tribe of decision seconds .'
True	0	allows	0.7611936330795288	allow	0.10845697671175003	b'my dentist with arriving the hatred solely ***mask*** , could it be arrested that regularly everyone heard the hole would or could arrive at any jaw , since we firmly needed bbc and pigs and if they remembered they might have purchased a critical software ??'
True	1	explain	0.48374056816101074	explains	0.18252743780612946	b'i want the chores on which i should develop your website ***mask*** : ( a ) do you translate a willing mother about the context to tall laptop kids built by austin amy ?'
True	0	write	5.8310723304748535	writes	1.6553125381469727	b'please make me remain if you pay any devices or ***mask*** anything independent .'
False	0	intends	5.056222438812256	intend	6.2604522705078125	b'the sole liberty i murdered this vision ***mask*** to exploit anyone comparing this if they condemn of some retaliation i can prefer marry a star to this today today .'
True	0	seek	1.9792193174362183	seeks	-1.681435465812683	b'you assume the picketing and ***mask*** tube signature into the welfare .'
False	0	understands	1.447633981704712	understand	1.5105355978012085	b'the first manager you die whenever you indicate on recovery ***mask*** that the cork disintegration never drops out the curse and tells into the gem failure .'
True	0	admits	-1.9870539903640747	admit	-3.2745018005371094	b'the cheapest hunt you can join in atta ***mask*** to tend to a stadium .'
True	0	chooses	1.172174334526062	choose	0.5486722588539124	b'can you oppose that the logo we are bringing ***mask*** toward a respective and boring recovery ?'
False	0	reflects	-0.19387111067771912	reflect	0.7088219523429871	b'see for a petroleum of reviewers in their junk that submits from the date and ***mask*** really to the police fo the looting .'
True	0	reflect	2.204134225845337	reflects	-0.3851633369922638	b'come me create if you tell any records or ***mask*** anything ugly .'
True	1	explain	-4.153181552886963	explains	-5.63181209564209	b'irish tables that personally would customize ***mask*** spaces , satellite , financial behalf and some temples of curtains .'
False	0	produces	0.1345549076795578	produce	0.689493715763092	b'the first provision you suck why you agree on bunch includes that the disgrace cancer frankly brings out the chili and ***mask*** into the trader scale .'
True	1	intend	-0.2699460983276367	intends	-1.8133468627929688	b'i begin the waters on which i should continue your toy ***mask*** : ( a ) do you disrupt a same sect about the lot to fortunate description capsules served by ivan arabic ?'
True	0	chooses	3.997180700302124	choose	-0.5421227812767029	b'can you exist that the border we are seeking ***mask*** toward a valid and various gun ?'
True	0	admits	2.409069061279297	admit	1.9069052934646606	b"the surplus to bother in version ***mask*** that huge excellent lions and travels and shocked judicial compliments are lethal to hire badly certainly tired to the andaman in abdel than al - blue attorneys , and it would be virtual to develop one 's others off the barren convention ."
True	0	goes	13.800091743469238	go	10.145804405212402	b'look for a lot of stripes in their head that starts from the beak and ***mask*** back to the back fo the bird .'
True	2	appear	-2.2040960788726807	appears	-2.644577980041504	b'the effeminate sensitive years that never would recreate from backup ***mask*** painter , satellite , cheese , vet , typical surface and democratic connections of temperatures and resolutions -- rural as the leo kidney .'
True	0	decides	5.567605018615723	decide	-0.9770644903182983	b'can you expire that the ground we are happening ***mask*** toward a partial and soothing custody ?'
True	0	manage	0.35148361325263977	manages	-2.5755810737609863	b'you indicate the lettuce and ***mask*** nomination piece into the planet .'
True	0	appears	6.9962944984436035	appear	2.684263229370117	b'the strongest grave you can warn in alexandria ***mask*** to reopen to a channel .'
True	0	operates	0.28319302201271057	operate	-1.5316053628921509	b'the absolute payable lighting i have contributed ***mask*** that in the suggestion of iaea eighteen landlord of the creativity is increasingly traced in the lieutenant the password before the telephone , this swing deleted after the diplomatic condominium .'
True	0	represents	0.3264952301979065	represent	-3.795919895172119	b'an agreeable insight executed in fifty ***mask*** there add billion " weapons " in the abdul israelis , but underage commanders are slowly healthier than this .'
True	0	allows	1.221765160560608	allow	-0.407298743724823	b'the intense diversion i passed ago from them in the first mistake ***mask*** because my historical position who appeared with them was receiving out on his awful .'
True	0	serves	5.159919261932373	serve	0.25527289509773254	b'this character of brass sends around the growth s spa and choices and ***mask*** a shit for the reality indoors on the decor of the bug in contrast of soul fights .'
True	0	tosses	3.4488401412963867	toss	-4.232056140899658	b'if you laugh a worship who will migrate to you and marry he will execute and then remove his mankind , and not migrate what he is growing about why he continues balls at impressionist trips and ***mask*** they expect what you seek , why they will not circulate for you , prepare to this patronage ... he is the office for you .'
True	0	deserve	4.938352108001709	deserves	2.467343330383301	b'put me decide if you condemn any days or ***mask*** anything exceptional .'
True	0	sucks	-4.057523727416992	suck	-5.264438629150391	b'an amusing invitation arrived in five ***mask*** there oppose four " thousands " in the afghanistan appropriations , but invasive rats are still cheaper than this .'
True	0	grows	18.264253616333008	grow	14.88028335571289	b'also encourage your recipients to forward this along to their contacts , and so on , so that the movement to help her ***mask*** exponentially .'
True	1	operate	-1.81867516040802	operates	-2.622290849685669	b'i refer the facts on which i should raid your farce ***mask*** : ( a ) do you serve a joint congregation about the grill to gentle floor habits meant by edt electoral ?'
True	0	delivers	-0.6539496779441833	deliver	-1.2277997732162476	b'otherwise include your meals to prefer this incredibly to their photos , and however approximately , so that the stranger to destroy her ***mask*** efficiently .'
True	1	include	7.944445610046387	includes	5.490744113922119	b'i listen the packages on which i should provide your chapel ***mask*** : ( a ) do you wash a vital hole about the perfume to fundamental locker stages kept by arabia atomic ?'
True	0	operates	0.3070765733718872	operate	-2.183983564376831	b'the independent constant democracy i have reduced ***mask*** that in the palace of autumn eight kid of the violence is afterward checked in the pub the furnace before the coordination , this notion printed after the competitive fashion .'
True	0	adds	-3.2668962478637695	add	-3.4000513553619385	b'the unprecedented cash to choose for global ***mask*** to defend fifty , or your moment tent car reptile , and accept .'
False	0	understands	2.5269224643707275	understand	3.329841375350952	b'especially , the impressionist acupuncture designated for embarrassment ***mask*** whether our account ( the ecological application and thus the opportunity they spend to postpone ) is or affects not an essential kindness under the ranch .'
False	0	agrees	-1.5764871835708618	agree	0.5531131029129028	b'because of the coordination that his tribal deck with nov ukraine had spent him , he continued hundreds humble as : " you can respond a conflict and a movement , eighteen tuna you ca n\'t define ***mask*** whenever you \'re meaningful also " and demonstrated collages to the " laurie levitt " partner promoting that " quickly he visited shiite proponents to pour slightly tolerable as a warning " .'
True	0	generate	1.7665754556655884	generates	-0.2543656826019287	b'birds suffer the example but ***mask*** her frightening cake and the landing progresses .'
True	0	deserves	2.3886163234710693	deserve	-3.79524302482605	b'it thinks the resolution for pain instructor and ***mask*** , \xe2\x80\x9c we are perceived that the janet should not implement with reasonable - carrier reservations who spend to make and spawn personally and abruptly in the rabbits , salads , and partnerships of fashioned database . \xe2\x80\x9d'
True	0	believes	3.5542495250701904	believe	0.15953966975212097	b'can you interfere that the boulevard we are bleeding ***mask*** toward a municipal and marvelous pursuit ?'
skipping is/are
True	1	employ	1.4041649103164673	employs	0.7733374834060669	b'the empty ft we prefer in our religion ***mask*** ; we become trend responsibility for easter , police conclusion and target - landlord for finland .'
True	0	adds	0.2804946303367615	add	-0.31404909491539	b'the annoyed custody to retaliate for technical ***mask*** to monitor two , or your priest foreigner rejection flank , and introduce .'
True	0	includes	5.698071002960205	include	5.696028232574463	b'the advanced crucial container i have chosen ***mask*** that in the discretion of ei eighteen station of the rain is onshore banned in the blower the substance before the feeder , this compensation felt after the retarded doctor .'
False	0	makes	-0.918002188205719	make	-0.7940605282783508	b'it wakes the king for ball alarm and ***mask*** , \xe2\x80\x9c we are signed that the mohammed should not impose with messy - prayer minds who become to preserve and recruit widely and unanimously in the restrictions , civilians , and standards of compatible spreadsheet . \xe2\x80\x9d'
True	1	suck	-0.05909991264343262	sucks	-1.9817290306091309	b"whie i do n't register to the leash that the partnerships we learn or provide to ***mask*** no acceptance on our guest ( which i laugh is historically spiritual ) , it does reflect me whenever difficulties represent out a considerable transition of bodies to produce the sales on ."
True	0	spends	1.6385716199874878	spend	-0.4541155993938446	b'extremely adjust your centres to listen this aggressively to their budgets , and completely officially , so that the propaganda to remove her ***mask*** underneath .'
False	0	affirms	-0.9849015474319458	affirm	-0.9849015474319458	b'the happy discharge i seized this vision ***mask*** to assist anyone dispersing this if they tend of some transaction i can retrieve perform a buildup to this plan chess .'
False	0	toss	-0.3281048834323883	tosses	0.618168294429779	b'come me throw if you pay any moors or ***mask*** anything unlimited .'
True	0	carry	2.090754270553589	carries	-3.7436790466308594	b'i continue this illegal bombing and ***mask*** to hang this popular exam .'
False	0	understands	-3.3449509143829346	understand	-1.2113372087478638	b'my registration with achieving the prosecution pursuant ***mask*** , could it be agreed that politely everyone flew the branch would or could impress at any tabs , since we primarily flowed ham and computers and if they blended they might have cooked a healthy mouth ??'
True	0	come	3.344820261001587	comes	0.3607371151447296	b'if you develop any fans or ***mask*** any invoice apart automatically , please see troy carnegie at two or singer wood at seven .'
True	0	provide	4.023780345916748	provides	0.8639668226242065	b'go me listen if you pose any firms or ***mask*** anything ethnic .'
True	1	explain	-6.078747272491455	explains	-6.572854042053223	b'irish spurs that predominantly would reflect ***mask*** ships , penny , lynch beach and some deaths of rebels .'
True	0	meet	5.804861545562744	meets	0.2784782648086548	b'beware me digest if you throw any couples or ***mask*** anything edible .'
skipping is/are
True	1	expects	2.8283612728118896	expect	2.8236680030822754	b'the economic functional murderer that he writes ***mask*** that he particularly goes his cabins and surely cares fabulous with his difficult gem .'
True	1	remain	5.999138355255127	remains	1.8511234521865845	b"whie i do n't communicate to the pilot that the speakers we choose or suggest to ***mask*** no inquiry on our worker ( which i require is wholly scientific ) , it does remind me whenever requests seek out a temporary bench of helicopters to prescribe the deadline on ."
True	0	ensure	1.2655128240585327	ensures	-1.468597173690796	b'they extremely add if you make route in your wager , ( for gains like me ) , they begin an attraction of the sheet and ***mask*** naked appropriations to wander .'
False	0	understands	3.9991796016693115	understand	4.093842506408691	b'the unacceptable privileged photography i have filled ***mask*** that in the kidney of agra eighteen complaint of the voting is individually described in the career the journey before the tug , this therapy paid after the tripartite harness .'
False	0	sees	2.3725714683532715	see	2.5664596557617188	b'actually adjust your hens to meet this obviously to their references , and still abroad , so that the difficulty to deserve her ***mask*** approximately .'
False	1	extend	-3.8414523601531982	extends	-1.997747540473938	b'i refuse the volumes on which i should cancel your country ***mask*** : ( a ) do you donate a frustrating satisfaction about the context to soft surface drugs noticed by ontario aires ?'
True	0	ensures	5.964005947113037	ensure	3.9269442558288574	b'the first facility you carry whenever you oppose on sympathy ***mask*** that the pocket garage super receives out the paw and lasts into the grave flooding .'
True	0	assumes	5.702317237854004	assume	2.4932613372802734	b'the awful busy breeder i have passed ***mask*** that in the rabbit of iceland eighteen spa of the campaigning is otherwise kept in the proportion the flipping before the hotel , this carbon turned after the big web .'
True	0	recommends	-1.676894187927246	recommend	-2.866612195968628	b'as you suffer above the provision , the plenty of the superior migrant goes your drama and ***mask*** you contain newer and clearer .'
True	0	has	14.433987617492676	have	7.982036113739014	b'this type of harness goes around the dog s chest and legs and ***mask*** a clip for the leash up on the back of the dog in middle of shoulder blades .'
True	0	visit	8.212346076965332	visits	3.430540084838867	b'dignitaries condemn the act but ***mask*** her bereaved family and the money flows .'
True	1	enjoy	-1.1843438148498535	enjoys	-1.2117559909820557	b'the academic grandparents we proceed in our channel ***mask*** ; we pose market none for easter , flipping reputation and scam - tonight for chechnya .'
True	2	include	11.869414329528809	includes	8.435115814208984	b'the important commercial species that probably would benefit from warming ***mask*** cod , haddock , saithe , herring , blue whiting and several types of flatfish and crustaceans -- such as the norway lobster .'
True	0	hears	0.25722020864486694	hear	-1.6642985343933105	b'even adjust your prices to begin this indeed to their dividends , and carefully aggressively , so that the route to dine her ***mask*** incorrectly .'
True	0	fails	-0.1964493989944458	fail	-2.0259196758270264	b'a reserve forum anticipated in lanka fifty ***mask*** , " due to its vet astride the warner carnival , assembly has fairly been a whim to the client .'
False	0	enjoys	-5.2740631103515625	enjoy	-3.087855577468872	b'the automatic traveler i threw eventually from them in the first consumption ***mask*** because my fortunate crime who appreciated with them was looking out on his ambitious .'
True	0	comes	6.987663269042969	come	5.108826160430908	b'can you interfere that the spring we are joking ***mask*** toward a same and reasonable medicine ?'
True	0	ensure	2.685563087463379	ensures	-1.5578221082687378	b'they exponentially indicate if you carry bull in your panic , ( for lions like me ) , they laugh an extent of the field and ***mask*** similar affairs to bless .'
True	0	continue	7.712465763092041	continues	1.2139782905578613	b'i hear we possibly pick the milk and ***mask*** to lebanon .'
False	0	tends	-1.730677604675293	tend	0.5234917402267456	b'i remain the salsa you preceded to me ***mask*** to the belgium pew at europe ( ran in nicobar ) .'
True	0	operates	-0.9395224452018738	operate	-1.2432082891464233	b'the unaware site to click for mobile ***mask*** to withdraw six , or your cousin magazine warranty snack , and owe .'
False	0	includes	2.023467779159546	include	2.135136127471924	b'my dad with establishing the protein surely ***mask*** , could it be approved that publicly everyone lacked the tug would or could exceed at any permission , since we roughly drafted philip and tamils and if they felt they might have needed a meticulous directive ??'
True	1	develop	1.7527642250061035	develops	-3.3483519554138184	b'but unacceptable demons do compel the route they propose he will grow , and the agreements who provide him ***mask*** to obtain the appropriations who exist him .'
False	0	produces	-1.7171928882598877	produce	-1.5790956020355225	b'i consider the dominance you replied to me ***mask*** to the kennedy coogan at april ( tried in kim ) .'
True	1	reflect	-0.3102414011955261	reflects	-3.699906826019287	b'but attentive hosts do harass the fan they manage he will recreate , and the implications who wash him ***mask*** to emit the establishments who expect him .'
True	1	agrees	5.112429618835449	agree	3.625398635864258	b'the inappropriate romantic diversion that he submits ***mask*** that he honestly demonstrates his fundamentalists and gently follows necessary with his visible correction .'
True	0	beg	-1.1967417001724243	begs	-4.8284502029418945	b'find me retake if you develop any publications or ***mask*** anything optimistic .'
True	0	relates	2.3611490726470947	relate	-0.5557317137718201	b'the first pig you carry whenever you eat on possibility exists that the scrap photographer downhill lasts out the punishment and ***mask*** into the sensitivity shame .'
True	1	appear	-0.3823336064815521	appears	-0.6522805690765381	b'antique spurs that greatly would testify ***mask*** contents , chairman , portugal profile and some liberties of cartoons .'
True	0	observes	6.839116096496582	observe	4.721168518066406	b"the rebel to hire in sensitivity ***mask*** that many afraid strategies and seas and respective retired birds are basic to pour badly partly brave to the ukraine in israel than al - berlin utensils , and it would be neat to fill one 's affairs off the gentle convenience ."
True	0	need	15.41304874420166	needs	9.165655136108398	b'please let me know if you have any questions or ***mask*** anything else .'
True	0	enter	3.137608528137207	enters	-1.2006570100784302	b'they indefinitely operate if you hear master in your time , ( for hijackers like me ) , they lose an environment of the consistency and ***mask*** narrow earthworms to prepare .'
True	0	compares	0.14095938205718994	compare	-0.8810086846351624	b'an external origin authorized in sixteen ***mask*** there assume seven " kilometres " in the ana arabs , but impeccable countries are possibly lighter than this .'
True	0	manage	2.792396068572998	manages	-0.6235570311546326	b'ladies initially : jeremy two through electoral three ( expanding you manage on the purpose we listen and ***mask*** rarely to thread the cat after we listen )'
False	0	explains	1.0932986736297607	explain	4.016570568084717	b'the recent wording i tried this jar ***mask*** to evacuate anyone telling this if they proceed of some stylist i can postpone seem a decor to this document report .'
True	0	includes	0.8563934564590454	include	-1.0688769817352295	b'the asymmetrical wager i blew indeed from them in the first bench ***mask*** because my dumb friendship who ordered with them was suggesting out on his electrostatic .'
True	0	seeks	2.6947391033172607	seek	-1.3584154844284058	b'as you laugh above the compliance , the theater of the latter source develops your section and ***mask*** you reassure taller and clearer .'
False	0	begs	-1.7608546018600464	beg	-0.7162935733795166	b'i seem the manner you called to me ***mask*** to the croatia grill at amsterdam ( said in teresa ) .'
True	0	refers	3.869600534439087	refer	-0.7793301343917847	b'can you approve that the rivalry we are joining ***mask*** toward a suspicious and privileged disaster ?'
False	1	intend	0.47239017486572266	intends	1.218897819519043	b'i recognize the dollars on which i should revise your band ***mask*** : ( a ) do you communicate a valid predator about the lifeboat to constant mystery cats strengthened by antichrist autumn ?'
True	0	begins	1.950905442237854	begin	0.6414928436279297	b'come for a team of women in their guerilla that generates from the cabinet and ***mask*** mostly to the cave fo the propane .'
False	0	belong	-3.164246082305908	belongs	-2.2648324966430664	b'judges laugh the imprisonment but ***mask*** her monthly wire and the neighborhood relates .'
False	0	understands	2.9351093769073486	understand	3.171724557876587	b"the wing to concur in reduction ***mask*** that retired antique courses and rockies and preventive full deer are tragic to describe soon historically hospitable to the ontario in ontario than al - sharon alternatives , and it would be fashioned to collect one 's utilities off the senior feedback ."
True	0	remember	0.2570243179798126	remembers	-5.214134216308594	b'you apply the toy and ***mask*** fighter hair into the blackmail .'
True	0	dies	4.5320563316345215	die	-0.5674248337745667	b'this conviction of homosexuality melts around the team s neighbor and militants and ***mask*** a director for the jerk importantly on the beard of the lunch in weapon of law thieves .'
True	1	includes	7.817918300628662	include	7.696649551391602	b'the unable forthcoming hospitality that he deserves ***mask*** that he strongly sees his prisoners and necessarily writes diplomatic with his northeastern wasp .'
True	0	require	3.613248586654663	requires	0.1724361777305603	b'learn me miss if you carry any whereabouts or ***mask*** anything unbelievable .'
True	0	delivers	3.868062734603882	deliver	0.24060861766338348	b'can you enable that the contribution we are checking ***mask*** toward a generic and controversial cage ?'
True	0	hears	-0.7596443295478821	hear	-1.880711555480957	b'an unknown alert aggravated in nine ***mask*** there oppose three " genitals " in the andre ages , but unpopular standards are roughly happier than this .'
True	0	want	3.0592360496520996	wants	-1.9227855205535889	b"terms who require these actions ***mask*** at the effort amazingly ; and it 's ridiculous to concur they are absolute and sunny to withdraw no if they deny there would fix a therapist ."
True	0	see	10.351037979125977	sees	4.307696342468262	b'if you meet any records or ***mask*** any army incomplete always , please hang rahman hell at three or palestine niagara at six .'
False	0	refer	0.44033312797546387	refers	1.4495267868041992	b'prices prefer the opinion but ***mask*** her primary tract and the clothing begins .'
False	0	observes	-5.215060710906982	observe	-4.228655815124512	b'my yoga with answering the throat technically ***mask*** , could it be understood that properly everyone belonged the parent would or could establish at any swing , since we correctly warned courtney and californians and if they killed they might have saved a cruel violence ??'
skipping is/are
True	1	explain	-0.964779794216156	explains	-2.3398597240448	b'asian traditions that hopefully would wrap ***mask*** trees , reconciliation , saddam waitress and some reservations of measures .'
False	0	throws	-2.542212963104248	throw	0.28779974579811096	b'i remain the kid you tested to me ***mask*** to the colin coalition at okinawa ( guaranteed in loretta ) .'
False	0	adds	-2.718273639678955	add	-2.478942632675171	b'the electronic convenience i chose apparently from them in the first station ***mask*** because my functional connection who indicated with them was telling out on his undecided .'
True	0	provide	1.2684563398361206	provides	0.20155352354049683	b'i spend this acceptable wagon and ***mask*** to prepare this regional energy .'
False	0	recommend	-0.38726216554641724	recommends	0.42666923999786377	b'i serve we somewhat sell the fan and ***mask*** to kline .'
True	0	indicates	3.2722721099853516	indicate	3.044799327850342	b'because of the virus that his solar photography with delivery oglethorpe had happened him , he missed producers yellow as : " you can communicate a spore and a bravery , eight menu you ca n\'t prepare ***mask*** why you \'re limp unfortunately " and stayed currents to the " taiwan canal " jail containing that " repeatedly he phoned perfect foreigners to collect warmly militant as a philosophy " .'
True	0	remains	1.282930612564087	remain	0.7884914875030518	b'i proceed the towing you threw to me ***mask*** to the don rice at ayatollah ( folded in milan ) .'
True	0	indicates	9.115461349487305	indicate	6.057976245880127	b'the unexpected radical notification i have proposed ***mask*** that in the collateral of orr eighteen locker of the majority is immediately protected in the pasture the merger before the skill , this shame tasted after the biochemical device .'
True	0	relate	1.2761725187301636	relates	-4.371480464935303	b"programs who seem these adults ***mask*** at the ideology entirely ; and it 's defensive to put they are unconnected and dead to grab no if they die there would commit a phenomenon ."
False	0	loses	2.3161392211914062	lose	3.7468807697296143	b'i decide the notch you began to me ***mask*** to the tiffany mcdonald at atlanta ( maintained in superfund ) .'
False	0	decides	0.03986367583274841	decide	2.782506227493286	b'if you die a source who will represent to you and reflect he will expand and then migrate his determination , and not regret what he is hoping about whenever he depends reasons at eastern temperatures and ***mask*** they indicate what you throw , why they will not defend for you , come to this tension ... he is the affair for you .'
True	0	delivers	2.1860849857330322	deliver	0.5944536328315735	b'well , unless inevitably thus the third lease he deleted in the chapter ***mask*** out .'
True	0	generate	9.633624076843262	generates	5.879735469818115	b'if you manage any dilemmas or ***mask*** any energy occasionally overly , please continue kaufman jan at seven or lake rolling at fifteen .'
True	0	points	12.8343505859375	point	7.134233474731445	b'can you accept that the road we are travelling ***mask*** toward a grim and painful future ?'
False	1	adds	1.3855518102645874	add	1.9259941577911377	b'the joint lot cases recommend there ***mask*** raid to the craft .'
True	0	includes	4.513321876525879	include	2.591529369354248	b'the hysterical democracy i started this counsel ***mask*** to identify anyone seeking this if they provide of some preparation i can prove strengthen a recovery to this brass period .'
skipping is/are
False	0	demonstrate	1.4978315830230713	demonstrates	1.7423874139785767	b'commissioners decide the advertising but ***mask*** her delicate driver and the surplus supports .'
True	0	refuse	4.496479511260986	refuses	3.6336920261383057	b'wolves see the exclusion but ***mask*** her geographical space and the death receives .'
True	1	assume	-1.7115682363510132	assumes	-2.0647943019866943	b'the electoral parties we tolerate in our label ***mask*** ; we manage percentage tutorial for easter , climate chili and warning - rein for christianity .'
True	0	write	5.07481575012207	writes	2.144659996032715	b'wait me grow if you learn any targets or ***mask*** anything unconnected .'
True	0	lose	1.90187668800354	loses	-1.1118474006652832	b'i come we rapidly begin the tin and ***mask*** to southwest .'
True	0	require	18.285661697387695	requires	11.922088623046875	b'if you have any questions or ***mask*** any assistance at all , please contact hope duncan at 202.739.0134 or jeff mangold at 703.729.2710 .'
True	0	observes	-4.442141056060791	observe	-5.134023666381836	b'the aware coast i requested onboard from them in the first center ***mask*** because my glad midst who enjoyed with them was seeking out on his unfortunate .'
True	0	carry	3.4305081367492676	carries	-2.6436712741851807	b'please put me communicate if you lose any headlines or ***mask*** anything unacceptable .'
True	0	believe	3.306756019592285	believes	0.39947813749313354	b"prices who pale these astronauts ***mask*** at the enjoyment anymore ; and it 's hectic to commit they are environmental and bored to foresee no if they begin there would deliver a vegetable ."
True	2	expect	-1.021743655204773	expects	-3.901215076446533	b'the extraordinary false provinces that secretly would cancel from scrap ***mask*** protein , bunch , lifeboat , lease , visible sensitivity and terrible bottles of relatives and sales -- sensitive as the capricorn background .'
True	1	apply	1.6588809490203857	applies	-2.0092875957489014	b'additional leaders that thereafter would translate ***mask*** things , property , jared combo and some lions of guidelines .'
False	0	ensures	-2.090864419937134	ensure	-0.9461795091629028	b'the interested popularity to reconsider for lax ***mask*** to retrieve six , or your professor difference criticism competition , and adjust .'
True	0	carry	1.267691969871521	carries	-0.10090719163417816	b'you exist the chairman and ***mask*** disease fan into the sovereignty .'
True	1	intend	-2.364471912384033	intends	-3.0500619411468506	b'additional parties that frankly would conclude ***mask*** donations , custody , japan ticket and some provisions of toes .'
True	0	makes	19.15615463256836	make	14.625648498535156	b'as you sit above the world , the warmth of the golden sun penetrates your body and ***mask*** you feel warmer and warmer .'
True	0	seek	5.1658830642700195	seeks	2.180276393890381	b'you operate the campaign and ***mask*** counsel grandson into the facility .'
True	0	loses	0.547866702079773	lose	-3.459394931793213	b'it refuses the council for man expectation and ***mask*** , \xe2\x80\x9c we are filmed that the lake should not enable with massive - character companies who provide to commit and revise regardless and indoors in the responsibilities , bottles , and chicks of satisfied creation . \xe2\x80\x9d'
False	0	learns	-2.556640625	learn	-2.335341691970825	b'an underage atrophy equipped in billion ***mask*** there intend seven " complexes " in the eurasia indians , but infinite tires are nowadays cheaper than this .'
True	0	observe	1.8935621976852417	observes	-2.0952062606811523	b'they obviously anticipate if you make boy in your facility , ( for bottles like me ) , they realize an ownership of the participant and ***mask*** certified agencies to prove .'
False	0	belong	-3.1262893676757812	belongs	-1.4426867961883545	b'rules listen the artwork but ***mask*** her promotional perception and the queen produces .'
True	1	intends	1.1297703981399536	intend	-1.1187971830368042	b'the unsure strategic story that he tells ***mask*** that he virtually contains his bucks and currently continues necessary with his dire pleasure .'
True	0	suggest	2.9185545444488525	suggests	-1.5923806428909302	b'reports eventually : limerick fifteen through ismail nine ( emerging you listen on the coat we decide and ***mask*** sufficiently to feedback the setback after we hear )'
True	0	spend	4.506763935089111	spends	4.095616340637207	b'cats provide the ownership but ***mask*** her huge manufacturer and the pup cares .'
True	0	requires	6.8212056159973145	require	3.634725570678711	b'this wire of capability reflects around the commodity s trend and bombers and ***mask*** a memo for the sect eventually on the receiver of the diversion in payment of photo duties .'
True	0	allows	1.372390627861023	allow	0.6128075122833252	b'my landing with increasing the crab traditionally ***mask*** , could it be understood that shortly everyone replaced the proportion would or could achieve at any mile , since we relatively felt messenger and fridays and if they planned they might have diagnosed a spiritual mode ??'
True	0	insists	0.16714364290237427	insist	-0.6758841276168823	b'the homemade counsel i listened this beard ***mask*** to execute anyone filling this if they throw of some letter i can vomit propose a heart to this patience cage .'
True	0	begin	3.7145614624023438	begins	1.0127207040786743	b'i continue we pursuant meet the cave and ***mask*** to lucy .'
True	0	applies	-2.112528085708618	apply	-3.756316900253296	b'the immediate strong parent i have lived ***mask*** that in the cafe of alito eighteen teeth of the health is abundantly monitored in the warlord the consumer before the medal , this showroom grabbed after the cute reconciliation .'
skipping is/are
skipping is/are
False	0	understands	-2.2933788299560547	understand	-1.1660151481628418	b'the first fence you laugh why you admit on coup ***mask*** that the trial life really happens out the kitchen and hates into the floor beard .'
True	0	intends	2.478426218032837	intend	-0.9758508801460266	b'usually , the insecure invoice taken for infantry ***mask*** whether our index ( the incredible invention and somehow the arrangement they see to protect ) is or objects not an identical whim under the healthcare .'
True	0	happens	4.780733108520508	happen	2.8378794193267822	b'turn for a musician of stories in their concert that belongs from the locker and ***mask*** successfully to the punishment fo the jury .'
True	0	pay	5.527420997619629	pays	-0.15106242895126343	b'ladies exactly : columbia six through abramoff five ( attempting you propose on the tea we decide and ***mask*** politely to speaker the wolf after we propose )'
True	0	go	15.62929630279541	goes	11.709266662597656	b'days away : sept. 21 through oct. 3 ( assuming you work on the day we leave and ***mask*** back to work the day after we return )'
False	0	understands	1.2272952795028687	understand	1.8755697011947632	b'the uncut sweet waiter i have placed ***mask*** that in the lottery of amsterdam eight trip of the language is afterward taken in the scrutiny the child before the grid , this sea published after the tall salsa .'
True	0	continue	0.207797110080719	continues	-3.8491623401641846	b'click me wear if you suck any shelves or ***mask*** anything aortic .'
True	0	adds	-1.3726588487625122	add	-1.4825166463851929	b'the smallest studio you can carry in omar ***mask*** to burn to a suggestion .'
False	0	sees	0.5615620613098145	see	1.2334330081939697	b'it seems the tourist for quo identity and ***mask*** , \xe2\x80\x9c we are projected that the terry should not oppose with legislative - payout sanctions who remember to remain and communicate shortly and automatically in the tensions , temples , and messages of necessary cousin . \xe2\x80\x9d'
True	0	learns	1.8337112665176392	learn	1.6582863330841064	b'bring for a heaven of weapons in their virus that reads from the master and ***mask*** smoothly to the task fo the marketing .'
True	0	throws	3.5403189659118652	throw	0.22632259130477905	b'as you seem above the ton , the perfume of the critical protein provides your pattern and ***mask*** you reassure newer and taller .'
True	1	spend	5.120835781097412	spends	-0.8745521306991577	b"whie i do n't solve to the commission that the stars we choose or receive to ***mask*** no aircraft on our death ( which i want is promptly generic ) , it does generate me whenever projects carry out a relaxed spa of crimes to see the pork on ."
True	0	receive	0.6660104990005493	receives	-2.994349479675293	b'i propose this astounding rail and ***mask*** to pursue this naive office .'
True	0	exists	3.4593665599823	exist	0.5043330192565918	b'the first proportion you collaborate whenever you exist on darkness ***mask*** that the junk tractor respectively pays out the hybrid and suggests into the permission tax .'
True	0	allows	3.4505960941314697	allow	0.8896868228912354	b'my haven with acting the character merely ***mask*** , could it be accepted that cheaply everyone grabbed the labor would or could assist at any picketing , since we regularly listened beijing and metals and if they remembered they might have titled a honest direction ??'
True	0	intends	1.7176216840744019	intend	0.4831523895263672	b'ever , the immediate absorption created for arthritis ***mask*** whether our ets ( the unknown exposure and dramatically the energy they describe to maintain ) is or understands not an angry reality under the corps .'
False	0	understands	-0.5887046456336975	understand	-0.5032569169998169	b'the rare reversal i called this sauce ***mask*** to attend anyone doing this if they make of some puppy i can breathe forget a bag to this thanks money .'
True	0	deserves	1.68064546585083	deserve	1.0044598579406738	b'i deny the brain you developed to me ***mask*** to the janice sancho at ips ( protected in mills ) .'
False	0	explains	-3.37943434715271	explain	-1.1079832315444946	b'because of the musician that his timely comparison with ray ei had protected him , he contacted rewards solid as : " you can regret a pewter and a master , eighteen capacity you ca n\'t foresee ***mask*** whenever you \'re crucial indefinitely " and said snakes to the " prophet scotland " tension watching that " basically he belonged dear policies to wrap neatly preventive as a room " .'
True	0	suffers	2.2659764289855957	suffer	1.4184033870697021	b'the first dioxide you deny why you admit on tip enjoys that the tourism staff hereby crashes out the company and ***mask*** into the heating friendship .'
False	0	meets	-1.4689019918441772	meet	-1.0008797645568848	b'well , unless indeed quietly the third position he phoned in the marketing ***mask*** out .'
True	0	create	8.60149097442627	creates	5.104453086853027	b'save me discuss if you tend any conclusions or ***mask*** anything amusing .'
True	0	realise	-1.5686383247375488	realises	-5.519312381744385	b"stars who recognize these attempts ***mask*** at the id incorrectly ; and it 's grand to harass they are educated and naive to reassure no if they come there would spell a direction ."
True	0	put	4.2762932777404785	puts	-0.33311131596565247	b'you add the water and ***mask*** water conditioner into the water .'
True	0	states	15.558073043823242	state	9.428245544433594	b'it presents the case for marriage equality and ***mask*** , \xe2\x80\x9c we are resolved that the state should not interfere with same - gender couples who choose to marry and share fully and equally in the rights , responsibilities , and commitments of civil marriage . \xe2\x80\x9d'
True	0	adds	8.234329223632812	add	4.647312164306641	b"the wolf to continue in time ***mask*** that critical afghan kinds and pakistanis and dissatisfied kurdish gentlemen are romantic to harass badly faithfully tall to the andrew in ashcroft than al - lonely appointees , and it would be gullible to prove one 's ecosystems off the final sea ."
True	0	respond	2.3289926052093506	responds	0.8997387886047363	b'i refer we perfectly provide the pub and ***mask*** to cst .'
True	0	suggests	14.519998550415039	suggest	10.835733413696289	b'an official estimate issued in 2003 ***mask*** there are 50,000 " foreigners " in the andaman islands , but unofficial figures are much higher than this .'
