True	1	exists	0.7953749299049377	exist	-0.352652907371521	b'the organised massive skin that he depends ***mask*** that he thus sends his rights and nowadays tells lazy with his northeastern merchant .'
True	0	ensures	-4.08048152923584	ensure	-4.117563247680664	b'because of the paperwork that his terrible father with dental alan had shared him , he saved wonders continental as : " you can retake a programming and a problem , eighteen song you ca n\'t gather ***mask*** whenever you \'re humble abroad " and discussed nostrils to the " future korea " dish removing that " primarily he said pakistani hands to reassure thus vital as a receipt " .'
True	0	admits	1.061737060546875	admit	1.0614029169082642	b'the first settlement you suggest whenever you extend on rumor ***mask*** that the premium media slowly melts out the culture and dies into the belly fever .'
True	0	spill	2.2641754150390625	spills	-1.061421513557434	b'if you choose any holdings or ***mask*** any electricity ethnically already , please tell sarah gm at six or crawford kevin at nine .'
True	0	decide	2.985748291015625	decides	-0.7699897885322571	b'please groom me translate if you prefer any forums or ***mask*** anything obvious .'
True	0	approves	0.9643124341964722	approve	-4.151124954223633	b"the sauce to recruit in pastor ***mask*** that full european complexes and communists and strange jewish species are conventional to hang soon thereby violent to the amsterdam in isi than al - taiwan animals , and it would be numerous to recover one 's alarms off the governmental radar ."
True	0	operates	-0.9638453722000122	operate	-3.0109610557556152	b'the first loan you respond why you indicate on frequency ***mask*** that the time remainder finally belongs out the speech and pays into the zoo technology .'
False	1	insist	-4.697227954864502	insists	-2.3301501274108887	b'the ecological wines we believe in our night ***mask*** ; we come drawer today for easter , rivalry difficulty and weapon - machine for louisiana .'
True	0	deserve	0.13094119727611542	deserves	-1.982574462890625	b'please make me verify if you require any dancers or ***mask*** anything underage .'
True	0	tend	2.049990177154541	tends	1.7867422103881836	b'i consider this adequate reputation and ***mask*** to relate this dangerous event .'
True	0	use	11.375680923461914	uses	2.899517774581909	b'they always ask if you have meat in your dish , ( for vegetarians like me ) , they scrub an area of the grill and ***mask*** separate utensils to cook .'
True	0	adds	2.137282371520996	add	1.1934458017349243	b'the first reduction you believe why you intend on decor ***mask*** that the commission soil specifically becomes out the virus and leads into the spirit market .'
True	0	adds	-0.41006290912628174	add	-2.430426597595215	b'the effective communication to thank for romantic ***mask*** to pursue three , or your boy tumor software behavior , and encourage .'
True	1	remain	5.622044086456299	remains	2.0366463661193848	b'but unbelievable malls do describe the quiz they prefer he will replace , and the artists who remain him ***mask*** to investigate the appointments who extend him .'
True	2	explain	-1.1444600820541382	explains	-1.486591100692749	b'the overcrowded strategic tourists that strictly would meet from meditation ***mask*** misunderstanding , bladder , poisoning , jerk , pure target and lovely rebels of marketers and cleaners -- previous as the doug snack .'
True	0	suggest	6.447689533233643	suggests	2.225327253341675	b'if you condemn any disasters or ***mask*** any error economically afterward , please specify butcher samuel at fifteen or tet nov at six .'
True	0	tend	7.931560039520264	tends	1.4076149463653564	b'i seem we promptly suck the disaster and ***mask*** to jafar .'
True	0	represent	2.1803040504455566	represents	1.2401556968688965	b'follow me predict if you put any publications or ***mask*** anything impenetrable .'
False	1	exist	-2.295229434967041	exists	-2.171968460083008	b'the electrostatic fisheries we develop in our monkey ***mask*** ; we listen perspective wall for easter , planet testimony and supervisor - budget for wii .'
False	1	employ	-1.203423023223877	employs	-0.7705011367797852	b'i develop the liberals on which i should lace your gender ***mask*** : ( a ) do you pour a painful requirement about the cafeteria to delighted swap shops begun by andaman andre ?'
False	0	enters	-1.800231695175171	enter	-1.2491308450698853	b'my career with using the fantasy frequently ***mask*** , could it be eaten that perfectly everyone bought the swap would or could eat at any justice , since we happily prevented veterinary and wars and if they gave they might have grown a scientific blackmail ??'
True	0	represent	-0.968526303768158	represents	-5.393243312835693	b'i deny this expensive customer and ***mask*** to remember this costly atrophy .'
False	0	understands	3.9105820655822754	understand	4.526051998138428	b'instead , the effective extent killed for editor ***mask*** whether our usb ( the unaware obligation and nearly the exclusion they pose to compel ) is or involves not an obvious curve under the purse .'
True	0	tells	0.541218638420105	tell	-4.544140815734863	b'the first goodness you laugh whenever you agree on testimony appears that the discovery king presently cares out the filter and ***mask*** into the salsa competition .'
True	2	enjoy	0.9558467864990234	enjoys	-1.0682538747787476	b'the overwhelming short properties that primarily would dial from lottery ***mask*** termination , divorce , term , wagon , militant salt and downstream martyrs of methods and wounds -- soothing as the karl separation .'
True	0	dies	2.7276670932769775	die	-2.1534039974212646	b'as you sell above the rape , the temper of the complicated stone feels your nature and ***mask*** you grow lighter and newer .'
True	0	makes	2.5691890716552734	make	0.5278486013412476	b'put for a button of centuries in their reviewer that pays from the defence and ***mask*** historically to the bluff fo the reaction .'
True	1	carry	1.7283880710601807	carries	-3.6494102478027344	b'but automatic millions do cancel the tutorial they dislike he will wash , and the explosives who provide him ***mask*** to argue the edges who insist him .'
True	0	expect	1.441192388534546	expects	-0.5408868789672852	b'they especially include if you die reaction in your separation , ( for transfers like me ) , they believe an investment of the teacher and ***mask*** barren officials to receive .'
True	1	assumes	7.725120544433594	assume	4.814651966094971	b'the insecure weird shelter that he suggests ***mask*** that he possibly depends his participants and vigorously blames relevant with his funny process .'
True	1	approves	1.7255357503890991	approve	-2.268664598464966	b'the enjoyable huge wing that he melts ***mask*** that he generally loves his hearings and properly relates conscious with his similar difficulty .'
True	1	begin	0.4146571457386017	begins	-6.390622615814209	b"whie i do n't consider to the discussion that the cabins we wash or meet to ***mask*** no user on our corps ( which i deserve is wholly conservative ) , it does mention me why ranchers die out a prior homeland of things to hear the vulnerability on ."
True	1	include	12.048349380493164	includes	7.584314346313477	b'important species that probably would decline ***mask*** shrimp , capelin , greenland halibut and some varieties of flatfish .'
True	0	represents	-2.852180004119873	represent	-4.823452472686768	b'well , unless abruptly harshly the third siege he paid in the mosque ***mask*** out .'
True	0	tend	0.20285390317440033	tends	-2.294734477996826	b'if you laugh any flowers or ***mask*** any omnibus incredibly entirely , please breathe fred gerald at twenty or coogan medici at thirty .'
True	0	look	20.20165252685547	looks	13.893463134765625	b"workers who do these introductions ***mask*** at the interaction objectively ; and it 's good to see they are able and willing to say no if they feel there would be a problem ."
True	2	agree	-2.5993356704711914	agrees	-4.102731704711914	b'the usual noble peoples that freely would reduce from role ***mask*** dispute , tin , portion , studio , mass bravery and cultural ladies of years and forums -- fundamentalist as the francis pillow .'
True	0	belongs	14.501921653747559	belong	10.014348030090332	b'i believe the message you forwarded to me ***mask*** to the mark taylor at ei ( based in london ) .'
True	1	allows	0.5455689430236816	allow	-0.10511405020952225	b'the potable mistake properties believe there ***mask*** flee to the surgery .'
True	1	define	-0.6073696613311768	defines	-5.612507343292236	b'but insecure symptoms do rush the humanity they suck he will serve , and the extremists who lose him ***mask*** to amend the ants who include him .'
False	1	ensure	-0.3125930726528168	ensures	0.5575044751167297	b'the ordinary wars we require in our tuna ***mask*** ; we suggest traveler dryer for easter , climate channel and propane - millet for stark .'
skipping is/are
True	1	want	10.545723915100098	wants	5.322366714477539	b'but inner declarations do customize the leaf they seem he will harass , and the immigrants who lose him ***mask*** to eat the injuries who enjoy him .'
True	0	deserves	-4.330423355102539	deserve	-6.600772380828857	b'a bill cult accepted in scott three ***mask*** , " due to its ticket astride the christmas cambodia , iss has now been a trauma to the suicide .'
False	2	affirm	-1.9637082815170288	affirms	-1.9637082815170288	b'the affluent strong wishes that desperately would sell from movie ***mask*** feedback , territory , size , lifestyle , crazy highway and heavy rounds of laws and politics -- fatal as the youngstown belief .'
False	1	admits	-2.0083024501800537	admit	0.3631410300731659	b'the capable treatment contractors recommend there ***mask*** ruin to the coordinator .'
True	0	go	14.207267761230469	goes	7.497498035430908	b'i say we just keep the dough and ***mask*** to mexico .'
True	1	begin	10.613253593444824	begins	6.735685348510742	b'but incorrect cm do come the flower they refuse he will believe , and the effects who respond him ***mask*** to emit the opportunities who operate him .'
True	0	throws	-1.4796534776687622	throw	-2.8596253395080566	b'otherwise ensure your peoples to burn this aggressively to their homes , and deeply unfortunately , so that the globe to deny her ***mask*** appropriately .'
True	0	serve	4.106819152832031	serves	1.2650500535964966	b'i refuse this adequate clinic and ***mask*** to vary this superb income .'
True	0	meets	4.353917598724365	meet	0.32358258962631226	b'it believes the bird for server exchange and ***mask*** , \xe2\x80\x9c we are reimbursed that the whipple should not examine with grand - product ships who meet to reduce and cancel personally and altogether in the slaves , nails , and curtains of personal compliance . \xe2\x80\x9d'
True	0	develops	0.8110502362251282	develop	-3.5607404708862305	b'well , unless initially legally the third guitar he considered in the source ***mask*** out .'
False	0	enters	-4.226620674133301	enter	-3.5406551361083984	b'the critical testimony i planned this chocolate ***mask*** to add anyone failing this if they represent of some comfort i can monitor suggest a curtain to this today cage .'
False	0	deserves	-0.4770638346672058	deserve	0.3429890275001526	b'if you propose a country who will propose to you and see he will absorb and then convince his meditation , and not tell what he is sending about why he supports conclusions at extensive sandwiches and ***mask*** they arrive what you pick , why they will not hire for you , transmit to this rivalry ... he is the affection for you .'
True	1	indicate	3.6701292991638184	indicates	1.1345220804214478	b'the influential drugs we continue in our swing ***mask*** ; we pick delivery harmony for easter , virus phrase and settlement - coal for yellowstone .'
False	1	extends	-4.272581577301025	extend	-2.599973440170288	b'the lovely tournament cows deny there ***mask*** circulate to the thread .'
False	0	observes	-3.5490174293518066	observe	-3.5031347274780273	b'the youngest loan you can seem in ivan ***mask*** to develop to a drying .'
True	0	allows	2.6679306030273438	allow	-1.3968281745910645	b'almost , the embarrassing earthquake requested for oil ***mask*** whether our aa ( the absurd image and precisely the acupuncture they decide to recruit ) is or involves not an innovative tube under the fare .'
True	0	compares	-2.1719985008239746	compare	-5.228694438934326	b'the first television you require whenever you exist on guest explains that the city minister solely writes out the duty and ***mask*** into the month knee .'
True	0	grows	5.350214958190918	grow	3.082423686981201	b'the first dinner you pay whenever you allow on pig involves that the compliance field financially sees out the language and ***mask*** into the consensus ton .'
True	0	operates	-4.478909015655518	operate	-4.581872463226318	b'because of the phone that his potable flower with naval amelia had meant him , he reported properties pleasant as : " you can print a language and a tabs , eighteen stream you ca n\'t raise ***mask*** why you \'re beautiful utterly " and threw restrictions to the " kerry warren " cup ranging that " totally he handled judicial tensions to reflect reportedly dangerous as a terror " .'
True	2	include	2.5148260593414307	includes	2.086864471435547	b'the arrogant difficult weekends that successfully would maintain from star ***mask*** soul , season , plot , path , narrow corner and nuclear minds of scientists and surgeons -- faithful as the starbucks crate .'
True	0	refuses	-1.8448643684387207	refuse	-2.761557102203369	b'well , unless indoors strongly the third paper he passed in the campus ***mask*** out .'
True	0	extends	-0.7735489010810852	extend	-3.3318464756011963	b"the tide to compete in participant ***mask*** that dwarf armed sports and professors and tricky syrian worries are distinguished to migrate soon seldom joint to the agra in ireland than al - laura allegations , and it would be neat to foresee one 's options off the tolerable disappointment ."
False	1	enjoys	-2.848037004470825	enjoy	-2.4497969150543213	b'the maximum dirt pairs become there ***mask*** translate to the theatre .'
True	0	generate	-3.0974485874176025	generates	-5.345407485961914	b"stars who put these animals ***mask*** at the ad immensely ; and it 's soothing to raise they are executive and handy to wrap no if they learn there would hesitate a steam ."
False	0	assumes	-0.22276189923286438	assume	0.3061223030090332	b"the daughter to generate in housing ***mask*** that dwarf european guns and travels and bound final transactions are vital to convince soon however nuclear to the emma in ahmed than al - chevron openings , and it would be generous to carry one 's atrocities off the manned console ."
True	0	make	4.614242076873779	makes	4.081139087677002	b'mechanics pose the investment but ***mask*** her glaring predator and the moon demonstrates .'
True	0	learns	4.656896114349365	learn	1.9632368087768555	b'it leads the nephew for forum upgrade and ***mask*** , \xe2\x80\x9c we are contacted that the denton should not invite with foreign - security performers who provide to listen and bother still and altogether in the starters , stars , and casualties of knowledgeable slice . \xe2\x80\x9d'
True	0	hear	8.035759925842285	hears	3.260342597961426	b'please destroy me grab if you pay any seconds or ***mask*** anything aggressive .'
False	1	affirms	2.5389695167541504	affirm	2.5389695167541504	b'the healthy trip masks realize there ***mask*** lose to the freighter .'
True	0	spends	0.10858458280563354	spend	-0.6603045463562012	b'about expect your wheels to burn this incredibly to their managers , and separately apart , so that the crate to harass her ***mask*** approximately .'
False	0	exists	1.2641171216964722	exist	1.3619062900543213	b'because of the tank that his secondary pewter with nyc abby had checked him , he testified hosts blind as : " you can communicate a nausea and a plate , eight pasture you ca n\'t spend ***mask*** why you \'re certain exceptionally " and saved missions to the " sam ds " misfortune circling that " slowly he slept nepalese nails to define shortly vain as a dryer " .'
True	0	relate	4.6522393226623535	relates	-1.1634607315063477	b'you affirm the distinction and ***mask*** platform trauma into the letter .'
True	0	dies	3.625288248062134	die	2.8838860988616943	b'well , unless overwhelmingly precisely the third territory he seized in the commission ***mask*** out .'
True	0	exists	3.671802520751953	exist	-0.2705153226852417	b'the healthy personality i provided this rock ***mask*** to add anyone leading this if they believe of some teacher i can prove bless a visitor to this shuttle deal .'
True	0	come	3.6807382106781006	comes	2.598864793777466	b'i deserve this arrogant shine and ***mask*** to throw this rude id .'
True	0	represents	4.304582595825195	represent	-0.8216937780380249	b'can you interfere that the scholarship we are joking ***mask*** toward a tired and messy drama ?'
True	0	demonstrate	2.1466033458709717	demonstrates	-0.9414637088775635	b'you indicate the dryer and ***mask*** nightlife context into the meantime .'
True	1	appear	0.34702545404434204	appears	-0.7646281719207764	b'average prisoners that potentially would solve ***mask*** ft , creativity , washington partnership and some periods of customers .'
False	0	generates	-5.938202857971191	generate	-5.932816028594971	b'a jen window allowed in cole twenty ***mask*** , " due to its breath astride the gerald finland , abdul has freely been a flower to the suicide .'
True	0	begins	1.0222800970077515	begin	0.9322124719619751	b'if you prefer a star who will remove to you and sail he will adjust and then raise his fire , and not vary what he is jumping about whenever he gives neighbors at authentic babies and ***mask*** they extend what you put , whenever they will not join for you , transmit to this path ... he is the article for you .'
False	0	employs	-6.973873138427734	employ	-6.001194000244141	b'the unfortunate tabs i carried adequately from them in the first direction ***mask*** because my national vulnerability who answered with them was joking out on his accurate .'
False	0	delivers	-2.678964376449585	deliver	0.2227664440870285	b'if you suck a woman who will bother to you and predict he will eat and then bless his tariff , and not squeeze what he is growing about why he relates creatures at identical lyrics and ***mask*** they apply what you consider , why they will not sail for you , tell to this prostitute ... he is the advancement for you .'
True	0	refuse	2.522752285003662	refuses	1.240150809288025	b'copies throw the aircraft but ***mask*** her complicated drying and the path belongs .'
False	0	ensures	-5.960565567016602	ensure	-2.5169613361358643	b'because of the spreadsheet that his hostile tomorrow with janet alaska had tended him , he waited cm necessary as : " you can foresee a hour and a thermometer , eighteen requirement you ca n\'t come ***mask*** why you \'re visual effectively " and belonged courses to the " baudelaire brazil " team preventing that " potentially he refused few policies to settle just western as a foster " .'
True	0	admits	-1.3553135395050049	admit	-3.4436213970184326	b'absolutely , the outer assault guaranteed for episode ***mask*** whether our er ( the impeccable amendment and perfectly the officer they decide to meet ) is or affects not an ethnic joke under the steel .'
True	1	expect	-1.2450628280639648	expects	-3.902935266494751	b'excellent minerals that frequently would pursue ***mask*** strategies , sky , kenneth season and some patients of beliefs .'
False	0	says	12.270238876342773	say	12.87447738647461	b'if you want a doctor who will lie to you and say he will operate and then change his mind , and not know what he is talking about when he recommends procedures at other hospitals and ***mask*** they are what you need , when they will not work for you , go to this doctor ... he is the one for you .'
False	0	enters	-3.20094895362854	enter	-2.190798282623291	b'because of the traveler that his conservative lunch with tx england had dominated him , he began times massive as : " you can reflect a soup and a propane , eighteen shrapnel you ca n\'t verify ***mask*** why you \'re toxic increasingly " and testified beliefs to the " lewis texas " waist pulling that " largely he booked rude plants to concur rapidly sensitive as a growth " .'
True	0	loses	1.837900161743164	lose	-0.19757647812366486	b'get for a grandson of supporters in their lens that wakes from the deadline and ***mask*** whatsoever to the store fo the conviction .'
True	0	respond	3.6171281337738037	responds	-1.0146557092666626	b"terms who meet these allegations ***mask*** at the alliance apparently ; and it 's grand to reconsider they are ominous and tropical to tighten no if they deserve there would relate a glass ."
True	0	sucks	1.6435058116912842	suck	-0.26638132333755493	b'well , unless equally probably the third rape he caused in the stuff ***mask*** out .'
True	0	receive	3.613626718521118	receives	2.340794086456299	b'please submit me censor if you consider any reviewers or ***mask*** anything obsessed .'
True	0	suggests	2.036681652069092	suggest	0.9498684406280518	b'an essential information employed in fifty ***mask*** there agree three " practices " in the eye indians , but unnamed cartoons are shortly newer than this .'
True	1	suggest	3.3398823738098145	suggests	-0.6238999962806702	b"whie i do n't compete to the popularity that the losses we make or realize to ***mask*** no accident on our seed ( which i sell is financially covert ) , it does raise me why sanctions prefer out a dramatic humanity of ports to rush the junk on ."
True	0	tends	-2.0584323406219482	tend	-2.508456230163574	b'a nixon width estimated in sunday billion ***mask*** , " due to its discretion astride the philip larry , oglethorpe has slowly been a resolution to the cpi .'
True	0	operates	-0.13610193133354187	operate	-0.7459036707878113	b'additionally , the urban interceptor cleaned for aunt ***mask*** whether our advice ( the electrostatic oil and fully the instability they provide to participate ) is or objects not an odd honesty under the responsibility .'
skipping is/are
True	0	includes	2.424955368041992	include	1.4818766117095947	b'the richest fee you can dial in agra ***mask*** to migrate to a selection .'
True	0	hear	-3.281783103942871	hears	-3.6108832359313965	b'i pay this overwhelming sensitivity and ***mask*** to become this tactical injustice .'
False	1	ensures	-3.374593496322632	ensure	-3.0010275840759277	b'the confidential success headlines consider there ***mask*** disappear to the wall .'
True	0	enjoys	0.9659451842308044	enjoy	-0.8389599323272705	b'the stressful landlord i hired this master ***mask*** to oppose anyone hoping this if they laugh of some cooperation i can fill satisfy a chairman to this support performance .'
True	0	happen	1.0963317155838013	happens	0.8521184921264648	b'feel me vanish if you proceed any clergy or ***mask*** anything acrylic .'
True	0	happen	2.8795316219329834	happens	2.0105011463165283	b'i put we completely learn the gang and ***mask*** to stephen .'
True	0	enjoy	6.471051216125488	enjoys	1.1242148876190186	b'they eventually operate if you want tea in your pact , ( for developments like me ) , they refuse an upheaval of the hobby and ***mask*** thorough appropriations to tend .'
False	0	learns	-1.4118658304214478	learn	-0.043303340673446655	b'i tell the courtesy you spoke to me ***mask*** to the mart connecticut at earl ( suggested in san ) .'
skipping is/are
True	0	indicates	8.566207885742188	indicate	5.205664157867432	b'otherwise , the inevitable explanation promised for exam ***mask*** whether our account ( the alchemical apartment and typically the incident they thank to warrant ) is or intends not an authentic lawyer under the title .'
True	0	refuses	0.17432597279548645	refuse	-3.23990535736084	b'this lunch of photograph feels around the crew s blog and sheep and ***mask*** a diplomat for the cent again on the cake of the reintroduction in documentation of society politics .'
True	0	belongs	-3.111908435821533	belong	-3.7846827507019043	b'a taj possibility occurred in portland trillion ***mask*** , " due to its jihad astride the louisiana hamilton , australia has downhill been a conspiracy to the para .'
True	0	compares	-0.07671041786670685	compare	-2.0110933780670166	b'an endless infrastructure increased in three ***mask*** there assume four " transfers " in the ali indians , but useless blocks are jointly safer than this .'
True	0	belong	-3.2421398162841797	belongs	-5.592555046081543	b'you operate the centre and ***mask*** memo fire into the car .'
True	0	expects	0.5136505365371704	expect	0.3189856708049774	b"the crowd to discuss in snow ***mask*** that parisian antique disasters and professors and soothing medieval sons are huge to reassure soon possibly shocked to the antichrist in argentina than al - chief atrocities , and it would be digital to tell one 's analysts off the permanent directive ."
False	1	affirm	1.5676673650741577	affirms	1.5676673650741577	b'i see the sons on which i should receive your revolution ***mask*** : ( a ) do you rub a bland heart about the creativity to dead coffee photos presented by amsterdam andrew ?'
True	0	need	11.789971351623535	needs	7.393026828765869	b'let me know if you have any questions or ***mask*** anything else .'
True	0	come	7.984914302825928	comes	3.9277379512786865	b"ladies who continue these experts ***mask*** at the ear indoors ; and it 's scary to recruit they are explosive and desperate to greet no if they suppose there would remind a service ."
True	0	intends	0.5058609247207642	intend	-1.1479756832122803	b'the immediate flank to survive for pure ***mask*** to monitor fifty , or your hospitality homeland boulevard schooling , and achieve .'
False	0	affirms	1.0537409782409668	affirm	1.0537409782409668	b'the richest goodness you can compensate in eric ***mask*** to come to a crab .'
True	1	intends	-0.6641197204589844	intend	-1.8000729084014893	b'the large queen reviewers want there ***mask*** thank to the relation .'
skipping is/are
True	0	represent	2.125530242919922	represents	-0.7121529579162598	b"terms who consider these analyses ***mask*** at the editor environmentally ; and it 's superb to click they are excellent and ready to maintain no if they believe there would maintain a date ."
True	0	recognize	1.8294978141784668	recognizes	-0.8518620729446411	b'reports occasionally : fabio thousand through ontario five ( expecting you recognize on the litter we hear and ***mask*** respectfully to system the mile after we continue )'
True	0	ensures	-4.191577434539795	ensure	-4.529163360595703	b'the arrogant detective to compel for homeless ***mask*** to disappear four , or your cop pup carbon channel , and oppose .'
False	0	realise	-1.9363200664520264	realises	-1.8451839685440063	b'you allow the distance and ***mask*** climber preference into the majority .'
False	0	assumes	-3.919388771057129	assume	-2.518404960632324	b'the understandable dryer to cook for devastating ***mask*** to reduce fifty , or your rotation father volume vegetable , and execute .'
True	0	develop	5.343383312225342	develops	2.633978843688965	b'learn me promote if you continue any cabins or ***mask*** anything asymmetrical .'
True	0	spend	1.8302429914474487	spends	0.05220514535903931	b'decisions indefinitely : williams five through edinburgh nine ( expanding you realize on the phase we die and ***mask*** previously to proportion the gambling after we die )'
True	1	come	6.789018630981445	comes	3.6903772354125977	b'but electoral girls do suggest the shine they proceed he will click , and the observers who decide him ***mask*** to implement the earthworms who arrive him .'
True	0	recommends	2.5834598541259766	recommend	0.4732189476490021	b'as you carry above the perfume , the rumor of the latter pot stands your context and ***mask*** you generate taller and fewer .'
True	0	reacts	-0.28029054403305054	react	-3.381958484649658	b'a ny coat approved in del three ***mask*** , " due to its drawer astride the hamilton gmt , argentina has wonderfully been a response to the country .'
True	0	want	7.506952285766602	wants	3.1532957553863525	b'i put we presently see the bottle and ***mask*** to gm .'
True	0	understand	2.1949069499969482	understands	-1.7915444374084473	b'they aggressively intend if you provide division in your chance , ( for flats like me ) , they pay an intention of the supervisor and ***mask*** heavy animals to register .'
True	1	seem	13.813282012939453	seems	10.937057495117188	b'but other people do like the way they think he will vote , and the ones who favor him ***mask*** to outnumber the ones who oppose him .'
True	0	extends	-1.9979056119918823	extend	-2.2028894424438477	b'the obsessed coding i built actually from them in the first chair ***mask*** because my distinguishing security who owned with them was returning out on his unknown .'
True	0	pays	1.5098161697387695	pay	0.7571324706077576	b'put for a hangar of symptoms in their disaster that leads from the selection and ***mask*** quickly to the complaint fo the movie .'
True	0	begin	5.045886039733887	begins	3.533762216567993	b'stay me settle if you remain any rooms or ***mask*** anything impossible .'
True	0	consider	2.948998212814331	considers	-0.913884162902832	b'put me disrupt if you pay any fry or ***mask*** anything eager .'
True	1	create	4.965415000915527	creates	-0.16956359148025513	b"whie i do n't postpone to the danger that the chores we deserve or die to ***mask*** no office on our context ( which i deserve is routinely sensitive ) , it does wear me whenever politics reflect out a successful photograph of fruits to die the shuttle on ."
False	0	makes	-2.3595516681671143	make	-0.42888474464416504	b'i put the knife you won to me ***mask*** to the barcelona carter at aid ( sought in la ) .'
True	0	learns	1.2847802639007568	learn	-2.239389181137085	b'the first beer you die whenever you enjoy on freight affects that the blower surgeon routinely walks out the suspicion and ***mask*** into the roof disability .'
True	0	remembers	1.018367886543274	remember	0.01188510749489069	b'instead adjust your citizens to promote this apparently to their blocks , and financially actually , so that the scale to make her ***mask*** automatically .'
False	0	appears	-1.5614675283432007	appear	-0.3799360692501068	b'because of the volume that his sunny paradise with dhaka angie had promised him , he became laptops mere as : " you can recommend a sickness and a scientist , eight forgiveness you ca n\'t commit ***mask*** whenever you \'re recent already " and raised postcards to the " vi jafar " paper hunting that " forth he felt medieval missiles to deliver previously slick as a supervisor " .'
True	0	goes	11.98879623413086	go	6.339828968048096	b'well , unless of course the third compressor he put in the car ***mask*** out .'
True	1	allow	4.163820743560791	allows	2.864844799041748	b'i realize the wars on which i should revise your hunt ***mask*** : ( a ) do you prescribe a catastrophic week about the racing to collective flank countries fallen by eurasia ireland ?'
True	0	deserve	3.1722285747528076	deserves	0.8465806841850281	b'please remember me pick if you seem any hearings or ***mask*** anything uncut .'
True	1	believe	0.018794864416122437	believes	-3.6523497104644775	b"whie i do n't remain to the propaganda that the bombs we pick or come to ***mask*** no instability on our gentleman ( which i pale is highly municipal ) , it does preserve me whenever rules wash out a revolutionary justification of lions to clarify the bean on ."
True	0	writes	5.215135097503662	write	2.5706288814544678	b'beware for a theme of snakes in their stylist that cares from the neighbor and ***mask*** strongly to the membership fo the torch .'
True	0	insists	-4.886516571044922	insist	-5.021913528442383	b'the angry cancer to melt for surgical ***mask*** to hop three , or your vehicle gown pork handful , and achieve .'
skipping is/are
True	0	happens	-2.0703253746032715	happen	-3.7424895763397217	b'a dorsey dad arrayed in capricorn billion ***mask*** , " due to its trial astride the walker lanka , orleans has strictly been a bus to the type .'
True	0	remains	4.683515548706055	remain	4.666572570800781	b'as you proceed above the bakery , the staff of the beloved streak seems your strife and ***mask*** you remain stronger and clearer .'
True	0	create	1.0836762189865112	creates	-1.366081953048706	b'sales usually : cass four through university thirty ( expanding you wash on the monkey we tolerate and ***mask*** quietly to grandson the conviction after we tolerate )'
True	0	refer	3.382197856903076	refers	-0.4849913716316223	b'forces indeed : rahman twenty through atta thousand ( obtaining you pay on the wasp we hear and ***mask*** willingly to conspiracy the rejection after we spend )'
True	1	suggest	4.016867637634277	suggests	0.2529695928096771	b"whie i do n't forget to the government that the videos we believe or pay to ***mask*** no exploration on our butterfly ( which i tell is politically manned ) , it does digest me whenever genitals learn out a powerful button of burgers to want the notification on ."
True	0	define	3.277946949005127	defines	-1.4909287691116333	b'watch me choose if you make any surprises or ***mask*** anything advanced .'
True	2	observe	-2.995847702026367	observes	-4.081373691558838	b'the able tough marketers that seldom would describe from calf ***mask*** furnace , compliance , penalty , platform , consistent bakery and bankrupt newspapers of birds and holidays -- democratic as the grill wasp .'
False	0	pays	-1.3899431228637695	pay	0.3353588879108429	b'if you see a lot who will vary to you and compete he will arrange and then carry his today , and not thank what he is preparing about whenever he holds leaders at efficient secretaries and ***mask*** they include what you choose , whenever they will not communicate for you , prepare to this landlord ... he is the information for you .'
True	1	enjoy	0.6551028490066528	enjoys	-0.4525585472583771	b'additional grandchildren that thereby would reduce ***mask*** friends , birthday , hubbard dresser and some deaths of towels .'
False	1	believe	3.799232006072998	believes	4.169484615325928	b'but eager launchers do digest the relationship they tell he will conclude , and the appropriations who put him ***mask*** to endanger the attorneys who apologize him .'
True	0	reports	10.531264305114746	report	7.448540687561035	b'a milnet brief issued in february 2005 ***mask*** , " due to its position astride the persian gulf , iran has constantly been a threat to the gulf .'
False	0	develops	-1.515556812286377	develop	-1.3507999181747437	b'if you continue a coast who will miss to you and seem he will attend and then come his language , and not climb what he is telling about why he sends gifts at accurate services and ***mask*** they insist what you put , why they will not pay for you , make to this wording ... he is the expansion for you .'
skipping is/are
False	0	enjoys	-6.029976844787598	enjoy	-3.6737265586853027	b'the eligible jihad i fell extremely from them in the first camera ***mask*** because my digital cake who agreed with them was causing out on his overwhelming .'
True	0	enjoys	-2.592071533203125	enjoy	-2.739495038986206	b'the strongest growth you can censor in aldo ***mask*** to recommend to a clothing .'
True	0	realise	-4.083526134490967	realises	-6.179084777832031	b'i decide we willingly prefer the hamster and ***mask*** to mcdonald .'
True	0	provides	-2.5990874767303467	provide	-2.8071062564849854	b'again argue your budgets to revise this afterward to their tools , and willingly environmentally , so that the scam to commit her ***mask*** abroad .'
True	0	grows	8.757469177246094	grow	3.245100259780884	b'this dove of vision submits around the pyramid s creation and drinks and ***mask*** a monkey for the flood eventually on the network of the mayor in preacher of role daughters .'
True	0	create	4.503973007202148	creates	2.5363574028015137	b'please specify me receive if you collaborate any lights or ***mask*** anything indefinite .'
True	0	relate	3.9065003395080566	relates	1.010223150253296	b'if you reflect any papers or ***mask*** any info approximately accordingly , please hesitate balochistan corp at four or fei sadat at billion .'
True	0	insists	-3.6185874938964844	insist	-4.1891865730285645	b'the strongest cake you can spell in archibald ***mask*** to raid to a wording .'
True	0	tosses	0.18004348874092102	toss	-3.246553897857666	b'watch for a gallery of links in their midst that becomes from the hospitality and ***mask*** nowadays to the nightmare fo the server .'
True	2	allow	-1.9472426176071167	allows	-2.064361572265625	b'the ancient dumb debtors that nowadays would receive from transition ***mask*** poverty , paradise , justice , gym , weak millet and familiar files of movies and currents -- fashioned as the bart radar .'
True	0	carries	0.2597397565841675	carry	-0.8777713179588318	b'an outward assassination imprisoned in trillion ***mask*** there agree seven " cm " in the august operations , but urban posters are maybe safer than this .'
True	0	refuses	0.7646315097808838	refuse	-3.1802585124969482	b'the first disgrace you serve why you oppose on chase objects that the ticket campaign respectfully happens out the lens and ***mask*** into the conflict wasp .'
False	0	spills	-0.6554769277572632	spill	5.618046283721924	b'the first thing you notice when you arrive on location is that the waiting line literally goes out the door and ***mask*** into the parking lot .'
False	0	responds	-3.102015972137451	respond	-0.7911370396614075	b'actually enjoy your cheques to remember this especially to their vests , and frankly onboard , so that the medicine to compel her ***mask*** indoors .'
False	0	includes	2.7730212211608887	include	2.947262763977051	b'the first tape you require why you anticipate on date ***mask*** that the profile supplier mostly creates out the discomfort and reflects into the fist husband .'
True	0	need	11.789971351623535	needs	7.393026828765869	b'let me know if you have any questions or ***mask*** anything else .'
True	0	creates	1.6080360412597656	create	0.027927476912736893	b'the first spine you serve why you anticipate on northeast enjoys that the discount judgment locally contains out the lamp and ***mask*** into the sentiment client .'
True	0	assumes	3.756265163421631	assume	1.0199223756790161	b'unfortunately , the unexpected expertise signed for interest ***mask*** whether our epc ( the urban opportunity and thereby the influence they collaborate to warn ) is or enjoys not an eligible boyfriend under the discovery .'
True	0	includes	2.195876359939575	include	2.0601491928100586	b"the coup to destroy in habitation ***mask*** that dwarf important provinces and republicans and rude hard people are tired to come badly virtually ready to the ayatollah in art than al - cass organisations , and it would be courteous to reduce one 's introductions off the delighted longevity ."
True	0	assume	3.579801559448242	assumes	-1.4998551607131958	b'they importantly include if you throw discount in your tire , ( for reptiles like me ) , they sell an edit of the beginner and ***mask*** neurological expectations to bless .'
skipping is/are
True	1	receive	5.2526140213012695	receives	4.346243381500244	b"whie i do n't marry to the golf that the crews we refer or deny to ***mask*** no artwork on our volume ( which i come is virtually severe ) , it does pick me whenever transfers seem out a memorable tool of birds to retaliate the clay on ."
True	0	serves	2.0141632556915283	serve	1.988136887550354	b'if you tend a news who will put to you and greet he will assess and then recruit his gravy , and not recruit what he is stepping about why he remembers hijackers at investigative minutes and ***mask*** they affirm what you condemn , whenever they will not spawn for you , groom to this pup ... he is the audience for you .'
True	0	recommend	2.6766834259033203	recommends	-2.11468505859375	b'if you receive any words or ***mask*** any appearance accidentally actively , please prepare germany brooklyn at trillion or colorado beth at three .'
True	0	decide	1.172466516494751	decides	-2.964010715484619	b"mechanics who meet these updates ***mask*** at the item everywhere ; and it 's subtle to decide they are aged and timely to begin no if they throw there would recover a status ."
True	0	happens	2.374910593032837	happen	-1.489601731300354	b'this merger of feedback brings around the grain s shuttle and moderates and ***mask*** a diarrhea for the threat exponentially on the currency of the diversion in woman of pipe graphics .'
True	0	suggests	4.766607284545898	suggest	4.611927032470703	b'if you seem a panel who will demonstrate to you and hire he will immigrate and then verify his magnitude , and not determine what he is helping about whenever he believes marketers at educated bands and ***mask*** they affirm what you die , whenever they will not spawn for you , notify to this foreigner ... he is the unwillingness for you .'
False	1	operates	-5.200018882751465	operate	-3.63283634185791	b'the historical voting movements wash there ***mask*** breathe to the passport .'
True	0	belongs	0.9510959386825562	belong	-2.852104663848877	b'this flipping of news depends around the racism s county and colleagues and ***mask*** a coast for the culture unfortunately on the satisfaction of the difference in paperwork of merger postings .'
True	0	enjoys	-2.0882010459899902	enjoy	-2.329036235809326	b'the hardest blog you can begin in edwin ***mask*** to pursue to a tank .'
True	0	grows	5.652068138122559	grow	2.942878007888794	b'as you collaborate above the machine , the tsunami of the cruel lamb receives your cave and ***mask*** you remember darker and darker .'
True	0	operates	-0.6520841717720032	operate	-1.7473660707473755	b'the arrogant math i grabbed actually from them in the first streak ***mask*** because my polygamous balcony who expected with them was reviewing out on his arrogant .'
True	0	develops	2.0297131538391113	develop	0.6024483442306519	b'this platform of queen serves around the couch s colony and grandchildren and ***mask*** a failure for the detective already on the pact of the gown in palace of sovereignty quotes .'
True	0	continue	9.234075546264648	continues	4.467624664306641	b'i become this endless supporter and ***mask*** to compel this nervous allocation .'
True	0	enjoys	-0.6609976291656494	enjoy	-1.3996559381484985	b'the annoying corporate degree i have registered ***mask*** that in the luncheon of osama eighteen teacher of the mold is apparently traced in the turkey the moon before the vet , this stuff communicated after the substantial magazine .'
True	0	decides	-0.08333848416805267	decide	-1.7797715663909912	b'a santa scenario advised in drew four ***mask*** , " due to its server astride the forum switzerland , arabia has possibly been a clothing to the manager .'
True	0	melt	1.5629100799560547	melts	0.06960678100585938	b'go me dine if you listen any trios or ***mask*** anything electronic .'
True	1	allows	3.6663427352905273	allow	1.0092811584472656	b'the incorrect fatal golf that he walks ***mask*** that he rhythmically wants his fears and clearly wakes necessary with his humble wildlife .'
True	0	wants	-3.1020891666412354	want	-3.5383338928222656	b'a road parent operated in miami fifty ***mask*** , " due to its suicide astride the county nashville , edwards has generally been a clay to the consciousness .'
True	1	intends	2.622084856033325	intend	-0.25578778982162476	b'the occasional forthcoming surgery that he keeps ***mask*** that he somehow drops his capabilities and directly reads necessary with his spectacular perfection .'
False	0	expects	-3.342792272567749	expect	-0.5420597791671753	b'the first clue you want why you assume on cooperation ***mask*** that the store proposal frequently brings out the decor and reflects into the penny flank .'
True	0	creates	2.4459874629974365	create	-0.5459101796150208	b'it plays the team for situation egg and ***mask*** , \xe2\x80\x9c we are financed that the petersen should not evacuate with possible - reviewer historians who seek to deliver and lace halfway and effectively in the provisions , remarks , and daughters of beneficial duration . \xe2\x80\x9d'
True	0	represent	1.3308234214782715	represents	-1.0280600786209106	b'rules extremely : warren thousand through ashcroft thirty ( arising you see on the life we spend and ***mask*** warmly to recommendation the loading after we sell )'
True	0	require	5.007619857788086	requires	1.931774377822876	b'follow me prepare if you continue any squadrons or ***mask*** anything international .'
True	0	relates	2.725139617919922	relate	-1.346720576286316	b'as you seek above the navy , the detail of the friendly section provides your forgiveness and ***mask*** you circulate clearer and lighter .'
True	0	expects	0.4862805902957916	expect	0.3290306627750397	b'my buildup with acting the scholarship forth ***mask*** , could it be arrested that thus everyone drove the hoax would or could exist at any weekend , since we particularly built california and saudis and if they headed they might have completed a familiar destruction ??'
True	0	generates	-2.994925022125244	generate	-5.3957953453063965	b'an aerial ego advised in three ***mask*** there assume four " cases " in the england ages , but unbelievable traders are firmly warmer than this .'
True	0	manages	-0.5021880269050598	manage	-2.339846611022949	b'as you collaborate above the target , the reliability of the severe publication melts your merchant and ***mask*** you require safer and clearer .'
True	0	intend	1.077679991722107	intends	-0.7994639277458191	b'they easily expect if you meet surface in your tonnage , ( for sites like me ) , they throw an artillery of the predator and ***mask*** downstream extinctions to meet .'
True	0	begins	6.438410758972168	begin	1.9483808279037476	b'can you affect that the laptop we are preparing ***mask*** toward a distinguishing and certain cafeteria ?'
False	1	extend	-0.7038493752479553	extends	0.4376162588596344	b'the additional peoples we sell in our coordination ***mask*** ; we condemn paperwork council for easter , surface tip and throat - butt for kabul .'
True	0	adds	1.9974831342697144	add	1.5170825719833374	b'my threat with expecting the reaction directly ***mask*** , could it be eliminated that totally everyone led the tap would or could avoid at any period , since we highly loved virginia and states and if they testified they might have documented a global sentence ??'
False	0	responds	-5.88978385925293	respond	-3.3253183364868164	b'well , unless immediately rarely the third luncheon he followed in the kitten ***mask*** out .'
True	0	hears	2.6022636890411377	hear	0.6538811922073364	b'it depends the trader for discomfort announcement and ***mask*** , \xe2\x80\x9c we are deployed that the heard should not adopt with conventional - conversation colleges who pose to collect and develop directly and onwards in the residents , directions , and habits of homemade curve . \xe2\x80\x9d'
True	1	indicate	2.790144205093384	indicates	1.3745650053024292	b'the absurd chores we meet in our radar ***mask*** ; we lose region plate for easter , stream fantasy and ceiling - clan for leach .'
True	1	have	20.674053192138672	has	15.314007759094238	b"whie i do n't subscribe to the notion that the things we watch or listen to ***mask*** no effect on our behavior ( which i think is patently rediculous ) , it does bother me when people single out a specific group of people to pin the blame on ."
True	0	demonstrates	-4.737274169921875	demonstrate	-6.945570468902588	b'well , unless almost halfway the third confidante he signed in the criticism ***mask*** out .'
True	0	reflect	0.5278418660163879	reflects	-2.1641368865966797	b'if you believe any grandchildren or ***mask*** any exam afterward occasionally , please see louisiana murphy at sixteen or sue berlin at seven .'
True	0	makes	2.951641082763672	make	-0.5907597541809082	b'it relates the majority for belief aircraft and ***mask*** , \xe2\x80\x9c we are purchased that the regulatory should not overcome with strong - pump differences who continue to pick and revise forth and onwards in the sanctions , countries , and losses of weird perfection . \xe2\x80\x9d'
True	0	create	7.190554141998291	creates	3.586237668991089	b'please delete me wrap if you believe any favorites or ***mask*** anything unprecedented .'
skipping is/are
True	0	want	14.543646812438965	wants	9.324586868286133	b'i dislike this urban society and ***mask*** to leave this whole enviroment .'
True	0	deliver	6.443672180175781	delivers	2.256802797317505	b'prices incomplete : lake nine through industry seven ( acquiring you receive on the photograph we pose and ***mask*** directly to lodging the horse after we pose )'
True	0	generates	7.2451066970825195	generate	4.645168781280518	b'this clerk of luck represents around the snow s swing and controllers and ***mask*** a revenue for the nightmare accidentally on the receipt of the club in tribe of decision seconds .'
True	0	allows	0.749711275100708	allow	0.7416135668754578	b'my dentist with arriving the hatred solely ***mask*** , could it be arrested that regularly everyone heard the hole would or could arrive at any jaw , since we firmly needed bbc and pigs and if they remembered they might have purchased a critical software ??'
False	1	explain	1.3696999549865723	explains	1.514091968536377	b'i want the chores on which i should develop your website ***mask*** : ( a ) do you translate a willing mother about the context to tall laptop kids built by austin amy ?'
True	0	write	6.463721752166748	writes	2.664694309234619	b'please make me remain if you pay any devices or ***mask*** anything independent .'
True	0	intends	4.231898307800293	intend	3.2902348041534424	b'the sole liberty i murdered this vision ***mask*** to exploit anyone comparing this if they condemn of some retaliation i can prefer marry a star to this today today .'
True	0	seek	0.5994808673858643	seeks	-1.7126963138580322	b'you assume the picketing and ***mask*** tube signature into the welfare .'
False	0	understands	1.528355598449707	understand	2.344775438308716	b'the first manager you die whenever you indicate on recovery ***mask*** that the cork disintegration never drops out the curse and tells into the gem failure .'
True	0	admits	-1.3315331935882568	admit	-2.0471062660217285	b'the cheapest hunt you can join in atta ***mask*** to tend to a stadium .'
True	0	chooses	0.3334556221961975	choose	-0.51130211353302	b'can you oppose that the logo we are bringing ***mask*** toward a respective and boring recovery ?'
False	0	reflects	-1.0604209899902344	reflect	-0.024953704327344894	b'see for a petroleum of reviewers in their junk that submits from the date and ***mask*** really to the police fo the looting .'
True	0	reflect	1.8191028833389282	reflects	0.1573629081249237	b'come me create if you tell any records or ***mask*** anything ugly .'
True	1	explain	-3.8145434856414795	explains	-6.3670196533203125	b'irish tables that personally would customize ***mask*** spaces , satellite , financial behalf and some temples of curtains .'
False	0	produces	2.2963531017303467	produce	3.255967855453491	b'the first provision you suck why you agree on bunch includes that the disgrace cancer frankly brings out the chili and ***mask*** into the trader scale .'
True	1	intend	-4.490996837615967	intends	-4.494046688079834	b'i begin the waters on which i should continue your toy ***mask*** : ( a ) do you disrupt a same sect about the lot to fortunate description capsules served by ivan arabic ?'
True	0	chooses	2.673604726791382	choose	-0.8827142715454102	b'can you exist that the border we are seeking ***mask*** toward a valid and various gun ?'
False	0	admits	2.21881103515625	admit	3.24147367477417	b"the surplus to bother in version ***mask*** that huge excellent lions and travels and shocked judicial compliments are lethal to hire badly certainly tired to the andaman in abdel than al - blue attorneys , and it would be virtual to develop one 's others off the barren convention ."
True	0	goes	14.537952423095703	go	10.177469253540039	b'look for a lot of stripes in their head that starts from the beak and ***mask*** back to the back fo the bird .'
False	2	appear	-0.05401533097028732	appears	0.3189128041267395	b'the effeminate sensitive years that never would recreate from backup ***mask*** painter , satellite , cheese , vet , typical surface and democratic connections of temperatures and resolutions -- rural as the leo kidney .'
True	0	decides	3.188253879547119	decide	-2.179337978363037	b'can you expire that the ground we are happening ***mask*** toward a partial and soothing custody ?'
True	0	manage	2.182251214981079	manages	-0.9334563612937927	b'you indicate the lettuce and ***mask*** nomination piece into the planet .'
True	0	appears	6.0802764892578125	appear	3.069993019104004	b'the strongest grave you can warn in alexandria ***mask*** to reopen to a channel .'
True	0	operates	-1.8761601448059082	operate	-2.811521291732788	b'the absolute payable lighting i have contributed ***mask*** that in the suggestion of iaea eighteen landlord of the creativity is increasingly traced in the lieutenant the password before the telephone , this swing deleted after the diplomatic condominium .'
True	0	represents	1.6486310958862305	represent	-0.5176013112068176	b'an agreeable insight executed in fifty ***mask*** there add billion " weapons " in the abdul israelis , but underage commanders are slowly healthier than this .'
False	0	allows	0.07404682785272598	allow	0.21042737364768982	b'the intense diversion i passed ago from them in the first mistake ***mask*** because my historical position who appeared with them was receiving out on his awful .'
True	0	serves	5.116964817047119	serve	0.0013763252645730972	b'this character of brass sends around the growth s spa and choices and ***mask*** a shit for the reality indoors on the decor of the bug in contrast of soul fights .'
True	0	tosses	2.3329665660858154	toss	-1.0319180488586426	b'if you laugh a worship who will migrate to you and marry he will execute and then remove his mankind , and not migrate what he is growing about why he continues balls at impressionist trips and ***mask*** they expect what you seek , why they will not circulate for you , prepare to this patronage ... he is the office for you .'
True	0	deserve	3.849520683288574	deserves	1.6009865999221802	b'put me decide if you condemn any days or ***mask*** anything exceptional .'
True	0	sucks	-2.374819278717041	suck	-3.7465763092041016	b'an amusing invitation arrived in five ***mask*** there oppose four " thousands " in the afghanistan appropriations , but invasive rats are still cheaper than this .'
True	0	grows	18.828020095825195	grow	15.558417320251465	b'also encourage your recipients to forward this along to their contacts , and so on , so that the movement to help her ***mask*** exponentially .'
False	1	operate	-1.4954583644866943	operates	-0.9308222532272339	b'i refer the facts on which i should raid your farce ***mask*** : ( a ) do you serve a joint congregation about the grill to gentle floor habits meant by edt electoral ?'
True	0	delivers	-1.4187743663787842	deliver	-2.5081703662872314	b'otherwise include your meals to prefer this incredibly to their photos , and however approximately , so that the stranger to destroy her ***mask*** efficiently .'
True	1	include	2.544556140899658	includes	1.6232223510742188	b'i listen the packages on which i should provide your chapel ***mask*** : ( a ) do you wash a vital hole about the perfume to fundamental locker stages kept by arabia atomic ?'
True	0	operates	0.9535795450210571	operate	-1.7809258699417114	b'the independent constant democracy i have reduced ***mask*** that in the palace of autumn eight kid of the violence is afterward checked in the pub the furnace before the coordination , this notion printed after the competitive fashion .'
False	0	adds	-3.3088700771331787	add	-1.0845110416412354	b'the unprecedented cash to choose for global ***mask*** to defend fifty , or your moment tent car reptile , and accept .'
False	0	understands	2.965559482574463	understand	3.1015923023223877	b'especially , the impressionist acupuncture designated for embarrassment ***mask*** whether our account ( the ecological application and thus the opportunity they spend to postpone ) is or affects not an essential kindness under the ranch .'
False	0	agrees	-1.0334200859069824	agree	2.18623423576355	b'because of the coordination that his tribal deck with nov ukraine had spent him , he continued hundreds humble as : " you can respond a conflict and a movement , eighteen tuna you ca n\'t define ***mask*** whenever you \'re meaningful also " and demonstrated collages to the " laurie levitt " partner promoting that " quickly he visited shiite proponents to pour slightly tolerable as a warning " .'
True	0	generate	0.9517210125923157	generates	-1.6353085041046143	b'birds suffer the example but ***mask*** her frightening cake and the landing progresses .'
True	0	deserves	0.1468978375196457	deserve	-4.2295427322387695	b'it thinks the resolution for pain instructor and ***mask*** , \xe2\x80\x9c we are perceived that the janet should not implement with reasonable - carrier reservations who spend to make and spawn personally and abruptly in the rabbits , salads , and partnerships of fashioned database . \xe2\x80\x9d'
True	0	believes	1.0449984073638916	believe	-2.0762405395507812	b'can you interfere that the boulevard we are bleeding ***mask*** toward a municipal and marvelous pursuit ?'
skipping is/are
False	1	employ	-1.1625444889068604	employs	0.5851466655731201	b'the empty ft we prefer in our religion ***mask*** ; we become trend responsibility for easter , police conclusion and target - landlord for finland .'
True	0	adds	1.6993147134780884	add	0.9933962821960449	b'the annoyed custody to retaliate for technical ***mask*** to monitor two , or your priest foreigner rejection flank , and introduce .'
False	0	includes	4.004851341247559	include	4.531702995300293	b'the advanced crucial container i have chosen ***mask*** that in the discretion of ei eighteen station of the rain is onshore banned in the blower the substance before the feeder , this compensation felt after the retarded doctor .'
True	0	makes	2.8480162620544434	make	-0.4888743758201599	b'it wakes the king for ball alarm and ***mask*** , \xe2\x80\x9c we are signed that the mohammed should not impose with messy - prayer minds who become to preserve and recruit widely and unanimously in the restrictions , civilians , and standards of compatible spreadsheet . \xe2\x80\x9d'
True	1	suck	-0.8861815333366394	sucks	-4.9723639488220215	b"whie i do n't register to the leash that the partnerships we learn or provide to ***mask*** no acceptance on our guest ( which i laugh is historically spiritual ) , it does reflect me whenever difficulties represent out a considerable transition of bodies to produce the sales on ."
True	0	spends	1.771449089050293	spend	-0.09055168926715851	b'extremely adjust your centres to listen this aggressively to their budgets , and completely officially , so that the propaganda to remove her ***mask*** underneath .'
False	0	affirms	1.6808152198791504	affirm	1.6808152198791504	b'the happy discharge i seized this vision ***mask*** to assist anyone dispersing this if they tend of some transaction i can retrieve perform a buildup to this plan chess .'
True	0	toss	1.5533534288406372	tosses	-0.5341737270355225	b'come me throw if you pay any moors or ***mask*** anything unlimited .'
True	0	carry	2.436000108718872	carries	-4.377926826477051	b'i continue this illegal bombing and ***mask*** to hang this popular exam .'
False	0	understands	-1.643824815750122	understand	1.5312623977661133	b'my registration with achieving the prosecution pursuant ***mask*** , could it be agreed that politely everyone flew the branch would or could impress at any tabs , since we primarily flowed ham and computers and if they blended they might have cooked a healthy mouth ??'
True	0	come	4.415128707885742	comes	3.1181814670562744	b'if you develop any fans or ***mask*** any invoice apart automatically , please see troy carnegie at two or singer wood at seven .'
True	0	provide	3.1534006595611572	provides	0.16949135065078735	b'go me listen if you pose any firms or ***mask*** anything ethnic .'
False	1	explain	-6.090126991271973	explains	-5.200603485107422	b'irish spurs that predominantly would reflect ***mask*** ships , penny , lynch beach and some deaths of rebels .'
True	0	meet	3.5929949283599854	meets	0.7099287509918213	b'beware me digest if you throw any couples or ***mask*** anything edible .'
skipping is/are
True	1	expects	3.124929189682007	expect	1.5741198062896729	b'the economic functional murderer that he writes ***mask*** that he particularly goes his cabins and surely cares fabulous with his difficult gem .'
True	1	remain	5.483270645141602	remains	1.410831332206726	b"whie i do n't communicate to the pilot that the speakers we choose or suggest to ***mask*** no inquiry on our worker ( which i require is wholly scientific ) , it does remind me whenever requests seek out a temporary bench of helicopters to prescribe the deadline on ."
True	0	ensure	1.8072121143341064	ensures	-2.8473620414733887	b'they extremely add if you make route in your wager , ( for gains like me ) , they begin an attraction of the sheet and ***mask*** naked appropriations to wander .'
False	0	understands	0.693877637386322	understand	2.8829777240753174	b'the unacceptable privileged photography i have filled ***mask*** that in the kidney of agra eighteen complaint of the voting is individually described in the career the journey before the tug , this therapy paid after the tripartite harness .'
True	0	sees	2.7262279987335205	see	2.724435329437256	b'actually adjust your hens to meet this obviously to their references , and still abroad , so that the difficulty to deserve her ***mask*** approximately .'
False	1	extend	-2.661079168319702	extends	-1.1089612245559692	b'i refuse the volumes on which i should cancel your country ***mask*** : ( a ) do you donate a frustrating satisfaction about the context to soft surface drugs noticed by ontario aires ?'
True	0	ensures	6.430017471313477	ensure	5.5719828605651855	b'the first facility you carry whenever you oppose on sympathy ***mask*** that the pocket garage super receives out the paw and lasts into the grave flooding .'
True	0	assumes	4.972967147827148	assume	3.6704673767089844	b'the awful busy breeder i have passed ***mask*** that in the rabbit of iceland eighteen spa of the campaigning is otherwise kept in the proportion the flipping before the hotel , this carbon turned after the big web .'
True	0	recommends	0.3703983426094055	recommend	0.0010966882109642029	b'as you suffer above the provision , the plenty of the superior migrant goes your drama and ***mask*** you contain newer and clearer .'
True	0	has	12.725371360778809	have	6.437478065490723	b'this type of harness goes around the dog s chest and legs and ***mask*** a clip for the leash up on the back of the dog in middle of shoulder blades .'
True	0	visit	9.648199081420898	visits	7.157831192016602	b'dignitaries condemn the act but ***mask*** her bereaved family and the money flows .'
False	1	enjoy	-1.8944711685180664	enjoys	-1.0917667150497437	b'the academic grandparents we proceed in our channel ***mask*** ; we pose market none for easter , flipping reputation and scam - tonight for chechnya .'
True	2	include	11.88034725189209	includes	8.406396865844727	b'the important commercial species that probably would benefit from warming ***mask*** cod , haddock , saithe , herring , blue whiting and several types of flatfish and crustaceans -- such as the norway lobster .'
True	0	hears	1.3658210039138794	hear	0.15427449345588684	b'even adjust your prices to begin this indeed to their dividends , and carefully aggressively , so that the route to dine her ***mask*** incorrectly .'
True	0	fails	-0.26916033029556274	fail	-1.6976268291473389	b'a reserve forum anticipated in lanka fifty ***mask*** , " due to its vet astride the warner carnival , assembly has fairly been a whim to the client .'
False	0	enjoys	-2.4578866958618164	enjoy	-2.1385250091552734	b'the automatic traveler i threw eventually from them in the first consumption ***mask*** because my fortunate crime who appreciated with them was looking out on his ambitious .'
True	0	comes	9.819005012512207	come	6.970489025115967	b'can you interfere that the spring we are joking ***mask*** toward a same and reasonable medicine ?'
True	0	ensure	3.429603338241577	ensures	-1.1788382530212402	b'they exponentially indicate if you carry bull in your panic , ( for lions like me ) , they laugh an extent of the field and ***mask*** similar affairs to bless .'
True	0	continue	5.706425666809082	continues	0.6640938520431519	b'i hear we possibly pick the milk and ***mask*** to lebanon .'
False	0	tends	0.8912784457206726	tend	2.0007364749908447	b'i remain the salsa you preceded to me ***mask*** to the belgium pew at europe ( ran in nicobar ) .'
True	0	operates	-2.873568296432495	operate	-4.091564178466797	b'the unaware site to click for mobile ***mask*** to withdraw six , or your cousin magazine warranty snack , and owe .'
False	0	includes	0.7841329574584961	include	1.9262254238128662	b'my dad with establishing the protein surely ***mask*** , could it be approved that publicly everyone lacked the tug would or could exceed at any permission , since we roughly drafted philip and tamils and if they felt they might have needed a meticulous directive ??'
True	1	develop	4.411850452423096	develops	-0.4362444281578064	b'but unacceptable demons do compel the route they propose he will grow , and the agreements who provide him ***mask*** to obtain the appropriations who exist him .'
False	0	produces	-4.199764728546143	produce	-2.4043679237365723	b'i consider the dominance you replied to me ***mask*** to the kennedy coogan at april ( tried in kim ) .'
True	1	reflect	1.4654217958450317	reflects	-3.270507574081421	b'but attentive hosts do harass the fan they manage he will recreate , and the implications who wash him ***mask*** to emit the establishments who expect him .'
True	1	agrees	3.7004153728485107	agree	1.9373316764831543	b'the inappropriate romantic diversion that he submits ***mask*** that he honestly demonstrates his fundamentalists and gently follows necessary with his visible correction .'
True	0	beg	-3.613510847091675	begs	-4.8419013023376465	b'find me retake if you develop any publications or ***mask*** anything optimistic .'
True	0	relates	2.8612589836120605	relate	-0.21617138385772705	b'the first pig you carry whenever you eat on possibility exists that the scrap photographer downhill lasts out the punishment and ***mask*** into the sensitivity shame .'
True	1	appear	-1.8486117124557495	appears	-2.5382115840911865	b'antique spurs that greatly would testify ***mask*** contents , chairman , portugal profile and some liberties of cartoons .'
True	0	observes	2.838604211807251	observe	1.456068515777588	b"the rebel to hire in sensitivity ***mask*** that many afraid strategies and seas and respective retired birds are basic to pour badly partly brave to the ukraine in israel than al - berlin utensils , and it would be neat to fill one 's affairs off the gentle convenience ."
True	0	need	11.4680814743042	needs	7.512515544891357	b'please let me know if you have any questions or ***mask*** anything else .'
True	0	enter	2.966884136199951	enters	-1.386772871017456	b'they indefinitely operate if you hear master in your time , ( for hijackers like me ) , they lose an environment of the consistency and ***mask*** narrow earthworms to prepare .'
True	0	compares	1.360216498374939	compare	-0.81273353099823	b'an external origin authorized in sixteen ***mask*** there assume seven " kilometres " in the ana arabs , but impeccable countries are possibly lighter than this .'
True	0	manage	5.3199591636657715	manages	2.106647491455078	b'ladies initially : jeremy two through electoral three ( expanding you manage on the purpose we listen and ***mask*** rarely to thread the cat after we listen )'
True	0	explains	2.7831854820251465	explain	1.1156576871871948	b'the recent wording i tried this jar ***mask*** to evacuate anyone telling this if they proceed of some stylist i can postpone seem a decor to this document report .'
False	0	includes	1.0999246835708618	include	1.4658751487731934	b'the asymmetrical wager i blew indeed from them in the first bench ***mask*** because my dumb friendship who ordered with them was suggesting out on his electrostatic .'
True	0	seeks	5.171152114868164	seek	2.3149571418762207	b'as you laugh above the compliance , the theater of the latter source develops your section and ***mask*** you reassure taller and clearer .'
False	0	begs	-1.853179693222046	beg	-0.5930991172790527	b'i seem the manner you called to me ***mask*** to the croatia grill at amsterdam ( said in teresa ) .'
True	0	refers	4.244472026824951	refer	1.719092845916748	b'can you approve that the rivalry we are joining ***mask*** toward a suspicious and privileged disaster ?'
False	1	intend	-2.8397440910339355	intends	-1.2505820989608765	b'i recognize the dollars on which i should revise your band ***mask*** : ( a ) do you communicate a valid predator about the lifeboat to constant mystery cats strengthened by antichrist autumn ?'
True	0	begins	3.3094935417175293	begin	-0.5277918577194214	b'come for a team of women in their guerilla that generates from the cabinet and ***mask*** mostly to the cave fo the propane .'
True	0	belong	-3.11743426322937	belongs	-4.179622650146484	b'judges laugh the imprisonment but ***mask*** her monthly wire and the neighborhood relates .'
False	0	understands	1.6090495586395264	understand	3.607008695602417	b"the wing to concur in reduction ***mask*** that retired antique courses and rockies and preventive full deer are tragic to describe soon historically hospitable to the ontario in ontario than al - sharon alternatives , and it would be fashioned to collect one 's utilities off the senior feedback ."
True	0	remember	1.2376084327697754	remembers	-3.3780319690704346	b'you apply the toy and ***mask*** fighter hair into the blackmail .'
True	0	dies	3.8993771076202393	die	0.744638204574585	b'this conviction of homosexuality melts around the team s neighbor and militants and ***mask*** a director for the jerk importantly on the beard of the lunch in weapon of law thieves .'
True	1	includes	6.4414262771606445	include	6.053318977355957	b'the unable forthcoming hospitality that he deserves ***mask*** that he strongly sees his prisoners and necessarily writes diplomatic with his northeastern wasp .'
True	0	require	3.402489423751831	requires	1.5826152563095093	b'learn me miss if you carry any whereabouts or ***mask*** anything unbelievable .'
True	0	delivers	0.953517735004425	deliver	-0.14947955310344696	b'can you enable that the contribution we are checking ***mask*** toward a generic and controversial cage ?'
True	0	hears	0.6078081130981445	hear	-1.2238739728927612	b'an unknown alert aggravated in nine ***mask*** there oppose three " genitals " in the andre ages , but unpopular standards are roughly happier than this .'
True	0	want	2.3003828525543213	wants	-1.879870891571045	b"terms who require these actions ***mask*** at the effort amazingly ; and it 's ridiculous to concur they are absolute and sunny to withdraw no if they deny there would fix a therapist ."
True	0	see	8.598372459411621	sees	3.625912666320801	b'if you meet any records or ***mask*** any army incomplete always , please hang rahman hell at three or palestine niagara at six .'
True	0	refer	2.482027292251587	refers	1.3955202102661133	b'prices prefer the opinion but ***mask*** her primary tract and the clothing begins .'
False	0	observes	-5.136547088623047	observe	-2.038187026977539	b'my yoga with answering the throat technically ***mask*** , could it be understood that properly everyone belonged the parent would or could establish at any swing , since we correctly warned courtney and californians and if they killed they might have saved a cruel violence ??'
skipping is/are
True	1	explain	-2.4585471153259277	explains	-4.653141021728516	b'asian traditions that hopefully would wrap ***mask*** trees , reconciliation , saddam waitress and some reservations of measures .'
False	0	throws	-1.3624072074890137	throw	1.9889562129974365	b'i remain the kid you tested to me ***mask*** to the colin coalition at okinawa ( guaranteed in loretta ) .'
False	0	adds	-2.7066526412963867	add	-1.5044927597045898	b'the electronic convenience i chose apparently from them in the first station ***mask*** because my functional connection who indicated with them was telling out on his undecided .'
False	0	provide	0.47798213362693787	provides	1.5574572086334229	b'i spend this acceptable wagon and ***mask*** to prepare this regional energy .'
True	0	recommend	1.7441829442977905	recommends	0.4054297208786011	b'i serve we somewhat sell the fan and ***mask*** to kline .'
True	0	indicates	3.2549095153808594	indicate	2.60209321975708	b'because of the virus that his solar photography with delivery oglethorpe had happened him , he missed producers yellow as : " you can communicate a spore and a bravery , eight menu you ca n\'t prepare ***mask*** why you \'re limp unfortunately " and stayed currents to the " taiwan canal " jail containing that " repeatedly he phoned perfect foreigners to collect warmly militant as a philosophy " .'
True	0	remains	-0.5674546957015991	remain	-1.7420637607574463	b'i proceed the towing you threw to me ***mask*** to the don rice at ayatollah ( folded in milan ) .'
True	0	indicates	8.664198875427246	indicate	5.636682987213135	b'the unexpected radical notification i have proposed ***mask*** that in the collateral of orr eighteen locker of the majority is immediately protected in the pasture the merger before the skill , this shame tasted after the biochemical device .'
True	0	relate	-0.18658293783664703	relates	-5.463312149047852	b"programs who seem these adults ***mask*** at the ideology entirely ; and it 's defensive to put they are unconnected and dead to grab no if they die there would commit a phenomenon ."
False	0	loses	2.876474142074585	lose	3.1163697242736816	b'i decide the notch you began to me ***mask*** to the tiffany mcdonald at atlanta ( maintained in superfund ) .'
False	0	decides	1.9952551126480103	decide	3.5345606803894043	b'if you die a source who will represent to you and reflect he will expand and then migrate his determination , and not regret what he is hoping about whenever he depends reasons at eastern temperatures and ***mask*** they indicate what you throw , why they will not defend for you , come to this tension ... he is the affair for you .'
True	0	delivers	-1.4632580280303955	deliver	-3.2265610694885254	b'well , unless inevitably thus the third lease he deleted in the chapter ***mask*** out .'
True	0	generate	9.35460090637207	generates	3.8096582889556885	b'if you manage any dilemmas or ***mask*** any energy occasionally overly , please continue kaufman jan at seven or lake rolling at fifteen .'
True	0	points	14.584343910217285	point	8.813095092773438	b'can you accept that the road we are travelling ***mask*** toward a grim and painful future ?'
False	1	adds	-1.1751312017440796	add	0.5131756067276001	b'the joint lot cases recommend there ***mask*** raid to the craft .'
True	0	includes	3.9637763500213623	include	2.7641656398773193	b'the hysterical democracy i started this counsel ***mask*** to identify anyone seeking this if they provide of some preparation i can prove strengthen a recovery to this brass period .'
skipping is/are
True	0	demonstrate	1.965011715888977	demonstrates	-0.9284738302230835	b'commissioners decide the advertising but ***mask*** her delicate driver and the surplus supports .'
True	0	refuse	2.696256399154663	refuses	1.79940927028656	b'wolves see the exclusion but ***mask*** her geographical space and the death receives .'
True	1	assume	0.8330931663513184	assumes	-0.9847284555435181	b'the electoral parties we tolerate in our label ***mask*** ; we manage percentage tutorial for easter , climate chili and warning - rein for christianity .'
True	0	write	4.847541332244873	writes	2.55194091796875	b'wait me grow if you learn any targets or ***mask*** anything unconnected .'
True	0	lose	3.1380667686462402	loses	-0.9113562107086182	b'i come we rapidly begin the tin and ***mask*** to southwest .'
True	0	require	13.504277229309082	requires	9.756316184997559	b'if you have any questions or ***mask*** any assistance at all , please contact hope duncan at 202.739.0134 or jeff mangold at 703.729.2710 .'
False	0	observes	-5.3848090171813965	observe	-2.639887809753418	b'the aware coast i requested onboard from them in the first center ***mask*** because my glad midst who enjoyed with them was seeking out on his unfortunate .'
True	0	carry	4.949789524078369	carries	2.010674476623535	b'please put me communicate if you lose any headlines or ***mask*** anything unacceptable .'
True	0	believe	3.899125337600708	believes	-0.14672808349132538	b"prices who pale these astronauts ***mask*** at the enjoyment anymore ; and it 's hectic to commit they are environmental and bored to foresee no if they begin there would deliver a vegetable ."
True	2	expect	-0.766877293586731	expects	-3.3244693279266357	b'the extraordinary false provinces that secretly would cancel from scrap ***mask*** protein , bunch , lifeboat , lease , visible sensitivity and terrible bottles of relatives and sales -- sensitive as the capricorn background .'
True	1	apply	-0.8744952082633972	applies	-4.196308612823486	b'additional leaders that thereafter would translate ***mask*** things , property , jared combo and some lions of guidelines .'
False	0	ensures	-3.4563982486724854	ensure	-1.393064022064209	b'the interested popularity to reconsider for lax ***mask*** to retrieve six , or your professor difference criticism competition , and adjust .'
True	0	carry	2.6616177558898926	carries	-2.604085922241211	b'you exist the chairman and ***mask*** disease fan into the sovereignty .'
True	1	intend	-0.3583134412765503	intends	-1.9873158931732178	b'additional parties that frankly would conclude ***mask*** donations , custody , japan ticket and some provisions of toes .'
True	0	makes	19.407978057861328	make	14.472066879272461	b'as you sit above the world , the warmth of the golden sun penetrates your body and ***mask*** you feel warmer and warmer .'
True	0	seek	5.831744194030762	seeks	1.24242103099823	b'you operate the campaign and ***mask*** counsel grandson into the facility .'
True	0	loses	-0.9597062468528748	lose	-3.4797282218933105	b'it refuses the council for man expectation and ***mask*** , \xe2\x80\x9c we are filmed that the lake should not enable with massive - character companies who provide to commit and revise regardless and indoors in the responsibilities , bottles , and chicks of satisfied creation . \xe2\x80\x9d'
False	0	learns	-3.7329578399658203	learn	-2.681957721710205	b'an underage atrophy equipped in billion ***mask*** there intend seven " complexes " in the eurasia indians , but infinite tires are nowadays cheaper than this .'
True	0	observe	2.2350399494171143	observes	-4.518926620483398	b'they obviously anticipate if you make boy in your facility , ( for bottles like me ) , they realize an ownership of the participant and ***mask*** certified agencies to prove .'
False	0	belong	-4.764776229858398	belongs	-2.908548593521118	b'rules listen the artwork but ***mask*** her promotional perception and the queen produces .'
True	1	intends	0.6851240992546082	intend	-2.920954465866089	b'the unsure strategic story that he tells ***mask*** that he virtually contains his bucks and currently continues necessary with his dire pleasure .'
True	0	suggest	2.06827712059021	suggests	-1.2310080528259277	b'reports eventually : limerick fifteen through ismail nine ( emerging you listen on the coat we decide and ***mask*** sufficiently to feedback the setback after we hear )'
True	0	spend	2.253653049468994	spends	-0.11236938834190369	b'cats provide the ownership but ***mask*** her huge manufacturer and the pup cares .'
True	0	requires	6.640300750732422	require	4.038638114929199	b'this wire of capability reflects around the commodity s trend and bombers and ***mask*** a memo for the sect eventually on the receiver of the diversion in payment of photo duties .'
True	0	allows	0.7852622270584106	allow	0.7840373516082764	b'my landing with increasing the crab traditionally ***mask*** , could it be understood that shortly everyone replaced the proportion would or could achieve at any mile , since we relatively felt messenger and fridays and if they planned they might have diagnosed a spiritual mode ??'
True	0	insists	0.7725586295127869	insist	-0.519932210445404	b'the homemade counsel i listened this beard ***mask*** to execute anyone filling this if they throw of some letter i can vomit propose a heart to this patience cage .'
True	0	begin	5.548970699310303	begins	1.2617179155349731	b'i continue we pursuant meet the cave and ***mask*** to lucy .'
True	0	applies	-1.1263185739517212	apply	-1.6923162937164307	b'the immediate strong parent i have lived ***mask*** that in the cafe of alito eighteen teeth of the health is abundantly monitored in the warlord the consumer before the medal , this showroom grabbed after the cute reconciliation .'
skipping is/are
skipping is/are
False	0	understands	-4.265535354614258	understand	-0.409921258687973	b'the first fence you laugh why you admit on coup ***mask*** that the trial life really happens out the kitchen and hates into the floor beard .'
True	0	intends	2.055974006652832	intend	-0.9568638205528259	b'usually , the insecure invoice taken for infantry ***mask*** whether our index ( the incredible invention and somehow the arrangement they see to protect ) is or objects not an identical whim under the healthcare .'
True	0	happens	3.220221757888794	happen	0.6336288452148438	b'turn for a musician of stories in their concert that belongs from the locker and ***mask*** successfully to the punishment fo the jury .'
True	0	pay	6.006423473358154	pays	1.1847718954086304	b'ladies exactly : columbia six through abramoff five ( attempting you propose on the tea we decide and ***mask*** politely to speaker the wolf after we propose )'
True	0	go	16.939306259155273	goes	10.019125938415527	b'days away : sept. 21 through oct. 3 ( assuming you work on the day we leave and ***mask*** back to work the day after we return )'
False	0	understands	-0.891655445098877	understand	0.03299051150679588	b'the uncut sweet waiter i have placed ***mask*** that in the lottery of amsterdam eight trip of the language is afterward taken in the scrutiny the child before the grid , this sea published after the tall salsa .'
True	0	continue	1.0227444171905518	continues	-1.9089239835739136	b'click me wear if you suck any shelves or ***mask*** anything aortic .'
False	0	adds	0.38276785612106323	add	1.7091001272201538	b'the smallest studio you can carry in omar ***mask*** to burn to a suggestion .'
False	0	sees	1.7920551300048828	see	1.823174238204956	b'it seems the tourist for quo identity and ***mask*** , \xe2\x80\x9c we are projected that the terry should not oppose with legislative - payout sanctions who remember to remain and communicate shortly and automatically in the tensions , temples , and messages of necessary cousin . \xe2\x80\x9d'
True	0	learns	1.0778768062591553	learn	-0.5166594386100769	b'bring for a heaven of weapons in their virus that reads from the master and ***mask*** smoothly to the task fo the marketing .'
True	0	throws	5.7264204025268555	throw	2.290259838104248	b'as you seem above the ton , the perfume of the critical protein provides your pattern and ***mask*** you reassure newer and taller .'
True	1	spend	6.503678798675537	spends	-0.24591222405433655	b"whie i do n't solve to the commission that the stars we choose or receive to ***mask*** no aircraft on our death ( which i want is promptly generic ) , it does generate me whenever projects carry out a relaxed spa of crimes to see the pork on ."
True	0	receive	-0.5229490995407104	receives	-4.006810665130615	b'i propose this astounding rail and ***mask*** to pursue this naive office .'
True	0	exists	2.2228198051452637	exist	-0.2464352697134018	b'the first proportion you collaborate whenever you exist on darkness ***mask*** that the junk tractor respectively pays out the hybrid and suggests into the permission tax .'
True	0	allows	2.514988422393799	allow	1.711338758468628	b'my haven with acting the character merely ***mask*** , could it be accepted that cheaply everyone grabbed the labor would or could assist at any picketing , since we regularly listened beijing and metals and if they remembered they might have titled a honest direction ??'
True	0	intends	0.6983934044837952	intend	-1.0634411573410034	b'ever , the immediate absorption created for arthritis ***mask*** whether our ets ( the unknown exposure and dramatically the energy they describe to maintain ) is or understands not an angry reality under the corps .'
False	0	understands	-1.5332295894622803	understand	-0.05587324500083923	b'the rare reversal i called this sauce ***mask*** to attend anyone doing this if they make of some puppy i can breathe forget a bag to this thanks money .'
True	0	deserves	-0.47237902879714966	deserve	-0.8002365231513977	b'i deny the brain you developed to me ***mask*** to the janice sancho at ips ( protected in mills ) .'
False	0	explains	-1.8218297958374023	explain	0.06941643357276917	b'because of the musician that his timely comparison with ray ei had protected him , he contacted rewards solid as : " you can regret a pewter and a master , eighteen capacity you ca n\'t foresee ***mask*** whenever you \'re crucial indefinitely " and said snakes to the " prophet scotland " tension watching that " basically he belonged dear policies to wrap neatly preventive as a room " .'
True	0	suffers	0.571019172668457	suffer	-0.4550173878669739	b'the first dioxide you deny why you admit on tip enjoys that the tourism staff hereby crashes out the company and ***mask*** into the heating friendship .'
False	0	meets	-1.1228357553482056	meet	-0.019635140895843506	b'well , unless indeed quietly the third position he phoned in the marketing ***mask*** out .'
True	0	create	7.181734085083008	creates	4.236855506896973	b'save me discuss if you tend any conclusions or ***mask*** anything amusing .'
True	0	realise	-0.3770972192287445	realises	-4.773495197296143	b"stars who recognize these attempts ***mask*** at the id incorrectly ; and it 's grand to harass they are educated and naive to reassure no if they come there would spell a direction ."
True	0	put	5.411165237426758	puts	3.2387590408325195	b'you add the water and ***mask*** water conditioner into the water .'
True	0	states	14.164437294006348	state	8.613309860229492	b'it presents the case for marriage equality and ***mask*** , \xe2\x80\x9c we are resolved that the state should not interfere with same - gender couples who choose to marry and share fully and equally in the rights , responsibilities , and commitments of civil marriage . \xe2\x80\x9d'
True	0	adds	5.923513889312744	add	3.6720709800720215	b"the wolf to continue in time ***mask*** that critical afghan kinds and pakistanis and dissatisfied kurdish gentlemen are romantic to harass badly faithfully tall to the andrew in ashcroft than al - lonely appointees , and it would be gullible to prove one 's ecosystems off the final sea ."
True	0	respond	1.72365140914917	responds	0.387226939201355	b'i refer we perfectly provide the pub and ***mask*** to cst .'
True	0	suggests	14.959135055541992	suggest	10.026597023010254	b'an official estimate issued in 2003 ***mask*** there are 50,000 " foreigners " in the andaman islands , but unofficial figures are much higher than this .'
