True	1	exists	0.6929998397827148	exist	-0.2155497670173645	b'the organised massive skin that he depends ***mask*** that he thus sends his rights and nowadays tells lazy with his northeastern merchant .'
True	0	ensures	-2.8104395866394043	ensure	-2.909304141998291	b'because of the paperwork that his terrible father with dental alan had shared him , he saved wonders continental as : " you can retake a programming and a problem , eighteen song you ca n\'t gather ***mask*** whenever you \'re humble abroad " and discussed nostrils to the " future korea " dish removing that " primarily he said pakistani hands to reassure thus vital as a receipt " .'
False	0	admits	0.7438368201255798	admit	0.8597814440727234	b'the first settlement you suggest whenever you extend on rumor ***mask*** that the premium media slowly melts out the culture and dies into the belly fever .'
True	0	spill	1.0283259153366089	spills	0.8646297454833984	b'if you choose any holdings or ***mask*** any electricity ethnically already , please tell sarah gm at six or crawford kevin at nine .'
True	0	decide	3.944206714630127	decides	1.1014702320098877	b'please groom me translate if you prefer any forums or ***mask*** anything obvious .'
True	0	approves	-0.9039081335067749	approve	-3.445634603500366	b"the sauce to recruit in pastor ***mask*** that full european complexes and communists and strange jewish species are conventional to hang soon thereby violent to the amsterdam in isi than al - taiwan animals , and it would be numerous to recover one 's alarms off the governmental radar ."
True	0	operates	-1.1992907524108887	operate	-2.593292236328125	b'the first loan you respond why you indicate on frequency ***mask*** that the time remainder finally belongs out the speech and pays into the zoo technology .'
False	1	insist	-2.8852155208587646	insists	-1.7685891389846802	b'the ecological wines we believe in our night ***mask*** ; we come drawer today for easter , rivalry difficulty and weapon - machine for louisiana .'
True	0	deserve	1.65064537525177	deserves	-0.4966955780982971	b'please make me verify if you require any dancers or ***mask*** anything underage .'
True	0	tend	1.613803505897522	tends	1.4286370277404785	b'i consider this adequate reputation and ***mask*** to relate this dangerous event .'
True	0	use	11.331442832946777	uses	4.703347682952881	b'they always ask if you have meat in your dish , ( for vegetarians like me ) , they scrub an area of the grill and ***mask*** separate utensils to cook .'
True	0	adds	2.7675273418426514	add	1.896610140800476	b'the first reduction you believe why you intend on decor ***mask*** that the commission soil specifically becomes out the virus and leads into the spirit market .'
True	0	adds	-0.1474291831254959	add	-1.0366867780685425	b'the effective communication to thank for romantic ***mask*** to pursue three , or your boy tumor software behavior , and encourage .'
True	1	remain	5.985628128051758	remains	1.4755104780197144	b'but unbelievable malls do describe the quiz they prefer he will replace , and the artists who remain him ***mask*** to investigate the appointments who extend him .'
False	2	explain	-1.4741545915603638	explains	-0.9633350968360901	b'the overcrowded strategic tourists that strictly would meet from meditation ***mask*** misunderstanding , bladder , poisoning , jerk , pure target and lovely rebels of marketers and cleaners -- previous as the doug snack .'
True	0	suggest	7.284667491912842	suggests	2.5643324851989746	b'if you condemn any disasters or ***mask*** any error economically afterward , please specify butcher samuel at fifteen or tet nov at six .'
True	0	tend	6.581411361694336	tends	0.9877254962921143	b'i seem we promptly suck the disaster and ***mask*** to jafar .'
True	0	represent	2.4169864654541016	represents	1.7948304414749146	b'follow me predict if you put any publications or ***mask*** anything impenetrable .'
False	1	exist	-1.939946174621582	exists	-1.4697697162628174	b'the electrostatic fisheries we develop in our monkey ***mask*** ; we listen perspective wall for easter , planet testimony and supervisor - budget for wii .'
True	1	employ	-1.011738657951355	employs	-3.217261791229248	b'i develop the liberals on which i should lace your gender ***mask*** : ( a ) do you pour a painful requirement about the cafeteria to delighted swap shops begun by andaman andre ?'
True	0	enters	-0.07569104433059692	enter	-0.8000677227973938	b'my career with using the fantasy frequently ***mask*** , could it be eaten that perfectly everyone bought the swap would or could eat at any justice , since we happily prevented veterinary and wars and if they gave they might have grown a scientific blackmail ??'
True	0	represent	-1.4648408889770508	represents	-4.356652736663818	b'i deny this expensive customer and ***mask*** to remember this costly atrophy .'
False	0	understands	3.5682108402252197	understand	5.7457756996154785	b'instead , the effective extent killed for editor ***mask*** whether our usb ( the unaware obligation and nearly the exclusion they pose to compel ) is or involves not an obvious curve under the purse .'
True	0	tells	0.9203695058822632	tell	-2.927685260772705	b'the first goodness you laugh whenever you agree on testimony appears that the discovery king presently cares out the filter and ***mask*** into the salsa competition .'
True	2	enjoy	-2.0883049964904785	enjoys	-5.894508361816406	b'the overwhelming short properties that primarily would dial from lottery ***mask*** termination , divorce , term , wagon , militant salt and downstream martyrs of methods and wounds -- soothing as the karl separation .'
True	0	dies	2.257441282272339	die	-0.6755943298339844	b'as you sell above the rape , the temper of the complicated stone feels your nature and ***mask*** you grow lighter and newer .'
True	0	makes	0.7153493165969849	make	-1.1226965188980103	b'put for a button of centuries in their reviewer that pays from the defence and ***mask*** historically to the bluff fo the reaction .'
True	1	carry	3.625149965286255	carries	0.23790933191776276	b'but automatic millions do cancel the tutorial they dislike he will wash , and the explosives who provide him ***mask*** to argue the edges who insist him .'
False	0	expect	3.479853630065918	expects	4.30969762802124	b'they especially include if you die reaction in your separation , ( for transfers like me ) , they believe an investment of the teacher and ***mask*** barren officials to receive .'
True	1	assumes	6.886656761169434	assume	4.3425140380859375	b'the insecure weird shelter that he suggests ***mask*** that he possibly depends his participants and vigorously blames relevant with his funny process .'
True	1	approves	1.3838170766830444	approve	-0.6979546546936035	b'the enjoyable huge wing that he melts ***mask*** that he generally loves his hearings and properly relates conscious with his similar difficulty .'
True	1	begin	1.1897038221359253	begins	-2.484886407852173	b"whie i do n't consider to the discussion that the cabins we wash or meet to ***mask*** no user on our corps ( which i deserve is wholly conservative ) , it does mention me why ranchers die out a prior homeland of things to hear the vulnerability on ."
True	1	include	13.596080780029297	includes	9.35599136352539	b'important species that probably would decline ***mask*** shrimp , capelin , greenland halibut and some varieties of flatfish .'
True	0	represents	-4.216927528381348	represent	-5.165324687957764	b'well , unless abruptly harshly the third siege he paid in the mosque ***mask*** out .'
True	0	tend	0.0335673913359642	tends	-3.9514856338500977	b'if you laugh any flowers or ***mask*** any omnibus incredibly entirely , please breathe fred gerald at twenty or coogan medici at thirty .'
True	0	look	18.667936325073242	looks	11.9583740234375	b"workers who do these introductions ***mask*** at the interaction objectively ; and it 's good to see they are able and willing to say no if they feel there would be a problem ."
True	2	agree	-1.7640230655670166	agrees	-2.338870048522949	b'the usual noble peoples that freely would reduce from role ***mask*** dispute , tin , portion , studio , mass bravery and cultural ladies of years and forums -- fundamentalist as the francis pillow .'
True	0	belongs	14.191119194030762	belong	10.763126373291016	b'i believe the message you forwarded to me ***mask*** to the mark taylor at ei ( based in london ) .'
True	1	allows	2.308699369430542	allow	0.5382406115531921	b'the potable mistake properties believe there ***mask*** flee to the surgery .'
True	1	define	-0.019216537475585938	defines	-4.322997570037842	b'but insecure symptoms do rush the humanity they suck he will serve , and the extremists who lose him ***mask*** to amend the ants who include him .'
False	1	ensure	0.11648557335138321	ensures	0.1948249191045761	b'the ordinary wars we require in our tuna ***mask*** ; we suggest traveler dryer for easter , climate channel and propane - millet for stark .'
skipping is/are
True	1	want	10.262409210205078	wants	5.213757514953613	b'but inner declarations do customize the leaf they seem he will harass , and the immigrants who lose him ***mask*** to eat the injuries who enjoy him .'
True	0	deserves	-2.3620288372039795	deserve	-4.169405460357666	b'a bill cult accepted in scott three ***mask*** , " due to its ticket astride the christmas cambodia , iss has now been a trauma to the suicide .'
False	2	affirm	-4.899797439575195	affirms	-4.899797439575195	b'the affluent strong wishes that desperately would sell from movie ***mask*** feedback , territory , size , lifestyle , crazy highway and heavy rounds of laws and politics -- fatal as the youngstown belief .'
False	1	admits	-0.30857235193252563	admit	1.052951455116272	b'the capable treatment contractors recommend there ***mask*** ruin to the coordinator .'
True	0	go	13.343262672424316	goes	6.637476921081543	b'i say we just keep the dough and ***mask*** to mexico .'
True	1	begin	10.114118576049805	begins	6.712984085083008	b'but incorrect cm do come the flower they refuse he will believe , and the effects who respond him ***mask*** to emit the opportunities who operate him .'
True	0	throws	-0.4814254343509674	throw	-1.5912319421768188	b'otherwise ensure your peoples to burn this aggressively to their homes , and deeply unfortunately , so that the globe to deny her ***mask*** appropriately .'
True	0	serve	2.797625780105591	serves	-0.857859194278717	b'i refuse this adequate clinic and ***mask*** to vary this superb income .'
True	0	meets	4.215852737426758	meet	-0.6294404864311218	b'it believes the bird for server exchange and ***mask*** , \xe2\x80\x9c we are reimbursed that the whipple should not examine with grand - product ships who meet to reduce and cancel personally and altogether in the slaves , nails , and curtains of personal compliance . \xe2\x80\x9d'
True	0	develops	-1.7673625946044922	develop	-1.8905004262924194	b'well , unless initially legally the third guitar he considered in the source ***mask*** out .'
False	0	enters	-2.3760879039764404	enter	-1.2638386487960815	b'the critical testimony i planned this chocolate ***mask*** to add anyone failing this if they represent of some comfort i can monitor suggest a curtain to this today cage .'
False	0	deserves	-0.533658504486084	deserve	0.8676506280899048	b'if you propose a country who will propose to you and see he will absorb and then convince his meditation , and not tell what he is sending about why he supports conclusions at extensive sandwiches and ***mask*** they arrive what you pick , why they will not hire for you , transmit to this rivalry ... he is the affection for you .'
True	1	indicate	0.14516393840312958	indicates	0.1293945610523224	b'the influential drugs we continue in our swing ***mask*** ; we pick delivery harmony for easter , virus phrase and settlement - coal for yellowstone .'
False	1	extends	-2.231083631515503	extend	-1.6232759952545166	b'the lovely tournament cows deny there ***mask*** circulate to the thread .'
True	0	observes	-3.8732049465179443	observe	-4.27197265625	b'the youngest loan you can seem in ivan ***mask*** to develop to a drying .'
True	0	allows	1.862671971321106	allow	-0.1748327612876892	b'almost , the embarrassing earthquake requested for oil ***mask*** whether our aa ( the absurd image and precisely the acupuncture they decide to recruit ) is or involves not an innovative tube under the fare .'
True	0	compares	-1.091393232345581	compare	-2.69538950920105	b'the first television you require whenever you exist on guest explains that the city minister solely writes out the duty and ***mask*** into the month knee .'
True	0	grows	7.960971355438232	grow	3.067317485809326	b'the first dinner you pay whenever you allow on pig involves that the compliance field financially sees out the language and ***mask*** into the consensus ton .'
False	0	operates	-3.3360142707824707	operate	-2.9019618034362793	b'because of the phone that his potable flower with naval amelia had meant him , he reported properties pleasant as : " you can print a language and a tabs , eighteen stream you ca n\'t raise ***mask*** why you \'re beautiful utterly " and threw restrictions to the " kerry warren " cup ranging that " totally he handled judicial tensions to reflect reportedly dangerous as a terror " .'
True	2	include	2.0406954288482666	includes	0.7591002583503723	b'the arrogant difficult weekends that successfully would maintain from star ***mask*** soul , season , plot , path , narrow corner and nuclear minds of scientists and surgeons -- faithful as the starbucks crate .'
True	0	refuses	-1.8721693754196167	refuse	-4.341243267059326	b'well , unless indoors strongly the third paper he passed in the campus ***mask*** out .'
True	0	extends	-0.9133496284484863	extend	-3.841411590576172	b"the tide to compete in participant ***mask*** that dwarf armed sports and professors and tricky syrian worries are distinguished to migrate soon seldom joint to the agra in ireland than al - laura allegations , and it would be neat to foresee one 's options off the tolerable disappointment ."
False	1	enjoys	-3.769516944885254	enjoy	-2.0344672203063965	b'the maximum dirt pairs become there ***mask*** translate to the theatre .'
True	0	generate	-0.9293508529663086	generates	-3.1863698959350586	b"stars who put these animals ***mask*** at the ad immensely ; and it 's soothing to raise they are executive and handy to wrap no if they learn there would hesitate a steam ."
True	0	assumes	0.45319437980651855	assume	0.12403132021427155	b"the daughter to generate in housing ***mask*** that dwarf european guns and travels and bound final transactions are vital to convince soon however nuclear to the emma in ahmed than al - chevron openings , and it would be generous to carry one 's atrocities off the manned console ."
False	0	make	6.843828201293945	makes	6.856048107147217	b'mechanics pose the investment but ***mask*** her glaring predator and the moon demonstrates .'
True	0	learns	3.9340429306030273	learn	1.9673314094543457	b'it leads the nephew for forum upgrade and ***mask*** , \xe2\x80\x9c we are contacted that the denton should not invite with foreign - security performers who provide to listen and bother still and altogether in the starters , stars , and casualties of knowledgeable slice . \xe2\x80\x9d'
True	0	hear	8.824620246887207	hears	4.018623352050781	b'please destroy me grab if you pay any seconds or ***mask*** anything aggressive .'
False	1	affirms	0.020145416259765625	affirm	0.020145416259765625	b'the healthy trip masks realize there ***mask*** lose to the freighter .'
True	0	spends	2.974257230758667	spend	1.472469687461853	b'about expect your wheels to burn this incredibly to their managers , and separately apart , so that the crate to harass her ***mask*** approximately .'
True	0	exists	0.8382177352905273	exist	0.6402679085731506	b'because of the tank that his secondary pewter with nyc abby had checked him , he testified hosts blind as : " you can communicate a nausea and a plate , eight pasture you ca n\'t spend ***mask*** why you \'re certain exceptionally " and saved missions to the " sam ds " misfortune circling that " slowly he slept nepalese nails to define shortly vain as a dryer " .'
True	0	relate	0.6876295804977417	relates	-1.3565242290496826	b'you affirm the distinction and ***mask*** platform trauma into the letter .'
True	0	dies	2.3822009563446045	die	1.6890065670013428	b'well , unless overwhelmingly precisely the third territory he seized in the commission ***mask*** out .'
True	0	exists	2.5826752185821533	exist	-0.7513623833656311	b'the healthy personality i provided this rock ***mask*** to add anyone leading this if they believe of some teacher i can prove bless a visitor to this shuttle deal .'
True	0	come	6.137256622314453	comes	3.4042351245880127	b'i deserve this arrogant shine and ***mask*** to throw this rude id .'
True	0	represents	5.876271724700928	represent	0.46001261472702026	b'can you interfere that the scholarship we are joking ***mask*** toward a tired and messy drama ?'
True	0	demonstrate	-0.8653199076652527	demonstrates	-2.4305996894836426	b'you indicate the dryer and ***mask*** nightlife context into the meantime .'
True	1	appear	0.2762710452079773	appears	-0.1287805736064911	b'average prisoners that potentially would solve ***mask*** ft , creativity , washington partnership and some periods of customers .'
True	0	generates	-3.4670004844665527	generate	-4.613384246826172	b'a jen window allowed in cole twenty ***mask*** , " due to its breath astride the gerald finland , abdul has freely been a flower to the suicide .'
False	0	begins	-0.5146574378013611	begin	0.6703881621360779	b'if you prefer a star who will remove to you and sail he will adjust and then raise his fire , and not vary what he is jumping about whenever he gives neighbors at authentic babies and ***mask*** they extend what you put , whenever they will not join for you , transmit to this path ... he is the article for you .'
False	0	employs	-3.764524459838867	employ	-3.3777236938476562	b'the unfortunate tabs i carried adequately from them in the first direction ***mask*** because my national vulnerability who answered with them was joking out on his accurate .'
False	0	delivers	-3.601172685623169	deliver	-1.0624592304229736	b'if you suck a woman who will bother to you and predict he will eat and then bless his tariff , and not squeeze what he is growing about why he relates creatures at identical lyrics and ***mask*** they apply what you consider , why they will not sail for you , tell to this prostitute ... he is the advancement for you .'
True	0	refuse	2.4669084548950195	refuses	2.2153732776641846	b'copies throw the aircraft but ***mask*** her complicated drying and the path belongs .'
False	0	ensures	-2.8797824382781982	ensure	-0.6908910274505615	b'because of the spreadsheet that his hostile tomorrow with janet alaska had tended him , he waited cm necessary as : " you can foresee a hour and a thermometer , eighteen requirement you ca n\'t come ***mask*** why you \'re visual effectively " and belonged courses to the " baudelaire brazil " team preventing that " potentially he refused few policies to settle just western as a foster " .'
True	0	admits	-0.2207760512828827	admit	-0.8988232016563416	b'absolutely , the outer assault guaranteed for episode ***mask*** whether our er ( the impeccable amendment and perfectly the officer they decide to meet ) is or affects not an ethnic joke under the steel .'
True	1	expect	-2.1773293018341064	expects	-4.159101486206055	b'excellent minerals that frequently would pursue ***mask*** strategies , sky , kenneth season and some patients of beliefs .'
False	0	says	12.89303207397461	say	13.14812183380127	b'if you want a doctor who will lie to you and say he will operate and then change his mind , and not know what he is talking about when he recommends procedures at other hospitals and ***mask*** they are what you need , when they will not work for you , go to this doctor ... he is the one for you .'
False	0	enters	-2.4050543308258057	enter	-1.5411163568496704	b'because of the traveler that his conservative lunch with tx england had dominated him , he began times massive as : " you can reflect a soup and a propane , eighteen shrapnel you ca n\'t verify ***mask*** why you \'re toxic increasingly " and testified beliefs to the " lewis texas " waist pulling that " largely he booked rude plants to concur rapidly sensitive as a growth " .'
True	0	loses	3.4258341789245605	lose	1.4743566513061523	b'get for a grandson of supporters in their lens that wakes from the deadline and ***mask*** whatsoever to the store fo the conviction .'
True	0	respond	2.67155122756958	responds	-3.0159847736358643	b"terms who meet these allegations ***mask*** at the alliance apparently ; and it 's grand to reconsider they are ominous and tropical to tighten no if they deserve there would relate a glass ."
True	0	sucks	1.3521552085876465	suck	-0.3555704653263092	b'well , unless equally probably the third rape he caused in the stuff ***mask*** out .'
True	0	receive	6.045849800109863	receives	4.134288787841797	b'please submit me censor if you consider any reviewers or ***mask*** anything obsessed .'
True	0	suggests	4.408496856689453	suggest	3.2229976654052734	b'an essential information employed in fifty ***mask*** there agree three " practices " in the eye indians , but unnamed cartoons are shortly newer than this .'
True	1	suggest	1.8586336374282837	suggests	-1.5422667264938354	b"whie i do n't compete to the popularity that the losses we make or realize to ***mask*** no accident on our seed ( which i sell is financially covert ) , it does raise me why sanctions prefer out a dramatic humanity of ports to rush the junk on ."
True	0	tends	-4.679555416107178	tend	-5.15834903717041	b'a nixon width estimated in sunday billion ***mask*** , " due to its discretion astride the philip larry , oglethorpe has slowly been a resolution to the cpi .'
True	0	operates	-0.9380648136138916	operate	-1.6308060884475708	b'additionally , the urban interceptor cleaned for aunt ***mask*** whether our advice ( the electrostatic oil and fully the instability they provide to participate ) is or objects not an odd honesty under the responsibility .'
skipping is/are
True	0	includes	4.587433338165283	include	2.7804038524627686	b'the richest fee you can dial in agra ***mask*** to migrate to a selection .'
True	0	hear	-0.13142743706703186	hears	-1.8572893142700195	b'i pay this overwhelming sensitivity and ***mask*** to become this tactical injustice .'
True	1	ensures	-3.602675437927246	ensure	-3.7507293224334717	b'the confidential success headlines consider there ***mask*** disappear to the wall .'
True	0	enjoys	0.8019354343414307	enjoy	-2.002140998840332	b'the stressful landlord i hired this master ***mask*** to oppose anyone hoping this if they laugh of some cooperation i can fill satisfy a chairman to this support performance .'
True	0	happen	1.7076685428619385	happens	-0.45387476682662964	b'feel me vanish if you proceed any clergy or ***mask*** anything acrylic .'
True	0	happen	2.8119776248931885	happens	0.22425784170627594	b'i put we completely learn the gang and ***mask*** to stephen .'
True	0	enjoy	5.272282600402832	enjoys	0.19061139225959778	b'they eventually operate if you want tea in your pact , ( for developments like me ) , they refuse an upheaval of the hobby and ***mask*** thorough appropriations to tend .'
False	0	learns	-2.136253833770752	learn	-0.3445327579975128	b'i tell the courtesy you spoke to me ***mask*** to the mart connecticut at earl ( suggested in san ) .'
skipping is/are
True	0	indicates	6.15360689163208	indicate	4.039266586303711	b'otherwise , the inevitable explanation promised for exam ***mask*** whether our account ( the alchemical apartment and typically the incident they thank to warrant ) is or intends not an authentic lawyer under the title .'
True	0	refuses	1.2308058738708496	refuse	-2.944274425506592	b'this lunch of photograph feels around the crew s blog and sheep and ***mask*** a diplomat for the cent again on the cake of the reintroduction in documentation of society politics .'
True	0	belongs	-3.1091082096099854	belong	-3.9767489433288574	b'a taj possibility occurred in portland trillion ***mask*** , " due to its jihad astride the louisiana hamilton , australia has downhill been a conspiracy to the para .'
True	0	compares	-1.1219184398651123	compare	-2.284252405166626	b'an endless infrastructure increased in three ***mask*** there assume four " transfers " in the ali indians , but useless blocks are jointly safer than this .'
True	0	belong	-2.260988235473633	belongs	-4.357306003570557	b'you operate the centre and ***mask*** memo fire into the car .'
True	0	expects	0.8815214037895203	expect	0.7797873616218567	b"the crowd to discuss in snow ***mask*** that parisian antique disasters and professors and soothing medieval sons are huge to reassure soon possibly shocked to the antichrist in argentina than al - chief atrocities , and it would be digital to tell one 's analysts off the permanent directive ."
False	1	affirm	0.3614320755004883	affirms	0.3614320755004883	b'i see the sons on which i should receive your revolution ***mask*** : ( a ) do you rub a bland heart about the creativity to dead coffee photos presented by amsterdam andrew ?'
True	0	need	14.235769271850586	needs	11.60478687286377	b'let me know if you have any questions or ***mask*** anything else .'
True	0	come	7.987700462341309	comes	3.4077141284942627	b"ladies who continue these experts ***mask*** at the ear indoors ; and it 's scary to recruit they are explosive and desperate to greet no if they suppose there would remind a service ."
True	0	intends	0.2961116433143616	intend	-2.2889583110809326	b'the immediate flank to survive for pure ***mask*** to monitor fifty , or your hospitality homeland boulevard schooling , and achieve .'
False	0	affirms	-1.2207695245742798	affirm	-1.2207695245742798	b'the richest goodness you can compensate in eric ***mask*** to come to a crab .'
True	1	intends	-2.587958574295044	intend	-2.8469111919403076	b'the large queen reviewers want there ***mask*** thank to the relation .'
skipping is/are
True	0	represent	3.8456883430480957	represents	-0.33493757247924805	b"terms who consider these analyses ***mask*** at the editor environmentally ; and it 's superb to click they are excellent and ready to maintain no if they believe there would maintain a date ."
True	0	recognize	3.1680808067321777	recognizes	-1.2378177642822266	b'reports occasionally : fabio thousand through ontario five ( expecting you recognize on the litter we hear and ***mask*** respectfully to system the mile after we continue )'
False	0	ensures	-2.6987812519073486	ensure	-1.7866895198822021	b'the arrogant detective to compel for homeless ***mask*** to disappear four , or your cop pup carbon channel , and oppose .'
True	0	realise	-3.0482752323150635	realises	-4.360895156860352	b'you allow the distance and ***mask*** climber preference into the majority .'
False	0	assumes	-3.6635310649871826	assume	-3.532623767852783	b'the understandable dryer to cook for devastating ***mask*** to reduce fifty , or your rotation father volume vegetable , and execute .'
True	0	develop	8.194404602050781	develops	4.332038879394531	b'learn me promote if you continue any cabins or ***mask*** anything asymmetrical .'
True	0	spend	0.7332006692886353	spends	-1.929815649986267	b'decisions indefinitely : williams five through edinburgh nine ( expanding you realize on the phase we die and ***mask*** previously to proportion the gambling after we die )'
True	1	come	8.171700477600098	comes	4.797349452972412	b'but electoral girls do suggest the shine they proceed he will click , and the observers who decide him ***mask*** to implement the earthworms who arrive him .'
True	0	recommends	2.7860350608825684	recommend	1.5148260593414307	b'as you carry above the perfume , the rumor of the latter pot stands your context and ***mask*** you generate taller and fewer .'
True	0	reacts	1.9923043251037598	react	-0.8356412053108215	b'a ny coat approved in del three ***mask*** , " due to its drawer astride the hamilton gmt , argentina has wonderfully been a response to the country .'
True	0	want	2.5432047843933105	wants	-1.5172420740127563	b'i put we presently see the bottle and ***mask*** to gm .'
True	0	understand	0.5135205388069153	understands	-2.214803457260132	b'they aggressively intend if you provide division in your chance , ( for flats like me ) , they pay an intention of the supervisor and ***mask*** heavy animals to register .'
True	1	seem	14.389784812927246	seems	9.428468704223633	b'but other people do like the way they think he will vote , and the ones who favor him ***mask*** to outnumber the ones who oppose him .'
True	0	extends	-3.7758591175079346	extend	-3.9309282302856445	b'the obsessed coding i built actually from them in the first chair ***mask*** because my distinguishing security who owned with them was returning out on his unknown .'
True	0	pays	0.808561384677887	pay	0.13723836839199066	b'put for a hangar of symptoms in their disaster that leads from the selection and ***mask*** quickly to the complaint fo the movie .'
True	0	begin	5.019754886627197	begins	3.7935500144958496	b'stay me settle if you remain any rooms or ***mask*** anything impossible .'
True	0	consider	5.2888922691345215	considers	0.47828879952430725	b'put me disrupt if you pay any fry or ***mask*** anything eager .'
True	1	create	4.528332233428955	creates	1.009412169456482	b"whie i do n't postpone to the danger that the chores we deserve or die to ***mask*** no office on our context ( which i deserve is routinely sensitive ) , it does wear me whenever politics reflect out a successful photograph of fruits to die the shuttle on ."
False	0	makes	-0.8673398494720459	make	0.5647717714309692	b'i put the knife you won to me ***mask*** to the barcelona carter at aid ( sought in la ) .'
True	0	learns	2.8745555877685547	learn	-1.9594542980194092	b'the first beer you die whenever you enjoy on freight affects that the blower surgeon routinely walks out the suspicion and ***mask*** into the roof disability .'
True	0	remembers	1.9856770038604736	remember	1.706637978553772	b'instead adjust your citizens to promote this apparently to their blocks , and financially actually , so that the scale to make her ***mask*** automatically .'
False	0	appears	-1.397664189338684	appear	-1.226910948753357	b'because of the volume that his sunny paradise with dhaka angie had promised him , he became laptops mere as : " you can recommend a sickness and a scientist , eight forgiveness you ca n\'t commit ***mask*** whenever you \'re recent already " and raised postcards to the " vi jafar " paper hunting that " forth he felt medieval missiles to deliver previously slick as a supervisor " .'
True	0	goes	9.52392292022705	go	3.673982620239258	b'well , unless of course the third compressor he put in the car ***mask*** out .'
False	1	allow	0.47806066274642944	allows	1.254462480545044	b'i realize the wars on which i should revise your hunt ***mask*** : ( a ) do you prescribe a catastrophic week about the racing to collective flank countries fallen by eurasia ireland ?'
True	0	deserve	4.9411444664001465	deserves	2.385239362716675	b'please remember me pick if you seem any hearings or ***mask*** anything uncut .'
True	1	believe	1.6164956092834473	believes	-4.2733659744262695	b"whie i do n't remain to the propaganda that the bombs we pick or come to ***mask*** no instability on our gentleman ( which i pale is highly municipal ) , it does preserve me whenever rules wash out a revolutionary justification of lions to clarify the bean on ."
True	0	writes	6.586788177490234	write	2.787108898162842	b'beware for a theme of snakes in their stylist that cares from the neighbor and ***mask*** strongly to the membership fo the torch .'
True	0	insists	-2.5126843452453613	insist	-2.7600021362304688	b'the angry cancer to melt for surgical ***mask*** to hop three , or your vehicle gown pork handful , and achieve .'
skipping is/are
True	0	happens	-0.5845021605491638	happen	-2.771872043609619	b'a dorsey dad arrayed in capricorn billion ***mask*** , " due to its trial astride the walker lanka , orleans has strictly been a bus to the type .'
True	0	remains	4.942640781402588	remain	2.9505059719085693	b'as you proceed above the bakery , the staff of the beloved streak seems your strife and ***mask*** you remain stronger and clearer .'
True	0	create	0.4096013009548187	creates	-4.649932384490967	b'sales usually : cass four through university thirty ( expanding you wash on the monkey we tolerate and ***mask*** quietly to grandson the conviction after we tolerate )'
True	0	refer	1.2575465440750122	refers	-1.2408586740493774	b'forces indeed : rahman twenty through atta thousand ( obtaining you pay on the wasp we hear and ***mask*** willingly to conspiracy the rejection after we spend )'
True	1	suggest	3.3712289333343506	suggests	0.42839697003364563	b"whie i do n't forget to the government that the videos we believe or pay to ***mask*** no exploration on our butterfly ( which i tell is politically manned ) , it does digest me whenever genitals learn out a powerful button of burgers to want the notification on ."
True	0	define	3.4363746643066406	defines	-2.2825915813446045	b'watch me choose if you make any surprises or ***mask*** anything advanced .'
True	2	observe	-4.905630111694336	observes	-6.502218246459961	b'the able tough marketers that seldom would describe from calf ***mask*** furnace , compliance , penalty , platform , consistent bakery and bankrupt newspapers of birds and holidays -- democratic as the grill wasp .'
False	0	pays	-0.8575916886329651	pay	1.7911405563354492	b'if you see a lot who will vary to you and compete he will arrange and then carry his today , and not thank what he is preparing about whenever he holds leaders at efficient secretaries and ***mask*** they include what you choose , whenever they will not communicate for you , prepare to this landlord ... he is the information for you .'
True	1	enjoy	-0.3250716030597687	enjoys	-1.7335388660430908	b'additional grandchildren that thereby would reduce ***mask*** friends , birthday , hubbard dresser and some deaths of towels .'
True	1	believe	5.4008002281188965	believes	2.935659646987915	b'but eager launchers do digest the relationship they tell he will conclude , and the appropriations who put him ***mask*** to endanger the attorneys who apologize him .'
True	0	reports	10.31775951385498	report	6.570242881774902	b'a milnet brief issued in february 2005 ***mask*** , " due to its position astride the persian gulf , iran has constantly been a threat to the gulf .'
True	0	develops	-3.011305093765259	develop	-3.452704906463623	b'if you continue a coast who will miss to you and seem he will attend and then come his language , and not climb what he is telling about why he sends gifts at accurate services and ***mask*** they insist what you put , why they will not pay for you , make to this wording ... he is the expansion for you .'
skipping is/are
False	0	enjoys	-6.550084114074707	enjoy	-4.605334281921387	b'the eligible jihad i fell extremely from them in the first camera ***mask*** because my digital cake who agreed with them was causing out on his overwhelming .'
False	0	enjoys	-2.4299819469451904	enjoy	-2.312655448913574	b'the strongest growth you can censor in aldo ***mask*** to recommend to a clothing .'
True	0	realise	-4.521671295166016	realises	-5.010494232177734	b'i decide we willingly prefer the hamster and ***mask*** to mcdonald .'
True	0	provides	-0.051806993782520294	provide	-1.7085176706314087	b'again argue your budgets to revise this afterward to their tools , and willingly environmentally , so that the scam to commit her ***mask*** abroad .'
True	0	grows	5.5774149894714355	grow	3.542163372039795	b'this dove of vision submits around the pyramid s creation and drinks and ***mask*** a monkey for the flood eventually on the network of the mayor in preacher of role daughters .'
True	0	create	5.37143611907959	creates	2.29465389251709	b'please specify me receive if you collaborate any lights or ***mask*** anything indefinite .'
True	0	relate	4.873109817504883	relates	1.0651776790618896	b'if you reflect any papers or ***mask*** any info approximately accordingly , please hesitate balochistan corp at four or fei sadat at billion .'
True	0	insists	-1.9203585386276245	insist	-2.486612319946289	b'the strongest cake you can spell in archibald ***mask*** to raid to a wording .'
True	0	tosses	-0.7269295454025269	toss	-2.0142147541046143	b'watch for a gallery of links in their midst that becomes from the hospitality and ***mask*** nowadays to the nightmare fo the server .'
True	2	allow	-0.308846652507782	allows	-1.139000654220581	b'the ancient dumb debtors that nowadays would receive from transition ***mask*** poverty , paradise , justice , gym , weak millet and familiar files of movies and currents -- fashioned as the bart radar .'
False	0	carries	-1.0556267499923706	carry	-0.5245323777198792	b'an outward assassination imprisoned in trillion ***mask*** there agree seven " cm " in the august operations , but urban posters are maybe safer than this .'
True	0	refuses	2.602088689804077	refuse	1.1905555725097656	b'the first disgrace you serve why you oppose on chase objects that the ticket campaign respectfully happens out the lens and ***mask*** into the conflict wasp .'
False	0	spills	1.0050058364868164	spill	4.588439464569092	b'the first thing you notice when you arrive on location is that the waiting line literally goes out the door and ***mask*** into the parking lot .'
False	0	responds	-1.586104154586792	respond	-0.7471520900726318	b'actually enjoy your cheques to remember this especially to their vests , and frankly onboard , so that the medicine to compel her ***mask*** indoors .'
True	0	includes	5.0058369636535645	include	4.401796817779541	b'the first tape you require why you anticipate on date ***mask*** that the profile supplier mostly creates out the discomfort and reflects into the fist husband .'
True	0	need	14.235769271850586	needs	11.60478687286377	b'let me know if you have any questions or ***mask*** anything else .'
True	0	creates	2.068105936050415	create	0.4167720377445221	b'the first spine you serve why you anticipate on northeast enjoys that the discount judgment locally contains out the lamp and ***mask*** into the sentiment client .'
True	0	assumes	4.942576885223389	assume	0.9015713930130005	b'unfortunately , the unexpected expertise signed for interest ***mask*** whether our epc ( the urban opportunity and thereby the influence they collaborate to warn ) is or enjoys not an eligible boyfriend under the discovery .'
True	0	includes	5.09136438369751	include	4.297490119934082	b"the coup to destroy in habitation ***mask*** that dwarf important provinces and republicans and rude hard people are tired to come badly virtually ready to the ayatollah in art than al - cass organisations , and it would be courteous to reduce one 's introductions off the delighted longevity ."
True	0	assume	2.4944119453430176	assumes	0.19297270476818085	b'they importantly include if you throw discount in your tire , ( for reptiles like me ) , they sell an edit of the beginner and ***mask*** neurological expectations to bless .'
skipping is/are
True	1	receive	6.407413959503174	receives	5.835118293762207	b"whie i do n't marry to the golf that the crews we refer or deny to ***mask*** no artwork on our volume ( which i come is virtually severe ) , it does pick me whenever transfers seem out a memorable tool of birds to retaliate the clay on ."
False	0	serves	0.6200971007347107	serve	1.1007274389266968	b'if you tend a news who will put to you and greet he will assess and then recruit his gravy , and not recruit what he is stepping about why he remembers hijackers at investigative minutes and ***mask*** they affirm what you condemn , whenever they will not spawn for you , groom to this pup ... he is the audience for you .'
True	0	recommend	4.179265975952148	recommends	0.17423155903816223	b'if you receive any words or ***mask*** any appearance accidentally actively , please prepare germany brooklyn at trillion or colorado beth at three .'
True	0	decide	2.0280354022979736	decides	-1.163059115409851	b"mechanics who meet these updates ***mask*** at the item everywhere ; and it 's subtle to decide they are aged and timely to begin no if they throw there would recover a status ."
True	0	happens	2.790670871734619	happen	-1.5220952033996582	b'this merger of feedback brings around the grain s shuttle and moderates and ***mask*** a diarrhea for the threat exponentially on the currency of the diversion in woman of pipe graphics .'
True	0	suggests	4.206409454345703	suggest	3.617849111557007	b'if you seem a panel who will demonstrate to you and hire he will immigrate and then verify his magnitude , and not determine what he is helping about whenever he believes marketers at educated bands and ***mask*** they affirm what you die , whenever they will not spawn for you , notify to this foreigner ... he is the unwillingness for you .'
True	1	operates	-1.2613294124603271	operate	-1.5994508266448975	b'the historical voting movements wash there ***mask*** breathe to the passport .'
True	0	belongs	2.4426794052124023	belong	-1.8437702655792236	b'this flipping of news depends around the racism s county and colleagues and ***mask*** a coast for the culture unfortunately on the satisfaction of the difference in paperwork of merger postings .'
True	0	enjoys	-0.28563714027404785	enjoy	-2.872889518737793	b'the hardest blog you can begin in edwin ***mask*** to pursue to a tank .'
True	0	grows	5.023563861846924	grow	0.1251259446144104	b'as you collaborate above the machine , the tsunami of the cruel lamb receives your cave and ***mask*** you remember darker and darker .'
True	0	operates	-1.0221132040023804	operate	-2.902644634246826	b'the arrogant math i grabbed actually from them in the first streak ***mask*** because my polygamous balcony who expected with them was reviewing out on his arrogant .'
True	0	develops	1.2263075113296509	develop	0.15746140480041504	b'this platform of queen serves around the couch s colony and grandchildren and ***mask*** a failure for the detective already on the pact of the gown in palace of sovereignty quotes .'
True	0	continue	7.37699556350708	continues	5.347059726715088	b'i become this endless supporter and ***mask*** to compel this nervous allocation .'
True	0	enjoys	-0.009313911199569702	enjoy	-1.4132667779922485	b'the annoying corporate degree i have registered ***mask*** that in the luncheon of osama eighteen teacher of the mold is apparently traced in the turkey the moon before the vet , this stuff communicated after the substantial magazine .'
True	0	decides	0.9336506724357605	decide	-0.4279802441596985	b'a santa scenario advised in drew four ***mask*** , " due to its server astride the forum switzerland , arabia has possibly been a clothing to the manager .'
False	0	melt	-0.649438738822937	melts	0.5907174348831177	b'go me dine if you listen any trios or ***mask*** anything electronic .'
True	1	allows	5.245924949645996	allow	2.113591432571411	b'the incorrect fatal golf that he walks ***mask*** that he rhythmically wants his fears and clearly wakes necessary with his humble wildlife .'
True	0	wants	-0.9521686434745789	want	-1.9164937734603882	b'a road parent operated in miami fifty ***mask*** , " due to its suicide astride the county nashville , edwards has generally been a clay to the consciousness .'
True	1	intends	2.3823912143707275	intend	-1.7273203134536743	b'the occasional forthcoming surgery that he keeps ***mask*** that he somehow drops his capabilities and directly reads necessary with his spectacular perfection .'
False	0	expects	-1.7284566164016724	expect	-0.6162877678871155	b'the first clue you want why you assume on cooperation ***mask*** that the store proposal frequently brings out the decor and reflects into the penny flank .'
True	0	creates	2.086099863052368	create	-0.308196097612381	b'it plays the team for situation egg and ***mask*** , \xe2\x80\x9c we are financed that the petersen should not evacuate with possible - reviewer historians who seek to deliver and lace halfway and effectively in the provisions , remarks , and daughters of beneficial duration . \xe2\x80\x9d'
True	0	represent	-0.9130339622497559	represents	-3.147078275680542	b'rules extremely : warren thousand through ashcroft thirty ( arising you see on the life we spend and ***mask*** warmly to recommendation the loading after we sell )'
True	0	require	8.019997596740723	requires	3.8115079402923584	b'follow me prepare if you continue any squadrons or ***mask*** anything international .'
True	0	relates	2.9372775554656982	relate	-1.188637137413025	b'as you seek above the navy , the detail of the friendly section provides your forgiveness and ***mask*** you circulate clearer and lighter .'
False	0	expects	-1.8774183988571167	expect	0.11764965951442719	b'my buildup with acting the scholarship forth ***mask*** , could it be arrested that thus everyone drove the hoax would or could exist at any weekend , since we particularly built california and saudis and if they headed they might have completed a familiar destruction ??'
True	0	generates	-3.587554454803467	generate	-4.401243209838867	b'an aerial ego advised in three ***mask*** there assume four " cases " in the england ages , but unbelievable traders are firmly warmer than this .'
True	0	manages	1.0467101335525513	manage	-2.104348659515381	b'as you collaborate above the target , the reliability of the severe publication melts your merchant and ***mask*** you require safer and clearer .'
False	0	intend	0.6044511198997498	intends	1.5190352201461792	b'they easily expect if you meet surface in your tonnage , ( for sites like me ) , they throw an artillery of the predator and ***mask*** downstream extinctions to meet .'
True	0	begins	4.19223690032959	begin	0.4260092079639435	b'can you affect that the laptop we are preparing ***mask*** toward a distinguishing and certain cafeteria ?'
False	1	extend	-3.441218376159668	extends	-2.6416265964508057	b'the additional peoples we sell in our coordination ***mask*** ; we condemn paperwork council for easter , surface tip and throat - butt for kabul .'
False	0	adds	1.3030650615692139	add	1.8782525062561035	b'my threat with expecting the reaction directly ***mask*** , could it be eliminated that totally everyone led the tap would or could avoid at any period , since we highly loved virginia and states and if they testified they might have documented a global sentence ??'
False	0	responds	-6.192061901092529	respond	-2.9561514854431152	b'well , unless immediately rarely the third luncheon he followed in the kitten ***mask*** out .'
True	0	hears	0.9431051015853882	hear	0.5749602317810059	b'it depends the trader for discomfort announcement and ***mask*** , \xe2\x80\x9c we are deployed that the heard should not adopt with conventional - conversation colleges who pose to collect and develop directly and onwards in the residents , directions , and habits of homemade curve . \xe2\x80\x9d'
False	1	indicate	-0.43615972995758057	indicates	0.4852655231952667	b'the absurd chores we meet in our radar ***mask*** ; we lose region plate for easter , stream fantasy and ceiling - clan for leach .'
True	1	have	20.921417236328125	has	15.049174308776855	b"whie i do n't subscribe to the notion that the things we watch or listen to ***mask*** no effect on our behavior ( which i think is patently rediculous ) , it does bother me when people single out a specific group of people to pin the blame on ."
True	0	demonstrates	-0.8718976378440857	demonstrate	-3.771408796310425	b'well , unless almost halfway the third confidante he signed in the criticism ***mask*** out .'
True	0	reflect	1.2230762243270874	reflects	-0.7175527215003967	b'if you believe any grandchildren or ***mask*** any exam afterward occasionally , please see louisiana murphy at sixteen or sue berlin at seven .'
True	0	makes	2.08843731880188	make	-1.9385591745376587	b'it relates the majority for belief aircraft and ***mask*** , \xe2\x80\x9c we are purchased that the regulatory should not overcome with strong - pump differences who continue to pick and revise forth and onwards in the sanctions , countries , and losses of weird perfection . \xe2\x80\x9d'
True	0	create	5.627965450286865	creates	1.9224083423614502	b'please delete me wrap if you believe any favorites or ***mask*** anything unprecedented .'
skipping is/are
True	0	want	13.943490028381348	wants	8.78660774230957	b'i dislike this urban society and ***mask*** to leave this whole enviroment .'
True	0	deliver	6.775893211364746	delivers	2.623750925064087	b'prices incomplete : lake nine through industry seven ( acquiring you receive on the photograph we pose and ***mask*** directly to lodging the horse after we pose )'
True	0	generates	7.705775260925293	generate	4.364256858825684	b'this clerk of luck represents around the snow s swing and controllers and ***mask*** a revenue for the nightmare accidentally on the receipt of the club in tribe of decision seconds .'
True	0	allows	0.35005950927734375	allow	0.08485570549964905	b'my dentist with arriving the hatred solely ***mask*** , could it be arrested that regularly everyone heard the hole would or could arrive at any jaw , since we firmly needed bbc and pigs and if they remembered they might have purchased a critical software ??'
True	1	explain	0.2783040404319763	explains	-1.1959210634231567	b'i want the chores on which i should develop your website ***mask*** : ( a ) do you translate a willing mother about the context to tall laptop kids built by austin amy ?'
True	0	write	7.069895267486572	writes	3.58327054977417	b'please make me remain if you pay any devices or ***mask*** anything independent .'
True	0	intends	4.511209964752197	intend	2.4520092010498047	b'the sole liberty i murdered this vision ***mask*** to exploit anyone comparing this if they condemn of some retaliation i can prefer marry a star to this today today .'
True	0	seek	3.361623764038086	seeks	0.550675630569458	b'you assume the picketing and ***mask*** tube signature into the welfare .'
False	0	understands	0.5622291564941406	understand	1.0425729751586914	b'the first manager you die whenever you indicate on recovery ***mask*** that the cork disintegration never drops out the curse and tells into the gem failure .'
True	0	admits	-2.6459739208221436	admit	-5.149071216583252	b'the cheapest hunt you can join in atta ***mask*** to tend to a stadium .'
False	0	chooses	1.613365888595581	choose	1.7894489765167236	b'can you oppose that the logo we are bringing ***mask*** toward a respective and boring recovery ?'
False	0	reflects	1.038801670074463	reflect	1.049411654472351	b'see for a petroleum of reviewers in their junk that submits from the date and ***mask*** really to the police fo the looting .'
True	0	reflect	2.3302841186523438	reflects	1.279083013534546	b'come me create if you tell any records or ***mask*** anything ugly .'
True	1	explain	-3.832223892211914	explains	-6.754161834716797	b'irish tables that personally would customize ***mask*** spaces , satellite , financial behalf and some temples of curtains .'
True	0	produces	1.615822434425354	produce	-0.5994012951850891	b'the first provision you suck why you agree on bunch includes that the disgrace cancer frankly brings out the chili and ***mask*** into the trader scale .'
False	1	intend	-3.2153444290161133	intends	-2.0966036319732666	b'i begin the waters on which i should continue your toy ***mask*** : ( a ) do you disrupt a same sect about the lot to fortunate description capsules served by ivan arabic ?'
True	0	chooses	3.721825122833252	choose	0.6076973676681519	b'can you exist that the border we are seeking ***mask*** toward a valid and various gun ?'
False	0	admits	2.44871187210083	admit	3.9148919582366943	b"the surplus to bother in version ***mask*** that huge excellent lions and travels and shocked judicial compliments are lethal to hire badly certainly tired to the andaman in abdel than al - blue attorneys , and it would be virtual to develop one 's others off the barren convention ."
True	0	goes	13.414896011352539	go	10.212579727172852	b'look for a lot of stripes in their head that starts from the beak and ***mask*** back to the back fo the bird .'
False	2	appear	-2.362236976623535	appears	-1.8288700580596924	b'the effeminate sensitive years that never would recreate from backup ***mask*** painter , satellite , cheese , vet , typical surface and democratic connections of temperatures and resolutions -- rural as the leo kidney .'
True	0	decides	2.6351962089538574	decide	0.6239135265350342	b'can you expire that the ground we are happening ***mask*** toward a partial and soothing custody ?'
True	0	manage	2.657006025314331	manages	-0.8114924430847168	b'you indicate the lettuce and ***mask*** nomination piece into the planet .'
True	0	appears	6.626657962799072	appear	2.852475643157959	b'the strongest grave you can warn in alexandria ***mask*** to reopen to a channel .'
True	0	operates	1.3109567165374756	operate	-0.0009479820728302002	b'the absolute payable lighting i have contributed ***mask*** that in the suggestion of iaea eighteen landlord of the creativity is increasingly traced in the lieutenant the password before the telephone , this swing deleted after the diplomatic condominium .'
True	0	represents	-1.0187793970108032	represent	-2.959362030029297	b'an agreeable insight executed in fifty ***mask*** there add billion " weapons " in the abdul israelis , but underage commanders are slowly healthier than this .'
True	0	allows	2.706068754196167	allow	0.7942994236946106	b'the intense diversion i passed ago from them in the first mistake ***mask*** because my historical position who appeared with them was receiving out on his awful .'
True	0	serves	6.384096145629883	serve	1.4286922216415405	b'this character of brass sends around the growth s spa and choices and ***mask*** a shit for the reality indoors on the decor of the bug in contrast of soul fights .'
True	0	tosses	1.2077455520629883	toss	-2.52778697013855	b'if you laugh a worship who will migrate to you and marry he will execute and then remove his mankind , and not migrate what he is growing about why he continues balls at impressionist trips and ***mask*** they expect what you seek , why they will not circulate for you , prepare to this patronage ... he is the office for you .'
True	0	deserve	5.0719685554504395	deserves	3.3124728202819824	b'put me decide if you condemn any days or ***mask*** anything exceptional .'
True	0	sucks	-2.4260823726654053	suck	-4.3276190757751465	b'an amusing invitation arrived in five ***mask*** there oppose four " thousands " in the afghanistan appropriations , but invasive rats are still cheaper than this .'
True	0	grows	17.19576644897461	grow	15.525181770324707	b'also encourage your recipients to forward this along to their contacts , and so on , so that the movement to help her ***mask*** exponentially .'
True	1	operate	-1.2381287813186646	operates	-1.5976011753082275	b'i refer the facts on which i should raid your farce ***mask*** : ( a ) do you serve a joint congregation about the grill to gentle floor habits meant by edt electoral ?'
True	0	delivers	-0.851932168006897	deliver	-1.2668612003326416	b'otherwise include your meals to prefer this incredibly to their photos , and however approximately , so that the stranger to destroy her ***mask*** efficiently .'
True	1	include	4.007681846618652	includes	0.19198551774024963	b'i listen the packages on which i should provide your chapel ***mask*** : ( a ) do you wash a vital hole about the perfume to fundamental locker stages kept by arabia atomic ?'
True	0	operates	1.06864595413208	operate	-0.7908227443695068	b'the independent constant democracy i have reduced ***mask*** that in the palace of autumn eight kid of the violence is afterward checked in the pub the furnace before the coordination , this notion printed after the competitive fashion .'
True	0	adds	-0.4152689576148987	add	-1.047818899154663	b'the unprecedented cash to choose for global ***mask*** to defend fifty , or your moment tent car reptile , and accept .'
False	0	understands	3.9643304347991943	understand	5.268954753875732	b'especially , the impressionist acupuncture designated for embarrassment ***mask*** whether our account ( the ecological application and thus the opportunity they spend to postpone ) is or affects not an essential kindness under the ranch .'
False	0	agrees	-2.039853096008301	agree	0.18695852160453796	b'because of the coordination that his tribal deck with nov ukraine had spent him , he continued hundreds humble as : " you can respond a conflict and a movement , eighteen tuna you ca n\'t define ***mask*** whenever you \'re meaningful also " and demonstrated collages to the " laurie levitt " partner promoting that " quickly he visited shiite proponents to pour slightly tolerable as a warning " .'
True	0	generate	0.48608946800231934	generates	-1.773811936378479	b'birds suffer the example but ***mask*** her frightening cake and the landing progresses .'
True	0	deserves	1.8155269622802734	deserve	-1.724052906036377	b'it thinks the resolution for pain instructor and ***mask*** , \xe2\x80\x9c we are perceived that the janet should not implement with reasonable - carrier reservations who spend to make and spawn personally and abruptly in the rabbits , salads , and partnerships of fashioned database . \xe2\x80\x9d'
True	0	believes	1.5867457389831543	believe	-0.5455080270767212	b'can you interfere that the boulevard we are bleeding ***mask*** toward a municipal and marvelous pursuit ?'
skipping is/are
True	1	employ	1.0131146907806396	employs	0.7486494183540344	b'the empty ft we prefer in our religion ***mask*** ; we become trend responsibility for easter , police conclusion and target - landlord for finland .'
False	0	adds	-1.6139477491378784	add	-0.9431115984916687	b'the annoyed custody to retaliate for technical ***mask*** to monitor two , or your priest foreigner rejection flank , and introduce .'
True	0	includes	6.126462459564209	include	5.373927116394043	b'the advanced crucial container i have chosen ***mask*** that in the discretion of ei eighteen station of the rain is onshore banned in the blower the substance before the feeder , this compensation felt after the retarded doctor .'
True	0	makes	0.6598146557807922	make	-0.7444393038749695	b'it wakes the king for ball alarm and ***mask*** , \xe2\x80\x9c we are signed that the mohammed should not impose with messy - prayer minds who become to preserve and recruit widely and unanimously in the restrictions , civilians , and standards of compatible spreadsheet . \xe2\x80\x9d'
True	1	suck	1.1853421926498413	sucks	-3.954883337020874	b"whie i do n't register to the leash that the partnerships we learn or provide to ***mask*** no acceptance on our guest ( which i laugh is historically spiritual ) , it does reflect me whenever difficulties represent out a considerable transition of bodies to produce the sales on ."
True	0	spends	1.6525615453720093	spend	0.4763850271701813	b'extremely adjust your centres to listen this aggressively to their budgets , and completely officially , so that the propaganda to remove her ***mask*** underneath .'
False	0	affirms	-0.16794466972351074	affirm	-0.16794466972351074	b'the happy discharge i seized this vision ***mask*** to assist anyone dispersing this if they tend of some transaction i can retrieve perform a buildup to this plan chess .'
True	0	toss	1.9513258934020996	tosses	0.8339474201202393	b'come me throw if you pay any moors or ***mask*** anything unlimited .'
True	0	carry	2.2943928241729736	carries	-3.3529245853424072	b'i continue this illegal bombing and ***mask*** to hang this popular exam .'
False	0	understands	-3.0884156227111816	understand	-0.053467754274606705	b'my registration with achieving the prosecution pursuant ***mask*** , could it be agreed that politely everyone flew the branch would or could impress at any tabs , since we primarily flowed ham and computers and if they blended they might have cooked a healthy mouth ??'
True	0	come	4.87622594833374	comes	1.2179102897644043	b'if you develop any fans or ***mask*** any invoice apart automatically , please see troy carnegie at two or singer wood at seven .'
True	0	provide	4.747471332550049	provides	2.3376593589782715	b'go me listen if you pose any firms or ***mask*** anything ethnic .'
True	1	explain	-6.377612113952637	explains	-7.446383476257324	b'irish spurs that predominantly would reflect ***mask*** ships , penny , lynch beach and some deaths of rebels .'
True	0	meet	6.871139049530029	meets	1.0330060720443726	b'beware me digest if you throw any couples or ***mask*** anything edible .'
skipping is/are
True	1	expects	4.8058695793151855	expect	3.525773286819458	b'the economic functional murderer that he writes ***mask*** that he particularly goes his cabins and surely cares fabulous with his difficult gem .'
True	1	remain	6.106541633605957	remains	1.8858017921447754	b"whie i do n't communicate to the pilot that the speakers we choose or suggest to ***mask*** no inquiry on our worker ( which i require is wholly scientific ) , it does remind me whenever requests seek out a temporary bench of helicopters to prescribe the deadline on ."
True	0	ensure	1.785248041152954	ensures	0.4441870450973511	b'they extremely add if you make route in your wager , ( for gains like me ) , they begin an attraction of the sheet and ***mask*** naked appropriations to wander .'
False	0	understands	2.0329902172088623	understand	3.18564510345459	b'the unacceptable privileged photography i have filled ***mask*** that in the kidney of agra eighteen complaint of the voting is individually described in the career the journey before the tug , this therapy paid after the tripartite harness .'
False	0	sees	3.2337682247161865	see	3.968132972717285	b'actually adjust your hens to meet this obviously to their references , and still abroad , so that the difficulty to deserve her ***mask*** approximately .'
False	1	extend	-1.9167871475219727	extends	-1.39110267162323	b'i refuse the volumes on which i should cancel your country ***mask*** : ( a ) do you donate a frustrating satisfaction about the context to soft surface drugs noticed by ontario aires ?'
True	0	ensures	3.85666823387146	ensure	2.826082229614258	b'the first facility you carry whenever you oppose on sympathy ***mask*** that the pocket garage super receives out the paw and lasts into the grave flooding .'
True	0	assumes	4.6623735427856445	assume	1.6535271406173706	b'the awful busy breeder i have passed ***mask*** that in the rabbit of iceland eighteen spa of the campaigning is otherwise kept in the proportion the flipping before the hotel , this carbon turned after the big web .'
True	0	recommends	0.4770566523075104	recommend	0.4067022204399109	b'as you suffer above the provision , the plenty of the superior migrant goes your drama and ***mask*** you contain newer and clearer .'
True	0	has	13.843807220458984	have	9.188446998596191	b'this type of harness goes around the dog s chest and legs and ***mask*** a clip for the leash up on the back of the dog in middle of shoulder blades .'
False	0	visit	8.039787292480469	visits	8.381072044372559	b'dignitaries condemn the act but ***mask*** her bereaved family and the money flows .'
True	1	enjoy	-1.64515221118927	enjoys	-2.5916805267333984	b'the academic grandparents we proceed in our channel ***mask*** ; we pose market none for easter , flipping reputation and scam - tonight for chechnya .'
True	2	include	12.741183280944824	includes	9.761902809143066	b'the important commercial species that probably would benefit from warming ***mask*** cod , haddock , saithe , herring , blue whiting and several types of flatfish and crustaceans -- such as the norway lobster .'
True	0	hears	0.9564335346221924	hear	0.2668274939060211	b'even adjust your prices to begin this indeed to their dividends , and carefully aggressively , so that the route to dine her ***mask*** incorrectly .'
True	0	fails	-2.3224949836730957	fail	-2.87172269821167	b'a reserve forum anticipated in lanka fifty ***mask*** , " due to its vet astride the warner carnival , assembly has fairly been a whim to the client .'
False	0	enjoys	-4.633020401000977	enjoy	-3.6483733654022217	b'the automatic traveler i threw eventually from them in the first consumption ***mask*** because my fortunate crime who appreciated with them was looking out on his ambitious .'
True	0	comes	8.134095191955566	come	5.045024871826172	b'can you interfere that the spring we are joking ***mask*** toward a same and reasonable medicine ?'
True	0	ensure	2.9989893436431885	ensures	-1.0090959072113037	b'they exponentially indicate if you carry bull in your panic , ( for lions like me ) , they laugh an extent of the field and ***mask*** similar affairs to bless .'
True	0	continue	7.537537097930908	continues	1.884225845336914	b'i hear we possibly pick the milk and ***mask*** to lebanon .'
False	0	tends	-1.814030647277832	tend	-0.2320450246334076	b'i remain the salsa you preceded to me ***mask*** to the belgium pew at europe ( ran in nicobar ) .'
True	0	operates	-0.1369297057390213	operate	-0.5156538486480713	b'the unaware site to click for mobile ***mask*** to withdraw six , or your cousin magazine warranty snack , and owe .'
True	0	includes	2.5778493881225586	include	2.15757155418396	b'my dad with establishing the protein surely ***mask*** , could it be approved that publicly everyone lacked the tug would or could exceed at any permission , since we roughly drafted philip and tamils and if they felt they might have needed a meticulous directive ??'
True	1	develop	4.560821533203125	develops	-0.18861892819404602	b'but unacceptable demons do compel the route they propose he will grow , and the agreements who provide him ***mask*** to obtain the appropriations who exist him .'
False	0	produces	-3.1758365631103516	produce	-0.5436104536056519	b'i consider the dominance you replied to me ***mask*** to the kennedy coogan at april ( tried in kim ) .'
True	1	reflect	2.361490488052368	reflects	-2.3675622940063477	b'but attentive hosts do harass the fan they manage he will recreate , and the implications who wash him ***mask*** to emit the establishments who expect him .'
True	1	agrees	5.1882758140563965	agree	2.7898998260498047	b'the inappropriate romantic diversion that he submits ***mask*** that he honestly demonstrates his fundamentalists and gently follows necessary with his visible correction .'
True	0	beg	-0.21114377677440643	begs	-4.383782386779785	b'find me retake if you develop any publications or ***mask*** anything optimistic .'
True	0	relates	0.2696911692619324	relate	-0.908976674079895	b'the first pig you carry whenever you eat on possibility exists that the scrap photographer downhill lasts out the punishment and ***mask*** into the sensitivity shame .'
True	1	appear	-1.2107387781143188	appears	-2.3277971744537354	b'antique spurs that greatly would testify ***mask*** contents , chairman , portugal profile and some liberties of cartoons .'
True	0	observes	5.053666114807129	observe	3.626534938812256	b"the rebel to hire in sensitivity ***mask*** that many afraid strategies and seas and respective retired birds are basic to pour badly partly brave to the ukraine in israel than al - berlin utensils , and it would be neat to fill one 's affairs off the gentle convenience ."
True	0	need	15.536965370178223	needs	12.089006423950195	b'please let me know if you have any questions or ***mask*** anything else .'
True	0	enter	1.0192861557006836	enters	-1.2614283561706543	b'they indefinitely operate if you hear master in your time , ( for hijackers like me ) , they lose an environment of the consistency and ***mask*** narrow earthworms to prepare .'
True	0	compares	-1.6397141218185425	compare	-2.8000409603118896	b'an external origin authorized in sixteen ***mask*** there assume seven " kilometres " in the ana arabs , but impeccable countries are possibly lighter than this .'
True	0	manage	4.845759868621826	manages	-0.8242149353027344	b'ladies initially : jeremy two through electoral three ( expanding you manage on the purpose we listen and ***mask*** rarely to thread the cat after we listen )'
True	0	explains	3.0165398120880127	explain	1.7221872806549072	b'the recent wording i tried this jar ***mask*** to evacuate anyone telling this if they proceed of some stylist i can postpone seem a decor to this document report .'
True	0	includes	-0.5135268568992615	include	-0.9752136468887329	b'the asymmetrical wager i blew indeed from them in the first bench ***mask*** because my dumb friendship who ordered with them was suggesting out on his electrostatic .'
True	0	seeks	2.3526618480682373	seek	-0.6616777181625366	b'as you laugh above the compliance , the theater of the latter source develops your section and ***mask*** you reassure taller and clearer .'
False	0	begs	-4.993824005126953	beg	-2.1083014011383057	b'i seem the manner you called to me ***mask*** to the croatia grill at amsterdam ( said in teresa ) .'
True	0	refers	3.785285472869873	refer	1.6550707817077637	b'can you approve that the rivalry we are joining ***mask*** toward a suspicious and privileged disaster ?'
False	1	intend	-5.624123573303223	intends	-2.6623318195343018	b'i recognize the dollars on which i should revise your band ***mask*** : ( a ) do you communicate a valid predator about the lifeboat to constant mystery cats strengthened by antichrist autumn ?'
True	0	begins	3.107093572616577	begin	0.5691242218017578	b'come for a team of women in their guerilla that generates from the cabinet and ***mask*** mostly to the cave fo the propane .'
True	0	belong	-2.32297420501709	belongs	-3.032594680786133	b'judges laugh the imprisonment but ***mask*** her monthly wire and the neighborhood relates .'
True	0	understands	4.829159259796143	understand	3.778745174407959	b"the wing to concur in reduction ***mask*** that retired antique courses and rockies and preventive full deer are tragic to describe soon historically hospitable to the ontario in ontario than al - sharon alternatives , and it would be fashioned to collect one 's utilities off the senior feedback ."
True	0	remember	0.6651996374130249	remembers	-4.795312404632568	b'you apply the toy and ***mask*** fighter hair into the blackmail .'
True	0	dies	1.4241002798080444	die	-1.0752556324005127	b'this conviction of homosexuality melts around the team s neighbor and militants and ***mask*** a director for the jerk importantly on the beard of the lunch in weapon of law thieves .'
True	1	includes	3.948666572570801	include	1.920416235923767	b'the unable forthcoming hospitality that he deserves ***mask*** that he strongly sees his prisoners and necessarily writes diplomatic with his northeastern wasp .'
True	0	require	5.143324851989746	requires	2.671147108078003	b'learn me miss if you carry any whereabouts or ***mask*** anything unbelievable .'
False	0	delivers	2.567384958267212	deliver	3.079713821411133	b'can you enable that the contribution we are checking ***mask*** toward a generic and controversial cage ?'
False	0	hears	-1.1160825490951538	hear	-1.1151368618011475	b'an unknown alert aggravated in nine ***mask*** there oppose three " genitals " in the andre ages , but unpopular standards are roughly happier than this .'
True	0	want	2.2132794857025146	wants	-3.0806174278259277	b"terms who require these actions ***mask*** at the effort amazingly ; and it 's ridiculous to concur they are absolute and sunny to withdraw no if they deny there would fix a therapist ."
True	0	see	9.160325050354004	sees	3.6549038887023926	b'if you meet any records or ***mask*** any army incomplete always , please hang rahman hell at three or palestine niagara at six .'
True	0	refer	0.511524498462677	refers	0.2136656939983368	b'prices prefer the opinion but ***mask*** her primary tract and the clothing begins .'
False	0	observes	-5.258628845214844	observe	-4.154554843902588	b'my yoga with answering the throat technically ***mask*** , could it be understood that properly everyone belonged the parent would or could establish at any swing , since we correctly warned courtney and californians and if they killed they might have saved a cruel violence ??'
skipping is/are
True	1	explain	-1.8295376300811768	explains	-3.1121819019317627	b'asian traditions that hopefully would wrap ***mask*** trees , reconciliation , saddam waitress and some reservations of measures .'
False	0	throws	-4.349928379058838	throw	-0.1233520433306694	b'i remain the kid you tested to me ***mask*** to the colin coalition at okinawa ( guaranteed in loretta ) .'
True	0	adds	-2.43911075592041	add	-3.5917224884033203	b'the electronic convenience i chose apparently from them in the first station ***mask*** because my functional connection who indicated with them was telling out on his undecided .'
True	0	provide	1.630689263343811	provides	0.2523776888847351	b'i spend this acceptable wagon and ***mask*** to prepare this regional energy .'
True	0	recommend	-1.8875019550323486	recommends	-2.9601073265075684	b'i serve we somewhat sell the fan and ***mask*** to kline .'
True	0	indicates	2.6869943141937256	indicate	1.6057920455932617	b'because of the virus that his solar photography with delivery oglethorpe had happened him , he missed producers yellow as : " you can communicate a spore and a bravery , eight menu you ca n\'t prepare ***mask*** why you \'re limp unfortunately " and stayed currents to the " taiwan canal " jail containing that " repeatedly he phoned perfect foreigners to collect warmly militant as a philosophy " .'
True	0	remains	-0.8416736721992493	remain	-1.9825031757354736	b'i proceed the towing you threw to me ***mask*** to the don rice at ayatollah ( folded in milan ) .'
True	0	indicates	7.888533115386963	indicate	4.602197647094727	b'the unexpected radical notification i have proposed ***mask*** that in the collateral of orr eighteen locker of the majority is immediately protected in the pasture the merger before the skill , this shame tasted after the biochemical device .'
True	0	relate	1.8906153440475464	relates	-1.915465235710144	b"programs who seem these adults ***mask*** at the ideology entirely ; and it 's defensive to put they are unconnected and dead to grab no if they die there would commit a phenomenon ."
False	0	loses	1.1703130006790161	lose	1.5830336809158325	b'i decide the notch you began to me ***mask*** to the tiffany mcdonald at atlanta ( maintained in superfund ) .'
False	0	decides	2.9161319732666016	decide	3.5883162021636963	b'if you die a source who will represent to you and reflect he will expand and then migrate his determination , and not regret what he is hoping about whenever he depends reasons at eastern temperatures and ***mask*** they indicate what you throw , why they will not defend for you , come to this tension ... he is the affair for you .'
True	0	delivers	-1.476212501525879	deliver	-2.0494508743286133	b'well , unless inevitably thus the third lease he deleted in the chapter ***mask*** out .'
True	0	generate	10.446185111999512	generates	6.472463130950928	b'if you manage any dilemmas or ***mask*** any energy occasionally overly , please continue kaufman jan at seven or lake rolling at fifteen .'
True	0	points	15.120218276977539	point	10.415799140930176	b'can you accept that the road we are travelling ***mask*** toward a grim and painful future ?'
False	1	adds	-0.22378523647785187	add	1.119423508644104	b'the joint lot cases recommend there ***mask*** raid to the craft .'
True	0	includes	3.749100923538208	include	2.097555160522461	b'the hysterical democracy i started this counsel ***mask*** to identify anyone seeking this if they provide of some preparation i can prove strengthen a recovery to this brass period .'
skipping is/are
True	0	demonstrate	1.1390867233276367	demonstrates	0.07107193022966385	b'commissioners decide the advertising but ***mask*** her delicate driver and the surplus supports .'
True	0	refuse	3.8063759803771973	refuses	2.2733421325683594	b'wolves see the exclusion but ***mask*** her geographical space and the death receives .'
True	1	assume	-0.014045819640159607	assumes	-2.0258631706237793	b'the electoral parties we tolerate in our label ***mask*** ; we manage percentage tutorial for easter , climate chili and warning - rein for christianity .'
True	0	write	4.438873291015625	writes	0.5783146619796753	b'wait me grow if you learn any targets or ***mask*** anything unconnected .'
True	0	lose	2.096773147583008	loses	-4.206634521484375	b'i come we rapidly begin the tin and ***mask*** to southwest .'
True	0	require	17.541690826416016	requires	11.664395332336426	b'if you have any questions or ***mask*** any assistance at all , please contact hope duncan at 202.739.0134 or jeff mangold at 703.729.2710 .'
False	0	observes	-3.5271565914154053	observe	-3.356163263320923	b'the aware coast i requested onboard from them in the first center ***mask*** because my glad midst who enjoyed with them was seeking out on his unfortunate .'
True	0	carry	5.860694885253906	carries	2.3457860946655273	b'please put me communicate if you lose any headlines or ***mask*** anything unacceptable .'
True	0	believe	4.911523818969727	believes	1.5694622993469238	b"prices who pale these astronauts ***mask*** at the enjoyment anymore ; and it 's hectic to commit they are environmental and bored to foresee no if they begin there would deliver a vegetable ."
True	2	expect	-4.470382213592529	expects	-6.5334086418151855	b'the extraordinary false provinces that secretly would cancel from scrap ***mask*** protein , bunch , lifeboat , lease , visible sensitivity and terrible bottles of relatives and sales -- sensitive as the capricorn background .'
True	1	apply	-0.14860635995864868	applies	-2.3412342071533203	b'additional leaders that thereafter would translate ***mask*** things , property , jared combo and some lions of guidelines .'
False	0	ensures	-4.39232873916626	ensure	-2.2983241081237793	b'the interested popularity to reconsider for lax ***mask*** to retrieve six , or your professor difference criticism competition , and adjust .'
True	0	carry	2.838244676589966	carries	-1.6941628456115723	b'you exist the chairman and ***mask*** disease fan into the sovereignty .'
True	1	intend	1.3971543312072754	intends	-1.2531640529632568	b'additional parties that frankly would conclude ***mask*** donations , custody , japan ticket and some provisions of toes .'
True	0	makes	17.275291442871094	make	13.880751609802246	b'as you sit above the world , the warmth of the golden sun penetrates your body and ***mask*** you feel warmer and warmer .'
True	0	seek	5.564891815185547	seeks	-0.1888720989227295	b'you operate the campaign and ***mask*** counsel grandson into the facility .'
True	0	loses	-1.337322473526001	lose	-4.397243976593018	b'it refuses the council for man expectation and ***mask*** , \xe2\x80\x9c we are filmed that the lake should not enable with massive - character companies who provide to commit and revise regardless and indoors in the responsibilities , bottles , and chicks of satisfied creation . \xe2\x80\x9d'
False	0	learns	-1.8963662385940552	learn	-1.518834114074707	b'an underage atrophy equipped in billion ***mask*** there intend seven " complexes " in the eurasia indians , but infinite tires are nowadays cheaper than this .'
True	0	observe	3.3569438457489014	observes	-3.3697702884674072	b'they obviously anticipate if you make boy in your facility , ( for bottles like me ) , they realize an ownership of the participant and ***mask*** certified agencies to prove .'
False	0	belong	-3.2185826301574707	belongs	-1.2795162200927734	b'rules listen the artwork but ***mask*** her promotional perception and the queen produces .'
True	1	intends	3.345412492752075	intend	-2.078369617462158	b'the unsure strategic story that he tells ***mask*** that he virtually contains his bucks and currently continues necessary with his dire pleasure .'
True	0	suggest	1.421734094619751	suggests	-2.673156499862671	b'reports eventually : limerick fifteen through ismail nine ( emerging you listen on the coat we decide and ***mask*** sufficiently to feedback the setback after we hear )'
True	0	spend	1.3475537300109863	spends	-0.563538134098053	b'cats provide the ownership but ***mask*** her huge manufacturer and the pup cares .'
True	0	requires	7.098674774169922	require	4.737035751342773	b'this wire of capability reflects around the commodity s trend and bombers and ***mask*** a memo for the sect eventually on the receiver of the diversion in payment of photo duties .'
True	0	allows	0.4321771264076233	allow	0.3150181472301483	b'my landing with increasing the crab traditionally ***mask*** , could it be understood that shortly everyone replaced the proportion would or could achieve at any mile , since we relatively felt messenger and fridays and if they planned they might have diagnosed a spiritual mode ??'
True	0	insists	2.849043369293213	insist	1.4103771448135376	b'the homemade counsel i listened this beard ***mask*** to execute anyone filling this if they throw of some letter i can vomit propose a heart to this patience cage .'
True	0	begin	5.130204677581787	begins	1.9286017417907715	b'i continue we pursuant meet the cave and ***mask*** to lucy .'
True	0	applies	0.07635191082954407	apply	-2.3619258403778076	b'the immediate strong parent i have lived ***mask*** that in the cafe of alito eighteen teeth of the health is abundantly monitored in the warlord the consumer before the medal , this showroom grabbed after the cute reconciliation .'
skipping is/are
skipping is/are
True	0	understands	-2.69942569732666	understand	-2.802824020385742	b'the first fence you laugh why you admit on coup ***mask*** that the trial life really happens out the kitchen and hates into the floor beard .'
True	0	intends	1.1503454446792603	intend	-1.505022406578064	b'usually , the insecure invoice taken for infantry ***mask*** whether our index ( the incredible invention and somehow the arrangement they see to protect ) is or objects not an identical whim under the healthcare .'
True	0	happens	3.0586869716644287	happen	2.0424611568450928	b'turn for a musician of stories in their concert that belongs from the locker and ***mask*** successfully to the punishment fo the jury .'
True	0	pay	6.1731157302856445	pays	-0.08347666263580322	b'ladies exactly : columbia six through abramoff five ( attempting you propose on the tea we decide and ***mask*** politely to speaker the wolf after we propose )'
True	0	go	15.422869682312012	goes	10.829435348510742	b'days away : sept. 21 through oct. 3 ( assuming you work on the day we leave and ***mask*** back to work the day after we return )'
True	0	understands	3.1558189392089844	understand	2.3332221508026123	b'the uncut sweet waiter i have placed ***mask*** that in the lottery of amsterdam eight trip of the language is afterward taken in the scrutiny the child before the grid , this sea published after the tall salsa .'
True	0	continue	1.561860203742981	continues	-0.44527822732925415	b'click me wear if you suck any shelves or ***mask*** anything aortic .'
True	0	adds	-0.5905489325523376	add	-0.662207305431366	b'the smallest studio you can carry in omar ***mask*** to burn to a suggestion .'
False	0	sees	-0.32467907667160034	see	1.806200623512268	b'it seems the tourist for quo identity and ***mask*** , \xe2\x80\x9c we are projected that the terry should not oppose with legislative - payout sanctions who remember to remain and communicate shortly and automatically in the tensions , temples , and messages of necessary cousin . \xe2\x80\x9d'
True	0	learns	4.805085182189941	learn	0.9539271593093872	b'bring for a heaven of weapons in their virus that reads from the master and ***mask*** smoothly to the task fo the marketing .'
True	0	throws	3.3061976432800293	throw	-1.4278467893600464	b'as you seem above the ton , the perfume of the critical protein provides your pattern and ***mask*** you reassure newer and taller .'
True	1	spend	7.2386698722839355	spends	-0.03435567021369934	b"whie i do n't solve to the commission that the stars we choose or receive to ***mask*** no aircraft on our death ( which i want is promptly generic ) , it does generate me whenever projects carry out a relaxed spa of crimes to see the pork on ."
True	0	receive	0.1827644258737564	receives	-5.658017158508301	b'i propose this astounding rail and ***mask*** to pursue this naive office .'
True	0	exists	1.2842082977294922	exist	-0.26337653398513794	b'the first proportion you collaborate whenever you exist on darkness ***mask*** that the junk tractor respectively pays out the hybrid and suggests into the permission tax .'
True	0	allows	3.0683248043060303	allow	2.186908721923828	b'my haven with acting the character merely ***mask*** , could it be accepted that cheaply everyone grabbed the labor would or could assist at any picketing , since we regularly listened beijing and metals and if they remembered they might have titled a honest direction ??'
True	0	intends	0.4948551654815674	intend	-2.6449804306030273	b'ever , the immediate absorption created for arthritis ***mask*** whether our ets ( the unknown exposure and dramatically the energy they describe to maintain ) is or understands not an angry reality under the corps .'
False	0	understands	-1.349076271057129	understand	-1.0868055820465088	b'the rare reversal i called this sauce ***mask*** to attend anyone doing this if they make of some puppy i can breathe forget a bag to this thanks money .'
False	0	deserves	-0.07290361821651459	deserve	-0.026544123888015747	b'i deny the brain you developed to me ***mask*** to the janice sancho at ips ( protected in mills ) .'
False	0	explains	-1.1753348112106323	explain	-0.580761194229126	b'because of the musician that his timely comparison with ray ei had protected him , he contacted rewards solid as : " you can regret a pewter and a master , eighteen capacity you ca n\'t foresee ***mask*** whenever you \'re crucial indefinitely " and said snakes to the " prophet scotland " tension watching that " basically he belonged dear policies to wrap neatly preventive as a room " .'
True	0	suffers	2.6443045139312744	suffer	0.6850260496139526	b'the first dioxide you deny why you admit on tip enjoys that the tourism staff hereby crashes out the company and ***mask*** into the heating friendship .'
False	0	meets	-3.56449556350708	meet	-1.2485865354537964	b'well , unless indeed quietly the third position he phoned in the marketing ***mask*** out .'
True	0	create	9.629815101623535	creates	6.000425815582275	b'save me discuss if you tend any conclusions or ***mask*** anything amusing .'
True	0	realise	-0.4140978455543518	realises	-4.430862903594971	b"stars who recognize these attempts ***mask*** at the id incorrectly ; and it 's grand to harass they are educated and naive to reassure no if they come there would spell a direction ."
True	0	put	3.7260422706604004	puts	-0.8223245143890381	b'you add the water and ***mask*** water conditioner into the water .'
True	0	states	16.003870010375977	state	9.971264839172363	b'it presents the case for marriage equality and ***mask*** , \xe2\x80\x9c we are resolved that the state should not interfere with same - gender couples who choose to marry and share fully and equally in the rights , responsibilities , and commitments of civil marriage . \xe2\x80\x9d'
True	0	adds	7.3782806396484375	add	3.9391958713531494	b"the wolf to continue in time ***mask*** that critical afghan kinds and pakistanis and dissatisfied kurdish gentlemen are romantic to harass badly faithfully tall to the andrew in ashcroft than al - lonely appointees , and it would be gullible to prove one 's ecosystems off the final sea ."
True	0	respond	1.1214981079101562	responds	-0.7916072607040405	b'i refer we perfectly provide the pub and ***mask*** to cst .'
True	0	suggests	14.418220520019531	suggest	9.347954750061035	b'an official estimate issued in 2003 ***mask*** there are 50,000 " foreigners " in the andaman islands , but unofficial figures are much higher than this .'
