True	1	exists	1.9647016525268555	exist	-0.6310026049613953	b'the organised massive skin that he depends ***mask*** that he thus sends his rights and nowadays tells lazy with his northeastern merchant .'
True	0	ensures	-5.2413554191589355	ensure	-5.639098167419434	b'because of the paperwork that his terrible father with dental alan had shared him , he saved wonders continental as : " you can retake a programming and a problem , eighteen song you ca n\'t gather ***mask*** whenever you \'re humble abroad " and discussed nostrils to the " future korea " dish removing that " primarily he said pakistani hands to reassure thus vital as a receipt " .'
True	0	admits	2.490323781967163	admit	-0.1257130354642868	b'the first settlement you suggest whenever you extend on rumor ***mask*** that the premium media slowly melts out the culture and dies into the belly fever .'
True	0	spill	2.0911762714385986	spills	1.2103255987167358	b'if you choose any holdings or ***mask*** any electricity ethnically already , please tell sarah gm at six or crawford kevin at nine .'
True	0	decide	2.7121012210845947	decides	0.21535757184028625	b'please groom me translate if you prefer any forums or ***mask*** anything obvious .'
True	0	approves	0.7940503358840942	approve	-1.1386290788650513	b"the sauce to recruit in pastor ***mask*** that full european complexes and communists and strange jewish species are conventional to hang soon thereby violent to the amsterdam in isi than al - taiwan animals , and it would be numerous to recover one 's alarms off the governmental radar ."
True	0	operates	-0.7051634192466736	operate	-1.6639376878738403	b'the first loan you respond why you indicate on frequency ***mask*** that the time remainder finally belongs out the speech and pays into the zoo technology .'
False	1	insist	-4.724710941314697	insists	-2.8891358375549316	b'the ecological wines we believe in our night ***mask*** ; we come drawer today for easter , rivalry difficulty and weapon - machine for louisiana .'
True	0	deserve	-2.404741048812866	deserves	-3.261713743209839	b'please make me verify if you require any dancers or ***mask*** anything underage .'
True	0	tend	1.652384877204895	tends	0.5541232824325562	b'i consider this adequate reputation and ***mask*** to relate this dangerous event .'
True	0	use	12.17718505859375	uses	7.268346309661865	b'they always ask if you have meat in your dish , ( for vegetarians like me ) , they scrub an area of the grill and ***mask*** separate utensils to cook .'
True	0	adds	4.822679042816162	add	2.542529344558716	b'the first reduction you believe why you intend on decor ***mask*** that the commission soil specifically becomes out the virus and leads into the spirit market .'
True	0	adds	-0.4920468330383301	add	-1.2387597560882568	b'the effective communication to thank for romantic ***mask*** to pursue three , or your boy tumor software behavior , and encourage .'
True	1	remain	5.129851818084717	remains	0.6265690326690674	b'but unbelievable malls do describe the quiz they prefer he will replace , and the artists who remain him ***mask*** to investigate the appointments who extend him .'
False	2	explain	-1.6607390642166138	explains	-0.2930492162704468	b'the overcrowded strategic tourists that strictly would meet from meditation ***mask*** misunderstanding , bladder , poisoning , jerk , pure target and lovely rebels of marketers and cleaners -- previous as the doug snack .'
True	0	suggest	6.97560453414917	suggests	3.692986249923706	b'if you condemn any disasters or ***mask*** any error economically afterward , please specify butcher samuel at fifteen or tet nov at six .'
True	0	tend	5.490304470062256	tends	2.20463490486145	b'i seem we promptly suck the disaster and ***mask*** to jafar .'
True	0	represent	0.16327644884586334	represents	-1.4509875774383545	b'follow me predict if you put any publications or ***mask*** anything impenetrable .'
False	1	exist	-1.678229808807373	exists	-0.6994297504425049	b'the electrostatic fisheries we develop in our monkey ***mask*** ; we listen perspective wall for easter , planet testimony and supervisor - budget for wii .'
True	1	employ	-1.028290867805481	employs	-1.7770307064056396	b'i develop the liberals on which i should lace your gender ***mask*** : ( a ) do you pour a painful requirement about the cafeteria to delighted swap shops begun by andaman andre ?'
False	0	enters	-1.9148297309875488	enter	-1.3491032123565674	b'my career with using the fantasy frequently ***mask*** , could it be eaten that perfectly everyone bought the swap would or could eat at any justice , since we happily prevented veterinary and wars and if they gave they might have grown a scientific blackmail ??'
True	0	represent	-2.3275580406188965	represents	-7.565965175628662	b'i deny this expensive customer and ***mask*** to remember this costly atrophy .'
False	0	understands	3.296009063720703	understand	4.58434534072876	b'instead , the effective extent killed for editor ***mask*** whether our usb ( the unaware obligation and nearly the exclusion they pose to compel ) is or involves not an obvious curve under the purse .'
True	0	tells	0.3468233644962311	tell	-2.1361095905303955	b'the first goodness you laugh whenever you agree on testimony appears that the discovery king presently cares out the filter and ***mask*** into the salsa competition .'
True	2	enjoy	-0.848359227180481	enjoys	-2.9270408153533936	b'the overwhelming short properties that primarily would dial from lottery ***mask*** termination , divorce , term , wagon , militant salt and downstream martyrs of methods and wounds -- soothing as the karl separation .'
True	0	dies	2.225658893585205	die	-3.3513174057006836	b'as you sell above the rape , the temper of the complicated stone feels your nature and ***mask*** you grow lighter and newer .'
True	0	makes	2.951931953430176	make	1.6101670265197754	b'put for a button of centuries in their reviewer that pays from the defence and ***mask*** historically to the bluff fo the reaction .'
True	1	carry	1.188606858253479	carries	-2.118744134902954	b'but automatic millions do cancel the tutorial they dislike he will wash , and the explosives who provide him ***mask*** to argue the edges who insist him .'
True	0	expect	4.769769668579102	expects	4.57420015335083	b'they especially include if you die reaction in your separation , ( for transfers like me ) , they believe an investment of the teacher and ***mask*** barren officials to receive .'
True	1	assumes	9.032731056213379	assume	3.2117183208465576	b'the insecure weird shelter that he suggests ***mask*** that he possibly depends his participants and vigorously blames relevant with his funny process .'
True	1	approves	1.285600185394287	approve	-0.7295621037483215	b'the enjoyable huge wing that he melts ***mask*** that he generally loves his hearings and properly relates conscious with his similar difficulty .'
True	1	begin	1.7995259761810303	begins	-4.3944244384765625	b"whie i do n't consider to the discussion that the cabins we wash or meet to ***mask*** no user on our corps ( which i deserve is wholly conservative ) , it does mention me why ranchers die out a prior homeland of things to hear the vulnerability on ."
True	1	include	14.77491569519043	includes	9.165267944335938	b'important species that probably would decline ***mask*** shrimp , capelin , greenland halibut and some varieties of flatfish .'
True	0	represents	-2.9956419467926025	represent	-5.513906955718994	b'well , unless abruptly harshly the third siege he paid in the mosque ***mask*** out .'
True	0	tend	-0.3347190022468567	tends	-2.70967173576355	b'if you laugh any flowers or ***mask*** any omnibus incredibly entirely , please breathe fred gerald at twenty or coogan medici at thirty .'
True	0	look	19.02584457397461	looks	12.999061584472656	b"workers who do these introductions ***mask*** at the interaction objectively ; and it 's good to see they are able and willing to say no if they feel there would be a problem ."
True	2	agree	-1.5595519542694092	agrees	-4.095077037811279	b'the usual noble peoples that freely would reduce from role ***mask*** dispute , tin , portion , studio , mass bravery and cultural ladies of years and forums -- fundamentalist as the francis pillow .'
True	0	belongs	15.43274211883545	belong	11.258546829223633	b'i believe the message you forwarded to me ***mask*** to the mark taylor at ei ( based in london ) .'
True	1	allows	0.667366087436676	allow	0.00956813246011734	b'the potable mistake properties believe there ***mask*** flee to the surgery .'
True	1	define	-0.6640044450759888	defines	-4.789043426513672	b'but insecure symptoms do rush the humanity they suck he will serve , and the extremists who lose him ***mask*** to amend the ants who include him .'
True	1	ensure	0.6354449987411499	ensures	0.042845532298088074	b'the ordinary wars we require in our tuna ***mask*** ; we suggest traveler dryer for easter , climate channel and propane - millet for stark .'
skipping is/are
True	1	want	10.168206214904785	wants	5.375041484832764	b'but inner declarations do customize the leaf they seem he will harass , and the immigrants who lose him ***mask*** to eat the injuries who enjoy him .'
True	0	deserves	-1.9753882884979248	deserve	-3.740328073501587	b'a bill cult accepted in scott three ***mask*** , " due to its ticket astride the christmas cambodia , iss has now been a trauma to the suicide .'
False	2	affirm	-1.972021460533142	affirms	-1.972021460533142	b'the affluent strong wishes that desperately would sell from movie ***mask*** feedback , territory , size , lifestyle , crazy highway and heavy rounds of laws and politics -- fatal as the youngstown belief .'
False	1	admits	-0.35414767265319824	admit	1.6777281761169434	b'the capable treatment contractors recommend there ***mask*** ruin to the coordinator .'
True	0	go	12.721179008483887	goes	5.761804580688477	b'i say we just keep the dough and ***mask*** to mexico .'
True	1	begin	11.025665283203125	begins	7.363011360168457	b'but incorrect cm do come the flower they refuse he will believe , and the effects who respond him ***mask*** to emit the opportunities who operate him .'
False	0	throws	-2.645923137664795	throw	-1.623441457748413	b'otherwise ensure your peoples to burn this aggressively to their homes , and deeply unfortunately , so that the globe to deny her ***mask*** appropriately .'
True	0	serve	3.281541585922241	serves	-1.5543731451034546	b'i refuse this adequate clinic and ***mask*** to vary this superb income .'
True	0	meets	2.470651388168335	meet	0.8316105008125305	b'it believes the bird for server exchange and ***mask*** , \xe2\x80\x9c we are reimbursed that the whipple should not examine with grand - product ships who meet to reduce and cancel personally and altogether in the slaves , nails , and curtains of personal compliance . \xe2\x80\x9d'
True	0	develops	1.621739387512207	develop	0.03177359700202942	b'well , unless initially legally the third guitar he considered in the source ***mask*** out .'
False	0	enters	-3.521008253097534	enter	-2.5874454975128174	b'the critical testimony i planned this chocolate ***mask*** to add anyone failing this if they represent of some comfort i can monitor suggest a curtain to this today cage .'
False	0	deserves	-0.10227902233600616	deserve	1.8128610849380493	b'if you propose a country who will propose to you and see he will absorb and then convince his meditation , and not tell what he is sending about why he supports conclusions at extensive sandwiches and ***mask*** they arrive what you pick , why they will not hire for you , transmit to this rivalry ... he is the affection for you .'
False	1	indicate	0.6012363433837891	indicates	1.1630409955978394	b'the influential drugs we continue in our swing ***mask*** ; we pick delivery harmony for easter , virus phrase and settlement - coal for yellowstone .'
False	1	extends	-1.6900144815444946	extend	-0.8306922316551208	b'the lovely tournament cows deny there ***mask*** circulate to the thread .'
False	0	observes	-2.150158405303955	observe	-1.7612767219543457	b'the youngest loan you can seem in ivan ***mask*** to develop to a drying .'
True	0	allows	1.8860011100769043	allow	-0.9064151048660278	b'almost , the embarrassing earthquake requested for oil ***mask*** whether our aa ( the absurd image and precisely the acupuncture they decide to recruit ) is or involves not an innovative tube under the fare .'
True	0	compares	0.41915804147720337	compare	-1.59232497215271	b'the first television you require whenever you exist on guest explains that the city minister solely writes out the duty and ***mask*** into the month knee .'
True	0	grows	7.28584098815918	grow	3.8882460594177246	b'the first dinner you pay whenever you allow on pig involves that the compliance field financially sees out the language and ***mask*** into the consensus ton .'
True	0	operates	-3.663483142852783	operate	-4.549131393432617	b'because of the phone that his potable flower with naval amelia had meant him , he reported properties pleasant as : " you can print a language and a tabs , eighteen stream you ca n\'t raise ***mask*** why you \'re beautiful utterly " and threw restrictions to the " kerry warren " cup ranging that " totally he handled judicial tensions to reflect reportedly dangerous as a terror " .'
False	2	include	-0.020500270649790764	includes	0.6255764961242676	b'the arrogant difficult weekends that successfully would maintain from star ***mask*** soul , season , plot , path , narrow corner and nuclear minds of scientists and surgeons -- faithful as the starbucks crate .'
True	0	refuses	-3.0502052307128906	refuse	-4.180328845977783	b'well , unless indoors strongly the third paper he passed in the campus ***mask*** out .'
True	0	extends	0.43699219822883606	extend	-2.001585006713867	b"the tide to compete in participant ***mask*** that dwarf armed sports and professors and tricky syrian worries are distinguished to migrate soon seldom joint to the agra in ireland than al - laura allegations , and it would be neat to foresee one 's options off the tolerable disappointment ."
False	1	enjoys	-4.031808376312256	enjoy	-2.8939437866210938	b'the maximum dirt pairs become there ***mask*** translate to the theatre .'
True	0	generate	-1.1501100063323975	generates	-2.8059329986572266	b"stars who put these animals ***mask*** at the ad immensely ; and it 's soothing to raise they are executive and handy to wrap no if they learn there would hesitate a steam ."
True	0	assumes	1.294559121131897	assume	0.7396042346954346	b"the daughter to generate in housing ***mask*** that dwarf european guns and travels and bound final transactions are vital to convince soon however nuclear to the emma in ahmed than al - chevron openings , and it would be generous to carry one 's atrocities off the manned console ."
True	0	make	5.234633445739746	makes	2.3824729919433594	b'mechanics pose the investment but ***mask*** her glaring predator and the moon demonstrates .'
True	0	learns	2.078085422515869	learn	1.9315625429153442	b'it leads the nephew for forum upgrade and ***mask*** , \xe2\x80\x9c we are contacted that the denton should not invite with foreign - security performers who provide to listen and bother still and altogether in the starters , stars , and casualties of knowledgeable slice . \xe2\x80\x9d'
True	0	hear	7.959142208099365	hears	4.6445465087890625	b'please destroy me grab if you pay any seconds or ***mask*** anything aggressive .'
False	1	affirms	2.2977914810180664	affirm	2.2977914810180664	b'the healthy trip masks realize there ***mask*** lose to the freighter .'
True	0	spends	2.2593297958374023	spend	1.0397177934646606	b'about expect your wheels to burn this incredibly to their managers , and separately apart , so that the crate to harass her ***mask*** approximately .'
True	0	exists	-0.8191066980361938	exist	-2.0380148887634277	b'because of the tank that his secondary pewter with nyc abby had checked him , he testified hosts blind as : " you can communicate a nausea and a plate , eight pasture you ca n\'t spend ***mask*** why you \'re certain exceptionally " and saved missions to the " sam ds " misfortune circling that " slowly he slept nepalese nails to define shortly vain as a dryer " .'
True	0	relate	3.550525188446045	relates	-1.3425742387771606	b'you affirm the distinction and ***mask*** platform trauma into the letter .'
False	0	dies	3.4283828735351562	die	4.452991962432861	b'well , unless overwhelmingly precisely the third territory he seized in the commission ***mask*** out .'
True	0	exists	0.7961857318878174	exist	-0.18569129705429077	b'the healthy personality i provided this rock ***mask*** to add anyone leading this if they believe of some teacher i can prove bless a visitor to this shuttle deal .'
True	0	come	6.09022855758667	comes	3.3076913356781006	b'i deserve this arrogant shine and ***mask*** to throw this rude id .'
True	0	represents	6.625688076019287	represent	1.0918793678283691	b'can you interfere that the scholarship we are joking ***mask*** toward a tired and messy drama ?'
True	0	demonstrate	3.240354061126709	demonstrates	0.626725435256958	b'you indicate the dryer and ***mask*** nightlife context into the meantime .'
True	1	appear	-0.2586960792541504	appears	-0.7656532526016235	b'average prisoners that potentially would solve ***mask*** ft , creativity , washington partnership and some periods of customers .'
True	0	generates	-4.975244522094727	generate	-5.0437517166137695	b'a jen window allowed in cole twenty ***mask*** , " due to its breath astride the gerald finland , abdul has freely been a flower to the suicide .'
False	0	begins	-0.21179819107055664	begin	1.5330324172973633	b'if you prefer a star who will remove to you and sail he will adjust and then raise his fire , and not vary what he is jumping about whenever he gives neighbors at authentic babies and ***mask*** they extend what you put , whenever they will not join for you , transmit to this path ... he is the article for you .'
False	0	employs	-4.036097526550293	employ	-3.5369443893432617	b'the unfortunate tabs i carried adequately from them in the first direction ***mask*** because my national vulnerability who answered with them was joking out on his accurate .'
False	0	delivers	-1.5235724449157715	deliver	0.8602731227874756	b'if you suck a woman who will bother to you and predict he will eat and then bless his tariff , and not squeeze what he is growing about why he relates creatures at identical lyrics and ***mask*** they apply what you consider , why they will not sail for you , tell to this prostitute ... he is the advancement for you .'
True	0	refuse	1.8511810302734375	refuses	0.9420679211616516	b'copies throw the aircraft but ***mask*** her complicated drying and the path belongs .'
False	0	ensures	-3.9387247562408447	ensure	-3.2522921562194824	b'because of the spreadsheet that his hostile tomorrow with janet alaska had tended him , he waited cm necessary as : " you can foresee a hour and a thermometer , eighteen requirement you ca n\'t come ***mask*** why you \'re visual effectively " and belonged courses to the " baudelaire brazil " team preventing that " potentially he refused few policies to settle just western as a foster " .'
True	0	admits	-4.44015645980835	admit	-4.441116809844971	b'absolutely , the outer assault guaranteed for episode ***mask*** whether our er ( the impeccable amendment and perfectly the officer they decide to meet ) is or affects not an ethnic joke under the steel .'
True	1	expect	-1.667141079902649	expects	-5.029151439666748	b'excellent minerals that frequently would pursue ***mask*** strategies , sky , kenneth season and some patients of beliefs .'
False	0	says	11.475630760192871	say	12.580405235290527	b'if you want a doctor who will lie to you and say he will operate and then change his mind , and not know what he is talking about when he recommends procedures at other hospitals and ***mask*** they are what you need , when they will not work for you , go to this doctor ... he is the one for you .'
False	0	enters	-2.8900434970855713	enter	-0.6676055788993835	b'because of the traveler that his conservative lunch with tx england had dominated him , he began times massive as : " you can reflect a soup and a propane , eighteen shrapnel you ca n\'t verify ***mask*** why you \'re toxic increasingly " and testified beliefs to the " lewis texas " waist pulling that " largely he booked rude plants to concur rapidly sensitive as a growth " .'
True	0	loses	2.837822675704956	lose	1.8532724380493164	b'get for a grandson of supporters in their lens that wakes from the deadline and ***mask*** whatsoever to the store fo the conviction .'
True	0	respond	-0.6464260816574097	responds	-3.391680955886841	b"terms who meet these allegations ***mask*** at the alliance apparently ; and it 's grand to reconsider they are ominous and tropical to tighten no if they deserve there would relate a glass ."
True	0	sucks	-0.9427416324615479	suck	-0.9477681517601013	b'well , unless equally probably the third rape he caused in the stuff ***mask*** out .'
True	0	receive	2.866558074951172	receives	1.4102656841278076	b'please submit me censor if you consider any reviewers or ***mask*** anything obsessed .'
True	0	suggests	1.0578781366348267	suggest	-0.9393203258514404	b'an essential information employed in fifty ***mask*** there agree three " practices " in the eye indians , but unnamed cartoons are shortly newer than this .'
True	1	suggest	2.2129032611846924	suggests	-1.5192886590957642	b"whie i do n't compete to the popularity that the losses we make or realize to ***mask*** no accident on our seed ( which i sell is financially covert ) , it does raise me why sanctions prefer out a dramatic humanity of ports to rush the junk on ."
True	0	tends	-2.1272153854370117	tend	-3.9213573932647705	b'a nixon width estimated in sunday billion ***mask*** , " due to its discretion astride the philip larry , oglethorpe has slowly been a resolution to the cpi .'
True	0	operates	-1.2150284051895142	operate	-1.4398412704467773	b'additionally , the urban interceptor cleaned for aunt ***mask*** whether our advice ( the electrostatic oil and fully the instability they provide to participate ) is or objects not an odd honesty under the responsibility .'
skipping is/are
True	0	includes	3.22359561920166	include	2.0906612873077393	b'the richest fee you can dial in agra ***mask*** to migrate to a selection .'
True	0	hear	0.8905871510505676	hears	-0.463583767414093	b'i pay this overwhelming sensitivity and ***mask*** to become this tactical injustice .'
True	1	ensures	-3.423187732696533	ensure	-4.523307800292969	b'the confidential success headlines consider there ***mask*** disappear to the wall .'
True	0	enjoys	0.731846809387207	enjoy	-1.4276520013809204	b'the stressful landlord i hired this master ***mask*** to oppose anyone hoping this if they laugh of some cooperation i can fill satisfy a chairman to this support performance .'
True	0	happen	2.9881837368011475	happens	0.5959065556526184	b'feel me vanish if you proceed any clergy or ***mask*** anything acrylic .'
True	0	happen	1.4818215370178223	happens	1.2017271518707275	b'i put we completely learn the gang and ***mask*** to stephen .'
True	0	enjoy	5.70356559753418	enjoys	0.743475079536438	b'they eventually operate if you want tea in your pact , ( for developments like me ) , they refuse an upheaval of the hobby and ***mask*** thorough appropriations to tend .'
False	0	learns	-2.1452784538269043	learn	-0.3104608952999115	b'i tell the courtesy you spoke to me ***mask*** to the mart connecticut at earl ( suggested in san ) .'
skipping is/are
True	0	indicates	7.121575832366943	indicate	4.9147562980651855	b'otherwise , the inevitable explanation promised for exam ***mask*** whether our account ( the alchemical apartment and typically the incident they thank to warrant ) is or intends not an authentic lawyer under the title .'
True	0	refuses	0.13412843644618988	refuse	-2.2628142833709717	b'this lunch of photograph feels around the crew s blog and sheep and ***mask*** a diplomat for the cent again on the cake of the reintroduction in documentation of society politics .'
False	0	belongs	-3.772656202316284	belong	-3.426267623901367	b'a taj possibility occurred in portland trillion ***mask*** , " due to its jihad astride the louisiana hamilton , australia has downhill been a conspiracy to the para .'
True	0	compares	-0.5173863172531128	compare	-0.6125339865684509	b'an endless infrastructure increased in three ***mask*** there assume four " transfers " in the ali indians , but useless blocks are jointly safer than this .'
True	0	belong	-2.429333209991455	belongs	-5.109800815582275	b'you operate the centre and ***mask*** memo fire into the car .'
True	0	expects	-2.534099578857422	expect	-4.457189559936523	b"the crowd to discuss in snow ***mask*** that parisian antique disasters and professors and soothing medieval sons are huge to reassure soon possibly shocked to the antichrist in argentina than al - chief atrocities , and it would be digital to tell one 's analysts off the permanent directive ."
False	1	affirm	1.6190897226333618	affirms	1.6190897226333618	b'i see the sons on which i should receive your revolution ***mask*** : ( a ) do you rub a bland heart about the creativity to dead coffee photos presented by amsterdam andrew ?'
True	0	need	10.74058723449707	needs	6.796899795532227	b'let me know if you have any questions or ***mask*** anything else .'
True	0	come	6.738004684448242	comes	3.58539080619812	b"ladies who continue these experts ***mask*** at the ear indoors ; and it 's scary to recruit they are explosive and desperate to greet no if they suppose there would remind a service ."
True	0	intends	0.03181959688663483	intend	-2.4210410118103027	b'the immediate flank to survive for pure ***mask*** to monitor fifty , or your hospitality homeland boulevard schooling , and achieve .'
False	0	affirms	1.2960647344589233	affirm	1.2960647344589233	b'the richest goodness you can compensate in eric ***mask*** to come to a crab .'
True	1	intends	-2.432708263397217	intend	-2.673658847808838	b'the large queen reviewers want there ***mask*** thank to the relation .'
skipping is/are
True	0	represent	2.44512939453125	represents	-0.6259503960609436	b"terms who consider these analyses ***mask*** at the editor environmentally ; and it 's superb to click they are excellent and ready to maintain no if they believe there would maintain a date ."
True	0	recognize	2.6491074562072754	recognizes	-2.470686197280884	b'reports occasionally : fabio thousand through ontario five ( expecting you recognize on the litter we hear and ***mask*** respectfully to system the mile after we continue )'
False	0	ensures	-3.659867763519287	ensure	-3.3939590454101562	b'the arrogant detective to compel for homeless ***mask*** to disappear four , or your cop pup carbon channel , and oppose .'
True	0	realise	-2.7416181564331055	realises	-4.405523777008057	b'you allow the distance and ***mask*** climber preference into the majority .'
False	0	assumes	-2.378159761428833	assume	-1.5163482427597046	b'the understandable dryer to cook for devastating ***mask*** to reduce fifty , or your rotation father volume vegetable , and execute .'
True	0	develop	6.836532115936279	develops	2.800375461578369	b'learn me promote if you continue any cabins or ***mask*** anything asymmetrical .'
True	0	spend	1.4068589210510254	spends	-1.4430444240570068	b'decisions indefinitely : williams five through edinburgh nine ( expanding you realize on the phase we die and ***mask*** previously to proportion the gambling after we die )'
True	1	come	7.302925109863281	comes	3.910494565963745	b'but electoral girls do suggest the shine they proceed he will click , and the observers who decide him ***mask*** to implement the earthworms who arrive him .'
True	0	recommends	4.789091110229492	recommend	2.5017857551574707	b'as you carry above the perfume , the rumor of the latter pot stands your context and ***mask*** you generate taller and fewer .'
True	0	reacts	-0.7459360361099243	react	-2.1045286655426025	b'a ny coat approved in del three ***mask*** , " due to its drawer astride the hamilton gmt , argentina has wonderfully been a response to the country .'
True	0	want	1.9843727350234985	wants	-1.5421713590621948	b'i put we presently see the bottle and ***mask*** to gm .'
True	0	understand	0.3067159950733185	understands	-0.8193387985229492	b'they aggressively intend if you provide division in your chance , ( for flats like me ) , they pay an intention of the supervisor and ***mask*** heavy animals to register .'
True	1	seem	16.210447311401367	seems	9.563497543334961	b'but other people do like the way they think he will vote , and the ones who favor him ***mask*** to outnumber the ones who oppose him .'
False	0	extends	-3.316912889480591	extend	-2.9406654834747314	b'the obsessed coding i built actually from them in the first chair ***mask*** because my distinguishing security who owned with them was returning out on his unknown .'
True	0	pays	0.9206374883651733	pay	0.6907080411911011	b'put for a hangar of symptoms in their disaster that leads from the selection and ***mask*** quickly to the complaint fo the movie .'
True	0	begin	1.4379756450653076	begins	0.33762437105178833	b'stay me settle if you remain any rooms or ***mask*** anything impossible .'
True	0	consider	6.529191970825195	considers	1.9504694938659668	b'put me disrupt if you pay any fry or ***mask*** anything eager .'
True	1	create	4.871759414672852	creates	-1.7655061483383179	b"whie i do n't postpone to the danger that the chores we deserve or die to ***mask*** no office on our context ( which i deserve is routinely sensitive ) , it does wear me whenever politics reflect out a successful photograph of fruits to die the shuttle on ."
False	0	makes	-1.0253591537475586	make	-0.41872265934944153	b'i put the knife you won to me ***mask*** to the barcelona carter at aid ( sought in la ) .'
True	0	learns	0.7352148294448853	learn	-1.4107731580734253	b'the first beer you die whenever you enjoy on freight affects that the blower surgeon routinely walks out the suspicion and ***mask*** into the roof disability .'
True	0	remembers	2.428123950958252	remember	1.6116529703140259	b'instead adjust your citizens to promote this apparently to their blocks , and financially actually , so that the scale to make her ***mask*** automatically .'
False	0	appears	-1.7793068885803223	appear	-0.8609488010406494	b'because of the volume that his sunny paradise with dhaka angie had promised him , he became laptops mere as : " you can recommend a sickness and a scientist , eight forgiveness you ca n\'t commit ***mask*** whenever you \'re recent already " and raised postcards to the " vi jafar " paper hunting that " forth he felt medieval missiles to deliver previously slick as a supervisor " .'
True	0	goes	9.160238265991211	go	5.866650581359863	b'well , unless of course the third compressor he put in the car ***mask*** out .'
True	1	allow	0.3993876278400421	allows	-0.16665072739124298	b'i realize the wars on which i should revise your hunt ***mask*** : ( a ) do you prescribe a catastrophic week about the racing to collective flank countries fallen by eurasia ireland ?'
True	0	deserve	2.957573652267456	deserves	-0.8917615413665771	b'please remember me pick if you seem any hearings or ***mask*** anything uncut .'
True	1	believe	-0.24225656688213348	believes	-5.561122417449951	b"whie i do n't remain to the propaganda that the bombs we pick or come to ***mask*** no instability on our gentleman ( which i pale is highly municipal ) , it does preserve me whenever rules wash out a revolutionary justification of lions to clarify the bean on ."
True	0	writes	4.0702104568481445	write	2.1654012203216553	b'beware for a theme of snakes in their stylist that cares from the neighbor and ***mask*** strongly to the membership fo the torch .'
True	0	insists	-2.0244526863098145	insist	-2.6873204708099365	b'the angry cancer to melt for surgical ***mask*** to hop three , or your vehicle gown pork handful , and achieve .'
skipping is/are
True	0	happens	0.5574228763580322	happen	-1.7123801708221436	b'a dorsey dad arrayed in capricorn billion ***mask*** , " due to its trial astride the walker lanka , orleans has strictly been a bus to the type .'
True	0	remains	3.447993278503418	remain	2.6831376552581787	b'as you proceed above the bakery , the staff of the beloved streak seems your strife and ***mask*** you remain stronger and clearer .'
True	0	create	0.30079910159111023	creates	-4.678231716156006	b'sales usually : cass four through university thirty ( expanding you wash on the monkey we tolerate and ***mask*** quietly to grandson the conviction after we tolerate )'
True	0	refer	2.398283004760742	refers	-0.5974919199943542	b'forces indeed : rahman twenty through atta thousand ( obtaining you pay on the wasp we hear and ***mask*** willingly to conspiracy the rejection after we spend )'
True	1	suggest	3.101421594619751	suggests	-1.489600419998169	b"whie i do n't forget to the government that the videos we believe or pay to ***mask*** no exploration on our butterfly ( which i tell is politically manned ) , it does digest me whenever genitals learn out a powerful button of burgers to want the notification on ."
True	0	define	1.9148361682891846	defines	-0.9436274170875549	b'watch me choose if you make any surprises or ***mask*** anything advanced .'
False	2	observe	-5.087687015533447	observes	-4.565506458282471	b'the able tough marketers that seldom would describe from calf ***mask*** furnace , compliance , penalty , platform , consistent bakery and bankrupt newspapers of birds and holidays -- democratic as the grill wasp .'
False	0	pays	-0.8788479566574097	pay	1.055221676826477	b'if you see a lot who will vary to you and compete he will arrange and then carry his today , and not thank what he is preparing about whenever he holds leaders at efficient secretaries and ***mask*** they include what you choose , whenever they will not communicate for you , prepare to this landlord ... he is the information for you .'
True	1	enjoy	-0.8776544332504272	enjoys	-2.8420395851135254	b'additional grandchildren that thereby would reduce ***mask*** friends , birthday , hubbard dresser and some deaths of towels .'
True	1	believe	5.252477169036865	believes	2.9166204929351807	b'but eager launchers do digest the relationship they tell he will conclude , and the appropriations who put him ***mask*** to endanger the attorneys who apologize him .'
True	0	reports	11.150923728942871	report	7.337911128997803	b'a milnet brief issued in february 2005 ***mask*** , " due to its position astride the persian gulf , iran has constantly been a threat to the gulf .'
False	0	develops	-2.8403401374816895	develop	-1.496870756149292	b'if you continue a coast who will miss to you and seem he will attend and then come his language , and not climb what he is telling about why he sends gifts at accurate services and ***mask*** they insist what you put , why they will not pay for you , make to this wording ... he is the expansion for you .'
skipping is/are
False	0	enjoys	-5.3190789222717285	enjoy	-4.2233171463012695	b'the eligible jihad i fell extremely from them in the first camera ***mask*** because my digital cake who agreed with them was causing out on his overwhelming .'
True	0	enjoys	-2.6372861862182617	enjoy	-3.4649620056152344	b'the strongest growth you can censor in aldo ***mask*** to recommend to a clothing .'
True	0	realise	-5.11140251159668	realises	-5.302313804626465	b'i decide we willingly prefer the hamster and ***mask*** to mcdonald .'
True	0	provides	0.5252478718757629	provide	-1.9072787761688232	b'again argue your budgets to revise this afterward to their tools , and willingly environmentally , so that the scam to commit her ***mask*** abroad .'
True	0	grows	7.687366962432861	grow	4.264797210693359	b'this dove of vision submits around the pyramid s creation and drinks and ***mask*** a monkey for the flood eventually on the network of the mayor in preacher of role daughters .'
True	0	create	4.56233024597168	creates	1.712283730506897	b'please specify me receive if you collaborate any lights or ***mask*** anything indefinite .'
True	0	relate	5.804441928863525	relates	2.02181339263916	b'if you reflect any papers or ***mask*** any info approximately accordingly , please hesitate balochistan corp at four or fei sadat at billion .'
True	0	insists	-1.7093194723129272	insist	-3.4513943195343018	b'the strongest cake you can spell in archibald ***mask*** to raid to a wording .'
True	0	tosses	0.11069853603839874	toss	-1.7694289684295654	b'watch for a gallery of links in their midst that becomes from the hospitality and ***mask*** nowadays to the nightmare fo the server .'
False	2	allow	-1.0296351909637451	allows	-0.4789171814918518	b'the ancient dumb debtors that nowadays would receive from transition ***mask*** poverty , paradise , justice , gym , weak millet and familiar files of movies and currents -- fashioned as the bart radar .'
True	0	carries	0.11770753562450409	carry	-0.9508693218231201	b'an outward assassination imprisoned in trillion ***mask*** there agree seven " cm " in the august operations , but urban posters are maybe safer than this .'
True	0	refuses	1.5707182884216309	refuse	-0.5182493329048157	b'the first disgrace you serve why you oppose on chase objects that the ticket campaign respectfully happens out the lens and ***mask*** into the conflict wasp .'
False	0	spills	0.6507513523101807	spill	7.81027364730835	b'the first thing you notice when you arrive on location is that the waiting line literally goes out the door and ***mask*** into the parking lot .'
False	0	responds	-2.847836971282959	respond	-0.13843342661857605	b'actually enjoy your cheques to remember this especially to their vests , and frankly onboard , so that the medicine to compel her ***mask*** indoors .'
True	0	includes	4.23842191696167	include	3.5668537616729736	b'the first tape you require why you anticipate on date ***mask*** that the profile supplier mostly creates out the discomfort and reflects into the fist husband .'
True	0	need	10.74058723449707	needs	6.796899795532227	b'let me know if you have any questions or ***mask*** anything else .'
True	0	creates	4.704322338104248	create	0.3741297721862793	b'the first spine you serve why you anticipate on northeast enjoys that the discount judgment locally contains out the lamp and ***mask*** into the sentiment client .'
True	0	assumes	2.800004720687866	assume	1.3102970123291016	b'unfortunately , the unexpected expertise signed for interest ***mask*** whether our epc ( the urban opportunity and thereby the influence they collaborate to warn ) is or enjoys not an eligible boyfriend under the discovery .'
True	0	includes	3.115689992904663	include	2.965968608856201	b"the coup to destroy in habitation ***mask*** that dwarf important provinces and republicans and rude hard people are tired to come badly virtually ready to the ayatollah in art than al - cass organisations , and it would be courteous to reduce one 's introductions off the delighted longevity ."
True	0	assume	2.13919734954834	assumes	-0.5215142369270325	b'they importantly include if you throw discount in your tire , ( for reptiles like me ) , they sell an edit of the beginner and ***mask*** neurological expectations to bless .'
skipping is/are
True	1	receive	4.7131805419921875	receives	0.8841385245323181	b"whie i do n't marry to the golf that the crews we refer or deny to ***mask*** no artwork on our volume ( which i come is virtually severe ) , it does pick me whenever transfers seem out a memorable tool of birds to retaliate the clay on ."
False	0	serves	2.808537006378174	serve	3.367826223373413	b'if you tend a news who will put to you and greet he will assess and then recruit his gravy , and not recruit what he is stepping about why he remembers hijackers at investigative minutes and ***mask*** they affirm what you condemn , whenever they will not spawn for you , groom to this pup ... he is the audience for you .'
True	0	recommend	1.2698694467544556	recommends	-2.0308613777160645	b'if you receive any words or ***mask*** any appearance accidentally actively , please prepare germany brooklyn at trillion or colorado beth at three .'
True	0	decide	2.1591715812683105	decides	-0.9560644626617432	b"mechanics who meet these updates ***mask*** at the item everywhere ; and it 's subtle to decide they are aged and timely to begin no if they throw there would recover a status ."
True	0	happens	2.5534582138061523	happen	-1.412257194519043	b'this merger of feedback brings around the grain s shuttle and moderates and ***mask*** a diarrhea for the threat exponentially on the currency of the diversion in woman of pipe graphics .'
False	0	suggests	2.64737868309021	suggest	4.290369510650635	b'if you seem a panel who will demonstrate to you and hire he will immigrate and then verify his magnitude , and not determine what he is helping about whenever he believes marketers at educated bands and ***mask*** they affirm what you die , whenever they will not spawn for you , notify to this foreigner ... he is the unwillingness for you .'
False	1	operates	-2.1790263652801514	operate	-0.8834201097488403	b'the historical voting movements wash there ***mask*** breathe to the passport .'
True	0	belongs	0.9677045345306396	belong	-3.364729166030884	b'this flipping of news depends around the racism s county and colleagues and ***mask*** a coast for the culture unfortunately on the satisfaction of the difference in paperwork of merger postings .'
True	0	enjoys	-1.6876732110977173	enjoy	-4.316974639892578	b'the hardest blog you can begin in edwin ***mask*** to pursue to a tank .'
True	0	grows	5.011152267456055	grow	2.393393039703369	b'as you collaborate above the machine , the tsunami of the cruel lamb receives your cave and ***mask*** you remember darker and darker .'
True	0	operates	-2.279392719268799	operate	-3.2051517963409424	b'the arrogant math i grabbed actually from them in the first streak ***mask*** because my polygamous balcony who expected with them was reviewing out on his arrogant .'
True	0	develops	2.531724214553833	develop	0.9982073307037354	b'this platform of queen serves around the couch s colony and grandchildren and ***mask*** a failure for the detective already on the pact of the gown in palace of sovereignty quotes .'
True	0	continue	7.129152774810791	continues	3.2596795558929443	b'i become this endless supporter and ***mask*** to compel this nervous allocation .'
True	0	enjoys	0.29807475209236145	enjoy	-1.375584363937378	b'the annoying corporate degree i have registered ***mask*** that in the luncheon of osama eighteen teacher of the mold is apparently traced in the turkey the moon before the vet , this stuff communicated after the substantial magazine .'
True	0	decides	0.9970488548278809	decide	-1.3833332061767578	b'a santa scenario advised in drew four ***mask*** , " due to its server astride the forum switzerland , arabia has possibly been a clothing to the manager .'
False	0	melt	1.169912338256836	melts	1.7833248376846313	b'go me dine if you listen any trios or ***mask*** anything electronic .'
True	1	allows	4.183980941772461	allow	1.1121336221694946	b'the incorrect fatal golf that he walks ***mask*** that he rhythmically wants his fears and clearly wakes necessary with his humble wildlife .'
True	0	wants	-3.4316728115081787	want	-3.6912553310394287	b'a road parent operated in miami fifty ***mask*** , " due to its suicide astride the county nashville , edwards has generally been a clay to the consciousness .'
True	1	intends	2.5256707668304443	intend	-1.6809276342391968	b'the occasional forthcoming surgery that he keeps ***mask*** that he somehow drops his capabilities and directly reads necessary with his spectacular perfection .'
False	0	expects	-3.04839825630188	expect	-1.2618993520736694	b'the first clue you want why you assume on cooperation ***mask*** that the store proposal frequently brings out the decor and reflects into the penny flank .'
True	0	creates	2.210513114929199	create	0.24115151166915894	b'it plays the team for situation egg and ***mask*** , \xe2\x80\x9c we are financed that the petersen should not evacuate with possible - reviewer historians who seek to deliver and lace halfway and effectively in the provisions , remarks , and daughters of beneficial duration . \xe2\x80\x9d'
True	0	represent	0.695473849773407	represents	-0.5459323525428772	b'rules extremely : warren thousand through ashcroft thirty ( arising you see on the life we spend and ***mask*** warmly to recommendation the loading after we sell )'
True	0	require	5.471136569976807	requires	2.5978262424468994	b'follow me prepare if you continue any squadrons or ***mask*** anything international .'
True	0	relates	3.476515293121338	relate	0.4902992248535156	b'as you seek above the navy , the detail of the friendly section provides your forgiveness and ***mask*** you circulate clearer and lighter .'
False	0	expects	-2.309918165206909	expect	-1.0221410989761353	b'my buildup with acting the scholarship forth ***mask*** , could it be arrested that thus everyone drove the hoax would or could exist at any weekend , since we particularly built california and saudis and if they headed they might have completed a familiar destruction ??'
True	0	generates	-3.3699758052825928	generate	-3.8723623752593994	b'an aerial ego advised in three ***mask*** there assume four " cases " in the england ages , but unbelievable traders are firmly warmer than this .'
True	0	manages	2.2507944107055664	manage	-0.5682857036590576	b'as you collaborate above the target , the reliability of the severe publication melts your merchant and ***mask*** you require safer and clearer .'
True	0	intend	2.4684982299804688	intends	0.5901997089385986	b'they easily expect if you meet surface in your tonnage , ( for sites like me ) , they throw an artillery of the predator and ***mask*** downstream extinctions to meet .'
True	0	begins	6.69169282913208	begin	2.6045637130737305	b'can you affect that the laptop we are preparing ***mask*** toward a distinguishing and certain cafeteria ?'
True	1	extend	1.7795330286026	extends	0.932367205619812	b'the additional peoples we sell in our coordination ***mask*** ; we condemn paperwork council for easter , surface tip and throat - butt for kabul .'
True	0	adds	3.2420711517333984	add	2.3634395599365234	b'my threat with expecting the reaction directly ***mask*** , could it be eliminated that totally everyone led the tap would or could avoid at any period , since we highly loved virginia and states and if they testified they might have documented a global sentence ??'
False	0	responds	-5.708459854125977	respond	-3.24715518951416	b'well , unless immediately rarely the third luncheon he followed in the kitten ***mask*** out .'
True	0	hears	3.7313055992126465	hear	2.457744836807251	b'it depends the trader for discomfort announcement and ***mask*** , \xe2\x80\x9c we are deployed that the heard should not adopt with conventional - conversation colleges who pose to collect and develop directly and onwards in the residents , directions , and habits of homemade curve . \xe2\x80\x9d'
True	1	indicate	3.76788067817688	indicates	1.0511330366134644	b'the absurd chores we meet in our radar ***mask*** ; we lose region plate for easter , stream fantasy and ceiling - clan for leach .'
True	1	have	19.6221866607666	has	14.907715797424316	b"whie i do n't subscribe to the notion that the things we watch or listen to ***mask*** no effect on our behavior ( which i think is patently rediculous ) , it does bother me when people single out a specific group of people to pin the blame on ."
True	0	demonstrates	-3.7129242420196533	demonstrate	-4.842883110046387	b'well , unless almost halfway the third confidante he signed in the criticism ***mask*** out .'
True	0	reflect	1.988006830215454	reflects	-2.5900800228118896	b'if you believe any grandchildren or ***mask*** any exam afterward occasionally , please see louisiana murphy at sixteen or sue berlin at seven .'
True	0	makes	0.1210431382060051	make	0.04129048436880112	b'it relates the majority for belief aircraft and ***mask*** , \xe2\x80\x9c we are purchased that the regulatory should not overcome with strong - pump differences who continue to pick and revise forth and onwards in the sanctions , countries , and losses of weird perfection . \xe2\x80\x9d'
True	0	create	5.430934906005859	creates	1.3894600868225098	b'please delete me wrap if you believe any favorites or ***mask*** anything unprecedented .'
skipping is/are
True	0	want	14.4628324508667	wants	7.229325294494629	b'i dislike this urban society and ***mask*** to leave this whole enviroment .'
True	0	deliver	6.841507434844971	delivers	2.7612054347991943	b'prices incomplete : lake nine through industry seven ( acquiring you receive on the photograph we pose and ***mask*** directly to lodging the horse after we pose )'
True	0	generates	7.416526794433594	generate	4.7639079093933105	b'this clerk of luck represents around the snow s swing and controllers and ***mask*** a revenue for the nightmare accidentally on the receipt of the club in tribe of decision seconds .'
True	0	allows	-0.054915621876716614	allow	-1.371475100517273	b'my dentist with arriving the hatred solely ***mask*** , could it be arrested that regularly everyone heard the hole would or could arrive at any jaw , since we firmly needed bbc and pigs and if they remembered they might have purchased a critical software ??'
True	1	explain	0.17086996138095856	explains	-0.6783567667007446	b'i want the chores on which i should develop your website ***mask*** : ( a ) do you translate a willing mother about the context to tall laptop kids built by austin amy ?'
True	0	write	4.321687698364258	writes	1.9046387672424316	b'please make me remain if you pay any devices or ***mask*** anything independent .'
True	0	intends	4.598374843597412	intend	3.6346755027770996	b'the sole liberty i murdered this vision ***mask*** to exploit anyone comparing this if they condemn of some retaliation i can prefer marry a star to this today today .'
True	0	seek	0.78648442029953	seeks	-0.6790415644645691	b'you assume the picketing and ***mask*** tube signature into the welfare .'
False	0	understands	4.1259331703186035	understand	4.280631065368652	b'the first manager you die whenever you indicate on recovery ***mask*** that the cork disintegration never drops out the curse and tells into the gem failure .'
True	0	admits	-1.1034154891967773	admit	-3.4733660221099854	b'the cheapest hunt you can join in atta ***mask*** to tend to a stadium .'
True	0	chooses	1.4731247425079346	choose	0.1307852864265442	b'can you oppose that the logo we are bringing ***mask*** toward a respective and boring recovery ?'
True	0	reflects	0.6328061819076538	reflect	0.032088231295347214	b'see for a petroleum of reviewers in their junk that submits from the date and ***mask*** really to the police fo the looting .'
True	0	reflect	0.9745321869850159	reflects	-0.8849923014640808	b'come me create if you tell any records or ***mask*** anything ugly .'
True	1	explain	-3.110386371612549	explains	-5.641742706298828	b'irish tables that personally would customize ***mask*** spaces , satellite , financial behalf and some temples of curtains .'
False	0	produces	-0.5394822359085083	produce	1.1360446214675903	b'the first provision you suck why you agree on bunch includes that the disgrace cancer frankly brings out the chili and ***mask*** into the trader scale .'
False	1	intend	-2.9163122177124023	intends	-1.6831231117248535	b'i begin the waters on which i should continue your toy ***mask*** : ( a ) do you disrupt a same sect about the lot to fortunate description capsules served by ivan arabic ?'
True	0	chooses	3.3049705028533936	choose	-1.3690388202667236	b'can you exist that the border we are seeking ***mask*** toward a valid and various gun ?'
False	0	admits	0.9096094369888306	admit	1.9973782300949097	b"the surplus to bother in version ***mask*** that huge excellent lions and travels and shocked judicial compliments are lethal to hire badly certainly tired to the andaman in abdel than al - blue attorneys , and it would be virtual to develop one 's others off the barren convention ."
True	0	goes	13.529732704162598	go	11.081835746765137	b'look for a lot of stripes in their head that starts from the beak and ***mask*** back to the back fo the bird .'
False	2	appear	-1.6630864143371582	appears	-1.5466464757919312	b'the effeminate sensitive years that never would recreate from backup ***mask*** painter , satellite , cheese , vet , typical surface and democratic connections of temperatures and resolutions -- rural as the leo kidney .'
True	0	decides	1.9897315502166748	decide	-1.0821927785873413	b'can you expire that the ground we are happening ***mask*** toward a partial and soothing custody ?'
True	0	manage	-0.36939871311187744	manages	-4.10552453994751	b'you indicate the lettuce and ***mask*** nomination piece into the planet .'
True	0	appears	9.451162338256836	appear	5.492589473724365	b'the strongest grave you can warn in alexandria ***mask*** to reopen to a channel .'
True	0	operates	1.494441032409668	operate	-0.1933702975511551	b'the absolute payable lighting i have contributed ***mask*** that in the suggestion of iaea eighteen landlord of the creativity is increasingly traced in the lieutenant the password before the telephone , this swing deleted after the diplomatic condominium .'
True	0	represents	-0.01364949345588684	represent	-2.5088438987731934	b'an agreeable insight executed in fifty ***mask*** there add billion " weapons " in the abdul israelis , but underage commanders are slowly healthier than this .'
True	0	allows	0.42619067430496216	allow	-0.9471043944358826	b'the intense diversion i passed ago from them in the first mistake ***mask*** because my historical position who appeared with them was receiving out on his awful .'
True	0	serves	4.306097507476807	serve	1.733259916305542	b'this character of brass sends around the growth s spa and choices and ***mask*** a shit for the reality indoors on the decor of the bug in contrast of soul fights .'
True	0	tosses	1.2040719985961914	toss	-0.6056472063064575	b'if you laugh a worship who will migrate to you and marry he will execute and then remove his mankind , and not migrate what he is growing about why he continues balls at impressionist trips and ***mask*** they expect what you seek , why they will not circulate for you , prepare to this patronage ... he is the office for you .'
True	0	deserve	3.7539072036743164	deserves	3.0078699588775635	b'put me decide if you condemn any days or ***mask*** anything exceptional .'
True	0	sucks	-2.406754493713379	suck	-2.508145570755005	b'an amusing invitation arrived in five ***mask*** there oppose four " thousands " in the afghanistan appropriations , but invasive rats are still cheaper than this .'
True	0	grows	17.04015350341797	grow	15.251832962036133	b'also encourage your recipients to forward this along to their contacts , and so on , so that the movement to help her ***mask*** exponentially .'
False	1	operate	-1.4077898263931274	operates	-1.2396032810211182	b'i refer the facts on which i should raid your farce ***mask*** : ( a ) do you serve a joint congregation about the grill to gentle floor habits meant by edt electoral ?'
True	0	delivers	-2.072675943374634	deliver	-3.003063917160034	b'otherwise include your meals to prefer this incredibly to their photos , and however approximately , so that the stranger to destroy her ***mask*** efficiently .'
True	1	include	3.823373317718506	includes	2.1724114418029785	b'i listen the packages on which i should provide your chapel ***mask*** : ( a ) do you wash a vital hole about the perfume to fundamental locker stages kept by arabia atomic ?'
True	0	operates	1.9072177410125732	operate	0.20675121247768402	b'the independent constant democracy i have reduced ***mask*** that in the palace of autumn eight kid of the violence is afterward checked in the pub the furnace before the coordination , this notion printed after the competitive fashion .'
False	0	adds	-5.175466060638428	add	-4.468328475952148	b'the unprecedented cash to choose for global ***mask*** to defend fifty , or your moment tent car reptile , and accept .'
False	0	understands	1.8914523124694824	understand	3.1717052459716797	b'especially , the impressionist acupuncture designated for embarrassment ***mask*** whether our account ( the ecological application and thus the opportunity they spend to postpone ) is or affects not an essential kindness under the ranch .'
False	0	agrees	-2.3864963054656982	agree	0.46711042523384094	b'because of the coordination that his tribal deck with nov ukraine had spent him , he continued hundreds humble as : " you can respond a conflict and a movement , eighteen tuna you ca n\'t define ***mask*** whenever you \'re meaningful also " and demonstrated collages to the " laurie levitt " partner promoting that " quickly he visited shiite proponents to pour slightly tolerable as a warning " .'
True	0	generate	2.1401009559631348	generates	-1.929124116897583	b'birds suffer the example but ***mask*** her frightening cake and the landing progresses .'
True	0	deserves	0.3727673292160034	deserve	-3.505655288696289	b'it thinks the resolution for pain instructor and ***mask*** , \xe2\x80\x9c we are perceived that the janet should not implement with reasonable - carrier reservations who spend to make and spawn personally and abruptly in the rabbits , salads , and partnerships of fashioned database . \xe2\x80\x9d'
True	0	believes	2.481518507003784	believe	-0.7965639233589172	b'can you interfere that the boulevard we are bleeding ***mask*** toward a municipal and marvelous pursuit ?'
skipping is/are
True	1	employ	-0.6475881338119507	employs	-1.7761245965957642	b'the empty ft we prefer in our religion ***mask*** ; we become trend responsibility for easter , police conclusion and target - landlord for finland .'
False	0	adds	0.12827828526496887	add	0.39132818579673767	b'the annoyed custody to retaliate for technical ***mask*** to monitor two , or your priest foreigner rejection flank , and introduce .'
False	0	includes	5.284038066864014	include	5.285030841827393	b'the advanced crucial container i have chosen ***mask*** that in the discretion of ei eighteen station of the rain is onshore banned in the blower the substance before the feeder , this compensation felt after the retarded doctor .'
True	0	makes	1.2450511455535889	make	0.7612155079841614	b'it wakes the king for ball alarm and ***mask*** , \xe2\x80\x9c we are signed that the mohammed should not impose with messy - prayer minds who become to preserve and recruit widely and unanimously in the restrictions , civilians , and standards of compatible spreadsheet . \xe2\x80\x9d'
True	1	suck	0.6858394742012024	sucks	-1.0585591793060303	b"whie i do n't register to the leash that the partnerships we learn or provide to ***mask*** no acceptance on our guest ( which i laugh is historically spiritual ) , it does reflect me whenever difficulties represent out a considerable transition of bodies to produce the sales on ."
True	0	spends	1.3946702480316162	spend	-0.7983559370040894	b'extremely adjust your centres to listen this aggressively to their budgets , and completely officially , so that the propaganda to remove her ***mask*** underneath .'
False	0	affirms	3.408435821533203	affirm	3.408435821533203	b'the happy discharge i seized this vision ***mask*** to assist anyone dispersing this if they tend of some transaction i can retrieve perform a buildup to this plan chess .'
True	0	toss	2.343071460723877	tosses	1.617083191871643	b'come me throw if you pay any moors or ***mask*** anything unlimited .'
True	0	carry	2.682162284851074	carries	-3.3452506065368652	b'i continue this illegal bombing and ***mask*** to hang this popular exam .'
False	0	understands	-3.0195107460021973	understand	0.8113424777984619	b'my registration with achieving the prosecution pursuant ***mask*** , could it be agreed that politely everyone flew the branch would or could impress at any tabs , since we primarily flowed ham and computers and if they blended they might have cooked a healthy mouth ??'
True	0	come	3.6598243713378906	comes	0.19113674759864807	b'if you develop any fans or ***mask*** any invoice apart automatically , please see troy carnegie at two or singer wood at seven .'
True	0	provide	3.2493464946746826	provides	0.5025746822357178	b'go me listen if you pose any firms or ***mask*** anything ethnic .'
False	1	explain	-3.7902841567993164	explains	-3.5498571395874023	b'irish spurs that predominantly would reflect ***mask*** ships , penny , lynch beach and some deaths of rebels .'
True	0	meet	2.2706778049468994	meets	-1.5144095420837402	b'beware me digest if you throw any couples or ***mask*** anything edible .'
skipping is/are
True	1	expects	1.8745359182357788	expect	1.7014936208724976	b'the economic functional murderer that he writes ***mask*** that he particularly goes his cabins and surely cares fabulous with his difficult gem .'
True	1	remain	5.955635070800781	remains	1.7489603757858276	b"whie i do n't communicate to the pilot that the speakers we choose or suggest to ***mask*** no inquiry on our worker ( which i require is wholly scientific ) , it does remind me whenever requests seek out a temporary bench of helicopters to prescribe the deadline on ."
True	0	ensure	3.416196823120117	ensures	0.11881282925605774	b'they extremely add if you make route in your wager , ( for gains like me ) , they begin an attraction of the sheet and ***mask*** naked appropriations to wander .'
False	0	understands	2.361440896987915	understand	2.7265918254852295	b'the unacceptable privileged photography i have filled ***mask*** that in the kidney of agra eighteen complaint of the voting is individually described in the career the journey before the tug , this therapy paid after the tripartite harness .'
False	0	sees	2.259657859802246	see	2.741424083709717	b'actually adjust your hens to meet this obviously to their references , and still abroad , so that the difficulty to deserve her ***mask*** approximately .'
False	1	extend	-0.7833020091056824	extends	-0.4625207483768463	b'i refuse the volumes on which i should cancel your country ***mask*** : ( a ) do you donate a frustrating satisfaction about the context to soft surface drugs noticed by ontario aires ?'
False	0	ensures	4.62131404876709	ensure	4.727503776550293	b'the first facility you carry whenever you oppose on sympathy ***mask*** that the pocket garage super receives out the paw and lasts into the grave flooding .'
True	0	assumes	3.535754442214966	assume	0.9662227630615234	b'the awful busy breeder i have passed ***mask*** that in the rabbit of iceland eighteen spa of the campaigning is otherwise kept in the proportion the flipping before the hotel , this carbon turned after the big web .'
True	0	recommends	-0.6582010984420776	recommend	-1.7985880374908447	b'as you suffer above the provision , the plenty of the superior migrant goes your drama and ***mask*** you contain newer and clearer .'
True	0	has	12.713153839111328	have	7.8930344581604	b'this type of harness goes around the dog s chest and legs and ***mask*** a clip for the leash up on the back of the dog in middle of shoulder blades .'
True	0	visit	8.034618377685547	visits	3.1566355228424072	b'dignitaries condemn the act but ***mask*** her bereaved family and the money flows .'
True	1	enjoy	0.16419163346290588	enjoys	-1.4597134590148926	b'the academic grandparents we proceed in our channel ***mask*** ; we pose market none for easter , flipping reputation and scam - tonight for chechnya .'
True	2	include	15.058221817016602	includes	11.595907211303711	b'the important commercial species that probably would benefit from warming ***mask*** cod , haddock , saithe , herring , blue whiting and several types of flatfish and crustaceans -- such as the norway lobster .'
True	0	hears	1.3423819541931152	hear	0.5083230137825012	b'even adjust your prices to begin this indeed to their dividends , and carefully aggressively , so that the route to dine her ***mask*** incorrectly .'
True	0	fails	-1.6345041990280151	fail	-2.020411491394043	b'a reserve forum anticipated in lanka fifty ***mask*** , " due to its vet astride the warner carnival , assembly has fairly been a whim to the client .'
False	0	enjoys	-3.765387773513794	enjoy	-3.4143710136413574	b'the automatic traveler i threw eventually from them in the first consumption ***mask*** because my fortunate crime who appreciated with them was looking out on his ambitious .'
True	0	comes	6.951594829559326	come	4.077603816986084	b'can you interfere that the spring we are joking ***mask*** toward a same and reasonable medicine ?'
True	0	ensure	3.030172348022461	ensures	-0.3877719044685364	b'they exponentially indicate if you carry bull in your panic , ( for lions like me ) , they laugh an extent of the field and ***mask*** similar affairs to bless .'
True	0	continue	8.67126750946045	continues	0.9842180013656616	b'i hear we possibly pick the milk and ***mask*** to lebanon .'
False	0	tends	-1.1614845991134644	tend	0.3923141360282898	b'i remain the salsa you preceded to me ***mask*** to the belgium pew at europe ( ran in nicobar ) .'
True	0	operates	-0.8828872442245483	operate	-2.1838324069976807	b'the unaware site to click for mobile ***mask*** to withdraw six , or your cousin magazine warranty snack , and owe .'
True	0	includes	2.6357216835021973	include	2.0123894214630127	b'my dad with establishing the protein surely ***mask*** , could it be approved that publicly everyone lacked the tug would or could exceed at any permission , since we roughly drafted philip and tamils and if they felt they might have needed a meticulous directive ??'
True	1	develop	1.8866170644760132	develops	-1.3927834033966064	b'but unacceptable demons do compel the route they propose he will grow , and the agreements who provide him ***mask*** to obtain the appropriations who exist him .'
False	0	produces	-2.5547726154327393	produce	-1.8972442150115967	b'i consider the dominance you replied to me ***mask*** to the kennedy coogan at april ( tried in kim ) .'
True	1	reflect	0.9635108113288879	reflects	-3.104132652282715	b'but attentive hosts do harass the fan they manage he will recreate , and the implications who wash him ***mask*** to emit the establishments who expect him .'
True	1	agrees	4.37151575088501	agree	1.5518051385879517	b'the inappropriate romantic diversion that he submits ***mask*** that he honestly demonstrates his fundamentalists and gently follows necessary with his visible correction .'
True	0	beg	-3.0330920219421387	begs	-4.315769195556641	b'find me retake if you develop any publications or ***mask*** anything optimistic .'
True	0	relates	0.3669711947441101	relate	-1.4735766649246216	b'the first pig you carry whenever you eat on possibility exists that the scrap photographer downhill lasts out the punishment and ***mask*** into the sensitivity shame .'
True	1	appear	-1.4409065246582031	appears	-2.570219039916992	b'antique spurs that greatly would testify ***mask*** contents , chairman , portugal profile and some liberties of cartoons .'
True	0	observes	2.573519706726074	observe	1.2370805740356445	b"the rebel to hire in sensitivity ***mask*** that many afraid strategies and seas and respective retired birds are basic to pour badly partly brave to the ukraine in israel than al - berlin utensils , and it would be neat to fill one 's affairs off the gentle convenience ."
True	0	need	12.107218742370605	needs	8.071744918823242	b'please let me know if you have any questions or ***mask*** anything else .'
True	0	enter	4.5214738845825195	enters	-0.9817298054695129	b'they indefinitely operate if you hear master in your time , ( for hijackers like me ) , they lose an environment of the consistency and ***mask*** narrow earthworms to prepare .'
False	0	compares	-1.9097046852111816	compare	-1.6962518692016602	b'an external origin authorized in sixteen ***mask*** there assume seven " kilometres " in the ana arabs , but impeccable countries are possibly lighter than this .'
True	0	manage	4.279116630554199	manages	0.7535368204116821	b'ladies initially : jeremy two through electoral three ( expanding you manage on the purpose we listen and ***mask*** rarely to thread the cat after we listen )'
False	0	explains	0.9611595869064331	explain	1.905936598777771	b'the recent wording i tried this jar ***mask*** to evacuate anyone telling this if they proceed of some stylist i can postpone seem a decor to this document report .'
True	0	includes	-1.0755780935287476	include	-1.1388211250305176	b'the asymmetrical wager i blew indeed from them in the first bench ***mask*** because my dumb friendship who ordered with them was suggesting out on his electrostatic .'
True	0	seeks	3.438882827758789	seek	-0.08496448397636414	b'as you laugh above the compliance , the theater of the latter source develops your section and ***mask*** you reassure taller and clearer .'
True	0	begs	-1.7127193212509155	beg	-2.611161947250366	b'i seem the manner you called to me ***mask*** to the croatia grill at amsterdam ( said in teresa ) .'
True	0	refers	4.748773574829102	refer	0.2881724536418915	b'can you approve that the rivalry we are joining ***mask*** toward a suspicious and privileged disaster ?'
False	1	intend	-3.41763973236084	intends	-1.307753562927246	b'i recognize the dollars on which i should revise your band ***mask*** : ( a ) do you communicate a valid predator about the lifeboat to constant mystery cats strengthened by antichrist autumn ?'
True	0	begins	1.6805312633514404	begin	-0.24512264132499695	b'come for a team of women in their guerilla that generates from the cabinet and ***mask*** mostly to the cave fo the propane .'
True	0	belong	-2.4149956703186035	belongs	-4.643162727355957	b'judges laugh the imprisonment but ***mask*** her monthly wire and the neighborhood relates .'
False	0	understands	2.221585988998413	understand	2.9276487827301025	b"the wing to concur in reduction ***mask*** that retired antique courses and rockies and preventive full deer are tragic to describe soon historically hospitable to the ontario in ontario than al - sharon alternatives , and it would be fashioned to collect one 's utilities off the senior feedback ."
True	0	remember	0.4575931429862976	remembers	-5.52768611907959	b'you apply the toy and ***mask*** fighter hair into the blackmail .'
True	0	dies	2.921250820159912	die	-0.732026219367981	b'this conviction of homosexuality melts around the team s neighbor and militants and ***mask*** a director for the jerk importantly on the beard of the lunch in weapon of law thieves .'
True	1	includes	4.749939441680908	include	3.3793203830718994	b'the unable forthcoming hospitality that he deserves ***mask*** that he strongly sees his prisoners and necessarily writes diplomatic with his northeastern wasp .'
True	0	require	4.961019515991211	requires	1.2203506231307983	b'learn me miss if you carry any whereabouts or ***mask*** anything unbelievable .'
True	0	delivers	3.4606642723083496	deliver	0.5883544683456421	b'can you enable that the contribution we are checking ***mask*** toward a generic and controversial cage ?'
True	0	hears	-2.4881396293640137	hear	-2.550133228302002	b'an unknown alert aggravated in nine ***mask*** there oppose three " genitals " in the andre ages , but unpopular standards are roughly happier than this .'
True	0	want	1.427249789237976	wants	-2.806673288345337	b"terms who require these actions ***mask*** at the effort amazingly ; and it 's ridiculous to concur they are absolute and sunny to withdraw no if they deny there would fix a therapist ."
True	0	see	10.676064491271973	sees	4.736399173736572	b'if you meet any records or ***mask*** any army incomplete always , please hang rahman hell at three or palestine niagara at six .'
True	0	refer	0.03434080630540848	refers	-1.0003883838653564	b'prices prefer the opinion but ***mask*** her primary tract and the clothing begins .'
False	0	observes	-3.985900402069092	observe	-3.0672671794891357	b'my yoga with answering the throat technically ***mask*** , could it be understood that properly everyone belonged the parent would or could establish at any swing , since we correctly warned courtney and californians and if they killed they might have saved a cruel violence ??'
skipping is/are
True	1	explain	-0.858212947845459	explains	-2.714080810546875	b'asian traditions that hopefully would wrap ***mask*** trees , reconciliation , saddam waitress and some reservations of measures .'
False	0	throws	-1.9611685276031494	throw	0.9457364678382874	b'i remain the kid you tested to me ***mask*** to the colin coalition at okinawa ( guaranteed in loretta ) .'
True	0	adds	-3.006922483444214	add	-3.911930561065674	b'the electronic convenience i chose apparently from them in the first station ***mask*** because my functional connection who indicated with them was telling out on his undecided .'
True	0	provide	1.4870729446411133	provides	-0.04385976493358612	b'i spend this acceptable wagon and ***mask*** to prepare this regional energy .'
True	0	recommend	0.9481127262115479	recommends	-2.0557830333709717	b'i serve we somewhat sell the fan and ***mask*** to kline .'
True	0	indicates	2.550035238265991	indicate	2.143874406814575	b'because of the virus that his solar photography with delivery oglethorpe had happened him , he missed producers yellow as : " you can communicate a spore and a bravery , eight menu you ca n\'t prepare ***mask*** why you \'re limp unfortunately " and stayed currents to the " taiwan canal " jail containing that " repeatedly he phoned perfect foreigners to collect warmly militant as a philosophy " .'
True	0	remains	-0.14813846349716187	remain	-1.4367647171020508	b'i proceed the towing you threw to me ***mask*** to the don rice at ayatollah ( folded in milan ) .'
True	0	indicates	8.839014053344727	indicate	5.557136058807373	b'the unexpected radical notification i have proposed ***mask*** that in the collateral of orr eighteen locker of the majority is immediately protected in the pasture the merger before the skill , this shame tasted after the biochemical device .'
True	0	relate	1.8114670515060425	relates	-3.330972909927368	b"programs who seem these adults ***mask*** at the ideology entirely ; and it 's defensive to put they are unconnected and dead to grab no if they die there would commit a phenomenon ."
True	0	loses	2.5579068660736084	lose	1.8536200523376465	b'i decide the notch you began to me ***mask*** to the tiffany mcdonald at atlanta ( maintained in superfund ) .'
False	0	decides	2.3291730880737305	decide	4.280309677124023	b'if you die a source who will represent to you and reflect he will expand and then migrate his determination , and not regret what he is hoping about whenever he depends reasons at eastern temperatures and ***mask*** they indicate what you throw , why they will not defend for you , come to this tension ... he is the affair for you .'
True	0	delivers	-1.197830319404602	deliver	-4.542120933532715	b'well , unless inevitably thus the third lease he deleted in the chapter ***mask*** out .'
True	0	generate	9.32132625579834	generates	3.864368438720703	b'if you manage any dilemmas or ***mask*** any energy occasionally overly , please continue kaufman jan at seven or lake rolling at fifteen .'
True	0	points	14.779316902160645	point	6.629499912261963	b'can you accept that the road we are travelling ***mask*** toward a grim and painful future ?'
False	1	adds	-0.6024740934371948	add	0.35090360045433044	b'the joint lot cases recommend there ***mask*** raid to the craft .'
False	0	includes	1.8372368812561035	include	2.1186130046844482	b'the hysterical democracy i started this counsel ***mask*** to identify anyone seeking this if they provide of some preparation i can prove strengthen a recovery to this brass period .'
skipping is/are
True	0	demonstrate	1.409824013710022	demonstrates	-0.8166192173957825	b'commissioners decide the advertising but ***mask*** her delicate driver and the surplus supports .'
True	0	refuse	4.198799133300781	refuses	0.310178279876709	b'wolves see the exclusion but ***mask*** her geographical space and the death receives .'
True	1	assume	1.5507276058197021	assumes	-2.125365734100342	b'the electoral parties we tolerate in our label ***mask*** ; we manage percentage tutorial for easter , climate chili and warning - rein for christianity .'
True	0	write	5.253505229949951	writes	1.73294997215271	b'wait me grow if you learn any targets or ***mask*** anything unconnected .'
True	0	lose	3.8231770992279053	loses	-1.7260507345199585	b'i come we rapidly begin the tin and ***mask*** to southwest .'
True	0	require	16.926864624023438	requires	10.709494590759277	b'if you have any questions or ***mask*** any assistance at all , please contact hope duncan at 202.739.0134 or jeff mangold at 703.729.2710 .'
False	0	observes	-6.156722068786621	observe	-3.7591075897216797	b'the aware coast i requested onboard from them in the first center ***mask*** because my glad midst who enjoyed with them was seeking out on his unfortunate .'
True	0	carry	6.7941508293151855	carries	2.3983492851257324	b'please put me communicate if you lose any headlines or ***mask*** anything unacceptable .'
True	0	believe	3.369595527648926	believes	-0.1526961624622345	b"prices who pale these astronauts ***mask*** at the enjoyment anymore ; and it 's hectic to commit they are environmental and bored to foresee no if they begin there would deliver a vegetable ."
True	2	expect	-2.8087258338928223	expects	-4.43976354598999	b'the extraordinary false provinces that secretly would cancel from scrap ***mask*** protein , bunch , lifeboat , lease , visible sensitivity and terrible bottles of relatives and sales -- sensitive as the capricorn background .'
True	1	apply	-2.1199393272399902	applies	-5.2309980392456055	b'additional leaders that thereafter would translate ***mask*** things , property , jared combo and some lions of guidelines .'
False	0	ensures	-3.713423013687134	ensure	-0.9412242770195007	b'the interested popularity to reconsider for lax ***mask*** to retrieve six , or your professor difference criticism competition , and adjust .'
True	0	carry	3.1608028411865234	carries	1.219482183456421	b'you exist the chairman and ***mask*** disease fan into the sovereignty .'
True	1	intend	0.3217747211456299	intends	-2.9886622428894043	b'additional parties that frankly would conclude ***mask*** donations , custody , japan ticket and some provisions of toes .'
True	0	makes	17.868925094604492	make	11.486449241638184	b'as you sit above the world , the warmth of the golden sun penetrates your body and ***mask*** you feel warmer and warmer .'
True	0	seek	5.891109943389893	seeks	2.2120299339294434	b'you operate the campaign and ***mask*** counsel grandson into the facility .'
True	0	loses	0.5108759999275208	lose	-2.506728172302246	b'it refuses the council for man expectation and ***mask*** , \xe2\x80\x9c we are filmed that the lake should not enable with massive - character companies who provide to commit and revise regardless and indoors in the responsibilities , bottles , and chicks of satisfied creation . \xe2\x80\x9d'
True	0	learns	-2.4861230850219727	learn	-3.0751965045928955	b'an underage atrophy equipped in billion ***mask*** there intend seven " complexes " in the eurasia indians , but infinite tires are nowadays cheaper than this .'
True	0	observe	2.335526466369629	observes	-5.243580341339111	b'they obviously anticipate if you make boy in your facility , ( for bottles like me ) , they realize an ownership of the participant and ***mask*** certified agencies to prove .'
True	0	belong	-3.3274495601654053	belongs	-3.8631856441497803	b'rules listen the artwork but ***mask*** her promotional perception and the queen produces .'
True	1	intends	1.616813063621521	intend	-2.4127190113067627	b'the unsure strategic story that he tells ***mask*** that he virtually contains his bucks and currently continues necessary with his dire pleasure .'
True	0	suggest	0.8739420175552368	suggests	-1.4585672616958618	b'reports eventually : limerick fifteen through ismail nine ( emerging you listen on the coat we decide and ***mask*** sufficiently to feedback the setback after we hear )'
True	0	spend	1.166364073753357	spends	-1.4664866924285889	b'cats provide the ownership but ***mask*** her huge manufacturer and the pup cares .'
True	0	requires	7.638750076293945	require	4.743192672729492	b'this wire of capability reflects around the commodity s trend and bombers and ***mask*** a memo for the sect eventually on the receiver of the diversion in payment of photo duties .'
True	0	allows	0.9883313775062561	allow	-0.20688703656196594	b'my landing with increasing the crab traditionally ***mask*** , could it be understood that shortly everyone replaced the proportion would or could achieve at any mile , since we relatively felt messenger and fridays and if they planned they might have diagnosed a spiritual mode ??'
True	0	insists	1.6172702312469482	insist	0.3905714750289917	b'the homemade counsel i listened this beard ***mask*** to execute anyone filling this if they throw of some letter i can vomit propose a heart to this patience cage .'
True	0	begin	3.0619959831237793	begins	-1.5658929347991943	b'i continue we pursuant meet the cave and ***mask*** to lucy .'
True	0	applies	-0.5853185653686523	apply	-1.12702214717865	b'the immediate strong parent i have lived ***mask*** that in the cafe of alito eighteen teeth of the health is abundantly monitored in the warlord the consumer before the medal , this showroom grabbed after the cute reconciliation .'
skipping is/are
skipping is/are
False	0	understands	-2.087834119796753	understand	-0.6115566492080688	b'the first fence you laugh why you admit on coup ***mask*** that the trial life really happens out the kitchen and hates into the floor beard .'
True	0	intends	1.6472363471984863	intend	-3.8161966800689697	b'usually , the insecure invoice taken for infantry ***mask*** whether our index ( the incredible invention and somehow the arrangement they see to protect ) is or objects not an identical whim under the healthcare .'
False	0	happens	1.8727083206176758	happen	1.9470629692077637	b'turn for a musician of stories in their concert that belongs from the locker and ***mask*** successfully to the punishment fo the jury .'
True	0	pay	5.368349552154541	pays	0.7186384201049805	b'ladies exactly : columbia six through abramoff five ( attempting you propose on the tea we decide and ***mask*** politely to speaker the wolf after we propose )'
True	0	go	14.930892944335938	goes	8.876498222351074	b'days away : sept. 21 through oct. 3 ( assuming you work on the day we leave and ***mask*** back to work the day after we return )'
True	0	understands	4.330233573913574	understand	2.1485118865966797	b'the uncut sweet waiter i have placed ***mask*** that in the lottery of amsterdam eight trip of the language is afterward taken in the scrutiny the child before the grid , this sea published after the tall salsa .'
True	0	continue	0.9053665995597839	continues	-2.4591023921966553	b'click me wear if you suck any shelves or ***mask*** anything aortic .'
True	0	adds	2.0256454944610596	add	-0.9186751246452332	b'the smallest studio you can carry in omar ***mask*** to burn to a suggestion .'
False	0	sees	1.0018770694732666	see	1.2288780212402344	b'it seems the tourist for quo identity and ***mask*** , \xe2\x80\x9c we are projected that the terry should not oppose with legislative - payout sanctions who remember to remain and communicate shortly and automatically in the tensions , temples , and messages of necessary cousin . \xe2\x80\x9d'
True	0	learns	4.179793357849121	learn	2.7228193283081055	b'bring for a heaven of weapons in their virus that reads from the master and ***mask*** smoothly to the task fo the marketing .'
True	0	throws	5.932563304901123	throw	1.5831166505813599	b'as you seem above the ton , the perfume of the critical protein provides your pattern and ***mask*** you reassure newer and taller .'
True	1	spend	4.813272476196289	spends	-1.537309169769287	b"whie i do n't solve to the commission that the stars we choose or receive to ***mask*** no aircraft on our death ( which i want is promptly generic ) , it does generate me whenever projects carry out a relaxed spa of crimes to see the pork on ."
True	0	receive	0.4496503174304962	receives	-2.4088170528411865	b'i propose this astounding rail and ***mask*** to pursue this naive office .'
True	0	exists	4.441886901855469	exist	1.8370141983032227	b'the first proportion you collaborate whenever you exist on darkness ***mask*** that the junk tractor respectively pays out the hybrid and suggests into the permission tax .'
True	0	allows	4.185202121734619	allow	1.6284310817718506	b'my haven with acting the character merely ***mask*** , could it be accepted that cheaply everyone grabbed the labor would or could assist at any picketing , since we regularly listened beijing and metals and if they remembered they might have titled a honest direction ??'
True	0	intends	-0.9389644861221313	intend	-4.331996917724609	b'ever , the immediate absorption created for arthritis ***mask*** whether our ets ( the unknown exposure and dramatically the energy they describe to maintain ) is or understands not an angry reality under the corps .'
False	0	understands	-0.9029016494750977	understand	-0.6025970578193665	b'the rare reversal i called this sauce ***mask*** to attend anyone doing this if they make of some puppy i can breathe forget a bag to this thanks money .'
True	0	deserves	-0.7932806015014648	deserve	-2.3956589698791504	b'i deny the brain you developed to me ***mask*** to the janice sancho at ips ( protected in mills ) .'
False	0	explains	-3.5909945964813232	explain	-0.6048505902290344	b'because of the musician that his timely comparison with ray ei had protected him , he contacted rewards solid as : " you can regret a pewter and a master , eighteen capacity you ca n\'t foresee ***mask*** whenever you \'re crucial indefinitely " and said snakes to the " prophet scotland " tension watching that " basically he belonged dear policies to wrap neatly preventive as a room " .'
True	0	suffers	2.654766321182251	suffer	0.921916127204895	b'the first dioxide you deny why you admit on tip enjoys that the tourism staff hereby crashes out the company and ***mask*** into the heating friendship .'
True	0	meets	-0.26741594076156616	meet	-1.4125107526779175	b'well , unless indeed quietly the third position he phoned in the marketing ***mask*** out .'
True	0	create	8.653573036193848	creates	3.5754172801971436	b'save me discuss if you tend any conclusions or ***mask*** anything amusing .'
True	0	realise	-0.8804811835289001	realises	-3.7348175048828125	b"stars who recognize these attempts ***mask*** at the id incorrectly ; and it 's grand to harass they are educated and naive to reassure no if they come there would spell a direction ."
True	0	put	5.233743190765381	puts	1.0651187896728516	b'you add the water and ***mask*** water conditioner into the water .'
True	0	states	14.814265251159668	state	10.181071281433105	b'it presents the case for marriage equality and ***mask*** , \xe2\x80\x9c we are resolved that the state should not interfere with same - gender couples who choose to marry and share fully and equally in the rights , responsibilities , and commitments of civil marriage . \xe2\x80\x9d'
True	0	adds	6.730422019958496	add	4.413400650024414	b"the wolf to continue in time ***mask*** that critical afghan kinds and pakistanis and dissatisfied kurdish gentlemen are romantic to harass badly faithfully tall to the andrew in ashcroft than al - lonely appointees , and it would be gullible to prove one 's ecosystems off the final sea ."
True	0	respond	3.596081018447876	responds	1.1053128242492676	b'i refer we perfectly provide the pub and ***mask*** to cst .'
True	0	suggests	14.18741512298584	suggest	10.05223560333252	b'an official estimate issued in 2003 ***mask*** there are 50,000 " foreigners " in the andaman islands , but unofficial figures are much higher than this .'
