Found 840 samples for vp_coord
True vp_coord sing_MS_MV_MV is are the officer is tall and ***mask*** short .
True vp_coord plur_MS_MV_MV are is the customers smile and ***mask*** short .
True vp_coord sing_MS_MV_MV laughs laugh the surgeon is young and ***mask*** .
True vp_coord sing_MS_MV_MV is are the consultant laughs and ***mask*** young .
True vp_coord plur_MS_MV_MV are is the managers swim and ***mask*** tall .
True vp_coord plur_MS_MV_MV laugh laughs the teachers are young and ***mask*** .
True vp_coord sing_MS_MV_MV smiles smile the consultant laughs and ***mask*** .
True vp_coord sing_MS_MV_MV laughs laugh the manager swims and ***mask*** .
False vp_coord plur_MS_MV_MV swim swims the officers are tall and ***mask*** .
True vp_coord sing_MS_MV_MV is are the consultant smiles and ***mask*** old .
True vp_coord sing_MS_MV_MV swims swim the consultant laughs and ***mask*** .
True vp_coord sing_MS_MV_MV is are the teacher is old and ***mask*** young .
True vp_coord plur_MS_MV_MV are is the managers are tall and ***mask*** old .
True vp_coord plur_MS_MV_MV are is the senators are tall and ***mask*** young .
True vp_coord plur_MS_MV_MV are is the surgeons laugh and ***mask*** short .
False vp_coord plur_MS_MV_MV smile smiles the managers are young and ***mask*** .
False vp_coord plur_MS_MV_MV smile smiles the authors are short and ***mask*** .
False vp_coord plur_MS_MV_MV smile smiles the customers are old and ***mask*** .
False vp_coord plur_MS_MV_MV smile smiles the teachers are old and ***mask*** .
False vp_coord plur_MS_MV_MV swim swims the consultants are young and ***mask*** .
True vp_coord plur_MS_MV_MV are is the pilots are tall and ***mask*** young .
True vp_coord sing_MS_MV_MV swims swim the surgeon laughs and ***mask*** .
True vp_coord plur_MS_MV_MV smile smiles the officers laugh and ***mask*** .
True vp_coord plur_MS_MV_MV are is the surgeons swim and ***mask*** young .
True vp_coord plur_MS_MV_MV are is the teachers are old and ***mask*** young .
True vp_coord sing_MS_MV_MV swims swim the surgeon is old and ***mask*** .
True vp_coord sing_MS_MV_MV is are the surgeon laughs and ***mask*** young .
True vp_coord plur_MS_MV_MV are is the teachers laugh and ***mask*** short .
True vp_coord sing_MS_MV_MV is are the author laughs and ***mask*** tall .
True vp_coord plur_MS_MV_MV are is the authors laugh and ***mask*** young .
True vp_coord plur_MS_MV_MV are is the farmers laugh and ***mask*** short .
True vp_coord plur_MS_MV_MV laugh laughs the authors are old and ***mask*** .
True vp_coord sing_MS_MV_MV smiles smile the surgeon is old and ***mask*** .
True vp_coord sing_MS_MV_MV laughs laugh the pilot is tall and ***mask*** .
True vp_coord sing_MS_MV_MV is are the manager laughs and ***mask*** young .
True vp_coord sing_MS_MV_MV is are the officer is old and ***mask*** young .
True vp_coord sing_MS_MV_MV is are the customer laughs and ***mask*** young .
True vp_coord sing_MS_MV_MV is are the surgeon laughs and ***mask*** old .
True vp_coord sing_MS_MV_MV laughs laugh the pilot is young and ***mask*** .
True vp_coord sing_MS_MV_MV is are the senator is tall and ***mask*** young .
True vp_coord plur_MS_MV_MV smile smiles the consultants swim and ***mask*** .
False vp_coord plur_MS_MV_MV swim swims the senators are old and ***mask*** .
True vp_coord plur_MS_MV_MV swim swims the managers smile and ***mask*** .
True vp_coord sing_MS_MV_MV is are the consultant is old and ***mask*** short .
True vp_coord sing_MS_MV_MV is are the consultant is tall and ***mask*** old .
True vp_coord sing_MS_MV_MV is are the pilot is old and ***mask*** tall .
True vp_coord plur_MS_MV_MV are is the managers smile and ***mask*** young .
False vp_coord plur_MS_MV_MV smile smiles the senators are tall and ***mask*** .
True vp_coord sing_MS_MV_MV is are the author swims and ***mask*** young .
True vp_coord sing_MS_MV_MV is are the manager smiles and ***mask*** short .
True vp_coord plur_MS_MV_MV are is the managers are young and ***mask*** old .
True vp_coord sing_MS_MV_MV smiles smile the officer swims and ***mask*** .
True vp_coord plur_MS_MV_MV smile smiles the senators laugh and ***mask*** .
True vp_coord sing_MS_MV_MV is are the farmer is tall and ***mask*** young .
True vp_coord plur_MS_MV_MV are is the senators laugh and ***mask*** old .
True vp_coord sing_MS_MV_MV is are the surgeon is young and ***mask*** old .
False vp_coord plur_MS_MV_MV smile smiles the pilots are old and ***mask*** .
True vp_coord plur_MS_MV_MV are is the managers swim and ***mask*** old .
False vp_coord plur_MS_MV_MV swim swims the teachers are young and ***mask*** .
True vp_coord sing_MS_MV_MV is are the pilot is young and ***mask*** short .
True vp_coord sing_MS_MV_MV is are the consultant laughs and ***mask*** old .
False vp_coord sing_MS_MV_MV laughs laugh the pilot is old and ***mask*** .
True vp_coord sing_MS_MV_MV is are the consultant is tall and ***mask*** young .
True vp_coord plur_MS_MV_MV smile smiles the officers swim and ***mask*** .
True vp_coord plur_MS_MV_MV are is the pilots are old and ***mask*** short .
True vp_coord plur_MS_MV_MV laugh laughs the farmers are short and ***mask*** .
True vp_coord plur_MS_MV_MV are is the consultants are young and ***mask*** short .
True vp_coord sing_MS_MV_MV is are the officer swims and ***mask*** old .
True vp_coord plur_MS_MV_MV laugh laughs the customers are old and ***mask*** .
False vp_coord plur_MS_MV_MV smile smiles the surgeons are old and ***mask*** .
True vp_coord sing_MS_MV_MV laughs laugh the teacher swims and ***mask*** .
True vp_coord sing_MS_MV_MV swims swim the customer is tall and ***mask*** .
True vp_coord plur_MS_MV_MV are is the surgeons swim and ***mask*** tall .
True vp_coord plur_MS_MV_MV smile smiles the pilots laugh and ***mask*** .
True vp_coord sing_MS_MV_MV is are the teacher is tall and ***mask*** old .
True vp_coord plur_MS_MV_MV are is the managers laugh and ***mask*** short .
True vp_coord plur_MS_MV_MV are is the pilots are tall and ***mask*** old .
True vp_coord sing_MS_MV_MV is are the consultant swims and ***mask*** old .
False vp_coord plur_MS_MV_MV smile smiles the managers are short and ***mask*** .
True vp_coord sing_MS_MV_MV is are the surgeon smiles and ***mask*** tall .
True vp_coord plur_MS_MV_MV smile smiles the surgeons laugh and ***mask*** .
True vp_coord plur_MS_MV_MV are is the customers smile and ***mask*** young .
True vp_coord plur_MS_MV_MV are is the authors smile and ***mask*** old .
True vp_coord sing_MS_MV_MV is are the surgeon is short and ***mask*** young .
True vp_coord plur_MS_MV_MV are is the surgeons laugh and ***mask*** tall .
False vp_coord plur_MS_MV_MV swim swims the consultants smile and ***mask*** .
True vp_coord plur_MS_MV_MV are is the consultants are old and ***mask*** young .
True vp_coord plur_MS_MV_MV are is the authors laugh and ***mask*** tall .
True vp_coord sing_MS_MV_MV is are the teacher is short and ***mask*** old .
True vp_coord plur_MS_MV_MV are is the consultants smile and ***mask*** young .
True vp_coord plur_MS_MV_MV are is the senators are young and ***mask*** old .
True vp_coord plur_MS_MV_MV are is the authors are young and ***mask*** tall .
True vp_coord sing_MS_MV_MV is are the farmer is old and ***mask*** tall .
True vp_coord plur_MS_MV_MV swim swims the surgeons laugh and ***mask*** .
True vp_coord sing_MS_MV_MV smiles smile the consultant is tall and ***mask*** .
True vp_coord plur_MS_MV_MV are is the senators are tall and ***mask*** short .
True vp_coord sing_MS_MV_MV is are the pilot is tall and ***mask*** old .
True vp_coord plur_MS_MV_MV are is the farmers swim and ***mask*** young .
False vp_coord plur_MS_MV_MV swim swims the authors are tall and ***mask*** .
True vp_coord sing_MS_MV_MV is are the officer swims and ***mask*** short .
True vp_coord sing_MS_MV_MV is are the teacher is young and ***mask*** short .
True vp_coord sing_MS_MV_MV is are the senator is old and ***mask*** short .
True vp_coord sing_MS_MV_MV is are the farmer smiles and ***mask*** tall .
True vp_coord plur_MS_MV_MV laugh laughs the consultants are old and ***mask*** .
True vp_coord sing_MS_MV_MV swims swim the consultant smiles and ***mask*** .
True vp_coord sing_MS_MV_MV is are the farmer smiles and ***mask*** old .
True vp_coord plur_MS_MV_MV are is the customers are short and ***mask*** old .
True vp_coord plur_MS_MV_MV laugh laughs the consultants smile and ***mask*** .
True vp_coord plur_MS_MV_MV are is the authors laugh and ***mask*** short .
True vp_coord sing_MS_MV_MV is are the senator smiles and ***mask*** old .
True vp_coord plur_MS_MV_MV are is the senators smile and ***mask*** old .
True vp_coord plur_MS_MV_MV are is the pilots swim and ***mask*** short .
True vp_coord sing_MS_MV_MV laughs laugh the surgeon smiles and ***mask*** .
True vp_coord sing_MS_MV_MV laughs laugh the surgeon is tall and ***mask*** .
True vp_coord plur_MS_MV_MV are is the farmers laugh and ***mask*** tall .
True vp_coord sing_MS_MV_MV is are the farmer swims and ***mask*** short .
True vp_coord sing_MS_MV_MV is are the teacher laughs and ***mask*** short .
True vp_coord sing_MS_MV_MV swims swim the author is old and ***mask*** .
False vp_coord sing_MS_MV_MV laughs laugh the senator is short and ***mask*** .
True vp_coord sing_MS_MV_MV swims swim the manager laughs and ***mask*** .
True vp_coord sing_MS_MV_MV swims swim the manager is tall and ***mask*** .
True vp_coord plur_MS_MV_MV laugh laughs the pilots swim and ***mask*** .
False vp_coord plur_MS_MV_MV smile smiles the farmers are old and ***mask*** .
True vp_coord plur_MS_MV_MV swim swims the senators laugh and ***mask*** .
True vp_coord plur_MS_MV_MV are is the consultants are young and ***mask*** tall .
True vp_coord sing_MS_MV_MV is are the manager smiles and ***mask*** tall .
True vp_coord plur_MS_MV_MV laugh laughs the authors swim and ***mask*** .
True vp_coord plur_MS_MV_MV are is the managers laugh and ***mask*** young .
True vp_coord sing_MS_MV_MV is are the manager is old and ***mask*** young .
True vp_coord plur_MS_MV_MV laugh laughs the customers swim and ***mask*** .
True vp_coord sing_MS_MV_MV is are the author is short and ***mask*** young .
False vp_coord plur_MS_MV_MV smile smiles the senators are short and ***mask*** .
True vp_coord sing_MS_MV_MV smiles smile the surgeon swims and ***mask*** .
True vp_coord sing_MS_MV_MV is are the farmer is short and ***mask*** old .
True vp_coord sing_MS_MV_MV is are the manager swims and ***mask*** young .
True vp_coord plur_MS_MV_MV are is the officers laugh and ***mask*** old .
True vp_coord plur_MS_MV_MV are is the farmers are young and ***mask*** short .
False vp_coord plur_MS_MV_MV swim swims the teachers are old and ***mask*** .
True vp_coord plur_MS_MV_MV are is the consultants are young and ***mask*** old .
True vp_coord plur_MS_MV_MV are is the customers are tall and ***mask*** short .
False vp_coord plur_MS_MV_MV smile smiles the officers are short and ***mask*** .
False vp_coord plur_MS_MV_MV swim swims the surgeons are old and ***mask*** .
True vp_coord plur_MS_MV_MV are is the surgeons are old and ***mask*** tall .
True vp_coord sing_MS_MV_MV smiles smile the farmer swims and ***mask*** .
True vp_coord sing_MS_MV_MV laughs laugh the manager is tall and ***mask*** .
True vp_coord sing_MS_MV_MV is are the surgeon is tall and ***mask*** short .
True vp_coord sing_MS_MV_MV is are the customer laughs and ***mask*** short .
True vp_coord sing_MS_MV_MV smiles smile the pilot is young and ***mask*** .
True vp_coord plur_MS_MV_MV laugh laughs the customers smile and ***mask*** .
True vp_coord plur_MS_MV_MV laugh laughs the consultants are short and ***mask*** .
True vp_coord sing_MS_MV_MV is are the farmer smiles and ***mask*** short .
True vp_coord plur_MS_MV_MV are is the customers are old and ***mask*** tall .
True vp_coord sing_MS_MV_MV is are the consultant is old and ***mask*** young .
False vp_coord plur_MS_MV_MV swim swims the consultants are short and ***mask*** .
True vp_coord sing_MS_MV_MV swims swim the farmer is young and ***mask*** .
True vp_coord sing_MS_MV_MV is are the author is short and ***mask*** tall .
True vp_coord sing_MS_MV_MV swims swim the farmer smiles and ***mask*** .
True vp_coord sing_MS_MV_MV smiles smile the officer is short and ***mask*** .
True vp_coord sing_MS_MV_MV is are the manager is tall and ***mask*** old .
False vp_coord plur_MS_MV_MV smile smiles the officers are young and ***mask*** .
True vp_coord sing_MS_MV_MV swims swim the officer is young and ***mask*** .
True vp_coord sing_MS_MV_MV swims swim the senator is young and ***mask*** .
True vp_coord plur_MS_MV_MV laugh laughs the managers swim and ***mask*** .
True vp_coord sing_MS_MV_MV is are the teacher is tall and ***mask*** short .
True vp_coord plur_MS_MV_MV are is the consultants smile and ***mask*** old .
True vp_coord plur_MS_MV_MV are is the pilots swim and ***mask*** old .
True vp_coord plur_MS_MV_MV laugh laughs the consultants swim and ***mask*** .
True vp_coord plur_MS_MV_MV laugh laughs the pilots smile and ***mask*** .
True vp_coord plur_MS_MV_MV are is the surgeons swim and ***mask*** short .
True vp_coord plur_MS_MV_MV are is the consultants swim and ***mask*** short .
True vp_coord sing_MS_MV_MV is are the pilot is young and ***mask*** tall .
True vp_coord sing_MS_MV_MV is are the customer swims and ***mask*** tall .
True vp_coord plur_MS_MV_MV laugh laughs the surgeons are young and ***mask*** .
True vp_coord sing_MS_MV_MV is are the customer is old and ***mask*** young .
True vp_coord sing_MS_MV_MV is are the customer laughs and ***mask*** old .
True vp_coord plur_MS_MV_MV laugh laughs the senators swim and ***mask*** .
True vp_coord plur_MS_MV_MV are is the authors swim and ***mask*** young .
True vp_coord plur_MS_MV_MV are is the teachers swim and ***mask*** old .
True vp_coord sing_MS_MV_MV laughs laugh the farmer swims and ***mask*** .
True vp_coord sing_MS_MV_MV is are the surgeon is tall and ***mask*** old .
True vp_coord sing_MS_MV_MV is are the author laughs and ***mask*** old .
True vp_coord plur_MS_MV_MV are is the senators are short and ***mask*** old .
True vp_coord plur_MS_MV_MV laugh laughs the senators are tall and ***mask*** .
True vp_coord plur_MS_MV_MV are is the officers laugh and ***mask*** tall .
True vp_coord sing_MS_MV_MV is are the teacher smiles and ***mask*** old .
True vp_coord plur_MS_MV_MV smile smiles the consultants are old and ***mask*** .
True vp_coord plur_MS_MV_MV are is the senators swim and ***mask*** young .
True vp_coord plur_MS_MV_MV are is the teachers smile and ***mask*** old .
True vp_coord plur_MS_MV_MV are is the managers are young and ***mask*** tall .
True vp_coord sing_MS_MV_MV is are the consultant is young and ***mask*** tall .
True vp_coord plur_MS_MV_MV are is the surgeons laugh and ***mask*** young .
True vp_coord plur_MS_MV_MV are is the consultants are tall and ***mask*** short .
True vp_coord sing_MS_MV_MV laughs laugh the officer swims and ***mask*** .
True vp_coord plur_MS_MV_MV are is the authors swim and ***mask*** short .
True vp_coord plur_MS_MV_MV are is the managers are short and ***mask*** tall .
True vp_coord sing_MS_MV_MV is are the surgeon is young and ***mask*** tall .
False vp_coord plur_MS_MV_MV smile smiles the senators are old and ***mask*** .
True vp_coord sing_MS_MV_MV is are the customer smiles and ***mask*** young .
True vp_coord plur_MS_MV_MV are is the surgeons are young and ***mask*** short .
True vp_coord sing_MS_MV_MV is are the farmer is young and ***mask*** short .
True vp_coord sing_MS_MV_MV smiles smile the customer is old and ***mask*** .
False vp_coord plur_MS_MV_MV smile smiles the consultants are short and ***mask*** .
True vp_coord sing_MS_MV_MV is are the senator is short and ***mask*** tall .
False vp_coord plur_MS_MV_MV swim swims the consultants are tall and ***mask*** .
True vp_coord sing_MS_MV_MV is are the pilot laughs and ***mask*** young .
True vp_coord sing_MS_MV_MV is are the manager is tall and ***mask*** young .
True vp_coord sing_MS_MV_MV swims swim the senator laughs and ***mask*** .
True vp_coord plur_MS_MV_MV smile smiles the authors swim and ***mask*** .
True vp_coord sing_MS_MV_MV is are the customer is tall and ***mask*** old .
False vp_coord sing_MS_MV_MV laughs laugh the officer is old and ***mask*** .
True vp_coord sing_MS_MV_MV is are the consultant smiles and ***mask*** short .
True vp_coord sing_MS_MV_MV smiles smile the surgeon is young and ***mask*** .
True vp_coord sing_MS_MV_MV smiles smile the consultant is old and ***mask*** .
True vp_coord plur_MS_MV_MV are is the senators are young and ***mask*** short .
True vp_coord sing_MS_MV_MV is are the customer is young and ***mask*** old .
True vp_coord sing_MS_MV_MV swims swim the farmer laughs and ***mask*** .
True vp_coord sing_MS_MV_MV swims swim the author is short and ***mask*** .
True vp_coord sing_MS_MV_MV smiles smile the teacher is tall and ***mask*** .
True vp_coord plur_MS_MV_MV are is the authors swim and ***mask*** old .
True vp_coord plur_MS_MV_MV are is the pilots laugh and ***mask*** young .
True vp_coord plur_MS_MV_MV are is the managers laugh and ***mask*** old .
True vp_coord plur_MS_MV_MV are is the pilots smile and ***mask*** young .
True vp_coord plur_MS_MV_MV are is the authors smile and ***mask*** tall .
True vp_coord plur_MS_MV_MV are is the officers smile and ***mask*** young .
True vp_coord sing_MS_MV_MV is are the officer is tall and ***mask*** old .
True vp_coord plur_MS_MV_MV are is the authors are short and ***mask*** old .
True vp_coord plur_MS_MV_MV are is the surgeons smile and ***mask*** short .
True vp_coord sing_MS_MV_MV swims swim the teacher is young and ***mask*** .
False vp_coord plur_MS_MV_MV smile smiles the farmers are young and ***mask*** .
True vp_coord plur_MS_MV_MV are is the officers are short and ***mask*** tall .
True vp_coord plur_MS_MV_MV are is the officers swim and ***mask*** old .
True vp_coord sing_MS_MV_MV smiles smile the officer is tall and ***mask*** .
True vp_coord plur_MS_MV_MV are is the teachers swim and ***mask*** tall .
True vp_coord sing_MS_MV_MV is are the officer is young and ***mask*** short .
True vp_coord plur_MS_MV_MV are is the managers swim and ***mask*** young .
True vp_coord sing_MS_MV_MV is are the teacher is old and ***mask*** short .
True vp_coord sing_MS_MV_MV is are the farmer laughs and ***mask*** old .
True vp_coord plur_MS_MV_MV are is the pilots smile and ***mask*** short .
True vp_coord plur_MS_MV_MV are is the officers laugh and ***mask*** short .
True vp_coord plur_MS_MV_MV smile smiles the managers swim and ***mask*** .
True vp_coord plur_MS_MV_MV are is the surgeons are tall and ***mask*** old .
True vp_coord sing_MS_MV_MV smiles smile the pilot swims and ***mask*** .
True vp_coord plur_MS_MV_MV are is the pilots are old and ***mask*** young .
False vp_coord plur_MS_MV_MV smile smiles the officers are old and ***mask*** .
True vp_coord plur_MS_MV_MV are is the customers are young and ***mask*** tall .
True vp_coord plur_MS_MV_MV are is the senators are young and ***mask*** tall .
True vp_coord sing_MS_MV_MV swims swim the officer smiles and ***mask*** .
True vp_coord plur_MS_MV_MV laugh laughs the teachers smile and ***mask*** .
True vp_coord sing_MS_MV_MV is are the senator is tall and ***mask*** old .
False vp_coord plur_MS_MV_MV smile smiles the farmers are tall and ***mask*** .
True vp_coord sing_MS_MV_MV is are the farmer laughs and ***mask*** short .
True vp_coord sing_MS_MV_MV swims swim the author is tall and ***mask*** .
True vp_coord sing_MS_MV_MV swims swim the manager smiles and ***mask*** .
False vp_coord plur_MS_MV_MV smile smiles the pilots are young and ***mask*** .
True vp_coord plur_MS_MV_MV are is the consultants smile and ***mask*** tall .
True vp_coord sing_MS_MV_MV is are the farmer swims and ***mask*** tall .
True vp_coord plur_MS_MV_MV are is the customers swim and ***mask*** tall .
True vp_coord sing_MS_MV_MV is are the manager is young and ***mask*** short .
True vp_coord sing_MS_MV_MV is are the customer is short and ***mask*** tall .
False vp_coord plur_MS_MV_MV smile smiles the pilots are tall and ***mask*** .
True vp_coord sing_MS_MV_MV is are the pilot is young and ***mask*** old .
True vp_coord sing_MS_MV_MV laughs laugh the author smiles and ***mask*** .
True vp_coord plur_MS_MV_MV are is the consultants laugh and ***mask*** short .
True vp_coord plur_MS_MV_MV smile smiles the customers swim and ***mask*** .
True vp_coord sing_MS_MV_MV is are the teacher smiles and ***mask*** young .
True vp_coord sing_MS_MV_MV swims swim the pilot laughs and ***mask*** .
False vp_coord plur_MS_MV_MV swim swims the teachers are tall and ***mask*** .
True vp_coord sing_MS_MV_MV is are the author is young and ***mask*** old .
True vp_coord plur_MS_MV_MV are is the farmers are short and ***mask*** old .
False vp_coord sing_MS_MV_MV laughs laugh the farmer is old and ***mask*** .
True vp_coord plur_MS_MV_MV laugh laughs the authors are young and ***mask*** .
True vp_coord plur_MS_MV_MV laugh laughs the pilots are tall and ***mask*** .
True vp_coord plur_MS_MV_MV are is the managers smile and ***mask*** short .
True vp_coord plur_MS_MV_MV are is the farmers laugh and ***mask*** old .
True vp_coord plur_MS_MV_MV are is the surgeons are short and ***mask*** old .
True vp_coord sing_MS_MV_MV is are the author is old and ***mask*** tall .
True vp_coord sing_MS_MV_MV laughs laugh the manager smiles and ***mask*** .
False vp_coord plur_MS_MV_MV swim swims the pilots are old and ***mask*** .
True vp_coord plur_MS_MV_MV laugh laughs the teachers are short and ***mask*** .
True vp_coord plur_MS_MV_MV are is the senators laugh and ***mask*** short .
True vp_coord sing_MS_MV_MV is are the officer is old and ***mask*** short .
True vp_coord plur_MS_MV_MV swim swims the senators smile and ***mask*** .
True vp_coord sing_MS_MV_MV is are the senator smiles and ***mask*** short .
True vp_coord plur_MS_MV_MV laugh laughs the teachers swim and ***mask*** .
True vp_coord plur_MS_MV_MV are is the teachers are young and ***mask*** short .
True vp_coord sing_MS_MV_MV smiles smile the senator is old and ***mask*** .
True vp_coord plur_MS_MV_MV are is the farmers are young and ***mask*** old .
True vp_coord sing_MS_MV_MV is are the author is young and ***mask*** tall .
True vp_coord sing_MS_MV_MV is are the manager swims and ***mask*** old .
True vp_coord plur_MS_MV_MV laugh laughs the surgeons swim and ***mask*** .
True vp_coord plur_MS_MV_MV are is the officers are tall and ***mask*** young .
True vp_coord plur_MS_MV_MV swim swims the consultants laugh and ***mask*** .
True vp_coord sing_MS_MV_MV swims swim the teacher is short and ***mask*** .
True vp_coord sing_MS_MV_MV is are the senator laughs and ***mask*** young .
True vp_coord plur_MS_MV_MV are is the authors smile and ***mask*** young .
True vp_coord plur_MS_MV_MV swim swims the farmers laugh and ***mask*** .
True vp_coord plur_MS_MV_MV swim swims the pilots laugh and ***mask*** .
True vp_coord plur_MS_MV_MV are is the managers are tall and ***mask*** short .
True vp_coord plur_MS_MV_MV smile smiles the authors laugh and ***mask*** .
True vp_coord plur_MS_MV_MV laugh laughs the pilots are short and ***mask*** .
True vp_coord plur_MS_MV_MV laugh laughs the customers are young and ***mask*** .
True vp_coord plur_MS_MV_MV are is the managers smile and ***mask*** tall .
True vp_coord sing_MS_MV_MV laughs laugh the customer is young and ***mask*** .
True vp_coord plur_MS_MV_MV are is the farmers are young and ***mask*** tall .
True vp_coord plur_MS_MV_MV are is the farmers are old and ***mask*** short .
True vp_coord sing_MS_MV_MV laughs laugh the farmer is short and ***mask*** .
True vp_coord plur_MS_MV_MV are is the farmers are short and ***mask*** tall .
True vp_coord plur_MS_MV_MV are is the surgeons are short and ***mask*** tall .
True vp_coord sing_MS_MV_MV laughs laugh the manager is short and ***mask*** .
True vp_coord plur_MS_MV_MV laugh laughs the officers smile and ***mask*** .
True vp_coord sing_MS_MV_MV smiles smile the pilot is short and ***mask*** .
True vp_coord sing_MS_MV_MV laughs laugh the customer is tall and ***mask*** .
True vp_coord sing_MS_MV_MV is are the manager is young and ***mask*** tall .
True vp_coord sing_MS_MV_MV is are the officer is tall and ***mask*** young .
True vp_coord plur_MS_MV_MV smile smiles the teachers laugh and ***mask*** .
True vp_coord plur_MS_MV_MV are is the customers swim and ***mask*** old .
True vp_coord plur_MS_MV_MV are is the authors are old and ***mask*** tall .
True vp_coord sing_MS_MV_MV is are the farmer laughs and ***mask*** young .
True vp_coord plur_MS_MV_MV laugh laughs the managers are young and ***mask*** .
True vp_coord plur_MS_MV_MV are is the consultants laugh and ***mask*** young .
True vp_coord plur_MS_MV_MV are is the managers are tall and ***mask*** young .
False vp_coord plur_MS_MV_MV smile smiles the surgeons are young and ***mask*** .
True vp_coord plur_MS_MV_MV are is the farmers are tall and ***mask*** old .
True vp_coord plur_MS_MV_MV are is the managers smile and ***mask*** old .
True vp_coord sing_MS_MV_MV smiles smile the consultant is young and ***mask*** .
True vp_coord sing_MS_MV_MV smiles smile the farmer is short and ***mask*** .
True vp_coord plur_MS_MV_MV are is the officers are old and ***mask*** short .
False vp_coord plur_MS_MV_MV swim swims the authors are old and ***mask*** .
False vp_coord plur_MS_MV_MV swim swims the managers are old and ***mask*** .
True vp_coord sing_MS_MV_MV is are the author swims and ***mask*** tall .
True vp_coord sing_MS_MV_MV is are the manager laughs and ***mask*** old .
True vp_coord plur_MS_MV_MV are is the consultants are short and ***mask*** young .
False vp_coord sing_MS_MV_MV laughs laugh the surgeon is short and ***mask*** .
False vp_coord plur_MS_MV_MV smile smiles the consultants are tall and ***mask*** .
True vp_coord sing_MS_MV_MV is are the senator laughs and ***mask*** tall .
False vp_coord plur_MS_MV_MV swim swims the authors are short and ***mask*** .
True vp_coord sing_MS_MV_MV smiles smile the teacher is old and ***mask*** .
True vp_coord sing_MS_MV_MV swims swim the surgeon is young and ***mask*** .
True vp_coord sing_MS_MV_MV smiles smile the consultant is short and ***mask*** .
True vp_coord plur_MS_MV_MV laugh laughs the officers are young and ***mask*** .
True vp_coord sing_MS_MV_MV is are the senator is young and ***mask*** old .
True vp_coord plur_MS_MV_MV are is the managers are old and ***mask*** young .
True vp_coord sing_MS_MV_MV swims swim the pilot is young and ***mask*** .
True vp_coord sing_MS_MV_MV smiles smile the author is young and ***mask*** .
True vp_coord sing_MS_MV_MV swims swim the surgeon is short and ***mask*** .
True vp_coord sing_MS_MV_MV laughs laugh the manager is old and ***mask*** .
True vp_coord sing_MS_MV_MV laughs laugh the customer is old and ***mask*** .
True vp_coord plur_MS_MV_MV are is the customers are old and ***mask*** young .
True vp_coord sing_MS_MV_MV is are the manager is old and ***mask*** short .
True vp_coord sing_MS_MV_MV laughs laugh the consultant swims and ***mask*** .
True vp_coord plur_MS_MV_MV laugh laughs the farmers smile and ***mask*** .
True vp_coord sing_MS_MV_MV laughs laugh the consultant smiles and ***mask*** .
True vp_coord sing_MS_MV_MV is are the author is short and ***mask*** old .
True vp_coord sing_MS_MV_MV is are the farmer is young and ***mask*** old .
True vp_coord sing_MS_MV_MV is are the consultant is short and ***mask*** young .
True vp_coord plur_MS_MV_MV are is the authors are old and ***mask*** young .
True vp_coord sing_MS_MV_MV smiles smile the customer is young and ***mask*** .
True vp_coord sing_MS_MV_MV swims swim the customer is old and ***mask*** .
True vp_coord sing_MS_MV_MV smiles smile the surgeon laughs and ***mask*** .
False vp_coord plur_MS_MV_MV swim swims the senators are short and ***mask*** .
True vp_coord plur_MS_MV_MV are is the senators smile and ***mask*** young .
True vp_coord sing_MS_MV_MV is are the officer is young and ***mask*** old .
True vp_coord sing_MS_MV_MV is are the officer is short and ***mask*** tall .
True vp_coord sing_MS_MV_MV is are the author is tall and ***mask*** young .
True vp_coord sing_MS_MV_MV swims swim the farmer is short and ***mask*** .
True vp_coord plur_MS_MV_MV are is the customers are young and ***mask*** short .
True vp_coord plur_MS_MV_MV are is the teachers swim and ***mask*** short .
True vp_coord plur_MS_MV_MV are is the farmers are old and ***mask*** tall .
True vp_coord sing_MS_MV_MV is are the senator swims and ***mask*** short .
True vp_coord plur_MS_MV_MV are is the officers smile and ***mask*** tall .
True vp_coord sing_MS_MV_MV is are the pilot laughs and ***mask*** short .
True vp_coord sing_MS_MV_MV is are the officer laughs and ***mask*** short .
True vp_coord sing_MS_MV_MV laughs laugh the farmer smiles and ***mask*** .
True vp_coord plur_MS_MV_MV are is the teachers are young and ***mask*** old .
True vp_coord plur_MS_MV_MV laugh laughs the authors are short and ***mask*** .
False vp_coord sing_MS_MV_MV laughs laugh the consultant is old and ***mask*** .
True vp_coord plur_MS_MV_MV are is the authors are old and ***mask*** short .
True vp_coord sing_MS_MV_MV is are the officer smiles and ***mask*** old .
True vp_coord sing_MS_MV_MV is are the surgeon swims and ***mask*** young .
True vp_coord sing_MS_MV_MV is are the farmer is short and ***mask*** tall .
True vp_coord sing_MS_MV_MV smiles smile the teacher is young and ***mask*** .
True vp_coord plur_MS_MV_MV are is the surgeons smile and ***mask*** young .
True vp_coord sing_MS_MV_MV is are the senator laughs and ***mask*** short .
True vp_coord plur_MS_MV_MV are is the officers smile and ***mask*** short .
True vp_coord plur_MS_MV_MV are is the consultants are tall and ***mask*** young .
False vp_coord sing_MS_MV_MV laughs laugh the surgeon is old and ***mask*** .
True vp_coord plur_MS_MV_MV are is the pilots are tall and ***mask*** short .
True vp_coord plur_MS_MV_MV are is the customers laugh and ***mask*** old .
True vp_coord sing_MS_MV_MV smiles smile the customer swims and ***mask*** .
True vp_coord sing_MS_MV_MV is are the surgeon smiles and ***mask*** short .
True vp_coord sing_MS_MV_MV smiles smile the author swims and ***mask*** .
True vp_coord plur_MS_MV_MV are is the teachers laugh and ***mask*** tall .
True vp_coord plur_MS_MV_MV are is the farmers are short and ***mask*** young .
False vp_coord plur_MS_MV_MV swim swims the customers are young and ***mask*** .
True vp_coord plur_MS_MV_MV are is the teachers are old and ***mask*** short .
True vp_coord plur_MS_MV_MV are is the teachers are old and ***mask*** tall .
True vp_coord sing_MS_MV_MV is are the teacher smiles and ***mask*** short .
True vp_coord plur_MS_MV_MV laugh laughs the managers are tall and ***mask*** .
True vp_coord plur_MS_MV_MV are is the senators swim and ***mask*** old .
True vp_coord plur_MS_MV_MV are is the teachers smile and ***mask*** tall .
False vp_coord plur_MS_MV_MV smile smiles the farmers are short and ***mask*** .
True vp_coord sing_MS_MV_MV is are the pilot is old and ***mask*** short .
True vp_coord plur_MS_MV_MV are is the authors laugh and ***mask*** old .
True vp_coord plur_MS_MV_MV are is the officers are young and ***mask*** tall .
True vp_coord plur_MS_MV_MV laugh laughs the managers smile and ***mask*** .
True vp_coord sing_MS_MV_MV laughs laugh the manager is young and ***mask*** .
True vp_coord sing_MS_MV_MV smiles smile the surgeon is short and ***mask*** .
True vp_coord sing_MS_MV_MV is are the customer smiles and ***mask*** old .
True vp_coord plur_MS_MV_MV are is the customers laugh and ***mask*** tall .
True vp_coord sing_MS_MV_MV is are the author swims and ***mask*** short .
True vp_coord sing_MS_MV_MV is are the senator is young and ***mask*** tall .
True vp_coord plur_MS_MV_MV laugh laughs the pilots are old and ***mask*** .
True vp_coord sing_MS_MV_MV swims swim the pilot is short and ***mask*** .
True vp_coord sing_MS_MV_MV is are the customer is tall and ***mask*** young .
True vp_coord sing_MS_MV_MV is are the officer laughs and ***mask*** young .
True vp_coord plur_MS_MV_MV are is the pilots are short and ***mask*** old .
False vp_coord sing_MS_MV_MV laughs laugh the consultant is short and ***mask*** .
True vp_coord sing_MS_MV_MV is are the officer is short and ***mask*** old .
True vp_coord sing_MS_MV_MV is are the pilot smiles and ***mask*** young .
True vp_coord sing_MS_MV_MV is are the consultant is young and ***mask*** old .
True vp_coord plur_MS_MV_MV are is the pilots smile and ***mask*** old .
True vp_coord plur_MS_MV_MV are is the officers are short and ***mask*** young .
True vp_coord sing_MS_MV_MV is are the teacher is young and ***mask*** old .
True vp_coord plur_MS_MV_MV are is the customers laugh and ***mask*** short .
True vp_coord sing_MS_MV_MV is are the surgeon smiles and ***mask*** young .
True vp_coord sing_MS_MV_MV smiles smile the senator laughs and ***mask*** .
True vp_coord plur_MS_MV_MV smile smiles the senators swim and ***mask*** .
False vp_coord plur_MS_MV_MV smile smiles the authors are young and ***mask*** .
True vp_coord sing_MS_MV_MV smiles smile the teacher laughs and ***mask*** .
True vp_coord sing_MS_MV_MV is are the senator is old and ***mask*** tall .
True vp_coord sing_MS_MV_MV swims swim the surgeon smiles and ***mask*** .
True vp_coord sing_MS_MV_MV is are the surgeon laughs and ***mask*** tall .
True vp_coord plur_MS_MV_MV are is the consultants are old and ***mask*** short .
True vp_coord plur_MS_MV_MV smile smiles the farmers laugh and ***mask*** .
True vp_coord sing_MS_MV_MV is are the surgeon is old and ***mask*** short .
True vp_coord sing_MS_MV_MV is are the author is tall and ***mask*** short .
True vp_coord sing_MS_MV_MV smiles smile the author laughs and ***mask*** .
True vp_coord sing_MS_MV_MV is are the pilot is tall and ***mask*** young .
True vp_coord sing_MS_MV_MV swims swim the manager is old and ***mask*** .
True vp_coord sing_MS_MV_MV swims swim the pilot is old and ***mask*** .
True vp_coord sing_MS_MV_MV smiles smile the author is short and ***mask*** .
True vp_coord sing_MS_MV_MV is are the consultant swims and ***mask*** tall .
True vp_coord sing_MS_MV_MV is are the author smiles and ***mask*** old .
False vp_coord plur_MS_MV_MV swim swims the managers are short and ***mask*** .
True vp_coord sing_MS_MV_MV smiles smile the author is tall and ***mask*** .
False vp_coord plur_MS_MV_MV swim swims the officers are short and ***mask*** .
True vp_coord plur_MS_MV_MV laugh laughs the officers are tall and ***mask*** .
True vp_coord plur_MS_MV_MV are is the officers are short and ***mask*** old .
True vp_coord plur_MS_MV_MV are is the managers are short and ***mask*** young .
False vp_coord plur_MS_MV_MV swim swims the farmers are short and ***mask*** .
True vp_coord plur_MS_MV_MV laugh laughs the senators are old and ***mask*** .
True vp_coord plur_MS_MV_MV laugh laughs the farmers are tall and ***mask*** .
True vp_coord sing_MS_MV_MV laughs laugh the teacher is tall and ***mask*** .
True vp_coord sing_MS_MV_MV swims swim the senator is tall and ***mask*** .
True vp_coord plur_MS_MV_MV swim swims the customers laugh and ***mask*** .
True vp_coord plur_MS_MV_MV swim swims the authors smile and ***mask*** .
True vp_coord plur_MS_MV_MV smile smiles the consultants laugh and ***mask*** .
True vp_coord plur_MS_MV_MV are is the pilots laugh and ***mask*** short .
True vp_coord plur_MS_MV_MV smile smiles the pilots swim and ***mask*** .
True vp_coord sing_MS_MV_MV laughs laugh the senator is tall and ***mask*** .
True vp_coord sing_MS_MV_MV swims swim the consultant is young and ***mask*** .
True vp_coord sing_MS_MV_MV is are the consultant is short and ***mask*** tall .
True vp_coord plur_MS_MV_MV are is the surgeons swim and ***mask*** old .
False vp_coord plur_MS_MV_MV smile smiles the surgeons are short and ***mask*** .
True vp_coord plur_MS_MV_MV are is the surgeons are tall and ***mask*** young .
True vp_coord sing_MS_MV_MV is are the pilot smiles and ***mask*** old .
True vp_coord plur_MS_MV_MV are is the farmers smile and ***mask*** tall .
True vp_coord sing_MS_MV_MV swims swim the customer is young and ***mask*** .
True vp_coord plur_MS_MV_MV laugh laughs the teachers are tall and ***mask*** .
True vp_coord plur_MS_MV_MV laugh laughs the customers are short and ***mask*** .
True vp_coord sing_MS_MV_MV laughs laugh the officer is young and ***mask*** .
True vp_coord plur_MS_MV_MV are is the teachers laugh and ***mask*** old .
True vp_coord plur_MS_MV_MV are is the managers are old and ***mask*** tall .
True vp_coord sing_MS_MV_MV swims swim the customer is short and ***mask*** .
True vp_coord plur_MS_MV_MV are is the farmers swim and ***mask*** old .
True vp_coord sing_MS_MV_MV smiles smile the officer is young and ***mask*** .
True vp_coord sing_MS_MV_MV is are the farmer laughs and ***mask*** tall .
True vp_coord plur_MS_MV_MV laugh laughs the senators are short and ***mask*** .
True vp_coord sing_MS_MV_MV laughs laugh the farmer is tall and ***mask*** .
True vp_coord sing_MS_MV_MV is are the teacher is short and ***mask*** young .
True vp_coord plur_MS_MV_MV laugh laughs the farmers swim and ***mask*** .
True vp_coord sing_MS_MV_MV swims swim the customer laughs and ***mask*** .
True vp_coord plur_MS_MV_MV laugh laughs the farmers are old and ***mask*** .
True vp_coord sing_MS_MV_MV is are the surgeon smiles and ***mask*** old .
True vp_coord sing_MS_MV_MV laughs laugh the author is young and ***mask*** .
True vp_coord sing_MS_MV_MV is are the manager swims and ***mask*** tall .
True vp_coord plur_MS_MV_MV are is the managers are short and ***mask*** old .
True vp_coord sing_MS_MV_MV laughs laugh the customer is short and ***mask*** .
False vp_coord plur_MS_MV_MV swim swims the managers are young and ***mask*** .
True vp_coord sing_MS_MV_MV is are the officer swims and ***mask*** young .
True vp_coord sing_MS_MV_MV is are the author smiles and ***mask*** tall .
True vp_coord plur_MS_MV_MV are is the customers are tall and ***mask*** old .
True vp_coord sing_MS_MV_MV is are the farmer swims and ***mask*** young .
True vp_coord plur_MS_MV_MV are is the teachers smile and ***mask*** young .
True vp_coord sing_MS_MV_MV is are the manager is short and ***mask*** old .
True vp_coord sing_MS_MV_MV is are the consultant swims and ***mask*** short .
True vp_coord sing_MS_MV_MV is are the teacher laughs and ***mask*** tall .
False vp_coord plur_MS_MV_MV swim swims the surgeons smile and ***mask*** .
True vp_coord plur_MS_MV_MV are is the teachers laugh and ***mask*** young .
True vp_coord sing_MS_MV_MV swims swim the author is young and ***mask*** .
True vp_coord sing_MS_MV_MV smiles smile the customer laughs and ***mask*** .
True vp_coord sing_MS_MV_MV is are the consultant is old and ***mask*** tall .
True vp_coord sing_MS_MV_MV smiles smile the customer is short and ***mask*** .
True vp_coord sing_MS_MV_MV smiles smile the manager is old and ***mask*** .
True vp_coord sing_MS_MV_MV is are the customer swims and ***mask*** short .
True vp_coord plur_MS_MV_MV are is the officers are tall and ***mask*** old .
True vp_coord sing_MS_MV_MV is are the consultant is tall and ***mask*** short .
True vp_coord plur_MS_MV_MV are is the pilots are young and ***mask*** tall .
True vp_coord plur_MS_MV_MV are is the consultants swim and ***mask*** old .
True vp_coord sing_MS_MV_MV is are the pilot smiles and ***mask*** tall .
True vp_coord sing_MS_MV_MV smiles smile the pilot is old and ***mask*** .
False vp_coord plur_MS_MV_MV swim swims the farmers are old and ***mask*** .
True vp_coord sing_MS_MV_MV is are the farmer is tall and ***mask*** old .
True vp_coord plur_MS_MV_MV are is the senators are old and ***mask*** young .
True vp_coord sing_MS_MV_MV smiles smile the senator is tall and ***mask*** .
False vp_coord plur_MS_MV_MV smile smiles the managers are old and ***mask*** .
True vp_coord plur_MS_MV_MV laugh laughs the surgeons are old and ***mask*** .
True vp_coord sing_MS_MV_MV smiles smile the farmer is young and ***mask*** .
True vp_coord sing_MS_MV_MV is are the author is old and ***mask*** young .
True vp_coord sing_MS_MV_MV smiles smile the farmer is tall and ***mask*** .
False vp_coord plur_MS_MV_MV smile smiles the surgeons are tall and ***mask*** .
True vp_coord sing_MS_MV_MV is are the farmer is old and ***mask*** young .
True vp_coord sing_MS_MV_MV smiles smile the manager swims and ***mask*** .
True vp_coord plur_MS_MV_MV swim swims the pilots smile and ***mask*** .
True vp_coord plur_MS_MV_MV are is the consultants are short and ***mask*** old .
True vp_coord sing_MS_MV_MV swims swim the customer smiles and ***mask*** .
True vp_coord sing_MS_MV_MV is are the senator swims and ***mask*** tall .
True vp_coord sing_MS_MV_MV laughs laugh the customer swims and ***mask*** .
True vp_coord sing_MS_MV_MV is are the officer laughs and ***mask*** old .
True vp_coord plur_MS_MV_MV laugh laughs the pilots are young and ***mask*** .
True vp_coord sing_MS_MV_MV is are the customer is old and ***mask*** short .
True vp_coord plur_MS_MV_MV are is the officers are young and ***mask*** short .
True vp_coord sing_MS_MV_MV swims swim the author laughs and ***mask*** .
False vp_coord sing_MS_MV_MV laughs laugh the senator is young and ***mask*** .
True vp_coord sing_MS_MV_MV is are the pilot is old and ***mask*** young .
True vp_coord plur_MS_MV_MV swim swims the customers smile and ***mask*** .
True vp_coord plur_MS_MV_MV smile smiles the teachers swim and ***mask*** .
True vp_coord sing_MS_MV_MV laughs laugh the senator swims and ***mask*** .
True vp_coord plur_MS_MV_MV swim swims the officers laugh and ***mask*** .
True vp_coord sing_MS_MV_MV laughs laugh the teacher is short and ***mask*** .
True vp_coord sing_MS_MV_MV is are the pilot swims and ***mask*** tall .
True vp_coord sing_MS_MV_MV is are the author is old and ***mask*** short .
True vp_coord plur_MS_MV_MV laugh laughs the surgeons are short and ***mask*** .
False vp_coord plur_MS_MV_MV smile smiles the teachers are short and ***mask*** .
True vp_coord sing_MS_MV_MV laughs laugh the teacher is young and ***mask*** .
False vp_coord sing_MS_MV_MV laughs laugh the senator is old and ***mask*** .
True vp_coord sing_MS_MV_MV is are the manager smiles and ***mask*** young .
True vp_coord sing_MS_MV_MV is are the pilot is tall and ***mask*** short .
True vp_coord plur_MS_MV_MV are is the customers smile and ***mask*** tall .
True vp_coord sing_MS_MV_MV is are the consultant is young and ***mask*** short .
True vp_coord sing_MS_MV_MV smiles smile the farmer is old and ***mask*** .
True vp_coord sing_MS_MV_MV is are the manager is short and ***mask*** tall .
True vp_coord sing_MS_MV_MV is are the customer smiles and ***mask*** short .
True vp_coord sing_MS_MV_MV laughs laugh the officer smiles and ***mask*** .
True vp_coord sing_MS_MV_MV is are the officer is short and ***mask*** young .
False vp_coord plur_MS_MV_MV swim swims the surgeons are tall and ***mask*** .
True vp_coord sing_MS_MV_MV swims swim the teacher laughs and ***mask*** .
True vp_coord plur_MS_MV_MV are is the teachers are short and ***mask*** old .
False vp_coord plur_MS_MV_MV smile smiles the teachers are young and ***mask*** .
True vp_coord sing_MS_MV_MV is are the manager is short and ***mask*** young .
True vp_coord sing_MS_MV_MV is are the customer smiles and ***mask*** tall .
True vp_coord plur_MS_MV_MV are is the senators are short and ***mask*** young .
True vp_coord plur_MS_MV_MV are is the customers smile and ***mask*** old .
True vp_coord sing_MS_MV_MV swims swim the farmer is old and ***mask*** .
False vp_coord plur_MS_MV_MV swim swims the authors are young and ***mask*** .
True vp_coord sing_MS_MV_MV swims swim the senator is old and ***mask*** .
True vp_coord plur_MS_MV_MV are is the customers laugh and ***mask*** young .
True vp_coord plur_MS_MV_MV swim swims the teachers laugh and ***mask*** .
True vp_coord plur_MS_MV_MV are is the farmers are tall and ***mask*** young .
True vp_coord sing_MS_MV_MV is are the farmer is young and ***mask*** tall .
True vp_coord plur_MS_MV_MV are is the officers are old and ***mask*** young .
True vp_coord plur_MS_MV_MV are is the pilots swim and ***mask*** young .
True vp_coord sing_MS_MV_MV laughs laugh the teacher is old and ***mask*** .
True vp_coord plur_MS_MV_MV are is the customers swim and ***mask*** young .
True vp_coord plur_MS_MV_MV are is the pilots laugh and ***mask*** tall .
True vp_coord plur_MS_MV_MV swim swims the authors laugh and ***mask*** .
True vp_coord sing_MS_MV_MV is are the teacher is short and ***mask*** tall .
True vp_coord plur_MS_MV_MV are is the officers swim and ***mask*** short .
True vp_coord plur_MS_MV_MV are is the authors are short and ***mask*** young .
True vp_coord sing_MS_MV_MV swims swim the officer is tall and ***mask*** .
True vp_coord sing_MS_MV_MV is are the consultant swims and ***mask*** young .
True vp_coord plur_MS_MV_MV are is the pilots are old and ***mask*** tall .
True vp_coord plur_MS_MV_MV laugh laughs the farmers are young and ***mask*** .
True vp_coord plur_MS_MV_MV are is the farmers swim and ***mask*** short .
True vp_coord plur_MS_MV_MV are is the customers are tall and ***mask*** young .
True vp_coord sing_MS_MV_MV is are the customer is short and ***mask*** young .
False vp_coord plur_MS_MV_MV smile smiles the teachers are tall and ***mask*** .
True vp_coord sing_MS_MV_MV swims swim the consultant is short and ***mask*** .
True vp_coord sing_MS_MV_MV is are the surgeon laughs and ***mask*** short .
True vp_coord sing_MS_MV_MV is are the surgeon is old and ***mask*** tall .
True vp_coord sing_MS_MV_MV is are the pilot smiles and ***mask*** short .
True vp_coord plur_MS_MV_MV are is the authors are short and ***mask*** tall .
True vp_coord sing_MS_MV_MV swims swim the officer is short and ***mask*** .
True vp_coord sing_MS_MV_MV laughs laugh the senator smiles and ***mask*** .
True vp_coord sing_MS_MV_MV smiles smile the farmer laughs and ***mask*** .
True vp_coord sing_MS_MV_MV laughs laugh the teacher smiles and ***mask*** .
True vp_coord plur_MS_MV_MV are is the surgeons are old and ***mask*** short .
False vp_coord plur_MS_MV_MV swim swims the surgeons are young and ***mask*** .
True vp_coord sing_MS_MV_MV is are the manager is old and ***mask*** tall .
True vp_coord plur_MS_MV_MV are is the teachers are tall and ***mask*** young .
True vp_coord sing_MS_MV_MV is are the senator swims and ***mask*** old .
True vp_coord sing_MS_MV_MV is are the author laughs and ***mask*** young .
True vp_coord plur_MS_MV_MV are is the teachers smile and ***mask*** short .
True vp_coord sing_MS_MV_MV swims swim the officer laughs and ***mask*** .
True vp_coord plur_MS_MV_MV are is the authors are tall and ***mask*** old .
True vp_coord plur_MS_MV_MV are is the farmers are tall and ***mask*** short .
True vp_coord sing_MS_MV_MV is are the consultant smiles and ***mask*** tall .
True vp_coord sing_MS_MV_MV is are the farmer is short and ***mask*** young .
True vp_coord sing_MS_MV_MV is are the senator smiles and ***mask*** tall .
False vp_coord plur_MS_MV_MV smile smiles the pilots are short and ***mask*** .
True vp_coord sing_MS_MV_MV is are the senator is young and ***mask*** short .
True vp_coord sing_MS_MV_MV is are the surgeon is tall and ***mask*** young .
True vp_coord plur_MS_MV_MV are is the officers swim and ***mask*** tall .
True vp_coord plur_MS_MV_MV are is the managers swim and ***mask*** short .
True vp_coord plur_MS_MV_MV are is the customers swim and ***mask*** short .
True vp_coord sing_MS_MV_MV is are the customer laughs and ***mask*** tall .
True vp_coord plur_MS_MV_MV smile smiles the managers laugh and ***mask*** .
True vp_coord plur_MS_MV_MV are is the authors are young and ***mask*** old .
True vp_coord sing_MS_MV_MV is are the senator is tall and ***mask*** short .
False vp_coord sing_MS_MV_MV laughs laugh the officer is short and ***mask*** .
True vp_coord plur_MS_MV_MV are is the officers smile and ***mask*** old .
True vp_coord sing_MS_MV_MV is are the teacher is young and ***mask*** tall .
False vp_coord plur_MS_MV_MV swim swims the pilots are short and ***mask*** .
True vp_coord sing_MS_MV_MV is are the surgeon is old and ***mask*** young .
True vp_coord plur_MS_MV_MV are is the pilots are young and ***mask*** short .
False vp_coord sing_MS_MV_MV laughs laugh the author is old and ***mask*** .
True vp_coord sing_MS_MV_MV is are the manager smiles and ***mask*** old .
True vp_coord plur_MS_MV_MV are is the consultants are short and ***mask*** tall .
True vp_coord plur_MS_MV_MV are is the surgeons are old and ***mask*** young .
False vp_coord plur_MS_MV_MV swim swims the pilots are tall and ***mask*** .
True vp_coord sing_MS_MV_MV is are the customer is young and ***mask*** short .
True vp_coord sing_MS_MV_MV smiles smile the consultant swims and ***mask*** .
True vp_coord sing_MS_MV_MV is are the consultant laughs and ***mask*** short .
True vp_coord plur_MS_MV_MV are is the teachers are tall and ***mask*** short .
False vp_coord plur_MS_MV_MV laugh laughs the authors are tall and ***mask*** .
True vp_coord sing_MS_MV_MV is are the officer smiles and ***mask*** short .
True vp_coord plur_MS_MV_MV are is the surgeons smile and ***mask*** old .
True vp_coord sing_MS_MV_MV is are the farmer is tall and ***mask*** short .
True vp_coord sing_MS_MV_MV is are the senator swims and ***mask*** young .
True vp_coord sing_MS_MV_MV is are the author smiles and ***mask*** young .
True vp_coord sing_MS_MV_MV is are the senator laughs and ***mask*** old .
True vp_coord plur_MS_MV_MV are is the consultants smile and ***mask*** short .
True vp_coord plur_MS_MV_MV are is the teachers are short and ***mask*** tall .
True vp_coord sing_MS_MV_MV swims swim the manager is short and ***mask*** .
True vp_coord sing_MS_MV_MV is are the senator smiles and ***mask*** young .
True vp_coord plur_MS_MV_MV are is the surgeons are young and ***mask*** old .
True vp_coord sing_MS_MV_MV is are the customer is young and ***mask*** tall .
True vp_coord plur_MS_MV_MV are is the senators smile and ***mask*** short .
True vp_coord sing_MS_MV_MV smiles smile the manager is tall and ***mask*** .
True vp_coord plur_MS_MV_MV swim swims the farmers smile and ***mask*** .
True vp_coord sing_MS_MV_MV is are the teacher swims and ***mask*** old .
True vp_coord sing_MS_MV_MV is are the pilot is short and ***mask*** old .
True vp_coord plur_MS_MV_MV are is the teachers swim and ***mask*** young .
True vp_coord plur_MS_MV_MV are is the farmers swim and ***mask*** tall .
True vp_coord plur_MS_MV_MV are is the officers are tall and ***mask*** short .
True vp_coord sing_MS_MV_MV is are the author laughs and ***mask*** short .
True vp_coord plur_MS_MV_MV are is the senators swim and ***mask*** short .
True vp_coord sing_MS_MV_MV is are the officer smiles and ***mask*** tall .
True vp_coord sing_MS_MV_MV is are the senator is short and ***mask*** old .
True vp_coord plur_MS_MV_MV are is the senators are old and ***mask*** tall .
False vp_coord plur_MS_MV_MV swim swims the teachers are short and ***mask*** .
True vp_coord plur_MS_MV_MV are is the consultants are tall and ***mask*** old .
True vp_coord plur_MS_MV_MV are is the managers are old and ***mask*** short .
True vp_coord sing_MS_MV_MV laughs laugh the consultant is tall and ***mask*** .
True vp_coord sing_MS_MV_MV is are the surgeon swims and ***mask*** short .
True vp_coord sing_MS_MV_MV is are the farmer smiles and ***mask*** young .
True vp_coord sing_MS_MV_MV smiles smile the pilot is tall and ***mask*** .
True vp_coord plur_MS_MV_MV are is the teachers are young and ***mask*** tall .
True vp_coord sing_MS_MV_MV swims swim the consultant is tall and ***mask*** .
True vp_coord sing_MS_MV_MV laughs laugh the pilot smiles and ***mask*** .
True vp_coord sing_MS_MV_MV is are the pilot laughs and ***mask*** tall .
False vp_coord plur_MS_MV_MV swim swims the farmers are tall and ***mask*** .
True vp_coord sing_MS_MV_MV is are the customer swims and ***mask*** old .
True vp_coord sing_MS_MV_MV smiles smile the customer is tall and ***mask*** .
True vp_coord sing_MS_MV_MV is are the surgeon is young and ***mask*** short .
True vp_coord sing_MS_MV_MV is are the consultant laughs and ***mask*** tall .
True vp_coord plur_MS_MV_MV are is the managers are young and ***mask*** short .
True vp_coord plur_MS_MV_MV are is the senators are old and ***mask*** short .
True vp_coord sing_MS_MV_MV is are the teacher laughs and ***mask*** young .
True vp_coord sing_MS_MV_MV swims swim the teacher smiles and ***mask*** .
True vp_coord sing_MS_MV_MV is are the manager laughs and ***mask*** tall .
True vp_coord plur_MS_MV_MV laugh laughs the authors smile and ***mask*** .
True vp_coord sing_MS_MV_MV is are the pilot swims and ***mask*** young .
True vp_coord sing_MS_MV_MV is are the author swims and ***mask*** old .
False vp_coord plur_MS_MV_MV smile smiles the officers are tall and ***mask*** .
True vp_coord plur_MS_MV_MV are is the managers laugh and ***mask*** tall .
True vp_coord plur_MS_MV_MV swim swims the teachers smile and ***mask*** .
True vp_coord plur_MS_MV_MV are is the officers laugh and ***mask*** young .
True vp_coord plur_MS_MV_MV are is the farmers are old and ***mask*** young .
True vp_coord sing_MS_MV_MV is are the teacher swims and ***mask*** tall .
True vp_coord sing_MS_MV_MV swims swim the teacher is tall and ***mask*** .
False vp_coord plur_MS_MV_MV swim swims the farmers are young and ***mask*** .
True vp_coord sing_MS_MV_MV is are the pilot is short and ***mask*** tall .
True vp_coord sing_MS_MV_MV is are the teacher smiles and ***mask*** tall .
True vp_coord sing_MS_MV_MV smiles smile the officer laughs and ***mask*** .
True vp_coord sing_MS_MV_MV is are the teacher is tall and ***mask*** young .
True vp_coord sing_MS_MV_MV swims swim the surgeon is tall and ***mask*** .
True vp_coord sing_MS_MV_MV laughs laugh the customer smiles and ***mask*** .
True vp_coord plur_MS_MV_MV are is the farmers smile and ***mask*** young .
True vp_coord plur_MS_MV_MV are is the surgeons are tall and ***mask*** short .
True vp_coord plur_MS_MV_MV are is the authors are tall and ***mask*** young .
False vp_coord plur_MS_MV_MV swim swims the customers are tall and ***mask*** .
False vp_coord plur_MS_MV_MV smile smiles the managers are tall and ***mask*** .
True vp_coord sing_MS_MV_MV swims swim the pilot is tall and ***mask*** .
True vp_coord plur_MS_MV_MV laugh laughs the surgeons are tall and ***mask*** .
False vp_coord plur_MS_MV_MV smile smiles the customers are tall and ***mask*** .
False vp_coord sing_MS_MV_MV laughs laugh the consultant is young and ***mask*** .
True vp_coord plur_MS_MV_MV laugh laughs the officers swim and ***mask*** .
True vp_coord plur_MS_MV_MV are is the farmers smile and ***mask*** short .
False vp_coord plur_MS_MV_MV swim swims the customers are old and ***mask*** .
False vp_coord plur_MS_MV_MV swim swims the managers are tall and ***mask*** .
True vp_coord plur_MS_MV_MV are is the surgeons laugh and ***mask*** old .
True vp_coord sing_MS_MV_MV is are the customer swims and ***mask*** young .
True vp_coord plur_MS_MV_MV are is the surgeons are short and ***mask*** young .
True vp_coord plur_MS_MV_MV are is the farmers laugh and ***mask*** young .
True vp_coord sing_MS_MV_MV smiles smile the teacher swims and ***mask*** .
True vp_coord sing_MS_MV_MV swims swim the senator smiles and ***mask*** .
False vp_coord plur_MS_MV_MV swim swims the senators are young and ***mask*** .
True vp_coord sing_MS_MV_MV is are the farmer is old and ***mask*** short .
True vp_coord plur_MS_MV_MV are is the farmers smile and ***mask*** old .
True vp_coord sing_MS_MV_MV is are the author is young and ***mask*** short .
True vp_coord plur_MS_MV_MV are is the pilots laugh and ***mask*** old .
True vp_coord sing_MS_MV_MV is are the officer swims and ***mask*** tall .
True vp_coord sing_MS_MV_MV smiles smile the manager laughs and ***mask*** .
True vp_coord sing_MS_MV_MV is are the pilot swims and ***mask*** short .
True vp_coord sing_MS_MV_MV smiles smile the manager is young and ***mask*** .
True vp_coord plur_MS_MV_MV are is the officers are young and ***mask*** old .
True vp_coord sing_MS_MV_MV smiles smile the senator is short and ***mask*** .
True vp_coord plur_MS_MV_MV are is the senators are tall and ***mask*** old .
True vp_coord sing_MS_MV_MV swims swim the pilot smiles and ***mask*** .
True vp_coord plur_MS_MV_MV laugh laughs the teachers are old and ***mask*** .
True vp_coord plur_MS_MV_MV are is the pilots are short and ***mask*** tall .
True vp_coord plur_MS_MV_MV are is the authors are tall and ***mask*** short .
True vp_coord sing_MS_MV_MV smiles smile the manager is short and ***mask*** .
True vp_coord plur_MS_MV_MV are is the authors smile and ***mask*** short .
True vp_coord plur_MS_MV_MV are is the teachers are short and ***mask*** young .
True vp_coord sing_MS_MV_MV swims swim the senator is short and ***mask*** .
True vp_coord plur_MS_MV_MV are is the customers are short and ***mask*** tall .
True vp_coord plur_MS_MV_MV laugh laughs the officers are old and ***mask*** .
False vp_coord plur_MS_MV_MV smile smiles the customers are young and ***mask*** .
True vp_coord plur_MS_MV_MV laugh laughs the senators are young and ***mask*** .
True vp_coord plur_MS_MV_MV laugh laughs the managers are old and ***mask*** .
False vp_coord plur_MS_MV_MV smile smiles the consultants are young and ***mask*** .
True vp_coord sing_MS_MV_MV swims swim the officer is old and ***mask*** .
True vp_coord sing_MS_MV_MV smiles smile the pilot laughs and ***mask*** .
True vp_coord plur_MS_MV_MV are is the pilots are short and ***mask*** young .
True vp_coord plur_MS_MV_MV are is the officers swim and ***mask*** young .
True vp_coord plur_MS_MV_MV are is the consultants swim and ***mask*** young .
True vp_coord plur_MS_MV_MV are is the pilots smile and ***mask*** tall .
True vp_coord sing_MS_MV_MV is are the senator is old and ***mask*** young .
True vp_coord sing_MS_MV_MV is are the pilot swims and ***mask*** old .
True vp_coord plur_MS_MV_MV are is the consultants swim and ***mask*** tall .
True vp_coord sing_MS_MV_MV smiles smile the surgeon is tall and ***mask*** .
True vp_coord plur_MS_MV_MV are is the senators laugh and ***mask*** tall .
True vp_coord plur_MS_MV_MV swim swims the managers laugh and ***mask*** .
False vp_coord plur_MS_MV_MV smile smiles the customers are short and ***mask*** .
True vp_coord sing_MS_MV_MV is are the farmer swims and ***mask*** old .
True vp_coord plur_MS_MV_MV are is the consultants laugh and ***mask*** old .
True vp_coord sing_MS_MV_MV is are the author smiles and ***mask*** short .
True vp_coord plur_MS_MV_MV laugh laughs the consultants are tall and ***mask*** .
True vp_coord plur_MS_MV_MV are is the authors swim and ***mask*** tall .
True vp_coord sing_MS_MV_MV swims swim the farmer is tall and ***mask*** .
True vp_coord sing_MS_MV_MV is are the consultant smiles and ***mask*** young .
True vp_coord sing_MS_MV_MV is are the author is tall and ***mask*** old .
False vp_coord plur_MS_MV_MV swim swims the senators are tall and ***mask*** .
True vp_coord sing_MS_MV_MV is are the manager is tall and ***mask*** short .
True vp_coord sing_MS_MV_MV laughs laugh the surgeon swims and ***mask*** .
True vp_coord plur_MS_MV_MV are is the customers are short and ***mask*** young .
True vp_coord plur_MS_MV_MV are is the senators laugh and ***mask*** young .
True vp_coord sing_MS_MV_MV is are the officer smiles and ***mask*** young .
False vp_coord plur_MS_MV_MV swim swims the officers are old and ***mask*** .
True vp_coord sing_MS_MV_MV is are the customer is old and ***mask*** tall .
True vp_coord sing_MS_MV_MV swims swim the teacher is old and ***mask*** .
True vp_coord plur_MS_MV_MV are is the pilots swim and ***mask*** tall .
True vp_coord sing_MS_MV_MV is are the manager laughs and ***mask*** short .
True vp_coord plur_MS_MV_MV are is the customers are young and ***mask*** old .
True vp_coord sing_MS_MV_MV smiles smile the officer is old and ***mask*** .
True vp_coord plur_MS_MV_MV laugh laughs the consultants are young and ***mask*** .
False vp_coord plur_MS_MV_MV smile smiles the senators are young and ***mask*** .
True vp_coord sing_MS_MV_MV is are the senator is short and ***mask*** young .
True vp_coord sing_MS_MV_MV is are the teacher laughs and ***mask*** old .
True vp_coord sing_MS_MV_MV is are the officer laughs and ***mask*** tall .
True vp_coord plur_MS_MV_MV are is the consultants laugh and ***mask*** tall .
True vp_coord plur_MS_MV_MV laugh laughs the officers are short and ***mask*** .
False vp_coord plur_MS_MV_MV smile smiles the authors are old and ***mask*** .
True vp_coord plur_MS_MV_MV are is the officers are old and ***mask*** tall .
True vp_coord sing_MS_MV_MV smiles smile the author is old and ***mask*** .
True vp_coord plur_MS_MV_MV are is the senators swim and ***mask*** tall .
True vp_coord sing_MS_MV_MV is are the officer is young and ***mask*** tall .
False vp_coord sing_MS_MV_MV laughs laugh the author is short and ***mask*** .
True vp_coord plur_MS_MV_MV are is the customers are old and ***mask*** short .
True vp_coord sing_MS_MV_MV smiles smile the teacher is short and ***mask*** .
True vp_coord plur_MS_MV_MV smile smiles the farmers swim and ***mask*** .
True vp_coord sing_MS_MV_MV laughs laugh the author swims and ***mask*** .
True vp_coord sing_MS_MV_MV is are the officer is old and ***mask*** tall .
True vp_coord plur_MS_MV_MV laugh laughs the customers are tall and ***mask*** .
False vp_coord plur_MS_MV_MV swim swims the customers are short and ***mask*** .
True vp_coord sing_MS_MV_MV laughs laugh the author is tall and ***mask*** .
True vp_coord sing_MS_MV_MV is are the surgeon is short and ***mask*** old .
True vp_coord plur_MS_MV_MV laugh laughs the surgeons smile and ***mask*** .
True vp_coord plur_MS_MV_MV are is the teachers are tall and ***mask*** old .
True vp_coord sing_MS_MV_MV is are the surgeon swims and ***mask*** tall .
True vp_coord sing_MS_MV_MV is are the pilot is short and ***mask*** young .
True vp_coord sing_MS_MV_MV laughs laugh the pilot swims and ***mask*** .
True vp_coord sing_MS_MV_MV is are the consultant is short and ***mask*** old .
True vp_coord sing_MS_MV_MV is are the customer is tall and ***mask*** short .
True vp_coord sing_MS_MV_MV swims swim the author smiles and ***mask*** .
True vp_coord sing_MS_MV_MV is are the manager swims and ***mask*** short .
True vp_coord plur_MS_MV_MV smile smiles the surgeons swim and ***mask*** .
False vp_coord plur_MS_MV_MV smile smiles the authors are tall and ***mask*** .
True vp_coord plur_MS_MV_MV laugh laughs the senators smile and ***mask*** .
True vp_coord sing_MS_MV_MV is are the customer is short and ***mask*** old .
True vp_coord sing_MS_MV_MV laughs laugh the pilot is short and ***mask*** .
False vp_coord plur_MS_MV_MV swim swims the officers are young and ***mask*** .
True vp_coord sing_MS_MV_MV laughs laugh the officer is tall and ***mask*** .
True vp_coord plur_MS_MV_MV are is the consultants are old and ***mask*** tall .
True vp_coord plur_MS_MV_MV laugh laughs the managers are short and ***mask*** .
True vp_coord plur_MS_MV_MV are is the senators are short and ***mask*** tall .
True vp_coord sing_MS_MV_MV is are the teacher swims and ***mask*** young .
True vp_coord sing_MS_MV_MV swims swim the consultant is old and ***mask*** .
True vp_coord sing_MS_MV_MV smiles smile the senator is young and ***mask*** .
True vp_coord sing_MS_MV_MV is are the surgeon is short and ***mask*** tall .
True vp_coord sing_MS_MV_MV is are the manager is young and ***mask*** old .
True vp_coord plur_MS_MV_MV are is the pilots are young and ***mask*** old .
True vp_coord sing_MS_MV_MV swims swim the manager is young and ***mask*** .
True vp_coord sing_MS_MV_MV is are the pilot laughs and ***mask*** old .
True vp_coord sing_MS_MV_MV smiles smile the senator swims and ***mask*** .
False vp_coord plur_MS_MV_MV swim swims the consultants are old and ***mask*** .
True vp_coord plur_MS_MV_MV are is the senators smile and ***mask*** tall .
True vp_coord sing_MS_MV_MV is are the teacher is old and ***mask*** tall .
True vp_coord plur_MS_MV_MV are is the surgeons smile and ***mask*** tall .
True vp_coord plur_MS_MV_MV smile smiles the customers laugh and ***mask*** .
False vp_coord plur_MS_MV_MV swim swims the surgeons are short and ***mask*** .
True vp_coord sing_MS_MV_MV is are the surgeon swims and ***mask*** old .
False vp_coord plur_MS_MV_MV swim swims the pilots are young and ***mask*** .
True vp_coord plur_MS_MV_MV are is the surgeons are young and ***mask*** tall .
True vp_coord plur_MS_MV_MV swim swims the officers smile and ***mask*** .
True vp_coord sing_MS_MV_MV laughs laugh the farmer is young and ***mask*** .
True vp_coord sing_MS_MV_MV is are the teacher swims and ***mask*** short .
True vp_coord plur_MS_MV_MV are is the authors are young and ***mask*** short .
