True	1	exists	1.5347241163253784	exist	-0.20016756653785706	b'the organised massive skin that he depends ***mask*** that he thus sends his rights and nowadays tells lazy with his northeastern merchant .'
True	0	ensures	-2.93807315826416	ensure	-2.985818862915039	b'because of the paperwork that his terrible father with dental alan had shared him , he saved wonders continental as : " you can retake a programming and a problem , eighteen song you ca n\'t gather ***mask*** whenever you \'re humble abroad " and discussed nostrils to the " future korea " dish removing that " primarily he said pakistani hands to reassure thus vital as a receipt " .'
False	0	admits	2.2560882568359375	admit	2.551990032196045	b'the first settlement you suggest whenever you extend on rumor ***mask*** that the premium media slowly melts out the culture and dies into the belly fever .'
True	0	spill	3.6460115909576416	spills	-0.5506376624107361	b'if you choose any holdings or ***mask*** any electricity ethnically already , please tell sarah gm at six or crawford kevin at nine .'
True	0	decide	2.060431480407715	decides	-2.5047919750213623	b'please groom me translate if you prefer any forums or ***mask*** anything obvious .'
True	0	approves	0.03814506530761719	approve	-2.296600341796875	b"the sauce to recruit in pastor ***mask*** that full european complexes and communists and strange jewish species are conventional to hang soon thereby violent to the amsterdam in isi than al - taiwan animals , and it would be numerous to recover one 's alarms off the governmental radar ."
True	0	operates	0.7833556532859802	operate	-0.7419623732566833	b'the first loan you respond why you indicate on frequency ***mask*** that the time remainder finally belongs out the speech and pays into the zoo technology .'
False	1	insist	-2.7348198890686035	insists	-2.453812599182129	b'the ecological wines we believe in our night ***mask*** ; we come drawer today for easter , rivalry difficulty and weapon - machine for louisiana .'
True	0	deserve	-0.6379052996635437	deserves	-2.8659372329711914	b'please make me verify if you require any dancers or ***mask*** anything underage .'
True	0	tend	3.8589468002319336	tends	1.9030030965805054	b'i consider this adequate reputation and ***mask*** to relate this dangerous event .'
True	0	use	11.788840293884277	uses	5.9958176612854	b'they always ask if you have meat in your dish , ( for vegetarians like me ) , they scrub an area of the grill and ***mask*** separate utensils to cook .'
True	0	adds	2.9596457481384277	add	2.7228851318359375	b'the first reduction you believe why you intend on decor ***mask*** that the commission soil specifically becomes out the virus and leads into the spirit market .'
False	0	adds	-0.8363415002822876	add	-0.11102409660816193	b'the effective communication to thank for romantic ***mask*** to pursue three , or your boy tumor software behavior , and encourage .'
True	1	remain	6.723637580871582	remains	2.1318674087524414	b'but unbelievable malls do describe the quiz they prefer he will replace , and the artists who remain him ***mask*** to investigate the appointments who extend him .'
False	2	explain	-1.800165057182312	explains	-1.4360661506652832	b'the overcrowded strategic tourists that strictly would meet from meditation ***mask*** misunderstanding , bladder , poisoning , jerk , pure target and lovely rebels of marketers and cleaners -- previous as the doug snack .'
True	0	suggest	9.361166954040527	suggests	5.298564910888672	b'if you condemn any disasters or ***mask*** any error economically afterward , please specify butcher samuel at fifteen or tet nov at six .'
True	0	tend	7.226077079772949	tends	0.026271924376487732	b'i seem we promptly suck the disaster and ***mask*** to jafar .'
True	0	represent	0.9961715340614319	represents	-0.07910054922103882	b'follow me predict if you put any publications or ***mask*** anything impenetrable .'
False	1	exist	-1.6523315906524658	exists	-1.3427962064743042	b'the electrostatic fisheries we develop in our monkey ***mask*** ; we listen perspective wall for easter , planet testimony and supervisor - budget for wii .'
True	1	employ	-1.691280722618103	employs	-1.7689528465270996	b'i develop the liberals on which i should lace your gender ***mask*** : ( a ) do you pour a painful requirement about the cafeteria to delighted swap shops begun by andaman andre ?'
True	0	enters	1.069527506828308	enter	-0.5990186929702759	b'my career with using the fantasy frequently ***mask*** , could it be eaten that perfectly everyone bought the swap would or could eat at any justice , since we happily prevented veterinary and wars and if they gave they might have grown a scientific blackmail ??'
True	0	represent	-0.6547803282737732	represents	-3.7231156826019287	b'i deny this expensive customer and ***mask*** to remember this costly atrophy .'
False	0	understands	3.4688398838043213	understand	5.390503406524658	b'instead , the effective extent killed for editor ***mask*** whether our usb ( the unaware obligation and nearly the exclusion they pose to compel ) is or involves not an obvious curve under the purse .'
True	0	tells	1.1190345287322998	tell	-4.395211219787598	b'the first goodness you laugh whenever you agree on testimony appears that the discovery king presently cares out the filter and ***mask*** into the salsa competition .'
True	2	enjoy	-1.141914963722229	enjoys	-2.7087717056274414	b'the overwhelming short properties that primarily would dial from lottery ***mask*** termination , divorce , term , wagon , militant salt and downstream martyrs of methods and wounds -- soothing as the karl separation .'
True	0	dies	3.061417579650879	die	-1.8344513177871704	b'as you sell above the rape , the temper of the complicated stone feels your nature and ***mask*** you grow lighter and newer .'
True	0	makes	1.725233793258667	make	0.7942086458206177	b'put for a button of centuries in their reviewer that pays from the defence and ***mask*** historically to the bluff fo the reaction .'
True	1	carry	2.6078124046325684	carries	-1.5103038549423218	b'but automatic millions do cancel the tutorial they dislike he will wash , and the explosives who provide him ***mask*** to argue the edges who insist him .'
False	0	expect	1.8575093746185303	expects	3.123434066772461	b'they especially include if you die reaction in your separation , ( for transfers like me ) , they believe an investment of the teacher and ***mask*** barren officials to receive .'
True	1	assumes	9.436546325683594	assume	4.8748040199279785	b'the insecure weird shelter that he suggests ***mask*** that he possibly depends his participants and vigorously blames relevant with his funny process .'
True	1	approves	2.0840117931365967	approve	-0.7808755040168762	b'the enjoyable huge wing that he melts ***mask*** that he generally loves his hearings and properly relates conscious with his similar difficulty .'
True	1	begin	2.6642003059387207	begins	-4.523373603820801	b"whie i do n't consider to the discussion that the cabins we wash or meet to ***mask*** no user on our corps ( which i deserve is wholly conservative ) , it does mention me why ranchers die out a prior homeland of things to hear the vulnerability on ."
True	1	include	15.858662605285645	includes	10.5106782913208	b'important species that probably would decline ***mask*** shrimp , capelin , greenland halibut and some varieties of flatfish .'
True	0	represents	-4.221717834472656	represent	-7.5568928718566895	b'well , unless abruptly harshly the third siege he paid in the mosque ***mask*** out .'
True	0	tend	-0.6684868931770325	tends	-2.8951075077056885	b'if you laugh any flowers or ***mask*** any omnibus incredibly entirely , please breathe fred gerald at twenty or coogan medici at thirty .'
True	0	look	20.122411727905273	looks	11.100264549255371	b"workers who do these introductions ***mask*** at the interaction objectively ; and it 's good to see they are able and willing to say no if they feel there would be a problem ."
True	2	agree	-1.5185825824737549	agrees	-3.678889751434326	b'the usual noble peoples that freely would reduce from role ***mask*** dispute , tin , portion , studio , mass bravery and cultural ladies of years and forums -- fundamentalist as the francis pillow .'
True	0	belongs	16.177854537963867	belong	11.18246841430664	b'i believe the message you forwarded to me ***mask*** to the mark taylor at ei ( based in london ) .'
True	1	allows	-1.0307518243789673	allow	-1.048596978187561	b'the potable mistake properties believe there ***mask*** flee to the surgery .'
True	1	define	-0.2349165827035904	defines	-4.903134346008301	b'but insecure symptoms do rush the humanity they suck he will serve , and the extremists who lose him ***mask*** to amend the ants who include him .'
True	1	ensure	-0.4882095158100128	ensures	-0.7673991918563843	b'the ordinary wars we require in our tuna ***mask*** ; we suggest traveler dryer for easter , climate channel and propane - millet for stark .'
skipping is/are
True	1	want	10.972309112548828	wants	5.3727593421936035	b'but inner declarations do customize the leaf they seem he will harass , and the immigrants who lose him ***mask*** to eat the injuries who enjoy him .'
True	0	deserves	0.03302767872810364	deserve	-0.43164628744125366	b'a bill cult accepted in scott three ***mask*** , " due to its ticket astride the christmas cambodia , iss has now been a trauma to the suicide .'
False	2	affirm	-3.2903685569763184	affirms	-3.2903685569763184	b'the affluent strong wishes that desperately would sell from movie ***mask*** feedback , territory , size , lifestyle , crazy highway and heavy rounds of laws and politics -- fatal as the youngstown belief .'
False	1	admits	-2.925499439239502	admit	0.06296958774328232	b'the capable treatment contractors recommend there ***mask*** ruin to the coordinator .'
True	0	go	15.891615867614746	goes	7.193906307220459	b'i say we just keep the dough and ***mask*** to mexico .'
True	1	begin	10.066991806030273	begins	5.485648155212402	b'but incorrect cm do come the flower they refuse he will believe , and the effects who respond him ***mask*** to emit the opportunities who operate him .'
True	0	throws	0.09337292611598969	throw	-1.5235040187835693	b'otherwise ensure your peoples to burn this aggressively to their homes , and deeply unfortunately , so that the globe to deny her ***mask*** appropriately .'
True	0	serve	4.476922512054443	serves	1.786192536354065	b'i refuse this adequate clinic and ***mask*** to vary this superb income .'
True	0	meets	4.2863969802856445	meet	-0.9012418985366821	b'it believes the bird for server exchange and ***mask*** , \xe2\x80\x9c we are reimbursed that the whipple should not examine with grand - product ships who meet to reduce and cancel personally and altogether in the slaves , nails , and curtains of personal compliance . \xe2\x80\x9d'
True	0	develops	1.0833356380462646	develop	-1.6529827117919922	b'well , unless initially legally the third guitar he considered in the source ***mask*** out .'
False	0	enters	-0.43408849835395813	enter	0.17485877871513367	b'the critical testimony i planned this chocolate ***mask*** to add anyone failing this if they represent of some comfort i can monitor suggest a curtain to this today cage .'
False	0	deserves	0.010976821184158325	deserve	1.368017554283142	b'if you propose a country who will propose to you and see he will absorb and then convince his meditation , and not tell what he is sending about why he supports conclusions at extensive sandwiches and ***mask*** they arrive what you pick , why they will not hire for you , transmit to this rivalry ... he is the affection for you .'
False	1	indicate	-1.1246637105941772	indicates	-0.5644758939743042	b'the influential drugs we continue in our swing ***mask*** ; we pick delivery harmony for easter , virus phrase and settlement - coal for yellowstone .'
False	1	extends	-2.126960515975952	extend	-1.816415786743164	b'the lovely tournament cows deny there ***mask*** circulate to the thread .'
True	0	observes	-3.3947391510009766	observe	-3.505383014678955	b'the youngest loan you can seem in ivan ***mask*** to develop to a drying .'
True	0	allows	2.1905293464660645	allow	0.05316222459077835	b'almost , the embarrassing earthquake requested for oil ***mask*** whether our aa ( the absurd image and precisely the acupuncture they decide to recruit ) is or involves not an innovative tube under the fare .'
True	0	compares	-0.7593918442726135	compare	-3.7718210220336914	b'the first television you require whenever you exist on guest explains that the city minister solely writes out the duty and ***mask*** into the month knee .'
True	0	grows	6.904454708099365	grow	5.639957427978516	b'the first dinner you pay whenever you allow on pig involves that the compliance field financially sees out the language and ***mask*** into the consensus ton .'
True	0	operates	-4.8155999183654785	operate	-5.1304216384887695	b'because of the phone that his potable flower with naval amelia had meant him , he reported properties pleasant as : " you can print a language and a tabs , eighteen stream you ca n\'t raise ***mask*** why you \'re beautiful utterly " and threw restrictions to the " kerry warren " cup ranging that " totally he handled judicial tensions to reflect reportedly dangerous as a terror " .'
True	2	include	0.9885091185569763	includes	0.8475781679153442	b'the arrogant difficult weekends that successfully would maintain from star ***mask*** soul , season , plot , path , narrow corner and nuclear minds of scientists and surgeons -- faithful as the starbucks crate .'
True	0	refuses	-0.3950655162334442	refuse	-1.9818257093429565	b'well , unless indoors strongly the third paper he passed in the campus ***mask*** out .'
True	0	extends	-1.4195728302001953	extend	-2.376845121383667	b"the tide to compete in participant ***mask*** that dwarf armed sports and professors and tricky syrian worries are distinguished to migrate soon seldom joint to the agra in ireland than al - laura allegations , and it would be neat to foresee one 's options off the tolerable disappointment ."
True	1	enjoys	-1.2844462394714355	enjoy	-1.9637372493743896	b'the maximum dirt pairs become there ***mask*** translate to the theatre .'
True	0	generate	-1.2635202407836914	generates	-4.16912841796875	b"stars who put these animals ***mask*** at the ad immensely ; and it 's soothing to raise they are executive and handy to wrap no if they learn there would hesitate a steam ."
False	0	assumes	1.3029569387435913	assume	2.6077728271484375	b"the daughter to generate in housing ***mask*** that dwarf european guns and travels and bound final transactions are vital to convince soon however nuclear to the emma in ahmed than al - chevron openings , and it would be generous to carry one 's atrocities off the manned console ."
True	0	make	5.80901575088501	makes	4.144314289093018	b'mechanics pose the investment but ***mask*** her glaring predator and the moon demonstrates .'
True	0	learns	4.956352710723877	learn	3.4452450275421143	b'it leads the nephew for forum upgrade and ***mask*** , \xe2\x80\x9c we are contacted that the denton should not invite with foreign - security performers who provide to listen and bother still and altogether in the starters , stars , and casualties of knowledgeable slice . \xe2\x80\x9d'
True	0	hear	7.204616546630859	hears	3.0845775604248047	b'please destroy me grab if you pay any seconds or ***mask*** anything aggressive .'
False	1	affirms	1.2230002880096436	affirm	1.2230002880096436	b'the healthy trip masks realize there ***mask*** lose to the freighter .'
True	0	spends	0.8468921184539795	spend	0.4580634832382202	b'about expect your wheels to burn this incredibly to their managers , and separately apart , so that the crate to harass her ***mask*** approximately .'
False	0	exists	-0.22656671702861786	exist	1.316237449645996	b'because of the tank that his secondary pewter with nyc abby had checked him , he testified hosts blind as : " you can communicate a nausea and a plate , eight pasture you ca n\'t spend ***mask*** why you \'re certain exceptionally " and saved missions to the " sam ds " misfortune circling that " slowly he slept nepalese nails to define shortly vain as a dryer " .'
True	0	relate	3.9869277477264404	relates	-3.353966474533081	b'you affirm the distinction and ***mask*** platform trauma into the letter .'
False	0	dies	1.150557518005371	die	2.3719255924224854	b'well , unless overwhelmingly precisely the third territory he seized in the commission ***mask*** out .'
True	0	exists	3.9397363662719727	exist	0.25800827145576477	b'the healthy personality i provided this rock ***mask*** to add anyone leading this if they believe of some teacher i can prove bless a visitor to this shuttle deal .'
True	0	come	5.43274450302124	comes	2.864372491836548	b'i deserve this arrogant shine and ***mask*** to throw this rude id .'
True	0	represents	6.915518760681152	represent	1.1792428493499756	b'can you interfere that the scholarship we are joking ***mask*** toward a tired and messy drama ?'
True	0	demonstrate	2.4356231689453125	demonstrates	-1.6858278512954712	b'you indicate the dryer and ***mask*** nightlife context into the meantime .'
True	1	appear	-1.0269925594329834	appears	-1.9525327682495117	b'average prisoners that potentially would solve ***mask*** ft , creativity , washington partnership and some periods of customers .'
False	0	generates	-5.000844955444336	generate	-4.247756004333496	b'a jen window allowed in cole twenty ***mask*** , " due to its breath astride the gerald finland , abdul has freely been a flower to the suicide .'
False	0	begins	0.28291788697242737	begin	2.104732036590576	b'if you prefer a star who will remove to you and sail he will adjust and then raise his fire , and not vary what he is jumping about whenever he gives neighbors at authentic babies and ***mask*** they extend what you put , whenever they will not join for you , transmit to this path ... he is the article for you .'
False	0	employs	-5.6837029457092285	employ	-5.035732269287109	b'the unfortunate tabs i carried adequately from them in the first direction ***mask*** because my national vulnerability who answered with them was joking out on his accurate .'
False	0	delivers	-2.505070924758911	deliver	0.7608690857887268	b'if you suck a woman who will bother to you and predict he will eat and then bless his tariff , and not squeeze what he is growing about why he relates creatures at identical lyrics and ***mask*** they apply what you consider , why they will not sail for you , tell to this prostitute ... he is the advancement for you .'
True	0	refuse	3.366105794906616	refuses	3.036972761154175	b'copies throw the aircraft but ***mask*** her complicated drying and the path belongs .'
False	0	ensures	-1.6629083156585693	ensure	-0.0332302451133728	b'because of the spreadsheet that his hostile tomorrow with janet alaska had tended him , he waited cm necessary as : " you can foresee a hour and a thermometer , eighteen requirement you ca n\'t come ***mask*** why you \'re visual effectively " and belonged courses to the " baudelaire brazil " team preventing that " potentially he refused few policies to settle just western as a foster " .'
True	0	admits	-1.1953353881835938	admit	-2.6235387325286865	b'absolutely , the outer assault guaranteed for episode ***mask*** whether our er ( the impeccable amendment and perfectly the officer they decide to meet ) is or affects not an ethnic joke under the steel .'
True	1	expect	-2.341815233230591	expects	-3.8131935596466064	b'excellent minerals that frequently would pursue ***mask*** strategies , sky , kenneth season and some patients of beliefs .'
True	0	says	14.336143493652344	say	12.318233489990234	b'if you want a doctor who will lie to you and say he will operate and then change his mind , and not know what he is talking about when he recommends procedures at other hospitals and ***mask*** they are what you need , when they will not work for you , go to this doctor ... he is the one for you .'
False	0	enters	-2.8466920852661133	enter	-0.8665282726287842	b'because of the traveler that his conservative lunch with tx england had dominated him , he began times massive as : " you can reflect a soup and a propane , eighteen shrapnel you ca n\'t verify ***mask*** why you \'re toxic increasingly " and testified beliefs to the " lewis texas " waist pulling that " largely he booked rude plants to concur rapidly sensitive as a growth " .'
True	0	loses	3.939317464828491	lose	2.77174711227417	b'get for a grandson of supporters in their lens that wakes from the deadline and ***mask*** whatsoever to the store fo the conviction .'
True	0	respond	1.7601362466812134	responds	-3.369415760040283	b"terms who meet these allegations ***mask*** at the alliance apparently ; and it 's grand to reconsider they are ominous and tropical to tighten no if they deserve there would relate a glass ."
True	0	sucks	2.2436461448669434	suck	-2.0951035022735596	b'well , unless equally probably the third rape he caused in the stuff ***mask*** out .'
True	0	receive	4.191991806030273	receives	2.1538476943969727	b'please submit me censor if you consider any reviewers or ***mask*** anything obsessed .'
True	0	suggests	5.141271114349365	suggest	3.5125949382781982	b'an essential information employed in fifty ***mask*** there agree three " practices " in the eye indians , but unnamed cartoons are shortly newer than this .'
True	1	suggest	1.8553831577301025	suggests	-1.5681034326553345	b"whie i do n't compete to the popularity that the losses we make or realize to ***mask*** no accident on our seed ( which i sell is financially covert ) , it does raise me why sanctions prefer out a dramatic humanity of ports to rush the junk on ."
True	0	tends	-1.9672878980636597	tend	-3.157144069671631	b'a nixon width estimated in sunday billion ***mask*** , " due to its discretion astride the philip larry , oglethorpe has slowly been a resolution to the cpi .'
True	0	operates	0.07706493139266968	operate	-0.5707173943519592	b'additionally , the urban interceptor cleaned for aunt ***mask*** whether our advice ( the electrostatic oil and fully the instability they provide to participate ) is or objects not an odd honesty under the responsibility .'
skipping is/are
True	0	includes	4.0721588134765625	include	2.592071771621704	b'the richest fee you can dial in agra ***mask*** to migrate to a selection .'
True	0	hear	0.7078931331634521	hears	-1.4134886264801025	b'i pay this overwhelming sensitivity and ***mask*** to become this tactical injustice .'
False	1	ensures	-2.738884210586548	ensure	-2.7052998542785645	b'the confidential success headlines consider there ***mask*** disappear to the wall .'
True	0	enjoys	2.4352807998657227	enjoy	0.33862051367759705	b'the stressful landlord i hired this master ***mask*** to oppose anyone hoping this if they laugh of some cooperation i can fill satisfy a chairman to this support performance .'
True	0	happen	2.8678503036499023	happens	1.0767357349395752	b'feel me vanish if you proceed any clergy or ***mask*** anything acrylic .'
True	0	happen	3.1419246196746826	happens	2.063431739807129	b'i put we completely learn the gang and ***mask*** to stephen .'
True	0	enjoy	4.153823375701904	enjoys	-0.7318888902664185	b'they eventually operate if you want tea in your pact , ( for developments like me ) , they refuse an upheaval of the hobby and ***mask*** thorough appropriations to tend .'
False	0	learns	-2.1122844219207764	learn	0.5784964561462402	b'i tell the courtesy you spoke to me ***mask*** to the mart connecticut at earl ( suggested in san ) .'
skipping is/are
True	0	indicates	5.993979454040527	indicate	3.1599295139312744	b'otherwise , the inevitable explanation promised for exam ***mask*** whether our account ( the alchemical apartment and typically the incident they thank to warrant ) is or intends not an authentic lawyer under the title .'
True	0	refuses	0.40726712346076965	refuse	-3.401085615158081	b'this lunch of photograph feels around the crew s blog and sheep and ***mask*** a diplomat for the cent again on the cake of the reintroduction in documentation of society politics .'
True	0	belongs	-2.2639803886413574	belong	-2.6814353466033936	b'a taj possibility occurred in portland trillion ***mask*** , " due to its jihad astride the louisiana hamilton , australia has downhill been a conspiracy to the para .'
False	0	compares	-0.9498649835586548	compare	-0.6148726940155029	b'an endless infrastructure increased in three ***mask*** there assume four " transfers " in the ali indians , but useless blocks are jointly safer than this .'
True	0	belong	-1.9400761127471924	belongs	-4.198038101196289	b'you operate the centre and ***mask*** memo fire into the car .'
True	0	expects	-0.7569895386695862	expect	-1.0719977617263794	b"the crowd to discuss in snow ***mask*** that parisian antique disasters and professors and soothing medieval sons are huge to reassure soon possibly shocked to the antichrist in argentina than al - chief atrocities , and it would be digital to tell one 's analysts off the permanent directive ."
False	1	affirm	1.2796721458435059	affirms	1.2796721458435059	b'i see the sons on which i should receive your revolution ***mask*** : ( a ) do you rub a bland heart about the creativity to dead coffee photos presented by amsterdam andrew ?'
True	0	need	13.550095558166504	needs	8.395405769348145	b'let me know if you have any questions or ***mask*** anything else .'
True	0	come	7.414155006408691	comes	3.12300705909729	b"ladies who continue these experts ***mask*** at the ear indoors ; and it 's scary to recruit they are explosive and desperate to greet no if they suppose there would remind a service ."
True	0	intends	0.45949745178222656	intend	0.11419929563999176	b'the immediate flank to survive for pure ***mask*** to monitor fifty , or your hospitality homeland boulevard schooling , and achieve .'
False	0	affirms	1.9778306484222412	affirm	1.9778306484222412	b'the richest goodness you can compensate in eric ***mask*** to come to a crab .'
True	1	intends	-2.126720666885376	intend	-4.262415885925293	b'the large queen reviewers want there ***mask*** thank to the relation .'
skipping is/are
True	0	represent	1.2958166599273682	represents	-3.465639114379883	b"terms who consider these analyses ***mask*** at the editor environmentally ; and it 's superb to click they are excellent and ready to maintain no if they believe there would maintain a date ."
True	0	recognize	3.193873405456543	recognizes	-1.8958690166473389	b'reports occasionally : fabio thousand through ontario five ( expecting you recognize on the litter we hear and ***mask*** respectfully to system the mile after we continue )'
True	0	ensures	-2.651151180267334	ensure	-2.966420888900757	b'the arrogant detective to compel for homeless ***mask*** to disappear four , or your cop pup carbon channel , and oppose .'
True	0	realise	-2.556553840637207	realises	-5.641150951385498	b'you allow the distance and ***mask*** climber preference into the majority .'
False	0	assumes	-2.6880767345428467	assume	-1.3677170276641846	b'the understandable dryer to cook for devastating ***mask*** to reduce fifty , or your rotation father volume vegetable , and execute .'
True	0	develop	6.524477481842041	develops	3.829120635986328	b'learn me promote if you continue any cabins or ***mask*** anything asymmetrical .'
True	0	spend	1.136060118675232	spends	-1.4876201152801514	b'decisions indefinitely : williams five through edinburgh nine ( expanding you realize on the phase we die and ***mask*** previously to proportion the gambling after we die )'
True	1	come	8.133050918579102	comes	2.358470916748047	b'but electoral girls do suggest the shine they proceed he will click , and the observers who decide him ***mask*** to implement the earthworms who arrive him .'
True	0	recommends	3.976559638977051	recommend	0.5087593197822571	b'as you carry above the perfume , the rumor of the latter pot stands your context and ***mask*** you generate taller and fewer .'
True	0	reacts	-2.043705463409424	react	-3.260692596435547	b'a ny coat approved in del three ***mask*** , " due to its drawer astride the hamilton gmt , argentina has wonderfully been a response to the country .'
True	0	want	7.3081254959106445	wants	4.008082389831543	b'i put we presently see the bottle and ***mask*** to gm .'
True	0	understand	-0.5583958625793457	understands	-2.8419902324676514	b'they aggressively intend if you provide division in your chance , ( for flats like me ) , they pay an intention of the supervisor and ***mask*** heavy animals to register .'
True	1	seem	16.122011184692383	seems	10.276847839355469	b'but other people do like the way they think he will vote , and the ones who favor him ***mask*** to outnumber the ones who oppose him .'
True	0	extends	-3.437317371368408	extend	-3.5440268516540527	b'the obsessed coding i built actually from them in the first chair ***mask*** because my distinguishing security who owned with them was returning out on his unknown .'
False	0	pays	2.710831642150879	pay	3.646266222000122	b'put for a hangar of symptoms in their disaster that leads from the selection and ***mask*** quickly to the complaint fo the movie .'
True	0	begin	4.921200752258301	begins	2.3343923091888428	b'stay me settle if you remain any rooms or ***mask*** anything impossible .'
True	0	consider	4.510155200958252	considers	0.632510244846344	b'put me disrupt if you pay any fry or ***mask*** anything eager .'
True	1	create	5.7758612632751465	creates	-4.125557899475098	b"whie i do n't postpone to the danger that the chores we deserve or die to ***mask*** no office on our context ( which i deserve is routinely sensitive ) , it does wear me whenever politics reflect out a successful photograph of fruits to die the shuttle on ."
False	0	makes	-2.597104787826538	make	-0.017500944435596466	b'i put the knife you won to me ***mask*** to the barcelona carter at aid ( sought in la ) .'
True	0	learns	4.021072864532471	learn	-2.5827977657318115	b'the first beer you die whenever you enjoy on freight affects that the blower surgeon routinely walks out the suspicion and ***mask*** into the roof disability .'
False	0	remembers	-0.2746518850326538	remember	1.2727159261703491	b'instead adjust your citizens to promote this apparently to their blocks , and financially actually , so that the scale to make her ***mask*** automatically .'
False	0	appears	-2.654797315597534	appear	-1.9472370147705078	b'because of the volume that his sunny paradise with dhaka angie had promised him , he became laptops mere as : " you can recommend a sickness and a scientist , eight forgiveness you ca n\'t commit ***mask*** whenever you \'re recent already " and raised postcards to the " vi jafar " paper hunting that " forth he felt medieval missiles to deliver previously slick as a supervisor " .'
True	0	goes	12.417325973510742	go	6.172245502471924	b'well , unless of course the third compressor he put in the car ***mask*** out .'
True	1	allow	2.1579902172088623	allows	1.6229571104049683	b'i realize the wars on which i should revise your hunt ***mask*** : ( a ) do you prescribe a catastrophic week about the racing to collective flank countries fallen by eurasia ireland ?'
True	0	deserve	5.283396244049072	deserves	3.5950610637664795	b'please remember me pick if you seem any hearings or ***mask*** anything uncut .'
True	1	believe	1.4122562408447266	believes	-3.1778926849365234	b"whie i do n't remain to the propaganda that the bombs we pick or come to ***mask*** no instability on our gentleman ( which i pale is highly municipal ) , it does preserve me whenever rules wash out a revolutionary justification of lions to clarify the bean on ."
True	0	writes	4.908595085144043	write	-0.015071883797645569	b'beware for a theme of snakes in their stylist that cares from the neighbor and ***mask*** strongly to the membership fo the torch .'
False	0	insists	-3.0584137439727783	insist	-2.506572723388672	b'the angry cancer to melt for surgical ***mask*** to hop three , or your vehicle gown pork handful , and achieve .'
skipping is/are
False	0	happens	-2.3519740104675293	happen	-2.3409390449523926	b'a dorsey dad arrayed in capricorn billion ***mask*** , " due to its trial astride the walker lanka , orleans has strictly been a bus to the type .'
True	0	remains	2.742271661758423	remain	1.605057716369629	b'as you proceed above the bakery , the staff of the beloved streak seems your strife and ***mask*** you remain stronger and clearer .'
True	0	create	2.9008240699768066	creates	-3.268993616104126	b'sales usually : cass four through university thirty ( expanding you wash on the monkey we tolerate and ***mask*** quietly to grandson the conviction after we tolerate )'
True	0	refer	3.823554515838623	refers	3.225344181060791	b'forces indeed : rahman twenty through atta thousand ( obtaining you pay on the wasp we hear and ***mask*** willingly to conspiracy the rejection after we spend )'
True	1	suggest	5.730876445770264	suggests	-0.2676219642162323	b"whie i do n't forget to the government that the videos we believe or pay to ***mask*** no exploration on our butterfly ( which i tell is politically manned ) , it does digest me whenever genitals learn out a powerful button of burgers to want the notification on ."
True	0	define	2.476624011993408	defines	-1.145722508430481	b'watch me choose if you make any surprises or ***mask*** anything advanced .'
True	2	observe	-3.825490713119507	observes	-4.625906944274902	b'the able tough marketers that seldom would describe from calf ***mask*** furnace , compliance , penalty , platform , consistent bakery and bankrupt newspapers of birds and holidays -- democratic as the grill wasp .'
False	0	pays	-1.009337067604065	pay	0.6077622175216675	b'if you see a lot who will vary to you and compete he will arrange and then carry his today , and not thank what he is preparing about whenever he holds leaders at efficient secretaries and ***mask*** they include what you choose , whenever they will not communicate for you , prepare to this landlord ... he is the information for you .'
True	1	enjoy	-0.7914121150970459	enjoys	-2.6636605262756348	b'additional grandchildren that thereby would reduce ***mask*** friends , birthday , hubbard dresser and some deaths of towels .'
True	1	believe	5.406996250152588	believes	3.277695655822754	b'but eager launchers do digest the relationship they tell he will conclude , and the appropriations who put him ***mask*** to endanger the attorneys who apologize him .'
True	0	reports	11.132166862487793	report	6.703986167907715	b'a milnet brief issued in february 2005 ***mask*** , " due to its position astride the persian gulf , iran has constantly been a threat to the gulf .'
False	0	develops	-3.5633797645568848	develop	-2.8743090629577637	b'if you continue a coast who will miss to you and seem he will attend and then come his language , and not climb what he is telling about why he sends gifts at accurate services and ***mask*** they insist what you put , why they will not pay for you , make to this wording ... he is the expansion for you .'
skipping is/are
False	0	enjoys	-5.247331619262695	enjoy	-3.8578219413757324	b'the eligible jihad i fell extremely from them in the first camera ***mask*** because my digital cake who agreed with them was causing out on his overwhelming .'
True	0	enjoys	-0.34089183807373047	enjoy	-2.0680952072143555	b'the strongest growth you can censor in aldo ***mask*** to recommend to a clothing .'
True	0	realise	-4.852046966552734	realises	-6.955735206604004	b'i decide we willingly prefer the hamster and ***mask*** to mcdonald .'
True	0	provides	-0.8762156367301941	provide	-2.83284854888916	b'again argue your budgets to revise this afterward to their tools , and willingly environmentally , so that the scam to commit her ***mask*** abroad .'
True	0	grows	7.773910999298096	grow	3.8649981021881104	b'this dove of vision submits around the pyramid s creation and drinks and ***mask*** a monkey for the flood eventually on the network of the mayor in preacher of role daughters .'
True	0	create	4.485508441925049	creates	2.4393022060394287	b'please specify me receive if you collaborate any lights or ***mask*** anything indefinite .'
True	0	relate	7.562099933624268	relates	3.5011777877807617	b'if you reflect any papers or ***mask*** any info approximately accordingly , please hesitate balochistan corp at four or fei sadat at billion .'
True	0	insists	-1.1438287496566772	insist	-3.1433632373809814	b'the strongest cake you can spell in archibald ***mask*** to raid to a wording .'
True	0	tosses	0.5351083278656006	toss	-3.096942901611328	b'watch for a gallery of links in their midst that becomes from the hospitality and ***mask*** nowadays to the nightmare fo the server .'
False	2	allow	-0.6246687173843384	allows	0.9685287475585938	b'the ancient dumb debtors that nowadays would receive from transition ***mask*** poverty , paradise , justice , gym , weak millet and familiar files of movies and currents -- fashioned as the bart radar .'
False	0	carries	-1.4606515169143677	carry	-0.03948276489973068	b'an outward assassination imprisoned in trillion ***mask*** there agree seven " cm " in the august operations , but urban posters are maybe safer than this .'
True	0	refuses	1.2588328123092651	refuse	-1.2761480808258057	b'the first disgrace you serve why you oppose on chase objects that the ticket campaign respectfully happens out the lens and ***mask*** into the conflict wasp .'
False	0	spills	0.007060587406158447	spill	5.452888488769531	b'the first thing you notice when you arrive on location is that the waiting line literally goes out the door and ***mask*** into the parking lot .'
False	0	responds	-1.0358426570892334	respond	0.38644087314605713	b'actually enjoy your cheques to remember this especially to their vests , and frankly onboard , so that the medicine to compel her ***mask*** indoors .'
False	0	includes	4.183016777038574	include	4.503274440765381	b'the first tape you require why you anticipate on date ***mask*** that the profile supplier mostly creates out the discomfort and reflects into the fist husband .'
True	0	need	13.550095558166504	needs	8.395405769348145	b'let me know if you have any questions or ***mask*** anything else .'
True	0	creates	4.215115070343018	create	0.29674869775772095	b'the first spine you serve why you anticipate on northeast enjoys that the discount judgment locally contains out the lamp and ***mask*** into the sentiment client .'
True	0	assumes	4.990758419036865	assume	1.7603119611740112	b'unfortunately , the unexpected expertise signed for interest ***mask*** whether our epc ( the urban opportunity and thereby the influence they collaborate to warn ) is or enjoys not an eligible boyfriend under the discovery .'
True	0	includes	3.081016778945923	include	2.774081230163574	b"the coup to destroy in habitation ***mask*** that dwarf important provinces and republicans and rude hard people are tired to come badly virtually ready to the ayatollah in art than al - cass organisations , and it would be courteous to reduce one 's introductions off the delighted longevity ."
True	0	assume	-0.6053891777992249	assumes	-2.336758852005005	b'they importantly include if you throw discount in your tire , ( for reptiles like me ) , they sell an edit of the beginner and ***mask*** neurological expectations to bless .'
skipping is/are
True	1	receive	6.096306324005127	receives	3.6578688621520996	b"whie i do n't marry to the golf that the crews we refer or deny to ***mask*** no artwork on our volume ( which i come is virtually severe ) , it does pick me whenever transfers seem out a memorable tool of birds to retaliate the clay on ."
False	0	serves	3.0969653129577637	serve	3.7272560596466064	b'if you tend a news who will put to you and greet he will assess and then recruit his gravy , and not recruit what he is stepping about why he remembers hijackers at investigative minutes and ***mask*** they affirm what you condemn , whenever they will not spawn for you , groom to this pup ... he is the audience for you .'
True	0	recommend	1.8398462533950806	recommends	0.36631858348846436	b'if you receive any words or ***mask*** any appearance accidentally actively , please prepare germany brooklyn at trillion or colorado beth at three .'
True	0	decide	3.0100314617156982	decides	-2.2102458477020264	b"mechanics who meet these updates ***mask*** at the item everywhere ; and it 's subtle to decide they are aged and timely to begin no if they throw there would recover a status ."
True	0	happens	0.2786372900009155	happen	-3.268132209777832	b'this merger of feedback brings around the grain s shuttle and moderates and ***mask*** a diarrhea for the threat exponentially on the currency of the diversion in woman of pipe graphics .'
True	0	suggests	5.802106857299805	suggest	5.026135444641113	b'if you seem a panel who will demonstrate to you and hire he will immigrate and then verify his magnitude , and not determine what he is helping about whenever he believes marketers at educated bands and ***mask*** they affirm what you die , whenever they will not spawn for you , notify to this foreigner ... he is the unwillingness for you .'
False	1	operates	-2.9222962856292725	operate	-2.30222487449646	b'the historical voting movements wash there ***mask*** breathe to the passport .'
True	0	belongs	0.928368330001831	belong	-2.571754217147827	b'this flipping of news depends around the racism s county and colleagues and ***mask*** a coast for the culture unfortunately on the satisfaction of the difference in paperwork of merger postings .'
True	0	enjoys	-0.8184643387794495	enjoy	-2.1415910720825195	b'the hardest blog you can begin in edwin ***mask*** to pursue to a tank .'
True	0	grows	4.105374813079834	grow	1.309450387954712	b'as you collaborate above the machine , the tsunami of the cruel lamb receives your cave and ***mask*** you remember darker and darker .'
True	0	operates	-2.079716682434082	operate	-3.340919017791748	b'the arrogant math i grabbed actually from them in the first streak ***mask*** because my polygamous balcony who expected with them was reviewing out on his arrogant .'
True	0	develops	4.616633415222168	develop	2.1658358573913574	b'this platform of queen serves around the couch s colony and grandchildren and ***mask*** a failure for the detective already on the pact of the gown in palace of sovereignty quotes .'
True	0	continue	9.531976699829102	continues	6.513258457183838	b'i become this endless supporter and ***mask*** to compel this nervous allocation .'
True	0	enjoys	0.9456491470336914	enjoy	-2.2144358158111572	b'the annoying corporate degree i have registered ***mask*** that in the luncheon of osama eighteen teacher of the mold is apparently traced in the turkey the moon before the vet , this stuff communicated after the substantial magazine .'
True	0	decides	1.054207444190979	decide	-0.9100775122642517	b'a santa scenario advised in drew four ***mask*** , " due to its server astride the forum switzerland , arabia has possibly been a clothing to the manager .'
False	0	melt	0.37045174837112427	melts	0.37163427472114563	b'go me dine if you listen any trios or ***mask*** anything electronic .'
True	1	allows	4.618709564208984	allow	0.5841941237449646	b'the incorrect fatal golf that he walks ***mask*** that he rhythmically wants his fears and clearly wakes necessary with his humble wildlife .'
True	0	wants	-2.4910173416137695	want	-2.815371513366699	b'a road parent operated in miami fifty ***mask*** , " due to its suicide astride the county nashville , edwards has generally been a clay to the consciousness .'
True	1	intends	4.191012859344482	intend	-0.12859906256198883	b'the occasional forthcoming surgery that he keeps ***mask*** that he somehow drops his capabilities and directly reads necessary with his spectacular perfection .'
False	0	expects	-0.7795910835266113	expect	0.8051972389221191	b'the first clue you want why you assume on cooperation ***mask*** that the store proposal frequently brings out the decor and reflects into the penny flank .'
True	0	creates	2.717357635498047	create	0.3063738942146301	b'it plays the team for situation egg and ***mask*** , \xe2\x80\x9c we are financed that the petersen should not evacuate with possible - reviewer historians who seek to deliver and lace halfway and effectively in the provisions , remarks , and daughters of beneficial duration . \xe2\x80\x9d'
True	0	represent	2.062541961669922	represents	0.1243753433227539	b'rules extremely : warren thousand through ashcroft thirty ( arising you see on the life we spend and ***mask*** warmly to recommendation the loading after we sell )'
True	0	require	5.256259441375732	requires	2.797670364379883	b'follow me prepare if you continue any squadrons or ***mask*** anything international .'
True	0	relates	1.9768049716949463	relate	-0.8422839641571045	b'as you seek above the navy , the detail of the friendly section provides your forgiveness and ***mask*** you circulate clearer and lighter .'
False	0	expects	0.2604121267795563	expect	0.43049129843711853	b'my buildup with acting the scholarship forth ***mask*** , could it be arrested that thus everyone drove the hoax would or could exist at any weekend , since we particularly built california and saudis and if they headed they might have completed a familiar destruction ??'
True	0	generates	-2.923103094100952	generate	-2.951921224594116	b'an aerial ego advised in three ***mask*** there assume four " cases " in the england ages , but unbelievable traders are firmly warmer than this .'
True	0	manages	1.2702574729919434	manage	0.7830410003662109	b'as you collaborate above the target , the reliability of the severe publication melts your merchant and ***mask*** you require safer and clearer .'
True	0	intend	3.334421396255493	intends	0.7080508470535278	b'they easily expect if you meet surface in your tonnage , ( for sites like me ) , they throw an artillery of the predator and ***mask*** downstream extinctions to meet .'
True	0	begins	5.7161712646484375	begin	2.918419599533081	b'can you affect that the laptop we are preparing ***mask*** toward a distinguishing and certain cafeteria ?'
False	1	extend	2.0169577598571777	extends	2.5247159004211426	b'the additional peoples we sell in our coordination ***mask*** ; we condemn paperwork council for easter , surface tip and throat - butt for kabul .'
True	0	adds	2.9213664531707764	add	1.970981240272522	b'my threat with expecting the reaction directly ***mask*** , could it be eliminated that totally everyone led the tap would or could avoid at any period , since we highly loved virginia and states and if they testified they might have documented a global sentence ??'
True	0	responds	-5.345525741577148	respond	-5.585836887359619	b'well , unless immediately rarely the third luncheon he followed in the kitten ***mask*** out .'
False	0	hears	1.516918420791626	hear	2.0260303020477295	b'it depends the trader for discomfort announcement and ***mask*** , \xe2\x80\x9c we are deployed that the heard should not adopt with conventional - conversation colleges who pose to collect and develop directly and onwards in the residents , directions , and habits of homemade curve . \xe2\x80\x9d'
False	1	indicate	-2.779871702194214	indicates	-1.5791507959365845	b'the absurd chores we meet in our radar ***mask*** ; we lose region plate for easter , stream fantasy and ceiling - clan for leach .'
True	1	have	19.891902923583984	has	13.774145126342773	b"whie i do n't subscribe to the notion that the things we watch or listen to ***mask*** no effect on our behavior ( which i think is patently rediculous ) , it does bother me when people single out a specific group of people to pin the blame on ."
True	0	demonstrates	-3.9378364086151123	demonstrate	-6.080391883850098	b'well , unless almost halfway the third confidante he signed in the criticism ***mask*** out .'
True	0	reflect	2.4402194023132324	reflects	-0.19071170687675476	b'if you believe any grandchildren or ***mask*** any exam afterward occasionally , please see louisiana murphy at sixteen or sue berlin at seven .'
True	0	makes	2.6634867191314697	make	0.39303267002105713	b'it relates the majority for belief aircraft and ***mask*** , \xe2\x80\x9c we are purchased that the regulatory should not overcome with strong - pump differences who continue to pick and revise forth and onwards in the sanctions , countries , and losses of weird perfection . \xe2\x80\x9d'
True	0	create	6.065945148468018	creates	4.445845603942871	b'please delete me wrap if you believe any favorites or ***mask*** anything unprecedented .'
skipping is/are
True	0	want	16.349782943725586	wants	9.616426467895508	b'i dislike this urban society and ***mask*** to leave this whole enviroment .'
True	0	deliver	7.281199932098389	delivers	3.5109305381774902	b'prices incomplete : lake nine through industry seven ( acquiring you receive on the photograph we pose and ***mask*** directly to lodging the horse after we pose )'
True	0	generates	8.567920684814453	generate	5.891272068023682	b'this clerk of luck represents around the snow s swing and controllers and ***mask*** a revenue for the nightmare accidentally on the receipt of the club in tribe of decision seconds .'
False	0	allows	-1.1265820264816284	allow	-0.45775526762008667	b'my dentist with arriving the hatred solely ***mask*** , could it be arrested that regularly everyone heard the hole would or could arrive at any jaw , since we firmly needed bbc and pigs and if they remembered they might have purchased a critical software ??'
True	1	explain	0.7250496745109558	explains	0.7119472026824951	b'i want the chores on which i should develop your website ***mask*** : ( a ) do you translate a willing mother about the context to tall laptop kids built by austin amy ?'
True	0	write	6.10157585144043	writes	2.7376344203948975	b'please make me remain if you pay any devices or ***mask*** anything independent .'
True	0	intends	5.221672534942627	intend	3.6553754806518555	b'the sole liberty i murdered this vision ***mask*** to exploit anyone comparing this if they condemn of some retaliation i can prefer marry a star to this today today .'
True	0	seek	-0.805478572845459	seeks	-3.1555254459381104	b'you assume the picketing and ***mask*** tube signature into the welfare .'
False	0	understands	0.5189364552497864	understand	1.3606103658676147	b'the first manager you die whenever you indicate on recovery ***mask*** that the cork disintegration never drops out the curse and tells into the gem failure .'
True	0	admits	-3.5724244117736816	admit	-5.680686950683594	b'the cheapest hunt you can join in atta ***mask*** to tend to a stadium .'
True	0	chooses	2.141859769821167	choose	2.0991058349609375	b'can you oppose that the logo we are bringing ***mask*** toward a respective and boring recovery ?'
False	0	reflects	-0.41778838634490967	reflect	1.428214192390442	b'see for a petroleum of reviewers in their junk that submits from the date and ***mask*** really to the police fo the looting .'
True	0	reflect	0.8002468943595886	reflects	0.37274643778800964	b'come me create if you tell any records or ***mask*** anything ugly .'
True	1	explain	-4.930992126464844	explains	-6.964314937591553	b'irish tables that personally would customize ***mask*** spaces , satellite , financial behalf and some temples of curtains .'
True	0	produces	1.121379017829895	produce	0.5118139386177063	b'the first provision you suck why you agree on bunch includes that the disgrace cancer frankly brings out the chili and ***mask*** into the trader scale .'
True	1	intend	-1.454116940498352	intends	-1.7339378595352173	b'i begin the waters on which i should continue your toy ***mask*** : ( a ) do you disrupt a same sect about the lot to fortunate description capsules served by ivan arabic ?'
True	0	chooses	4.178069114685059	choose	1.1513017416000366	b'can you exist that the border we are seeking ***mask*** toward a valid and various gun ?'
True	0	admits	0.7511162757873535	admit	0.2960536777973175	b"the surplus to bother in version ***mask*** that huge excellent lions and travels and shocked judicial compliments are lethal to hire badly certainly tired to the andaman in abdel than al - blue attorneys , and it would be virtual to develop one 's others off the barren convention ."
True	0	goes	14.124136924743652	go	9.223091125488281	b'look for a lot of stripes in their head that starts from the beak and ***mask*** back to the back fo the bird .'
True	2	appear	-3.2901976108551025	appears	-3.8025710582733154	b'the effeminate sensitive years that never would recreate from backup ***mask*** painter , satellite , cheese , vet , typical surface and democratic connections of temperatures and resolutions -- rural as the leo kidney .'
True	0	decides	2.6246109008789062	decide	0.8934538960456848	b'can you expire that the ground we are happening ***mask*** toward a partial and soothing custody ?'
True	0	manage	-0.4470696449279785	manages	-4.150676727294922	b'you indicate the lettuce and ***mask*** nomination piece into the planet .'
True	0	appears	9.475200653076172	appear	3.954427719116211	b'the strongest grave you can warn in alexandria ***mask*** to reopen to a channel .'
True	0	operates	-0.8313843607902527	operate	-2.2734692096710205	b'the absolute payable lighting i have contributed ***mask*** that in the suggestion of iaea eighteen landlord of the creativity is increasingly traced in the lieutenant the password before the telephone , this swing deleted after the diplomatic condominium .'
True	0	represents	-1.5955359935760498	represent	-3.0427169799804688	b'an agreeable insight executed in fifty ***mask*** there add billion " weapons " in the abdul israelis , but underage commanders are slowly healthier than this .'
False	0	allows	-1.4095548391342163	allow	-0.5871595740318298	b'the intense diversion i passed ago from them in the first mistake ***mask*** because my historical position who appeared with them was receiving out on his awful .'
True	0	serves	3.932013750076294	serve	-1.2428474426269531	b'this character of brass sends around the growth s spa and choices and ***mask*** a shit for the reality indoors on the decor of the bug in contrast of soul fights .'
True	0	tosses	1.0083374977111816	toss	-3.98854398727417	b'if you laugh a worship who will migrate to you and marry he will execute and then remove his mankind , and not migrate what he is growing about why he continues balls at impressionist trips and ***mask*** they expect what you seek , why they will not circulate for you , prepare to this patronage ... he is the office for you .'
True	0	deserve	4.903266906738281	deserves	3.2156267166137695	b'put me decide if you condemn any days or ***mask*** anything exceptional .'
True	0	sucks	-1.6650701761245728	suck	-3.934502124786377	b'an amusing invitation arrived in five ***mask*** there oppose four " thousands " in the afghanistan appropriations , but invasive rats are still cheaper than this .'
True	0	grows	18.426746368408203	grow	16.41951560974121	b'also encourage your recipients to forward this along to their contacts , and so on , so that the movement to help her ***mask*** exponentially .'
True	1	operate	-1.6469658613204956	operates	-1.7438526153564453	b'i refer the facts on which i should raid your farce ***mask*** : ( a ) do you serve a joint congregation about the grill to gentle floor habits meant by edt electoral ?'
False	0	delivers	-3.597918748855591	deliver	-3.1155519485473633	b'otherwise include your meals to prefer this incredibly to their photos , and however approximately , so that the stranger to destroy her ***mask*** efficiently .'
True	1	include	6.404116630554199	includes	4.025341510772705	b'i listen the packages on which i should provide your chapel ***mask*** : ( a ) do you wash a vital hole about the perfume to fundamental locker stages kept by arabia atomic ?'
True	0	operates	0.100929856300354	operate	-1.0251585245132446	b'the independent constant democracy i have reduced ***mask*** that in the palace of autumn eight kid of the violence is afterward checked in the pub the furnace before the coordination , this notion printed after the competitive fashion .'
True	0	adds	-3.6004719734191895	add	-3.9544265270233154	b'the unprecedented cash to choose for global ***mask*** to defend fifty , or your moment tent car reptile , and accept .'
True	0	understands	5.383801460266113	understand	4.872547626495361	b'especially , the impressionist acupuncture designated for embarrassment ***mask*** whether our account ( the ecological application and thus the opportunity they spend to postpone ) is or affects not an essential kindness under the ranch .'
False	0	agrees	-2.356809377670288	agree	0.6767175197601318	b'because of the coordination that his tribal deck with nov ukraine had spent him , he continued hundreds humble as : " you can respond a conflict and a movement , eighteen tuna you ca n\'t define ***mask*** whenever you \'re meaningful also " and demonstrated collages to the " laurie levitt " partner promoting that " quickly he visited shiite proponents to pour slightly tolerable as a warning " .'
True	0	generate	1.6034362316131592	generates	-0.6266591548919678	b'birds suffer the example but ***mask*** her frightening cake and the landing progresses .'
True	0	deserves	1.4390122890472412	deserve	-0.5715696811676025	b'it thinks the resolution for pain instructor and ***mask*** , \xe2\x80\x9c we are perceived that the janet should not implement with reasonable - carrier reservations who spend to make and spawn personally and abruptly in the rabbits , salads , and partnerships of fashioned database . \xe2\x80\x9d'
True	0	believes	0.7133948802947998	believe	-1.1056262254714966	b'can you interfere that the boulevard we are bleeding ***mask*** toward a municipal and marvelous pursuit ?'
skipping is/are
True	1	employ	-1.1624232530593872	employs	-1.2463717460632324	b'the empty ft we prefer in our religion ***mask*** ; we become trend responsibility for easter , police conclusion and target - landlord for finland .'
True	0	adds	1.257346749305725	add	0.9900890588760376	b'the annoyed custody to retaliate for technical ***mask*** to monitor two , or your priest foreigner rejection flank , and introduce .'
False	0	includes	5.466711044311523	include	5.472219467163086	b'the advanced crucial container i have chosen ***mask*** that in the discretion of ei eighteen station of the rain is onshore banned in the blower the substance before the feeder , this compensation felt after the retarded doctor .'
True	0	makes	3.8518450260162354	make	0.6064257025718689	b'it wakes the king for ball alarm and ***mask*** , \xe2\x80\x9c we are signed that the mohammed should not impose with messy - prayer minds who become to preserve and recruit widely and unanimously in the restrictions , civilians , and standards of compatible spreadsheet . \xe2\x80\x9d'
True	1	suck	2.627976417541504	sucks	-2.472334384918213	b"whie i do n't register to the leash that the partnerships we learn or provide to ***mask*** no acceptance on our guest ( which i laugh is historically spiritual ) , it does reflect me whenever difficulties represent out a considerable transition of bodies to produce the sales on ."
True	0	spends	3.1221442222595215	spend	1.5598200559616089	b'extremely adjust your centres to listen this aggressively to their budgets , and completely officially , so that the propaganda to remove her ***mask*** underneath .'
False	0	affirms	2.389218330383301	affirm	2.389218330383301	b'the happy discharge i seized this vision ***mask*** to assist anyone dispersing this if they tend of some transaction i can retrieve perform a buildup to this plan chess .'
True	0	toss	2.1416661739349365	tosses	1.3271148204803467	b'come me throw if you pay any moors or ***mask*** anything unlimited .'
True	0	carry	3.449519395828247	carries	-1.2497974634170532	b'i continue this illegal bombing and ***mask*** to hang this popular exam .'
False	0	understands	-1.8956722021102905	understand	1.6246100664138794	b'my registration with achieving the prosecution pursuant ***mask*** , could it be agreed that politely everyone flew the branch would or could impress at any tabs , since we primarily flowed ham and computers and if they blended they might have cooked a healthy mouth ??'
True	0	come	4.7364630699157715	comes	1.5477046966552734	b'if you develop any fans or ***mask*** any invoice apart automatically , please see troy carnegie at two or singer wood at seven .'
True	0	provide	4.736282825469971	provides	1.3938722610473633	b'go me listen if you pose any firms or ***mask*** anything ethnic .'
True	1	explain	-4.017367839813232	explains	-4.688375949859619	b'irish spurs that predominantly would reflect ***mask*** ships , penny , lynch beach and some deaths of rebels .'
True	0	meet	5.492086887359619	meets	2.739406108856201	b'beware me digest if you throw any couples or ***mask*** anything edible .'
skipping is/are
True	1	expects	3.820488452911377	expect	2.5661134719848633	b'the economic functional murderer that he writes ***mask*** that he particularly goes his cabins and surely cares fabulous with his difficult gem .'
True	1	remain	5.449910640716553	remains	-0.19350109994411469	b"whie i do n't communicate to the pilot that the speakers we choose or suggest to ***mask*** no inquiry on our worker ( which i require is wholly scientific ) , it does remind me whenever requests seek out a temporary bench of helicopters to prescribe the deadline on ."
True	0	ensure	2.30167555809021	ensures	-0.2626619338989258	b'they extremely add if you make route in your wager , ( for gains like me ) , they begin an attraction of the sheet and ***mask*** naked appropriations to wander .'
False	0	understands	4.00107479095459	understand	4.115710735321045	b'the unacceptable privileged photography i have filled ***mask*** that in the kidney of agra eighteen complaint of the voting is individually described in the career the journey before the tug , this therapy paid after the tripartite harness .'
False	0	sees	0.5379761457443237	see	2.3577136993408203	b'actually adjust your hens to meet this obviously to their references , and still abroad , so that the difficulty to deserve her ***mask*** approximately .'
False	1	extend	-2.2772371768951416	extends	-2.0628247261047363	b'i refuse the volumes on which i should cancel your country ***mask*** : ( a ) do you donate a frustrating satisfaction about the context to soft surface drugs noticed by ontario aires ?'
True	0	ensures	6.907641410827637	ensure	5.65864372253418	b'the first facility you carry whenever you oppose on sympathy ***mask*** that the pocket garage super receives out the paw and lasts into the grave flooding .'
True	0	assumes	4.390775680541992	assume	3.2422616481781006	b'the awful busy breeder i have passed ***mask*** that in the rabbit of iceland eighteen spa of the campaigning is otherwise kept in the proportion the flipping before the hotel , this carbon turned after the big web .'
True	0	recommends	1.6016291379928589	recommend	-0.03955719619989395	b'as you suffer above the provision , the plenty of the superior migrant goes your drama and ***mask*** you contain newer and clearer .'
True	0	has	12.547561645507812	have	7.787414073944092	b'this type of harness goes around the dog s chest and legs and ***mask*** a clip for the leash up on the back of the dog in middle of shoulder blades .'
True	0	visit	6.059999942779541	visits	4.809261322021484	b'dignitaries condemn the act but ***mask*** her bereaved family and the money flows .'
True	1	enjoy	0.6071763038635254	enjoys	-0.05261319875717163	b'the academic grandparents we proceed in our channel ***mask*** ; we pose market none for easter , flipping reputation and scam - tonight for chechnya .'
True	2	include	14.714848518371582	includes	10.695606231689453	b'the important commercial species that probably would benefit from warming ***mask*** cod , haddock , saithe , herring , blue whiting and several types of flatfish and crustaceans -- such as the norway lobster .'
False	0	hears	1.6908236742019653	hear	2.191758632659912	b'even adjust your prices to begin this indeed to their dividends , and carefully aggressively , so that the route to dine her ***mask*** incorrectly .'
True	0	fails	0.9149661660194397	fail	-1.1675201654434204	b'a reserve forum anticipated in lanka fifty ***mask*** , " due to its vet astride the warner carnival , assembly has fairly been a whim to the client .'
True	0	enjoys	-2.464860439300537	enjoy	-3.1990675926208496	b'the automatic traveler i threw eventually from them in the first consumption ***mask*** because my fortunate crime who appreciated with them was looking out on his ambitious .'
False	0	comes	7.140913963317871	come	7.627054214477539	b'can you interfere that the spring we are joking ***mask*** toward a same and reasonable medicine ?'
True	0	ensure	3.4080264568328857	ensures	0.5484873652458191	b'they exponentially indicate if you carry bull in your panic , ( for lions like me ) , they laugh an extent of the field and ***mask*** similar affairs to bless .'
True	0	continue	6.878228664398193	continues	0.08919920772314072	b'i hear we possibly pick the milk and ***mask*** to lebanon .'
False	0	tends	-0.3076523542404175	tend	2.095813751220703	b'i remain the salsa you preceded to me ***mask*** to the belgium pew at europe ( ran in nicobar ) .'
True	0	operates	-1.2379786968231201	operate	-1.6968599557876587	b'the unaware site to click for mobile ***mask*** to withdraw six , or your cousin magazine warranty snack , and owe .'
False	0	includes	2.8720009326934814	include	3.07779598236084	b'my dad with establishing the protein surely ***mask*** , could it be approved that publicly everyone lacked the tug would or could exceed at any permission , since we roughly drafted philip and tamils and if they felt they might have needed a meticulous directive ??'
True	1	develop	2.251336097717285	develops	-2.7781620025634766	b'but unacceptable demons do compel the route they propose he will grow , and the agreements who provide him ***mask*** to obtain the appropriations who exist him .'
False	0	produces	-6.035475730895996	produce	-4.141655921936035	b'i consider the dominance you replied to me ***mask*** to the kennedy coogan at april ( tried in kim ) .'
True	1	reflect	1.0172063112258911	reflects	-4.718991279602051	b'but attentive hosts do harass the fan they manage he will recreate , and the implications who wash him ***mask*** to emit the establishments who expect him .'
True	1	agrees	5.197276592254639	agree	1.9992831945419312	b'the inappropriate romantic diversion that he submits ***mask*** that he honestly demonstrates his fundamentalists and gently follows necessary with his visible correction .'
False	0	beg	-3.3278167247772217	begs	-2.0237879753112793	b'find me retake if you develop any publications or ***mask*** anything optimistic .'
True	0	relates	2.688413619995117	relate	-3.8973960876464844	b'the first pig you carry whenever you eat on possibility exists that the scrap photographer downhill lasts out the punishment and ***mask*** into the sensitivity shame .'
True	1	appear	-2.8195700645446777	appears	-3.3829257488250732	b'antique spurs that greatly would testify ***mask*** contents , chairman , portugal profile and some liberties of cartoons .'
True	0	observes	6.192596912384033	observe	3.5119643211364746	b"the rebel to hire in sensitivity ***mask*** that many afraid strategies and seas and respective retired birds are basic to pour badly partly brave to the ukraine in israel than al - berlin utensils , and it would be neat to fill one 's affairs off the gentle convenience ."
True	0	need	13.78603458404541	needs	8.470818519592285	b'please let me know if you have any questions or ***mask*** anything else .'
True	0	enter	3.865540027618408	enters	-1.9284534454345703	b'they indefinitely operate if you hear master in your time , ( for hijackers like me ) , they lose an environment of the consistency and ***mask*** narrow earthworms to prepare .'
False	0	compares	-0.02711556851863861	compare	1.4897174835205078	b'an external origin authorized in sixteen ***mask*** there assume seven " kilometres " in the ana arabs , but impeccable countries are possibly lighter than this .'
True	0	manage	3.9146480560302734	manages	-0.3176378607749939	b'ladies initially : jeremy two through electoral three ( expanding you manage on the purpose we listen and ***mask*** rarely to thread the cat after we listen )'
False	0	explains	6.293512344360352	explain	7.187741756439209	b'the recent wording i tried this jar ***mask*** to evacuate anyone telling this if they proceed of some stylist i can postpone seem a decor to this document report .'
False	0	includes	-0.9426931142807007	include	-0.5041843056678772	b'the asymmetrical wager i blew indeed from them in the first bench ***mask*** because my dumb friendship who ordered with them was suggesting out on his electrostatic .'
True	0	seeks	2.049161195755005	seek	-2.768289804458618	b'as you laugh above the compliance , the theater of the latter source develops your section and ***mask*** you reassure taller and clearer .'
False	0	begs	-3.013615846633911	beg	-2.580763578414917	b'i seem the manner you called to me ***mask*** to the croatia grill at amsterdam ( said in teresa ) .'
True	0	refers	4.7376484870910645	refer	0.8035142421722412	b'can you approve that the rivalry we are joining ***mask*** toward a suspicious and privileged disaster ?'
True	1	intend	-0.4422447681427002	intends	-0.7847515940666199	b'i recognize the dollars on which i should revise your band ***mask*** : ( a ) do you communicate a valid predator about the lifeboat to constant mystery cats strengthened by antichrist autumn ?'
True	0	begins	3.4971046447753906	begin	0.5310571193695068	b'come for a team of women in their guerilla that generates from the cabinet and ***mask*** mostly to the cave fo the propane .'
True	0	belong	-2.172022819519043	belongs	-3.1650550365448	b'judges laugh the imprisonment but ***mask*** her monthly wire and the neighborhood relates .'
False	0	understands	1.864946722984314	understand	2.668732166290283	b"the wing to concur in reduction ***mask*** that retired antique courses and rockies and preventive full deer are tragic to describe soon historically hospitable to the ontario in ontario than al - sharon alternatives , and it would be fashioned to collect one 's utilities off the senior feedback ."
True	0	remember	0.6986537575721741	remembers	-5.643930912017822	b'you apply the toy and ***mask*** fighter hair into the blackmail .'
True	0	dies	3.216580629348755	die	-0.20123688876628876	b'this conviction of homosexuality melts around the team s neighbor and militants and ***mask*** a director for the jerk importantly on the beard of the lunch in weapon of law thieves .'
True	1	includes	5.874431133270264	include	3.4563028812408447	b'the unable forthcoming hospitality that he deserves ***mask*** that he strongly sees his prisoners and necessarily writes diplomatic with his northeastern wasp .'
True	0	require	5.76555061340332	requires	3.238088607788086	b'learn me miss if you carry any whereabouts or ***mask*** anything unbelievable .'
True	0	delivers	3.943655490875244	deliver	2.3741424083709717	b'can you enable that the contribution we are checking ***mask*** toward a generic and controversial cage ?'
False	0	hears	-2.328852891921997	hear	-1.310799479484558	b'an unknown alert aggravated in nine ***mask*** there oppose three " genitals " in the andre ages , but unpopular standards are roughly happier than this .'
True	0	want	4.162043571472168	wants	-2.38960599899292	b"terms who require these actions ***mask*** at the effort amazingly ; and it 's ridiculous to concur they are absolute and sunny to withdraw no if they deny there would fix a therapist ."
True	0	see	9.552852630615234	sees	4.706420421600342	b'if you meet any records or ***mask*** any army incomplete always , please hang rahman hell at three or palestine niagara at six .'
False	0	refer	1.1353707313537598	refers	1.2280611991882324	b'prices prefer the opinion but ***mask*** her primary tract and the clothing begins .'
False	0	observes	-3.330890417098999	observe	-2.778627872467041	b'my yoga with answering the throat technically ***mask*** , could it be understood that properly everyone belonged the parent would or could establish at any swing , since we correctly warned courtney and californians and if they killed they might have saved a cruel violence ??'
skipping is/are
True	1	explain	0.42156982421875	explains	-1.89884352684021	b'asian traditions that hopefully would wrap ***mask*** trees , reconciliation , saddam waitress and some reservations of measures .'
False	0	throws	-4.604985237121582	throw	-0.3487488627433777	b'i remain the kid you tested to me ***mask*** to the colin coalition at okinawa ( guaranteed in loretta ) .'
True	0	adds	-1.7123454809188843	add	-3.147770404815674	b'the electronic convenience i chose apparently from them in the first station ***mask*** because my functional connection who indicated with them was telling out on his undecided .'
True	0	provide	2.416830062866211	provides	1.4649946689605713	b'i spend this acceptable wagon and ***mask*** to prepare this regional energy .'
True	0	recommend	1.7883299589157104	recommends	-0.9523401260375977	b'i serve we somewhat sell the fan and ***mask*** to kline .'
True	0	indicates	2.52803635597229	indicate	1.6101735830307007	b'because of the virus that his solar photography with delivery oglethorpe had happened him , he missed producers yellow as : " you can communicate a spore and a bravery , eight menu you ca n\'t prepare ***mask*** why you \'re limp unfortunately " and stayed currents to the " taiwan canal " jail containing that " repeatedly he phoned perfect foreigners to collect warmly militant as a philosophy " .'
True	0	remains	0.24892981350421906	remain	-0.8402673006057739	b'i proceed the towing you threw to me ***mask*** to the don rice at ayatollah ( folded in milan ) .'
True	0	indicates	9.541332244873047	indicate	5.863795757293701	b'the unexpected radical notification i have proposed ***mask*** that in the collateral of orr eighteen locker of the majority is immediately protected in the pasture the merger before the skill , this shame tasted after the biochemical device .'
True	0	relate	0.48636698722839355	relates	-4.491020202636719	b"programs who seem these adults ***mask*** at the ideology entirely ; and it 's defensive to put they are unconnected and dead to grab no if they die there would commit a phenomenon ."
True	0	loses	1.3424466848373413	lose	-0.04025173932313919	b'i decide the notch you began to me ***mask*** to the tiffany mcdonald at atlanta ( maintained in superfund ) .'
False	0	decides	1.883908987045288	decide	2.3457846641540527	b'if you die a source who will represent to you and reflect he will expand and then migrate his determination , and not regret what he is hoping about whenever he depends reasons at eastern temperatures and ***mask*** they indicate what you throw , why they will not defend for you , come to this tension ... he is the affair for you .'
True	0	delivers	-0.8787317276000977	deliver	-3.0158472061157227	b'well , unless inevitably thus the third lease he deleted in the chapter ***mask*** out .'
True	0	generate	9.29878044128418	generates	5.3974809646606445	b'if you manage any dilemmas or ***mask*** any energy occasionally overly , please continue kaufman jan at seven or lake rolling at fifteen .'
True	0	points	14.960996627807617	point	10.381119728088379	b'can you accept that the road we are travelling ***mask*** toward a grim and painful future ?'
False	1	adds	2.0119779109954834	add	3.8046281337738037	b'the joint lot cases recommend there ***mask*** raid to the craft .'
True	0	includes	2.8763034343719482	include	2.0278024673461914	b'the hysterical democracy i started this counsel ***mask*** to identify anyone seeking this if they provide of some preparation i can prove strengthen a recovery to this brass period .'
skipping is/are
False	0	demonstrate	1.1189851760864258	demonstrates	1.2666923999786377	b'commissioners decide the advertising but ***mask*** her delicate driver and the surplus supports .'
True	0	refuse	4.863781929016113	refuses	2.5493886470794678	b'wolves see the exclusion but ***mask*** her geographical space and the death receives .'
True	1	assume	1.2453389167785645	assumes	-0.8701565265655518	b'the electoral parties we tolerate in our label ***mask*** ; we manage percentage tutorial for easter , climate chili and warning - rein for christianity .'
True	0	write	2.60564923286438	writes	1.3178441524505615	b'wait me grow if you learn any targets or ***mask*** anything unconnected .'
True	0	lose	2.6819000244140625	loses	-2.3946282863616943	b'i come we rapidly begin the tin and ***mask*** to southwest .'
True	0	require	18.488065719604492	requires	11.274304389953613	b'if you have any questions or ***mask*** any assistance at all , please contact hope duncan at 202.739.0134 or jeff mangold at 703.729.2710 .'
False	0	observes	-4.729058742523193	observe	-4.3524556159973145	b'the aware coast i requested onboard from them in the first center ***mask*** because my glad midst who enjoyed with them was seeking out on his unfortunate .'
True	0	carry	6.404995918273926	carries	2.7131052017211914	b'please put me communicate if you lose any headlines or ***mask*** anything unacceptable .'
True	0	believe	3.6922366619110107	believes	0.7444639801979065	b"prices who pale these astronauts ***mask*** at the enjoyment anymore ; and it 's hectic to commit they are environmental and bored to foresee no if they begin there would deliver a vegetable ."
True	2	expect	-1.085878610610962	expects	-3.2116098403930664	b'the extraordinary false provinces that secretly would cancel from scrap ***mask*** protein , bunch , lifeboat , lease , visible sensitivity and terrible bottles of relatives and sales -- sensitive as the capricorn background .'
True	1	apply	-2.0937492847442627	applies	-3.446481466293335	b'additional leaders that thereafter would translate ***mask*** things , property , jared combo and some lions of guidelines .'
False	0	ensures	-2.7754130363464355	ensure	-0.6445187330245972	b'the interested popularity to reconsider for lax ***mask*** to retrieve six , or your professor difference criticism competition , and adjust .'
True	0	carry	3.132641553878784	carries	0.4429284334182739	b'you exist the chairman and ***mask*** disease fan into the sovereignty .'
True	1	intend	2.116490364074707	intends	-1.7549983263015747	b'additional parties that frankly would conclude ***mask*** donations , custody , japan ticket and some provisions of toes .'
True	0	makes	18.477619171142578	make	13.660887718200684	b'as you sit above the world , the warmth of the golden sun penetrates your body and ***mask*** you feel warmer and warmer .'
True	0	seek	4.915481090545654	seeks	1.5842167139053345	b'you operate the campaign and ***mask*** counsel grandson into the facility .'
True	0	loses	1.0258005857467651	lose	-2.63381290435791	b'it refuses the council for man expectation and ***mask*** , \xe2\x80\x9c we are filmed that the lake should not enable with massive - character companies who provide to commit and revise regardless and indoors in the responsibilities , bottles , and chicks of satisfied creation . \xe2\x80\x9d'
False	0	learns	-4.979736328125	learn	-3.279731273651123	b'an underage atrophy equipped in billion ***mask*** there intend seven " complexes " in the eurasia indians , but infinite tires are nowadays cheaper than this .'
True	0	observe	1.4497156143188477	observes	-4.827112197875977	b'they obviously anticipate if you make boy in your facility , ( for bottles like me ) , they realize an ownership of the participant and ***mask*** certified agencies to prove .'
False	0	belong	-4.026482105255127	belongs	-1.1656144857406616	b'rules listen the artwork but ***mask*** her promotional perception and the queen produces .'
True	1	intends	1.3979941606521606	intend	-3.232977867126465	b'the unsure strategic story that he tells ***mask*** that he virtually contains his bucks and currently continues necessary with his dire pleasure .'
True	0	suggest	1.3026912212371826	suggests	-2.074648380279541	b'reports eventually : limerick fifteen through ismail nine ( emerging you listen on the coat we decide and ***mask*** sufficiently to feedback the setback after we hear )'
True	0	spend	0.4959905743598938	spends	-0.8301397562026978	b'cats provide the ownership but ***mask*** her huge manufacturer and the pup cares .'
True	0	requires	5.964466571807861	require	2.009436845779419	b'this wire of capability reflects around the commodity s trend and bombers and ***mask*** a memo for the sect eventually on the receiver of the diversion in payment of photo duties .'
True	0	allows	1.148329734802246	allow	0.6845143437385559	b'my landing with increasing the crab traditionally ***mask*** , could it be understood that shortly everyone replaced the proportion would or could achieve at any mile , since we relatively felt messenger and fridays and if they planned they might have diagnosed a spiritual mode ??'
True	0	insists	0.6912052035331726	insist	-1.8243073225021362	b'the homemade counsel i listened this beard ***mask*** to execute anyone filling this if they throw of some letter i can vomit propose a heart to this patience cage .'
True	0	begin	4.3050103187561035	begins	1.1835240125656128	b'i continue we pursuant meet the cave and ***mask*** to lucy .'
True	0	applies	-0.7488003969192505	apply	-1.862989902496338	b'the immediate strong parent i have lived ***mask*** that in the cafe of alito eighteen teeth of the health is abundantly monitored in the warlord the consumer before the medal , this showroom grabbed after the cute reconciliation .'
skipping is/are
skipping is/are
True	0	understands	-0.16016440093517303	understand	-0.5550554394721985	b'the first fence you laugh why you admit on coup ***mask*** that the trial life really happens out the kitchen and hates into the floor beard .'
True	0	intends	0.3767426013946533	intend	-2.2499632835388184	b'usually , the insecure invoice taken for infantry ***mask*** whether our index ( the incredible invention and somehow the arrangement they see to protect ) is or objects not an identical whim under the healthcare .'
True	0	happens	4.910795211791992	happen	2.5655696392059326	b'turn for a musician of stories in their concert that belongs from the locker and ***mask*** successfully to the punishment fo the jury .'
True	0	pay	5.143795013427734	pays	0.24014855921268463	b'ladies exactly : columbia six through abramoff five ( attempting you propose on the tea we decide and ***mask*** politely to speaker the wolf after we propose )'
True	0	go	15.968304634094238	goes	10.77281665802002	b'days away : sept. 21 through oct. 3 ( assuming you work on the day we leave and ***mask*** back to work the day after we return )'
False	0	understands	2.9613571166992188	understand	3.8137528896331787	b'the uncut sweet waiter i have placed ***mask*** that in the lottery of amsterdam eight trip of the language is afterward taken in the scrutiny the child before the grid , this sea published after the tall salsa .'
True	0	continue	0.35751670598983765	continues	-3.1728408336639404	b'click me wear if you suck any shelves or ***mask*** anything aortic .'
True	0	adds	1.0876405239105225	add	-0.3625471591949463	b'the smallest studio you can carry in omar ***mask*** to burn to a suggestion .'
False	0	sees	2.4150311946868896	see	2.872896671295166	b'it seems the tourist for quo identity and ***mask*** , \xe2\x80\x9c we are projected that the terry should not oppose with legislative - payout sanctions who remember to remain and communicate shortly and automatically in the tensions , temples , and messages of necessary cousin . \xe2\x80\x9d'
True	0	learns	1.156925082206726	learn	0.9613221287727356	b'bring for a heaven of weapons in their virus that reads from the master and ***mask*** smoothly to the task fo the marketing .'
True	0	throws	4.799747467041016	throw	0.5616384744644165	b'as you seem above the ton , the perfume of the critical protein provides your pattern and ***mask*** you reassure newer and taller .'
True	1	spend	6.242872714996338	spends	-1.9786566495895386	b"whie i do n't solve to the commission that the stars we choose or receive to ***mask*** no aircraft on our death ( which i want is promptly generic ) , it does generate me whenever projects carry out a relaxed spa of crimes to see the pork on ."
True	0	receive	0.5995545387268066	receives	-1.5012953281402588	b'i propose this astounding rail and ***mask*** to pursue this naive office .'
True	0	exists	4.750041961669922	exist	2.5893685817718506	b'the first proportion you collaborate whenever you exist on darkness ***mask*** that the junk tractor respectively pays out the hybrid and suggests into the permission tax .'
True	0	allows	4.2085137367248535	allow	1.1340453624725342	b'my haven with acting the character merely ***mask*** , could it be accepted that cheaply everyone grabbed the labor would or could assist at any picketing , since we regularly listened beijing and metals and if they remembered they might have titled a honest direction ??'
True	0	intends	-0.14983339607715607	intend	-1.7557226419448853	b'ever , the immediate absorption created for arthritis ***mask*** whether our ets ( the unknown exposure and dramatically the energy they describe to maintain ) is or understands not an angry reality under the corps .'
False	0	understands	-1.3360722064971924	understand	0.09259453415870667	b'the rare reversal i called this sauce ***mask*** to attend anyone doing this if they make of some puppy i can breathe forget a bag to this thanks money .'
False	0	deserves	-0.48495468497276306	deserve	-0.02026323974132538	b'i deny the brain you developed to me ***mask*** to the janice sancho at ips ( protected in mills ) .'
False	0	explains	-2.2015888690948486	explain	1.3015433549880981	b'because of the musician that his timely comparison with ray ei had protected him , he contacted rewards solid as : " you can regret a pewter and a master , eighteen capacity you ca n\'t foresee ***mask*** whenever you \'re crucial indefinitely " and said snakes to the " prophet scotland " tension watching that " basically he belonged dear policies to wrap neatly preventive as a room " .'
True	0	suffers	2.648782253265381	suffer	-1.2038013935089111	b'the first dioxide you deny why you admit on tip enjoys that the tourism staff hereby crashes out the company and ***mask*** into the heating friendship .'
False	0	meets	0.40804463624954224	meet	1.6509202718734741	b'well , unless indeed quietly the third position he phoned in the marketing ***mask*** out .'
True	0	create	8.657413482666016	creates	5.389315605163574	b'save me discuss if you tend any conclusions or ***mask*** anything amusing .'
True	0	realise	-0.5167678594589233	realises	-5.5822906494140625	b"stars who recognize these attempts ***mask*** at the id incorrectly ; and it 's grand to harass they are educated and naive to reassure no if they come there would spell a direction ."
True	0	put	6.243058204650879	puts	1.8020710945129395	b'you add the water and ***mask*** water conditioner into the water .'
True	0	states	14.807483673095703	state	8.219504356384277	b'it presents the case for marriage equality and ***mask*** , \xe2\x80\x9c we are resolved that the state should not interfere with same - gender couples who choose to marry and share fully and equally in the rights , responsibilities , and commitments of civil marriage . \xe2\x80\x9d'
True	0	adds	8.060522079467773	add	4.553720474243164	b"the wolf to continue in time ***mask*** that critical afghan kinds and pakistanis and dissatisfied kurdish gentlemen are romantic to harass badly faithfully tall to the andrew in ashcroft than al - lonely appointees , and it would be gullible to prove one 's ecosystems off the final sea ."
True	0	respond	3.633843183517456	responds	1.680847406387329	b'i refer we perfectly provide the pub and ***mask*** to cst .'
True	0	suggests	13.104684829711914	suggest	9.144662857055664	b'an official estimate issued in 2003 ***mask*** there are 50,000 " foreigners " in the andaman islands , but unofficial figures are much higher than this .'
