True	1	exists	1.5134822130203247	exist	-0.5425728559494019	b'the organised massive skin that he depends ***mask*** that he thus sends his rights and nowadays tells lazy with his northeastern merchant .'
True	0	ensures	-4.37803840637207	ensure	-4.847958087921143	b'because of the paperwork that his terrible father with dental alan had shared him , he saved wonders continental as : " you can retake a programming and a problem , eighteen song you ca n\'t gather ***mask*** whenever you \'re humble abroad " and discussed nostrils to the " future korea " dish removing that " primarily he said pakistani hands to reassure thus vital as a receipt " .'
True	0	admits	0.7029975652694702	admit	-0.2702069878578186	b'the first settlement you suggest whenever you extend on rumor ***mask*** that the premium media slowly melts out the culture and dies into the belly fever .'
True	0	spill	0.9419728517532349	spills	-0.33006584644317627	b'if you choose any holdings or ***mask*** any electricity ethnically already , please tell sarah gm at six or crawford kevin at nine .'
True	0	decide	3.6445670127868652	decides	1.5508630275726318	b'please groom me translate if you prefer any forums or ***mask*** anything obvious .'
True	0	approves	0.11863955855369568	approve	-1.6690257787704468	b"the sauce to recruit in pastor ***mask*** that full european complexes and communists and strange jewish species are conventional to hang soon thereby violent to the amsterdam in isi than al - taiwan animals , and it would be numerous to recover one 's alarms off the governmental radar ."
True	0	operates	-0.20959345996379852	operate	-1.427464485168457	b'the first loan you respond why you indicate on frequency ***mask*** that the time remainder finally belongs out the speech and pays into the zoo technology .'
True	1	insist	-3.0369365215301514	insists	-3.413243293762207	b'the ecological wines we believe in our night ***mask*** ; we come drawer today for easter , rivalry difficulty and weapon - machine for louisiana .'
True	0	deserve	0.443372905254364	deserves	-1.7555187940597534	b'please make me verify if you require any dancers or ***mask*** anything underage .'
True	0	tend	5.562856197357178	tends	1.7585954666137695	b'i consider this adequate reputation and ***mask*** to relate this dangerous event .'
True	0	use	11.856172561645508	uses	7.047239780426025	b'they always ask if you have meat in your dish , ( for vegetarians like me ) , they scrub an area of the grill and ***mask*** separate utensils to cook .'
True	0	adds	3.308466672897339	add	1.857346534729004	b'the first reduction you believe why you intend on decor ***mask*** that the commission soil specifically becomes out the virus and leads into the spirit market .'
False	0	adds	-1.8598954677581787	add	-0.7342912554740906	b'the effective communication to thank for romantic ***mask*** to pursue three , or your boy tumor software behavior , and encourage .'
True	1	remain	5.5828070640563965	remains	2.1478400230407715	b'but unbelievable malls do describe the quiz they prefer he will replace , and the artists who remain him ***mask*** to investigate the appointments who extend him .'
False	2	explain	-2.9736106395721436	explains	-0.6586729288101196	b'the overcrowded strategic tourists that strictly would meet from meditation ***mask*** misunderstanding , bladder , poisoning , jerk , pure target and lovely rebels of marketers and cleaners -- previous as the doug snack .'
True	0	suggest	8.828102111816406	suggests	3.1080129146575928	b'if you condemn any disasters or ***mask*** any error economically afterward , please specify butcher samuel at fifteen or tet nov at six .'
True	0	tend	7.269474506378174	tends	2.992159366607666	b'i seem we promptly suck the disaster and ***mask*** to jafar .'
True	0	represent	1.8241914510726929	represents	0.034246861934661865	b'follow me predict if you put any publications or ***mask*** anything impenetrable .'
True	1	exist	0.7160025835037231	exists	-0.3614376187324524	b'the electrostatic fisheries we develop in our monkey ***mask*** ; we listen perspective wall for easter , planet testimony and supervisor - budget for wii .'
True	1	employ	-0.9666548371315002	employs	-1.6672569513320923	b'i develop the liberals on which i should lace your gender ***mask*** : ( a ) do you pour a painful requirement about the cafeteria to delighted swap shops begun by andaman andre ?'
True	0	enters	0.9448103904724121	enter	-1.2496196031570435	b'my career with using the fantasy frequently ***mask*** , could it be eaten that perfectly everyone bought the swap would or could eat at any justice , since we happily prevented veterinary and wars and if they gave they might have grown a scientific blackmail ??'
True	0	represent	-1.7129181623458862	represents	-5.41579532623291	b'i deny this expensive customer and ***mask*** to remember this costly atrophy .'
False	0	understands	2.330315589904785	understand	3.624438524246216	b'instead , the effective extent killed for editor ***mask*** whether our usb ( the unaware obligation and nearly the exclusion they pose to compel ) is or involves not an obvious curve under the purse .'
True	0	tells	1.4785325527191162	tell	-3.914823055267334	b'the first goodness you laugh whenever you agree on testimony appears that the discovery king presently cares out the filter and ***mask*** into the salsa competition .'
True	2	enjoy	0.43614476919174194	enjoys	-1.3913289308547974	b'the overwhelming short properties that primarily would dial from lottery ***mask*** termination , divorce , term , wagon , militant salt and downstream martyrs of methods and wounds -- soothing as the karl separation .'
True	0	dies	4.651140213012695	die	0.5759743452072144	b'as you sell above the rape , the temper of the complicated stone feels your nature and ***mask*** you grow lighter and newer .'
True	0	makes	3.251868724822998	make	0.5359322428703308	b'put for a button of centuries in their reviewer that pays from the defence and ***mask*** historically to the bluff fo the reaction .'
True	1	carry	1.691863775253296	carries	-3.8235065937042236	b'but automatic millions do cancel the tutorial they dislike he will wash , and the explosives who provide him ***mask*** to argue the edges who insist him .'
True	0	expect	1.3891416788101196	expects	0.21235710382461548	b'they especially include if you die reaction in your separation , ( for transfers like me ) , they believe an investment of the teacher and ***mask*** barren officials to receive .'
True	1	assumes	7.878593444824219	assume	3.4250259399414062	b'the insecure weird shelter that he suggests ***mask*** that he possibly depends his participants and vigorously blames relevant with his funny process .'
True	1	approves	1.1842999458312988	approve	-1.7325623035430908	b'the enjoyable huge wing that he melts ***mask*** that he generally loves his hearings and properly relates conscious with his similar difficulty .'
True	1	begin	1.5814292430877686	begins	-4.923620223999023	b"whie i do n't consider to the discussion that the cabins we wash or meet to ***mask*** no user on our corps ( which i deserve is wholly conservative ) , it does mention me why ranchers die out a prior homeland of things to hear the vulnerability on ."
True	1	include	12.22878360748291	includes	7.6941237449646	b'important species that probably would decline ***mask*** shrimp , capelin , greenland halibut and some varieties of flatfish .'
True	0	represents	-4.493597984313965	represent	-5.819249629974365	b'well , unless abruptly harshly the third siege he paid in the mosque ***mask*** out .'
True	0	tend	-0.5220411419868469	tends	-5.126401901245117	b'if you laugh any flowers or ***mask*** any omnibus incredibly entirely , please breathe fred gerald at twenty or coogan medici at thirty .'
True	0	look	21.69599151611328	looks	14.348636627197266	b"workers who do these introductions ***mask*** at the interaction objectively ; and it 's good to see they are able and willing to say no if they feel there would be a problem ."
True	2	agree	-1.2100856304168701	agrees	-2.5936388969421387	b'the usual noble peoples that freely would reduce from role ***mask*** dispute , tin , portion , studio , mass bravery and cultural ladies of years and forums -- fundamentalist as the francis pillow .'
True	0	belongs	14.589816093444824	belong	9.847393035888672	b'i believe the message you forwarded to me ***mask*** to the mark taylor at ei ( based in london ) .'
False	1	allows	0.6125573515892029	allow	0.7067446708679199	b'the potable mistake properties believe there ***mask*** flee to the surgery .'
True	1	define	0.11499552428722382	defines	-4.700981140136719	b'but insecure symptoms do rush the humanity they suck he will serve , and the extremists who lose him ***mask*** to amend the ants who include him .'
False	1	ensure	0.814957857131958	ensures	1.1800336837768555	b'the ordinary wars we require in our tuna ***mask*** ; we suggest traveler dryer for easter , climate channel and propane - millet for stark .'
skipping is/are
True	1	want	10.889525413513184	wants	4.837035179138184	b'but inner declarations do customize the leaf they seem he will harass , and the immigrants who lose him ***mask*** to eat the injuries who enjoy him .'
True	0	deserves	-1.4871742725372314	deserve	-3.0948352813720703	b'a bill cult accepted in scott three ***mask*** , " due to its ticket astride the christmas cambodia , iss has now been a trauma to the suicide .'
False	2	affirm	-3.145458221435547	affirms	-3.145458221435547	b'the affluent strong wishes that desperately would sell from movie ***mask*** feedback , territory , size , lifestyle , crazy highway and heavy rounds of laws and politics -- fatal as the youngstown belief .'
False	1	admits	-2.268183469772339	admit	-0.054589882493019104	b'the capable treatment contractors recommend there ***mask*** ruin to the coordinator .'
True	0	go	14.304865837097168	goes	8.500500679016113	b'i say we just keep the dough and ***mask*** to mexico .'
True	1	begin	10.451438903808594	begins	6.320531368255615	b'but incorrect cm do come the flower they refuse he will believe , and the effects who respond him ***mask*** to emit the opportunities who operate him .'
False	0	throws	-1.5185356140136719	throw	-0.990390956401825	b'otherwise ensure your peoples to burn this aggressively to their homes , and deeply unfortunately , so that the globe to deny her ***mask*** appropriately .'
True	0	serve	4.823356628417969	serves	0.2862791121006012	b'i refuse this adequate clinic and ***mask*** to vary this superb income .'
True	0	meets	2.1067607402801514	meet	-1.6908836364746094	b'it believes the bird for server exchange and ***mask*** , \xe2\x80\x9c we are reimbursed that the whipple should not examine with grand - product ships who meet to reduce and cancel personally and altogether in the slaves , nails , and curtains of personal compliance . \xe2\x80\x9d'
True	0	develops	0.2959447503089905	develop	-2.5873641967773438	b'well , unless initially legally the third guitar he considered in the source ***mask*** out .'
False	0	enters	-2.09544038772583	enter	-1.5698444843292236	b'the critical testimony i planned this chocolate ***mask*** to add anyone failing this if they represent of some comfort i can monitor suggest a curtain to this today cage .'
False	0	deserves	-0.825222909450531	deserve	0.2538578510284424	b'if you propose a country who will propose to you and see he will absorb and then convince his meditation , and not tell what he is sending about why he supports conclusions at extensive sandwiches and ***mask*** they arrive what you pick , why they will not hire for you , transmit to this rivalry ... he is the affection for you .'
True	1	indicate	0.8883039951324463	indicates	0.04009530693292618	b'the influential drugs we continue in our swing ***mask*** ; we pick delivery harmony for easter , virus phrase and settlement - coal for yellowstone .'
False	1	extends	-2.036524772644043	extend	-1.7027826309204102	b'the lovely tournament cows deny there ***mask*** circulate to the thread .'
False	0	observes	-4.401972770690918	observe	-2.978520631790161	b'the youngest loan you can seem in ivan ***mask*** to develop to a drying .'
True	0	allows	2.6982076168060303	allow	0.4490038752555847	b'almost , the embarrassing earthquake requested for oil ***mask*** whether our aa ( the absurd image and precisely the acupuncture they decide to recruit ) is or involves not an innovative tube under the fare .'
True	0	compares	-1.6386523246765137	compare	-2.6147825717926025	b'the first television you require whenever you exist on guest explains that the city minister solely writes out the duty and ***mask*** into the month knee .'
True	0	grows	7.878021240234375	grow	4.672615051269531	b'the first dinner you pay whenever you allow on pig involves that the compliance field financially sees out the language and ***mask*** into the consensus ton .'
True	0	operates	-3.501863479614258	operate	-4.611146926879883	b'because of the phone that his potable flower with naval amelia had meant him , he reported properties pleasant as : " you can print a language and a tabs , eighteen stream you ca n\'t raise ***mask*** why you \'re beautiful utterly " and threw restrictions to the " kerry warren " cup ranging that " totally he handled judicial tensions to reflect reportedly dangerous as a terror " .'
True	2	include	2.571563720703125	includes	2.569532632827759	b'the arrogant difficult weekends that successfully would maintain from star ***mask*** soul , season , plot , path , narrow corner and nuclear minds of scientists and surgeons -- faithful as the starbucks crate .'
True	0	refuses	-0.3866615891456604	refuse	-2.1292903423309326	b'well , unless indoors strongly the third paper he passed in the campus ***mask*** out .'
True	0	extends	-2.052156925201416	extend	-3.1471352577209473	b"the tide to compete in participant ***mask*** that dwarf armed sports and professors and tricky syrian worries are distinguished to migrate soon seldom joint to the agra in ireland than al - laura allegations , and it would be neat to foresee one 's options off the tolerable disappointment ."
False	1	enjoys	-3.8436803817749023	enjoy	-3.2896013259887695	b'the maximum dirt pairs become there ***mask*** translate to the theatre .'
True	0	generate	-1.905778169631958	generates	-2.3427839279174805	b"stars who put these animals ***mask*** at the ad immensely ; and it 's soothing to raise they are executive and handy to wrap no if they learn there would hesitate a steam ."
False	0	assumes	-2.093369483947754	assume	-0.7374730110168457	b"the daughter to generate in housing ***mask*** that dwarf european guns and travels and bound final transactions are vital to convince soon however nuclear to the emma in ahmed than al - chevron openings , and it would be generous to carry one 's atrocities off the manned console ."
True	0	make	4.195769786834717	makes	3.2279744148254395	b'mechanics pose the investment but ***mask*** her glaring predator and the moon demonstrates .'
True	0	learns	5.233920097351074	learn	3.6570184230804443	b'it leads the nephew for forum upgrade and ***mask*** , \xe2\x80\x9c we are contacted that the denton should not invite with foreign - security performers who provide to listen and bother still and altogether in the starters , stars , and casualties of knowledgeable slice . \xe2\x80\x9d'
True	0	hear	8.594565391540527	hears	3.6227588653564453	b'please destroy me grab if you pay any seconds or ***mask*** anything aggressive .'
False	1	affirms	1.1815332174301147	affirm	1.1815332174301147	b'the healthy trip masks realize there ***mask*** lose to the freighter .'
True	0	spends	2.6870646476745605	spend	-0.17637400329113007	b'about expect your wheels to burn this incredibly to their managers , and separately apart , so that the crate to harass her ***mask*** approximately .'
False	0	exists	-0.31344181299209595	exist	0.3885553479194641	b'because of the tank that his secondary pewter with nyc abby had checked him , he testified hosts blind as : " you can communicate a nausea and a plate , eight pasture you ca n\'t spend ***mask*** why you \'re certain exceptionally " and saved missions to the " sam ds " misfortune circling that " slowly he slept nepalese nails to define shortly vain as a dryer " .'
True	0	relate	3.2574031352996826	relates	0.6231468319892883	b'you affirm the distinction and ***mask*** platform trauma into the letter .'
True	0	dies	3.258572816848755	die	2.451728343963623	b'well , unless overwhelmingly precisely the third territory he seized in the commission ***mask*** out .'
True	0	exists	2.6146934032440186	exist	0.8806275725364685	b'the healthy personality i provided this rock ***mask*** to add anyone leading this if they believe of some teacher i can prove bless a visitor to this shuttle deal .'
True	0	come	4.180999279022217	comes	2.7336559295654297	b'i deserve this arrogant shine and ***mask*** to throw this rude id .'
True	0	represents	5.902397632598877	represent	2.553941249847412	b'can you interfere that the scholarship we are joking ***mask*** toward a tired and messy drama ?'
True	0	demonstrate	0.07830484956502914	demonstrates	-1.57626211643219	b'you indicate the dryer and ***mask*** nightlife context into the meantime .'
True	1	appear	-2.7485501766204834	appears	-3.8506505489349365	b'average prisoners that potentially would solve ***mask*** ft , creativity , washington partnership and some periods of customers .'
False	0	generates	-5.42901611328125	generate	-3.7122039794921875	b'a jen window allowed in cole twenty ***mask*** , " due to its breath astride the gerald finland , abdul has freely been a flower to the suicide .'
True	0	begins	0.39940065145492554	begin	-0.210062175989151	b'if you prefer a star who will remove to you and sail he will adjust and then raise his fire , and not vary what he is jumping about whenever he gives neighbors at authentic babies and ***mask*** they extend what you put , whenever they will not join for you , transmit to this path ... he is the article for you .'
False	0	employs	-6.001459121704102	employ	-5.613259792327881	b'the unfortunate tabs i carried adequately from them in the first direction ***mask*** because my national vulnerability who answered with them was joking out on his accurate .'
False	0	delivers	-3.8819737434387207	deliver	-1.2280399799346924	b'if you suck a woman who will bother to you and predict he will eat and then bless his tariff , and not squeeze what he is growing about why he relates creatures at identical lyrics and ***mask*** they apply what you consider , why they will not sail for you , tell to this prostitute ... he is the advancement for you .'
False	0	refuse	1.5476360321044922	refuses	1.7181156873703003	b'copies throw the aircraft but ***mask*** her complicated drying and the path belongs .'
False	0	ensures	-5.810686111450195	ensure	-1.5339200496673584	b'because of the spreadsheet that his hostile tomorrow with janet alaska had tended him , he waited cm necessary as : " you can foresee a hour and a thermometer , eighteen requirement you ca n\'t come ***mask*** why you \'re visual effectively " and belonged courses to the " baudelaire brazil " team preventing that " potentially he refused few policies to settle just western as a foster " .'
True	0	admits	-1.1367567777633667	admit	-4.193112373352051	b'absolutely , the outer assault guaranteed for episode ***mask*** whether our er ( the impeccable amendment and perfectly the officer they decide to meet ) is or affects not an ethnic joke under the steel .'
True	1	expect	-1.1519373655319214	expects	-6.165866851806641	b'excellent minerals that frequently would pursue ***mask*** strategies , sky , kenneth season and some patients of beliefs .'
False	0	says	10.966767311096191	say	11.334447860717773	b'if you want a doctor who will lie to you and say he will operate and then change his mind , and not know what he is talking about when he recommends procedures at other hospitals and ***mask*** they are what you need , when they will not work for you , go to this doctor ... he is the one for you .'
False	0	enters	-4.274252414703369	enter	-2.025286912918091	b'because of the traveler that his conservative lunch with tx england had dominated him , he began times massive as : " you can reflect a soup and a propane , eighteen shrapnel you ca n\'t verify ***mask*** why you \'re toxic increasingly " and testified beliefs to the " lewis texas " waist pulling that " largely he booked rude plants to concur rapidly sensitive as a growth " .'
True	0	loses	3.213846206665039	lose	1.3330073356628418	b'get for a grandson of supporters in their lens that wakes from the deadline and ***mask*** whatsoever to the store fo the conviction .'
True	0	respond	1.2648512125015259	responds	-2.076809883117676	b"terms who meet these allegations ***mask*** at the alliance apparently ; and it 's grand to reconsider they are ominous and tropical to tighten no if they deserve there would relate a glass ."
True	0	sucks	0.658848762512207	suck	0.466098427772522	b'well , unless equally probably the third rape he caused in the stuff ***mask*** out .'
True	0	receive	2.4845993518829346	receives	0.15680643916130066	b'please submit me censor if you consider any reviewers or ***mask*** anything obsessed .'
False	0	suggests	3.9061129093170166	suggest	4.451092720031738	b'an essential information employed in fifty ***mask*** there agree three " practices " in the eye indians , but unnamed cartoons are shortly newer than this .'
True	1	suggest	2.7833540439605713	suggests	-1.6638351678848267	b"whie i do n't compete to the popularity that the losses we make or realize to ***mask*** no accident on our seed ( which i sell is financially covert ) , it does raise me why sanctions prefer out a dramatic humanity of ports to rush the junk on ."
True	0	tends	-3.518996000289917	tend	-3.8476898670196533	b'a nixon width estimated in sunday billion ***mask*** , " due to its discretion astride the philip larry , oglethorpe has slowly been a resolution to the cpi .'
True	0	operates	0.43673044443130493	operate	-1.026871919631958	b'additionally , the urban interceptor cleaned for aunt ***mask*** whether our advice ( the electrostatic oil and fully the instability they provide to participate ) is or objects not an odd honesty under the responsibility .'
skipping is/are
False	0	includes	0.03264961391687393	include	0.07397066801786423	b'the richest fee you can dial in agra ***mask*** to migrate to a selection .'
True	0	hear	-1.0603206157684326	hears	-1.939643144607544	b'i pay this overwhelming sensitivity and ***mask*** to become this tactical injustice .'
False	1	ensures	-7.498784065246582	ensure	-5.738112449645996	b'the confidential success headlines consider there ***mask*** disappear to the wall .'
True	0	enjoys	-1.2550349235534668	enjoy	-2.8294272422790527	b'the stressful landlord i hired this master ***mask*** to oppose anyone hoping this if they laugh of some cooperation i can fill satisfy a chairman to this support performance .'
True	0	happen	0.5760626196861267	happens	-1.645716667175293	b'feel me vanish if you proceed any clergy or ***mask*** anything acrylic .'
True	0	happen	2.5314509868621826	happens	1.6507580280303955	b'i put we completely learn the gang and ***mask*** to stephen .'
True	0	enjoy	6.471086502075195	enjoys	0.6920448541641235	b'they eventually operate if you want tea in your pact , ( for developments like me ) , they refuse an upheaval of the hobby and ***mask*** thorough appropriations to tend .'
False	0	learns	-0.17460747063159943	learn	0.44380950927734375	b'i tell the courtesy you spoke to me ***mask*** to the mart connecticut at earl ( suggested in san ) .'
skipping is/are
True	0	indicates	7.4643659591674805	indicate	4.050506591796875	b'otherwise , the inevitable explanation promised for exam ***mask*** whether our account ( the alchemical apartment and typically the incident they thank to warrant ) is or intends not an authentic lawyer under the title .'
True	0	refuses	0.39351803064346313	refuse	-2.169623613357544	b'this lunch of photograph feels around the crew s blog and sheep and ***mask*** a diplomat for the cent again on the cake of the reintroduction in documentation of society politics .'
False	0	belongs	-3.896484851837158	belong	-3.1892786026000977	b'a taj possibility occurred in portland trillion ***mask*** , " due to its jihad astride the louisiana hamilton , australia has downhill been a conspiracy to the para .'
False	0	compares	-3.55513072013855	compare	-2.7544326782226562	b'an endless infrastructure increased in three ***mask*** there assume four " transfers " in the ali indians , but useless blocks are jointly safer than this .'
True	0	belong	-2.866231679916382	belongs	-5.05532169342041	b'you operate the centre and ***mask*** memo fire into the car .'
True	0	expects	0.3229997158050537	expect	-0.9647215008735657	b"the crowd to discuss in snow ***mask*** that parisian antique disasters and professors and soothing medieval sons are huge to reassure soon possibly shocked to the antichrist in argentina than al - chief atrocities , and it would be digital to tell one 's analysts off the permanent directive ."
False	1	affirm	0.5344635248184204	affirms	0.5344635248184204	b'i see the sons on which i should receive your revolution ***mask*** : ( a ) do you rub a bland heart about the creativity to dead coffee photos presented by amsterdam andrew ?'
True	0	need	12.85933780670166	needs	8.998467445373535	b'let me know if you have any questions or ***mask*** anything else .'
True	0	come	6.000730037689209	comes	2.8807387351989746	b"ladies who continue these experts ***mask*** at the ear indoors ; and it 's scary to recruit they are explosive and desperate to greet no if they suppose there would remind a service ."
True	0	intends	0.519338846206665	intend	-1.8162360191345215	b'the immediate flank to survive for pure ***mask*** to monitor fifty , or your hospitality homeland boulevard schooling , and achieve .'
False	0	affirms	1.2922906875610352	affirm	1.2922906875610352	b'the richest goodness you can compensate in eric ***mask*** to come to a crab .'
True	1	intends	-2.381054639816284	intend	-3.294856309890747	b'the large queen reviewers want there ***mask*** thank to the relation .'
skipping is/are
True	0	represent	2.052438497543335	represents	-1.7158935070037842	b"terms who consider these analyses ***mask*** at the editor environmentally ; and it 's superb to click they are excellent and ready to maintain no if they believe there would maintain a date ."
True	0	recognize	2.2835662364959717	recognizes	-2.0430257320404053	b'reports occasionally : fabio thousand through ontario five ( expecting you recognize on the litter we hear and ***mask*** respectfully to system the mile after we continue )'
False	0	ensures	-5.405395030975342	ensure	-4.41317081451416	b'the arrogant detective to compel for homeless ***mask*** to disappear four , or your cop pup carbon channel , and oppose .'
True	0	realise	-2.368020534515381	realises	-3.896728754043579	b'you allow the distance and ***mask*** climber preference into the majority .'
False	0	assumes	-2.0061020851135254	assume	-1.928688645362854	b'the understandable dryer to cook for devastating ***mask*** to reduce fifty , or your rotation father volume vegetable , and execute .'
True	0	develop	7.904977321624756	develops	1.8186323642730713	b'learn me promote if you continue any cabins or ***mask*** anything asymmetrical .'
True	0	spend	2.324873924255371	spends	-0.846948504447937	b'decisions indefinitely : williams five through edinburgh nine ( expanding you realize on the phase we die and ***mask*** previously to proportion the gambling after we die )'
True	1	come	5.883925437927246	comes	3.059375762939453	b'but electoral girls do suggest the shine they proceed he will click , and the observers who decide him ***mask*** to implement the earthworms who arrive him .'
True	0	recommends	1.7096819877624512	recommend	-0.1301509439945221	b'as you carry above the perfume , the rumor of the latter pot stands your context and ***mask*** you generate taller and fewer .'
True	0	reacts	-0.7942383289337158	react	-2.3338451385498047	b'a ny coat approved in del three ***mask*** , " due to its drawer astride the hamilton gmt , argentina has wonderfully been a response to the country .'
True	0	want	5.645205974578857	wants	2.012929677963257	b'i put we presently see the bottle and ***mask*** to gm .'
True	0	understand	0.8176063299179077	understands	-2.508418083190918	b'they aggressively intend if you provide division in your chance , ( for flats like me ) , they pay an intention of the supervisor and ***mask*** heavy animals to register .'
True	1	seem	15.822014808654785	seems	10.420707702636719	b'but other people do like the way they think he will vote , and the ones who favor him ***mask*** to outnumber the ones who oppose him .'
False	0	extends	-3.9552419185638428	extend	-3.682884693145752	b'the obsessed coding i built actually from them in the first chair ***mask*** because my distinguishing security who owned with them was returning out on his unknown .'
True	0	pays	1.133419156074524	pay	0.31622350215911865	b'put for a hangar of symptoms in their disaster that leads from the selection and ***mask*** quickly to the complaint fo the movie .'
True	0	begin	4.4032721519470215	begins	0.6745699644088745	b'stay me settle if you remain any rooms or ***mask*** anything impossible .'
True	0	consider	4.999143600463867	considers	-0.5967139601707458	b'put me disrupt if you pay any fry or ***mask*** anything eager .'
True	1	create	5.93891716003418	creates	-0.8546459078788757	b"whie i do n't postpone to the danger that the chores we deserve or die to ***mask*** no office on our context ( which i deserve is routinely sensitive ) , it does wear me whenever politics reflect out a successful photograph of fruits to die the shuttle on ."
False	0	makes	-0.01662905514240265	make	1.7801806926727295	b'i put the knife you won to me ***mask*** to the barcelona carter at aid ( sought in la ) .'
True	0	learns	2.539074182510376	learn	-3.3306057453155518	b'the first beer you die whenever you enjoy on freight affects that the blower surgeon routinely walks out the suspicion and ***mask*** into the roof disability .'
True	0	remembers	0.8513826131820679	remember	-1.6775106191635132	b'instead adjust your citizens to promote this apparently to their blocks , and financially actually , so that the scale to make her ***mask*** automatically .'
False	0	appears	-0.07226894050836563	appear	0.4502928853034973	b'because of the volume that his sunny paradise with dhaka angie had promised him , he became laptops mere as : " you can recommend a sickness and a scientist , eight forgiveness you ca n\'t commit ***mask*** whenever you \'re recent already " and raised postcards to the " vi jafar " paper hunting that " forth he felt medieval missiles to deliver previously slick as a supervisor " .'
True	0	goes	7.868751049041748	go	4.955889701843262	b'well , unless of course the third compressor he put in the car ***mask*** out .'
False	1	allow	1.6901512145996094	allows	1.8802869319915771	b'i realize the wars on which i should revise your hunt ***mask*** : ( a ) do you prescribe a catastrophic week about the racing to collective flank countries fallen by eurasia ireland ?'
True	0	deserve	2.6730732917785645	deserves	0.5016849637031555	b'please remember me pick if you seem any hearings or ***mask*** anything uncut .'
True	1	believe	0.8013704419136047	believes	-3.646489381790161	b"whie i do n't remain to the propaganda that the bombs we pick or come to ***mask*** no instability on our gentleman ( which i pale is highly municipal ) , it does preserve me whenever rules wash out a revolutionary justification of lions to clarify the bean on ."
True	0	writes	6.318335056304932	write	1.9992446899414062	b'beware for a theme of snakes in their stylist that cares from the neighbor and ***mask*** strongly to the membership fo the torch .'
False	0	insists	-2.335723638534546	insist	-1.4862661361694336	b'the angry cancer to melt for surgical ***mask*** to hop three , or your vehicle gown pork handful , and achieve .'
skipping is/are
True	0	happens	-0.10480158030986786	happen	-1.5240201950073242	b'a dorsey dad arrayed in capricorn billion ***mask*** , " due to its trial astride the walker lanka , orleans has strictly been a bus to the type .'
False	0	remains	2.7796008586883545	remain	3.386294364929199	b'as you proceed above the bakery , the staff of the beloved streak seems your strife and ***mask*** you remain stronger and clearer .'
True	0	create	1.1141778230667114	creates	-4.466866493225098	b'sales usually : cass four through university thirty ( expanding you wash on the monkey we tolerate and ***mask*** quietly to grandson the conviction after we tolerate )'
True	0	refer	3.583631753921509	refers	1.650161623954773	b'forces indeed : rahman twenty through atta thousand ( obtaining you pay on the wasp we hear and ***mask*** willingly to conspiracy the rejection after we spend )'
True	1	suggest	4.342638969421387	suggests	0.4103858470916748	b"whie i do n't forget to the government that the videos we believe or pay to ***mask*** no exploration on our butterfly ( which i tell is politically manned ) , it does digest me whenever genitals learn out a powerful button of burgers to want the notification on ."
True	0	define	2.778460741043091	defines	-2.2487776279449463	b'watch me choose if you make any surprises or ***mask*** anything advanced .'
True	2	observe	-5.680213451385498	observes	-6.057683944702148	b'the able tough marketers that seldom would describe from calf ***mask*** furnace , compliance , penalty , platform , consistent bakery and bankrupt newspapers of birds and holidays -- democratic as the grill wasp .'
False	0	pays	-1.352180004119873	pay	-0.6482973098754883	b'if you see a lot who will vary to you and compete he will arrange and then carry his today , and not thank what he is preparing about whenever he holds leaders at efficient secretaries and ***mask*** they include what you choose , whenever they will not communicate for you , prepare to this landlord ... he is the information for you .'
True	1	enjoy	0.42635631561279297	enjoys	-1.4889390468597412	b'additional grandchildren that thereby would reduce ***mask*** friends , birthday , hubbard dresser and some deaths of towels .'
False	1	believe	3.584177255630493	believes	3.7824180126190186	b'but eager launchers do digest the relationship they tell he will conclude , and the appropriations who put him ***mask*** to endanger the attorneys who apologize him .'
True	0	reports	11.175393104553223	report	6.873828887939453	b'a milnet brief issued in february 2005 ***mask*** , " due to its position astride the persian gulf , iran has constantly been a threat to the gulf .'
False	0	develops	-3.00992751121521	develop	-1.7935879230499268	b'if you continue a coast who will miss to you and seem he will attend and then come his language , and not climb what he is telling about why he sends gifts at accurate services and ***mask*** they insist what you put , why they will not pay for you , make to this wording ... he is the expansion for you .'
skipping is/are
False	0	enjoys	-5.446791648864746	enjoy	-2.812826633453369	b'the eligible jihad i fell extremely from them in the first camera ***mask*** because my digital cake who agreed with them was causing out on his overwhelming .'
True	0	enjoys	-0.9799074530601501	enjoy	-1.3943432569503784	b'the strongest growth you can censor in aldo ***mask*** to recommend to a clothing .'
True	0	realise	-4.798286437988281	realises	-5.562045574188232	b'i decide we willingly prefer the hamster and ***mask*** to mcdonald .'
True	0	provides	-3.563465118408203	provide	-3.6298115253448486	b'again argue your budgets to revise this afterward to their tools , and willingly environmentally , so that the scam to commit her ***mask*** abroad .'
True	0	grows	6.344480514526367	grow	3.9438230991363525	b'this dove of vision submits around the pyramid s creation and drinks and ***mask*** a monkey for the flood eventually on the network of the mayor in preacher of role daughters .'
True	0	create	3.5373880863189697	creates	-0.6758421063423157	b'please specify me receive if you collaborate any lights or ***mask*** anything indefinite .'
True	0	relate	3.5495858192443848	relates	1.7062443494796753	b'if you reflect any papers or ***mask*** any info approximately accordingly , please hesitate balochistan corp at four or fei sadat at billion .'
True	0	insists	-2.1724603176116943	insist	-4.272703647613525	b'the strongest cake you can spell in archibald ***mask*** to raid to a wording .'
True	0	tosses	-0.23772990703582764	toss	-1.3781644105911255	b'watch for a gallery of links in their midst that becomes from the hospitality and ***mask*** nowadays to the nightmare fo the server .'
False	2	allow	-0.4218524098396301	allows	0.278319776058197	b'the ancient dumb debtors that nowadays would receive from transition ***mask*** poverty , paradise , justice , gym , weak millet and familiar files of movies and currents -- fashioned as the bart radar .'
True	0	carries	-0.15511618554592133	carry	-0.1579570770263672	b'an outward assassination imprisoned in trillion ***mask*** there agree seven " cm " in the august operations , but urban posters are maybe safer than this .'
True	0	refuses	0.776674211025238	refuse	-1.388167142868042	b'the first disgrace you serve why you oppose on chase objects that the ticket campaign respectfully happens out the lens and ***mask*** into the conflict wasp .'
False	0	spills	0.15199029445648193	spill	5.090980052947998	b'the first thing you notice when you arrive on location is that the waiting line literally goes out the door and ***mask*** into the parking lot .'
False	0	responds	-0.655121922492981	respond	0.7701263427734375	b'actually enjoy your cheques to remember this especially to their vests , and frankly onboard , so that the medicine to compel her ***mask*** indoors .'
True	0	includes	5.919240474700928	include	4.103756904602051	b'the first tape you require why you anticipate on date ***mask*** that the profile supplier mostly creates out the discomfort and reflects into the fist husband .'
True	0	need	12.85933780670166	needs	8.998467445373535	b'let me know if you have any questions or ***mask*** anything else .'
True	0	creates	3.6493735313415527	create	-0.3414037525653839	b'the first spine you serve why you anticipate on northeast enjoys that the discount judgment locally contains out the lamp and ***mask*** into the sentiment client .'
True	0	assumes	3.164623975753784	assume	1.529527187347412	b'unfortunately , the unexpected expertise signed for interest ***mask*** whether our epc ( the urban opportunity and thereby the influence they collaborate to warn ) is or enjoys not an eligible boyfriend under the discovery .'
True	0	includes	3.0643014907836914	include	2.128939390182495	b"the coup to destroy in habitation ***mask*** that dwarf important provinces and republicans and rude hard people are tired to come badly virtually ready to the ayatollah in art than al - cass organisations , and it would be courteous to reduce one 's introductions off the delighted longevity ."
True	0	assume	1.2685810327529907	assumes	-1.5536895990371704	b'they importantly include if you throw discount in your tire , ( for reptiles like me ) , they sell an edit of the beginner and ***mask*** neurological expectations to bless .'
skipping is/are
True	1	receive	5.6684250831604	receives	2.0793232917785645	b"whie i do n't marry to the golf that the crews we refer or deny to ***mask*** no artwork on our volume ( which i come is virtually severe ) , it does pick me whenever transfers seem out a memorable tool of birds to retaliate the clay on ."
True	0	serves	1.8280000686645508	serve	1.7820699214935303	b'if you tend a news who will put to you and greet he will assess and then recruit his gravy , and not recruit what he is stepping about why he remembers hijackers at investigative minutes and ***mask*** they affirm what you condemn , whenever they will not spawn for you , groom to this pup ... he is the audience for you .'
True	0	recommend	1.3639816045761108	recommends	-3.662001132965088	b'if you receive any words or ***mask*** any appearance accidentally actively , please prepare germany brooklyn at trillion or colorado beth at three .'
True	0	decide	3.5804896354675293	decides	-2.1421523094177246	b"mechanics who meet these updates ***mask*** at the item everywhere ; and it 's subtle to decide they are aged and timely to begin no if they throw there would recover a status ."
True	0	happens	0.40317779779434204	happen	-4.26656436920166	b'this merger of feedback brings around the grain s shuttle and moderates and ***mask*** a diarrhea for the threat exponentially on the currency of the diversion in woman of pipe graphics .'
True	0	suggests	2.490507125854492	suggest	1.7257987260818481	b'if you seem a panel who will demonstrate to you and hire he will immigrate and then verify his magnitude , and not determine what he is helping about whenever he believes marketers at educated bands and ***mask*** they affirm what you die , whenever they will not spawn for you , notify to this foreigner ... he is the unwillingness for you .'
False	1	operates	-3.830491542816162	operate	-3.0391180515289307	b'the historical voting movements wash there ***mask*** breathe to the passport .'
True	0	belongs	0.7335315942764282	belong	-0.5165778994560242	b'this flipping of news depends around the racism s county and colleagues and ***mask*** a coast for the culture unfortunately on the satisfaction of the difference in paperwork of merger postings .'
True	0	enjoys	-1.3441663980484009	enjoy	-2.9438624382019043	b'the hardest blog you can begin in edwin ***mask*** to pursue to a tank .'
True	0	grows	4.585748672485352	grow	2.3499033451080322	b'as you collaborate above the machine , the tsunami of the cruel lamb receives your cave and ***mask*** you remember darker and darker .'
True	0	operates	-1.0002259016036987	operate	-2.3671305179595947	b'the arrogant math i grabbed actually from them in the first streak ***mask*** because my polygamous balcony who expected with them was reviewing out on his arrogant .'
True	0	develops	2.8336167335510254	develop	1.3281657695770264	b'this platform of queen serves around the couch s colony and grandchildren and ***mask*** a failure for the detective already on the pact of the gown in palace of sovereignty quotes .'
True	0	continue	6.805285453796387	continues	5.284504413604736	b'i become this endless supporter and ***mask*** to compel this nervous allocation .'
True	0	enjoys	-0.3211786150932312	enjoy	-1.3860355615615845	b'the annoying corporate degree i have registered ***mask*** that in the luncheon of osama eighteen teacher of the mold is apparently traced in the turkey the moon before the vet , this stuff communicated after the substantial magazine .'
True	0	decides	1.299638271331787	decide	0.15936827659606934	b'a santa scenario advised in drew four ***mask*** , " due to its server astride the forum switzerland , arabia has possibly been a clothing to the manager .'
True	0	melt	0.1682850420475006	melts	0.1487870216369629	b'go me dine if you listen any trios or ***mask*** anything electronic .'
True	1	allows	3.309648275375366	allow	1.7754530906677246	b'the incorrect fatal golf that he walks ***mask*** that he rhythmically wants his fears and clearly wakes necessary with his humble wildlife .'
True	0	wants	-2.7340312004089355	want	-3.17879581451416	b'a road parent operated in miami fifty ***mask*** , " due to its suicide astride the county nashville , edwards has generally been a clay to the consciousness .'
True	1	intends	2.197521209716797	intend	-0.996872067451477	b'the occasional forthcoming surgery that he keeps ***mask*** that he somehow drops his capabilities and directly reads necessary with his spectacular perfection .'
False	0	expects	-1.0040645599365234	expect	2.0227203369140625	b'the first clue you want why you assume on cooperation ***mask*** that the store proposal frequently brings out the decor and reflects into the penny flank .'
True	0	creates	1.4461867809295654	create	-1.4167420864105225	b'it plays the team for situation egg and ***mask*** , \xe2\x80\x9c we are financed that the petersen should not evacuate with possible - reviewer historians who seek to deliver and lace halfway and effectively in the provisions , remarks , and daughters of beneficial duration . \xe2\x80\x9d'
True	0	represent	-0.2847248613834381	represents	-3.2871811389923096	b'rules extremely : warren thousand through ashcroft thirty ( arising you see on the life we spend and ***mask*** warmly to recommendation the loading after we sell )'
True	0	require	4.949577331542969	requires	0.8710751533508301	b'follow me prepare if you continue any squadrons or ***mask*** anything international .'
True	0	relates	0.22114984691143036	relate	-2.0308008193969727	b'as you seek above the navy , the detail of the friendly section provides your forgiveness and ***mask*** you circulate clearer and lighter .'
False	0	expects	-1.9633991718292236	expect	-1.7893997430801392	b'my buildup with acting the scholarship forth ***mask*** , could it be arrested that thus everyone drove the hoax would or could exist at any weekend , since we particularly built california and saudis and if they headed they might have completed a familiar destruction ??'
True	0	generates	-3.7383055686950684	generate	-4.598642826080322	b'an aerial ego advised in three ***mask*** there assume four " cases " in the england ages , but unbelievable traders are firmly warmer than this .'
True	0	manages	1.1855683326721191	manage	-2.734994888305664	b'as you collaborate above the target , the reliability of the severe publication melts your merchant and ***mask*** you require safer and clearer .'
True	0	intend	2.363555669784546	intends	1.0113437175750732	b'they easily expect if you meet surface in your tonnage , ( for sites like me ) , they throw an artillery of the predator and ***mask*** downstream extinctions to meet .'
True	0	begins	5.212335109710693	begin	0.990280270576477	b'can you affect that the laptop we are preparing ***mask*** toward a distinguishing and certain cafeteria ?'
False	1	extend	-0.24048300087451935	extends	0.31288185715675354	b'the additional peoples we sell in our coordination ***mask*** ; we condemn paperwork council for easter , surface tip and throat - butt for kabul .'
True	0	adds	5.597169399261475	add	4.495506763458252	b'my threat with expecting the reaction directly ***mask*** , could it be eliminated that totally everyone led the tap would or could avoid at any period , since we highly loved virginia and states and if they testified they might have documented a global sentence ??'
False	0	responds	-7.42702054977417	respond	-5.2451934814453125	b'well , unless immediately rarely the third luncheon he followed in the kitten ***mask*** out .'
True	0	hears	2.650932788848877	hear	1.819400429725647	b'it depends the trader for discomfort announcement and ***mask*** , \xe2\x80\x9c we are deployed that the heard should not adopt with conventional - conversation colleges who pose to collect and develop directly and onwards in the residents , directions , and habits of homemade curve . \xe2\x80\x9d'
False	1	indicate	3.7975382804870605	indicates	3.991018056869507	b'the absurd chores we meet in our radar ***mask*** ; we lose region plate for easter , stream fantasy and ceiling - clan for leach .'
True	1	have	20.011093139648438	has	14.327849388122559	b"whie i do n't subscribe to the notion that the things we watch or listen to ***mask*** no effect on our behavior ( which i think is patently rediculous ) , it does bother me when people single out a specific group of people to pin the blame on ."
True	0	demonstrates	-5.104891300201416	demonstrate	-5.801754951477051	b'well , unless almost halfway the third confidante he signed in the criticism ***mask*** out .'
True	0	reflect	0.07484778016805649	reflects	-1.3300583362579346	b'if you believe any grandchildren or ***mask*** any exam afterward occasionally , please see louisiana murphy at sixteen or sue berlin at seven .'
True	0	makes	-1.0017359256744385	make	-2.0644638538360596	b'it relates the majority for belief aircraft and ***mask*** , \xe2\x80\x9c we are purchased that the regulatory should not overcome with strong - pump differences who continue to pick and revise forth and onwards in the sanctions , countries , and losses of weird perfection . \xe2\x80\x9d'
True	0	create	2.9778223037719727	creates	0.4155370593070984	b'please delete me wrap if you believe any favorites or ***mask*** anything unprecedented .'
skipping is/are
True	0	want	14.541922569274902	wants	9.386299133300781	b'i dislike this urban society and ***mask*** to leave this whole enviroment .'
True	0	deliver	4.070166110992432	delivers	1.8174364566802979	b'prices incomplete : lake nine through industry seven ( acquiring you receive on the photograph we pose and ***mask*** directly to lodging the horse after we pose )'
True	0	generates	6.919279098510742	generate	5.014082908630371	b'this clerk of luck represents around the snow s swing and controllers and ***mask*** a revenue for the nightmare accidentally on the receipt of the club in tribe of decision seconds .'
True	0	allows	-0.7448934316635132	allow	-1.1194641590118408	b'my dentist with arriving the hatred solely ***mask*** , could it be arrested that regularly everyone heard the hole would or could arrive at any jaw , since we firmly needed bbc and pigs and if they remembered they might have purchased a critical software ??'
False	1	explain	0.7020801305770874	explains	0.795845627784729	b'i want the chores on which i should develop your website ***mask*** : ( a ) do you translate a willing mother about the context to tall laptop kids built by austin amy ?'
True	0	write	4.630608081817627	writes	1.2228682041168213	b'please make me remain if you pay any devices or ***mask*** anything independent .'
True	0	intends	3.792956829071045	intend	2.3478543758392334	b'the sole liberty i murdered this vision ***mask*** to exploit anyone comparing this if they condemn of some retaliation i can prefer marry a star to this today today .'
True	0	seek	2.165834665298462	seeks	-1.1192694902420044	b'you assume the picketing and ***mask*** tube signature into the welfare .'
False	0	understands	0.6348830461502075	understand	2.3809168338775635	b'the first manager you die whenever you indicate on recovery ***mask*** that the cork disintegration never drops out the curse and tells into the gem failure .'
True	0	admits	-0.0890856683254242	admit	-0.8589275479316711	b'the cheapest hunt you can join in atta ***mask*** to tend to a stadium .'
True	0	chooses	-1.0879075527191162	choose	-2.714195489883423	b'can you oppose that the logo we are bringing ***mask*** toward a respective and boring recovery ?'
False	0	reflects	0.0747407078742981	reflect	0.9322901964187622	b'see for a petroleum of reviewers in their junk that submits from the date and ***mask*** really to the police fo the looting .'
True	0	reflect	0.7515008449554443	reflects	-0.7567493915557861	b'come me create if you tell any records or ***mask*** anything ugly .'
True	1	explain	-4.403754234313965	explains	-7.259668350219727	b'irish tables that personally would customize ***mask*** spaces , satellite , financial behalf and some temples of curtains .'
False	0	produces	1.7574454545974731	produce	2.3980894088745117	b'the first provision you suck why you agree on bunch includes that the disgrace cancer frankly brings out the chili and ***mask*** into the trader scale .'
False	1	intend	-2.5556998252868652	intends	-1.1383355855941772	b'i begin the waters on which i should continue your toy ***mask*** : ( a ) do you disrupt a same sect about the lot to fortunate description capsules served by ivan arabic ?'
True	0	chooses	2.7277297973632812	choose	-0.9365010261535645	b'can you exist that the border we are seeking ***mask*** toward a valid and various gun ?'
False	0	admits	2.9865293502807617	admit	3.294795274734497	b"the surplus to bother in version ***mask*** that huge excellent lions and travels and shocked judicial compliments are lethal to hire badly certainly tired to the andaman in abdel than al - blue attorneys , and it would be virtual to develop one 's others off the barren convention ."
True	0	goes	12.48865795135498	go	8.883849143981934	b'look for a lot of stripes in their head that starts from the beak and ***mask*** back to the back fo the bird .'
True	2	appear	-2.2641263008117676	appears	-2.3542020320892334	b'the effeminate sensitive years that never would recreate from backup ***mask*** painter , satellite , cheese , vet , typical surface and democratic connections of temperatures and resolutions -- rural as the leo kidney .'
True	0	decides	3.5029940605163574	decide	-3.028749465942383	b'can you expire that the ground we are happening ***mask*** toward a partial and soothing custody ?'
True	0	manage	1.5472540855407715	manages	-1.5420458316802979	b'you indicate the lettuce and ***mask*** nomination piece into the planet .'
True	0	appears	6.6098713874816895	appear	4.868515968322754	b'the strongest grave you can warn in alexandria ***mask*** to reopen to a channel .'
True	0	operates	-0.09570054709911346	operate	-1.1491317749023438	b'the absolute payable lighting i have contributed ***mask*** that in the suggestion of iaea eighteen landlord of the creativity is increasingly traced in the lieutenant the password before the telephone , this swing deleted after the diplomatic condominium .'
True	0	represents	-0.06116825342178345	represent	-1.695492148399353	b'an agreeable insight executed in fifty ***mask*** there add billion " weapons " in the abdul israelis , but underage commanders are slowly healthier than this .'
True	0	allows	0.2233552783727646	allow	-0.2096083164215088	b'the intense diversion i passed ago from them in the first mistake ***mask*** because my historical position who appeared with them was receiving out on his awful .'
True	0	serves	3.8817861080169678	serve	0.4380650520324707	b'this character of brass sends around the growth s spa and choices and ***mask*** a shit for the reality indoors on the decor of the bug in contrast of soul fights .'
True	0	tosses	1.2280622720718384	toss	-2.199531316757202	b'if you laugh a worship who will migrate to you and marry he will execute and then remove his mankind , and not migrate what he is growing about why he continues balls at impressionist trips and ***mask*** they expect what you seek , why they will not circulate for you , prepare to this patronage ... he is the office for you .'
True	0	deserve	2.9745101928710938	deserves	2.2447471618652344	b'put me decide if you condemn any days or ***mask*** anything exceptional .'
True	0	sucks	-1.4738186597824097	suck	-4.227904319763184	b'an amusing invitation arrived in five ***mask*** there oppose four " thousands " in the afghanistan appropriations , but invasive rats are still cheaper than this .'
True	0	grows	18.374523162841797	grow	13.834664344787598	b'also encourage your recipients to forward this along to their contacts , and so on , so that the movement to help her ***mask*** exponentially .'
True	1	operate	-1.8436013460159302	operates	-2.0598762035369873	b'i refer the facts on which i should raid your farce ***mask*** : ( a ) do you serve a joint congregation about the grill to gentle floor habits meant by edt electoral ?'
True	0	delivers	-1.9323556423187256	deliver	-2.970658540725708	b'otherwise include your meals to prefer this incredibly to their photos , and however approximately , so that the stranger to destroy her ***mask*** efficiently .'
True	1	include	4.360805511474609	includes	3.0015788078308105	b'i listen the packages on which i should provide your chapel ***mask*** : ( a ) do you wash a vital hole about the perfume to fundamental locker stages kept by arabia atomic ?'
True	0	operates	0.7905587553977966	operate	-1.149199366569519	b'the independent constant democracy i have reduced ***mask*** that in the palace of autumn eight kid of the violence is afterward checked in the pub the furnace before the coordination , this notion printed after the competitive fashion .'
True	0	adds	-4.1432366371154785	add	-4.234765529632568	b'the unprecedented cash to choose for global ***mask*** to defend fifty , or your moment tent car reptile , and accept .'
True	0	understands	3.160737991333008	understand	2.7759571075439453	b'especially , the impressionist acupuncture designated for embarrassment ***mask*** whether our account ( the ecological application and thus the opportunity they spend to postpone ) is or affects not an essential kindness under the ranch .'
False	0	agrees	-2.5858662128448486	agree	0.471199095249176	b'because of the coordination that his tribal deck with nov ukraine had spent him , he continued hundreds humble as : " you can respond a conflict and a movement , eighteen tuna you ca n\'t define ***mask*** whenever you \'re meaningful also " and demonstrated collages to the " laurie levitt " partner promoting that " quickly he visited shiite proponents to pour slightly tolerable as a warning " .'
True	0	generate	0.599640965461731	generates	-1.2264235019683838	b'birds suffer the example but ***mask*** her frightening cake and the landing progresses .'
True	0	deserves	0.8782963156700134	deserve	-2.99920392036438	b'it thinks the resolution for pain instructor and ***mask*** , \xe2\x80\x9c we are perceived that the janet should not implement with reasonable - carrier reservations who spend to make and spawn personally and abruptly in the rabbits , salads , and partnerships of fashioned database . \xe2\x80\x9d'
True	0	believes	0.8957237601280212	believe	-2.8940236568450928	b'can you interfere that the boulevard we are bleeding ***mask*** toward a municipal and marvelous pursuit ?'
skipping is/are
False	1	employ	-0.07902157306671143	employs	-0.06302434206008911	b'the empty ft we prefer in our religion ***mask*** ; we become trend responsibility for easter , police conclusion and target - landlord for finland .'
False	0	adds	1.8804705142974854	add	3.111722230911255	b'the annoyed custody to retaliate for technical ***mask*** to monitor two , or your priest foreigner rejection flank , and introduce .'
False	0	includes	4.343046188354492	include	4.484755516052246	b'the advanced crucial container i have chosen ***mask*** that in the discretion of ei eighteen station of the rain is onshore banned in the blower the substance before the feeder , this compensation felt after the retarded doctor .'
True	0	makes	4.206478595733643	make	0.12336625903844833	b'it wakes the king for ball alarm and ***mask*** , \xe2\x80\x9c we are signed that the mohammed should not impose with messy - prayer minds who become to preserve and recruit widely and unanimously in the restrictions , civilians , and standards of compatible spreadsheet . \xe2\x80\x9d'
True	1	suck	-0.6193748712539673	sucks	-5.460201740264893	b"whie i do n't register to the leash that the partnerships we learn or provide to ***mask*** no acceptance on our guest ( which i laugh is historically spiritual ) , it does reflect me whenever difficulties represent out a considerable transition of bodies to produce the sales on ."
True	0	spends	1.133302927017212	spend	-0.31789231300354004	b'extremely adjust your centres to listen this aggressively to their budgets , and completely officially , so that the propaganda to remove her ***mask*** underneath .'
False	0	affirms	1.5029892921447754	affirm	1.5029892921447754	b'the happy discharge i seized this vision ***mask*** to assist anyone dispersing this if they tend of some transaction i can retrieve perform a buildup to this plan chess .'
True	0	toss	0.9323908090591431	tosses	0.24579143524169922	b'come me throw if you pay any moors or ***mask*** anything unlimited .'
True	0	carry	2.424342393875122	carries	-3.4720630645751953	b'i continue this illegal bombing and ***mask*** to hang this popular exam .'
False	0	understands	-2.310318946838379	understand	1.9555613994598389	b'my registration with achieving the prosecution pursuant ***mask*** , could it be agreed that politely everyone flew the branch would or could impress at any tabs , since we primarily flowed ham and computers and if they blended they might have cooked a healthy mouth ??'
True	0	come	1.658064842224121	comes	-1.2619038820266724	b'if you develop any fans or ***mask*** any invoice apart automatically , please see troy carnegie at two or singer wood at seven .'
True	0	provide	2.657796621322632	provides	0.044392846524715424	b'go me listen if you pose any firms or ***mask*** anything ethnic .'
True	1	explain	-5.501906871795654	explains	-7.118298530578613	b'irish spurs that predominantly would reflect ***mask*** ships , penny , lynch beach and some deaths of rebels .'
True	0	meet	3.728041648864746	meets	-0.9179019331932068	b'beware me digest if you throw any couples or ***mask*** anything edible .'
skipping is/are
False	1	expects	1.8104665279388428	expect	2.110499143600464	b'the economic functional murderer that he writes ***mask*** that he particularly goes his cabins and surely cares fabulous with his difficult gem .'
True	1	remain	3.8431241512298584	remains	-0.686374843120575	b"whie i do n't communicate to the pilot that the speakers we choose or suggest to ***mask*** no inquiry on our worker ( which i require is wholly scientific ) , it does remind me whenever requests seek out a temporary bench of helicopters to prescribe the deadline on ."
True	0	ensure	0.9017637372016907	ensures	-2.196265935897827	b'they extremely add if you make route in your wager , ( for gains like me ) , they begin an attraction of the sheet and ***mask*** naked appropriations to wander .'
False	0	understands	4.739832401275635	understand	4.788551330566406	b'the unacceptable privileged photography i have filled ***mask*** that in the kidney of agra eighteen complaint of the voting is individually described in the career the journey before the tug , this therapy paid after the tripartite harness .'
False	0	sees	1.534651756286621	see	2.1095378398895264	b'actually adjust your hens to meet this obviously to their references , and still abroad , so that the difficulty to deserve her ***mask*** approximately .'
False	1	extend	-2.5317835807800293	extends	-1.704507827758789	b'i refuse the volumes on which i should cancel your country ***mask*** : ( a ) do you donate a frustrating satisfaction about the context to soft surface drugs noticed by ontario aires ?'
True	0	ensures	4.335485935211182	ensure	4.017876625061035	b'the first facility you carry whenever you oppose on sympathy ***mask*** that the pocket garage super receives out the paw and lasts into the grave flooding .'
True	0	assumes	4.198095321655273	assume	2.2016687393188477	b'the awful busy breeder i have passed ***mask*** that in the rabbit of iceland eighteen spa of the campaigning is otherwise kept in the proportion the flipping before the hotel , this carbon turned after the big web .'
True	0	recommends	0.9206746220588684	recommend	-0.8808614015579224	b'as you suffer above the provision , the plenty of the superior migrant goes your drama and ***mask*** you contain newer and clearer .'
True	0	has	13.321346282958984	have	8.08945369720459	b'this type of harness goes around the dog s chest and legs and ***mask*** a clip for the leash up on the back of the dog in middle of shoulder blades .'
True	0	visit	7.939365863800049	visits	3.606783390045166	b'dignitaries condemn the act but ***mask*** her bereaved family and the money flows .'
False	1	enjoy	-3.165750503540039	enjoys	-2.2874858379364014	b'the academic grandparents we proceed in our channel ***mask*** ; we pose market none for easter , flipping reputation and scam - tonight for chechnya .'
True	2	include	13.077064514160156	includes	9.033438682556152	b'the important commercial species that probably would benefit from warming ***mask*** cod , haddock , saithe , herring , blue whiting and several types of flatfish and crustaceans -- such as the norway lobster .'
True	0	hears	2.512640953063965	hear	-0.9225527048110962	b'even adjust your prices to begin this indeed to their dividends , and carefully aggressively , so that the route to dine her ***mask*** incorrectly .'
True	0	fails	-2.820821523666382	fail	-3.7897109985351562	b'a reserve forum anticipated in lanka fifty ***mask*** , " due to its vet astride the warner carnival , assembly has fairly been a whim to the client .'
True	0	enjoys	-2.460139751434326	enjoy	-2.5746288299560547	b'the automatic traveler i threw eventually from them in the first consumption ***mask*** because my fortunate crime who appreciated with them was looking out on his ambitious .'
True	0	comes	5.127589225769043	come	3.6802618503570557	b'can you interfere that the spring we are joking ***mask*** toward a same and reasonable medicine ?'
True	0	ensure	2.424086093902588	ensures	-0.8463321328163147	b'they exponentially indicate if you carry bull in your panic , ( for lions like me ) , they laugh an extent of the field and ***mask*** similar affairs to bless .'
True	0	continue	7.274056911468506	continues	2.3778679370880127	b'i hear we possibly pick the milk and ***mask*** to lebanon .'
False	0	tends	-2.1448423862457275	tend	-0.376725435256958	b'i remain the salsa you preceded to me ***mask*** to the belgium pew at europe ( ran in nicobar ) .'
True	0	operates	-2.04366135597229	operate	-2.785487174987793	b'the unaware site to click for mobile ***mask*** to withdraw six , or your cousin magazine warranty snack , and owe .'
False	0	includes	2.4501631259918213	include	3.515302896499634	b'my dad with establishing the protein surely ***mask*** , could it be approved that publicly everyone lacked the tug would or could exceed at any permission , since we roughly drafted philip and tamils and if they felt they might have needed a meticulous directive ??'
True	1	develop	2.309107542037964	develops	-3.1165196895599365	b'but unacceptable demons do compel the route they propose he will grow , and the agreements who provide him ***mask*** to obtain the appropriations who exist him .'
False	0	produces	-4.067478179931641	produce	-2.3483362197875977	b'i consider the dominance you replied to me ***mask*** to the kennedy coogan at april ( tried in kim ) .'
True	1	reflect	0.6315361261367798	reflects	-4.654162406921387	b'but attentive hosts do harass the fan they manage he will recreate , and the implications who wash him ***mask*** to emit the establishments who expect him .'
True	1	agrees	2.108839750289917	agree	1.2758599519729614	b'the inappropriate romantic diversion that he submits ***mask*** that he honestly demonstrates his fundamentalists and gently follows necessary with his visible correction .'
True	0	beg	-2.3411622047424316	begs	-3.9064712524414062	b'find me retake if you develop any publications or ***mask*** anything optimistic .'
True	0	relates	1.664603352546692	relate	-2.695899248123169	b'the first pig you carry whenever you eat on possibility exists that the scrap photographer downhill lasts out the punishment and ***mask*** into the sensitivity shame .'
True	1	appear	-2.675827980041504	appears	-3.5511624813079834	b'antique spurs that greatly would testify ***mask*** contents , chairman , portugal profile and some liberties of cartoons .'
True	0	observes	3.993387460708618	observe	3.467777967453003	b"the rebel to hire in sensitivity ***mask*** that many afraid strategies and seas and respective retired birds are basic to pour badly partly brave to the ukraine in israel than al - berlin utensils , and it would be neat to fill one 's affairs off the gentle convenience ."
True	0	need	12.807051658630371	needs	8.543854713439941	b'please let me know if you have any questions or ***mask*** anything else .'
True	0	enter	1.9778410196304321	enters	-1.8839422464370728	b'they indefinitely operate if you hear master in your time , ( for hijackers like me ) , they lose an environment of the consistency and ***mask*** narrow earthworms to prepare .'
False	0	compares	-3.4118330478668213	compare	-1.709704875946045	b'an external origin authorized in sixteen ***mask*** there assume seven " kilometres " in the ana arabs , but impeccable countries are possibly lighter than this .'
True	0	manage	4.831852912902832	manages	0.13393725454807281	b'ladies initially : jeremy two through electoral three ( expanding you manage on the purpose we listen and ***mask*** rarely to thread the cat after we listen )'
False	0	explains	1.2955180406570435	explain	3.861213445663452	b'the recent wording i tried this jar ***mask*** to evacuate anyone telling this if they proceed of some stylist i can postpone seem a decor to this document report .'
True	0	includes	-1.6902453899383545	include	-2.2749598026275635	b'the asymmetrical wager i blew indeed from them in the first bench ***mask*** because my dumb friendship who ordered with them was suggesting out on his electrostatic .'
True	0	seeks	4.182156085968018	seek	0.060180749744176865	b'as you laugh above the compliance , the theater of the latter source develops your section and ***mask*** you reassure taller and clearer .'
True	0	begs	-0.9826923608779907	beg	-2.618971347808838	b'i seem the manner you called to me ***mask*** to the croatia grill at amsterdam ( said in teresa ) .'
True	0	refers	3.8895363807678223	refer	0.33901628851890564	b'can you approve that the rivalry we are joining ***mask*** toward a suspicious and privileged disaster ?'
False	1	intend	-3.076280355453491	intends	-1.9365354776382446	b'i recognize the dollars on which i should revise your band ***mask*** : ( a ) do you communicate a valid predator about the lifeboat to constant mystery cats strengthened by antichrist autumn ?'
True	0	begins	1.5678236484527588	begin	-0.40615323185920715	b'come for a team of women in their guerilla that generates from the cabinet and ***mask*** mostly to the cave fo the propane .'
True	0	belong	-3.371593713760376	belongs	-3.5265092849731445	b'judges laugh the imprisonment but ***mask*** her monthly wire and the neighborhood relates .'
False	0	understands	1.5677683353424072	understand	3.029557228088379	b"the wing to concur in reduction ***mask*** that retired antique courses and rockies and preventive full deer are tragic to describe soon historically hospitable to the ontario in ontario than al - sharon alternatives , and it would be fashioned to collect one 's utilities off the senior feedback ."
True	0	remember	-0.1433468759059906	remembers	-5.441686153411865	b'you apply the toy and ***mask*** fighter hair into the blackmail .'
True	0	dies	2.247786521911621	die	-0.8177285194396973	b'this conviction of homosexuality melts around the team s neighbor and militants and ***mask*** a director for the jerk importantly on the beard of the lunch in weapon of law thieves .'
True	1	includes	7.002161979675293	include	5.567920207977295	b'the unable forthcoming hospitality that he deserves ***mask*** that he strongly sees his prisoners and necessarily writes diplomatic with his northeastern wasp .'
True	0	require	3.2435479164123535	requires	-0.20043107867240906	b'learn me miss if you carry any whereabouts or ***mask*** anything unbelievable .'
True	0	delivers	2.977816104888916	deliver	0.5036599636077881	b'can you enable that the contribution we are checking ***mask*** toward a generic and controversial cage ?'
True	0	hears	-1.3887492418289185	hear	-1.565833568572998	b'an unknown alert aggravated in nine ***mask*** there oppose three " genitals " in the andre ages , but unpopular standards are roughly happier than this .'
True	0	want	2.6056394577026367	wants	-3.6894290447235107	b"terms who require these actions ***mask*** at the effort amazingly ; and it 's ridiculous to concur they are absolute and sunny to withdraw no if they deny there would fix a therapist ."
True	0	see	8.912725448608398	sees	3.7140183448791504	b'if you meet any records or ***mask*** any army incomplete always , please hang rahman hell at three or palestine niagara at six .'
True	0	refer	-1.0161947011947632	refers	-1.086310625076294	b'prices prefer the opinion but ***mask*** her primary tract and the clothing begins .'
False	0	observes	-1.6210691928863525	observe	-0.33534103631973267	b'my yoga with answering the throat technically ***mask*** , could it be understood that properly everyone belonged the parent would or could establish at any swing , since we correctly warned courtney and californians and if they killed they might have saved a cruel violence ??'
skipping is/are
True	1	explain	-3.5383524894714355	explains	-5.379279136657715	b'asian traditions that hopefully would wrap ***mask*** trees , reconciliation , saddam waitress and some reservations of measures .'
False	0	throws	-1.1957467794418335	throw	0.5618807673454285	b'i remain the kid you tested to me ***mask*** to the colin coalition at okinawa ( guaranteed in loretta ) .'
True	0	adds	-1.591444969177246	add	-2.5420098304748535	b'the electronic convenience i chose apparently from them in the first station ***mask*** because my functional connection who indicated with them was telling out on his undecided .'
True	0	provide	1.753167986869812	provides	-0.007390044629573822	b'i spend this acceptable wagon and ***mask*** to prepare this regional energy .'
True	0	recommend	-0.355373352766037	recommends	-1.240929365158081	b'i serve we somewhat sell the fan and ***mask*** to kline .'
False	0	indicates	1.3883650302886963	indicate	1.5599899291992188	b'because of the virus that his solar photography with delivery oglethorpe had happened him , he missed producers yellow as : " you can communicate a spore and a bravery , eight menu you ca n\'t prepare ***mask*** why you \'re limp unfortunately " and stayed currents to the " taiwan canal " jail containing that " repeatedly he phoned perfect foreigners to collect warmly militant as a philosophy " .'
True	0	remains	0.726320743560791	remain	-0.48571261763572693	b'i proceed the towing you threw to me ***mask*** to the don rice at ayatollah ( folded in milan ) .'
True	0	indicates	10.089694023132324	indicate	6.233307838439941	b'the unexpected radical notification i have proposed ***mask*** that in the collateral of orr eighteen locker of the majority is immediately protected in the pasture the merger before the skill , this shame tasted after the biochemical device .'
True	0	relate	0.8814119100570679	relates	-3.579331398010254	b"programs who seem these adults ***mask*** at the ideology entirely ; and it 's defensive to put they are unconnected and dead to grab no if they die there would commit a phenomenon ."
False	0	loses	2.3276941776275635	lose	2.652750015258789	b'i decide the notch you began to me ***mask*** to the tiffany mcdonald at atlanta ( maintained in superfund ) .'
False	0	decides	0.5199390053749084	decide	2.323573112487793	b'if you die a source who will represent to you and reflect he will expand and then migrate his determination , and not regret what he is hoping about whenever he depends reasons at eastern temperatures and ***mask*** they indicate what you throw , why they will not defend for you , come to this tension ... he is the affair for you .'
True	0	delivers	-1.0116643905639648	deliver	-3.269289016723633	b'well , unless inevitably thus the third lease he deleted in the chapter ***mask*** out .'
True	0	generate	9.425837516784668	generates	3.0028133392333984	b'if you manage any dilemmas or ***mask*** any energy occasionally overly , please continue kaufman jan at seven or lake rolling at fifteen .'
True	0	points	13.097725868225098	point	7.167747497558594	b'can you accept that the road we are travelling ***mask*** toward a grim and painful future ?'
False	1	adds	1.3001956939697266	add	3.2319226264953613	b'the joint lot cases recommend there ***mask*** raid to the craft .'
True	0	includes	5.0047607421875	include	4.640763759613037	b'the hysterical democracy i started this counsel ***mask*** to identify anyone seeking this if they provide of some preparation i can prove strengthen a recovery to this brass period .'
skipping is/are
True	0	demonstrate	1.9034842252731323	demonstrates	0.5589021444320679	b'commissioners decide the advertising but ***mask*** her delicate driver and the surplus supports .'
True	0	refuse	2.31880784034729	refuses	1.3466588258743286	b'wolves see the exclusion but ***mask*** her geographical space and the death receives .'
True	1	assume	0.7588763236999512	assumes	-1.577087163925171	b'the electoral parties we tolerate in our label ***mask*** ; we manage percentage tutorial for easter , climate chili and warning - rein for christianity .'
True	0	write	3.5392298698425293	writes	-0.532712996006012	b'wait me grow if you learn any targets or ***mask*** anything unconnected .'
True	0	lose	-1.0955934524536133	loses	-4.817927360534668	b'i come we rapidly begin the tin and ***mask*** to southwest .'
True	0	require	14.3215913772583	requires	8.466707229614258	b'if you have any questions or ***mask*** any assistance at all , please contact hope duncan at 202.739.0134 or jeff mangold at 703.729.2710 .'
False	0	observes	-5.688055038452148	observe	-3.8126823902130127	b'the aware coast i requested onboard from them in the first center ***mask*** because my glad midst who enjoyed with them was seeking out on his unfortunate .'
True	0	carry	4.467282772064209	carries	-1.689231514930725	b'please put me communicate if you lose any headlines or ***mask*** anything unacceptable .'
True	0	believe	2.5776314735412598	believes	-1.3691751956939697	b"prices who pale these astronauts ***mask*** at the enjoyment anymore ; and it 's hectic to commit they are environmental and bored to foresee no if they begin there would deliver a vegetable ."
True	2	expect	-1.8874707221984863	expects	-3.2489030361175537	b'the extraordinary false provinces that secretly would cancel from scrap ***mask*** protein , bunch , lifeboat , lease , visible sensitivity and terrible bottles of relatives and sales -- sensitive as the capricorn background .'
True	1	apply	-0.6479687690734863	applies	-3.7421367168426514	b'additional leaders that thereafter would translate ***mask*** things , property , jared combo and some lions of guidelines .'
False	0	ensures	-3.0850908756256104	ensure	-2.056291103363037	b'the interested popularity to reconsider for lax ***mask*** to retrieve six , or your professor difference criticism competition , and adjust .'
True	0	carry	4.648926734924316	carries	0.0758972316980362	b'you exist the chairman and ***mask*** disease fan into the sovereignty .'
True	1	intend	-0.26632291078567505	intends	-2.915459156036377	b'additional parties that frankly would conclude ***mask*** donations , custody , japan ticket and some provisions of toes .'
True	0	makes	17.756311416625977	make	11.995250701904297	b'as you sit above the world , the warmth of the golden sun penetrates your body and ***mask*** you feel warmer and warmer .'
True	0	seek	4.251797676086426	seeks	0.11299513280391693	b'you operate the campaign and ***mask*** counsel grandson into the facility .'
True	0	loses	2.277902603149414	lose	-1.430004596710205	b'it refuses the council for man expectation and ***mask*** , \xe2\x80\x9c we are filmed that the lake should not enable with massive - character companies who provide to commit and revise regardless and indoors in the responsibilities , bottles , and chicks of satisfied creation . \xe2\x80\x9d'
False	0	learns	-2.0045313835144043	learn	-1.199053406715393	b'an underage atrophy equipped in billion ***mask*** there intend seven " complexes " in the eurasia indians , but infinite tires are nowadays cheaper than this .'
True	0	observe	2.279090642929077	observes	-1.9438445568084717	b'they obviously anticipate if you make boy in your facility , ( for bottles like me ) , they realize an ownership of the participant and ***mask*** certified agencies to prove .'
True	0	belong	-3.386060953140259	belongs	-3.762622356414795	b'rules listen the artwork but ***mask*** her promotional perception and the queen produces .'
True	1	intends	-0.4980694353580475	intend	-3.9552254676818848	b'the unsure strategic story that he tells ***mask*** that he virtually contains his bucks and currently continues necessary with his dire pleasure .'
True	0	suggest	2.891103744506836	suggests	-0.5049641132354736	b'reports eventually : limerick fifteen through ismail nine ( emerging you listen on the coat we decide and ***mask*** sufficiently to feedback the setback after we hear )'
True	0	spend	2.4872021675109863	spends	1.6727505922317505	b'cats provide the ownership but ***mask*** her huge manufacturer and the pup cares .'
True	0	requires	7.315709590911865	require	3.5564334392547607	b'this wire of capability reflects around the commodity s trend and bombers and ***mask*** a memo for the sect eventually on the receiver of the diversion in payment of photo duties .'
True	0	allows	0.8569725155830383	allow	0.27634626626968384	b'my landing with increasing the crab traditionally ***mask*** , could it be understood that shortly everyone replaced the proportion would or could achieve at any mile , since we relatively felt messenger and fridays and if they planned they might have diagnosed a spiritual mode ??'
False	0	insists	0.1308637112379074	insist	0.2558208107948303	b'the homemade counsel i listened this beard ***mask*** to execute anyone filling this if they throw of some letter i can vomit propose a heart to this patience cage .'
True	0	begin	5.076623916625977	begins	2.116018056869507	b'i continue we pursuant meet the cave and ***mask*** to lucy .'
True	0	applies	0.5111545324325562	apply	-0.8107497096061707	b'the immediate strong parent i have lived ***mask*** that in the cafe of alito eighteen teeth of the health is abundantly monitored in the warlord the consumer before the medal , this showroom grabbed after the cute reconciliation .'
skipping is/are
skipping is/are
False	0	understands	-2.7781946659088135	understand	-0.4643315076828003	b'the first fence you laugh why you admit on coup ***mask*** that the trial life really happens out the kitchen and hates into the floor beard .'
True	0	intends	1.135032057762146	intend	-2.678805351257324	b'usually , the insecure invoice taken for infantry ***mask*** whether our index ( the incredible invention and somehow the arrangement they see to protect ) is or objects not an identical whim under the healthcare .'
True	0	happens	3.997739553451538	happen	2.5832035541534424	b'turn for a musician of stories in their concert that belongs from the locker and ***mask*** successfully to the punishment fo the jury .'
True	0	pay	5.379310607910156	pays	1.257810354232788	b'ladies exactly : columbia six through abramoff five ( attempting you propose on the tea we decide and ***mask*** politely to speaker the wolf after we propose )'
True	0	go	15.087209701538086	goes	8.742851257324219	b'days away : sept. 21 through oct. 3 ( assuming you work on the day we leave and ***mask*** back to work the day after we return )'
True	0	understands	5.178928375244141	understand	4.5696210861206055	b'the uncut sweet waiter i have placed ***mask*** that in the lottery of amsterdam eight trip of the language is afterward taken in the scrutiny the child before the grid , this sea published after the tall salsa .'
True	0	continue	-1.0043243169784546	continues	-5.506649017333984	b'click me wear if you suck any shelves or ***mask*** anything aortic .'
False	0	adds	1.0463690757751465	add	1.5323470830917358	b'the smallest studio you can carry in omar ***mask*** to burn to a suggestion .'
False	0	sees	2.2550783157348633	see	2.7591562271118164	b'it seems the tourist for quo identity and ***mask*** , \xe2\x80\x9c we are projected that the terry should not oppose with legislative - payout sanctions who remember to remain and communicate shortly and automatically in the tensions , temples , and messages of necessary cousin . \xe2\x80\x9d'
True	0	learns	2.1141011714935303	learn	0.5864831209182739	b'bring for a heaven of weapons in their virus that reads from the master and ***mask*** smoothly to the task fo the marketing .'
True	0	throws	4.987357139587402	throw	0.8272374272346497	b'as you seem above the ton , the perfume of the critical protein provides your pattern and ***mask*** you reassure newer and taller .'
True	1	spend	5.994305610656738	spends	-0.5845623016357422	b"whie i do n't solve to the commission that the stars we choose or receive to ***mask*** no aircraft on our death ( which i want is promptly generic ) , it does generate me whenever projects carry out a relaxed spa of crimes to see the pork on ."
True	0	receive	-0.17256957292556763	receives	-3.6212096214294434	b'i propose this astounding rail and ***mask*** to pursue this naive office .'
True	0	exists	2.909698963165283	exist	0.9204431176185608	b'the first proportion you collaborate whenever you exist on darkness ***mask*** that the junk tractor respectively pays out the hybrid and suggests into the permission tax .'
True	0	allows	4.088713645935059	allow	2.1066524982452393	b'my haven with acting the character merely ***mask*** , could it be accepted that cheaply everyone grabbed the labor would or could assist at any picketing , since we regularly listened beijing and metals and if they remembered they might have titled a honest direction ??'
True	0	intends	-0.5257848501205444	intend	-3.888584852218628	b'ever , the immediate absorption created for arthritis ***mask*** whether our ets ( the unknown exposure and dramatically the energy they describe to maintain ) is or understands not an angry reality under the corps .'
False	0	understands	0.13606925308704376	understand	1.406363844871521	b'the rare reversal i called this sauce ***mask*** to attend anyone doing this if they make of some puppy i can breathe forget a bag to this thanks money .'
True	0	deserves	0.8206852078437805	deserve	-0.7454391717910767	b'i deny the brain you developed to me ***mask*** to the janice sancho at ips ( protected in mills ) .'
False	0	explains	-1.6412394046783447	explain	0.32436060905456543	b'because of the musician that his timely comparison with ray ei had protected him , he contacted rewards solid as : " you can regret a pewter and a master , eighteen capacity you ca n\'t foresee ***mask*** whenever you \'re crucial indefinitely " and said snakes to the " prophet scotland " tension watching that " basically he belonged dear policies to wrap neatly preventive as a room " .'
True	0	suffers	1.912047028541565	suffer	0.4648110270500183	b'the first dioxide you deny why you admit on tip enjoys that the tourism staff hereby crashes out the company and ***mask*** into the heating friendship .'
False	0	meets	-2.8209967613220215	meet	-1.9744236469268799	b'well , unless indeed quietly the third position he phoned in the marketing ***mask*** out .'
True	0	create	6.779974460601807	creates	1.7043542861938477	b'save me discuss if you tend any conclusions or ***mask*** anything amusing .'
True	0	realise	1.6988842487335205	realises	-2.582517623901367	b"stars who recognize these attempts ***mask*** at the id incorrectly ; and it 's grand to harass they are educated and naive to reassure no if they come there would spell a direction ."
True	0	put	4.551316738128662	puts	-1.6318118572235107	b'you add the water and ***mask*** water conditioner into the water .'
True	0	states	13.682945251464844	state	8.482187271118164	b'it presents the case for marriage equality and ***mask*** , \xe2\x80\x9c we are resolved that the state should not interfere with same - gender couples who choose to marry and share fully and equally in the rights , responsibilities , and commitments of civil marriage . \xe2\x80\x9d'
True	0	adds	6.912225246429443	add	4.151081562042236	b"the wolf to continue in time ***mask*** that critical afghan kinds and pakistanis and dissatisfied kurdish gentlemen are romantic to harass badly faithfully tall to the andrew in ashcroft than al - lonely appointees , and it would be gullible to prove one 's ecosystems off the final sea ."
True	0	respond	3.800544023513794	responds	3.3656466007232666	b'i refer we perfectly provide the pub and ***mask*** to cst .'
True	0	suggests	12.45110034942627	suggest	8.765546798706055	b'an official estimate issued in 2003 ***mask*** there are 50,000 " foreigners " in the andaman islands , but unofficial figures are much higher than this .'
