True	1	exists	1.6291418075561523	exist	-0.22084084153175354	b'the organised massive skin that he depends ***mask*** that he thus sends his rights and nowadays tells lazy with his northeastern merchant .'
True	0	ensures	-4.078080177307129	ensure	-4.564436912536621	b'because of the paperwork that his terrible father with dental alan had shared him , he saved wonders continental as : " you can retake a programming and a problem , eighteen song you ca n\'t gather ***mask*** whenever you \'re humble abroad " and discussed nostrils to the " future korea " dish removing that " primarily he said pakistani hands to reassure thus vital as a receipt " .'
True	0	admits	2.6539039611816406	admit	1.9624977111816406	b'the first settlement you suggest whenever you extend on rumor ***mask*** that the premium media slowly melts out the culture and dies into the belly fever .'
True	0	spill	3.966876268386841	spills	0.3323511779308319	b'if you choose any holdings or ***mask*** any electricity ethnically already , please tell sarah gm at six or crawford kevin at nine .'
True	0	decide	4.4705281257629395	decides	-0.21587365865707397	b'please groom me translate if you prefer any forums or ***mask*** anything obvious .'
True	0	approves	0.571370005607605	approve	-2.1955766677856445	b"the sauce to recruit in pastor ***mask*** that full european complexes and communists and strange jewish species are conventional to hang soon thereby violent to the amsterdam in isi than al - taiwan animals , and it would be numerous to recover one 's alarms off the governmental radar ."
True	0	operates	1.2388207912445068	operate	0.46121224761009216	b'the first loan you respond why you indicate on frequency ***mask*** that the time remainder finally belongs out the speech and pays into the zoo technology .'
False	1	insist	-2.7679312229156494	insists	-0.6982629299163818	b'the ecological wines we believe in our night ***mask*** ; we come drawer today for easter , rivalry difficulty and weapon - machine for louisiana .'
True	0	deserve	0.7010389566421509	deserves	-2.2775111198425293	b'please make me verify if you require any dancers or ***mask*** anything underage .'
True	0	tend	2.931983709335327	tends	-0.6823110580444336	b'i consider this adequate reputation and ***mask*** to relate this dangerous event .'
True	0	use	11.233396530151367	uses	4.791438579559326	b'they always ask if you have meat in your dish , ( for vegetarians like me ) , they scrub an area of the grill and ***mask*** separate utensils to cook .'
True	0	adds	3.6154210567474365	add	2.753603458404541	b'the first reduction you believe why you intend on decor ***mask*** that the commission soil specifically becomes out the virus and leads into the spirit market .'
True	0	adds	-2.867366075515747	add	-3.4451093673706055	b'the effective communication to thank for romantic ***mask*** to pursue three , or your boy tumor software behavior , and encourage .'
True	1	remain	7.446873188018799	remains	2.381643295288086	b'but unbelievable malls do describe the quiz they prefer he will replace , and the artists who remain him ***mask*** to investigate the appointments who extend him .'
False	2	explain	-1.5670182704925537	explains	-0.5538114905357361	b'the overcrowded strategic tourists that strictly would meet from meditation ***mask*** misunderstanding , bladder , poisoning , jerk , pure target and lovely rebels of marketers and cleaners -- previous as the doug snack .'
True	0	suggest	8.6602201461792	suggests	3.2215311527252197	b'if you condemn any disasters or ***mask*** any error economically afterward , please specify butcher samuel at fifteen or tet nov at six .'
True	0	tend	7.744850158691406	tends	1.9940727949142456	b'i seem we promptly suck the disaster and ***mask*** to jafar .'
True	0	represent	2.0060365200042725	represents	-1.667673945426941	b'follow me predict if you put any publications or ***mask*** anything impenetrable .'
False	1	exist	-2.0821635723114014	exists	-1.6642773151397705	b'the electrostatic fisheries we develop in our monkey ***mask*** ; we listen perspective wall for easter , planet testimony and supervisor - budget for wii .'
True	1	employ	-0.7171084880828857	employs	-1.797131896018982	b'i develop the liberals on which i should lace your gender ***mask*** : ( a ) do you pour a painful requirement about the cafeteria to delighted swap shops begun by andaman andre ?'
True	0	enters	-0.5040857195854187	enter	-1.4367245435714722	b'my career with using the fantasy frequently ***mask*** , could it be eaten that perfectly everyone bought the swap would or could eat at any justice , since we happily prevented veterinary and wars and if they gave they might have grown a scientific blackmail ??'
True	0	represent	-2.3831188678741455	represents	-4.759268760681152	b'i deny this expensive customer and ***mask*** to remember this costly atrophy .'
False	0	understands	2.053924560546875	understand	4.2966179847717285	b'instead , the effective extent killed for editor ***mask*** whether our usb ( the unaware obligation and nearly the exclusion they pose to compel ) is or involves not an obvious curve under the purse .'
True	0	tells	0.36385923624038696	tell	-3.1251749992370605	b'the first goodness you laugh whenever you agree on testimony appears that the discovery king presently cares out the filter and ***mask*** into the salsa competition .'
True	2	enjoy	1.0139163732528687	enjoys	-2.0748097896575928	b'the overwhelming short properties that primarily would dial from lottery ***mask*** termination , divorce , term , wagon , militant salt and downstream martyrs of methods and wounds -- soothing as the karl separation .'
True	0	dies	3.101846218109131	die	-1.9649399518966675	b'as you sell above the rape , the temper of the complicated stone feels your nature and ***mask*** you grow lighter and newer .'
True	0	makes	2.533517837524414	make	1.7567089796066284	b'put for a button of centuries in their reviewer that pays from the defence and ***mask*** historically to the bluff fo the reaction .'
True	1	carry	3.257162094116211	carries	-1.5963214635849	b'but automatic millions do cancel the tutorial they dislike he will wash , and the explosives who provide him ***mask*** to argue the edges who insist him .'
False	0	expect	4.684403896331787	expects	4.818005084991455	b'they especially include if you die reaction in your separation , ( for transfers like me ) , they believe an investment of the teacher and ***mask*** barren officials to receive .'
True	1	assumes	10.48678970336914	assume	6.835679531097412	b'the insecure weird shelter that he suggests ***mask*** that he possibly depends his participants and vigorously blames relevant with his funny process .'
True	1	approves	2.5506386756896973	approve	-0.6714102029800415	b'the enjoyable huge wing that he melts ***mask*** that he generally loves his hearings and properly relates conscious with his similar difficulty .'
True	1	begin	2.258342742919922	begins	-3.0107243061065674	b"whie i do n't consider to the discussion that the cabins we wash or meet to ***mask*** no user on our corps ( which i deserve is wholly conservative ) , it does mention me why ranchers die out a prior homeland of things to hear the vulnerability on ."
True	1	include	15.607691764831543	includes	10.415731430053711	b'important species that probably would decline ***mask*** shrimp , capelin , greenland halibut and some varieties of flatfish .'
True	0	represents	-2.466573715209961	represent	-4.781492710113525	b'well , unless abruptly harshly the third siege he paid in the mosque ***mask*** out .'
True	0	tend	2.259901285171509	tends	-2.528520345687866	b'if you laugh any flowers or ***mask*** any omnibus incredibly entirely , please breathe fred gerald at twenty or coogan medici at thirty .'
True	0	look	21.06081771850586	looks	14.026564598083496	b"workers who do these introductions ***mask*** at the interaction objectively ; and it 's good to see they are able and willing to say no if they feel there would be a problem ."
True	2	agree	-3.6680893898010254	agrees	-5.909670829772949	b'the usual noble peoples that freely would reduce from role ***mask*** dispute , tin , portion , studio , mass bravery and cultural ladies of years and forums -- fundamentalist as the francis pillow .'
True	0	belongs	14.536685943603516	belong	9.539417266845703	b'i believe the message you forwarded to me ***mask*** to the mark taylor at ei ( based in london ) .'
True	1	allows	0.8543776273727417	allow	-0.17580297589302063	b'the potable mistake properties believe there ***mask*** flee to the surgery .'
True	1	define	-1.7265417575836182	defines	-5.211411952972412	b'but insecure symptoms do rush the humanity they suck he will serve , and the extremists who lose him ***mask*** to amend the ants who include him .'
True	1	ensure	0.2895965576171875	ensures	-1.228716254234314	b'the ordinary wars we require in our tuna ***mask*** ; we suggest traveler dryer for easter , climate channel and propane - millet for stark .'
skipping is/are
True	1	want	11.205737113952637	wants	5.348956108093262	b'but inner declarations do customize the leaf they seem he will harass , and the immigrants who lose him ***mask*** to eat the injuries who enjoy him .'
True	0	deserves	-1.2662938833236694	deserve	-1.3372775316238403	b'a bill cult accepted in scott three ***mask*** , " due to its ticket astride the christmas cambodia , iss has now been a trauma to the suicide .'
False	2	affirm	-4.242979049682617	affirms	-4.242979049682617	b'the affluent strong wishes that desperately would sell from movie ***mask*** feedback , territory , size , lifestyle , crazy highway and heavy rounds of laws and politics -- fatal as the youngstown belief .'
True	1	admits	0.7345247268676758	admit	0.6504898071289062	b'the capable treatment contractors recommend there ***mask*** ruin to the coordinator .'
True	0	go	13.705570220947266	goes	7.6432061195373535	b'i say we just keep the dough and ***mask*** to mexico .'
True	1	begin	9.894540786743164	begins	6.0173821449279785	b'but incorrect cm do come the flower they refuse he will believe , and the effects who respond him ***mask*** to emit the opportunities who operate him .'
False	0	throws	-1.988493800163269	throw	-1.7559412717819214	b'otherwise ensure your peoples to burn this aggressively to their homes , and deeply unfortunately , so that the globe to deny her ***mask*** appropriately .'
True	0	serve	5.484160900115967	serves	0.8551403284072876	b'i refuse this adequate clinic and ***mask*** to vary this superb income .'
True	0	meets	2.5933103561401367	meet	-0.0821814090013504	b'it believes the bird for server exchange and ***mask*** , \xe2\x80\x9c we are reimbursed that the whipple should not examine with grand - product ships who meet to reduce and cancel personally and altogether in the slaves , nails , and curtains of personal compliance . \xe2\x80\x9d'
True	0	develops	0.4631202220916748	develop	-0.032385751605033875	b'well , unless initially legally the third guitar he considered in the source ***mask*** out .'
True	0	enters	-2.610581398010254	enter	-2.6738317012786865	b'the critical testimony i planned this chocolate ***mask*** to add anyone failing this if they represent of some comfort i can monitor suggest a curtain to this today cage .'
False	0	deserves	-0.7964539527893066	deserve	0.9874866008758545	b'if you propose a country who will propose to you and see he will absorb and then convince his meditation , and not tell what he is sending about why he supports conclusions at extensive sandwiches and ***mask*** they arrive what you pick , why they will not hire for you , transmit to this rivalry ... he is the affection for you .'
False	1	indicate	1.237207055091858	indicates	1.4698084592819214	b'the influential drugs we continue in our swing ***mask*** ; we pick delivery harmony for easter , virus phrase and settlement - coal for yellowstone .'
False	1	extends	-2.5010952949523926	extend	-2.3242006301879883	b'the lovely tournament cows deny there ***mask*** circulate to the thread .'
True	0	observes	-1.9916167259216309	observe	-3.133883237838745	b'the youngest loan you can seem in ivan ***mask*** to develop to a drying .'
True	0	allows	1.427293062210083	allow	0.03180667757987976	b'almost , the embarrassing earthquake requested for oil ***mask*** whether our aa ( the absurd image and precisely the acupuncture they decide to recruit ) is or involves not an innovative tube under the fare .'
False	0	compares	-2.50506329536438	compare	-1.8087985515594482	b'the first television you require whenever you exist on guest explains that the city minister solely writes out the duty and ***mask*** into the month knee .'
True	0	grows	10.586464881896973	grow	7.729499340057373	b'the first dinner you pay whenever you allow on pig involves that the compliance field financially sees out the language and ***mask*** into the consensus ton .'
True	0	operates	-3.6384246349334717	operate	-3.9693825244903564	b'because of the phone that his potable flower with naval amelia had meant him , he reported properties pleasant as : " you can print a language and a tabs , eighteen stream you ca n\'t raise ***mask*** why you \'re beautiful utterly " and threw restrictions to the " kerry warren " cup ranging that " totally he handled judicial tensions to reflect reportedly dangerous as a terror " .'
True	2	include	0.4809131920337677	includes	0.4201205372810364	b'the arrogant difficult weekends that successfully would maintain from star ***mask*** soul , season , plot , path , narrow corner and nuclear minds of scientists and surgeons -- faithful as the starbucks crate .'
True	0	refuses	-1.7117749452590942	refuse	-3.370863437652588	b'well , unless indoors strongly the third paper he passed in the campus ***mask*** out .'
True	0	extends	-0.2844325304031372	extend	-1.8691858053207397	b"the tide to compete in participant ***mask*** that dwarf armed sports and professors and tricky syrian worries are distinguished to migrate soon seldom joint to the agra in ireland than al - laura allegations , and it would be neat to foresee one 's options off the tolerable disappointment ."
False	1	enjoys	-4.645963191986084	enjoy	-3.2848119735717773	b'the maximum dirt pairs become there ***mask*** translate to the theatre .'
True	0	generate	-1.6331779956817627	generates	-3.3231916427612305	b"stars who put these animals ***mask*** at the ad immensely ; and it 's soothing to raise they are executive and handy to wrap no if they learn there would hesitate a steam ."
True	0	assumes	-1.809933066368103	assume	-2.257080316543579	b"the daughter to generate in housing ***mask*** that dwarf european guns and travels and bound final transactions are vital to convince soon however nuclear to the emma in ahmed than al - chevron openings , and it would be generous to carry one 's atrocities off the manned console ."
True	0	make	7.511061191558838	makes	6.024082183837891	b'mechanics pose the investment but ***mask*** her glaring predator and the moon demonstrates .'
True	0	learns	4.054717540740967	learn	2.972938060760498	b'it leads the nephew for forum upgrade and ***mask*** , \xe2\x80\x9c we are contacted that the denton should not invite with foreign - security performers who provide to listen and bother still and altogether in the starters , stars , and casualties of knowledgeable slice . \xe2\x80\x9d'
True	0	hear	6.854467391967773	hears	1.109669804573059	b'please destroy me grab if you pay any seconds or ***mask*** anything aggressive .'
False	1	affirms	0.6217111349105835	affirm	0.6217111349105835	b'the healthy trip masks realize there ***mask*** lose to the freighter .'
True	0	spends	2.9625508785247803	spend	1.5110054016113281	b'about expect your wheels to burn this incredibly to their managers , and separately apart , so that the crate to harass her ***mask*** approximately .'
True	0	exists	0.8498536348342896	exist	0.7720346450805664	b'because of the tank that his secondary pewter with nyc abby had checked him , he testified hosts blind as : " you can communicate a nausea and a plate , eight pasture you ca n\'t spend ***mask*** why you \'re certain exceptionally " and saved missions to the " sam ds " misfortune circling that " slowly he slept nepalese nails to define shortly vain as a dryer " .'
True	0	relate	3.77128529548645	relates	-0.5322132110595703	b'you affirm the distinction and ***mask*** platform trauma into the letter .'
False	0	dies	3.0062224864959717	die	3.5764353275299072	b'well , unless overwhelmingly precisely the third territory he seized in the commission ***mask*** out .'
True	0	exists	4.195567607879639	exist	0.2930797338485718	b'the healthy personality i provided this rock ***mask*** to add anyone leading this if they believe of some teacher i can prove bless a visitor to this shuttle deal .'
True	0	come	6.038041114807129	comes	1.6158850193023682	b'i deserve this arrogant shine and ***mask*** to throw this rude id .'
True	0	represents	5.773672580718994	represent	0.022919610142707825	b'can you interfere that the scholarship we are joking ***mask*** toward a tired and messy drama ?'
True	0	demonstrate	2.153162717819214	demonstrates	-0.9782080054283142	b'you indicate the dryer and ***mask*** nightlife context into the meantime .'
True	1	appear	-0.23048105835914612	appears	-0.6575955748558044	b'average prisoners that potentially would solve ***mask*** ft , creativity , washington partnership and some periods of customers .'
False	0	generates	-3.444275379180908	generate	-2.8342010974884033	b'a jen window allowed in cole twenty ***mask*** , " due to its breath astride the gerald finland , abdul has freely been a flower to the suicide .'
False	0	begins	0.48677539825439453	begin	0.678136944770813	b'if you prefer a star who will remove to you and sail he will adjust and then raise his fire , and not vary what he is jumping about whenever he gives neighbors at authentic babies and ***mask*** they extend what you put , whenever they will not join for you , transmit to this path ... he is the article for you .'
False	0	employs	-5.140113353729248	employ	-3.6024222373962402	b'the unfortunate tabs i carried adequately from them in the first direction ***mask*** because my national vulnerability who answered with them was joking out on his accurate .'
False	0	delivers	-1.5844063758850098	deliver	-0.36506205797195435	b'if you suck a woman who will bother to you and predict he will eat and then bless his tariff , and not squeeze what he is growing about why he relates creatures at identical lyrics and ***mask*** they apply what you consider , why they will not sail for you , tell to this prostitute ... he is the advancement for you .'
True	0	refuse	1.7333285808563232	refuses	0.9886814951896667	b'copies throw the aircraft but ***mask*** her complicated drying and the path belongs .'
False	0	ensures	-4.161039352416992	ensure	-1.1491702795028687	b'because of the spreadsheet that his hostile tomorrow with janet alaska had tended him , he waited cm necessary as : " you can foresee a hour and a thermometer , eighteen requirement you ca n\'t come ***mask*** why you \'re visual effectively " and belonged courses to the " baudelaire brazil " team preventing that " potentially he refused few policies to settle just western as a foster " .'
True	0	admits	-0.5484752655029297	admit	-1.0989718437194824	b'absolutely , the outer assault guaranteed for episode ***mask*** whether our er ( the impeccable amendment and perfectly the officer they decide to meet ) is or affects not an ethnic joke under the steel .'
True	1	expect	-2.8633692264556885	expects	-4.739049434661865	b'excellent minerals that frequently would pursue ***mask*** strategies , sky , kenneth season and some patients of beliefs .'
False	0	says	13.879019737243652	say	14.153005599975586	b'if you want a doctor who will lie to you and say he will operate and then change his mind , and not know what he is talking about when he recommends procedures at other hospitals and ***mask*** they are what you need , when they will not work for you , go to this doctor ... he is the one for you .'
False	0	enters	-4.439289093017578	enter	-1.3724260330200195	b'because of the traveler that his conservative lunch with tx england had dominated him , he began times massive as : " you can reflect a soup and a propane , eighteen shrapnel you ca n\'t verify ***mask*** why you \'re toxic increasingly " and testified beliefs to the " lewis texas " waist pulling that " largely he booked rude plants to concur rapidly sensitive as a growth " .'
True	0	loses	2.726388454437256	lose	0.8724173903465271	b'get for a grandson of supporters in their lens that wakes from the deadline and ***mask*** whatsoever to the store fo the conviction .'
True	0	respond	0.7924892902374268	responds	-2.4149169921875	b"terms who meet these allegations ***mask*** at the alliance apparently ; and it 's grand to reconsider they are ominous and tropical to tighten no if they deserve there would relate a glass ."
False	0	sucks	1.2077288627624512	suck	1.6367477178573608	b'well , unless equally probably the third rape he caused in the stuff ***mask*** out .'
True	0	receive	4.761668682098389	receives	1.3257712125778198	b'please submit me censor if you consider any reviewers or ***mask*** anything obsessed .'
True	0	suggests	1.9110311269760132	suggest	1.0324980020523071	b'an essential information employed in fifty ***mask*** there agree three " practices " in the eye indians , but unnamed cartoons are shortly newer than this .'
True	1	suggest	0.6411871314048767	suggests	-4.664557933807373	b"whie i do n't compete to the popularity that the losses we make or realize to ***mask*** no accident on our seed ( which i sell is financially covert ) , it does raise me why sanctions prefer out a dramatic humanity of ports to rush the junk on ."
False	0	tends	-3.638089895248413	tend	-2.5391204357147217	b'a nixon width estimated in sunday billion ***mask*** , " due to its discretion astride the philip larry , oglethorpe has slowly been a resolution to the cpi .'
True	0	operates	0.39730268716812134	operate	-0.18277782201766968	b'additionally , the urban interceptor cleaned for aunt ***mask*** whether our advice ( the electrostatic oil and fully the instability they provide to participate ) is or objects not an odd honesty under the responsibility .'
skipping is/are
True	0	includes	3.5232698917388916	include	2.7923851013183594	b'the richest fee you can dial in agra ***mask*** to migrate to a selection .'
True	0	hear	-1.0888029336929321	hears	-3.1737771034240723	b'i pay this overwhelming sensitivity and ***mask*** to become this tactical injustice .'
True	1	ensures	-2.164699077606201	ensure	-2.6484787464141846	b'the confidential success headlines consider there ***mask*** disappear to the wall .'
True	0	enjoys	2.410512924194336	enjoy	-0.19386866688728333	b'the stressful landlord i hired this master ***mask*** to oppose anyone hoping this if they laugh of some cooperation i can fill satisfy a chairman to this support performance .'
True	0	happen	1.8854066133499146	happens	-1.022378921508789	b'feel me vanish if you proceed any clergy or ***mask*** anything acrylic .'
False	0	happen	3.448145627975464	happens	3.580504894256592	b'i put we completely learn the gang and ***mask*** to stephen .'
True	0	enjoy	6.09784460067749	enjoys	1.1755383014678955	b'they eventually operate if you want tea in your pact , ( for developments like me ) , they refuse an upheaval of the hobby and ***mask*** thorough appropriations to tend .'
False	0	learns	-0.435878187417984	learn	0.02576705813407898	b'i tell the courtesy you spoke to me ***mask*** to the mart connecticut at earl ( suggested in san ) .'
skipping is/are
True	0	indicates	5.962153911590576	indicate	3.476268768310547	b'otherwise , the inevitable explanation promised for exam ***mask*** whether our account ( the alchemical apartment and typically the incident they thank to warrant ) is or intends not an authentic lawyer under the title .'
True	0	refuses	2.0152320861816406	refuse	-2.3573436737060547	b'this lunch of photograph feels around the crew s blog and sheep and ***mask*** a diplomat for the cent again on the cake of the reintroduction in documentation of society politics .'
False	0	belongs	-2.2128748893737793	belong	-2.096862554550171	b'a taj possibility occurred in portland trillion ***mask*** , " due to its jihad astride the louisiana hamilton , australia has downhill been a conspiracy to the para .'
True	0	compares	-0.8073313236236572	compare	-2.6433820724487305	b'an endless infrastructure increased in three ***mask*** there assume four " transfers " in the ali indians , but useless blocks are jointly safer than this .'
True	0	belong	-2.7844889163970947	belongs	-5.750715732574463	b'you operate the centre and ***mask*** memo fire into the car .'
False	0	expects	0.8864487409591675	expect	1.526228904724121	b"the crowd to discuss in snow ***mask*** that parisian antique disasters and professors and soothing medieval sons are huge to reassure soon possibly shocked to the antichrist in argentina than al - chief atrocities , and it would be digital to tell one 's analysts off the permanent directive ."
False	1	affirm	1.11301589012146	affirms	1.11301589012146	b'i see the sons on which i should receive your revolution ***mask*** : ( a ) do you rub a bland heart about the creativity to dead coffee photos presented by amsterdam andrew ?'
True	0	need	14.271267890930176	needs	7.83657169342041	b'let me know if you have any questions or ***mask*** anything else .'
True	0	come	8.29645824432373	comes	4.030292987823486	b"ladies who continue these experts ***mask*** at the ear indoors ; and it 's scary to recruit they are explosive and desperate to greet no if they suppose there would remind a service ."
True	0	intends	0.1658402681350708	intend	-1.3453748226165771	b'the immediate flank to survive for pure ***mask*** to monitor fifty , or your hospitality homeland boulevard schooling , and achieve .'
False	0	affirms	0.17596015334129333	affirm	0.17596015334129333	b'the richest goodness you can compensate in eric ***mask*** to come to a crab .'
False	1	intends	-2.155130386352539	intend	-1.7556756734848022	b'the large queen reviewers want there ***mask*** thank to the relation .'
skipping is/are
True	0	represent	3.322906494140625	represents	-0.5106998682022095	b"terms who consider these analyses ***mask*** at the editor environmentally ; and it 's superb to click they are excellent and ready to maintain no if they believe there would maintain a date ."
True	0	recognize	2.9585609436035156	recognizes	-1.8038486242294312	b'reports occasionally : fabio thousand through ontario five ( expecting you recognize on the litter we hear and ***mask*** respectfully to system the mile after we continue )'
False	0	ensures	-3.221885919570923	ensure	-3.060917377471924	b'the arrogant detective to compel for homeless ***mask*** to disappear four , or your cop pup carbon channel , and oppose .'
True	0	realise	-0.5188760757446289	realises	-3.521192789077759	b'you allow the distance and ***mask*** climber preference into the majority .'
False	0	assumes	-2.4514501094818115	assume	-0.1085968092083931	b'the understandable dryer to cook for devastating ***mask*** to reduce fifty , or your rotation father volume vegetable , and execute .'
True	0	develop	6.0204596519470215	develops	-0.413329541683197	b'learn me promote if you continue any cabins or ***mask*** anything asymmetrical .'
True	0	spend	1.0155200958251953	spends	-2.380035161972046	b'decisions indefinitely : williams five through edinburgh nine ( expanding you realize on the phase we die and ***mask*** previously to proportion the gambling after we die )'
True	1	come	7.361049652099609	comes	3.313976764678955	b'but electoral girls do suggest the shine they proceed he will click , and the observers who decide him ***mask*** to implement the earthworms who arrive him .'
True	0	recommends	5.330599308013916	recommend	2.37691330909729	b'as you carry above the perfume , the rumor of the latter pot stands your context and ***mask*** you generate taller and fewer .'
True	0	reacts	-2.296607494354248	react	-2.9117274284362793	b'a ny coat approved in del three ***mask*** , " due to its drawer astride the hamilton gmt , argentina has wonderfully been a response to the country .'
True	0	want	6.275540351867676	wants	2.95983624458313	b'i put we presently see the bottle and ***mask*** to gm .'
True	0	understand	1.0029200315475464	understands	0.4081149995326996	b'they aggressively intend if you provide division in your chance , ( for flats like me ) , they pay an intention of the supervisor and ***mask*** heavy animals to register .'
True	1	seem	15.381571769714355	seems	10.148456573486328	b'but other people do like the way they think he will vote , and the ones who favor him ***mask*** to outnumber the ones who oppose him .'
True	0	extends	-3.4730334281921387	extend	-3.8895037174224854	b'the obsessed coding i built actually from them in the first chair ***mask*** because my distinguishing security who owned with them was returning out on his unknown .'
False	0	pays	0.2077903002500534	pay	0.9454362988471985	b'put for a hangar of symptoms in their disaster that leads from the selection and ***mask*** quickly to the complaint fo the movie .'
True	0	begin	5.681870937347412	begins	1.5343132019042969	b'stay me settle if you remain any rooms or ***mask*** anything impossible .'
True	0	consider	6.111945152282715	considers	-0.247182697057724	b'put me disrupt if you pay any fry or ***mask*** anything eager .'
True	1	create	3.781608819961548	creates	-2.3683159351348877	b"whie i do n't postpone to the danger that the chores we deserve or die to ***mask*** no office on our context ( which i deserve is routinely sensitive ) , it does wear me whenever politics reflect out a successful photograph of fruits to die the shuttle on ."
False	0	makes	-1.0355033874511719	make	0.5519333481788635	b'i put the knife you won to me ***mask*** to the barcelona carter at aid ( sought in la ) .'
True	0	learns	3.3401856422424316	learn	-1.2352845668792725	b'the first beer you die whenever you enjoy on freight affects that the blower surgeon routinely walks out the suspicion and ***mask*** into the roof disability .'
True	0	remembers	1.9086247682571411	remember	1.6031146049499512	b'instead adjust your citizens to promote this apparently to their blocks , and financially actually , so that the scale to make her ***mask*** automatically .'
True	0	appears	0.6116277575492859	appear	0.18706825375556946	b'because of the volume that his sunny paradise with dhaka angie had promised him , he became laptops mere as : " you can recommend a sickness and a scientist , eight forgiveness you ca n\'t commit ***mask*** whenever you \'re recent already " and raised postcards to the " vi jafar " paper hunting that " forth he felt medieval missiles to deliver previously slick as a supervisor " .'
True	0	goes	10.800418853759766	go	6.154858112335205	b'well , unless of course the third compressor he put in the car ***mask*** out .'
True	1	allow	1.7640016078948975	allows	0.534714937210083	b'i realize the wars on which i should revise your hunt ***mask*** : ( a ) do you prescribe a catastrophic week about the racing to collective flank countries fallen by eurasia ireland ?'
True	0	deserve	2.4172046184539795	deserves	-0.45468610525131226	b'please remember me pick if you seem any hearings or ***mask*** anything uncut .'
True	1	believe	2.3543167114257812	believes	-3.2722651958465576	b"whie i do n't remain to the propaganda that the bombs we pick or come to ***mask*** no instability on our gentleman ( which i pale is highly municipal ) , it does preserve me whenever rules wash out a revolutionary justification of lions to clarify the bean on ."
True	0	writes	7.302043914794922	write	3.0608816146850586	b'beware for a theme of snakes in their stylist that cares from the neighbor and ***mask*** strongly to the membership fo the torch .'
True	0	insists	-2.228588581085205	insist	-2.5616939067840576	b'the angry cancer to melt for surgical ***mask*** to hop three , or your vehicle gown pork handful , and achieve .'
skipping is/are
True	0	happens	-0.3835376799106598	happen	-2.3094868659973145	b'a dorsey dad arrayed in capricorn billion ***mask*** , " due to its trial astride the walker lanka , orleans has strictly been a bus to the type .'
True	0	remains	4.054196357727051	remain	2.246659517288208	b'as you proceed above the bakery , the staff of the beloved streak seems your strife and ***mask*** you remain stronger and clearer .'
True	0	create	0.7122885584831238	creates	-3.822467088699341	b'sales usually : cass four through university thirty ( expanding you wash on the monkey we tolerate and ***mask*** quietly to grandson the conviction after we tolerate )'
True	0	refer	2.9577629566192627	refers	2.217799663543701	b'forces indeed : rahman twenty through atta thousand ( obtaining you pay on the wasp we hear and ***mask*** willingly to conspiracy the rejection after we spend )'
True	1	suggest	4.632577419281006	suggests	-1.314283013343811	b"whie i do n't forget to the government that the videos we believe or pay to ***mask*** no exploration on our butterfly ( which i tell is politically manned ) , it does digest me whenever genitals learn out a powerful button of burgers to want the notification on ."
True	0	define	3.648186206817627	defines	-0.3495540916919708	b'watch me choose if you make any surprises or ***mask*** anything advanced .'
True	2	observe	-2.5488898754119873	observes	-3.8325436115264893	b'the able tough marketers that seldom would describe from calf ***mask*** furnace , compliance , penalty , platform , consistent bakery and bankrupt newspapers of birds and holidays -- democratic as the grill wasp .'
False	0	pays	-1.515204906463623	pay	-0.5376440286636353	b'if you see a lot who will vary to you and compete he will arrange and then carry his today , and not thank what he is preparing about whenever he holds leaders at efficient secretaries and ***mask*** they include what you choose , whenever they will not communicate for you , prepare to this landlord ... he is the information for you .'
True	1	enjoy	-0.8449437022209167	enjoys	-1.9522912502288818	b'additional grandchildren that thereby would reduce ***mask*** friends , birthday , hubbard dresser and some deaths of towels .'
True	1	believe	5.102218151092529	believes	2.576779842376709	b'but eager launchers do digest the relationship they tell he will conclude , and the appropriations who put him ***mask*** to endanger the attorneys who apologize him .'
True	0	reports	9.994019508361816	report	7.0288591384887695	b'a milnet brief issued in february 2005 ***mask*** , " due to its position astride the persian gulf , iran has constantly been a threat to the gulf .'
False	0	develops	-3.7479970455169678	develop	-2.8685455322265625	b'if you continue a coast who will miss to you and seem he will attend and then come his language , and not climb what he is telling about why he sends gifts at accurate services and ***mask*** they insist what you put , why they will not pay for you , make to this wording ... he is the expansion for you .'
skipping is/are
False	0	enjoys	-3.1180660724639893	enjoy	-0.7516056895256042	b'the eligible jihad i fell extremely from them in the first camera ***mask*** because my digital cake who agreed with them was causing out on his overwhelming .'
True	0	enjoys	-1.5860095024108887	enjoy	-2.1235036849975586	b'the strongest growth you can censor in aldo ***mask*** to recommend to a clothing .'
True	0	realise	-4.4358415603637695	realises	-4.973791599273682	b'i decide we willingly prefer the hamster and ***mask*** to mcdonald .'
True	0	provides	-0.5947791337966919	provide	-3.5741994380950928	b'again argue your budgets to revise this afterward to their tools , and willingly environmentally , so that the scam to commit her ***mask*** abroad .'
True	0	grows	9.389949798583984	grow	4.142433166503906	b'this dove of vision submits around the pyramid s creation and drinks and ***mask*** a monkey for the flood eventually on the network of the mayor in preacher of role daughters .'
True	0	create	4.516445159912109	creates	0.6026347875595093	b'please specify me receive if you collaborate any lights or ***mask*** anything indefinite .'
True	0	relate	6.223559379577637	relates	0.9404729604721069	b'if you reflect any papers or ***mask*** any info approximately accordingly , please hesitate balochistan corp at four or fei sadat at billion .'
True	0	insists	-1.9841371774673462	insist	-2.123593330383301	b'the strongest cake you can spell in archibald ***mask*** to raid to a wording .'
True	0	tosses	-0.25531068444252014	toss	-1.9610159397125244	b'watch for a gallery of links in their midst that becomes from the hospitality and ***mask*** nowadays to the nightmare fo the server .'
False	2	allow	-1.447064995765686	allows	-0.8644043207168579	b'the ancient dumb debtors that nowadays would receive from transition ***mask*** poverty , paradise , justice , gym , weak millet and familiar files of movies and currents -- fashioned as the bart radar .'
True	0	carries	-0.055981844663619995	carry	-1.331823706626892	b'an outward assassination imprisoned in trillion ***mask*** there agree seven " cm " in the august operations , but urban posters are maybe safer than this .'
True	0	refuses	2.1661734580993652	refuse	-0.84458327293396	b'the first disgrace you serve why you oppose on chase objects that the ticket campaign respectfully happens out the lens and ***mask*** into the conflict wasp .'
False	0	spills	-1.364275574684143	spill	5.2153120040893555	b'the first thing you notice when you arrive on location is that the waiting line literally goes out the door and ***mask*** into the parking lot .'
False	0	responds	-1.7780743837356567	respond	-0.577402651309967	b'actually enjoy your cheques to remember this especially to their vests , and frankly onboard , so that the medicine to compel her ***mask*** indoors .'
False	0	includes	4.85368537902832	include	4.942809104919434	b'the first tape you require why you anticipate on date ***mask*** that the profile supplier mostly creates out the discomfort and reflects into the fist husband .'
True	0	need	14.271267890930176	needs	7.83657169342041	b'let me know if you have any questions or ***mask*** anything else .'
True	0	creates	2.788705587387085	create	1.4090007543563843	b'the first spine you serve why you anticipate on northeast enjoys that the discount judgment locally contains out the lamp and ***mask*** into the sentiment client .'
True	0	assumes	2.933184862136841	assume	0.644618809223175	b'unfortunately , the unexpected expertise signed for interest ***mask*** whether our epc ( the urban opportunity and thereby the influence they collaborate to warn ) is or enjoys not an eligible boyfriend under the discovery .'
True	0	includes	4.2353692054748535	include	4.2086615562438965	b"the coup to destroy in habitation ***mask*** that dwarf important provinces and republicans and rude hard people are tired to come badly virtually ready to the ayatollah in art than al - cass organisations , and it would be courteous to reduce one 's introductions off the delighted longevity ."
True	0	assume	2.0689780712127686	assumes	-0.7751375436782837	b'they importantly include if you throw discount in your tire , ( for reptiles like me ) , they sell an edit of the beginner and ***mask*** neurological expectations to bless .'
skipping is/are
True	1	receive	7.1033735275268555	receives	5.680259704589844	b"whie i do n't marry to the golf that the crews we refer or deny to ***mask*** no artwork on our volume ( which i come is virtually severe ) , it does pick me whenever transfers seem out a memorable tool of birds to retaliate the clay on ."
True	0	serves	3.295353651046753	serve	2.8090150356292725	b'if you tend a news who will put to you and greet he will assess and then recruit his gravy , and not recruit what he is stepping about why he remembers hijackers at investigative minutes and ***mask*** they affirm what you condemn , whenever they will not spawn for you , groom to this pup ... he is the audience for you .'
True	0	recommend	3.9728853702545166	recommends	-1.0553522109985352	b'if you receive any words or ***mask*** any appearance accidentally actively , please prepare germany brooklyn at trillion or colorado beth at three .'
True	0	decide	3.286541700363159	decides	-0.1325741708278656	b"mechanics who meet these updates ***mask*** at the item everywhere ; and it 's subtle to decide they are aged and timely to begin no if they throw there would recover a status ."
True	0	happens	3.3086376190185547	happen	-1.3918613195419312	b'this merger of feedback brings around the grain s shuttle and moderates and ***mask*** a diarrhea for the threat exponentially on the currency of the diversion in woman of pipe graphics .'
False	0	suggests	2.871206045150757	suggest	3.3116350173950195	b'if you seem a panel who will demonstrate to you and hire he will immigrate and then verify his magnitude , and not determine what he is helping about whenever he believes marketers at educated bands and ***mask*** they affirm what you die , whenever they will not spawn for you , notify to this foreigner ... he is the unwillingness for you .'
False	1	operates	-1.64687180519104	operate	0.3309185802936554	b'the historical voting movements wash there ***mask*** breathe to the passport .'
True	0	belongs	1.5556073188781738	belong	-1.9855295419692993	b'this flipping of news depends around the racism s county and colleagues and ***mask*** a coast for the culture unfortunately on the satisfaction of the difference in paperwork of merger postings .'
True	0	enjoys	-0.5149341821670532	enjoy	-1.4835684299468994	b'the hardest blog you can begin in edwin ***mask*** to pursue to a tank .'
True	0	grows	4.212162971496582	grow	2.304697275161743	b'as you collaborate above the machine , the tsunami of the cruel lamb receives your cave and ***mask*** you remember darker and darker .'
False	0	operates	-2.1877520084381104	operate	-2.1042609214782715	b'the arrogant math i grabbed actually from them in the first streak ***mask*** because my polygamous balcony who expected with them was reviewing out on his arrogant .'
True	0	develops	2.4075982570648193	develop	1.3224972486495972	b'this platform of queen serves around the couch s colony and grandchildren and ***mask*** a failure for the detective already on the pact of the gown in palace of sovereignty quotes .'
True	0	continue	9.792024612426758	continues	5.849057197570801	b'i become this endless supporter and ***mask*** to compel this nervous allocation .'
True	0	enjoys	1.1298913955688477	enjoy	-0.7568737268447876	b'the annoying corporate degree i have registered ***mask*** that in the luncheon of osama eighteen teacher of the mold is apparently traced in the turkey the moon before the vet , this stuff communicated after the substantial magazine .'
True	0	decides	0.12776505947113037	decide	-2.9263994693756104	b'a santa scenario advised in drew four ***mask*** , " due to its server astride the forum switzerland , arabia has possibly been a clothing to the manager .'
True	0	melt	2.200469970703125	melts	-0.49177995324134827	b'go me dine if you listen any trios or ***mask*** anything electronic .'
True	1	allows	5.540482521057129	allow	1.8453009128570557	b'the incorrect fatal golf that he walks ***mask*** that he rhythmically wants his fears and clearly wakes necessary with his humble wildlife .'
False	0	wants	-2.090546131134033	want	-1.4225900173187256	b'a road parent operated in miami fifty ***mask*** , " due to its suicide astride the county nashville , edwards has generally been a clay to the consciousness .'
True	1	intends	3.2962942123413086	intend	-0.4626389741897583	b'the occasional forthcoming surgery that he keeps ***mask*** that he somehow drops his capabilities and directly reads necessary with his spectacular perfection .'
False	0	expects	0.7571067810058594	expect	1.155519962310791	b'the first clue you want why you assume on cooperation ***mask*** that the store proposal frequently brings out the decor and reflects into the penny flank .'
True	0	creates	3.3085296154022217	create	0.9341753125190735	b'it plays the team for situation egg and ***mask*** , \xe2\x80\x9c we are financed that the petersen should not evacuate with possible - reviewer historians who seek to deliver and lace halfway and effectively in the provisions , remarks , and daughters of beneficial duration . \xe2\x80\x9d'
True	0	represent	0.8981136679649353	represents	-1.1937087774276733	b'rules extremely : warren thousand through ashcroft thirty ( arising you see on the life we spend and ***mask*** warmly to recommendation the loading after we sell )'
True	0	require	5.153972148895264	requires	-0.16223889589309692	b'follow me prepare if you continue any squadrons or ***mask*** anything international .'
True	0	relates	1.5936106443405151	relate	-2.0687525272369385	b'as you seek above the navy , the detail of the friendly section provides your forgiveness and ***mask*** you circulate clearer and lighter .'
False	0	expects	-0.4461280107498169	expect	-0.20514798164367676	b'my buildup with acting the scholarship forth ***mask*** , could it be arrested that thus everyone drove the hoax would or could exist at any weekend , since we particularly built california and saudis and if they headed they might have completed a familiar destruction ??'
True	0	generates	-2.30110502243042	generate	-4.051296234130859	b'an aerial ego advised in three ***mask*** there assume four " cases " in the england ages , but unbelievable traders are firmly warmer than this .'
True	0	manages	2.2768714427948	manage	-0.5107885003089905	b'as you collaborate above the target , the reliability of the severe publication melts your merchant and ***mask*** you require safer and clearer .'
True	0	intend	3.6313657760620117	intends	1.1313620805740356	b'they easily expect if you meet surface in your tonnage , ( for sites like me ) , they throw an artillery of the predator and ***mask*** downstream extinctions to meet .'
True	0	begins	4.870352745056152	begin	0.1652454137802124	b'can you affect that the laptop we are preparing ***mask*** toward a distinguishing and certain cafeteria ?'
False	1	extend	-0.2138620764017105	extends	1.658717155456543	b'the additional peoples we sell in our coordination ***mask*** ; we condemn paperwork council for easter , surface tip and throat - butt for kabul .'
True	0	adds	3.8147330284118652	add	1.877869963645935	b'my threat with expecting the reaction directly ***mask*** , could it be eliminated that totally everyone led the tap would or could avoid at any period , since we highly loved virginia and states and if they testified they might have documented a global sentence ??'
False	0	responds	-4.071220874786377	respond	-2.1675145626068115	b'well , unless immediately rarely the third luncheon he followed in the kitten ***mask*** out .'
False	0	hears	2.188007354736328	hear	2.519096851348877	b'it depends the trader for discomfort announcement and ***mask*** , \xe2\x80\x9c we are deployed that the heard should not adopt with conventional - conversation colleges who pose to collect and develop directly and onwards in the residents , directions , and habits of homemade curve . \xe2\x80\x9d'
False	1	indicate	2.538403272628784	indicates	2.934494733810425	b'the absurd chores we meet in our radar ***mask*** ; we lose region plate for easter , stream fantasy and ceiling - clan for leach .'
True	1	have	22.168153762817383	has	15.855207443237305	b"whie i do n't subscribe to the notion that the things we watch or listen to ***mask*** no effect on our behavior ( which i think is patently rediculous ) , it does bother me when people single out a specific group of people to pin the blame on ."
True	0	demonstrates	-3.6575820446014404	demonstrate	-4.516399383544922	b'well , unless almost halfway the third confidante he signed in the criticism ***mask*** out .'
True	0	reflect	3.4557981491088867	reflects	-1.0946288108825684	b'if you believe any grandchildren or ***mask*** any exam afterward occasionally , please see louisiana murphy at sixteen or sue berlin at seven .'
True	0	makes	2.9969730377197266	make	-0.006557616870850325	b'it relates the majority for belief aircraft and ***mask*** , \xe2\x80\x9c we are purchased that the regulatory should not overcome with strong - pump differences who continue to pick and revise forth and onwards in the sanctions , countries , and losses of weird perfection . \xe2\x80\x9d'
True	0	create	7.142669200897217	creates	3.3044166564941406	b'please delete me wrap if you believe any favorites or ***mask*** anything unprecedented .'
skipping is/are
True	0	want	14.153958320617676	wants	9.48013687133789	b'i dislike this urban society and ***mask*** to leave this whole enviroment .'
True	0	deliver	7.049195766448975	delivers	4.808220863342285	b'prices incomplete : lake nine through industry seven ( acquiring you receive on the photograph we pose and ***mask*** directly to lodging the horse after we pose )'
True	0	generates	7.439800262451172	generate	5.752175331115723	b'this clerk of luck represents around the snow s swing and controllers and ***mask*** a revenue for the nightmare accidentally on the receipt of the club in tribe of decision seconds .'
True	0	allows	1.2157548666000366	allow	1.1446664333343506	b'my dentist with arriving the hatred solely ***mask*** , could it be arrested that regularly everyone heard the hole would or could arrive at any jaw , since we firmly needed bbc and pigs and if they remembered they might have purchased a critical software ??'
True	1	explain	1.0364736318588257	explains	0.29447096586227417	b'i want the chores on which i should develop your website ***mask*** : ( a ) do you translate a willing mother about the context to tall laptop kids built by austin amy ?'
True	0	write	5.544724941253662	writes	0.14918512105941772	b'please make me remain if you pay any devices or ***mask*** anything independent .'
True	0	intends	5.491398811340332	intend	4.322267532348633	b'the sole liberty i murdered this vision ***mask*** to exploit anyone comparing this if they condemn of some retaliation i can prefer marry a star to this today today .'
True	0	seek	2.0914433002471924	seeks	-2.076725482940674	b'you assume the picketing and ***mask*** tube signature into the welfare .'
False	0	understands	-0.2324635088443756	understand	2.179220676422119	b'the first manager you die whenever you indicate on recovery ***mask*** that the cork disintegration never drops out the curse and tells into the gem failure .'
True	0	admits	-1.9036818742752075	admit	-2.673098564147949	b'the cheapest hunt you can join in atta ***mask*** to tend to a stadium .'
True	0	chooses	1.187781572341919	choose	0.859887957572937	b'can you oppose that the logo we are bringing ***mask*** toward a respective and boring recovery ?'
False	0	reflects	-0.6482188701629639	reflect	0.7190495133399963	b'see for a petroleum of reviewers in their junk that submits from the date and ***mask*** really to the police fo the looting .'
True	0	reflect	0.9371684193611145	reflects	-1.0874786376953125	b'come me create if you tell any records or ***mask*** anything ugly .'
True	1	explain	-2.8196401596069336	explains	-5.897348880767822	b'irish tables that personally would customize ***mask*** spaces , satellite , financial behalf and some temples of curtains .'
False	0	produces	1.5512617826461792	produce	2.090282917022705	b'the first provision you suck why you agree on bunch includes that the disgrace cancer frankly brings out the chili and ***mask*** into the trader scale .'
False	1	intend	-1.9712833166122437	intends	-1.943762183189392	b'i begin the waters on which i should continue your toy ***mask*** : ( a ) do you disrupt a same sect about the lot to fortunate description capsules served by ivan arabic ?'
True	0	chooses	3.3446531295776367	choose	0.012117920443415642	b'can you exist that the border we are seeking ***mask*** toward a valid and various gun ?'
True	0	admits	3.1697933673858643	admit	2.8313467502593994	b"the surplus to bother in version ***mask*** that huge excellent lions and travels and shocked judicial compliments are lethal to hire badly certainly tired to the andaman in abdel than al - blue attorneys , and it would be virtual to develop one 's others off the barren convention ."
True	0	goes	15.152103424072266	go	10.305996894836426	b'look for a lot of stripes in their head that starts from the beak and ***mask*** back to the back fo the bird .'
False	2	appear	-1.6211435794830322	appears	-1.3866374492645264	b'the effeminate sensitive years that never would recreate from backup ***mask*** painter , satellite , cheese , vet , typical surface and democratic connections of temperatures and resolutions -- rural as the leo kidney .'
True	0	decides	3.298328399658203	decide	-0.43854331970214844	b'can you expire that the ground we are happening ***mask*** toward a partial and soothing custody ?'
True	0	manage	1.881716012954712	manages	-2.6383767127990723	b'you indicate the lettuce and ***mask*** nomination piece into the planet .'
True	0	appears	5.22539758682251	appear	2.9656147956848145	b'the strongest grave you can warn in alexandria ***mask*** to reopen to a channel .'
True	0	operates	-0.17533069849014282	operate	-1.66104257106781	b'the absolute payable lighting i have contributed ***mask*** that in the suggestion of iaea eighteen landlord of the creativity is increasingly traced in the lieutenant the password before the telephone , this swing deleted after the diplomatic condominium .'
True	0	represents	-0.02625913918018341	represent	-1.5909937620162964	b'an agreeable insight executed in fifty ***mask*** there add billion " weapons " in the abdul israelis , but underage commanders are slowly healthier than this .'
True	0	allows	-0.519967257976532	allow	-1.1377084255218506	b'the intense diversion i passed ago from them in the first mistake ***mask*** because my historical position who appeared with them was receiving out on his awful .'
True	0	serves	3.2948334217071533	serve	-0.41690611839294434	b'this character of brass sends around the growth s spa and choices and ***mask*** a shit for the reality indoors on the decor of the bug in contrast of soul fights .'
True	0	tosses	3.1886885166168213	toss	-0.1741413176059723	b'if you laugh a worship who will migrate to you and marry he will execute and then remove his mankind , and not migrate what he is growing about why he continues balls at impressionist trips and ***mask*** they expect what you seek , why they will not circulate for you , prepare to this patronage ... he is the office for you .'
True	0	deserve	3.4940388202667236	deserves	0.8735252618789673	b'put me decide if you condemn any days or ***mask*** anything exceptional .'
True	0	sucks	-1.9624226093292236	suck	-2.403475046157837	b'an amusing invitation arrived in five ***mask*** there oppose four " thousands " in the afghanistan appropriations , but invasive rats are still cheaper than this .'
True	0	grows	18.38389015197754	grow	16.786741256713867	b'also encourage your recipients to forward this along to their contacts , and so on , so that the movement to help her ***mask*** exponentially .'
True	1	operate	-2.4078660011291504	operates	-2.410679578781128	b'i refer the facts on which i should raid your farce ***mask*** : ( a ) do you serve a joint congregation about the grill to gentle floor habits meant by edt electoral ?'
True	0	delivers	0.8114446401596069	deliver	-1.343076467514038	b'otherwise include your meals to prefer this incredibly to their photos , and however approximately , so that the stranger to destroy her ***mask*** efficiently .'
True	1	include	3.8328332901000977	includes	2.6570327281951904	b'i listen the packages on which i should provide your chapel ***mask*** : ( a ) do you wash a vital hole about the perfume to fundamental locker stages kept by arabia atomic ?'
True	0	operates	0.3487086296081543	operate	-1.3222521543502808	b'the independent constant democracy i have reduced ***mask*** that in the palace of autumn eight kid of the violence is afterward checked in the pub the furnace before the coordination , this notion printed after the competitive fashion .'
False	0	adds	-2.930898666381836	add	-0.5911396145820618	b'the unprecedented cash to choose for global ***mask*** to defend fifty , or your moment tent car reptile , and accept .'
True	0	understands	4.456788063049316	understand	4.045073986053467	b'especially , the impressionist acupuncture designated for embarrassment ***mask*** whether our account ( the ecological application and thus the opportunity they spend to postpone ) is or affects not an essential kindness under the ranch .'
False	0	agrees	-0.9946529865264893	agree	1.9827306270599365	b'because of the coordination that his tribal deck with nov ukraine had spent him , he continued hundreds humble as : " you can respond a conflict and a movement , eighteen tuna you ca n\'t define ***mask*** whenever you \'re meaningful also " and demonstrated collages to the " laurie levitt " partner promoting that " quickly he visited shiite proponents to pour slightly tolerable as a warning " .'
True	0	generate	-0.7550424337387085	generates	-1.6917870044708252	b'birds suffer the example but ***mask*** her frightening cake and the landing progresses .'
True	0	deserves	1.650399923324585	deserve	-2.2686588764190674	b'it thinks the resolution for pain instructor and ***mask*** , \xe2\x80\x9c we are perceived that the janet should not implement with reasonable - carrier reservations who spend to make and spawn personally and abruptly in the rabbits , salads , and partnerships of fashioned database . \xe2\x80\x9d'
True	0	believes	2.7789340019226074	believe	-2.0069873332977295	b'can you interfere that the boulevard we are bleeding ***mask*** toward a municipal and marvelous pursuit ?'
skipping is/are
True	1	employ	1.2678617238998413	employs	-0.10295511782169342	b'the empty ft we prefer in our religion ***mask*** ; we become trend responsibility for easter , police conclusion and target - landlord for finland .'
False	0	adds	0.12650489807128906	add	0.8744542002677917	b'the annoyed custody to retaliate for technical ***mask*** to monitor two , or your priest foreigner rejection flank , and introduce .'
True	0	includes	5.051202297210693	include	4.730055809020996	b'the advanced crucial container i have chosen ***mask*** that in the discretion of ei eighteen station of the rain is onshore banned in the blower the substance before the feeder , this compensation felt after the retarded doctor .'
True	0	makes	4.195563316345215	make	1.2061927318572998	b'it wakes the king for ball alarm and ***mask*** , \xe2\x80\x9c we are signed that the mohammed should not impose with messy - prayer minds who become to preserve and recruit widely and unanimously in the restrictions , civilians , and standards of compatible spreadsheet . \xe2\x80\x9d'
True	1	suck	1.5207428932189941	sucks	-4.0138936042785645	b"whie i do n't register to the leash that the partnerships we learn or provide to ***mask*** no acceptance on our guest ( which i laugh is historically spiritual ) , it does reflect me whenever difficulties represent out a considerable transition of bodies to produce the sales on ."
True	0	spends	1.5219019651412964	spend	-1.544114351272583	b'extremely adjust your centres to listen this aggressively to their budgets , and completely officially , so that the propaganda to remove her ***mask*** underneath .'
False	0	affirms	2.5231094360351562	affirm	2.5231094360351562	b'the happy discharge i seized this vision ***mask*** to assist anyone dispersing this if they tend of some transaction i can retrieve perform a buildup to this plan chess .'
False	0	toss	-1.783700704574585	tosses	0.6723339557647705	b'come me throw if you pay any moors or ***mask*** anything unlimited .'
True	0	carry	2.832045555114746	carries	-2.223067283630371	b'i continue this illegal bombing and ***mask*** to hang this popular exam .'
False	0	understands	-0.9245870113372803	understand	1.1959115266799927	b'my registration with achieving the prosecution pursuant ***mask*** , could it be agreed that politely everyone flew the branch would or could impress at any tabs , since we primarily flowed ham and computers and if they blended they might have cooked a healthy mouth ??'
True	0	come	4.867897033691406	comes	1.0471552610397339	b'if you develop any fans or ***mask*** any invoice apart automatically , please see troy carnegie at two or singer wood at seven .'
True	0	provide	2.191187858581543	provides	-0.18919679522514343	b'go me listen if you pose any firms or ***mask*** anything ethnic .'
False	1	explain	-4.940049648284912	explains	-4.044274806976318	b'irish spurs that predominantly would reflect ***mask*** ships , penny , lynch beach and some deaths of rebels .'
True	0	meet	4.172739505767822	meets	-2.1601881980895996	b'beware me digest if you throw any couples or ***mask*** anything edible .'
skipping is/are
True	1	expects	4.632846355438232	expect	2.2304346561431885	b'the economic functional murderer that he writes ***mask*** that he particularly goes his cabins and surely cares fabulous with his difficult gem .'
True	1	remain	5.139016151428223	remains	1.4879399538040161	b"whie i do n't communicate to the pilot that the speakers we choose or suggest to ***mask*** no inquiry on our worker ( which i require is wholly scientific ) , it does remind me whenever requests seek out a temporary bench of helicopters to prescribe the deadline on ."
True	0	ensure	1.534072756767273	ensures	-0.40771791338920593	b'they extremely add if you make route in your wager , ( for gains like me ) , they begin an attraction of the sheet and ***mask*** naked appropriations to wander .'
False	0	understands	4.289233684539795	understand	5.427541255950928	b'the unacceptable privileged photography i have filled ***mask*** that in the kidney of agra eighteen complaint of the voting is individually described in the career the journey before the tug , this therapy paid after the tripartite harness .'
False	0	sees	2.33966064453125	see	3.446462869644165	b'actually adjust your hens to meet this obviously to their references , and still abroad , so that the difficulty to deserve her ***mask*** approximately .'
False	1	extend	2.184764862060547	extends	2.23063325881958	b'i refuse the volumes on which i should cancel your country ***mask*** : ( a ) do you donate a frustrating satisfaction about the context to soft surface drugs noticed by ontario aires ?'
True	0	ensures	6.990561008453369	ensure	6.44929313659668	b'the first facility you carry whenever you oppose on sympathy ***mask*** that the pocket garage super receives out the paw and lasts into the grave flooding .'
True	0	assumes	7.5012993812561035	assume	4.271714687347412	b'the awful busy breeder i have passed ***mask*** that in the rabbit of iceland eighteen spa of the campaigning is otherwise kept in the proportion the flipping before the hotel , this carbon turned after the big web .'
True	0	recommends	0.9429686665534973	recommend	0.15420308709144592	b'as you suffer above the provision , the plenty of the superior migrant goes your drama and ***mask*** you contain newer and clearer .'
True	0	has	14.134711265563965	have	8.36848258972168	b'this type of harness goes around the dog s chest and legs and ***mask*** a clip for the leash up on the back of the dog in middle of shoulder blades .'
True	0	visit	8.236088752746582	visits	5.093831539154053	b'dignitaries condemn the act but ***mask*** her bereaved family and the money flows .'
True	1	enjoy	1.7484018802642822	enjoys	-0.4217429459095001	b'the academic grandparents we proceed in our channel ***mask*** ; we pose market none for easter , flipping reputation and scam - tonight for chechnya .'
True	2	include	13.264104843139648	includes	10.818387985229492	b'the important commercial species that probably would benefit from warming ***mask*** cod , haddock , saithe , herring , blue whiting and several types of flatfish and crustaceans -- such as the norway lobster .'
True	0	hears	1.1383033990859985	hear	0.12991054356098175	b'even adjust your prices to begin this indeed to their dividends , and carefully aggressively , so that the route to dine her ***mask*** incorrectly .'
True	0	fails	0.5947392582893372	fail	-1.3412095308303833	b'a reserve forum anticipated in lanka fifty ***mask*** , " due to its vet astride the warner carnival , assembly has fairly been a whim to the client .'
False	0	enjoys	-2.742647409439087	enjoy	-2.427061080932617	b'the automatic traveler i threw eventually from them in the first consumption ***mask*** because my fortunate crime who appreciated with them was looking out on his ambitious .'
True	0	comes	7.9473185539245605	come	5.0296831130981445	b'can you interfere that the spring we are joking ***mask*** toward a same and reasonable medicine ?'
True	0	ensure	4.773536205291748	ensures	2.297642946243286	b'they exponentially indicate if you carry bull in your panic , ( for lions like me ) , they laugh an extent of the field and ***mask*** similar affairs to bless .'
True	0	continue	7.757081985473633	continues	2.998615264892578	b'i hear we possibly pick the milk and ***mask*** to lebanon .'
False	0	tends	-0.3649511933326721	tend	2.0588185787200928	b'i remain the salsa you preceded to me ***mask*** to the belgium pew at europe ( ran in nicobar ) .'
True	0	operates	0.3221856653690338	operate	-1.6995317935943604	b'the unaware site to click for mobile ***mask*** to withdraw six , or your cousin magazine warranty snack , and owe .'
False	0	includes	3.5677239894866943	include	4.282425880432129	b'my dad with establishing the protein surely ***mask*** , could it be approved that publicly everyone lacked the tug would or could exceed at any permission , since we roughly drafted philip and tamils and if they felt they might have needed a meticulous directive ??'
True	1	develop	3.4497170448303223	develops	-2.30368709564209	b'but unacceptable demons do compel the route they propose he will grow , and the agreements who provide him ***mask*** to obtain the appropriations who exist him .'
False	0	produces	-5.475480079650879	produce	-3.2776877880096436	b'i consider the dominance you replied to me ***mask*** to the kennedy coogan at april ( tried in kim ) .'
True	1	reflect	1.7192000150680542	reflects	-2.295067310333252	b'but attentive hosts do harass the fan they manage he will recreate , and the implications who wash him ***mask*** to emit the establishments who expect him .'
True	1	agrees	6.560789108276367	agree	3.6783032417297363	b'the inappropriate romantic diversion that he submits ***mask*** that he honestly demonstrates his fundamentalists and gently follows necessary with his visible correction .'
True	0	beg	-1.3975317478179932	begs	-6.597416877746582	b'find me retake if you develop any publications or ***mask*** anything optimistic .'
True	0	relates	3.5254225730895996	relate	-0.16600309312343597	b'the first pig you carry whenever you eat on possibility exists that the scrap photographer downhill lasts out the punishment and ***mask*** into the sensitivity shame .'
True	1	appear	-0.8394913673400879	appears	-1.680180549621582	b'antique spurs that greatly would testify ***mask*** contents , chairman , portugal profile and some liberties of cartoons .'
True	0	observes	6.869112014770508	observe	5.100125789642334	b"the rebel to hire in sensitivity ***mask*** that many afraid strategies and seas and respective retired birds are basic to pour badly partly brave to the ukraine in israel than al - berlin utensils , and it would be neat to fill one 's affairs off the gentle convenience ."
True	0	need	15.862980842590332	needs	9.106329917907715	b'please let me know if you have any questions or ***mask*** anything else .'
True	0	enter	3.2938151359558105	enters	-0.13669033348560333	b'they indefinitely operate if you hear master in your time , ( for hijackers like me ) , they lose an environment of the consistency and ***mask*** narrow earthworms to prepare .'
False	0	compares	-1.532618522644043	compare	-0.5371949672698975	b'an external origin authorized in sixteen ***mask*** there assume seven " kilometres " in the ana arabs , but impeccable countries are possibly lighter than this .'
True	0	manage	5.238460540771484	manages	1.4323214292526245	b'ladies initially : jeremy two through electoral three ( expanding you manage on the purpose we listen and ***mask*** rarely to thread the cat after we listen )'
False	0	explains	3.4491515159606934	explain	5.0397114753723145	b'the recent wording i tried this jar ***mask*** to evacuate anyone telling this if they proceed of some stylist i can postpone seem a decor to this document report .'
True	0	includes	-0.31673306226730347	include	-2.1003594398498535	b'the asymmetrical wager i blew indeed from them in the first bench ***mask*** because my dumb friendship who ordered with them was suggesting out on his electrostatic .'
True	0	seeks	3.0879156589508057	seek	-0.3507709801197052	b'as you laugh above the compliance , the theater of the latter source develops your section and ***mask*** you reassure taller and clearer .'
False	0	begs	-4.349273681640625	beg	-2.7927117347717285	b'i seem the manner you called to me ***mask*** to the croatia grill at amsterdam ( said in teresa ) .'
True	0	refers	3.885903835296631	refer	-0.1971726417541504	b'can you approve that the rivalry we are joining ***mask*** toward a suspicious and privileged disaster ?'
False	1	intend	-1.6959120035171509	intends	-1.1710495948791504	b'i recognize the dollars on which i should revise your band ***mask*** : ( a ) do you communicate a valid predator about the lifeboat to constant mystery cats strengthened by antichrist autumn ?'
True	0	begins	2.123399257659912	begin	0.5704260468482971	b'come for a team of women in their guerilla that generates from the cabinet and ***mask*** mostly to the cave fo the propane .'
True	0	belong	-4.943175792694092	belongs	-5.4578857421875	b'judges laugh the imprisonment but ***mask*** her monthly wire and the neighborhood relates .'
False	0	understands	2.4041531085968018	understand	3.575356960296631	b"the wing to concur in reduction ***mask*** that retired antique courses and rockies and preventive full deer are tragic to describe soon historically hospitable to the ontario in ontario than al - sharon alternatives , and it would be fashioned to collect one 's utilities off the senior feedback ."
True	0	remember	0.753539502620697	remembers	-5.961554050445557	b'you apply the toy and ***mask*** fighter hair into the blackmail .'
True	0	dies	4.03958797454834	die	-0.7731872200965881	b'this conviction of homosexuality melts around the team s neighbor and militants and ***mask*** a director for the jerk importantly on the beard of the lunch in weapon of law thieves .'
True	1	includes	7.073294162750244	include	6.917638778686523	b'the unable forthcoming hospitality that he deserves ***mask*** that he strongly sees his prisoners and necessarily writes diplomatic with his northeastern wasp .'
True	0	require	5.4409260749816895	requires	1.5971131324768066	b'learn me miss if you carry any whereabouts or ***mask*** anything unbelievable .'
True	0	delivers	2.5351297855377197	deliver	0.8158018589019775	b'can you enable that the contribution we are checking ***mask*** toward a generic and controversial cage ?'
True	0	hears	-0.32133662700653076	hear	-0.8256224989891052	b'an unknown alert aggravated in nine ***mask*** there oppose three " genitals " in the andre ages , but unpopular standards are roughly happier than this .'
True	0	want	4.728362560272217	wants	-0.9079194068908691	b"terms who require these actions ***mask*** at the effort amazingly ; and it 's ridiculous to concur they are absolute and sunny to withdraw no if they deny there would fix a therapist ."
True	0	see	10.072702407836914	sees	3.5663392543792725	b'if you meet any records or ***mask*** any army incomplete always , please hang rahman hell at three or palestine niagara at six .'
True	0	refer	-0.8644653558731079	refers	-1.5687464475631714	b'prices prefer the opinion but ***mask*** her primary tract and the clothing begins .'
False	0	observes	-2.2458555698394775	observe	-1.1891087293624878	b'my yoga with answering the throat technically ***mask*** , could it be understood that properly everyone belonged the parent would or could establish at any swing , since we correctly warned courtney and californians and if they killed they might have saved a cruel violence ??'
skipping is/are
True	1	explain	0.08300556242465973	explains	-1.6008143424987793	b'asian traditions that hopefully would wrap ***mask*** trees , reconciliation , saddam waitress and some reservations of measures .'
False	0	throws	-0.8458985090255737	throw	1.6921939849853516	b'i remain the kid you tested to me ***mask*** to the colin coalition at okinawa ( guaranteed in loretta ) .'
True	0	adds	-2.983839750289917	add	-3.0456719398498535	b'the electronic convenience i chose apparently from them in the first station ***mask*** because my functional connection who indicated with them was telling out on his undecided .'
True	0	provide	-0.2338091880083084	provides	-1.2389017343521118	b'i spend this acceptable wagon and ***mask*** to prepare this regional energy .'
True	0	recommend	0.669704258441925	recommends	-0.014065966010093689	b'i serve we somewhat sell the fan and ***mask*** to kline .'
False	0	indicates	1.8030266761779785	indicate	2.057906150817871	b'because of the virus that his solar photography with delivery oglethorpe had happened him , he missed producers yellow as : " you can communicate a spore and a bravery , eight menu you ca n\'t prepare ***mask*** why you \'re limp unfortunately " and stayed currents to the " taiwan canal " jail containing that " repeatedly he phoned perfect foreigners to collect warmly militant as a philosophy " .'
True	0	remains	1.9522080421447754	remain	-0.6419965028762817	b'i proceed the towing you threw to me ***mask*** to the don rice at ayatollah ( folded in milan ) .'
True	0	indicates	9.785109519958496	indicate	6.637099742889404	b'the unexpected radical notification i have proposed ***mask*** that in the collateral of orr eighteen locker of the majority is immediately protected in the pasture the merger before the skill , this shame tasted after the biochemical device .'
True	0	relate	1.7618670463562012	relates	-3.2403416633605957	b"programs who seem these adults ***mask*** at the ideology entirely ; and it 's defensive to put they are unconnected and dead to grab no if they die there would commit a phenomenon ."
True	0	loses	1.5704762935638428	lose	0.8520512580871582	b'i decide the notch you began to me ***mask*** to the tiffany mcdonald at atlanta ( maintained in superfund ) .'
False	0	decides	0.08002787828445435	decide	1.57438325881958	b'if you die a source who will represent to you and reflect he will expand and then migrate his determination , and not regret what he is hoping about whenever he depends reasons at eastern temperatures and ***mask*** they indicate what you throw , why they will not defend for you , come to this tension ... he is the affair for you .'
True	0	delivers	0.214774027466774	deliver	-2.7463302612304688	b'well , unless inevitably thus the third lease he deleted in the chapter ***mask*** out .'
True	0	generate	9.152825355529785	generates	3.8276724815368652	b'if you manage any dilemmas or ***mask*** any energy occasionally overly , please continue kaufman jan at seven or lake rolling at fifteen .'
True	0	points	14.817316055297852	point	9.387869834899902	b'can you accept that the road we are travelling ***mask*** toward a grim and painful future ?'
False	1	adds	1.0641493797302246	add	1.8173350095748901	b'the joint lot cases recommend there ***mask*** raid to the craft .'
True	0	includes	1.5094084739685059	include	1.2936934232711792	b'the hysterical democracy i started this counsel ***mask*** to identify anyone seeking this if they provide of some preparation i can prove strengthen a recovery to this brass period .'
skipping is/are
True	0	demonstrate	3.1990978717803955	demonstrates	1.7059953212738037	b'commissioners decide the advertising but ***mask*** her delicate driver and the surplus supports .'
True	0	refuse	4.567905426025391	refuses	1.4273285865783691	b'wolves see the exclusion but ***mask*** her geographical space and the death receives .'
True	1	assume	-1.9663610458374023	assumes	-2.9786601066589355	b'the electoral parties we tolerate in our label ***mask*** ; we manage percentage tutorial for easter , climate chili and warning - rein for christianity .'
True	0	write	4.670231342315674	writes	1.605025053024292	b'wait me grow if you learn any targets or ***mask*** anything unconnected .'
True	0	lose	3.880021572113037	loses	-2.450136184692383	b'i come we rapidly begin the tin and ***mask*** to southwest .'
True	0	require	16.53062629699707	requires	9.992986679077148	b'if you have any questions or ***mask*** any assistance at all , please contact hope duncan at 202.739.0134 or jeff mangold at 703.729.2710 .'
False	0	observes	-6.571749210357666	observe	-5.571259021759033	b'the aware coast i requested onboard from them in the first center ***mask*** because my glad midst who enjoyed with them was seeking out on his unfortunate .'
True	0	carry	5.106839656829834	carries	-0.3954198956489563	b'please put me communicate if you lose any headlines or ***mask*** anything unacceptable .'
True	0	believe	4.710014820098877	believes	0.9986124634742737	b"prices who pale these astronauts ***mask*** at the enjoyment anymore ; and it 's hectic to commit they are environmental and bored to foresee no if they begin there would deliver a vegetable ."
True	2	expect	-2.0079755783081055	expects	-4.564072132110596	b'the extraordinary false provinces that secretly would cancel from scrap ***mask*** protein , bunch , lifeboat , lease , visible sensitivity and terrible bottles of relatives and sales -- sensitive as the capricorn background .'
True	1	apply	-3.1770405769348145	applies	-5.656247138977051	b'additional leaders that thereafter would translate ***mask*** things , property , jared combo and some lions of guidelines .'
False	0	ensures	-4.532264709472656	ensure	-2.172760009765625	b'the interested popularity to reconsider for lax ***mask*** to retrieve six , or your professor difference criticism competition , and adjust .'
True	0	carry	4.688950061798096	carries	0.3787165880203247	b'you exist the chairman and ***mask*** disease fan into the sovereignty .'
True	1	intend	-0.8701490759849548	intends	-4.518789291381836	b'additional parties that frankly would conclude ***mask*** donations , custody , japan ticket and some provisions of toes .'
True	0	makes	18.94427490234375	make	14.502825736999512	b'as you sit above the world , the warmth of the golden sun penetrates your body and ***mask*** you feel warmer and warmer .'
True	0	seek	4.770423889160156	seeks	-1.032027244567871	b'you operate the campaign and ***mask*** counsel grandson into the facility .'
True	0	loses	0.9619658589363098	lose	-0.41098183393478394	b'it refuses the council for man expectation and ***mask*** , \xe2\x80\x9c we are filmed that the lake should not enable with massive - character companies who provide to commit and revise regardless and indoors in the responsibilities , bottles , and chicks of satisfied creation . \xe2\x80\x9d'
True	0	learns	-2.0730042457580566	learn	-2.23044490814209	b'an underage atrophy equipped in billion ***mask*** there intend seven " complexes " in the eurasia indians , but infinite tires are nowadays cheaper than this .'
True	0	observe	1.9009062051773071	observes	-4.6110429763793945	b'they obviously anticipate if you make boy in your facility , ( for bottles like me ) , they realize an ownership of the participant and ***mask*** certified agencies to prove .'
False	0	belong	-6.826274394989014	belongs	-4.495020866394043	b'rules listen the artwork but ***mask*** her promotional perception and the queen produces .'
True	1	intends	2.1721038818359375	intend	-0.9948045611381531	b'the unsure strategic story that he tells ***mask*** that he virtually contains his bucks and currently continues necessary with his dire pleasure .'
True	0	suggest	1.4890586137771606	suggests	-2.647474527359009	b'reports eventually : limerick fifteen through ismail nine ( emerging you listen on the coat we decide and ***mask*** sufficiently to feedback the setback after we hear )'
True	0	spend	3.8030765056610107	spends	1.0856554508209229	b'cats provide the ownership but ***mask*** her huge manufacturer and the pup cares .'
True	0	requires	10.118843078613281	require	6.728969097137451	b'this wire of capability reflects around the commodity s trend and bombers and ***mask*** a memo for the sect eventually on the receiver of the diversion in payment of photo duties .'
True	0	allows	4.040450096130371	allow	2.3485324382781982	b'my landing with increasing the crab traditionally ***mask*** , could it be understood that shortly everyone replaced the proportion would or could achieve at any mile , since we relatively felt messenger and fridays and if they planned they might have diagnosed a spiritual mode ??'
True	0	insists	0.2704788148403168	insist	-0.18965598940849304	b'the homemade counsel i listened this beard ***mask*** to execute anyone filling this if they throw of some letter i can vomit propose a heart to this patience cage .'
True	0	begin	6.04452657699585	begins	1.046939492225647	b'i continue we pursuant meet the cave and ***mask*** to lucy .'
True	0	applies	0.1481674462556839	apply	-1.5314196348190308	b'the immediate strong parent i have lived ***mask*** that in the cafe of alito eighteen teeth of the health is abundantly monitored in the warlord the consumer before the medal , this showroom grabbed after the cute reconciliation .'
skipping is/are
skipping is/are
False	0	understands	-1.8782374858856201	understand	0.47307339310646057	b'the first fence you laugh why you admit on coup ***mask*** that the trial life really happens out the kitchen and hates into the floor beard .'
True	0	intends	1.6729260683059692	intend	-0.504988431930542	b'usually , the insecure invoice taken for infantry ***mask*** whether our index ( the incredible invention and somehow the arrangement they see to protect ) is or objects not an identical whim under the healthcare .'
True	0	happens	4.850306034088135	happen	2.375821352005005	b'turn for a musician of stories in their concert that belongs from the locker and ***mask*** successfully to the punishment fo the jury .'
True	0	pay	5.536305904388428	pays	0.9857379794120789	b'ladies exactly : columbia six through abramoff five ( attempting you propose on the tea we decide and ***mask*** politely to speaker the wolf after we propose )'
True	0	go	16.085744857788086	goes	9.67730712890625	b'days away : sept. 21 through oct. 3 ( assuming you work on the day we leave and ***mask*** back to work the day after we return )'
True	0	understands	4.002279281616211	understand	3.2825686931610107	b'the uncut sweet waiter i have placed ***mask*** that in the lottery of amsterdam eight trip of the language is afterward taken in the scrutiny the child before the grid , this sea published after the tall salsa .'
True	0	continue	1.5442718267440796	continues	-3.146989345550537	b'click me wear if you suck any shelves or ***mask*** anything aortic .'
False	0	adds	-0.9064962863922119	add	-0.7768967151641846	b'the smallest studio you can carry in omar ***mask*** to burn to a suggestion .'
False	0	sees	1.6686409711837769	see	3.424307346343994	b'it seems the tourist for quo identity and ***mask*** , \xe2\x80\x9c we are projected that the terry should not oppose with legislative - payout sanctions who remember to remain and communicate shortly and automatically in the tensions , temples , and messages of necessary cousin . \xe2\x80\x9d'
True	0	learns	3.261221408843994	learn	1.5300238132476807	b'bring for a heaven of weapons in their virus that reads from the master and ***mask*** smoothly to the task fo the marketing .'
True	0	throws	4.650541305541992	throw	1.2770720720291138	b'as you seem above the ton , the perfume of the critical protein provides your pattern and ***mask*** you reassure newer and taller .'
True	1	spend	7.351478576660156	spends	-0.6002689599990845	b"whie i do n't solve to the commission that the stars we choose or receive to ***mask*** no aircraft on our death ( which i want is promptly generic ) , it does generate me whenever projects carry out a relaxed spa of crimes to see the pork on ."
True	0	receive	0.8457872867584229	receives	-4.428761959075928	b'i propose this astounding rail and ***mask*** to pursue this naive office .'
True	0	exists	4.410308361053467	exist	1.4558660984039307	b'the first proportion you collaborate whenever you exist on darkness ***mask*** that the junk tractor respectively pays out the hybrid and suggests into the permission tax .'
True	0	allows	5.030032157897949	allow	2.796978235244751	b'my haven with acting the character merely ***mask*** , could it be accepted that cheaply everyone grabbed the labor would or could assist at any picketing , since we regularly listened beijing and metals and if they remembered they might have titled a honest direction ??'
True	0	intends	0.2633325755596161	intend	-1.4038656949996948	b'ever , the immediate absorption created for arthritis ***mask*** whether our ets ( the unknown exposure and dramatically the energy they describe to maintain ) is or understands not an angry reality under the corps .'
False	0	understands	1.1243821382522583	understand	2.541250467300415	b'the rare reversal i called this sauce ***mask*** to attend anyone doing this if they make of some puppy i can breathe forget a bag to this thanks money .'
True	0	deserves	0.40676942467689514	deserve	-0.9682872295379639	b'i deny the brain you developed to me ***mask*** to the janice sancho at ips ( protected in mills ) .'
False	0	explains	-0.49926894903182983	explain	1.2521462440490723	b'because of the musician that his timely comparison with ray ei had protected him , he contacted rewards solid as : " you can regret a pewter and a master , eighteen capacity you ca n\'t foresee ***mask*** whenever you \'re crucial indefinitely " and said snakes to the " prophet scotland " tension watching that " basically he belonged dear policies to wrap neatly preventive as a room " .'
True	0	suffers	3.625684976577759	suffer	1.2102470397949219	b'the first dioxide you deny why you admit on tip enjoys that the tourism staff hereby crashes out the company and ***mask*** into the heating friendship .'
True	0	meets	-0.22209487855434418	meet	-0.6125593185424805	b'well , unless indeed quietly the third position he phoned in the marketing ***mask*** out .'
True	0	create	8.205427169799805	creates	1.8906663656234741	b'save me discuss if you tend any conclusions or ***mask*** anything amusing .'
True	0	realise	-0.1472962647676468	realises	-5.006890296936035	b"stars who recognize these attempts ***mask*** at the id incorrectly ; and it 's grand to harass they are educated and naive to reassure no if they come there would spell a direction ."
True	0	put	7.602283477783203	puts	2.431159257888794	b'you add the water and ***mask*** water conditioner into the water .'
True	0	states	16.954727172851562	state	10.30306625366211	b'it presents the case for marriage equality and ***mask*** , \xe2\x80\x9c we are resolved that the state should not interfere with same - gender couples who choose to marry and share fully and equally in the rights , responsibilities , and commitments of civil marriage . \xe2\x80\x9d'
True	0	adds	8.100561141967773	add	4.5795369148254395	b"the wolf to continue in time ***mask*** that critical afghan kinds and pakistanis and dissatisfied kurdish gentlemen are romantic to harass badly faithfully tall to the andrew in ashcroft than al - lonely appointees , and it would be gullible to prove one 's ecosystems off the final sea ."
True	0	respond	5.745949745178223	responds	4.1060380935668945	b'i refer we perfectly provide the pub and ***mask*** to cst .'
True	0	suggests	14.600518226623535	suggest	9.474080085754395	b'an official estimate issued in 2003 ***mask*** there are 50,000 " foreigners " in the andaman islands , but unofficial figures are much higher than this .'
