True	1	exists	3.4686713218688965	exist	-0.5546462535858154	b'the organised massive skin that he depends ***mask*** that he thus sends his rights and nowadays tells lazy with his northeastern merchant .'
True	0	ensures	-5.018747806549072	ensure	-5.424293518066406	b'because of the paperwork that his terrible father with dental alan had shared him , he saved wonders continental as : " you can retake a programming and a problem , eighteen song you ca n\'t gather ***mask*** whenever you \'re humble abroad " and discussed nostrils to the " future korea " dish removing that " primarily he said pakistani hands to reassure thus vital as a receipt " .'
True	0	admits	1.8124388456344604	admit	0.5023362636566162	b'the first settlement you suggest whenever you extend on rumor ***mask*** that the premium media slowly melts out the culture and dies into the belly fever .'
True	0	spill	1.3402959108352661	spills	0.4594932198524475	b'if you choose any holdings or ***mask*** any electricity ethnically already , please tell sarah gm at six or crawford kevin at nine .'
True	0	decide	3.0344302654266357	decides	1.9160983562469482	b'please groom me translate if you prefer any forums or ***mask*** anything obvious .'
True	0	approves	0.3194240629673004	approve	-0.6331483721733093	b"the sauce to recruit in pastor ***mask*** that full european complexes and communists and strange jewish species are conventional to hang soon thereby violent to the amsterdam in isi than al - taiwan animals , and it would be numerous to recover one 's alarms off the governmental radar ."
True	0	operates	0.6519268155097961	operate	0.30923891067504883	b'the first loan you respond why you indicate on frequency ***mask*** that the time remainder finally belongs out the speech and pays into the zoo technology .'
False	1	insist	-1.2695683240890503	insists	-0.6617817878723145	b'the ecological wines we believe in our night ***mask*** ; we come drawer today for easter , rivalry difficulty and weapon - machine for louisiana .'
True	0	deserve	-1.1759934425354004	deserves	-2.8947155475616455	b'please make me verify if you require any dancers or ***mask*** anything underage .'
True	0	tend	1.5237667560577393	tends	1.1329935789108276	b'i consider this adequate reputation and ***mask*** to relate this dangerous event .'
True	0	use	11.39277172088623	uses	6.121452808380127	b'they always ask if you have meat in your dish , ( for vegetarians like me ) , they scrub an area of the grill and ***mask*** separate utensils to cook .'
True	0	adds	3.3514318466186523	add	3.3271031379699707	b'the first reduction you believe why you intend on decor ***mask*** that the commission soil specifically becomes out the virus and leads into the spirit market .'
True	0	adds	-1.7263909578323364	add	-2.7749345302581787	b'the effective communication to thank for romantic ***mask*** to pursue three , or your boy tumor software behavior , and encourage .'
True	1	remain	6.3979411125183105	remains	3.944585084915161	b'but unbelievable malls do describe the quiz they prefer he will replace , and the artists who remain him ***mask*** to investigate the appointments who extend him .'
False	2	explain	-0.330335795879364	explains	-0.04317566007375717	b'the overcrowded strategic tourists that strictly would meet from meditation ***mask*** misunderstanding , bladder , poisoning , jerk , pure target and lovely rebels of marketers and cleaners -- previous as the doug snack .'
True	0	suggest	8.87281608581543	suggests	3.556023597717285	b'if you condemn any disasters or ***mask*** any error economically afterward , please specify butcher samuel at fifteen or tet nov at six .'
True	0	tend	7.360218048095703	tends	0.9428197741508484	b'i seem we promptly suck the disaster and ***mask*** to jafar .'
True	0	represent	2.1225364208221436	represents	1.1691651344299316	b'follow me predict if you put any publications or ***mask*** anything impenetrable .'
True	1	exist	1.1351864337921143	exists	0.7115861177444458	b'the electrostatic fisheries we develop in our monkey ***mask*** ; we listen perspective wall for easter , planet testimony and supervisor - budget for wii .'
True	1	employ	0.6207185983657837	employs	-2.5169572830200195	b'i develop the liberals on which i should lace your gender ***mask*** : ( a ) do you pour a painful requirement about the cafeteria to delighted swap shops begun by andaman andre ?'
True	0	enters	-1.790482521057129	enter	-2.9323079586029053	b'my career with using the fantasy frequently ***mask*** , could it be eaten that perfectly everyone bought the swap would or could eat at any justice , since we happily prevented veterinary and wars and if they gave they might have grown a scientific blackmail ??'
True	0	represent	-2.514747142791748	represents	-6.78385066986084	b'i deny this expensive customer and ***mask*** to remember this costly atrophy .'
False	0	understands	2.516144275665283	understand	3.8663442134857178	b'instead , the effective extent killed for editor ***mask*** whether our usb ( the unaware obligation and nearly the exclusion they pose to compel ) is or involves not an obvious curve under the purse .'
True	0	tells	1.470635175704956	tell	-2.238389492034912	b'the first goodness you laugh whenever you agree on testimony appears that the discovery king presently cares out the filter and ***mask*** into the salsa competition .'
True	2	enjoy	1.1759029626846313	enjoys	-1.6313934326171875	b'the overwhelming short properties that primarily would dial from lottery ***mask*** termination , divorce , term , wagon , militant salt and downstream martyrs of methods and wounds -- soothing as the karl separation .'
True	0	dies	2.2136433124542236	die	-2.0918164253234863	b'as you sell above the rape , the temper of the complicated stone feels your nature and ***mask*** you grow lighter and newer .'
False	0	makes	-0.414047509431839	make	0.5339046716690063	b'put for a button of centuries in their reviewer that pays from the defence and ***mask*** historically to the bluff fo the reaction .'
True	1	carry	2.5010571479797363	carries	-1.1971368789672852	b'but automatic millions do cancel the tutorial they dislike he will wash , and the explosives who provide him ***mask*** to argue the edges who insist him .'
True	0	expect	3.4396705627441406	expects	3.2173314094543457	b'they especially include if you die reaction in your separation , ( for transfers like me ) , they believe an investment of the teacher and ***mask*** barren officials to receive .'
True	1	assumes	7.532118320465088	assume	3.9398207664489746	b'the insecure weird shelter that he suggests ***mask*** that he possibly depends his participants and vigorously blames relevant with his funny process .'
True	1	approves	1.117095708847046	approve	-0.9440349340438843	b'the enjoyable huge wing that he melts ***mask*** that he generally loves his hearings and properly relates conscious with his similar difficulty .'
True	1	begin	2.016122817993164	begins	-4.688050746917725	b"whie i do n't consider to the discussion that the cabins we wash or meet to ***mask*** no user on our corps ( which i deserve is wholly conservative ) , it does mention me why ranchers die out a prior homeland of things to hear the vulnerability on ."
True	1	include	13.847412109375	includes	9.561890602111816	b'important species that probably would decline ***mask*** shrimp , capelin , greenland halibut and some varieties of flatfish .'
False	0	represents	-5.565690994262695	represent	-4.847453594207764	b'well , unless abruptly harshly the third siege he paid in the mosque ***mask*** out .'
True	0	tend	0.48291757702827454	tends	-4.889714241027832	b'if you laugh any flowers or ***mask*** any omnibus incredibly entirely , please breathe fred gerald at twenty or coogan medici at thirty .'
True	0	look	21.497295379638672	looks	12.464193344116211	b"workers who do these introductions ***mask*** at the interaction objectively ; and it 's good to see they are able and willing to say no if they feel there would be a problem ."
True	2	agree	-2.6773428916931152	agrees	-4.046928405761719	b'the usual noble peoples that freely would reduce from role ***mask*** dispute , tin , portion , studio , mass bravery and cultural ladies of years and forums -- fundamentalist as the francis pillow .'
True	0	belongs	13.914824485778809	belong	8.67524242401123	b'i believe the message you forwarded to me ***mask*** to the mark taylor at ei ( based in london ) .'
True	1	allows	-0.32829034328460693	allow	-1.8407784700393677	b'the potable mistake properties believe there ***mask*** flee to the surgery .'
True	1	define	-0.6410354375839233	defines	-3.3924648761749268	b'but insecure symptoms do rush the humanity they suck he will serve , and the extremists who lose him ***mask*** to amend the ants who include him .'
True	1	ensure	0.7482340335845947	ensures	0.27107134461402893	b'the ordinary wars we require in our tuna ***mask*** ; we suggest traveler dryer for easter , climate channel and propane - millet for stark .'
skipping is/are
True	1	want	10.999455451965332	wants	6.484409332275391	b'but inner declarations do customize the leaf they seem he will harass , and the immigrants who lose him ***mask*** to eat the injuries who enjoy him .'
True	0	deserves	-1.6709001064300537	deserve	-3.805551528930664	b'a bill cult accepted in scott three ***mask*** , " due to its ticket astride the christmas cambodia , iss has now been a trauma to the suicide .'
False	2	affirm	-4.61511754989624	affirms	-4.61511754989624	b'the affluent strong wishes that desperately would sell from movie ***mask*** feedback , territory , size , lifestyle , crazy highway and heavy rounds of laws and politics -- fatal as the youngstown belief .'
False	1	admits	-2.94547700881958	admit	-2.1264231204986572	b'the capable treatment contractors recommend there ***mask*** ruin to the coordinator .'
True	0	go	13.071477890014648	goes	5.845825672149658	b'i say we just keep the dough and ***mask*** to mexico .'
True	1	begin	11.909160614013672	begins	8.379931449890137	b'but incorrect cm do come the flower they refuse he will believe , and the effects who respond him ***mask*** to emit the opportunities who operate him .'
False	0	throws	-2.97685170173645	throw	-2.85638427734375	b'otherwise ensure your peoples to burn this aggressively to their homes , and deeply unfortunately , so that the globe to deny her ***mask*** appropriately .'
True	0	serve	3.666788339614868	serves	-0.7303137183189392	b'i refuse this adequate clinic and ***mask*** to vary this superb income .'
True	0	meets	4.0619425773620605	meet	0.9226540327072144	b'it believes the bird for server exchange and ***mask*** , \xe2\x80\x9c we are reimbursed that the whipple should not examine with grand - product ships who meet to reduce and cancel personally and altogether in the slaves , nails , and curtains of personal compliance . \xe2\x80\x9d'
True	0	develops	1.3682074546813965	develop	-0.4428125023841858	b'well , unless initially legally the third guitar he considered in the source ***mask*** out .'
False	0	enters	-3.1762797832489014	enter	-2.2724738121032715	b'the critical testimony i planned this chocolate ***mask*** to add anyone failing this if they represent of some comfort i can monitor suggest a curtain to this today cage .'
False	0	deserves	-0.7362785339355469	deserve	1.1765443086624146	b'if you propose a country who will propose to you and see he will absorb and then convince his meditation , and not tell what he is sending about why he supports conclusions at extensive sandwiches and ***mask*** they arrive what you pick , why they will not hire for you , transmit to this rivalry ... he is the affection for you .'
False	1	indicate	-1.107703447341919	indicates	0.7914866805076599	b'the influential drugs we continue in our swing ***mask*** ; we pick delivery harmony for easter , virus phrase and settlement - coal for yellowstone .'
False	1	extends	-1.2382054328918457	extend	-1.0075788497924805	b'the lovely tournament cows deny there ***mask*** circulate to the thread .'
True	0	observes	-3.2058815956115723	observe	-5.030487060546875	b'the youngest loan you can seem in ivan ***mask*** to develop to a drying .'
True	0	allows	2.7291455268859863	allow	-0.08712112903594971	b'almost , the embarrassing earthquake requested for oil ***mask*** whether our aa ( the absurd image and precisely the acupuncture they decide to recruit ) is or involves not an innovative tube under the fare .'
True	0	compares	-1.0149543285369873	compare	-3.1686174869537354	b'the first television you require whenever you exist on guest explains that the city minister solely writes out the duty and ***mask*** into the month knee .'
True	0	grows	6.1596856117248535	grow	3.6871418952941895	b'the first dinner you pay whenever you allow on pig involves that the compliance field financially sees out the language and ***mask*** into the consensus ton .'
False	0	operates	-4.782752990722656	operate	-4.0058274269104	b'because of the phone that his potable flower with naval amelia had meant him , he reported properties pleasant as : " you can print a language and a tabs , eighteen stream you ca n\'t raise ***mask*** why you \'re beautiful utterly " and threw restrictions to the " kerry warren " cup ranging that " totally he handled judicial tensions to reflect reportedly dangerous as a terror " .'
False	2	include	0.06334894150495529	includes	0.5790796875953674	b'the arrogant difficult weekends that successfully would maintain from star ***mask*** soul , season , plot , path , narrow corner and nuclear minds of scientists and surgeons -- faithful as the starbucks crate .'
True	0	refuses	-0.6363994479179382	refuse	-1.8694472312927246	b'well , unless indoors strongly the third paper he passed in the campus ***mask*** out .'
True	0	extends	-1.9460270404815674	extend	-4.078091144561768	b"the tide to compete in participant ***mask*** that dwarf armed sports and professors and tricky syrian worries are distinguished to migrate soon seldom joint to the agra in ireland than al - laura allegations , and it would be neat to foresee one 's options off the tolerable disappointment ."
False	1	enjoys	-5.247190952301025	enjoy	-2.175701379776001	b'the maximum dirt pairs become there ***mask*** translate to the theatre .'
True	0	generate	0.9208255410194397	generates	-1.8373684883117676	b"stars who put these animals ***mask*** at the ad immensely ; and it 's soothing to raise they are executive and handy to wrap no if they learn there would hesitate a steam ."
False	0	assumes	-2.149076461791992	assume	-1.1292558908462524	b"the daughter to generate in housing ***mask*** that dwarf european guns and travels and bound final transactions are vital to convince soon however nuclear to the emma in ahmed than al - chevron openings , and it would be generous to carry one 's atrocities off the manned console ."
False	0	make	4.6393561363220215	makes	5.03753137588501	b'mechanics pose the investment but ***mask*** her glaring predator and the moon demonstrates .'
True	0	learns	2.763444662094116	learn	1.7998884916305542	b'it leads the nephew for forum upgrade and ***mask*** , \xe2\x80\x9c we are contacted that the denton should not invite with foreign - security performers who provide to listen and bother still and altogether in the starters , stars , and casualties of knowledgeable slice . \xe2\x80\x9d'
True	0	hear	9.112314224243164	hears	3.937425374984741	b'please destroy me grab if you pay any seconds or ***mask*** anything aggressive .'
False	1	affirms	1.4148945808410645	affirm	1.4148945808410645	b'the healthy trip masks realize there ***mask*** lose to the freighter .'
True	0	spends	0.6005442142486572	spend	0.15459705889225006	b'about expect your wheels to burn this incredibly to their managers , and separately apart , so that the crate to harass her ***mask*** approximately .'
True	0	exists	0.020375676453113556	exist	-0.27579355239868164	b'because of the tank that his secondary pewter with nyc abby had checked him , he testified hosts blind as : " you can communicate a nausea and a plate , eight pasture you ca n\'t spend ***mask*** why you \'re certain exceptionally " and saved missions to the " sam ds " misfortune circling that " slowly he slept nepalese nails to define shortly vain as a dryer " .'
True	0	relate	2.4518001079559326	relates	-0.9522571563720703	b'you affirm the distinction and ***mask*** platform trauma into the letter .'
True	0	dies	6.415477275848389	die	4.365327835083008	b'well , unless overwhelmingly precisely the third territory he seized in the commission ***mask*** out .'
True	0	exists	2.651973247528076	exist	0.1964798867702484	b'the healthy personality i provided this rock ***mask*** to add anyone leading this if they believe of some teacher i can prove bless a visitor to this shuttle deal .'
True	0	come	5.917086124420166	comes	2.4524478912353516	b'i deserve this arrogant shine and ***mask*** to throw this rude id .'
True	0	represents	5.523092269897461	represent	1.1404337882995605	b'can you interfere that the scholarship we are joking ***mask*** toward a tired and messy drama ?'
True	0	demonstrate	-0.3267183005809784	demonstrates	-3.8126609325408936	b'you indicate the dryer and ***mask*** nightlife context into the meantime .'
True	1	appear	-2.0093822479248047	appears	-2.568580150604248	b'average prisoners that potentially would solve ***mask*** ft , creativity , washington partnership and some periods of customers .'
False	0	generates	-2.8606739044189453	generate	-2.6290853023529053	b'a jen window allowed in cole twenty ***mask*** , " due to its breath astride the gerald finland , abdul has freely been a flower to the suicide .'
False	0	begins	-0.26814183592796326	begin	2.8867032527923584	b'if you prefer a star who will remove to you and sail he will adjust and then raise his fire , and not vary what he is jumping about whenever he gives neighbors at authentic babies and ***mask*** they extend what you put , whenever they will not join for you , transmit to this path ... he is the article for you .'
False	0	employs	-5.216391563415527	employ	-3.436305046081543	b'the unfortunate tabs i carried adequately from them in the first direction ***mask*** because my national vulnerability who answered with them was joking out on his accurate .'
False	0	delivers	-5.047937393188477	deliver	-1.6869302988052368	b'if you suck a woman who will bother to you and predict he will eat and then bless his tariff , and not squeeze what he is growing about why he relates creatures at identical lyrics and ***mask*** they apply what you consider , why they will not sail for you , tell to this prostitute ... he is the advancement for you .'
True	0	refuse	0.9171813130378723	refuses	-0.3529398739337921	b'copies throw the aircraft but ***mask*** her complicated drying and the path belongs .'
False	0	ensures	-5.157289028167725	ensure	-1.3787708282470703	b'because of the spreadsheet that his hostile tomorrow with janet alaska had tended him , he waited cm necessary as : " you can foresee a hour and a thermometer , eighteen requirement you ca n\'t come ***mask*** why you \'re visual effectively " and belonged courses to the " baudelaire brazil " team preventing that " potentially he refused few policies to settle just western as a foster " .'
True	0	admits	-0.19149711728096008	admit	-1.814370036125183	b'absolutely , the outer assault guaranteed for episode ***mask*** whether our er ( the impeccable amendment and perfectly the officer they decide to meet ) is or affects not an ethnic joke under the steel .'
True	1	expect	-2.2124929428100586	expects	-3.3206942081451416	b'excellent minerals that frequently would pursue ***mask*** strategies , sky , kenneth season and some patients of beliefs .'
True	0	says	13.044206619262695	say	12.736072540283203	b'if you want a doctor who will lie to you and say he will operate and then change his mind , and not know what he is talking about when he recommends procedures at other hospitals and ***mask*** they are what you need , when they will not work for you , go to this doctor ... he is the one for you .'
False	0	enters	-4.513183116912842	enter	-1.1588045358657837	b'because of the traveler that his conservative lunch with tx england had dominated him , he began times massive as : " you can reflect a soup and a propane , eighteen shrapnel you ca n\'t verify ***mask*** why you \'re toxic increasingly " and testified beliefs to the " lewis texas " waist pulling that " largely he booked rude plants to concur rapidly sensitive as a growth " .'
True	0	loses	2.3827199935913086	lose	0.03540489822626114	b'get for a grandson of supporters in their lens that wakes from the deadline and ***mask*** whatsoever to the store fo the conviction .'
True	0	respond	2.7472376823425293	responds	-1.4861476421356201	b"terms who meet these allegations ***mask*** at the alliance apparently ; and it 's grand to reconsider they are ominous and tropical to tighten no if they deserve there would relate a glass ."
False	0	sucks	-0.4677545726299286	suck	-0.1586361974477768	b'well , unless equally probably the third rape he caused in the stuff ***mask*** out .'
True	0	receive	2.9488437175750732	receives	2.8421077728271484	b'please submit me censor if you consider any reviewers or ***mask*** anything obsessed .'
True	0	suggests	6.064965724945068	suggest	3.812506675720215	b'an essential information employed in fifty ***mask*** there agree three " practices " in the eye indians , but unnamed cartoons are shortly newer than this .'
True	1	suggest	2.9940383434295654	suggests	-1.613471508026123	b"whie i do n't compete to the popularity that the losses we make or realize to ***mask*** no accident on our seed ( which i sell is financially covert ) , it does raise me why sanctions prefer out a dramatic humanity of ports to rush the junk on ."
True	0	tends	-1.3070026636123657	tend	-3.9342103004455566	b'a nixon width estimated in sunday billion ***mask*** , " due to its discretion astride the philip larry , oglethorpe has slowly been a resolution to the cpi .'
True	0	operates	-0.03149639070034027	operate	-1.6405060291290283	b'additionally , the urban interceptor cleaned for aunt ***mask*** whether our advice ( the electrostatic oil and fully the instability they provide to participate ) is or objects not an odd honesty under the responsibility .'
skipping is/are
True	0	includes	3.628504514694214	include	1.9584300518035889	b'the richest fee you can dial in agra ***mask*** to migrate to a selection .'
True	0	hear	0.4744846820831299	hears	-2.140734910964966	b'i pay this overwhelming sensitivity and ***mask*** to become this tactical injustice .'
True	1	ensures	-2.168423652648926	ensure	-2.7923531532287598	b'the confidential success headlines consider there ***mask*** disappear to the wall .'
True	0	enjoys	3.3774795532226562	enjoy	-0.9679157137870789	b'the stressful landlord i hired this master ***mask*** to oppose anyone hoping this if they laugh of some cooperation i can fill satisfy a chairman to this support performance .'
True	0	happen	-0.2065492421388626	happens	-2.019482135772705	b'feel me vanish if you proceed any clergy or ***mask*** anything acrylic .'
True	0	happen	2.8746516704559326	happens	1.8132432699203491	b'i put we completely learn the gang and ***mask*** to stephen .'
True	0	enjoy	4.492164134979248	enjoys	-0.0968748927116394	b'they eventually operate if you want tea in your pact , ( for developments like me ) , they refuse an upheaval of the hobby and ***mask*** thorough appropriations to tend .'
False	0	learns	-4.6537909507751465	learn	-1.1388059854507446	b'i tell the courtesy you spoke to me ***mask*** to the mart connecticut at earl ( suggested in san ) .'
skipping is/are
True	0	indicates	7.723661422729492	indicate	4.423828125	b'otherwise , the inevitable explanation promised for exam ***mask*** whether our account ( the alchemical apartment and typically the incident they thank to warrant ) is or intends not an authentic lawyer under the title .'
True	0	refuses	0.7807095646858215	refuse	-2.1154112815856934	b'this lunch of photograph feels around the crew s blog and sheep and ***mask*** a diplomat for the cent again on the cake of the reintroduction in documentation of society politics .'
True	0	belongs	-1.6651811599731445	belong	-2.9584097862243652	b'a taj possibility occurred in portland trillion ***mask*** , " due to its jihad astride the louisiana hamilton , australia has downhill been a conspiracy to the para .'
True	0	compares	-0.4091454744338989	compare	-3.935497999191284	b'an endless infrastructure increased in three ***mask*** there assume four " transfers " in the ali indians , but useless blocks are jointly safer than this .'
True	0	belong	-2.242812156677246	belongs	-4.976299285888672	b'you operate the centre and ***mask*** memo fire into the car .'
True	0	expects	2.7233879566192627	expect	1.5410271883010864	b"the crowd to discuss in snow ***mask*** that parisian antique disasters and professors and soothing medieval sons are huge to reassure soon possibly shocked to the antichrist in argentina than al - chief atrocities , and it would be digital to tell one 's analysts off the permanent directive ."
False	1	affirm	0.8293876647949219	affirms	0.8293876647949219	b'i see the sons on which i should receive your revolution ***mask*** : ( a ) do you rub a bland heart about the creativity to dead coffee photos presented by amsterdam andrew ?'
True	0	need	12.752187728881836	needs	8.170999526977539	b'let me know if you have any questions or ***mask*** anything else .'
True	0	come	6.690883636474609	comes	2.142381191253662	b"ladies who continue these experts ***mask*** at the ear indoors ; and it 's scary to recruit they are explosive and desperate to greet no if they suppose there would remind a service ."
True	0	intends	1.447722315788269	intend	-1.1105797290802002	b'the immediate flank to survive for pure ***mask*** to monitor fifty , or your hospitality homeland boulevard schooling , and achieve .'
False	0	affirms	-0.2702368199825287	affirm	-0.2702368199825287	b'the richest goodness you can compensate in eric ***mask*** to come to a crab .'
False	1	intends	-3.9515421390533447	intend	-2.6453781127929688	b'the large queen reviewers want there ***mask*** thank to the relation .'
skipping is/are
True	0	represent	2.5783472061157227	represents	-2.089756488800049	b"terms who consider these analyses ***mask*** at the editor environmentally ; and it 's superb to click they are excellent and ready to maintain no if they believe there would maintain a date ."
True	0	recognize	2.4323854446411133	recognizes	-3.071078300476074	b'reports occasionally : fabio thousand through ontario five ( expecting you recognize on the litter we hear and ***mask*** respectfully to system the mile after we continue )'
True	0	ensures	-2.529637336730957	ensure	-3.8586621284484863	b'the arrogant detective to compel for homeless ***mask*** to disappear four , or your cop pup carbon channel , and oppose .'
True	0	realise	-5.279539108276367	realises	-6.087957859039307	b'you allow the distance and ***mask*** climber preference into the majority .'
False	0	assumes	-1.0419803857803345	assume	1.189406156539917	b'the understandable dryer to cook for devastating ***mask*** to reduce fifty , or your rotation father volume vegetable , and execute .'
True	0	develop	5.612215995788574	develops	1.434053897857666	b'learn me promote if you continue any cabins or ***mask*** anything asymmetrical .'
True	0	spend	-0.31151431798934937	spends	-2.7380177974700928	b'decisions indefinitely : williams five through edinburgh nine ( expanding you realize on the phase we die and ***mask*** previously to proportion the gambling after we die )'
True	1	come	7.956996440887451	comes	3.694188356399536	b'but electoral girls do suggest the shine they proceed he will click , and the observers who decide him ***mask*** to implement the earthworms who arrive him .'
True	0	recommends	0.052784621715545654	recommend	-0.49745064973831177	b'as you carry above the perfume , the rumor of the latter pot stands your context and ***mask*** you generate taller and fewer .'
True	0	reacts	-0.26934486627578735	react	-2.660000801086426	b'a ny coat approved in del three ***mask*** , " due to its drawer astride the hamilton gmt , argentina has wonderfully been a response to the country .'
True	0	want	7.047491550445557	wants	2.3312466144561768	b'i put we presently see the bottle and ***mask*** to gm .'
True	0	understand	0.5285496115684509	understands	-1.7041361331939697	b'they aggressively intend if you provide division in your chance , ( for flats like me ) , they pay an intention of the supervisor and ***mask*** heavy animals to register .'
True	1	seem	15.955595016479492	seems	12.92086410522461	b'but other people do like the way they think he will vote , and the ones who favor him ***mask*** to outnumber the ones who oppose him .'
True	0	extends	-1.9508296251296997	extend	-3.1802968978881836	b'the obsessed coding i built actually from them in the first chair ***mask*** because my distinguishing security who owned with them was returning out on his unknown .'
True	0	pays	2.5379714965820312	pay	1.9932823181152344	b'put for a hangar of symptoms in their disaster that leads from the selection and ***mask*** quickly to the complaint fo the movie .'
True	0	begin	3.657864809036255	begins	1.7709481716156006	b'stay me settle if you remain any rooms or ***mask*** anything impossible .'
True	0	consider	5.191230297088623	considers	0.3135066032409668	b'put me disrupt if you pay any fry or ***mask*** anything eager .'
True	1	create	5.436647415161133	creates	-2.1909523010253906	b"whie i do n't postpone to the danger that the chores we deserve or die to ***mask*** no office on our context ( which i deserve is routinely sensitive ) , it does wear me whenever politics reflect out a successful photograph of fruits to die the shuttle on ."
False	0	makes	-1.135046124458313	make	-0.5751585960388184	b'i put the knife you won to me ***mask*** to the barcelona carter at aid ( sought in la ) .'
True	0	learns	1.770506739616394	learn	-1.427687644958496	b'the first beer you die whenever you enjoy on freight affects that the blower surgeon routinely walks out the suspicion and ***mask*** into the roof disability .'
True	0	remembers	1.2945852279663086	remember	0.9511487483978271	b'instead adjust your citizens to promote this apparently to their blocks , and financially actually , so that the scale to make her ***mask*** automatically .'
True	0	appears	-1.124566912651062	appear	-1.1252124309539795	b'because of the volume that his sunny paradise with dhaka angie had promised him , he became laptops mere as : " you can recommend a sickness and a scientist , eight forgiveness you ca n\'t commit ***mask*** whenever you \'re recent already " and raised postcards to the " vi jafar " paper hunting that " forth he felt medieval missiles to deliver previously slick as a supervisor " .'
True	0	goes	7.683797359466553	go	3.9512670040130615	b'well , unless of course the third compressor he put in the car ***mask*** out .'
True	1	allow	2.5587379932403564	allows	1.898606777191162	b'i realize the wars on which i should revise your hunt ***mask*** : ( a ) do you prescribe a catastrophic week about the racing to collective flank countries fallen by eurasia ireland ?'
True	0	deserve	2.4746532440185547	deserves	0.2294733226299286	b'please remember me pick if you seem any hearings or ***mask*** anything uncut .'
True	1	believe	-1.2188199758529663	believes	-4.343837261199951	b"whie i do n't remain to the propaganda that the bombs we pick or come to ***mask*** no instability on our gentleman ( which i pale is highly municipal ) , it does preserve me whenever rules wash out a revolutionary justification of lions to clarify the bean on ."
True	0	writes	5.617726802825928	write	2.56396484375	b'beware for a theme of snakes in their stylist that cares from the neighbor and ***mask*** strongly to the membership fo the torch .'
True	0	insists	-2.3149161338806152	insist	-4.173708438873291	b'the angry cancer to melt for surgical ***mask*** to hop three , or your vehicle gown pork handful , and achieve .'
skipping is/are
True	0	happens	-1.029560923576355	happen	-2.1877963542938232	b'a dorsey dad arrayed in capricorn billion ***mask*** , " due to its trial astride the walker lanka , orleans has strictly been a bus to the type .'
False	0	remains	2.4161105155944824	remain	3.5797340869903564	b'as you proceed above the bakery , the staff of the beloved streak seems your strife and ***mask*** you remain stronger and clearer .'
True	0	create	1.2520076036453247	creates	-2.0279300212860107	b'sales usually : cass four through university thirty ( expanding you wash on the monkey we tolerate and ***mask*** quietly to grandson the conviction after we tolerate )'
True	0	refer	3.79882550239563	refers	-0.19314609467983246	b'forces indeed : rahman twenty through atta thousand ( obtaining you pay on the wasp we hear and ***mask*** willingly to conspiracy the rejection after we spend )'
True	1	suggest	4.468291759490967	suggests	0.9150599241256714	b"whie i do n't forget to the government that the videos we believe or pay to ***mask*** no exploration on our butterfly ( which i tell is politically manned ) , it does digest me whenever genitals learn out a powerful button of burgers to want the notification on ."
True	0	define	2.907158613204956	defines	-1.068800449371338	b'watch me choose if you make any surprises or ***mask*** anything advanced .'
True	2	observe	-3.2469370365142822	observes	-4.030975341796875	b'the able tough marketers that seldom would describe from calf ***mask*** furnace , compliance , penalty , platform , consistent bakery and bankrupt newspapers of birds and holidays -- democratic as the grill wasp .'
False	0	pays	-1.039207935333252	pay	0.9570959806442261	b'if you see a lot who will vary to you and compete he will arrange and then carry his today , and not thank what he is preparing about whenever he holds leaders at efficient secretaries and ***mask*** they include what you choose , whenever they will not communicate for you , prepare to this landlord ... he is the information for you .'
True	1	enjoy	-1.969504714012146	enjoys	-2.8783061504364014	b'additional grandchildren that thereby would reduce ***mask*** friends , birthday , hubbard dresser and some deaths of towels .'
True	1	believe	3.794440984725952	believes	3.2141973972320557	b'but eager launchers do digest the relationship they tell he will conclude , and the appropriations who put him ***mask*** to endanger the attorneys who apologize him .'
True	0	reports	10.384272575378418	report	6.392261505126953	b'a milnet brief issued in february 2005 ***mask*** , " due to its position astride the persian gulf , iran has constantly been a threat to the gulf .'
False	0	develops	-1.4720942974090576	develop	-0.3109797239303589	b'if you continue a coast who will miss to you and seem he will attend and then come his language , and not climb what he is telling about why he sends gifts at accurate services and ***mask*** they insist what you put , why they will not pay for you , make to this wording ... he is the expansion for you .'
skipping is/are
False	0	enjoys	-6.12778902053833	enjoy	-4.367745876312256	b'the eligible jihad i fell extremely from them in the first camera ***mask*** because my digital cake who agreed with them was causing out on his overwhelming .'
True	0	enjoys	0.0397271066904068	enjoy	-0.22996068000793457	b'the strongest growth you can censor in aldo ***mask*** to recommend to a clothing .'
True	0	realise	-4.503210067749023	realises	-5.878139972686768	b'i decide we willingly prefer the hamster and ***mask*** to mcdonald .'
True	0	provides	0.051018036901950836	provide	-4.484388828277588	b'again argue your budgets to revise this afterward to their tools , and willingly environmentally , so that the scam to commit her ***mask*** abroad .'
True	0	grows	9.984413146972656	grow	5.036983489990234	b'this dove of vision submits around the pyramid s creation and drinks and ***mask*** a monkey for the flood eventually on the network of the mayor in preacher of role daughters .'
True	0	create	5.2015533447265625	creates	1.9520715475082397	b'please specify me receive if you collaborate any lights or ***mask*** anything indefinite .'
True	0	relate	5.6140875816345215	relates	1.065700888633728	b'if you reflect any papers or ***mask*** any info approximately accordingly , please hesitate balochistan corp at four or fei sadat at billion .'
True	0	insists	-3.465332508087158	insist	-3.5994009971618652	b'the strongest cake you can spell in archibald ***mask*** to raid to a wording .'
True	0	tosses	0.2472461462020874	toss	-2.794804811477661	b'watch for a gallery of links in their midst that becomes from the hospitality and ***mask*** nowadays to the nightmare fo the server .'
False	2	allow	-1.7437690496444702	allows	0.024223804473876953	b'the ancient dumb debtors that nowadays would receive from transition ***mask*** poverty , paradise , justice , gym , weak millet and familiar files of movies and currents -- fashioned as the bart radar .'
False	0	carries	-0.6557503938674927	carry	-0.38446947932243347	b'an outward assassination imprisoned in trillion ***mask*** there agree seven " cm " in the august operations , but urban posters are maybe safer than this .'
True	0	refuses	0.2868385314941406	refuse	-1.919007658958435	b'the first disgrace you serve why you oppose on chase objects that the ticket campaign respectfully happens out the lens and ***mask*** into the conflict wasp .'
False	0	spills	0.0881568193435669	spill	5.084168910980225	b'the first thing you notice when you arrive on location is that the waiting line literally goes out the door and ***mask*** into the parking lot .'
True	0	responds	-0.7435232400894165	respond	-1.252023458480835	b'actually enjoy your cheques to remember this especially to their vests , and frankly onboard , so that the medicine to compel her ***mask*** indoors .'
False	0	includes	3.283060312271118	include	4.670300006866455	b'the first tape you require why you anticipate on date ***mask*** that the profile supplier mostly creates out the discomfort and reflects into the fist husband .'
True	0	need	12.752187728881836	needs	8.170999526977539	b'let me know if you have any questions or ***mask*** anything else .'
True	0	creates	2.953110456466675	create	1.3278961181640625	b'the first spine you serve why you anticipate on northeast enjoys that the discount judgment locally contains out the lamp and ***mask*** into the sentiment client .'
True	0	assumes	1.6937576532363892	assume	0.7772006988525391	b'unfortunately , the unexpected expertise signed for interest ***mask*** whether our epc ( the urban opportunity and thereby the influence they collaborate to warn ) is or enjoys not an eligible boyfriend under the discovery .'
False	0	includes	2.4265921115875244	include	2.6967453956604004	b"the coup to destroy in habitation ***mask*** that dwarf important provinces and republicans and rude hard people are tired to come badly virtually ready to the ayatollah in art than al - cass organisations , and it would be courteous to reduce one 's introductions off the delighted longevity ."
True	0	assume	2.0802106857299805	assumes	-1.3161345720291138	b'they importantly include if you throw discount in your tire , ( for reptiles like me ) , they sell an edit of the beginner and ***mask*** neurological expectations to bless .'
skipping is/are
True	1	receive	5.678458213806152	receives	3.053640604019165	b"whie i do n't marry to the golf that the crews we refer or deny to ***mask*** no artwork on our volume ( which i come is virtually severe ) , it does pick me whenever transfers seem out a memorable tool of birds to retaliate the clay on ."
False	0	serves	2.253080129623413	serve	3.443603277206421	b'if you tend a news who will put to you and greet he will assess and then recruit his gravy , and not recruit what he is stepping about why he remembers hijackers at investigative minutes and ***mask*** they affirm what you condemn , whenever they will not spawn for you , groom to this pup ... he is the audience for you .'
True	0	recommend	2.8304784297943115	recommends	-1.3974529504776	b'if you receive any words or ***mask*** any appearance accidentally actively , please prepare germany brooklyn at trillion or colorado beth at three .'
True	0	decide	2.4367997646331787	decides	-1.9166102409362793	b"mechanics who meet these updates ***mask*** at the item everywhere ; and it 's subtle to decide they are aged and timely to begin no if they throw there would recover a status ."
True	0	happens	1.5401736497879028	happen	-3.7697110176086426	b'this merger of feedback brings around the grain s shuttle and moderates and ***mask*** a diarrhea for the threat exponentially on the currency of the diversion in woman of pipe graphics .'
False	0	suggests	2.1046042442321777	suggest	4.4225921630859375	b'if you seem a panel who will demonstrate to you and hire he will immigrate and then verify his magnitude , and not determine what he is helping about whenever he believes marketers at educated bands and ***mask*** they affirm what you die , whenever they will not spawn for you , notify to this foreigner ... he is the unwillingness for you .'
False	1	operates	-2.4136815071105957	operate	-1.9665911197662354	b'the historical voting movements wash there ***mask*** breathe to the passport .'
True	0	belongs	1.2653281688690186	belong	-2.4146692752838135	b'this flipping of news depends around the racism s county and colleagues and ***mask*** a coast for the culture unfortunately on the satisfaction of the difference in paperwork of merger postings .'
True	0	enjoys	-0.4710564613342285	enjoy	-2.4302048683166504	b'the hardest blog you can begin in edwin ***mask*** to pursue to a tank .'
True	0	grows	4.431536674499512	grow	2.3247663974761963	b'as you collaborate above the machine , the tsunami of the cruel lamb receives your cave and ***mask*** you remember darker and darker .'
True	0	operates	-1.9968628883361816	operate	-4.970939636230469	b'the arrogant math i grabbed actually from them in the first streak ***mask*** because my polygamous balcony who expected with them was reviewing out on his arrogant .'
True	0	develops	4.048316478729248	develop	1.3965951204299927	b'this platform of queen serves around the couch s colony and grandchildren and ***mask*** a failure for the detective already on the pact of the gown in palace of sovereignty quotes .'
True	0	continue	10.179362297058105	continues	5.473606109619141	b'i become this endless supporter and ***mask*** to compel this nervous allocation .'
True	0	enjoys	0.835784912109375	enjoy	-1.2718307971954346	b'the annoying corporate degree i have registered ***mask*** that in the luncheon of osama eighteen teacher of the mold is apparently traced in the turkey the moon before the vet , this stuff communicated after the substantial magazine .'
True	0	decides	0.5928043723106384	decide	-1.4251378774642944	b'a santa scenario advised in drew four ***mask*** , " due to its server astride the forum switzerland , arabia has possibly been a clothing to the manager .'
True	0	melt	2.508096218109131	melts	0.5624843835830688	b'go me dine if you listen any trios or ***mask*** anything electronic .'
True	1	allows	5.309720039367676	allow	1.8237414360046387	b'the incorrect fatal golf that he walks ***mask*** that he rhythmically wants his fears and clearly wakes necessary with his humble wildlife .'
True	0	wants	-1.336995244026184	want	-1.8026570081710815	b'a road parent operated in miami fifty ***mask*** , " due to its suicide astride the county nashville , edwards has generally been a clay to the consciousness .'
True	1	intends	3.0001699924468994	intend	-0.2268998920917511	b'the occasional forthcoming surgery that he keeps ***mask*** that he somehow drops his capabilities and directly reads necessary with his spectacular perfection .'
False	0	expects	0.3383863568305969	expect	1.2805211544036865	b'the first clue you want why you assume on cooperation ***mask*** that the store proposal frequently brings out the decor and reflects into the penny flank .'
True	0	creates	1.281179666519165	create	-1.082880973815918	b'it plays the team for situation egg and ***mask*** , \xe2\x80\x9c we are financed that the petersen should not evacuate with possible - reviewer historians who seek to deliver and lace halfway and effectively in the provisions , remarks , and daughters of beneficial duration . \xe2\x80\x9d'
True	0	represent	-1.299723505973816	represents	-4.580521583557129	b'rules extremely : warren thousand through ashcroft thirty ( arising you see on the life we spend and ***mask*** warmly to recommendation the loading after we sell )'
True	0	require	5.413727283477783	requires	2.153510808944702	b'follow me prepare if you continue any squadrons or ***mask*** anything international .'
True	0	relates	0.9405114650726318	relate	-1.3346046209335327	b'as you seek above the navy , the detail of the friendly section provides your forgiveness and ***mask*** you circulate clearer and lighter .'
False	0	expects	-2.6311888694763184	expect	-0.8539766073226929	b'my buildup with acting the scholarship forth ***mask*** , could it be arrested that thus everyone drove the hoax would or could exist at any weekend , since we particularly built california and saudis and if they headed they might have completed a familiar destruction ??'
True	0	generates	-0.5381361842155457	generate	-1.7596673965454102	b'an aerial ego advised in three ***mask*** there assume four " cases " in the england ages , but unbelievable traders are firmly warmer than this .'
True	0	manages	1.2582626342773438	manage	-2.069291591644287	b'as you collaborate above the target , the reliability of the severe publication melts your merchant and ***mask*** you require safer and clearer .'
True	0	intend	3.5615882873535156	intends	1.4230552911758423	b'they easily expect if you meet surface in your tonnage , ( for sites like me ) , they throw an artillery of the predator and ***mask*** downstream extinctions to meet .'
True	0	begins	4.708310127258301	begin	0.9173537492752075	b'can you affect that the laptop we are preparing ***mask*** toward a distinguishing and certain cafeteria ?'
True	1	extend	2.6090080738067627	extends	1.9327298402786255	b'the additional peoples we sell in our coordination ***mask*** ; we condemn paperwork council for easter , surface tip and throat - butt for kabul .'
True	0	adds	4.8149847984313965	add	3.0775129795074463	b'my threat with expecting the reaction directly ***mask*** , could it be eliminated that totally everyone led the tap would or could avoid at any period , since we highly loved virginia and states and if they testified they might have documented a global sentence ??'
False	0	responds	-4.926956653594971	respond	-4.0734381675720215	b'well , unless immediately rarely the third luncheon he followed in the kitten ***mask*** out .'
True	0	hears	3.1310133934020996	hear	2.6853973865509033	b'it depends the trader for discomfort announcement and ***mask*** , \xe2\x80\x9c we are deployed that the heard should not adopt with conventional - conversation colleges who pose to collect and develop directly and onwards in the residents , directions , and habits of homemade curve . \xe2\x80\x9d'
True	1	indicate	4.771874904632568	indicates	1.3786309957504272	b'the absurd chores we meet in our radar ***mask*** ; we lose region plate for easter , stream fantasy and ceiling - clan for leach .'
True	1	have	20.036937713623047	has	14.219902038574219	b"whie i do n't subscribe to the notion that the things we watch or listen to ***mask*** no effect on our behavior ( which i think is patently rediculous ) , it does bother me when people single out a specific group of people to pin the blame on ."
True	0	demonstrates	-2.4051873683929443	demonstrate	-5.8133320808410645	b'well , unless almost halfway the third confidante he signed in the criticism ***mask*** out .'
True	0	reflect	2.397247552871704	reflects	-2.8215105533599854	b'if you believe any grandchildren or ***mask*** any exam afterward occasionally , please see louisiana murphy at sixteen or sue berlin at seven .'
True	0	makes	2.231637954711914	make	0.06554768234491348	b'it relates the majority for belief aircraft and ***mask*** , \xe2\x80\x9c we are purchased that the regulatory should not overcome with strong - pump differences who continue to pick and revise forth and onwards in the sanctions , countries , and losses of weird perfection . \xe2\x80\x9d'
True	0	create	3.718395471572876	creates	1.4913324117660522	b'please delete me wrap if you believe any favorites or ***mask*** anything unprecedented .'
skipping is/are
True	0	want	13.364165306091309	wants	7.10234260559082	b'i dislike this urban society and ***mask*** to leave this whole enviroment .'
True	0	deliver	5.406013488769531	delivers	0.25375935435295105	b'prices incomplete : lake nine through industry seven ( acquiring you receive on the photograph we pose and ***mask*** directly to lodging the horse after we pose )'
True	0	generates	8.004677772521973	generate	5.699004650115967	b'this clerk of luck represents around the snow s swing and controllers and ***mask*** a revenue for the nightmare accidentally on the receipt of the club in tribe of decision seconds .'
True	0	allows	-0.6914346218109131	allow	-1.0357636213302612	b'my dentist with arriving the hatred solely ***mask*** , could it be arrested that regularly everyone heard the hole would or could arrive at any jaw , since we firmly needed bbc and pigs and if they remembered they might have purchased a critical software ??'
False	1	explain	1.0207258462905884	explains	1.0828042030334473	b'i want the chores on which i should develop your website ***mask*** : ( a ) do you translate a willing mother about the context to tall laptop kids built by austin amy ?'
True	0	write	5.317912578582764	writes	2.2093613147735596	b'please make me remain if you pay any devices or ***mask*** anything independent .'
True	0	intends	4.794730186462402	intend	2.82802677154541	b'the sole liberty i murdered this vision ***mask*** to exploit anyone comparing this if they condemn of some retaliation i can prefer marry a star to this today today .'
True	0	seek	2.0908942222595215	seeks	-1.3081270456314087	b'you assume the picketing and ***mask*** tube signature into the welfare .'
False	0	understands	1.1895946264266968	understand	1.8714659214019775	b'the first manager you die whenever you indicate on recovery ***mask*** that the cork disintegration never drops out the curse and tells into the gem failure .'
False	0	admits	-2.3814518451690674	admit	-1.7545223236083984	b'the cheapest hunt you can join in atta ***mask*** to tend to a stadium .'
True	0	chooses	-0.9410737752914429	choose	-1.9129369258880615	b'can you oppose that the logo we are bringing ***mask*** toward a respective and boring recovery ?'
False	0	reflects	-2.2419471740722656	reflect	0.6454529762268066	b'see for a petroleum of reviewers in their junk that submits from the date and ***mask*** really to the police fo the looting .'
True	0	reflect	0.7439911365509033	reflects	-0.3850138187408447	b'come me create if you tell any records or ***mask*** anything ugly .'
True	1	explain	-3.3452558517456055	explains	-5.904831886291504	b'irish tables that personally would customize ***mask*** spaces , satellite , financial behalf and some temples of curtains .'
False	0	produces	1.5602941513061523	produce	3.012794017791748	b'the first provision you suck why you agree on bunch includes that the disgrace cancer frankly brings out the chili and ***mask*** into the trader scale .'
False	1	intend	-4.860837936401367	intends	-3.1356654167175293	b'i begin the waters on which i should continue your toy ***mask*** : ( a ) do you disrupt a same sect about the lot to fortunate description capsules served by ivan arabic ?'
True	0	chooses	2.7495229244232178	choose	0.15322543680667877	b'can you exist that the border we are seeking ***mask*** toward a valid and various gun ?'
True	0	admits	2.445833206176758	admit	1.8633373975753784	b"the surplus to bother in version ***mask*** that huge excellent lions and travels and shocked judicial compliments are lethal to hire badly certainly tired to the andaman in abdel than al - blue attorneys , and it would be virtual to develop one 's others off the barren convention ."
True	0	goes	14.346596717834473	go	10.448908805847168	b'look for a lot of stripes in their head that starts from the beak and ***mask*** back to the back fo the bird .'
False	2	appear	-1.9507864713668823	appears	-1.892439842224121	b'the effeminate sensitive years that never would recreate from backup ***mask*** painter , satellite , cheese , vet , typical surface and democratic connections of temperatures and resolutions -- rural as the leo kidney .'
True	0	decides	1.6288387775421143	decide	-1.1913453340530396	b'can you expire that the ground we are happening ***mask*** toward a partial and soothing custody ?'
True	0	manage	1.1565382480621338	manages	-3.2581608295440674	b'you indicate the lettuce and ***mask*** nomination piece into the planet .'
True	0	appears	9.866547584533691	appear	4.915401458740234	b'the strongest grave you can warn in alexandria ***mask*** to reopen to a channel .'
True	0	operates	0.5763100385665894	operate	0.022521182894706726	b'the absolute payable lighting i have contributed ***mask*** that in the suggestion of iaea eighteen landlord of the creativity is increasingly traced in the lieutenant the password before the telephone , this swing deleted after the diplomatic condominium .'
True	0	represents	2.3205506801605225	represent	-0.7403566241264343	b'an agreeable insight executed in fifty ***mask*** there add billion " weapons " in the abdul israelis , but underage commanders are slowly healthier than this .'
True	0	allows	0.36748379468917847	allow	-0.8704528212547302	b'the intense diversion i passed ago from them in the first mistake ***mask*** because my historical position who appeared with them was receiving out on his awful .'
True	0	serves	7.4731879234313965	serve	1.2770535945892334	b'this character of brass sends around the growth s spa and choices and ***mask*** a shit for the reality indoors on the decor of the bug in contrast of soul fights .'
True	0	tosses	0.8074675798416138	toss	-1.808274507522583	b'if you laugh a worship who will migrate to you and marry he will execute and then remove his mankind , and not migrate what he is growing about why he continues balls at impressionist trips and ***mask*** they expect what you seek , why they will not circulate for you , prepare to this patronage ... he is the office for you .'
True	0	deserve	2.181358814239502	deserves	-0.04376104474067688	b'put me decide if you condemn any days or ***mask*** anything exceptional .'
False	0	sucks	-4.453077793121338	suck	-3.7029526233673096	b'an amusing invitation arrived in five ***mask*** there oppose four " thousands " in the afghanistan appropriations , but invasive rats are still cheaper than this .'
True	0	grows	18.28263282775879	grow	15.331652641296387	b'also encourage your recipients to forward this along to their contacts , and so on , so that the movement to help her ***mask*** exponentially .'
True	1	operate	-0.5037270188331604	operates	-1.0409371852874756	b'i refer the facts on which i should raid your farce ***mask*** : ( a ) do you serve a joint congregation about the grill to gentle floor habits meant by edt electoral ?'
True	0	delivers	-0.012333095073699951	deliver	-0.551061749458313	b'otherwise include your meals to prefer this incredibly to their photos , and however approximately , so that the stranger to destroy her ***mask*** efficiently .'
True	1	include	4.263290882110596	includes	3.2462728023529053	b'i listen the packages on which i should provide your chapel ***mask*** : ( a ) do you wash a vital hole about the perfume to fundamental locker stages kept by arabia atomic ?'
True	0	operates	2.1394670009613037	operate	-0.9366914629936218	b'the independent constant democracy i have reduced ***mask*** that in the palace of autumn eight kid of the violence is afterward checked in the pub the furnace before the coordination , this notion printed after the competitive fashion .'
False	0	adds	-2.548413038253784	add	-2.301783800125122	b'the unprecedented cash to choose for global ***mask*** to defend fifty , or your moment tent car reptile , and accept .'
True	0	understands	4.1577677726745605	understand	3.6647403240203857	b'especially , the impressionist acupuncture designated for embarrassment ***mask*** whether our account ( the ecological application and thus the opportunity they spend to postpone ) is or affects not an essential kindness under the ranch .'
False	0	agrees	-4.217185974121094	agree	-1.0632449388504028	b'because of the coordination that his tribal deck with nov ukraine had spent him , he continued hundreds humble as : " you can respond a conflict and a movement , eighteen tuna you ca n\'t define ***mask*** whenever you \'re meaningful also " and demonstrated collages to the " laurie levitt " partner promoting that " quickly he visited shiite proponents to pour slightly tolerable as a warning " .'
True	0	generate	-0.09465141594409943	generates	-1.722784161567688	b'birds suffer the example but ***mask*** her frightening cake and the landing progresses .'
True	0	deserves	0.9401516914367676	deserve	-2.531721591949463	b'it thinks the resolution for pain instructor and ***mask*** , \xe2\x80\x9c we are perceived that the janet should not implement with reasonable - carrier reservations who spend to make and spawn personally and abruptly in the rabbits , salads , and partnerships of fashioned database . \xe2\x80\x9d'
True	0	believes	1.275945782661438	believe	-2.295149803161621	b'can you interfere that the boulevard we are bleeding ***mask*** toward a municipal and marvelous pursuit ?'
skipping is/are
False	1	employ	-0.7792270183563232	employs	-0.7079596519470215	b'the empty ft we prefer in our religion ***mask*** ; we become trend responsibility for easter , police conclusion and target - landlord for finland .'
False	0	adds	0.9688944816589355	add	1.0586042404174805	b'the annoyed custody to retaliate for technical ***mask*** to monitor two , or your priest foreigner rejection flank , and introduce .'
False	0	includes	3.7841289043426514	include	4.029275417327881	b'the advanced crucial container i have chosen ***mask*** that in the discretion of ei eighteen station of the rain is onshore banned in the blower the substance before the feeder , this compensation felt after the retarded doctor .'
True	0	makes	2.734671115875244	make	-0.9867442846298218	b'it wakes the king for ball alarm and ***mask*** , \xe2\x80\x9c we are signed that the mohammed should not impose with messy - prayer minds who become to preserve and recruit widely and unanimously in the restrictions , civilians , and standards of compatible spreadsheet . \xe2\x80\x9d'
True	1	suck	-1.2305852174758911	sucks	-5.498150825500488	b"whie i do n't register to the leash that the partnerships we learn or provide to ***mask*** no acceptance on our guest ( which i laugh is historically spiritual ) , it does reflect me whenever difficulties represent out a considerable transition of bodies to produce the sales on ."
True	0	spends	0.788596510887146	spend	0.688856840133667	b'extremely adjust your centres to listen this aggressively to their budgets , and completely officially , so that the propaganda to remove her ***mask*** underneath .'
False	0	affirms	0.6827074289321899	affirm	0.6827074289321899	b'the happy discharge i seized this vision ***mask*** to assist anyone dispersing this if they tend of some transaction i can retrieve perform a buildup to this plan chess .'
False	0	toss	0.09234069287776947	tosses	0.7511262893676758	b'come me throw if you pay any moors or ***mask*** anything unlimited .'
True	0	carry	1.9839856624603271	carries	-4.109719276428223	b'i continue this illegal bombing and ***mask*** to hang this popular exam .'
False	0	understands	-1.942913293838501	understand	1.2505191564559937	b'my registration with achieving the prosecution pursuant ***mask*** , could it be agreed that politely everyone flew the branch would or could impress at any tabs , since we primarily flowed ham and computers and if they blended they might have cooked a healthy mouth ??'
True	0	come	3.646005868911743	comes	1.5134718418121338	b'if you develop any fans or ***mask*** any invoice apart automatically , please see troy carnegie at two or singer wood at seven .'
True	0	provide	3.5615179538726807	provides	1.3532739877700806	b'go me listen if you pose any firms or ***mask*** anything ethnic .'
False	1	explain	-2.8764941692352295	explains	-2.5133912563323975	b'irish spurs that predominantly would reflect ***mask*** ships , penny , lynch beach and some deaths of rebels .'
True	0	meet	3.5847907066345215	meets	0.3658030927181244	b'beware me digest if you throw any couples or ***mask*** anything edible .'
skipping is/are
True	1	expects	3.395272731781006	expect	2.1134021282196045	b'the economic functional murderer that he writes ***mask*** that he particularly goes his cabins and surely cares fabulous with his difficult gem .'
True	1	remain	4.092654228210449	remains	0.75252765417099	b"whie i do n't communicate to the pilot that the speakers we choose or suggest to ***mask*** no inquiry on our worker ( which i require is wholly scientific ) , it does remind me whenever requests seek out a temporary bench of helicopters to prescribe the deadline on ."
True	0	ensure	3.1345601081848145	ensures	-0.0789337158203125	b'they extremely add if you make route in your wager , ( for gains like me ) , they begin an attraction of the sheet and ***mask*** naked appropriations to wander .'
True	0	understands	2.567986011505127	understand	2.2426295280456543	b'the unacceptable privileged photography i have filled ***mask*** that in the kidney of agra eighteen complaint of the voting is individually described in the career the journey before the tug , this therapy paid after the tripartite harness .'
False	0	sees	3.2256391048431396	see	3.740137815475464	b'actually adjust your hens to meet this obviously to their references , and still abroad , so that the difficulty to deserve her ***mask*** approximately .'
False	1	extend	-1.2822123765945435	extends	-1.0870343446731567	b'i refuse the volumes on which i should cancel your country ***mask*** : ( a ) do you donate a frustrating satisfaction about the context to soft surface drugs noticed by ontario aires ?'
True	0	ensures	7.113090991973877	ensure	5.821684837341309	b'the first facility you carry whenever you oppose on sympathy ***mask*** that the pocket garage super receives out the paw and lasts into the grave flooding .'
True	0	assumes	4.478572368621826	assume	1.399536371231079	b'the awful busy breeder i have passed ***mask*** that in the rabbit of iceland eighteen spa of the campaigning is otherwise kept in the proportion the flipping before the hotel , this carbon turned after the big web .'
False	0	recommends	-0.990719199180603	recommend	0.128831148147583	b'as you suffer above the provision , the plenty of the superior migrant goes your drama and ***mask*** you contain newer and clearer .'
True	0	has	12.67197322845459	have	7.222988605499268	b'this type of harness goes around the dog s chest and legs and ***mask*** a clip for the leash up on the back of the dog in middle of shoulder blades .'
True	0	visit	8.073983192443848	visits	3.7669553756713867	b'dignitaries condemn the act but ***mask*** her bereaved family and the money flows .'
True	1	enjoy	-2.699937582015991	enjoys	-3.07277250289917	b'the academic grandparents we proceed in our channel ***mask*** ; we pose market none for easter , flipping reputation and scam - tonight for chechnya .'
True	2	include	14.07603645324707	includes	10.929433822631836	b'the important commercial species that probably would benefit from warming ***mask*** cod , haddock , saithe , herring , blue whiting and several types of flatfish and crustaceans -- such as the norway lobster .'
True	0	hears	0.7030079960823059	hear	-0.50394606590271	b'even adjust your prices to begin this indeed to their dividends , and carefully aggressively , so that the route to dine her ***mask*** incorrectly .'
True	0	fails	1.9471274614334106	fail	1.1240808963775635	b'a reserve forum anticipated in lanka fifty ***mask*** , " due to its vet astride the warner carnival , assembly has fairly been a whim to the client .'
True	0	enjoys	-4.065257549285889	enjoy	-4.079611301422119	b'the automatic traveler i threw eventually from them in the first consumption ***mask*** because my fortunate crime who appreciated with them was looking out on his ambitious .'
True	0	comes	6.706168174743652	come	5.809152126312256	b'can you interfere that the spring we are joking ***mask*** toward a same and reasonable medicine ?'
True	0	ensure	5.0455803871154785	ensures	1.623452067375183	b'they exponentially indicate if you carry bull in your panic , ( for lions like me ) , they laugh an extent of the field and ***mask*** similar affairs to bless .'
True	0	continue	7.209593772888184	continues	0.6383684873580933	b'i hear we possibly pick the milk and ***mask*** to lebanon .'
False	0	tends	-0.2280326932668686	tend	2.6300501823425293	b'i remain the salsa you preceded to me ***mask*** to the belgium pew at europe ( ran in nicobar ) .'
True	0	operates	-1.0645757913589478	operate	-1.2973790168762207	b'the unaware site to click for mobile ***mask*** to withdraw six , or your cousin magazine warranty snack , and owe .'
True	0	includes	3.4919233322143555	include	3.2138965129852295	b'my dad with establishing the protein surely ***mask*** , could it be approved that publicly everyone lacked the tug would or could exceed at any permission , since we roughly drafted philip and tamils and if they felt they might have needed a meticulous directive ??'
True	1	develop	2.714812755584717	develops	-1.8676118850708008	b'but unacceptable demons do compel the route they propose he will grow , and the agreements who provide him ***mask*** to obtain the appropriations who exist him .'
False	0	produces	-3.8459792137145996	produce	-2.0619943141937256	b'i consider the dominance you replied to me ***mask*** to the kennedy coogan at april ( tried in kim ) .'
True	1	reflect	1.3663088083267212	reflects	-2.7673075199127197	b'but attentive hosts do harass the fan they manage he will recreate , and the implications who wash him ***mask*** to emit the establishments who expect him .'
True	1	agrees	3.5440754890441895	agree	0.01713564246892929	b'the inappropriate romantic diversion that he submits ***mask*** that he honestly demonstrates his fundamentalists and gently follows necessary with his visible correction .'
True	0	beg	-0.5132855772972107	begs	-2.957585573196411	b'find me retake if you develop any publications or ***mask*** anything optimistic .'
True	0	relates	2.4445924758911133	relate	-0.49188053607940674	b'the first pig you carry whenever you eat on possibility exists that the scrap photographer downhill lasts out the punishment and ***mask*** into the sensitivity shame .'
True	1	appear	-0.43662452697753906	appears	-1.3788707256317139	b'antique spurs that greatly would testify ***mask*** contents , chairman , portugal profile and some liberties of cartoons .'
True	0	observes	7.999825954437256	observe	5.180180549621582	b"the rebel to hire in sensitivity ***mask*** that many afraid strategies and seas and respective retired birds are basic to pour badly partly brave to the ukraine in israel than al - berlin utensils , and it would be neat to fill one 's affairs off the gentle convenience ."
True	0	need	13.19936752319336	needs	8.897088050842285	b'please let me know if you have any questions or ***mask*** anything else .'
True	0	enter	3.6254098415374756	enters	-0.42584145069122314	b'they indefinitely operate if you hear master in your time , ( for hijackers like me ) , they lose an environment of the consistency and ***mask*** narrow earthworms to prepare .'
True	0	compares	0.6392195820808411	compare	-1.9132840633392334	b'an external origin authorized in sixteen ***mask*** there assume seven " kilometres " in the ana arabs , but impeccable countries are possibly lighter than this .'
True	0	manage	5.532536029815674	manages	0.7759701013565063	b'ladies initially : jeremy two through electoral three ( expanding you manage on the purpose we listen and ***mask*** rarely to thread the cat after we listen )'
True	0	explains	3.0566205978393555	explain	1.7238084077835083	b'the recent wording i tried this jar ***mask*** to evacuate anyone telling this if they proceed of some stylist i can postpone seem a decor to this document report .'
False	0	includes	-2.3517074584960938	include	-1.2089974880218506	b'the asymmetrical wager i blew indeed from them in the first bench ***mask*** because my dumb friendship who ordered with them was suggesting out on his electrostatic .'
True	0	seeks	3.6584017276763916	seek	0.5692256093025208	b'as you laugh above the compliance , the theater of the latter source develops your section and ***mask*** you reassure taller and clearer .'
False	0	begs	-3.0118727684020996	beg	-1.9438949823379517	b'i seem the manner you called to me ***mask*** to the croatia grill at amsterdam ( said in teresa ) .'
True	0	refers	2.972018003463745	refer	-2.689155340194702	b'can you approve that the rivalry we are joining ***mask*** toward a suspicious and privileged disaster ?'
False	1	intend	-1.834179401397705	intends	-1.7757251262664795	b'i recognize the dollars on which i should revise your band ***mask*** : ( a ) do you communicate a valid predator about the lifeboat to constant mystery cats strengthened by antichrist autumn ?'
True	0	begins	1.1244847774505615	begin	-1.2715213298797607	b'come for a team of women in their guerilla that generates from the cabinet and ***mask*** mostly to the cave fo the propane .'
True	0	belong	-3.219086170196533	belongs	-4.625248908996582	b'judges laugh the imprisonment but ***mask*** her monthly wire and the neighborhood relates .'
False	0	understands	0.788109540939331	understand	2.7362821102142334	b"the wing to concur in reduction ***mask*** that retired antique courses and rockies and preventive full deer are tragic to describe soon historically hospitable to the ontario in ontario than al - sharon alternatives , and it would be fashioned to collect one 's utilities off the senior feedback ."
True	0	remember	0.08734242618083954	remembers	-4.094845294952393	b'you apply the toy and ***mask*** fighter hair into the blackmail .'
True	0	dies	2.906984567642212	die	-0.21099379658699036	b'this conviction of homosexuality melts around the team s neighbor and militants and ***mask*** a director for the jerk importantly on the beard of the lunch in weapon of law thieves .'
True	1	includes	5.206226348876953	include	5.174167633056641	b'the unable forthcoming hospitality that he deserves ***mask*** that he strongly sees his prisoners and necessarily writes diplomatic with his northeastern wasp .'
True	0	require	3.257683753967285	requires	1.5201319456100464	b'learn me miss if you carry any whereabouts or ***mask*** anything unbelievable .'
True	0	delivers	3.8295037746429443	deliver	0.2326570451259613	b'can you enable that the contribution we are checking ***mask*** toward a generic and controversial cage ?'
False	0	hears	-0.8287800550460815	hear	-0.08571143448352814	b'an unknown alert aggravated in nine ***mask*** there oppose three " genitals " in the andre ages , but unpopular standards are roughly happier than this .'
True	0	want	1.5300511121749878	wants	-4.672887802124023	b"terms who require these actions ***mask*** at the effort amazingly ; and it 's ridiculous to concur they are absolute and sunny to withdraw no if they deny there would fix a therapist ."
True	0	see	11.647820472717285	sees	4.455119609832764	b'if you meet any records or ***mask*** any army incomplete always , please hang rahman hell at three or palestine niagara at six .'
True	0	refer	-1.0086497068405151	refers	-1.4857308864593506	b'prices prefer the opinion but ***mask*** her primary tract and the clothing begins .'
False	0	observes	-3.2415966987609863	observe	-2.3224830627441406	b'my yoga with answering the throat technically ***mask*** , could it be understood that properly everyone belonged the parent would or could establish at any swing , since we correctly warned courtney and californians and if they killed they might have saved a cruel violence ??'
skipping is/are
True	1	explain	-0.7334699630737305	explains	-1.6817448139190674	b'asian traditions that hopefully would wrap ***mask*** trees , reconciliation , saddam waitress and some reservations of measures .'
False	0	throws	-2.365557909011841	throw	0.8070242404937744	b'i remain the kid you tested to me ***mask*** to the colin coalition at okinawa ( guaranteed in loretta ) .'
True	0	adds	-2.8969311714172363	add	-3.6453185081481934	b'the electronic convenience i chose apparently from them in the first station ***mask*** because my functional connection who indicated with them was telling out on his undecided .'
True	0	provide	1.9132245779037476	provides	-2.0333986282348633	b'i spend this acceptable wagon and ***mask*** to prepare this regional energy .'
True	0	recommend	1.9205172061920166	recommends	-0.19999608397483826	b'i serve we somewhat sell the fan and ***mask*** to kline .'
False	0	indicates	2.6488423347473145	indicate	2.7042698860168457	b'because of the virus that his solar photography with delivery oglethorpe had happened him , he missed producers yellow as : " you can communicate a spore and a bravery , eight menu you ca n\'t prepare ***mask*** why you \'re limp unfortunately " and stayed currents to the " taiwan canal " jail containing that " repeatedly he phoned perfect foreigners to collect warmly militant as a philosophy " .'
True	0	remains	-0.6799864768981934	remain	-1.5546238422393799	b'i proceed the towing you threw to me ***mask*** to the don rice at ayatollah ( folded in milan ) .'
True	0	indicates	6.837172508239746	indicate	4.037863731384277	b'the unexpected radical notification i have proposed ***mask*** that in the collateral of orr eighteen locker of the majority is immediately protected in the pasture the merger before the skill , this shame tasted after the biochemical device .'
True	0	relate	2.9394984245300293	relates	-3.7537128925323486	b"programs who seem these adults ***mask*** at the ideology entirely ; and it 's defensive to put they are unconnected and dead to grab no if they die there would commit a phenomenon ."
False	0	loses	-0.20152002573013306	lose	1.7778793573379517	b'i decide the notch you began to me ***mask*** to the tiffany mcdonald at atlanta ( maintained in superfund ) .'
False	0	decides	3.6283364295959473	decide	3.839242696762085	b'if you die a source who will represent to you and reflect he will expand and then migrate his determination , and not regret what he is hoping about whenever he depends reasons at eastern temperatures and ***mask*** they indicate what you throw , why they will not defend for you , come to this tension ... he is the affair for you .'
True	0	delivers	-3.938042163848877	deliver	-5.281400203704834	b'well , unless inevitably thus the third lease he deleted in the chapter ***mask*** out .'
True	0	generate	9.780680656433105	generates	4.643807411193848	b'if you manage any dilemmas or ***mask*** any energy occasionally overly , please continue kaufman jan at seven or lake rolling at fifteen .'
True	0	points	13.709586143493652	point	7.9581780433654785	b'can you accept that the road we are travelling ***mask*** toward a grim and painful future ?'
False	1	adds	-1.0175132751464844	add	0.2334669977426529	b'the joint lot cases recommend there ***mask*** raid to the craft .'
True	0	includes	1.9942009449005127	include	1.3032821416854858	b'the hysterical democracy i started this counsel ***mask*** to identify anyone seeking this if they provide of some preparation i can prove strengthen a recovery to this brass period .'
skipping is/are
True	0	demonstrate	2.691779375076294	demonstrates	0.6257426142692566	b'commissioners decide the advertising but ***mask*** her delicate driver and the surplus supports .'
True	0	refuse	3.2642760276794434	refuses	1.8570399284362793	b'wolves see the exclusion but ***mask*** her geographical space and the death receives .'
True	1	assume	2.0809216499328613	assumes	-0.17122860252857208	b'the electoral parties we tolerate in our label ***mask*** ; we manage percentage tutorial for easter , climate chili and warning - rein for christianity .'
True	0	write	4.627546787261963	writes	1.6801387071609497	b'wait me grow if you learn any targets or ***mask*** anything unconnected .'
True	0	lose	1.9077129364013672	loses	-1.69809889793396	b'i come we rapidly begin the tin and ***mask*** to southwest .'
True	0	require	18.392683029174805	requires	9.427253723144531	b'if you have any questions or ***mask*** any assistance at all , please contact hope duncan at 202.739.0134 or jeff mangold at 703.729.2710 .'
True	0	observes	-4.129610538482666	observe	-4.837026596069336	b'the aware coast i requested onboard from them in the first center ***mask*** because my glad midst who enjoyed with them was seeking out on his unfortunate .'
True	0	carry	4.785576820373535	carries	1.0692524909973145	b'please put me communicate if you lose any headlines or ***mask*** anything unacceptable .'
True	0	believe	2.4137609004974365	believes	-1.78555428981781	b"prices who pale these astronauts ***mask*** at the enjoyment anymore ; and it 's hectic to commit they are environmental and bored to foresee no if they begin there would deliver a vegetable ."
True	2	expect	-1.6883188486099243	expects	-3.690519332885742	b'the extraordinary false provinces that secretly would cancel from scrap ***mask*** protein , bunch , lifeboat , lease , visible sensitivity and terrible bottles of relatives and sales -- sensitive as the capricorn background .'
True	1	apply	-3.5428686141967773	applies	-5.290119647979736	b'additional leaders that thereafter would translate ***mask*** things , property , jared combo and some lions of guidelines .'
False	0	ensures	-3.1101818084716797	ensure	-2.25392746925354	b'the interested popularity to reconsider for lax ***mask*** to retrieve six , or your professor difference criticism competition , and adjust .'
True	0	carry	2.8965866565704346	carries	1.2311770915985107	b'you exist the chairman and ***mask*** disease fan into the sovereignty .'
True	1	intend	-0.888866126537323	intends	-3.91418194770813	b'additional parties that frankly would conclude ***mask*** donations , custody , japan ticket and some provisions of toes .'
True	0	makes	18.289897918701172	make	13.141615867614746	b'as you sit above the world , the warmth of the golden sun penetrates your body and ***mask*** you feel warmer and warmer .'
True	0	seek	5.044692516326904	seeks	-0.9445088505744934	b'you operate the campaign and ***mask*** counsel grandson into the facility .'
True	0	loses	2.120967388153076	lose	-2.3833351135253906	b'it refuses the council for man expectation and ***mask*** , \xe2\x80\x9c we are filmed that the lake should not enable with massive - character companies who provide to commit and revise regardless and indoors in the responsibilities , bottles , and chicks of satisfied creation . \xe2\x80\x9d'
True	0	learns	-3.9581546783447266	learn	-4.3146748542785645	b'an underage atrophy equipped in billion ***mask*** there intend seven " complexes " in the eurasia indians , but infinite tires are nowadays cheaper than this .'
True	0	observe	2.865995168685913	observes	-4.732943058013916	b'they obviously anticipate if you make boy in your facility , ( for bottles like me ) , they realize an ownership of the participant and ***mask*** certified agencies to prove .'
False	0	belong	-2.7386891841888428	belongs	-1.055481195449829	b'rules listen the artwork but ***mask*** her promotional perception and the queen produces .'
True	1	intends	3.357680082321167	intend	-0.2527526319026947	b'the unsure strategic story that he tells ***mask*** that he virtually contains his bucks and currently continues necessary with his dire pleasure .'
True	0	suggest	4.087624549865723	suggests	0.5137552618980408	b'reports eventually : limerick fifteen through ismail nine ( emerging you listen on the coat we decide and ***mask*** sufficiently to feedback the setback after we hear )'
True	0	spend	2.6471147537231445	spends	0.7370142936706543	b'cats provide the ownership but ***mask*** her huge manufacturer and the pup cares .'
True	0	requires	7.3759989738464355	require	4.446367263793945	b'this wire of capability reflects around the commodity s trend and bombers and ***mask*** a memo for the sect eventually on the receiver of the diversion in payment of photo duties .'
True	0	allows	0.6448922753334045	allow	-0.20735082030296326	b'my landing with increasing the crab traditionally ***mask*** , could it be understood that shortly everyone replaced the proportion would or could achieve at any mile , since we relatively felt messenger and fridays and if they planned they might have diagnosed a spiritual mode ??'
True	0	insists	1.2212631702423096	insist	0.6602692604064941	b'the homemade counsel i listened this beard ***mask*** to execute anyone filling this if they throw of some letter i can vomit propose a heart to this patience cage .'
True	0	begin	5.9752326011657715	begins	0.9518124461174011	b'i continue we pursuant meet the cave and ***mask*** to lucy .'
True	0	applies	0.22016435861587524	apply	-2.168045997619629	b'the immediate strong parent i have lived ***mask*** that in the cafe of alito eighteen teeth of the health is abundantly monitored in the warlord the consumer before the medal , this showroom grabbed after the cute reconciliation .'
skipping is/are
skipping is/are
False	0	understands	-3.0169973373413086	understand	-0.1091335341334343	b'the first fence you laugh why you admit on coup ***mask*** that the trial life really happens out the kitchen and hates into the floor beard .'
True	0	intends	2.632082223892212	intend	-0.2598116099834442	b'usually , the insecure invoice taken for infantry ***mask*** whether our index ( the incredible invention and somehow the arrangement they see to protect ) is or objects not an identical whim under the healthcare .'
True	0	happens	3.4454638957977295	happen	1.9357378482818604	b'turn for a musician of stories in their concert that belongs from the locker and ***mask*** successfully to the punishment fo the jury .'
True	0	pay	4.888805389404297	pays	1.6339812278747559	b'ladies exactly : columbia six through abramoff five ( attempting you propose on the tea we decide and ***mask*** politely to speaker the wolf after we propose )'
True	0	go	14.943025588989258	goes	8.954996109008789	b'days away : sept. 21 through oct. 3 ( assuming you work on the day we leave and ***mask*** back to work the day after we return )'
True	0	understands	2.8849220275878906	understand	1.075424075126648	b'the uncut sweet waiter i have placed ***mask*** that in the lottery of amsterdam eight trip of the language is afterward taken in the scrutiny the child before the grid , this sea published after the tall salsa .'
True	0	continue	0.012698620557785034	continues	-3.5503814220428467	b'click me wear if you suck any shelves or ***mask*** anything aortic .'
True	0	adds	2.079820156097412	add	1.00899338722229	b'the smallest studio you can carry in omar ***mask*** to burn to a suggestion .'
False	0	sees	1.3813261985778809	see	1.7583017349243164	b'it seems the tourist for quo identity and ***mask*** , \xe2\x80\x9c we are projected that the terry should not oppose with legislative - payout sanctions who remember to remain and communicate shortly and automatically in the tensions , temples , and messages of necessary cousin . \xe2\x80\x9d'
True	0	learns	4.272521495819092	learn	2.322681188583374	b'bring for a heaven of weapons in their virus that reads from the master and ***mask*** smoothly to the task fo the marketing .'
True	0	throws	2.5672073364257812	throw	1.1066687107086182	b'as you seem above the ton , the perfume of the critical protein provides your pattern and ***mask*** you reassure newer and taller .'
True	1	spend	6.7121100425720215	spends	-1.138135313987732	b"whie i do n't solve to the commission that the stars we choose or receive to ***mask*** no aircraft on our death ( which i want is promptly generic ) , it does generate me whenever projects carry out a relaxed spa of crimes to see the pork on ."
True	0	receive	1.8079760074615479	receives	-4.631793022155762	b'i propose this astounding rail and ***mask*** to pursue this naive office .'
True	0	exists	3.5578269958496094	exist	1.877266764640808	b'the first proportion you collaborate whenever you exist on darkness ***mask*** that the junk tractor respectively pays out the hybrid and suggests into the permission tax .'
True	0	allows	2.949162721633911	allow	1.16204035282135	b'my haven with acting the character merely ***mask*** , could it be accepted that cheaply everyone grabbed the labor would or could assist at any picketing , since we regularly listened beijing and metals and if they remembered they might have titled a honest direction ??'
True	0	intends	1.4227367639541626	intend	-1.5554184913635254	b'ever , the immediate absorption created for arthritis ***mask*** whether our ets ( the unknown exposure and dramatically the energy they describe to maintain ) is or understands not an angry reality under the corps .'
False	0	understands	-1.8555798530578613	understand	-0.6833774447441101	b'the rare reversal i called this sauce ***mask*** to attend anyone doing this if they make of some puppy i can breathe forget a bag to this thanks money .'
True	0	deserves	0.4148091971874237	deserve	-1.0347719192504883	b'i deny the brain you developed to me ***mask*** to the janice sancho at ips ( protected in mills ) .'
False	0	explains	-3.146251916885376	explain	-1.5171432495117188	b'because of the musician that his timely comparison with ray ei had protected him , he contacted rewards solid as : " you can regret a pewter and a master , eighteen capacity you ca n\'t foresee ***mask*** whenever you \'re crucial indefinitely " and said snakes to the " prophet scotland " tension watching that " basically he belonged dear policies to wrap neatly preventive as a room " .'
False	0	suffers	1.0022196769714355	suffer	2.0558245182037354	b'the first dioxide you deny why you admit on tip enjoys that the tourism staff hereby crashes out the company and ***mask*** into the heating friendship .'
False	0	meets	-4.924973011016846	meet	-2.627969980239868	b'well , unless indeed quietly the third position he phoned in the marketing ***mask*** out .'
True	0	create	6.333010673522949	creates	3.1519200801849365	b'save me discuss if you tend any conclusions or ***mask*** anything amusing .'
True	0	realise	1.9661173820495605	realises	-1.7324718236923218	b"stars who recognize these attempts ***mask*** at the id incorrectly ; and it 's grand to harass they are educated and naive to reassure no if they come there would spell a direction ."
True	0	put	4.189095973968506	puts	0.2794584333896637	b'you add the water and ***mask*** water conditioner into the water .'
True	0	states	14.512393951416016	state	9.593928337097168	b'it presents the case for marriage equality and ***mask*** , \xe2\x80\x9c we are resolved that the state should not interfere with same - gender couples who choose to marry and share fully and equally in the rights , responsibilities , and commitments of civil marriage . \xe2\x80\x9d'
True	0	adds	7.364674091339111	add	5.125195026397705	b"the wolf to continue in time ***mask*** that critical afghan kinds and pakistanis and dissatisfied kurdish gentlemen are romantic to harass badly faithfully tall to the andrew in ashcroft than al - lonely appointees , and it would be gullible to prove one 's ecosystems off the final sea ."
True	0	respond	6.867704391479492	responds	2.8485934734344482	b'i refer we perfectly provide the pub and ***mask*** to cst .'
True	0	suggests	14.684212684631348	suggest	10.363273620605469	b'an official estimate issued in 2003 ***mask*** there are 50,000 " foreigners " in the andaman islands , but unofficial figures are much higher than this .'
