True	1	exists	2.4611427783966064	exist	-0.0684562548995018	b'the organised massive skin that he depends ***mask*** that he thus sends his rights and nowadays tells lazy with his northeastern merchant .'
True	0	ensures	-3.601428985595703	ensure	-4.455617427825928	b'because of the paperwork that his terrible father with dental alan had shared him , he saved wonders continental as : " you can retake a programming and a problem , eighteen song you ca n\'t gather ***mask*** whenever you \'re humble abroad " and discussed nostrils to the " future korea " dish removing that " primarily he said pakistani hands to reassure thus vital as a receipt " .'
True	0	admits	1.8223462104797363	admit	1.665764331817627	b'the first settlement you suggest whenever you extend on rumor ***mask*** that the premium media slowly melts out the culture and dies into the belly fever .'
True	0	spill	1.4243320226669312	spills	0.20743906497955322	b'if you choose any holdings or ***mask*** any electricity ethnically already , please tell sarah gm at six or crawford kevin at nine .'
True	0	decide	2.814680576324463	decides	-0.020504578948020935	b'please groom me translate if you prefer any forums or ***mask*** anything obvious .'
True	0	approves	-0.695299506187439	approve	-1.955399751663208	b"the sauce to recruit in pastor ***mask*** that full european complexes and communists and strange jewish species are conventional to hang soon thereby violent to the amsterdam in isi than al - taiwan animals , and it would be numerous to recover one 's alarms off the governmental radar ."
True	0	operates	0.04799903929233551	operate	-2.6980998516082764	b'the first loan you respond why you indicate on frequency ***mask*** that the time remainder finally belongs out the speech and pays into the zoo technology .'
False	1	insist	-3.324021100997925	insists	-0.6097870469093323	b'the ecological wines we believe in our night ***mask*** ; we come drawer today for easter , rivalry difficulty and weapon - machine for louisiana .'
True	0	deserve	1.124822735786438	deserves	-1.5541341304779053	b'please make me verify if you require any dancers or ***mask*** anything underage .'
True	0	tend	3.006030797958374	tends	-0.16513291001319885	b'i consider this adequate reputation and ***mask*** to relate this dangerous event .'
True	0	use	11.556731224060059	uses	5.7086567878723145	b'they always ask if you have meat in your dish , ( for vegetarians like me ) , they scrub an area of the grill and ***mask*** separate utensils to cook .'
True	0	adds	2.5618205070495605	add	0.09757812321186066	b'the first reduction you believe why you intend on decor ***mask*** that the commission soil specifically becomes out the virus and leads into the spirit market .'
True	0	adds	-1.4039831161499023	add	-3.993805408477783	b'the effective communication to thank for romantic ***mask*** to pursue three , or your boy tumor software behavior , and encourage .'
True	1	remain	6.029430389404297	remains	2.182373046875	b'but unbelievable malls do describe the quiz they prefer he will replace , and the artists who remain him ***mask*** to investigate the appointments who extend him .'
False	2	explain	-1.2090052366256714	explains	0.3625096082687378	b'the overcrowded strategic tourists that strictly would meet from meditation ***mask*** misunderstanding , bladder , poisoning , jerk , pure target and lovely rebels of marketers and cleaners -- previous as the doug snack .'
True	0	suggest	9.1171236038208	suggests	2.828284740447998	b'if you condemn any disasters or ***mask*** any error economically afterward , please specify butcher samuel at fifteen or tet nov at six .'
True	0	tend	8.430126190185547	tends	1.6888517141342163	b'i seem we promptly suck the disaster and ***mask*** to jafar .'
True	0	represent	1.7647054195404053	represents	-1.2845028638839722	b'follow me predict if you put any publications or ***mask*** anything impenetrable .'
False	1	exist	0.5298091769218445	exists	0.6298540234565735	b'the electrostatic fisheries we develop in our monkey ***mask*** ; we listen perspective wall for easter , planet testimony and supervisor - budget for wii .'
True	1	employ	-1.737473964691162	employs	-1.9565774202346802	b'i develop the liberals on which i should lace your gender ***mask*** : ( a ) do you pour a painful requirement about the cafeteria to delighted swap shops begun by andaman andre ?'
False	0	enters	-0.8878680467605591	enter	-0.8309159874916077	b'my career with using the fantasy frequently ***mask*** , could it be eaten that perfectly everyone bought the swap would or could eat at any justice , since we happily prevented veterinary and wars and if they gave they might have grown a scientific blackmail ??'
True	0	represent	-2.4247682094573975	represents	-6.378108978271484	b'i deny this expensive customer and ***mask*** to remember this costly atrophy .'
False	0	understands	2.0678980350494385	understand	3.5060462951660156	b'instead , the effective extent killed for editor ***mask*** whether our usb ( the unaware obligation and nearly the exclusion they pose to compel ) is or involves not an obvious curve under the purse .'
True	0	tells	-0.5006430149078369	tell	-4.1097092628479	b'the first goodness you laugh whenever you agree on testimony appears that the discovery king presently cares out the filter and ***mask*** into the salsa competition .'
True	2	enjoy	-0.9675164222717285	enjoys	-2.919186592102051	b'the overwhelming short properties that primarily would dial from lottery ***mask*** termination , divorce , term , wagon , militant salt and downstream martyrs of methods and wounds -- soothing as the karl separation .'
True	0	dies	2.490880250930786	die	-0.9528457522392273	b'as you sell above the rape , the temper of the complicated stone feels your nature and ***mask*** you grow lighter and newer .'
True	0	makes	3.4454729557037354	make	1.0509153604507446	b'put for a button of centuries in their reviewer that pays from the defence and ***mask*** historically to the bluff fo the reaction .'
True	1	carry	2.8179211616516113	carries	-3.6721532344818115	b'but automatic millions do cancel the tutorial they dislike he will wash , and the explosives who provide him ***mask*** to argue the edges who insist him .'
False	0	expect	3.1806139945983887	expects	3.352350950241089	b'they especially include if you die reaction in your separation , ( for transfers like me ) , they believe an investment of the teacher and ***mask*** barren officials to receive .'
True	1	assumes	9.497674942016602	assume	5.199192523956299	b'the insecure weird shelter that he suggests ***mask*** that he possibly depends his participants and vigorously blames relevant with his funny process .'
True	1	approves	0.7827873826026917	approve	-1.0757578611373901	b'the enjoyable huge wing that he melts ***mask*** that he generally loves his hearings and properly relates conscious with his similar difficulty .'
True	1	begin	1.5388131141662598	begins	-4.8284525871276855	b"whie i do n't consider to the discussion that the cabins we wash or meet to ***mask*** no user on our corps ( which i deserve is wholly conservative ) , it does mention me why ranchers die out a prior homeland of things to hear the vulnerability on ."
True	1	include	14.11313533782959	includes	8.959915161132812	b'important species that probably would decline ***mask*** shrimp , capelin , greenland halibut and some varieties of flatfish .'
True	0	represents	-5.271261692047119	represent	-6.933163166046143	b'well , unless abruptly harshly the third siege he paid in the mosque ***mask*** out .'
True	0	tend	2.750936508178711	tends	-2.405261993408203	b'if you laugh any flowers or ***mask*** any omnibus incredibly entirely , please breathe fred gerald at twenty or coogan medici at thirty .'
True	0	look	21.121845245361328	looks	13.133585929870605	b"workers who do these introductions ***mask*** at the interaction objectively ; and it 's good to see they are able and willing to say no if they feel there would be a problem ."
True	2	agree	-1.44780433177948	agrees	-3.590442180633545	b'the usual noble peoples that freely would reduce from role ***mask*** dispute , tin , portion , studio , mass bravery and cultural ladies of years and forums -- fundamentalist as the francis pillow .'
True	0	belongs	13.957680702209473	belong	8.662080764770508	b'i believe the message you forwarded to me ***mask*** to the mark taylor at ei ( based in london ) .'
True	1	allows	0.21262530982494354	allow	-1.3185780048370361	b'the potable mistake properties believe there ***mask*** flee to the surgery .'
True	1	define	-1.112346887588501	defines	-5.924933910369873	b'but insecure symptoms do rush the humanity they suck he will serve , and the extremists who lose him ***mask*** to amend the ants who include him .'
True	1	ensure	1.2577277421951294	ensures	0.16674992442131042	b'the ordinary wars we require in our tuna ***mask*** ; we suggest traveler dryer for easter , climate channel and propane - millet for stark .'
skipping is/are
True	1	want	10.513355255126953	wants	4.131377220153809	b'but inner declarations do customize the leaf they seem he will harass , and the immigrants who lose him ***mask*** to eat the injuries who enjoy him .'
True	0	deserves	-1.2858576774597168	deserve	-3.173295259475708	b'a bill cult accepted in scott three ***mask*** , " due to its ticket astride the christmas cambodia , iss has now been a trauma to the suicide .'
False	2	affirm	-4.427440166473389	affirms	-4.427440166473389	b'the affluent strong wishes that desperately would sell from movie ***mask*** feedback , territory , size , lifestyle , crazy highway and heavy rounds of laws and politics -- fatal as the youngstown belief .'
False	1	admits	-2.3944785594940186	admit	-1.5307066440582275	b'the capable treatment contractors recommend there ***mask*** ruin to the coordinator .'
True	0	go	14.311689376831055	goes	7.402026176452637	b'i say we just keep the dough and ***mask*** to mexico .'
True	1	begin	10.866278648376465	begins	6.125118732452393	b'but incorrect cm do come the flower they refuse he will believe , and the effects who respond him ***mask*** to emit the opportunities who operate him .'
True	0	throws	-1.1554986238479614	throw	-1.669009804725647	b'otherwise ensure your peoples to burn this aggressively to their homes , and deeply unfortunately , so that the globe to deny her ***mask*** appropriately .'
True	0	serve	4.69888162612915	serves	0.2702796161174774	b'i refuse this adequate clinic and ***mask*** to vary this superb income .'
True	0	meets	3.2261476516723633	meet	-0.39365315437316895	b'it believes the bird for server exchange and ***mask*** , \xe2\x80\x9c we are reimbursed that the whipple should not examine with grand - product ships who meet to reduce and cancel personally and altogether in the slaves , nails , and curtains of personal compliance . \xe2\x80\x9d'
True	0	develops	-0.0724448412656784	develop	-1.3921564817428589	b'well , unless initially legally the third guitar he considered in the source ***mask*** out .'
False	0	enters	-2.3105709552764893	enter	-1.0374974012374878	b'the critical testimony i planned this chocolate ***mask*** to add anyone failing this if they represent of some comfort i can monitor suggest a curtain to this today cage .'
False	0	deserves	-0.1290770173072815	deserve	1.593421220779419	b'if you propose a country who will propose to you and see he will absorb and then convince his meditation , and not tell what he is sending about why he supports conclusions at extensive sandwiches and ***mask*** they arrive what you pick , why they will not hire for you , transmit to this rivalry ... he is the affection for you .'
True	1	indicate	0.9921532869338989	indicates	-0.08736074715852737	b'the influential drugs we continue in our swing ***mask*** ; we pick delivery harmony for easter , virus phrase and settlement - coal for yellowstone .'
True	1	extends	-1.6261957883834839	extend	-1.7746732234954834	b'the lovely tournament cows deny there ***mask*** circulate to the thread .'
True	0	observes	-2.9538803100585938	observe	-2.9969584941864014	b'the youngest loan you can seem in ivan ***mask*** to develop to a drying .'
True	0	allows	2.045214891433716	allow	0.10200821608304977	b'almost , the embarrassing earthquake requested for oil ***mask*** whether our aa ( the absurd image and precisely the acupuncture they decide to recruit ) is or involves not an innovative tube under the fare .'
True	0	compares	-0.16259805858135223	compare	-2.281144142150879	b'the first television you require whenever you exist on guest explains that the city minister solely writes out the duty and ***mask*** into the month knee .'
True	0	grows	8.925620079040527	grow	5.004953861236572	b'the first dinner you pay whenever you allow on pig involves that the compliance field financially sees out the language and ***mask*** into the consensus ton .'
False	0	operates	-6.833817005157471	operate	-6.346597194671631	b'because of the phone that his potable flower with naval amelia had meant him , he reported properties pleasant as : " you can print a language and a tabs , eighteen stream you ca n\'t raise ***mask*** why you \'re beautiful utterly " and threw restrictions to the " kerry warren " cup ranging that " totally he handled judicial tensions to reflect reportedly dangerous as a terror " .'
True	2	include	2.6901423931121826	includes	1.311446189880371	b'the arrogant difficult weekends that successfully would maintain from star ***mask*** soul , season , plot , path , narrow corner and nuclear minds of scientists and surgeons -- faithful as the starbucks crate .'
False	0	refuses	-3.6237051486968994	refuse	-1.7896926403045654	b'well , unless indoors strongly the third paper he passed in the campus ***mask*** out .'
True	0	extends	-2.12172794342041	extend	-4.07541561126709	b"the tide to compete in participant ***mask*** that dwarf armed sports and professors and tricky syrian worries are distinguished to migrate soon seldom joint to the agra in ireland than al - laura allegations , and it would be neat to foresee one 's options off the tolerable disappointment ."
False	1	enjoys	-3.704050302505493	enjoy	-2.8632404804229736	b'the maximum dirt pairs become there ***mask*** translate to the theatre .'
True	0	generate	-0.7640844583511353	generates	-1.4350032806396484	b"stars who put these animals ***mask*** at the ad immensely ; and it 's soothing to raise they are executive and handy to wrap no if they learn there would hesitate a steam ."
False	0	assumes	-1.5498120784759521	assume	-1.259501338005066	b"the daughter to generate in housing ***mask*** that dwarf european guns and travels and bound final transactions are vital to convince soon however nuclear to the emma in ahmed than al - chevron openings , and it would be generous to carry one 's atrocities off the manned console ."
True	0	make	8.139933586120605	makes	6.583805561065674	b'mechanics pose the investment but ***mask*** her glaring predator and the moon demonstrates .'
True	0	learns	4.5042877197265625	learn	3.601031541824341	b'it leads the nephew for forum upgrade and ***mask*** , \xe2\x80\x9c we are contacted that the denton should not invite with foreign - security performers who provide to listen and bother still and altogether in the starters , stars , and casualties of knowledgeable slice . \xe2\x80\x9d'
True	0	hear	8.931859970092773	hears	1.47501540184021	b'please destroy me grab if you pay any seconds or ***mask*** anything aggressive .'
False	1	affirms	-0.8320100903511047	affirm	-0.8320100903511047	b'the healthy trip masks realize there ***mask*** lose to the freighter .'
True	0	spends	0.2902061343193054	spend	-0.6486214995384216	b'about expect your wheels to burn this incredibly to their managers , and separately apart , so that the crate to harass her ***mask*** approximately .'
True	0	exists	-0.6880494356155396	exist	-1.8599721193313599	b'because of the tank that his secondary pewter with nyc abby had checked him , he testified hosts blind as : " you can communicate a nausea and a plate , eight pasture you ca n\'t spend ***mask*** why you \'re certain exceptionally " and saved missions to the " sam ds " misfortune circling that " slowly he slept nepalese nails to define shortly vain as a dryer " .'
True	0	relate	3.3034775257110596	relates	-3.2166361808776855	b'you affirm the distinction and ***mask*** platform trauma into the letter .'
False	0	dies	0.639253556728363	die	4.358670711517334	b'well , unless overwhelmingly precisely the third territory he seized in the commission ***mask*** out .'
True	0	exists	3.524427890777588	exist	0.6419388055801392	b'the healthy personality i provided this rock ***mask*** to add anyone leading this if they believe of some teacher i can prove bless a visitor to this shuttle deal .'
True	0	come	6.27178430557251	comes	4.273036003112793	b'i deserve this arrogant shine and ***mask*** to throw this rude id .'
True	0	represents	4.777787208557129	represent	-0.4920373558998108	b'can you interfere that the scholarship we are joking ***mask*** toward a tired and messy drama ?'
True	0	demonstrate	-1.307527780532837	demonstrates	-2.0126941204071045	b'you indicate the dryer and ***mask*** nightlife context into the meantime .'
True	1	appear	-1.7405931949615479	appears	-2.670490264892578	b'average prisoners that potentially would solve ***mask*** ft , creativity , washington partnership and some periods of customers .'
True	0	generates	-3.062382936477661	generate	-4.7152605056762695	b'a jen window allowed in cole twenty ***mask*** , " due to its breath astride the gerald finland , abdul has freely been a flower to the suicide .'
False	0	begins	2.2098593711853027	begin	2.7274365425109863	b'if you prefer a star who will remove to you and sail he will adjust and then raise his fire , and not vary what he is jumping about whenever he gives neighbors at authentic babies and ***mask*** they extend what you put , whenever they will not join for you , transmit to this path ... he is the article for you .'
False	0	employs	-5.64040470123291	employ	-2.748662233352661	b'the unfortunate tabs i carried adequately from them in the first direction ***mask*** because my national vulnerability who answered with them was joking out on his accurate .'
False	0	delivers	-3.4871466159820557	deliver	0.0347989946603775	b'if you suck a woman who will bother to you and predict he will eat and then bless his tariff , and not squeeze what he is growing about why he relates creatures at identical lyrics and ***mask*** they apply what you consider , why they will not sail for you , tell to this prostitute ... he is the advancement for you .'
True	0	refuse	2.3057496547698975	refuses	1.8396719694137573	b'copies throw the aircraft but ***mask*** her complicated drying and the path belongs .'
False	0	ensures	-5.194705963134766	ensure	-1.8333662748336792	b'because of the spreadsheet that his hostile tomorrow with janet alaska had tended him , he waited cm necessary as : " you can foresee a hour and a thermometer , eighteen requirement you ca n\'t come ***mask*** why you \'re visual effectively " and belonged courses to the " baudelaire brazil " team preventing that " potentially he refused few policies to settle just western as a foster " .'
True	0	admits	-1.0577564239501953	admit	-3.399831533432007	b'absolutely , the outer assault guaranteed for episode ***mask*** whether our er ( the impeccable amendment and perfectly the officer they decide to meet ) is or affects not an ethnic joke under the steel .'
True	1	expect	-2.1798670291900635	expects	-3.7218565940856934	b'excellent minerals that frequently would pursue ***mask*** strategies , sky , kenneth season and some patients of beliefs .'
False	0	says	11.898028373718262	say	13.193098068237305	b'if you want a doctor who will lie to you and say he will operate and then change his mind , and not know what he is talking about when he recommends procedures at other hospitals and ***mask*** they are what you need , when they will not work for you , go to this doctor ... he is the one for you .'
False	0	enters	-3.393301248550415	enter	-0.7626654505729675	b'because of the traveler that his conservative lunch with tx england had dominated him , he began times massive as : " you can reflect a soup and a propane , eighteen shrapnel you ca n\'t verify ***mask*** why you \'re toxic increasingly " and testified beliefs to the " lewis texas " waist pulling that " largely he booked rude plants to concur rapidly sensitive as a growth " .'
True	0	loses	3.171438217163086	lose	-0.6268919706344604	b'get for a grandson of supporters in their lens that wakes from the deadline and ***mask*** whatsoever to the store fo the conviction .'
True	0	respond	2.5388195514678955	responds	-2.9272279739379883	b"terms who meet these allegations ***mask*** at the alliance apparently ; and it 's grand to reconsider they are ominous and tropical to tighten no if they deserve there would relate a glass ."
True	0	sucks	1.5954750776290894	suck	-0.15331143140792847	b'well , unless equally probably the third rape he caused in the stuff ***mask*** out .'
True	0	receive	3.4420478343963623	receives	2.004225730895996	b'please submit me censor if you consider any reviewers or ***mask*** anything obsessed .'
True	0	suggests	5.705352306365967	suggest	3.376879930496216	b'an essential information employed in fifty ***mask*** there agree three " practices " in the eye indians , but unnamed cartoons are shortly newer than this .'
True	1	suggest	2.744070053100586	suggests	-0.5723628401756287	b"whie i do n't compete to the popularity that the losses we make or realize to ***mask*** no accident on our seed ( which i sell is financially covert ) , it does raise me why sanctions prefer out a dramatic humanity of ports to rush the junk on ."
False	0	tends	-1.6483873128890991	tend	-1.176542043685913	b'a nixon width estimated in sunday billion ***mask*** , " due to its discretion astride the philip larry , oglethorpe has slowly been a resolution to the cpi .'
True	0	operates	0.6864023208618164	operate	-0.556574285030365	b'additionally , the urban interceptor cleaned for aunt ***mask*** whether our advice ( the electrostatic oil and fully the instability they provide to participate ) is or objects not an odd honesty under the responsibility .'
skipping is/are
True	0	includes	3.9298319816589355	include	2.636599540710449	b'the richest fee you can dial in agra ***mask*** to migrate to a selection .'
True	0	hear	-0.307029664516449	hears	-0.9720219373703003	b'i pay this overwhelming sensitivity and ***mask*** to become this tactical injustice .'
False	1	ensures	-4.001107215881348	ensure	-3.5634968280792236	b'the confidential success headlines consider there ***mask*** disappear to the wall .'
True	0	enjoys	0.8086975812911987	enjoy	-0.9666392803192139	b'the stressful landlord i hired this master ***mask*** to oppose anyone hoping this if they laugh of some cooperation i can fill satisfy a chairman to this support performance .'
True	0	happen	1.2231725454330444	happens	-1.8234583139419556	b'feel me vanish if you proceed any clergy or ***mask*** anything acrylic .'
False	0	happen	3.0230627059936523	happens	3.421522855758667	b'i put we completely learn the gang and ***mask*** to stephen .'
True	0	enjoy	4.599836349487305	enjoys	-1.3092153072357178	b'they eventually operate if you want tea in your pact , ( for developments like me ) , they refuse an upheaval of the hobby and ***mask*** thorough appropriations to tend .'
False	0	learns	-0.1246170699596405	learn	0.00018684566020965576	b'i tell the courtesy you spoke to me ***mask*** to the mart connecticut at earl ( suggested in san ) .'
skipping is/are
True	0	indicates	6.5142083168029785	indicate	4.256054878234863	b'otherwise , the inevitable explanation promised for exam ***mask*** whether our account ( the alchemical apartment and typically the incident they thank to warrant ) is or intends not an authentic lawyer under the title .'
True	0	refuses	1.8600130081176758	refuse	-1.9510715007781982	b'this lunch of photograph feels around the crew s blog and sheep and ***mask*** a diplomat for the cent again on the cake of the reintroduction in documentation of society politics .'
True	0	belongs	-2.710873603820801	belong	-2.990999937057495	b'a taj possibility occurred in portland trillion ***mask*** , " due to its jihad astride the louisiana hamilton , australia has downhill been a conspiracy to the para .'
True	0	compares	-1.3549152612686157	compare	-2.2518763542175293	b'an endless infrastructure increased in three ***mask*** there assume four " transfers " in the ali indians , but useless blocks are jointly safer than this .'
True	0	belong	-4.436846733093262	belongs	-6.851825714111328	b'you operate the centre and ***mask*** memo fire into the car .'
True	0	expects	-0.7983189225196838	expect	-1.4929417371749878	b"the crowd to discuss in snow ***mask*** that parisian antique disasters and professors and soothing medieval sons are huge to reassure soon possibly shocked to the antichrist in argentina than al - chief atrocities , and it would be digital to tell one 's analysts off the permanent directive ."
False	1	affirm	0.7929505109786987	affirms	0.7929505109786987	b'i see the sons on which i should receive your revolution ***mask*** : ( a ) do you rub a bland heart about the creativity to dead coffee photos presented by amsterdam andrew ?'
True	0	need	13.471246719360352	needs	9.210522651672363	b'let me know if you have any questions or ***mask*** anything else .'
True	0	come	8.305048942565918	comes	4.227486610412598	b"ladies who continue these experts ***mask*** at the ear indoors ; and it 's scary to recruit they are explosive and desperate to greet no if they suppose there would remind a service ."
True	0	intends	1.4853557348251343	intend	-0.832339346408844	b'the immediate flank to survive for pure ***mask*** to monitor fifty , or your hospitality homeland boulevard schooling , and achieve .'
False	0	affirms	-0.322165310382843	affirm	-0.322165310382843	b'the richest goodness you can compensate in eric ***mask*** to come to a crab .'
False	1	intends	-3.935922622680664	intend	-3.7390081882476807	b'the large queen reviewers want there ***mask*** thank to the relation .'
skipping is/are
True	0	represent	2.979680299758911	represents	-1.8231427669525146	b"terms who consider these analyses ***mask*** at the editor environmentally ; and it 's superb to click they are excellent and ready to maintain no if they believe there would maintain a date ."
True	0	recognize	4.048452854156494	recognizes	-0.5360368490219116	b'reports occasionally : fabio thousand through ontario five ( expecting you recognize on the litter we hear and ***mask*** respectfully to system the mile after we continue )'
False	0	ensures	-5.250422477722168	ensure	-4.247614860534668	b'the arrogant detective to compel for homeless ***mask*** to disappear four , or your cop pup carbon channel , and oppose .'
True	0	realise	-1.5932085514068604	realises	-1.891403079032898	b'you allow the distance and ***mask*** climber preference into the majority .'
False	0	assumes	-2.7397563457489014	assume	-1.6301140785217285	b'the understandable dryer to cook for devastating ***mask*** to reduce fifty , or your rotation father volume vegetable , and execute .'
True	0	develop	7.2460503578186035	develops	2.984609603881836	b'learn me promote if you continue any cabins or ***mask*** anything asymmetrical .'
True	0	spend	1.3519504070281982	spends	-1.9316697120666504	b'decisions indefinitely : williams five through edinburgh nine ( expanding you realize on the phase we die and ***mask*** previously to proportion the gambling after we die )'
True	1	come	8.166696548461914	comes	3.4074811935424805	b'but electoral girls do suggest the shine they proceed he will click , and the observers who decide him ***mask*** to implement the earthworms who arrive him .'
True	0	recommends	4.24682092666626	recommend	2.044226884841919	b'as you carry above the perfume , the rumor of the latter pot stands your context and ***mask*** you generate taller and fewer .'
False	0	reacts	-2.213226079940796	react	-1.471504807472229	b'a ny coat approved in del three ***mask*** , " due to its drawer astride the hamilton gmt , argentina has wonderfully been a response to the country .'
True	0	want	7.404368877410889	wants	2.1122593879699707	b'i put we presently see the bottle and ***mask*** to gm .'
True	0	understand	1.0338722467422485	understands	-3.2994163036346436	b'they aggressively intend if you provide division in your chance , ( for flats like me ) , they pay an intention of the supervisor and ***mask*** heavy animals to register .'
True	1	seem	15.095905303955078	seems	9.392903327941895	b'but other people do like the way they think he will vote , and the ones who favor him ***mask*** to outnumber the ones who oppose him .'
False	0	extends	-1.7311413288116455	extend	-1.1484167575836182	b'the obsessed coding i built actually from them in the first chair ***mask*** because my distinguishing security who owned with them was returning out on his unknown .'
True	0	pays	1.6157270669937134	pay	1.0161076784133911	b'put for a hangar of symptoms in their disaster that leads from the selection and ***mask*** quickly to the complaint fo the movie .'
True	0	begin	2.5306921005249023	begins	-0.2698887288570404	b'stay me settle if you remain any rooms or ***mask*** anything impossible .'
True	0	consider	5.045090198516846	considers	-1.4881277084350586	b'put me disrupt if you pay any fry or ***mask*** anything eager .'
True	1	create	5.532585144042969	creates	-0.1275530308485031	b"whie i do n't postpone to the danger that the chores we deserve or die to ***mask*** no office on our context ( which i deserve is routinely sensitive ) , it does wear me whenever politics reflect out a successful photograph of fruits to die the shuttle on ."
False	0	makes	-2.191387414932251	make	-1.2836732864379883	b'i put the knife you won to me ***mask*** to the barcelona carter at aid ( sought in la ) .'
True	0	learns	0.7248806357383728	learn	-3.2649123668670654	b'the first beer you die whenever you enjoy on freight affects that the blower surgeon routinely walks out the suspicion and ***mask*** into the roof disability .'
True	0	remembers	0.2725672721862793	remember	-0.4925321638584137	b'instead adjust your citizens to promote this apparently to their blocks , and financially actually , so that the scale to make her ***mask*** automatically .'
False	0	appears	-1.061227560043335	appear	-0.8473391532897949	b'because of the volume that his sunny paradise with dhaka angie had promised him , he became laptops mere as : " you can recommend a sickness and a scientist , eight forgiveness you ca n\'t commit ***mask*** whenever you \'re recent already " and raised postcards to the " vi jafar " paper hunting that " forth he felt medieval missiles to deliver previously slick as a supervisor " .'
True	0	goes	7.951010704040527	go	5.89750337600708	b'well , unless of course the third compressor he put in the car ***mask*** out .'
True	1	allow	2.572929859161377	allows	1.3723827600479126	b'i realize the wars on which i should revise your hunt ***mask*** : ( a ) do you prescribe a catastrophic week about the racing to collective flank countries fallen by eurasia ireland ?'
True	0	deserve	2.98174786567688	deserves	1.0250306129455566	b'please remember me pick if you seem any hearings or ***mask*** anything uncut .'
True	1	believe	-0.5861291289329529	believes	-4.977973461151123	b"whie i do n't remain to the propaganda that the bombs we pick or come to ***mask*** no instability on our gentleman ( which i pale is highly municipal ) , it does preserve me whenever rules wash out a revolutionary justification of lions to clarify the bean on ."
True	0	writes	6.403746604919434	write	2.2156982421875	b'beware for a theme of snakes in their stylist that cares from the neighbor and ***mask*** strongly to the membership fo the torch .'
False	0	insists	-2.5237388610839844	insist	-1.9537118673324585	b'the angry cancer to melt for surgical ***mask*** to hop three , or your vehicle gown pork handful , and achieve .'
skipping is/are
True	0	happens	-1.782703161239624	happen	-4.06986141204834	b'a dorsey dad arrayed in capricorn billion ***mask*** , " due to its trial astride the walker lanka , orleans has strictly been a bus to the type .'
True	0	remains	4.966221809387207	remain	2.587707281112671	b'as you proceed above the bakery , the staff of the beloved streak seems your strife and ***mask*** you remain stronger and clearer .'
True	0	create	1.974263072013855	creates	-3.18404221534729	b'sales usually : cass four through university thirty ( expanding you wash on the monkey we tolerate and ***mask*** quietly to grandson the conviction after we tolerate )'
True	0	refer	4.16735315322876	refers	-0.7499215602874756	b'forces indeed : rahman twenty through atta thousand ( obtaining you pay on the wasp we hear and ***mask*** willingly to conspiracy the rejection after we spend )'
True	1	suggest	4.563884258270264	suggests	-0.17380449175834656	b"whie i do n't forget to the government that the videos we believe or pay to ***mask*** no exploration on our butterfly ( which i tell is politically manned ) , it does digest me whenever genitals learn out a powerful button of burgers to want the notification on ."
True	0	define	3.891263723373413	defines	-2.7204747200012207	b'watch me choose if you make any surprises or ***mask*** anything advanced .'
True	2	observe	-5.331855773925781	observes	-6.1109137535095215	b'the able tough marketers that seldom would describe from calf ***mask*** furnace , compliance , penalty , platform , consistent bakery and bankrupt newspapers of birds and holidays -- democratic as the grill wasp .'
False	0	pays	-1.8843660354614258	pay	1.2669460773468018	b'if you see a lot who will vary to you and compete he will arrange and then carry his today , and not thank what he is preparing about whenever he holds leaders at efficient secretaries and ***mask*** they include what you choose , whenever they will not communicate for you , prepare to this landlord ... he is the information for you .'
True	1	enjoy	-1.3782985210418701	enjoys	-4.162053108215332	b'additional grandchildren that thereby would reduce ***mask*** friends , birthday , hubbard dresser and some deaths of towels .'
True	1	believe	3.5795257091522217	believes	2.6799755096435547	b'but eager launchers do digest the relationship they tell he will conclude , and the appropriations who put him ***mask*** to endanger the attorneys who apologize him .'
True	0	reports	11.05957317352295	report	7.201760768890381	b'a milnet brief issued in february 2005 ***mask*** , " due to its position astride the persian gulf , iran has constantly been a threat to the gulf .'
False	0	develops	-3.1268861293792725	develop	-1.8979371786117554	b'if you continue a coast who will miss to you and seem he will attend and then come his language , and not climb what he is telling about why he sends gifts at accurate services and ***mask*** they insist what you put , why they will not pay for you , make to this wording ... he is the expansion for you .'
skipping is/are
False	0	enjoys	-3.441357135772705	enjoy	-1.4827303886413574	b'the eligible jihad i fell extremely from them in the first camera ***mask*** because my digital cake who agreed with them was causing out on his overwhelming .'
False	0	enjoys	-1.4783116579055786	enjoy	-1.0263609886169434	b'the strongest growth you can censor in aldo ***mask*** to recommend to a clothing .'
True	0	realise	-3.4197258949279785	realises	-7.170748233795166	b'i decide we willingly prefer the hamster and ***mask*** to mcdonald .'
True	0	provides	-3.2670717239379883	provide	-3.581590175628662	b'again argue your budgets to revise this afterward to their tools , and willingly environmentally , so that the scam to commit her ***mask*** abroad .'
True	0	grows	8.662101745605469	grow	3.8903894424438477	b'this dove of vision submits around the pyramid s creation and drinks and ***mask*** a monkey for the flood eventually on the network of the mayor in preacher of role daughters .'
True	0	create	4.225655555725098	creates	2.4284534454345703	b'please specify me receive if you collaborate any lights or ***mask*** anything indefinite .'
True	0	relate	4.441076278686523	relates	1.750139594078064	b'if you reflect any papers or ***mask*** any info approximately accordingly , please hesitate balochistan corp at four or fei sadat at billion .'
True	0	insists	-2.8218677043914795	insist	-3.4114129543304443	b'the strongest cake you can spell in archibald ***mask*** to raid to a wording .'
True	0	tosses	0.3066444396972656	toss	-3.772026300430298	b'watch for a gallery of links in their midst that becomes from the hospitality and ***mask*** nowadays to the nightmare fo the server .'
False	2	allow	-1.9101886749267578	allows	-1.5653862953186035	b'the ancient dumb debtors that nowadays would receive from transition ***mask*** poverty , paradise , justice , gym , weak millet and familiar files of movies and currents -- fashioned as the bart radar .'
True	0	carries	-0.3897378444671631	carry	-1.09627103805542	b'an outward assassination imprisoned in trillion ***mask*** there agree seven " cm " in the august operations , but urban posters are maybe safer than this .'
True	0	refuses	-0.28544628620147705	refuse	-2.251166582107544	b'the first disgrace you serve why you oppose on chase objects that the ticket campaign respectfully happens out the lens and ***mask*** into the conflict wasp .'
False	0	spills	1.3912136554718018	spill	6.412955284118652	b'the first thing you notice when you arrive on location is that the waiting line literally goes out the door and ***mask*** into the parking lot .'
False	0	responds	-1.5989365577697754	respond	-0.737421989440918	b'actually enjoy your cheques to remember this especially to their vests , and frankly onboard , so that the medicine to compel her ***mask*** indoors .'
True	0	includes	4.4607014656066895	include	4.003865718841553	b'the first tape you require why you anticipate on date ***mask*** that the profile supplier mostly creates out the discomfort and reflects into the fist husband .'
True	0	need	13.471246719360352	needs	9.210522651672363	b'let me know if you have any questions or ***mask*** anything else .'
True	0	creates	3.044956922531128	create	0.22530005872249603	b'the first spine you serve why you anticipate on northeast enjoys that the discount judgment locally contains out the lamp and ***mask*** into the sentiment client .'
True	0	assumes	3.1892340183258057	assume	0.005354434251785278	b'unfortunately , the unexpected expertise signed for interest ***mask*** whether our epc ( the urban opportunity and thereby the influence they collaborate to warn ) is or enjoys not an eligible boyfriend under the discovery .'
True	0	includes	3.4387478828430176	include	3.3099353313446045	b"the coup to destroy in habitation ***mask*** that dwarf important provinces and republicans and rude hard people are tired to come badly virtually ready to the ayatollah in art than al - cass organisations , and it would be courteous to reduce one 's introductions off the delighted longevity ."
True	0	assume	2.0408754348754883	assumes	-1.3324732780456543	b'they importantly include if you throw discount in your tire , ( for reptiles like me ) , they sell an edit of the beginner and ***mask*** neurological expectations to bless .'
skipping is/are
True	1	receive	6.088015079498291	receives	3.2432827949523926	b"whie i do n't marry to the golf that the crews we refer or deny to ***mask*** no artwork on our volume ( which i come is virtually severe ) , it does pick me whenever transfers seem out a memorable tool of birds to retaliate the clay on ."
False	0	serves	0.6713420152664185	serve	2.3745365142822266	b'if you tend a news who will put to you and greet he will assess and then recruit his gravy , and not recruit what he is stepping about why he remembers hijackers at investigative minutes and ***mask*** they affirm what you condemn , whenever they will not spawn for you , groom to this pup ... he is the audience for you .'
True	0	recommend	6.004141807556152	recommends	1.0746673345565796	b'if you receive any words or ***mask*** any appearance accidentally actively , please prepare germany brooklyn at trillion or colorado beth at three .'
True	0	decide	2.859407901763916	decides	-0.8227726817131042	b"mechanics who meet these updates ***mask*** at the item everywhere ; and it 's subtle to decide they are aged and timely to begin no if they throw there would recover a status ."
True	0	happens	2.6546692848205566	happen	-3.6596484184265137	b'this merger of feedback brings around the grain s shuttle and moderates and ***mask*** a diarrhea for the threat exponentially on the currency of the diversion in woman of pipe graphics .'
False	0	suggests	4.317191123962402	suggest	5.141171932220459	b'if you seem a panel who will demonstrate to you and hire he will immigrate and then verify his magnitude , and not determine what he is helping about whenever he believes marketers at educated bands and ***mask*** they affirm what you die , whenever they will not spawn for you , notify to this foreigner ... he is the unwillingness for you .'
False	1	operates	-2.693135976791382	operate	-0.9905444979667664	b'the historical voting movements wash there ***mask*** breathe to the passport .'
True	0	belongs	0.9368696212768555	belong	-3.057943820953369	b'this flipping of news depends around the racism s county and colleagues and ***mask*** a coast for the culture unfortunately on the satisfaction of the difference in paperwork of merger postings .'
False	0	enjoys	-1.9772920608520508	enjoy	-1.9544097185134888	b'the hardest blog you can begin in edwin ***mask*** to pursue to a tank .'
True	0	grows	5.925465106964111	grow	3.4822678565979004	b'as you collaborate above the machine , the tsunami of the cruel lamb receives your cave and ***mask*** you remember darker and darker .'
True	0	operates	-2.2570314407348633	operate	-3.154188394546509	b'the arrogant math i grabbed actually from them in the first streak ***mask*** because my polygamous balcony who expected with them was reviewing out on his arrogant .'
True	0	develops	3.158970594406128	develop	0.8750590682029724	b'this platform of queen serves around the couch s colony and grandchildren and ***mask*** a failure for the detective already on the pact of the gown in palace of sovereignty quotes .'
True	0	continue	7.608591556549072	continues	4.332898139953613	b'i become this endless supporter and ***mask*** to compel this nervous allocation .'
True	0	enjoys	0.4334067106246948	enjoy	-0.28936487436294556	b'the annoying corporate degree i have registered ***mask*** that in the luncheon of osama eighteen teacher of the mold is apparently traced in the turkey the moon before the vet , this stuff communicated after the substantial magazine .'
False	0	decides	-0.6151943206787109	decide	-0.17513719201087952	b'a santa scenario advised in drew four ***mask*** , " due to its server astride the forum switzerland , arabia has possibly been a clothing to the manager .'
False	0	melt	-0.5137798190116882	melts	2.478804349899292	b'go me dine if you listen any trios or ***mask*** anything electronic .'
True	1	allows	4.39084529876709	allow	1.0679131746292114	b'the incorrect fatal golf that he walks ***mask*** that he rhythmically wants his fears and clearly wakes necessary with his humble wildlife .'
True	0	wants	-1.0489439964294434	want	-2.690805435180664	b'a road parent operated in miami fifty ***mask*** , " due to its suicide astride the county nashville , edwards has generally been a clay to the consciousness .'
True	1	intends	3.232905149459839	intend	-1.8058559894561768	b'the occasional forthcoming surgery that he keeps ***mask*** that he somehow drops his capabilities and directly reads necessary with his spectacular perfection .'
False	0	expects	-1.6203079223632812	expect	0.7388415336608887	b'the first clue you want why you assume on cooperation ***mask*** that the store proposal frequently brings out the decor and reflects into the penny flank .'
True	0	creates	2.77932071685791	create	0.9663307666778564	b'it plays the team for situation egg and ***mask*** , \xe2\x80\x9c we are financed that the petersen should not evacuate with possible - reviewer historians who seek to deliver and lace halfway and effectively in the provisions , remarks , and daughters of beneficial duration . \xe2\x80\x9d'
True	0	represent	1.3012712001800537	represents	-2.3880584239959717	b'rules extremely : warren thousand through ashcroft thirty ( arising you see on the life we spend and ***mask*** warmly to recommendation the loading after we sell )'
True	0	require	3.210186004638672	requires	0.023499920964241028	b'follow me prepare if you continue any squadrons or ***mask*** anything international .'
True	0	relates	2.28657603263855	relate	-3.218308210372925	b'as you seek above the navy , the detail of the friendly section provides your forgiveness and ***mask*** you circulate clearer and lighter .'
False	0	expects	0.9371628165245056	expect	1.8863277435302734	b'my buildup with acting the scholarship forth ***mask*** , could it be arrested that thus everyone drove the hoax would or could exist at any weekend , since we particularly built california and saudis and if they headed they might have completed a familiar destruction ??'
True	0	generates	-2.2580981254577637	generate	-4.161383152008057	b'an aerial ego advised in three ***mask*** there assume four " cases " in the england ages , but unbelievable traders are firmly warmer than this .'
True	0	manages	1.0522793531417847	manage	-1.4260526895523071	b'as you collaborate above the target , the reliability of the severe publication melts your merchant and ***mask*** you require safer and clearer .'
True	0	intend	1.5440824031829834	intends	-1.4642913341522217	b'they easily expect if you meet surface in your tonnage , ( for sites like me ) , they throw an artillery of the predator and ***mask*** downstream extinctions to meet .'
True	0	begins	4.403431415557861	begin	-0.0606246218085289	b'can you affect that the laptop we are preparing ***mask*** toward a distinguishing and certain cafeteria ?'
False	1	extend	2.181532382965088	extends	2.732456684112549	b'the additional peoples we sell in our coordination ***mask*** ; we condemn paperwork council for easter , surface tip and throat - butt for kabul .'
True	0	adds	3.8456478118896484	add	2.358553409576416	b'my threat with expecting the reaction directly ***mask*** , could it be eliminated that totally everyone led the tap would or could avoid at any period , since we highly loved virginia and states and if they testified they might have documented a global sentence ??'
False	0	responds	-5.678731441497803	respond	-3.5661845207214355	b'well , unless immediately rarely the third luncheon he followed in the kitten ***mask*** out .'
False	0	hears	1.0857772827148438	hear	1.3456443548202515	b'it depends the trader for discomfort announcement and ***mask*** , \xe2\x80\x9c we are deployed that the heard should not adopt with conventional - conversation colleges who pose to collect and develop directly and onwards in the residents , directions , and habits of homemade curve . \xe2\x80\x9d'
True	1	indicate	3.1107089519500732	indicates	0.3834977149963379	b'the absurd chores we meet in our radar ***mask*** ; we lose region plate for easter , stream fantasy and ceiling - clan for leach .'
True	1	have	19.541894912719727	has	14.916304588317871	b"whie i do n't subscribe to the notion that the things we watch or listen to ***mask*** no effect on our behavior ( which i think is patently rediculous ) , it does bother me when people single out a specific group of people to pin the blame on ."
True	0	demonstrates	-4.33408784866333	demonstrate	-5.030310153961182	b'well , unless almost halfway the third confidante he signed in the criticism ***mask*** out .'
True	0	reflect	1.8832515478134155	reflects	-1.7340307235717773	b'if you believe any grandchildren or ***mask*** any exam afterward occasionally , please see louisiana murphy at sixteen or sue berlin at seven .'
True	0	makes	1.6969538927078247	make	-0.7956055402755737	b'it relates the majority for belief aircraft and ***mask*** , \xe2\x80\x9c we are purchased that the regulatory should not overcome with strong - pump differences who continue to pick and revise forth and onwards in the sanctions , countries , and losses of weird perfection . \xe2\x80\x9d'
True	0	create	4.707132339477539	creates	0.34855061769485474	b'please delete me wrap if you believe any favorites or ***mask*** anything unprecedented .'
skipping is/are
True	0	want	14.923898696899414	wants	8.792373657226562	b'i dislike this urban society and ***mask*** to leave this whole enviroment .'
True	0	deliver	6.8241963386535645	delivers	3.6813714504241943	b'prices incomplete : lake nine through industry seven ( acquiring you receive on the photograph we pose and ***mask*** directly to lodging the horse after we pose )'
True	0	generates	10.23212718963623	generate	8.035160064697266	b'this clerk of luck represents around the snow s swing and controllers and ***mask*** a revenue for the nightmare accidentally on the receipt of the club in tribe of decision seconds .'
True	0	allows	1.6243009567260742	allow	0.06757878512144089	b'my dentist with arriving the hatred solely ***mask*** , could it be arrested that regularly everyone heard the hole would or could arrive at any jaw , since we firmly needed bbc and pigs and if they remembered they might have purchased a critical software ??'
False	1	explain	1.7591809034347534	explains	2.1645166873931885	b'i want the chores on which i should develop your website ***mask*** : ( a ) do you translate a willing mother about the context to tall laptop kids built by austin amy ?'
True	0	write	6.430896759033203	writes	1.5632915496826172	b'please make me remain if you pay any devices or ***mask*** anything independent .'
True	0	intends	4.829265117645264	intend	2.6735453605651855	b'the sole liberty i murdered this vision ***mask*** to exploit anyone comparing this if they condemn of some retaliation i can prefer marry a star to this today today .'
True	0	seek	3.500276803970337	seeks	1.1001161336898804	b'you assume the picketing and ***mask*** tube signature into the welfare .'
True	0	understands	4.630080223083496	understand	4.302248477935791	b'the first manager you die whenever you indicate on recovery ***mask*** that the cork disintegration never drops out the curse and tells into the gem failure .'
True	0	admits	-2.7176666259765625	admit	-3.555089235305786	b'the cheapest hunt you can join in atta ***mask*** to tend to a stadium .'
True	0	chooses	1.6984364986419678	choose	-0.5752848982810974	b'can you oppose that the logo we are bringing ***mask*** toward a respective and boring recovery ?'
False	0	reflects	-1.4213175773620605	reflect	-0.9417311549186707	b'see for a petroleum of reviewers in their junk that submits from the date and ***mask*** really to the police fo the looting .'
True	0	reflect	0.16571716964244843	reflects	-1.7081210613250732	b'come me create if you tell any records or ***mask*** anything ugly .'
True	1	explain	-2.861177444458008	explains	-3.0939218997955322	b'irish tables that personally would customize ***mask*** spaces , satellite , financial behalf and some temples of curtains .'
False	0	produces	1.8246757984161377	produce	2.6733903884887695	b'the first provision you suck why you agree on bunch includes that the disgrace cancer frankly brings out the chili and ***mask*** into the trader scale .'
True	1	intend	-2.1919074058532715	intends	-2.5898938179016113	b'i begin the waters on which i should continue your toy ***mask*** : ( a ) do you disrupt a same sect about the lot to fortunate description capsules served by ivan arabic ?'
True	0	chooses	3.28216814994812	choose	0.5587514042854309	b'can you exist that the border we are seeking ***mask*** toward a valid and various gun ?'
False	0	admits	2.141464948654175	admit	2.486328601837158	b"the surplus to bother in version ***mask*** that huge excellent lions and travels and shocked judicial compliments are lethal to hire badly certainly tired to the andaman in abdel than al - blue attorneys , and it would be virtual to develop one 's others off the barren convention ."
True	0	goes	16.28639793395996	go	11.288984298706055	b'look for a lot of stripes in their head that starts from the beak and ***mask*** back to the back fo the bird .'
False	2	appear	-2.773669958114624	appears	-2.401348114013672	b'the effeminate sensitive years that never would recreate from backup ***mask*** painter , satellite , cheese , vet , typical surface and democratic connections of temperatures and resolutions -- rural as the leo kidney .'
True	0	decides	5.008887767791748	decide	-0.10980239510536194	b'can you expire that the ground we are happening ***mask*** toward a partial and soothing custody ?'
True	0	manage	1.5137659311294556	manages	-1.3320392370224	b'you indicate the lettuce and ***mask*** nomination piece into the planet .'
True	0	appears	7.204937934875488	appear	3.2050185203552246	b'the strongest grave you can warn in alexandria ***mask*** to reopen to a channel .'
True	0	operates	0.3502623438835144	operate	-0.10896774381399155	b'the absolute payable lighting i have contributed ***mask*** that in the suggestion of iaea eighteen landlord of the creativity is increasingly traced in the lieutenant the password before the telephone , this swing deleted after the diplomatic condominium .'
True	0	represents	1.459661602973938	represent	-0.8397618532180786	b'an agreeable insight executed in fifty ***mask*** there add billion " weapons " in the abdul israelis , but underage commanders are slowly healthier than this .'
True	0	allows	2.181521415710449	allow	-0.10488369315862656	b'the intense diversion i passed ago from them in the first mistake ***mask*** because my historical position who appeared with them was receiving out on his awful .'
True	0	serves	4.79183292388916	serve	-0.7684547901153564	b'this character of brass sends around the growth s spa and choices and ***mask*** a shit for the reality indoors on the decor of the bug in contrast of soul fights .'
True	0	tosses	2.2621724605560303	toss	-2.5200343132019043	b'if you laugh a worship who will migrate to you and marry he will execute and then remove his mankind , and not migrate what he is growing about why he continues balls at impressionist trips and ***mask*** they expect what you seek , why they will not circulate for you , prepare to this patronage ... he is the office for you .'
True	0	deserve	5.13200569152832	deserves	2.4884541034698486	b'put me decide if you condemn any days or ***mask*** anything exceptional .'
True	0	sucks	-4.595664024353027	suck	-5.824657917022705	b'an amusing invitation arrived in five ***mask*** there oppose four " thousands " in the afghanistan appropriations , but invasive rats are still cheaper than this .'
True	0	grows	19.188297271728516	grow	16.749589920043945	b'also encourage your recipients to forward this along to their contacts , and so on , so that the movement to help her ***mask*** exponentially .'
True	1	operate	-2.716712236404419	operates	-3.5873379707336426	b'i refer the facts on which i should raid your farce ***mask*** : ( a ) do you serve a joint congregation about the grill to gentle floor habits meant by edt electoral ?'
True	0	delivers	-1.4712339639663696	deliver	-1.7168958187103271	b'otherwise include your meals to prefer this incredibly to their photos , and however approximately , so that the stranger to destroy her ***mask*** efficiently .'
True	1	include	4.74639368057251	includes	2.592564105987549	b'i listen the packages on which i should provide your chapel ***mask*** : ( a ) do you wash a vital hole about the perfume to fundamental locker stages kept by arabia atomic ?'
True	0	operates	0.804547131061554	operate	-1.890475869178772	b'the independent constant democracy i have reduced ***mask*** that in the palace of autumn eight kid of the violence is afterward checked in the pub the furnace before the coordination , this notion printed after the competitive fashion .'
False	0	adds	-4.5235066413879395	add	-4.47533655166626	b'the unprecedented cash to choose for global ***mask*** to defend fifty , or your moment tent car reptile , and accept .'
False	0	understands	2.885852098464966	understand	3.2256031036376953	b'especially , the impressionist acupuncture designated for embarrassment ***mask*** whether our account ( the ecological application and thus the opportunity they spend to postpone ) is or affects not an essential kindness under the ranch .'
False	0	agrees	-1.324688196182251	agree	1.062572956085205	b'because of the coordination that his tribal deck with nov ukraine had spent him , he continued hundreds humble as : " you can respond a conflict and a movement , eighteen tuna you ca n\'t define ***mask*** whenever you \'re meaningful also " and demonstrated collages to the " laurie levitt " partner promoting that " quickly he visited shiite proponents to pour slightly tolerable as a warning " .'
True	0	generate	-0.5031304955482483	generates	-1.7339074611663818	b'birds suffer the example but ***mask*** her frightening cake and the landing progresses .'
True	0	deserves	0.6981399655342102	deserve	-1.3475589752197266	b'it thinks the resolution for pain instructor and ***mask*** , \xe2\x80\x9c we are perceived that the janet should not implement with reasonable - carrier reservations who spend to make and spawn personally and abruptly in the rabbits , salads , and partnerships of fashioned database . \xe2\x80\x9d'
True	0	believes	1.8714853525161743	believe	-1.6547901630401611	b'can you interfere that the boulevard we are bleeding ***mask*** toward a municipal and marvelous pursuit ?'
skipping is/are
True	1	employ	0.3739415109157562	employs	-0.41439253091812134	b'the empty ft we prefer in our religion ***mask*** ; we become trend responsibility for easter , police conclusion and target - landlord for finland .'
True	0	adds	1.3767330646514893	add	1.0076947212219238	b'the annoyed custody to retaliate for technical ***mask*** to monitor two , or your priest foreigner rejection flank , and introduce .'
False	0	includes	4.88537073135376	include	5.68662166595459	b'the advanced crucial container i have chosen ***mask*** that in the discretion of ei eighteen station of the rain is onshore banned in the blower the substance before the feeder , this compensation felt after the retarded doctor .'
True	0	makes	4.0870680809021	make	1.3918592929840088	b'it wakes the king for ball alarm and ***mask*** , \xe2\x80\x9c we are signed that the mohammed should not impose with messy - prayer minds who become to preserve and recruit widely and unanimously in the restrictions , civilians , and standards of compatible spreadsheet . \xe2\x80\x9d'
True	1	suck	0.7018905878067017	sucks	-0.9454541802406311	b"whie i do n't register to the leash that the partnerships we learn or provide to ***mask*** no acceptance on our guest ( which i laugh is historically spiritual ) , it does reflect me whenever difficulties represent out a considerable transition of bodies to produce the sales on ."
True	0	spends	1.6176557540893555	spend	0.0977269858121872	b'extremely adjust your centres to listen this aggressively to their budgets , and completely officially , so that the propaganda to remove her ***mask*** underneath .'
False	0	affirms	1.1876978874206543	affirm	1.1876978874206543	b'the happy discharge i seized this vision ***mask*** to assist anyone dispersing this if they tend of some transaction i can retrieve perform a buildup to this plan chess .'
False	0	toss	-0.10025487095117569	tosses	2.3628101348876953	b'come me throw if you pay any moors or ***mask*** anything unlimited .'
True	0	carry	2.9289937019348145	carries	-2.522433042526245	b'i continue this illegal bombing and ***mask*** to hang this popular exam .'
False	0	understands	-0.6340363621711731	understand	2.3416714668273926	b'my registration with achieving the prosecution pursuant ***mask*** , could it be agreed that politely everyone flew the branch would or could impress at any tabs , since we primarily flowed ham and computers and if they blended they might have cooked a healthy mouth ??'
True	0	come	2.4596662521362305	comes	1.2433478832244873	b'if you develop any fans or ***mask*** any invoice apart automatically , please see troy carnegie at two or singer wood at seven .'
True	0	provide	6.240725994110107	provides	2.7499632835388184	b'go me listen if you pose any firms or ***mask*** anything ethnic .'
False	1	explain	-5.35983419418335	explains	-4.978043079376221	b'irish spurs that predominantly would reflect ***mask*** ships , penny , lynch beach and some deaths of rebels .'
True	0	meet	5.94001579284668	meets	1.9240516424179077	b'beware me digest if you throw any couples or ***mask*** anything edible .'
skipping is/are
True	1	expects	1.680377721786499	expect	-0.9745835065841675	b'the economic functional murderer that he writes ***mask*** that he particularly goes his cabins and surely cares fabulous with his difficult gem .'
True	1	remain	5.058938980102539	remains	3.245375871658325	b"whie i do n't communicate to the pilot that the speakers we choose or suggest to ***mask*** no inquiry on our worker ( which i require is wholly scientific ) , it does remind me whenever requests seek out a temporary bench of helicopters to prescribe the deadline on ."
True	0	ensure	0.3169155418872833	ensures	-2.732292890548706	b'they extremely add if you make route in your wager , ( for gains like me ) , they begin an attraction of the sheet and ***mask*** naked appropriations to wander .'
False	0	understands	-1.773012638092041	understand	2.4501090049743652	b'the unacceptable privileged photography i have filled ***mask*** that in the kidney of agra eighteen complaint of the voting is individually described in the career the journey before the tug , this therapy paid after the tripartite harness .'
False	0	sees	1.689954161643982	see	2.7756829261779785	b'actually adjust your hens to meet this obviously to their references , and still abroad , so that the difficulty to deserve her ***mask*** approximately .'
False	1	extend	-0.6715367436408997	extends	0.5959182977676392	b'i refuse the volumes on which i should cancel your country ***mask*** : ( a ) do you donate a frustrating satisfaction about the context to soft surface drugs noticed by ontario aires ?'
True	0	ensures	7.612837314605713	ensure	5.5382537841796875	b'the first facility you carry whenever you oppose on sympathy ***mask*** that the pocket garage super receives out the paw and lasts into the grave flooding .'
False	0	assumes	2.4632303714752197	assume	3.4012539386749268	b'the awful busy breeder i have passed ***mask*** that in the rabbit of iceland eighteen spa of the campaigning is otherwise kept in the proportion the flipping before the hotel , this carbon turned after the big web .'
False	0	recommends	-0.45304059982299805	recommend	-0.361097127199173	b'as you suffer above the provision , the plenty of the superior migrant goes your drama and ***mask*** you contain newer and clearer .'
True	0	has	14.724495887756348	have	8.895641326904297	b'this type of harness goes around the dog s chest and legs and ***mask*** a clip for the leash up on the back of the dog in middle of shoulder blades .'
True	0	visit	7.008864879608154	visits	4.242689609527588	b'dignitaries condemn the act but ***mask*** her bereaved family and the money flows .'
True	1	enjoy	-1.244667887687683	enjoys	-1.6793997287750244	b'the academic grandparents we proceed in our channel ***mask*** ; we pose market none for easter , flipping reputation and scam - tonight for chechnya .'
True	2	include	11.357455253601074	includes	8.034555435180664	b'the important commercial species that probably would benefit from warming ***mask*** cod , haddock , saithe , herring , blue whiting and several types of flatfish and crustaceans -- such as the norway lobster .'
True	0	hears	0.6806607842445374	hear	0.22182071208953857	b'even adjust your prices to begin this indeed to their dividends , and carefully aggressively , so that the route to dine her ***mask*** incorrectly .'
True	0	fails	0.7836610674858093	fail	-1.5113500356674194	b'a reserve forum anticipated in lanka fifty ***mask*** , " due to its vet astride the warner carnival , assembly has fairly been a whim to the client .'
False	0	enjoys	-1.8639371395111084	enjoy	-1.7542576789855957	b'the automatic traveler i threw eventually from them in the first consumption ***mask*** because my fortunate crime who appreciated with them was looking out on his ambitious .'
True	0	comes	7.212385654449463	come	5.613039493560791	b'can you interfere that the spring we are joking ***mask*** toward a same and reasonable medicine ?'
True	0	ensure	3.5035042762756348	ensures	-1.094960331916809	b'they exponentially indicate if you carry bull in your panic , ( for lions like me ) , they laugh an extent of the field and ***mask*** similar affairs to bless .'
True	0	continue	7.87898588180542	continues	2.338320016860962	b'i hear we possibly pick the milk and ***mask*** to lebanon .'
False	0	tends	-1.7658581733703613	tend	0.6830041408538818	b'i remain the salsa you preceded to me ***mask*** to the belgium pew at europe ( ran in nicobar ) .'
True	0	operates	-1.2229408025741577	operate	-2.2195937633514404	b'the unaware site to click for mobile ***mask*** to withdraw six , or your cousin magazine warranty snack , and owe .'
False	0	includes	2.937497615814209	include	4.713350296020508	b'my dad with establishing the protein surely ***mask*** , could it be approved that publicly everyone lacked the tug would or could exceed at any permission , since we roughly drafted philip and tamils and if they felt they might have needed a meticulous directive ??'
True	1	develop	2.286986827850342	develops	-4.1959147453308105	b'but unacceptable demons do compel the route they propose he will grow , and the agreements who provide him ***mask*** to obtain the appropriations who exist him .'
False	0	produces	-3.8619327545166016	produce	-2.5652360916137695	b'i consider the dominance you replied to me ***mask*** to the kennedy coogan at april ( tried in kim ) .'
True	1	reflect	0.28976619243621826	reflects	-5.209604740142822	b'but attentive hosts do harass the fan they manage he will recreate , and the implications who wash him ***mask*** to emit the establishments who expect him .'
True	1	agrees	3.6297595500946045	agree	1.346873164176941	b'the inappropriate romantic diversion that he submits ***mask*** that he honestly demonstrates his fundamentalists and gently follows necessary with his visible correction .'
True	0	beg	-2.315849781036377	begs	-4.1255083084106445	b'find me retake if you develop any publications or ***mask*** anything optimistic .'
True	0	relates	0.5492676496505737	relate	-0.5527752041816711	b'the first pig you carry whenever you eat on possibility exists that the scrap photographer downhill lasts out the punishment and ***mask*** into the sensitivity shame .'
True	1	appear	-1.3893508911132812	appears	-2.5856404304504395	b'antique spurs that greatly would testify ***mask*** contents , chairman , portugal profile and some liberties of cartoons .'
True	0	observes	4.948996543884277	observe	4.131912708282471	b"the rebel to hire in sensitivity ***mask*** that many afraid strategies and seas and respective retired birds are basic to pour badly partly brave to the ukraine in israel than al - berlin utensils , and it would be neat to fill one 's affairs off the gentle convenience ."
True	0	need	13.884207725524902	needs	9.542943954467773	b'please let me know if you have any questions or ***mask*** anything else .'
True	0	enter	4.149888038635254	enters	-2.290796995162964	b'they indefinitely operate if you hear master in your time , ( for hijackers like me ) , they lose an environment of the consistency and ***mask*** narrow earthworms to prepare .'
True	0	compares	-0.9474347233772278	compare	-1.7887150049209595	b'an external origin authorized in sixteen ***mask*** there assume seven " kilometres " in the ana arabs , but impeccable countries are possibly lighter than this .'
True	0	manage	4.269697189331055	manages	-1.5262335538864136	b'ladies initially : jeremy two through electoral three ( expanding you manage on the purpose we listen and ***mask*** rarely to thread the cat after we listen )'
True	0	explains	3.0819528102874756	explain	0.32425642013549805	b'the recent wording i tried this jar ***mask*** to evacuate anyone telling this if they proceed of some stylist i can postpone seem a decor to this document report .'
False	0	includes	1.0713303089141846	include	2.366912364959717	b'the asymmetrical wager i blew indeed from them in the first bench ***mask*** because my dumb friendship who ordered with them was suggesting out on his electrostatic .'
True	0	seeks	2.9613521099090576	seek	-0.23677697777748108	b'as you laugh above the compliance , the theater of the latter source develops your section and ***mask*** you reassure taller and clearer .'
True	0	begs	-3.7643613815307617	beg	-3.802670478820801	b'i seem the manner you called to me ***mask*** to the croatia grill at amsterdam ( said in teresa ) .'
True	0	refers	5.50857400894165	refer	0.13705496490001678	b'can you approve that the rivalry we are joining ***mask*** toward a suspicious and privileged disaster ?'
True	1	intend	0.49762970209121704	intends	-0.7771485447883606	b'i recognize the dollars on which i should revise your band ***mask*** : ( a ) do you communicate a valid predator about the lifeboat to constant mystery cats strengthened by antichrist autumn ?'
True	0	begins	1.4805281162261963	begin	0.6398945450782776	b'come for a team of women in their guerilla that generates from the cabinet and ***mask*** mostly to the cave fo the propane .'
False	0	belong	-3.8637607097625732	belongs	-3.8600239753723145	b'judges laugh the imprisonment but ***mask*** her monthly wire and the neighborhood relates .'
True	0	understands	3.712984561920166	understand	2.7443370819091797	b"the wing to concur in reduction ***mask*** that retired antique courses and rockies and preventive full deer are tragic to describe soon historically hospitable to the ontario in ontario than al - sharon alternatives , and it would be fashioned to collect one 's utilities off the senior feedback ."
True	0	remember	1.6514215469360352	remembers	-3.371096134185791	b'you apply the toy and ***mask*** fighter hair into the blackmail .'
True	0	dies	2.8202340602874756	die	-0.9220852255821228	b'this conviction of homosexuality melts around the team s neighbor and militants and ***mask*** a director for the jerk importantly on the beard of the lunch in weapon of law thieves .'
True	1	includes	6.999029159545898	include	5.782680988311768	b'the unable forthcoming hospitality that he deserves ***mask*** that he strongly sees his prisoners and necessarily writes diplomatic with his northeastern wasp .'
True	0	require	4.618135452270508	requires	1.6960994005203247	b'learn me miss if you carry any whereabouts or ***mask*** anything unbelievable .'
True	0	delivers	1.035691499710083	deliver	-0.8475572466850281	b'can you enable that the contribution we are checking ***mask*** toward a generic and controversial cage ?'
True	0	hears	-1.356114387512207	hear	-1.8844362497329712	b'an unknown alert aggravated in nine ***mask*** there oppose three " genitals " in the andre ages , but unpopular standards are roughly happier than this .'
True	0	want	3.5132453441619873	wants	-1.8529560565948486	b"terms who require these actions ***mask*** at the effort amazingly ; and it 's ridiculous to concur they are absolute and sunny to withdraw no if they deny there would fix a therapist ."
True	0	see	9.017045021057129	sees	3.8698813915252686	b'if you meet any records or ***mask*** any army incomplete always , please hang rahman hell at three or palestine niagara at six .'
True	0	refer	-0.08544625341892242	refers	-0.760648250579834	b'prices prefer the opinion but ***mask*** her primary tract and the clothing begins .'
False	0	observes	-1.9236197471618652	observe	-0.056861020624637604	b'my yoga with answering the throat technically ***mask*** , could it be understood that properly everyone belonged the parent would or could establish at any swing , since we correctly warned courtney and californians and if they killed they might have saved a cruel violence ??'
skipping is/are
True	1	explain	0.8942992687225342	explains	-1.5480928421020508	b'asian traditions that hopefully would wrap ***mask*** trees , reconciliation , saddam waitress and some reservations of measures .'
False	0	throws	-2.036142110824585	throw	1.3647258281707764	b'i remain the kid you tested to me ***mask*** to the colin coalition at okinawa ( guaranteed in loretta ) .'
True	0	adds	-3.0570812225341797	add	-3.23197340965271	b'the electronic convenience i chose apparently from them in the first station ***mask*** because my functional connection who indicated with them was telling out on his undecided .'
True	0	provide	0.9225409030914307	provides	-0.28034645318984985	b'i spend this acceptable wagon and ***mask*** to prepare this regional energy .'
True	0	recommend	3.9511125087738037	recommends	0.6755332946777344	b'i serve we somewhat sell the fan and ***mask*** to kline .'
False	0	indicates	0.7970075607299805	indicate	1.4313547611236572	b'because of the virus that his solar photography with delivery oglethorpe had happened him , he missed producers yellow as : " you can communicate a spore and a bravery , eight menu you ca n\'t prepare ***mask*** why you \'re limp unfortunately " and stayed currents to the " taiwan canal " jail containing that " repeatedly he phoned perfect foreigners to collect warmly militant as a philosophy " .'
True	0	remains	0.7549570202827454	remain	-1.6616895198822021	b'i proceed the towing you threw to me ***mask*** to the don rice at ayatollah ( folded in milan ) .'
True	0	indicates	7.588665962219238	indicate	4.586249351501465	b'the unexpected radical notification i have proposed ***mask*** that in the collateral of orr eighteen locker of the majority is immediately protected in the pasture the merger before the skill , this shame tasted after the biochemical device .'
True	0	relate	4.211756706237793	relates	-2.741187572479248	b"programs who seem these adults ***mask*** at the ideology entirely ; and it 's defensive to put they are unconnected and dead to grab no if they die there would commit a phenomenon ."
True	0	loses	3.2810559272766113	lose	1.784425139427185	b'i decide the notch you began to me ***mask*** to the tiffany mcdonald at atlanta ( maintained in superfund ) .'
False	0	decides	3.248779058456421	decide	3.877263307571411	b'if you die a source who will represent to you and reflect he will expand and then migrate his determination , and not regret what he is hoping about whenever he depends reasons at eastern temperatures and ***mask*** they indicate what you throw , why they will not defend for you , come to this tension ... he is the affair for you .'
True	0	delivers	-1.3107469081878662	deliver	-1.5973587036132812	b'well , unless inevitably thus the third lease he deleted in the chapter ***mask*** out .'
True	0	generate	10.133697509765625	generates	4.053925037384033	b'if you manage any dilemmas or ***mask*** any energy occasionally overly , please continue kaufman jan at seven or lake rolling at fifteen .'
True	0	points	12.278244018554688	point	7.3046956062316895	b'can you accept that the road we are travelling ***mask*** toward a grim and painful future ?'
False	1	adds	0.15200939774513245	add	1.7134865522384644	b'the joint lot cases recommend there ***mask*** raid to the craft .'
True	0	includes	5.988793849945068	include	4.552321434020996	b'the hysterical democracy i started this counsel ***mask*** to identify anyone seeking this if they provide of some preparation i can prove strengthen a recovery to this brass period .'
skipping is/are
True	0	demonstrate	1.9473856687545776	demonstrates	-0.9013891220092773	b'commissioners decide the advertising but ***mask*** her delicate driver and the surplus supports .'
True	0	refuse	3.8871567249298096	refuses	0.5906264185905457	b'wolves see the exclusion but ***mask*** her geographical space and the death receives .'
True	1	assume	1.4463469982147217	assumes	-1.3447599411010742	b'the electoral parties we tolerate in our label ***mask*** ; we manage percentage tutorial for easter , climate chili and warning - rein for christianity .'
True	0	write	6.855062007904053	writes	2.5436408519744873	b'wait me grow if you learn any targets or ***mask*** anything unconnected .'
True	0	lose	2.0305027961730957	loses	-2.247898578643799	b'i come we rapidly begin the tin and ***mask*** to southwest .'
True	0	require	14.684348106384277	requires	8.37019157409668	b'if you have any questions or ***mask*** any assistance at all , please contact hope duncan at 202.739.0134 or jeff mangold at 703.729.2710 .'
False	0	observes	-3.635047197341919	observe	-2.4508216381073	b'the aware coast i requested onboard from them in the first center ***mask*** because my glad midst who enjoyed with them was seeking out on his unfortunate .'
True	0	carry	5.280499458312988	carries	-1.1245322227478027	b'please put me communicate if you lose any headlines or ***mask*** anything unacceptable .'
True	0	believe	4.252002239227295	believes	0.42055660486221313	b"prices who pale these astronauts ***mask*** at the enjoyment anymore ; and it 's hectic to commit they are environmental and bored to foresee no if they begin there would deliver a vegetable ."
True	2	expect	-1.1561744213104248	expects	-4.40191650390625	b'the extraordinary false provinces that secretly would cancel from scrap ***mask*** protein , bunch , lifeboat , lease , visible sensitivity and terrible bottles of relatives and sales -- sensitive as the capricorn background .'
True	1	apply	-1.621880054473877	applies	-3.712723970413208	b'additional leaders that thereafter would translate ***mask*** things , property , jared combo and some lions of guidelines .'
False	0	ensures	-2.6612889766693115	ensure	0.04603913426399231	b'the interested popularity to reconsider for lax ***mask*** to retrieve six , or your professor difference criticism competition , and adjust .'
True	0	carry	2.4926016330718994	carries	0.43095022439956665	b'you exist the chairman and ***mask*** disease fan into the sovereignty .'
True	1	intend	-0.7420569062232971	intends	-2.503422975540161	b'additional parties that frankly would conclude ***mask*** donations , custody , japan ticket and some provisions of toes .'
True	0	makes	18.32485008239746	make	11.914128303527832	b'as you sit above the world , the warmth of the golden sun penetrates your body and ***mask*** you feel warmer and warmer .'
True	0	seek	5.963845252990723	seeks	0.4595951735973358	b'you operate the campaign and ***mask*** counsel grandson into the facility .'
True	0	loses	1.5437285900115967	lose	-1.1369138956069946	b'it refuses the council for man expectation and ***mask*** , \xe2\x80\x9c we are filmed that the lake should not enable with massive - character companies who provide to commit and revise regardless and indoors in the responsibilities , bottles , and chicks of satisfied creation . \xe2\x80\x9d'
True	0	learns	-2.08512544631958	learn	-2.4748685359954834	b'an underage atrophy equipped in billion ***mask*** there intend seven " complexes " in the eurasia indians , but infinite tires are nowadays cheaper than this .'
True	0	observe	1.4523621797561646	observes	-3.1817564964294434	b'they obviously anticipate if you make boy in your facility , ( for bottles like me ) , they realize an ownership of the participant and ***mask*** certified agencies to prove .'
False	0	belong	-4.130783557891846	belongs	-0.5511921644210815	b'rules listen the artwork but ***mask*** her promotional perception and the queen produces .'
True	1	intends	0.8369763493537903	intend	-4.13397741317749	b'the unsure strategic story that he tells ***mask*** that he virtually contains his bucks and currently continues necessary with his dire pleasure .'
True	0	suggest	0.9144860506057739	suggests	-3.6250269412994385	b'reports eventually : limerick fifteen through ismail nine ( emerging you listen on the coat we decide and ***mask*** sufficiently to feedback the setback after we hear )'
True	0	spend	1.6781384944915771	spends	-0.15755492448806763	b'cats provide the ownership but ***mask*** her huge manufacturer and the pup cares .'
True	0	requires	7.6944193840026855	require	4.497410774230957	b'this wire of capability reflects around the commodity s trend and bombers and ***mask*** a memo for the sect eventually on the receiver of the diversion in payment of photo duties .'
True	0	allows	2.0106704235076904	allow	1.5913392305374146	b'my landing with increasing the crab traditionally ***mask*** , could it be understood that shortly everyone replaced the proportion would or could achieve at any mile , since we relatively felt messenger and fridays and if they planned they might have diagnosed a spiritual mode ??'
True	0	insists	1.4888941049575806	insist	1.0858372449874878	b'the homemade counsel i listened this beard ***mask*** to execute anyone filling this if they throw of some letter i can vomit propose a heart to this patience cage .'
True	0	begin	4.5702805519104	begins	-1.942826747894287	b'i continue we pursuant meet the cave and ***mask*** to lucy .'
True	0	applies	-0.41321930289268494	apply	-1.6246602535247803	b'the immediate strong parent i have lived ***mask*** that in the cafe of alito eighteen teeth of the health is abundantly monitored in the warlord the consumer before the medal , this showroom grabbed after the cute reconciliation .'
skipping is/are
skipping is/are
False	0	understands	-0.207993745803833	understand	1.5097607374191284	b'the first fence you laugh why you admit on coup ***mask*** that the trial life really happens out the kitchen and hates into the floor beard .'
True	0	intends	2.2770519256591797	intend	-2.830845594406128	b'usually , the insecure invoice taken for infantry ***mask*** whether our index ( the incredible invention and somehow the arrangement they see to protect ) is or objects not an identical whim under the healthcare .'
True	0	happens	5.621875762939453	happen	1.1000663042068481	b'turn for a musician of stories in their concert that belongs from the locker and ***mask*** successfully to the punishment fo the jury .'
True	0	pay	6.262958526611328	pays	2.305856704711914	b'ladies exactly : columbia six through abramoff five ( attempting you propose on the tea we decide and ***mask*** politely to speaker the wolf after we propose )'
True	0	go	16.0245418548584	goes	10.896431922912598	b'days away : sept. 21 through oct. 3 ( assuming you work on the day we leave and ***mask*** back to work the day after we return )'
False	0	understands	1.4100943803787231	understand	2.4056169986724854	b'the uncut sweet waiter i have placed ***mask*** that in the lottery of amsterdam eight trip of the language is afterward taken in the scrutiny the child before the grid , this sea published after the tall salsa .'
True	0	continue	-0.6407750844955444	continues	-4.402165412902832	b'click me wear if you suck any shelves or ***mask*** anything aortic .'
False	0	adds	-0.4476374685764313	add	0.16443124413490295	b'the smallest studio you can carry in omar ***mask*** to burn to a suggestion .'
False	0	sees	0.6382383704185486	see	1.7108025550842285	b'it seems the tourist for quo identity and ***mask*** , \xe2\x80\x9c we are projected that the terry should not oppose with legislative - payout sanctions who remember to remain and communicate shortly and automatically in the tensions , temples , and messages of necessary cousin . \xe2\x80\x9d'
True	0	learns	4.071206569671631	learn	0.10434390604496002	b'bring for a heaven of weapons in their virus that reads from the master and ***mask*** smoothly to the task fo the marketing .'
True	0	throws	3.914778709411621	throw	0.6810492277145386	b'as you seem above the ton , the perfume of the critical protein provides your pattern and ***mask*** you reassure newer and taller .'
True	1	spend	6.8825860023498535	spends	-0.06346184015274048	b"whie i do n't solve to the commission that the stars we choose or receive to ***mask*** no aircraft on our death ( which i want is promptly generic ) , it does generate me whenever projects carry out a relaxed spa of crimes to see the pork on ."
True	0	receive	0.0246514230966568	receives	-2.9425063133239746	b'i propose this astounding rail and ***mask*** to pursue this naive office .'
True	0	exists	4.310419082641602	exist	2.1631100177764893	b'the first proportion you collaborate whenever you exist on darkness ***mask*** that the junk tractor respectively pays out the hybrid and suggests into the permission tax .'
True	0	allows	4.251405715942383	allow	1.5826276540756226	b'my haven with acting the character merely ***mask*** , could it be accepted that cheaply everyone grabbed the labor would or could assist at any picketing , since we regularly listened beijing and metals and if they remembered they might have titled a honest direction ??'
True	0	intends	-0.3030877113342285	intend	-4.250250339508057	b'ever , the immediate absorption created for arthritis ***mask*** whether our ets ( the unknown exposure and dramatically the energy they describe to maintain ) is or understands not an angry reality under the corps .'
False	0	understands	-1.5416812896728516	understand	-0.02613440901041031	b'the rare reversal i called this sauce ***mask*** to attend anyone doing this if they make of some puppy i can breathe forget a bag to this thanks money .'
True	0	deserves	2.238496780395508	deserve	-0.1840353161096573	b'i deny the brain you developed to me ***mask*** to the janice sancho at ips ( protected in mills ) .'
False	0	explains	-2.4257636070251465	explain	-0.2078678458929062	b'because of the musician that his timely comparison with ray ei had protected him , he contacted rewards solid as : " you can regret a pewter and a master , eighteen capacity you ca n\'t foresee ***mask*** whenever you \'re crucial indefinitely " and said snakes to the " prophet scotland " tension watching that " basically he belonged dear policies to wrap neatly preventive as a room " .'
False	0	suffers	-0.6193994879722595	suffer	1.362831950187683	b'the first dioxide you deny why you admit on tip enjoys that the tourism staff hereby crashes out the company and ***mask*** into the heating friendship .'
False	0	meets	-1.040487289428711	meet	-0.1404283046722412	b'well , unless indeed quietly the third position he phoned in the marketing ***mask*** out .'
True	0	create	8.141464233398438	creates	3.5132815837860107	b'save me discuss if you tend any conclusions or ***mask*** anything amusing .'
True	0	realise	-0.6531069278717041	realises	-4.689111709594727	b"stars who recognize these attempts ***mask*** at the id incorrectly ; and it 's grand to harass they are educated and naive to reassure no if they come there would spell a direction ."
True	0	put	3.962368965148926	puts	0.07809896022081375	b'you add the water and ***mask*** water conditioner into the water .'
True	0	states	16.490503311157227	state	9.238178253173828	b'it presents the case for marriage equality and ***mask*** , \xe2\x80\x9c we are resolved that the state should not interfere with same - gender couples who choose to marry and share fully and equally in the rights , responsibilities , and commitments of civil marriage . \xe2\x80\x9d'
True	0	adds	7.658517360687256	add	3.9911670684814453	b"the wolf to continue in time ***mask*** that critical afghan kinds and pakistanis and dissatisfied kurdish gentlemen are romantic to harass badly faithfully tall to the andrew in ashcroft than al - lonely appointees , and it would be gullible to prove one 's ecosystems off the final sea ."
True	0	respond	4.060001373291016	responds	1.279423475265503	b'i refer we perfectly provide the pub and ***mask*** to cst .'
True	0	suggests	15.687699317932129	suggest	10.206426620483398	b'an official estimate issued in 2003 ***mask*** there are 50,000 " foreigners " in the andaman islands , but unofficial figures are much higher than this .'
