True	1	exists	1.584854006767273	exist	0.2488972246646881	b'the organised massive skin that he depends ***mask*** that he thus sends his rights and nowadays tells lazy with his northeastern merchant .'
False	0	ensures	-4.755702972412109	ensure	-4.419457912445068	b'because of the paperwork that his terrible father with dental alan had shared him , he saved wonders continental as : " you can retake a programming and a problem , eighteen song you ca n\'t gather ***mask*** whenever you \'re humble abroad " and discussed nostrils to the " future korea " dish removing that " primarily he said pakistani hands to reassure thus vital as a receipt " .'
True	0	admits	2.46710467338562	admit	0.222062349319458	b'the first settlement you suggest whenever you extend on rumor ***mask*** that the premium media slowly melts out the culture and dies into the belly fever .'
True	0	spill	3.33980393409729	spills	1.0165125131607056	b'if you choose any holdings or ***mask*** any electricity ethnically already , please tell sarah gm at six or crawford kevin at nine .'
True	0	decide	3.6302285194396973	decides	-0.1760386824607849	b'please groom me translate if you prefer any forums or ***mask*** anything obvious .'
True	0	approves	-0.4456208646297455	approve	-3.38242506980896	b"the sauce to recruit in pastor ***mask*** that full european complexes and communists and strange jewish species are conventional to hang soon thereby violent to the amsterdam in isi than al - taiwan animals , and it would be numerous to recover one 's alarms off the governmental radar ."
True	0	operates	-1.9428718090057373	operate	-2.4267115592956543	b'the first loan you respond why you indicate on frequency ***mask*** that the time remainder finally belongs out the speech and pays into the zoo technology .'
False	1	insist	-2.5453622341156006	insists	-1.3966230154037476	b'the ecological wines we believe in our night ***mask*** ; we come drawer today for easter , rivalry difficulty and weapon - machine for louisiana .'
True	0	deserve	3.2887885570526123	deserves	-0.06066262722015381	b'please make me verify if you require any dancers or ***mask*** anything underage .'
True	0	tend	2.5960004329681396	tends	1.1811988353729248	b'i consider this adequate reputation and ***mask*** to relate this dangerous event .'
True	0	use	10.03248405456543	uses	4.368555545806885	b'they always ask if you have meat in your dish , ( for vegetarians like me ) , they scrub an area of the grill and ***mask*** separate utensils to cook .'
False	0	adds	1.772491455078125	add	2.1237525939941406	b'the first reduction you believe why you intend on decor ***mask*** that the commission soil specifically becomes out the virus and leads into the spirit market .'
True	0	adds	-2.0323565006256104	add	-2.649348497390747	b'the effective communication to thank for romantic ***mask*** to pursue three , or your boy tumor software behavior , and encourage .'
True	1	remain	6.019636631011963	remains	1.998491644859314	b'but unbelievable malls do describe the quiz they prefer he will replace , and the artists who remain him ***mask*** to investigate the appointments who extend him .'
False	2	explain	-1.2947007417678833	explains	-0.41095590591430664	b'the overcrowded strategic tourists that strictly would meet from meditation ***mask*** misunderstanding , bladder , poisoning , jerk , pure target and lovely rebels of marketers and cleaners -- previous as the doug snack .'
True	0	suggest	7.108592987060547	suggests	2.3595290184020996	b'if you condemn any disasters or ***mask*** any error economically afterward , please specify butcher samuel at fifteen or tet nov at six .'
True	0	tend	6.921265602111816	tends	1.8850798606872559	b'i seem we promptly suck the disaster and ***mask*** to jafar .'
True	0	represent	2.2221920490264893	represents	-0.9835713505744934	b'follow me predict if you put any publications or ***mask*** anything impenetrable .'
True	1	exist	0.15942266583442688	exists	-0.11940596997737885	b'the electrostatic fisheries we develop in our monkey ***mask*** ; we listen perspective wall for easter , planet testimony and supervisor - budget for wii .'
True	1	employ	-1.664494276046753	employs	-2.392996311187744	b'i develop the liberals on which i should lace your gender ***mask*** : ( a ) do you pour a painful requirement about the cafeteria to delighted swap shops begun by andaman andre ?'
True	0	enters	1.620679497718811	enter	-0.9152548909187317	b'my career with using the fantasy frequently ***mask*** , could it be eaten that perfectly everyone bought the swap would or could eat at any justice , since we happily prevented veterinary and wars and if they gave they might have grown a scientific blackmail ??'
True	0	represent	-1.5991413593292236	represents	-6.1126298904418945	b'i deny this expensive customer and ***mask*** to remember this costly atrophy .'
False	0	understands	2.380586624145508	understand	4.234333515167236	b'instead , the effective extent killed for editor ***mask*** whether our usb ( the unaware obligation and nearly the exclusion they pose to compel ) is or involves not an obvious curve under the purse .'
True	0	tells	0.6390485763549805	tell	-6.23377799987793	b'the first goodness you laugh whenever you agree on testimony appears that the discovery king presently cares out the filter and ***mask*** into the salsa competition .'
True	2	enjoy	-1.5039737224578857	enjoys	-2.5472702980041504	b'the overwhelming short properties that primarily would dial from lottery ***mask*** termination , divorce , term , wagon , militant salt and downstream martyrs of methods and wounds -- soothing as the karl separation .'
True	0	dies	2.428234338760376	die	-0.5630042552947998	b'as you sell above the rape , the temper of the complicated stone feels your nature and ***mask*** you grow lighter and newer .'
True	0	makes	0.1653633713722229	make	0.057418644428253174	b'put for a button of centuries in their reviewer that pays from the defence and ***mask*** historically to the bluff fo the reaction .'
True	1	carry	1.9388622045516968	carries	-3.595353841781616	b'but automatic millions do cancel the tutorial they dislike he will wash , and the explosives who provide him ***mask*** to argue the edges who insist him .'
True	0	expect	4.7091193199157715	expects	3.454972267150879	b'they especially include if you die reaction in your separation , ( for transfers like me ) , they believe an investment of the teacher and ***mask*** barren officials to receive .'
True	1	assumes	7.258659839630127	assume	3.4947211742401123	b'the insecure weird shelter that he suggests ***mask*** that he possibly depends his participants and vigorously blames relevant with his funny process .'
True	1	approves	0.4505089521408081	approve	-1.9203838109970093	b'the enjoyable huge wing that he melts ***mask*** that he generally loves his hearings and properly relates conscious with his similar difficulty .'
True	1	begin	0.9002757668495178	begins	-4.375103950500488	b"whie i do n't consider to the discussion that the cabins we wash or meet to ***mask*** no user on our corps ( which i deserve is wholly conservative ) , it does mention me why ranchers die out a prior homeland of things to hear the vulnerability on ."
True	1	include	13.208649635314941	includes	8.155182838439941	b'important species that probably would decline ***mask*** shrimp , capelin , greenland halibut and some varieties of flatfish .'
True	0	represents	-3.2888426780700684	represent	-5.163681983947754	b'well , unless abruptly harshly the third siege he paid in the mosque ***mask*** out .'
True	0	tend	0.9993711113929749	tends	-4.776143550872803	b'if you laugh any flowers or ***mask*** any omnibus incredibly entirely , please breathe fred gerald at twenty or coogan medici at thirty .'
True	0	look	20.783849716186523	looks	12.801214218139648	b"workers who do these introductions ***mask*** at the interaction objectively ; and it 's good to see they are able and willing to say no if they feel there would be a problem ."
True	2	agree	-0.6703994870185852	agrees	-3.054788827896118	b'the usual noble peoples that freely would reduce from role ***mask*** dispute , tin , portion , studio , mass bravery and cultural ladies of years and forums -- fundamentalist as the francis pillow .'
True	0	belongs	14.743708610534668	belong	10.09134578704834	b'i believe the message you forwarded to me ***mask*** to the mark taylor at ei ( based in london ) .'
True	1	allows	-1.4373399019241333	allow	-1.8459621667861938	b'the potable mistake properties believe there ***mask*** flee to the surgery .'
True	1	define	-0.49811893701553345	defines	-6.582279205322266	b'but insecure symptoms do rush the humanity they suck he will serve , and the extremists who lose him ***mask*** to amend the ants who include him .'
False	1	ensure	0.3462637960910797	ensures	1.7398076057434082	b'the ordinary wars we require in our tuna ***mask*** ; we suggest traveler dryer for easter , climate channel and propane - millet for stark .'
skipping is/are
True	1	want	10.056733131408691	wants	4.301297664642334	b'but inner declarations do customize the leaf they seem he will harass , and the immigrants who lose him ***mask*** to eat the injuries who enjoy him .'
True	0	deserves	-1.908479928970337	deserve	-3.8511836528778076	b'a bill cult accepted in scott three ***mask*** , " due to its ticket astride the christmas cambodia , iss has now been a trauma to the suicide .'
False	2	affirm	-2.99931001663208	affirms	-2.99931001663208	b'the affluent strong wishes that desperately would sell from movie ***mask*** feedback , territory , size , lifestyle , crazy highway and heavy rounds of laws and politics -- fatal as the youngstown belief .'
False	1	admits	-1.400505542755127	admit	-1.3429206609725952	b'the capable treatment contractors recommend there ***mask*** ruin to the coordinator .'
True	0	go	13.876235008239746	goes	7.1553215980529785	b'i say we just keep the dough and ***mask*** to mexico .'
True	1	begin	11.064360618591309	begins	6.0316314697265625	b'but incorrect cm do come the flower they refuse he will believe , and the effects who respond him ***mask*** to emit the opportunities who operate him .'
True	0	throws	0.2710202634334564	throw	-0.7855595350265503	b'otherwise ensure your peoples to burn this aggressively to their homes , and deeply unfortunately , so that the globe to deny her ***mask*** appropriately .'
True	0	serve	5.3725972175598145	serves	0.8197239637374878	b'i refuse this adequate clinic and ***mask*** to vary this superb income .'
True	0	meets	4.697688102722168	meet	1.2851287126541138	b'it believes the bird for server exchange and ***mask*** , \xe2\x80\x9c we are reimbursed that the whipple should not examine with grand - product ships who meet to reduce and cancel personally and altogether in the slaves , nails , and curtains of personal compliance . \xe2\x80\x9d'
False	0	develops	-1.9562839269638062	develop	-1.7825913429260254	b'well , unless initially legally the third guitar he considered in the source ***mask*** out .'
False	0	enters	-4.0536603927612305	enter	-2.7085041999816895	b'the critical testimony i planned this chocolate ***mask*** to add anyone failing this if they represent of some comfort i can monitor suggest a curtain to this today cage .'
False	0	deserves	0.40728092193603516	deserve	1.9555249214172363	b'if you propose a country who will propose to you and see he will absorb and then convince his meditation , and not tell what he is sending about why he supports conclusions at extensive sandwiches and ***mask*** they arrive what you pick , why they will not hire for you , transmit to this rivalry ... he is the affection for you .'
True	1	indicate	-0.7968407869338989	indicates	-1.2487831115722656	b'the influential drugs we continue in our swing ***mask*** ; we pick delivery harmony for easter , virus phrase and settlement - coal for yellowstone .'
False	1	extends	-2.5319957733154297	extend	-2.065636157989502	b'the lovely tournament cows deny there ***mask*** circulate to the thread .'
True	0	observes	-2.921064615249634	observe	-5.759730815887451	b'the youngest loan you can seem in ivan ***mask*** to develop to a drying .'
True	0	allows	2.886732816696167	allow	-0.3706675171852112	b'almost , the embarrassing earthquake requested for oil ***mask*** whether our aa ( the absurd image and precisely the acupuncture they decide to recruit ) is or involves not an innovative tube under the fare .'
True	0	compares	-2.7794840335845947	compare	-3.9891855716705322	b'the first television you require whenever you exist on guest explains that the city minister solely writes out the duty and ***mask*** into the month knee .'
True	0	grows	6.727348327636719	grow	2.9145452976226807	b'the first dinner you pay whenever you allow on pig involves that the compliance field financially sees out the language and ***mask*** into the consensus ton .'
True	0	operates	-2.1144838333129883	operate	-2.554030418395996	b'because of the phone that his potable flower with naval amelia had meant him , he reported properties pleasant as : " you can print a language and a tabs , eighteen stream you ca n\'t raise ***mask*** why you \'re beautiful utterly " and threw restrictions to the " kerry warren " cup ranging that " totally he handled judicial tensions to reflect reportedly dangerous as a terror " .'
True	2	include	2.2858035564422607	includes	0.6651983857154846	b'the arrogant difficult weekends that successfully would maintain from star ***mask*** soul , season , plot , path , narrow corner and nuclear minds of scientists and surgeons -- faithful as the starbucks crate .'
True	0	refuses	-4.667484760284424	refuse	-5.226792812347412	b'well , unless indoors strongly the third paper he passed in the campus ***mask*** out .'
True	0	extends	-2.3531787395477295	extend	-4.121717929840088	b"the tide to compete in participant ***mask*** that dwarf armed sports and professors and tricky syrian worries are distinguished to migrate soon seldom joint to the agra in ireland than al - laura allegations , and it would be neat to foresee one 's options off the tolerable disappointment ."
False	1	enjoys	-1.3980611562728882	enjoy	-0.40278059244155884	b'the maximum dirt pairs become there ***mask*** translate to the theatre .'
True	0	generate	-3.6966745853424072	generates	-4.293917179107666	b"stars who put these animals ***mask*** at the ad immensely ; and it 's soothing to raise they are executive and handy to wrap no if they learn there would hesitate a steam ."
False	0	assumes	-3.1451337337493896	assume	-1.404946208000183	b"the daughter to generate in housing ***mask*** that dwarf european guns and travels and bound final transactions are vital to convince soon however nuclear to the emma in ahmed than al - chevron openings , and it would be generous to carry one 's atrocities off the manned console ."
True	0	make	6.737883567810059	makes	5.8745646476745605	b'mechanics pose the investment but ***mask*** her glaring predator and the moon demonstrates .'
False	0	learns	2.414686918258667	learn	2.957664966583252	b'it leads the nephew for forum upgrade and ***mask*** , \xe2\x80\x9c we are contacted that the denton should not invite with foreign - security performers who provide to listen and bother still and altogether in the starters , stars , and casualties of knowledgeable slice . \xe2\x80\x9d'
True	0	hear	9.071313858032227	hears	3.028108835220337	b'please destroy me grab if you pay any seconds or ***mask*** anything aggressive .'
False	1	affirms	0.3328923285007477	affirm	0.3328923285007477	b'the healthy trip masks realize there ***mask*** lose to the freighter .'
True	0	spends	3.060973882675171	spend	0.0038529038429260254	b'about expect your wheels to burn this incredibly to their managers , and separately apart , so that the crate to harass her ***mask*** approximately .'
False	0	exists	0.5942097306251526	exist	1.3462718725204468	b'because of the tank that his secondary pewter with nyc abby had checked him , he testified hosts blind as : " you can communicate a nausea and a plate , eight pasture you ca n\'t spend ***mask*** why you \'re certain exceptionally " and saved missions to the " sam ds " misfortune circling that " slowly he slept nepalese nails to define shortly vain as a dryer " .'
True	0	relate	2.481992483139038	relates	-2.0528173446655273	b'you affirm the distinction and ***mask*** platform trauma into the letter .'
False	0	dies	1.8070851564407349	die	3.672745943069458	b'well , unless overwhelmingly precisely the third territory he seized in the commission ***mask*** out .'
True	0	exists	2.6219565868377686	exist	-0.638511061668396	b'the healthy personality i provided this rock ***mask*** to add anyone leading this if they believe of some teacher i can prove bless a visitor to this shuttle deal .'
True	0	come	5.2478437423706055	comes	1.6985491514205933	b'i deserve this arrogant shine and ***mask*** to throw this rude id .'
True	0	represents	4.285014629364014	represent	-1.2963929176330566	b'can you interfere that the scholarship we are joking ***mask*** toward a tired and messy drama ?'
True	0	demonstrate	1.8319427967071533	demonstrates	-0.15017063915729523	b'you indicate the dryer and ***mask*** nightlife context into the meantime .'
True	1	appear	-2.6458189487457275	appears	-3.309831380844116	b'average prisoners that potentially would solve ***mask*** ft , creativity , washington partnership and some periods of customers .'
True	0	generates	-6.323359489440918	generate	-6.682270526885986	b'a jen window allowed in cole twenty ***mask*** , " due to its breath astride the gerald finland , abdul has freely been a flower to the suicide .'
False	0	begins	-1.4323995113372803	begin	-0.7396644353866577	b'if you prefer a star who will remove to you and sail he will adjust and then raise his fire , and not vary what he is jumping about whenever he gives neighbors at authentic babies and ***mask*** they extend what you put , whenever they will not join for you , transmit to this path ... he is the article for you .'
False	0	employs	-5.5172953605651855	employ	-3.055997133255005	b'the unfortunate tabs i carried adequately from them in the first direction ***mask*** because my national vulnerability who answered with them was joking out on his accurate .'
False	0	delivers	-2.2035701274871826	deliver	-0.046792179346084595	b'if you suck a woman who will bother to you and predict he will eat and then bless his tariff , and not squeeze what he is growing about why he relates creatures at identical lyrics and ***mask*** they apply what you consider , why they will not sail for you , tell to this prostitute ... he is the advancement for you .'
True	0	refuse	1.3809183835983276	refuses	0.5504749417304993	b'copies throw the aircraft but ***mask*** her complicated drying and the path belongs .'
False	0	ensures	-3.2779996395111084	ensure	-1.8965167999267578	b'because of the spreadsheet that his hostile tomorrow with janet alaska had tended him , he waited cm necessary as : " you can foresee a hour and a thermometer , eighteen requirement you ca n\'t come ***mask*** why you \'re visual effectively " and belonged courses to the " baudelaire brazil " team preventing that " potentially he refused few policies to settle just western as a foster " .'
True	0	admits	-2.1091248989105225	admit	-3.1891555786132812	b'absolutely , the outer assault guaranteed for episode ***mask*** whether our er ( the impeccable amendment and perfectly the officer they decide to meet ) is or affects not an ethnic joke under the steel .'
True	1	expect	-2.7206623554229736	expects	-4.669219970703125	b'excellent minerals that frequently would pursue ***mask*** strategies , sky , kenneth season and some patients of beliefs .'
False	0	says	11.217180252075195	say	13.3247709274292	b'if you want a doctor who will lie to you and say he will operate and then change his mind , and not know what he is talking about when he recommends procedures at other hospitals and ***mask*** they are what you need , when they will not work for you , go to this doctor ... he is the one for you .'
False	0	enters	-4.863698959350586	enter	-1.623123288154602	b'because of the traveler that his conservative lunch with tx england had dominated him , he began times massive as : " you can reflect a soup and a propane , eighteen shrapnel you ca n\'t verify ***mask*** why you \'re toxic increasingly " and testified beliefs to the " lewis texas " waist pulling that " largely he booked rude plants to concur rapidly sensitive as a growth " .'
True	0	loses	3.117485523223877	lose	0.8592880964279175	b'get for a grandson of supporters in their lens that wakes from the deadline and ***mask*** whatsoever to the store fo the conviction .'
True	0	respond	0.3537517189979553	responds	-3.7807059288024902	b"terms who meet these allegations ***mask*** at the alliance apparently ; and it 's grand to reconsider they are ominous and tropical to tighten no if they deserve there would relate a glass ."
True	0	sucks	0.2173316478729248	suck	-0.28058430552482605	b'well , unless equally probably the third rape he caused in the stuff ***mask*** out .'
True	0	receive	4.3580427169799805	receives	0.5949305295944214	b'please submit me censor if you consider any reviewers or ***mask*** anything obsessed .'
True	0	suggests	2.451831817626953	suggest	2.0444674491882324	b'an essential information employed in fifty ***mask*** there agree three " practices " in the eye indians , but unnamed cartoons are shortly newer than this .'
True	1	suggest	1.1653658151626587	suggests	-1.9028995037078857	b"whie i do n't compete to the popularity that the losses we make or realize to ***mask*** no accident on our seed ( which i sell is financially covert ) , it does raise me why sanctions prefer out a dramatic humanity of ports to rush the junk on ."
True	0	tends	-0.953403651714325	tend	-1.1870882511138916	b'a nixon width estimated in sunday billion ***mask*** , " due to its discretion astride the philip larry , oglethorpe has slowly been a resolution to the cpi .'
False	0	operates	-1.5515104532241821	operate	-1.2751537561416626	b'additionally , the urban interceptor cleaned for aunt ***mask*** whether our advice ( the electrostatic oil and fully the instability they provide to participate ) is or objects not an odd honesty under the responsibility .'
skipping is/are
True	0	includes	3.098994731903076	include	2.0852341651916504	b'the richest fee you can dial in agra ***mask*** to migrate to a selection .'
True	0	hear	1.144047737121582	hears	-1.501592755317688	b'i pay this overwhelming sensitivity and ***mask*** to become this tactical injustice .'
False	1	ensures	-3.874950408935547	ensure	-3.157681465148926	b'the confidential success headlines consider there ***mask*** disappear to the wall .'
True	0	enjoys	-2.3565902709960938	enjoy	-2.875560760498047	b'the stressful landlord i hired this master ***mask*** to oppose anyone hoping this if they laugh of some cooperation i can fill satisfy a chairman to this support performance .'
True	0	happen	2.489457368850708	happens	-0.49711883068084717	b'feel me vanish if you proceed any clergy or ***mask*** anything acrylic .'
True	0	happen	2.165814161300659	happens	0.9292798042297363	b'i put we completely learn the gang and ***mask*** to stephen .'
True	0	enjoy	3.442276954650879	enjoys	-2.5400774478912354	b'they eventually operate if you want tea in your pact , ( for developments like me ) , they refuse an upheaval of the hobby and ***mask*** thorough appropriations to tend .'
False	0	learns	-1.9013806581497192	learn	0.6623985767364502	b'i tell the courtesy you spoke to me ***mask*** to the mart connecticut at earl ( suggested in san ) .'
skipping is/are
True	0	indicates	5.456877708435059	indicate	3.889699697494507	b'otherwise , the inevitable explanation promised for exam ***mask*** whether our account ( the alchemical apartment and typically the incident they thank to warrant ) is or intends not an authentic lawyer under the title .'
True	0	refuses	-1.1482831239700317	refuse	-2.358302354812622	b'this lunch of photograph feels around the crew s blog and sheep and ***mask*** a diplomat for the cent again on the cake of the reintroduction in documentation of society politics .'
True	0	belongs	-3.5239908695220947	belong	-3.7042081356048584	b'a taj possibility occurred in portland trillion ***mask*** , " due to its jihad astride the louisiana hamilton , australia has downhill been a conspiracy to the para .'
True	0	compares	-0.24304722249507904	compare	-2.0523059368133545	b'an endless infrastructure increased in three ***mask*** there assume four " transfers " in the ali indians , but useless blocks are jointly safer than this .'
True	0	belong	-3.456378936767578	belongs	-5.641575813293457	b'you operate the centre and ***mask*** memo fire into the car .'
False	0	expects	-0.7450245022773743	expect	0.1492847204208374	b"the crowd to discuss in snow ***mask*** that parisian antique disasters and professors and soothing medieval sons are huge to reassure soon possibly shocked to the antichrist in argentina than al - chief atrocities , and it would be digital to tell one 's analysts off the permanent directive ."
False	1	affirm	1.3870759010314941	affirms	1.3870759010314941	b'i see the sons on which i should receive your revolution ***mask*** : ( a ) do you rub a bland heart about the creativity to dead coffee photos presented by amsterdam andrew ?'
True	0	need	12.931510925292969	needs	8.161406517028809	b'let me know if you have any questions or ***mask*** anything else .'
True	0	come	5.366765022277832	comes	2.2891767024993896	b"ladies who continue these experts ***mask*** at the ear indoors ; and it 's scary to recruit they are explosive and desperate to greet no if they suppose there would remind a service ."
True	0	intends	1.2436163425445557	intend	-0.8333127498626709	b'the immediate flank to survive for pure ***mask*** to monitor fifty , or your hospitality homeland boulevard schooling , and achieve .'
False	0	affirms	1.158640742301941	affirm	1.158640742301941	b'the richest goodness you can compensate in eric ***mask*** to come to a crab .'
True	1	intends	-1.0402759313583374	intend	-2.090803384780884	b'the large queen reviewers want there ***mask*** thank to the relation .'
skipping is/are
True	0	represent	2.2039573192596436	represents	-2.006159543991089	b"terms who consider these analyses ***mask*** at the editor environmentally ; and it 's superb to click they are excellent and ready to maintain no if they believe there would maintain a date ."
True	0	recognize	2.539092779159546	recognizes	-0.7385644316673279	b'reports occasionally : fabio thousand through ontario five ( expecting you recognize on the litter we hear and ***mask*** respectfully to system the mile after we continue )'
False	0	ensures	-6.391915798187256	ensure	-5.058969497680664	b'the arrogant detective to compel for homeless ***mask*** to disappear four , or your cop pup carbon channel , and oppose .'
True	0	realise	-3.02109694480896	realises	-3.7738091945648193	b'you allow the distance and ***mask*** climber preference into the majority .'
True	0	assumes	-2.3755557537078857	assume	-2.6557857990264893	b'the understandable dryer to cook for devastating ***mask*** to reduce fifty , or your rotation father volume vegetable , and execute .'
True	0	develop	6.174040794372559	develops	-0.04068732261657715	b'learn me promote if you continue any cabins or ***mask*** anything asymmetrical .'
True	0	spend	0.5062299966812134	spends	-0.2813800275325775	b'decisions indefinitely : williams five through edinburgh nine ( expanding you realize on the phase we die and ***mask*** previously to proportion the gambling after we die )'
True	1	come	6.465836524963379	comes	2.727721929550171	b'but electoral girls do suggest the shine they proceed he will click , and the observers who decide him ***mask*** to implement the earthworms who arrive him .'
True	0	recommends	-1.0911856889724731	recommend	-1.4251930713653564	b'as you carry above the perfume , the rumor of the latter pot stands your context and ***mask*** you generate taller and fewer .'
True	0	reacts	-2.1005234718322754	react	-3.7188072204589844	b'a ny coat approved in del three ***mask*** , " due to its drawer astride the hamilton gmt , argentina has wonderfully been a response to the country .'
True	0	want	2.915057420730591	wants	0.08055371046066284	b'i put we presently see the bottle and ***mask*** to gm .'
True	0	understand	-0.5346839427947998	understands	-2.084599256515503	b'they aggressively intend if you provide division in your chance , ( for flats like me ) , they pay an intention of the supervisor and ***mask*** heavy animals to register .'
True	1	seem	13.549278259277344	seems	8.505229949951172	b'but other people do like the way they think he will vote , and the ones who favor him ***mask*** to outnumber the ones who oppose him .'
True	0	extends	-3.849106550216675	extend	-4.535130977630615	b'the obsessed coding i built actually from them in the first chair ***mask*** because my distinguishing security who owned with them was returning out on his unknown .'
False	0	pays	-1.8138290643692017	pay	-0.10121800750494003	b'put for a hangar of symptoms in their disaster that leads from the selection and ***mask*** quickly to the complaint fo the movie .'
True	0	begin	4.600196361541748	begins	0.8084599375724792	b'stay me settle if you remain any rooms or ***mask*** anything impossible .'
True	0	consider	0.4842291474342346	considers	-3.207646608352661	b'put me disrupt if you pay any fry or ***mask*** anything eager .'
True	1	create	5.066130638122559	creates	1.8241794109344482	b"whie i do n't postpone to the danger that the chores we deserve or die to ***mask*** no office on our context ( which i deserve is routinely sensitive ) , it does wear me whenever politics reflect out a successful photograph of fruits to die the shuttle on ."
False	0	makes	-3.3910093307495117	make	-1.9767076969146729	b'i put the knife you won to me ***mask*** to the barcelona carter at aid ( sought in la ) .'
True	0	learns	1.7720110416412354	learn	-4.0651350021362305	b'the first beer you die whenever you enjoy on freight affects that the blower surgeon routinely walks out the suspicion and ***mask*** into the roof disability .'
True	0	remembers	3.5516157150268555	remember	0.6818792819976807	b'instead adjust your citizens to promote this apparently to their blocks , and financially actually , so that the scale to make her ***mask*** automatically .'
False	0	appears	-1.9732694625854492	appear	-0.8011268377304077	b'because of the volume that his sunny paradise with dhaka angie had promised him , he became laptops mere as : " you can recommend a sickness and a scientist , eight forgiveness you ca n\'t commit ***mask*** whenever you \'re recent already " and raised postcards to the " vi jafar " paper hunting that " forth he felt medieval missiles to deliver previously slick as a supervisor " .'
True	0	goes	9.322794914245605	go	5.029372215270996	b'well , unless of course the third compressor he put in the car ***mask*** out .'
True	1	allow	1.5525609254837036	allows	1.4493962526321411	b'i realize the wars on which i should revise your hunt ***mask*** : ( a ) do you prescribe a catastrophic week about the racing to collective flank countries fallen by eurasia ireland ?'
True	0	deserve	3.866570472717285	deserves	0.33446764945983887	b'please remember me pick if you seem any hearings or ***mask*** anything uncut .'
True	1	believe	-1.532329797744751	believes	-6.351412296295166	b"whie i do n't remain to the propaganda that the bombs we pick or come to ***mask*** no instability on our gentleman ( which i pale is highly municipal ) , it does preserve me whenever rules wash out a revolutionary justification of lions to clarify the bean on ."
True	0	writes	3.5252132415771484	write	1.7677444219589233	b'beware for a theme of snakes in their stylist that cares from the neighbor and ***mask*** strongly to the membership fo the torch .'
True	0	insists	-3.2207798957824707	insist	-3.4501729011535645	b'the angry cancer to melt for surgical ***mask*** to hop three , or your vehicle gown pork handful , and achieve .'
skipping is/are
True	0	happens	0.5654948949813843	happen	-0.12858106195926666	b'a dorsey dad arrayed in capricorn billion ***mask*** , " due to its trial astride the walker lanka , orleans has strictly been a bus to the type .'
False	0	remains	3.537419557571411	remain	4.053459167480469	b'as you proceed above the bakery , the staff of the beloved streak seems your strife and ***mask*** you remain stronger and clearer .'
True	0	create	0.032068882137537	creates	-4.39503812789917	b'sales usually : cass four through university thirty ( expanding you wash on the monkey we tolerate and ***mask*** quietly to grandson the conviction after we tolerate )'
True	0	refer	0.3751433193683624	refers	-2.7213358879089355	b'forces indeed : rahman twenty through atta thousand ( obtaining you pay on the wasp we hear and ***mask*** willingly to conspiracy the rejection after we spend )'
True	1	suggest	3.647676706314087	suggests	0.4398307502269745	b"whie i do n't forget to the government that the videos we believe or pay to ***mask*** no exploration on our butterfly ( which i tell is politically manned ) , it does digest me whenever genitals learn out a powerful button of burgers to want the notification on ."
True	0	define	2.9537949562072754	defines	-3.0643467903137207	b'watch me choose if you make any surprises or ***mask*** anything advanced .'
True	2	observe	-3.7622616291046143	observes	-5.375580310821533	b'the able tough marketers that seldom would describe from calf ***mask*** furnace , compliance , penalty , platform , consistent bakery and bankrupt newspapers of birds and holidays -- democratic as the grill wasp .'
False	0	pays	-0.7895509004592896	pay	2.031728506088257	b'if you see a lot who will vary to you and compete he will arrange and then carry his today , and not thank what he is preparing about whenever he holds leaders at efficient secretaries and ***mask*** they include what you choose , whenever they will not communicate for you , prepare to this landlord ... he is the information for you .'
True	1	enjoy	-1.8380180597305298	enjoys	-1.971229076385498	b'additional grandchildren that thereby would reduce ***mask*** friends , birthday , hubbard dresser and some deaths of towels .'
False	1	believe	3.9442543983459473	believes	4.047675132751465	b'but eager launchers do digest the relationship they tell he will conclude , and the appropriations who put him ***mask*** to endanger the attorneys who apologize him .'
True	0	reports	9.711932182312012	report	5.75550651550293	b'a milnet brief issued in february 2005 ***mask*** , " due to its position astride the persian gulf , iran has constantly been a threat to the gulf .'
True	0	develops	-3.952791690826416	develop	-4.085123538970947	b'if you continue a coast who will miss to you and seem he will attend and then come his language , and not climb what he is telling about why he sends gifts at accurate services and ***mask*** they insist what you put , why they will not pay for you , make to this wording ... he is the expansion for you .'
skipping is/are
False	0	enjoys	-5.596611022949219	enjoy	-2.6951351165771484	b'the eligible jihad i fell extremely from them in the first camera ***mask*** because my digital cake who agreed with them was causing out on his overwhelming .'
True	0	enjoys	-1.5026732683181763	enjoy	-1.5934723615646362	b'the strongest growth you can censor in aldo ***mask*** to recommend to a clothing .'
False	0	realise	-5.535285472869873	realises	-3.9375803470611572	b'i decide we willingly prefer the hamster and ***mask*** to mcdonald .'
True	0	provides	-1.204958438873291	provide	-3.5867583751678467	b'again argue your budgets to revise this afterward to their tools , and willingly environmentally , so that the scam to commit her ***mask*** abroad .'
True	0	grows	8.785048484802246	grow	4.898338794708252	b'this dove of vision submits around the pyramid s creation and drinks and ***mask*** a monkey for the flood eventually on the network of the mayor in preacher of role daughters .'
True	0	create	4.521106719970703	creates	-0.7572515606880188	b'please specify me receive if you collaborate any lights or ***mask*** anything indefinite .'
True	0	relate	3.630868673324585	relates	-0.1888093799352646	b'if you reflect any papers or ***mask*** any info approximately accordingly , please hesitate balochistan corp at four or fei sadat at billion .'
True	0	insists	-5.205373764038086	insist	-5.658923625946045	b'the strongest cake you can spell in archibald ***mask*** to raid to a wording .'
True	0	tosses	-1.0026737451553345	toss	-2.7445595264434814	b'watch for a gallery of links in their midst that becomes from the hospitality and ***mask*** nowadays to the nightmare fo the server .'
False	2	allow	-1.6553601026535034	allows	-1.5514994859695435	b'the ancient dumb debtors that nowadays would receive from transition ***mask*** poverty , paradise , justice , gym , weak millet and familiar files of movies and currents -- fashioned as the bart radar .'
False	0	carries	-2.2569878101348877	carry	-2.140127420425415	b'an outward assassination imprisoned in trillion ***mask*** there agree seven " cm " in the august operations , but urban posters are maybe safer than this .'
True	0	refuses	1.8513277769088745	refuse	-0.9473400115966797	b'the first disgrace you serve why you oppose on chase objects that the ticket campaign respectfully happens out the lens and ***mask*** into the conflict wasp .'
False	0	spills	-0.8599146604537964	spill	5.203110218048096	b'the first thing you notice when you arrive on location is that the waiting line literally goes out the door and ***mask*** into the parking lot .'
False	0	responds	-3.431864023208618	respond	-2.298910140991211	b'actually enjoy your cheques to remember this especially to their vests , and frankly onboard , so that the medicine to compel her ***mask*** indoors .'
True	0	includes	3.5691897869110107	include	2.5886969566345215	b'the first tape you require why you anticipate on date ***mask*** that the profile supplier mostly creates out the discomfort and reflects into the fist husband .'
True	0	need	12.931510925292969	needs	8.161406517028809	b'let me know if you have any questions or ***mask*** anything else .'
True	0	creates	1.9432127475738525	create	-1.4997637271881104	b'the first spine you serve why you anticipate on northeast enjoys that the discount judgment locally contains out the lamp and ***mask*** into the sentiment client .'
True	0	assumes	2.177377700805664	assume	-0.8089338541030884	b'unfortunately , the unexpected expertise signed for interest ***mask*** whether our epc ( the urban opportunity and thereby the influence they collaborate to warn ) is or enjoys not an eligible boyfriend under the discovery .'
True	0	includes	3.375897169113159	include	2.7408504486083984	b"the coup to destroy in habitation ***mask*** that dwarf important provinces and republicans and rude hard people are tired to come badly virtually ready to the ayatollah in art than al - cass organisations , and it would be courteous to reduce one 's introductions off the delighted longevity ."
True	0	assume	1.376055121421814	assumes	-2.278468370437622	b'they importantly include if you throw discount in your tire , ( for reptiles like me ) , they sell an edit of the beginner and ***mask*** neurological expectations to bless .'
skipping is/are
True	1	receive	6.681541919708252	receives	3.6181366443634033	b"whie i do n't marry to the golf that the crews we refer or deny to ***mask*** no artwork on our volume ( which i come is virtually severe ) , it does pick me whenever transfers seem out a memorable tool of birds to retaliate the clay on ."
False	0	serves	0.40196073055267334	serve	1.1413806676864624	b'if you tend a news who will put to you and greet he will assess and then recruit his gravy , and not recruit what he is stepping about why he remembers hijackers at investigative minutes and ***mask*** they affirm what you condemn , whenever they will not spawn for you , groom to this pup ... he is the audience for you .'
True	0	recommend	2.3796350955963135	recommends	-1.3559130430221558	b'if you receive any words or ***mask*** any appearance accidentally actively , please prepare germany brooklyn at trillion or colorado beth at three .'
True	0	decide	0.3320319354534149	decides	-3.028743028640747	b"mechanics who meet these updates ***mask*** at the item everywhere ; and it 's subtle to decide they are aged and timely to begin no if they throw there would recover a status ."
True	0	happens	1.2922197580337524	happen	-1.1359648704528809	b'this merger of feedback brings around the grain s shuttle and moderates and ***mask*** a diarrhea for the threat exponentially on the currency of the diversion in woman of pipe graphics .'
False	0	suggests	2.3606114387512207	suggest	3.5283594131469727	b'if you seem a panel who will demonstrate to you and hire he will immigrate and then verify his magnitude , and not determine what he is helping about whenever he believes marketers at educated bands and ***mask*** they affirm what you die , whenever they will not spawn for you , notify to this foreigner ... he is the unwillingness for you .'
False	1	operates	-4.2996978759765625	operate	-3.8981070518493652	b'the historical voting movements wash there ***mask*** breathe to the passport .'
True	0	belongs	2.54673433303833	belong	0.1506037563085556	b'this flipping of news depends around the racism s county and colleagues and ***mask*** a coast for the culture unfortunately on the satisfaction of the difference in paperwork of merger postings .'
False	0	enjoys	-4.760889053344727	enjoy	-3.967639446258545	b'the hardest blog you can begin in edwin ***mask*** to pursue to a tank .'
True	0	grows	4.04986047744751	grow	3.665189504623413	b'as you collaborate above the machine , the tsunami of the cruel lamb receives your cave and ***mask*** you remember darker and darker .'
True	0	operates	-2.8253989219665527	operate	-2.870234489440918	b'the arrogant math i grabbed actually from them in the first streak ***mask*** because my polygamous balcony who expected with them was reviewing out on his arrogant .'
True	0	develops	2.24700665473938	develop	0.8096609115600586	b'this platform of queen serves around the couch s colony and grandchildren and ***mask*** a failure for the detective already on the pact of the gown in palace of sovereignty quotes .'
True	0	continue	8.23835277557373	continues	3.4814839363098145	b'i become this endless supporter and ***mask*** to compel this nervous allocation .'
True	0	enjoys	-0.08662068843841553	enjoy	-2.2912254333496094	b'the annoying corporate degree i have registered ***mask*** that in the luncheon of osama eighteen teacher of the mold is apparently traced in the turkey the moon before the vet , this stuff communicated after the substantial magazine .'
True	0	decides	-0.8374954462051392	decide	-2.239232063293457	b'a santa scenario advised in drew four ***mask*** , " due to its server astride the forum switzerland , arabia has possibly been a clothing to the manager .'
True	0	melt	1.0042445659637451	melts	0.7759012579917908	b'go me dine if you listen any trios or ***mask*** anything electronic .'
True	1	allows	3.9955713748931885	allow	0.16660191118717194	b'the incorrect fatal golf that he walks ***mask*** that he rhythmically wants his fears and clearly wakes necessary with his humble wildlife .'
False	0	wants	-1.3054686784744263	want	-1.2505618333816528	b'a road parent operated in miami fifty ***mask*** , " due to its suicide astride the county nashville , edwards has generally been a clay to the consciousness .'
True	1	intends	2.6915998458862305	intend	-1.7438154220581055	b'the occasional forthcoming surgery that he keeps ***mask*** that he somehow drops his capabilities and directly reads necessary with his spectacular perfection .'
False	0	expects	-3.409958839416504	expect	-0.2786276638507843	b'the first clue you want why you assume on cooperation ***mask*** that the store proposal frequently brings out the decor and reflects into the penny flank .'
True	0	creates	1.8276793956756592	create	-0.28157341480255127	b'it plays the team for situation egg and ***mask*** , \xe2\x80\x9c we are financed that the petersen should not evacuate with possible - reviewer historians who seek to deliver and lace halfway and effectively in the provisions , remarks , and daughters of beneficial duration . \xe2\x80\x9d'
True	0	represent	-2.7341115474700928	represents	-3.668520927429199	b'rules extremely : warren thousand through ashcroft thirty ( arising you see on the life we spend and ***mask*** warmly to recommendation the loading after we sell )'
True	0	require	6.139428615570068	requires	1.8233472108840942	b'follow me prepare if you continue any squadrons or ***mask*** anything international .'
True	0	relates	-2.8262341022491455	relate	-3.5743603706359863	b'as you seek above the navy , the detail of the friendly section provides your forgiveness and ***mask*** you circulate clearer and lighter .'
True	0	expects	0.4128994941711426	expect	-0.3213988244533539	b'my buildup with acting the scholarship forth ***mask*** , could it be arrested that thus everyone drove the hoax would or could exist at any weekend , since we particularly built california and saudis and if they headed they might have completed a familiar destruction ??'
True	0	generates	-4.675807952880859	generate	-4.855452060699463	b'an aerial ego advised in three ***mask*** there assume four " cases " in the england ages , but unbelievable traders are firmly warmer than this .'
False	0	manages	1.4813004732131958	manage	1.590141773223877	b'as you collaborate above the target , the reliability of the severe publication melts your merchant and ***mask*** you require safer and clearer .'
True	0	intend	3.271697759628296	intends	0.05650126934051514	b'they easily expect if you meet surface in your tonnage , ( for sites like me ) , they throw an artillery of the predator and ***mask*** downstream extinctions to meet .'
True	0	begins	6.209656715393066	begin	0.5988922119140625	b'can you affect that the laptop we are preparing ***mask*** toward a distinguishing and certain cafeteria ?'
False	1	extend	0.0023430511355400085	extends	1.4413704872131348	b'the additional peoples we sell in our coordination ***mask*** ; we condemn paperwork council for easter , surface tip and throat - butt for kabul .'
True	0	adds	4.540292263031006	add	2.480689525604248	b'my threat with expecting the reaction directly ***mask*** , could it be eliminated that totally everyone led the tap would or could avoid at any period , since we highly loved virginia and states and if they testified they might have documented a global sentence ??'
True	0	responds	-6.820244789123535	respond	-7.066038608551025	b'well , unless immediately rarely the third luncheon he followed in the kitten ***mask*** out .'
True	0	hears	2.8831629753112793	hear	2.3667023181915283	b'it depends the trader for discomfort announcement and ***mask*** , \xe2\x80\x9c we are deployed that the heard should not adopt with conventional - conversation colleges who pose to collect and develop directly and onwards in the residents , directions , and habits of homemade curve . \xe2\x80\x9d'
True	1	indicate	3.4760122299194336	indicates	0.2902604043483734	b'the absurd chores we meet in our radar ***mask*** ; we lose region plate for easter , stream fantasy and ceiling - clan for leach .'
True	1	have	18.744237899780273	has	13.139452934265137	b"whie i do n't subscribe to the notion that the things we watch or listen to ***mask*** no effect on our behavior ( which i think is patently rediculous ) , it does bother me when people single out a specific group of people to pin the blame on ."
True	0	demonstrates	-4.819823265075684	demonstrate	-7.02919340133667	b'well , unless almost halfway the third confidante he signed in the criticism ***mask*** out .'
True	0	reflect	1.2440896034240723	reflects	-2.6919140815734863	b'if you believe any grandchildren or ***mask*** any exam afterward occasionally , please see louisiana murphy at sixteen or sue berlin at seven .'
True	0	makes	1.3158177137374878	make	-0.17348532378673553	b'it relates the majority for belief aircraft and ***mask*** , \xe2\x80\x9c we are purchased that the regulatory should not overcome with strong - pump differences who continue to pick and revise forth and onwards in the sanctions , countries , and losses of weird perfection . \xe2\x80\x9d'
True	0	create	5.256598472595215	creates	0.5709139704704285	b'please delete me wrap if you believe any favorites or ***mask*** anything unprecedented .'
skipping is/are
True	0	want	15.169835090637207	wants	8.05123519897461	b'i dislike this urban society and ***mask*** to leave this whole enviroment .'
True	0	deliver	6.661508560180664	delivers	3.454007863998413	b'prices incomplete : lake nine through industry seven ( acquiring you receive on the photograph we pose and ***mask*** directly to lodging the horse after we pose )'
True	0	generates	7.79213809967041	generate	6.301380634307861	b'this clerk of luck represents around the snow s swing and controllers and ***mask*** a revenue for the nightmare accidentally on the receipt of the club in tribe of decision seconds .'
True	0	allows	0.6912047863006592	allow	-0.44186925888061523	b'my dentist with arriving the hatred solely ***mask*** , could it be arrested that regularly everyone heard the hole would or could arrive at any jaw , since we firmly needed bbc and pigs and if they remembered they might have purchased a critical software ??'
True	1	explain	1.6734739542007446	explains	0.7531893849372864	b'i want the chores on which i should develop your website ***mask*** : ( a ) do you translate a willing mother about the context to tall laptop kids built by austin amy ?'
True	0	write	4.879937648773193	writes	-0.2396487295627594	b'please make me remain if you pay any devices or ***mask*** anything independent .'
True	0	intends	4.656443119049072	intend	3.536637306213379	b'the sole liberty i murdered this vision ***mask*** to exploit anyone comparing this if they condemn of some retaliation i can prefer marry a star to this today today .'
True	0	seek	0.6240805387496948	seeks	-2.2411890029907227	b'you assume the picketing and ***mask*** tube signature into the welfare .'
False	0	understands	-2.5521011352539062	understand	-0.6353100538253784	b'the first manager you die whenever you indicate on recovery ***mask*** that the cork disintegration never drops out the curse and tells into the gem failure .'
True	0	admits	-3.457651138305664	admit	-4.039207458496094	b'the cheapest hunt you can join in atta ***mask*** to tend to a stadium .'
True	0	chooses	0.17640052735805511	choose	-0.7238938808441162	b'can you oppose that the logo we are bringing ***mask*** toward a respective and boring recovery ?'
True	0	reflects	0.574115514755249	reflect	0.3414251208305359	b'see for a petroleum of reviewers in their junk that submits from the date and ***mask*** really to the police fo the looting .'
True	0	reflect	2.208385705947876	reflects	-0.5548454523086548	b'come me create if you tell any records or ***mask*** anything ugly .'
True	1	explain	-3.4615347385406494	explains	-6.835014820098877	b'irish tables that personally would customize ***mask*** spaces , satellite , financial behalf and some temples of curtains .'
False	0	produces	0.4320855140686035	produce	1.2210524082183838	b'the first provision you suck why you agree on bunch includes that the disgrace cancer frankly brings out the chili and ***mask*** into the trader scale .'
False	1	intend	-2.687493085861206	intends	-0.733672022819519	b'i begin the waters on which i should continue your toy ***mask*** : ( a ) do you disrupt a same sect about the lot to fortunate description capsules served by ivan arabic ?'
True	0	chooses	1.7963088750839233	choose	-0.9116374254226685	b'can you exist that the border we are seeking ***mask*** toward a valid and various gun ?'
False	0	admits	0.7847840785980225	admit	1.935057282447815	b"the surplus to bother in version ***mask*** that huge excellent lions and travels and shocked judicial compliments are lethal to hire badly certainly tired to the andaman in abdel than al - blue attorneys , and it would be virtual to develop one 's others off the barren convention ."
True	0	goes	14.108341217041016	go	10.930712699890137	b'look for a lot of stripes in their head that starts from the beak and ***mask*** back to the back fo the bird .'
True	2	appear	-2.3867733478546143	appears	-2.9434666633605957	b'the effeminate sensitive years that never would recreate from backup ***mask*** painter , satellite , cheese , vet , typical surface and democratic connections of temperatures and resolutions -- rural as the leo kidney .'
True	0	decides	1.7839417457580566	decide	-1.5532158613204956	b'can you expire that the ground we are happening ***mask*** toward a partial and soothing custody ?'
True	0	manage	2.179338216781616	manages	-3.1293206214904785	b'you indicate the lettuce and ***mask*** nomination piece into the planet .'
True	0	appears	5.8496527671813965	appear	3.5895726680755615	b'the strongest grave you can warn in alexandria ***mask*** to reopen to a channel .'
True	0	operates	-0.34031304717063904	operate	-1.790276050567627	b'the absolute payable lighting i have contributed ***mask*** that in the suggestion of iaea eighteen landlord of the creativity is increasingly traced in the lieutenant the password before the telephone , this swing deleted after the diplomatic condominium .'
True	0	represents	-0.3564760088920593	represent	-1.923302173614502	b'an agreeable insight executed in fifty ***mask*** there add billion " weapons " in the abdul israelis , but underage commanders are slowly healthier than this .'
True	0	allows	-1.0233041048049927	allow	-1.9295170307159424	b'the intense diversion i passed ago from them in the first mistake ***mask*** because my historical position who appeared with them was receiving out on his awful .'
True	0	serves	4.880162239074707	serve	2.0222671031951904	b'this character of brass sends around the growth s spa and choices and ***mask*** a shit for the reality indoors on the decor of the bug in contrast of soul fights .'
True	0	tosses	1.2755825519561768	toss	-1.0056535005569458	b'if you laugh a worship who will migrate to you and marry he will execute and then remove his mankind , and not migrate what he is growing about why he continues balls at impressionist trips and ***mask*** they expect what you seek , why they will not circulate for you , prepare to this patronage ... he is the office for you .'
True	0	deserve	4.782520771026611	deserves	1.151832103729248	b'put me decide if you condemn any days or ***mask*** anything exceptional .'
True	0	sucks	-0.8038626313209534	suck	-3.3195650577545166	b'an amusing invitation arrived in five ***mask*** there oppose four " thousands " in the afghanistan appropriations , but invasive rats are still cheaper than this .'
True	0	grows	17.774871826171875	grow	16.04540252685547	b'also encourage your recipients to forward this along to their contacts , and so on , so that the movement to help her ***mask*** exponentially .'
True	1	operate	-2.0989089012145996	operates	-2.2782859802246094	b'i refer the facts on which i should raid your farce ***mask*** : ( a ) do you serve a joint congregation about the grill to gentle floor habits meant by edt electoral ?'
False	0	delivers	-5.721841335296631	deliver	-3.62345814704895	b'otherwise include your meals to prefer this incredibly to their photos , and however approximately , so that the stranger to destroy her ***mask*** efficiently .'
True	1	include	4.284271240234375	includes	2.8300511837005615	b'i listen the packages on which i should provide your chapel ***mask*** : ( a ) do you wash a vital hole about the perfume to fundamental locker stages kept by arabia atomic ?'
True	0	operates	0.8228695392608643	operate	-1.1273751258850098	b'the independent constant democracy i have reduced ***mask*** that in the palace of autumn eight kid of the violence is afterward checked in the pub the furnace before the coordination , this notion printed after the competitive fashion .'
False	0	adds	-3.3649325370788574	add	-1.7528157234191895	b'the unprecedented cash to choose for global ***mask*** to defend fifty , or your moment tent car reptile , and accept .'
False	0	understands	2.3791186809539795	understand	2.917320966720581	b'especially , the impressionist acupuncture designated for embarrassment ***mask*** whether our account ( the ecological application and thus the opportunity they spend to postpone ) is or affects not an essential kindness under the ranch .'
False	0	agrees	-2.4305694103240967	agree	-0.11967410147190094	b'because of the coordination that his tribal deck with nov ukraine had spent him , he continued hundreds humble as : " you can respond a conflict and a movement , eighteen tuna you ca n\'t define ***mask*** whenever you \'re meaningful also " and demonstrated collages to the " laurie levitt " partner promoting that " quickly he visited shiite proponents to pour slightly tolerable as a warning " .'
True	0	generate	-0.2580639123916626	generates	-3.434713840484619	b'birds suffer the example but ***mask*** her frightening cake and the landing progresses .'
True	0	deserves	1.419918417930603	deserve	-1.9311575889587402	b'it thinks the resolution for pain instructor and ***mask*** , \xe2\x80\x9c we are perceived that the janet should not implement with reasonable - carrier reservations who spend to make and spawn personally and abruptly in the rabbits , salads , and partnerships of fashioned database . \xe2\x80\x9d'
True	0	believes	1.4250761270523071	believe	-1.8078718185424805	b'can you interfere that the boulevard we are bleeding ***mask*** toward a municipal and marvelous pursuit ?'
skipping is/are
True	1	employ	0.33899426460266113	employs	-1.179013967514038	b'the empty ft we prefer in our religion ***mask*** ; we become trend responsibility for easter , police conclusion and target - landlord for finland .'
True	0	adds	0.8976444602012634	add	0.6380600333213806	b'the annoyed custody to retaliate for technical ***mask*** to monitor two , or your priest foreigner rejection flank , and introduce .'
True	0	includes	5.455750465393066	include	5.033071994781494	b'the advanced crucial container i have chosen ***mask*** that in the discretion of ei eighteen station of the rain is onshore banned in the blower the substance before the feeder , this compensation felt after the retarded doctor .'
True	0	makes	1.1315171718597412	make	-0.8478531241416931	b'it wakes the king for ball alarm and ***mask*** , \xe2\x80\x9c we are signed that the mohammed should not impose with messy - prayer minds who become to preserve and recruit widely and unanimously in the restrictions , civilians , and standards of compatible spreadsheet . \xe2\x80\x9d'
True	1	suck	0.02248217910528183	sucks	-4.231617450714111	b"whie i do n't register to the leash that the partnerships we learn or provide to ***mask*** no acceptance on our guest ( which i laugh is historically spiritual ) , it does reflect me whenever difficulties represent out a considerable transition of bodies to produce the sales on ."
True	0	spends	1.591005563735962	spend	-0.08069701492786407	b'extremely adjust your centres to listen this aggressively to their budgets , and completely officially , so that the propaganda to remove her ***mask*** underneath .'
False	0	affirms	0.9711621999740601	affirm	0.9711621999740601	b'the happy discharge i seized this vision ***mask*** to assist anyone dispersing this if they tend of some transaction i can retrieve perform a buildup to this plan chess .'
True	0	toss	2.260542392730713	tosses	0.39366814494132996	b'come me throw if you pay any moors or ***mask*** anything unlimited .'
True	0	carry	3.2522928714752197	carries	-3.004162549972534	b'i continue this illegal bombing and ***mask*** to hang this popular exam .'
False	0	understands	-2.4344935417175293	understand	2.1766512393951416	b'my registration with achieving the prosecution pursuant ***mask*** , could it be agreed that politely everyone flew the branch would or could impress at any tabs , since we primarily flowed ham and computers and if they blended they might have cooked a healthy mouth ??'
True	0	come	4.113727569580078	comes	0.3666042983531952	b'if you develop any fans or ***mask*** any invoice apart automatically , please see troy carnegie at two or singer wood at seven .'
True	0	provide	3.112173080444336	provides	-0.6843522191047668	b'go me listen if you pose any firms or ***mask*** anything ethnic .'
False	1	explain	-5.78172492980957	explains	-5.457403182983398	b'irish spurs that predominantly would reflect ***mask*** ships , penny , lynch beach and some deaths of rebels .'
True	0	meet	4.540305137634277	meets	-0.4977644085884094	b'beware me digest if you throw any couples or ***mask*** anything edible .'
skipping is/are
True	1	expects	2.5643434524536133	expect	1.3975054025650024	b'the economic functional murderer that he writes ***mask*** that he particularly goes his cabins and surely cares fabulous with his difficult gem .'
True	1	remain	5.580684661865234	remains	1.60243558883667	b"whie i do n't communicate to the pilot that the speakers we choose or suggest to ***mask*** no inquiry on our worker ( which i require is wholly scientific ) , it does remind me whenever requests seek out a temporary bench of helicopters to prescribe the deadline on ."
True	0	ensure	0.27306869626045227	ensures	-3.7952115535736084	b'they extremely add if you make route in your wager , ( for gains like me ) , they begin an attraction of the sheet and ***mask*** naked appropriations to wander .'
False	0	understands	2.6386911869049072	understand	3.1594300270080566	b'the unacceptable privileged photography i have filled ***mask*** that in the kidney of agra eighteen complaint of the voting is individually described in the career the journey before the tug , this therapy paid after the tripartite harness .'
True	0	sees	2.7909774780273438	see	2.3788743019104004	b'actually adjust your hens to meet this obviously to their references , and still abroad , so that the difficulty to deserve her ***mask*** approximately .'
False	1	extend	-4.055149555206299	extends	-3.4155211448669434	b'i refuse the volumes on which i should cancel your country ***mask*** : ( a ) do you donate a frustrating satisfaction about the context to soft surface drugs noticed by ontario aires ?'
False	0	ensures	4.701167583465576	ensure	5.02783203125	b'the first facility you carry whenever you oppose on sympathy ***mask*** that the pocket garage super receives out the paw and lasts into the grave flooding .'
True	0	assumes	2.2733654975891113	assume	0.9545084238052368	b'the awful busy breeder i have passed ***mask*** that in the rabbit of iceland eighteen spa of the campaigning is otherwise kept in the proportion the flipping before the hotel , this carbon turned after the big web .'
True	0	recommends	-1.240653395652771	recommend	-1.9062554836273193	b'as you suffer above the provision , the plenty of the superior migrant goes your drama and ***mask*** you contain newer and clearer .'
True	0	has	12.524961471557617	have	8.200913429260254	b'this type of harness goes around the dog s chest and legs and ***mask*** a clip for the leash up on the back of the dog in middle of shoulder blades .'
True	0	visit	6.033061981201172	visits	1.7507386207580566	b'dignitaries condemn the act but ***mask*** her bereaved family and the money flows .'
True	1	enjoy	-0.4187031388282776	enjoys	-2.5501370429992676	b'the academic grandparents we proceed in our channel ***mask*** ; we pose market none for easter , flipping reputation and scam - tonight for chechnya .'
True	2	include	13.278783798217773	includes	8.819388389587402	b'the important commercial species that probably would benefit from warming ***mask*** cod , haddock , saithe , herring , blue whiting and several types of flatfish and crustaceans -- such as the norway lobster .'
True	0	hears	2.8327114582061768	hear	-0.2479349672794342	b'even adjust your prices to begin this indeed to their dividends , and carefully aggressively , so that the route to dine her ***mask*** incorrectly .'
True	0	fails	-1.7185642719268799	fail	-5.078713893890381	b'a reserve forum anticipated in lanka fifty ***mask*** , " due to its vet astride the warner carnival , assembly has fairly been a whim to the client .'
False	0	enjoys	-4.419713973999023	enjoy	-2.940778970718384	b'the automatic traveler i threw eventually from them in the first consumption ***mask*** because my fortunate crime who appreciated with them was looking out on his ambitious .'
True	0	comes	7.595697402954102	come	5.430312156677246	b'can you interfere that the spring we are joking ***mask*** toward a same and reasonable medicine ?'
True	0	ensure	3.0395405292510986	ensures	-0.07687515020370483	b'they exponentially indicate if you carry bull in your panic , ( for lions like me ) , they laugh an extent of the field and ***mask*** similar affairs to bless .'
True	0	continue	6.631534099578857	continues	0.9505026340484619	b'i hear we possibly pick the milk and ***mask*** to lebanon .'
False	0	tends	0.5292184352874756	tend	1.5219810009002686	b'i remain the salsa you preceded to me ***mask*** to the belgium pew at europe ( ran in nicobar ) .'
True	0	operates	-2.8491408824920654	operate	-3.8752546310424805	b'the unaware site to click for mobile ***mask*** to withdraw six , or your cousin magazine warranty snack , and owe .'
False	0	includes	1.8170890808105469	include	2.899256706237793	b'my dad with establishing the protein surely ***mask*** , could it be approved that publicly everyone lacked the tug would or could exceed at any permission , since we roughly drafted philip and tamils and if they felt they might have needed a meticulous directive ??'
True	1	develop	0.4635154902935028	develops	-2.9779937267303467	b'but unacceptable demons do compel the route they propose he will grow , and the agreements who provide him ***mask*** to obtain the appropriations who exist him .'
False	0	produces	-3.4383413791656494	produce	-2.3864967823028564	b'i consider the dominance you replied to me ***mask*** to the kennedy coogan at april ( tried in kim ) .'
True	1	reflect	0.5122321844100952	reflects	-4.679089546203613	b'but attentive hosts do harass the fan they manage he will recreate , and the implications who wash him ***mask*** to emit the establishments who expect him .'
True	1	agrees	0.9593155384063721	agree	-1.5431692600250244	b'the inappropriate romantic diversion that he submits ***mask*** that he honestly demonstrates his fundamentalists and gently follows necessary with his visible correction .'
True	0	beg	-0.9986605048179626	begs	-3.9632468223571777	b'find me retake if you develop any publications or ***mask*** anything optimistic .'
True	0	relates	0.8032253980636597	relate	-2.447309970855713	b'the first pig you carry whenever you eat on possibility exists that the scrap photographer downhill lasts out the punishment and ***mask*** into the sensitivity shame .'
True	1	appear	-4.526780605316162	appears	-5.4391584396362305	b'antique spurs that greatly would testify ***mask*** contents , chairman , portugal profile and some liberties of cartoons .'
True	0	observes	4.768944263458252	observe	2.455794334411621	b"the rebel to hire in sensitivity ***mask*** that many afraid strategies and seas and respective retired birds are basic to pour badly partly brave to the ukraine in israel than al - berlin utensils , and it would be neat to fill one 's affairs off the gentle convenience ."
True	0	need	12.460714340209961	needs	7.0922088623046875	b'please let me know if you have any questions or ***mask*** anything else .'
True	0	enter	3.0011210441589355	enters	-1.9374585151672363	b'they indefinitely operate if you hear master in your time , ( for hijackers like me ) , they lose an environment of the consistency and ***mask*** narrow earthworms to prepare .'
True	0	compares	-0.5428344011306763	compare	-1.3050367832183838	b'an external origin authorized in sixteen ***mask*** there assume seven " kilometres " in the ana arabs , but impeccable countries are possibly lighter than this .'
True	0	manage	4.033929347991943	manages	0.9895620346069336	b'ladies initially : jeremy two through electoral three ( expanding you manage on the purpose we listen and ***mask*** rarely to thread the cat after we listen )'
True	0	explains	-0.2820761799812317	explain	-0.48090308904647827	b'the recent wording i tried this jar ***mask*** to evacuate anyone telling this if they proceed of some stylist i can postpone seem a decor to this document report .'
True	0	includes	-2.4526071548461914	include	-2.926818370819092	b'the asymmetrical wager i blew indeed from them in the first bench ***mask*** because my dumb friendship who ordered with them was suggesting out on his electrostatic .'
True	0	seeks	1.8649001121520996	seek	-0.06319133937358856	b'as you laugh above the compliance , the theater of the latter source develops your section and ***mask*** you reassure taller and clearer .'
False	0	begs	-6.194070339202881	beg	-0.35669928789138794	b'i seem the manner you called to me ***mask*** to the croatia grill at amsterdam ( said in teresa ) .'
True	0	refers	2.949009895324707	refer	-3.3588814735412598	b'can you approve that the rivalry we are joining ***mask*** toward a suspicious and privileged disaster ?'
True	1	intend	-4.72409200668335	intends	-4.861519813537598	b'i recognize the dollars on which i should revise your band ***mask*** : ( a ) do you communicate a valid predator about the lifeboat to constant mystery cats strengthened by antichrist autumn ?'
True	0	begins	2.9409940242767334	begin	-0.7085567712783813	b'come for a team of women in their guerilla that generates from the cabinet and ***mask*** mostly to the cave fo the propane .'
True	0	belong	-2.3740994930267334	belongs	-3.22663950920105	b'judges laugh the imprisonment but ***mask*** her monthly wire and the neighborhood relates .'
True	0	understands	2.145599126815796	understand	1.0756539106369019	b"the wing to concur in reduction ***mask*** that retired antique courses and rockies and preventive full deer are tragic to describe soon historically hospitable to the ontario in ontario than al - sharon alternatives , and it would be fashioned to collect one 's utilities off the senior feedback ."
True	0	remember	-0.5095016956329346	remembers	-5.376896858215332	b'you apply the toy and ***mask*** fighter hair into the blackmail .'
True	0	dies	2.6346657276153564	die	-0.9447882175445557	b'this conviction of homosexuality melts around the team s neighbor and militants and ***mask*** a director for the jerk importantly on the beard of the lunch in weapon of law thieves .'
True	1	includes	3.779564619064331	include	3.474249839782715	b'the unable forthcoming hospitality that he deserves ***mask*** that he strongly sees his prisoners and necessarily writes diplomatic with his northeastern wasp .'
True	0	require	5.521124362945557	requires	1.9745875597000122	b'learn me miss if you carry any whereabouts or ***mask*** anything unbelievable .'
True	0	delivers	3.712367057800293	deliver	0.3798688054084778	b'can you enable that the contribution we are checking ***mask*** toward a generic and controversial cage ?'
False	0	hears	-0.01216915249824524	hear	0.4169069826602936	b'an unknown alert aggravated in nine ***mask*** there oppose three " genitals " in the andre ages , but unpopular standards are roughly happier than this .'
True	0	want	3.230945587158203	wants	-3.2913153171539307	b"terms who require these actions ***mask*** at the effort amazingly ; and it 's ridiculous to concur they are absolute and sunny to withdraw no if they deny there would fix a therapist ."
True	0	see	8.846558570861816	sees	2.285876989364624	b'if you meet any records or ***mask*** any army incomplete always , please hang rahman hell at three or palestine niagara at six .'
True	0	refer	-0.3262723982334137	refers	-0.5732853412628174	b'prices prefer the opinion but ***mask*** her primary tract and the clothing begins .'
False	0	observes	-3.91475510597229	observe	-2.7629451751708984	b'my yoga with answering the throat technically ***mask*** , could it be understood that properly everyone belonged the parent would or could establish at any swing , since we correctly warned courtney and californians and if they killed they might have saved a cruel violence ??'
skipping is/are
True	1	explain	-2.2181508541107178	explains	-4.26686954498291	b'asian traditions that hopefully would wrap ***mask*** trees , reconciliation , saddam waitress and some reservations of measures .'
False	0	throws	-1.7698546648025513	throw	1.4697213172912598	b'i remain the kid you tested to me ***mask*** to the colin coalition at okinawa ( guaranteed in loretta ) .'
False	0	adds	-4.613091468811035	add	-4.1254777908325195	b'the electronic convenience i chose apparently from them in the first station ***mask*** because my functional connection who indicated with them was telling out on his undecided .'
True	0	provide	3.294548511505127	provides	0.22480979561805725	b'i spend this acceptable wagon and ***mask*** to prepare this regional energy .'
True	0	recommend	0.6304425597190857	recommends	-0.5466541051864624	b'i serve we somewhat sell the fan and ***mask*** to kline .'
False	0	indicates	-0.6538505554199219	indicate	0.07152606546878815	b'because of the virus that his solar photography with delivery oglethorpe had happened him , he missed producers yellow as : " you can communicate a spore and a bravery , eight menu you ca n\'t prepare ***mask*** why you \'re limp unfortunately " and stayed currents to the " taiwan canal " jail containing that " repeatedly he phoned perfect foreigners to collect warmly militant as a philosophy " .'
True	0	remains	0.8849538564682007	remain	-1.0709537267684937	b'i proceed the towing you threw to me ***mask*** to the don rice at ayatollah ( folded in milan ) .'
True	0	indicates	5.805779933929443	indicate	3.932469129562378	b'the unexpected radical notification i have proposed ***mask*** that in the collateral of orr eighteen locker of the majority is immediately protected in the pasture the merger before the skill , this shame tasted after the biochemical device .'
True	0	relate	0.5972050428390503	relates	-3.67852783203125	b"programs who seem these adults ***mask*** at the ideology entirely ; and it 's defensive to put they are unconnected and dead to grab no if they die there would commit a phenomenon ."
True	0	loses	2.5592033863067627	lose	1.4994795322418213	b'i decide the notch you began to me ***mask*** to the tiffany mcdonald at atlanta ( maintained in superfund ) .'
False	0	decides	2.908205032348633	decide	4.362523555755615	b'if you die a source who will represent to you and reflect he will expand and then migrate his determination , and not regret what he is hoping about whenever he depends reasons at eastern temperatures and ***mask*** they indicate what you throw , why they will not defend for you , come to this tension ... he is the affair for you .'
True	0	delivers	1.7999892234802246	deliver	-3.766178607940674	b'well , unless inevitably thus the third lease he deleted in the chapter ***mask*** out .'
True	0	generate	10.573077201843262	generates	6.530481338500977	b'if you manage any dilemmas or ***mask*** any energy occasionally overly , please continue kaufman jan at seven or lake rolling at fifteen .'
True	0	points	14.422897338867188	point	8.913756370544434	b'can you accept that the road we are travelling ***mask*** toward a grim and painful future ?'
False	1	adds	1.6208641529083252	add	2.223555088043213	b'the joint lot cases recommend there ***mask*** raid to the craft .'
True	0	includes	2.583897590637207	include	1.9905441999435425	b'the hysterical democracy i started this counsel ***mask*** to identify anyone seeking this if they provide of some preparation i can prove strengthen a recovery to this brass period .'
skipping is/are
True	0	demonstrate	0.1122419685125351	demonstrates	-2.3057737350463867	b'commissioners decide the advertising but ***mask*** her delicate driver and the surplus supports .'
True	0	refuse	3.38800311088562	refuses	0.6054114103317261	b'wolves see the exclusion but ***mask*** her geographical space and the death receives .'
True	1	assume	0.33665362000465393	assumes	-4.4365692138671875	b'the electoral parties we tolerate in our label ***mask*** ; we manage percentage tutorial for easter , climate chili and warning - rein for christianity .'
True	0	write	4.321396350860596	writes	1.2808130979537964	b'wait me grow if you learn any targets or ***mask*** anything unconnected .'
True	0	lose	0.11032773554325104	loses	-1.9376109838485718	b'i come we rapidly begin the tin and ***mask*** to southwest .'
True	0	require	15.914794921875	requires	9.59073257446289	b'if you have any questions or ***mask*** any assistance at all , please contact hope duncan at 202.739.0134 or jeff mangold at 703.729.2710 .'
False	0	observes	-4.741507530212402	observe	-2.6167349815368652	b'the aware coast i requested onboard from them in the first center ***mask*** because my glad midst who enjoyed with them was seeking out on his unfortunate .'
True	0	carry	5.271296501159668	carries	1.664613962173462	b'please put me communicate if you lose any headlines or ***mask*** anything unacceptable .'
True	0	believe	1.5577690601348877	believes	-2.624636173248291	b"prices who pale these astronauts ***mask*** at the enjoyment anymore ; and it 's hectic to commit they are environmental and bored to foresee no if they begin there would deliver a vegetable ."
True	2	expect	-2.5251433849334717	expects	-6.891201496124268	b'the extraordinary false provinces that secretly would cancel from scrap ***mask*** protein , bunch , lifeboat , lease , visible sensitivity and terrible bottles of relatives and sales -- sensitive as the capricorn background .'
True	1	apply	-1.7196218967437744	applies	-3.67106556892395	b'additional leaders that thereafter would translate ***mask*** things , property , jared combo and some lions of guidelines .'
False	0	ensures	-3.3071703910827637	ensure	-2.5380287170410156	b'the interested popularity to reconsider for lax ***mask*** to retrieve six , or your professor difference criticism competition , and adjust .'
True	0	carry	3.8596339225769043	carries	-0.3670356869697571	b'you exist the chairman and ***mask*** disease fan into the sovereignty .'
True	1	intend	-1.8091341257095337	intends	-4.371344566345215	b'additional parties that frankly would conclude ***mask*** donations , custody , japan ticket and some provisions of toes .'
True	0	makes	16.877931594848633	make	13.271862983703613	b'as you sit above the world , the warmth of the golden sun penetrates your body and ***mask*** you feel warmer and warmer .'
True	0	seek	4.295116424560547	seeks	1.6206096410751343	b'you operate the campaign and ***mask*** counsel grandson into the facility .'
True	0	loses	2.497788190841675	lose	-1.3994359970092773	b'it refuses the council for man expectation and ***mask*** , \xe2\x80\x9c we are filmed that the lake should not enable with massive - character companies who provide to commit and revise regardless and indoors in the responsibilities , bottles , and chicks of satisfied creation . \xe2\x80\x9d'
True	0	learns	-3.087090015411377	learn	-3.442399263381958	b'an underage atrophy equipped in billion ***mask*** there intend seven " complexes " in the eurasia indians , but infinite tires are nowadays cheaper than this .'
True	0	observe	0.6861836910247803	observes	-3.0230820178985596	b'they obviously anticipate if you make boy in your facility , ( for bottles like me ) , they realize an ownership of the participant and ***mask*** certified agencies to prove .'
False	0	belong	-4.819194316864014	belongs	-2.770717144012451	b'rules listen the artwork but ***mask*** her promotional perception and the queen produces .'
True	1	intends	0.6915322542190552	intend	-1.9473836421966553	b'the unsure strategic story that he tells ***mask*** that he virtually contains his bucks and currently continues necessary with his dire pleasure .'
True	0	suggest	-0.8165464997291565	suggests	-4.525501728057861	b'reports eventually : limerick fifteen through ismail nine ( emerging you listen on the coat we decide and ***mask*** sufficiently to feedback the setback after we hear )'
True	0	spend	2.435074806213379	spends	-1.239532709121704	b'cats provide the ownership but ***mask*** her huge manufacturer and the pup cares .'
True	0	requires	6.438133716583252	require	3.297203302383423	b'this wire of capability reflects around the commodity s trend and bombers and ***mask*** a memo for the sect eventually on the receiver of the diversion in payment of photo duties .'
False	0	allows	1.2630927562713623	allow	1.5580579042434692	b'my landing with increasing the crab traditionally ***mask*** , could it be understood that shortly everyone replaced the proportion would or could achieve at any mile , since we relatively felt messenger and fridays and if they planned they might have diagnosed a spiritual mode ??'
False	0	insists	0.08648233115673065	insist	0.1259627789258957	b'the homemade counsel i listened this beard ***mask*** to execute anyone filling this if they throw of some letter i can vomit propose a heart to this patience cage .'
True	0	begin	4.2012619972229	begins	0.22934910655021667	b'i continue we pursuant meet the cave and ***mask*** to lucy .'
True	0	applies	-0.8535448312759399	apply	-1.4757976531982422	b'the immediate strong parent i have lived ***mask*** that in the cafe of alito eighteen teeth of the health is abundantly monitored in the warlord the consumer before the medal , this showroom grabbed after the cute reconciliation .'
skipping is/are
skipping is/are
False	0	understands	-2.9994969367980957	understand	1.3974463939666748	b'the first fence you laugh why you admit on coup ***mask*** that the trial life really happens out the kitchen and hates into the floor beard .'
True	0	intends	1.8181896209716797	intend	-1.4459707736968994	b'usually , the insecure invoice taken for infantry ***mask*** whether our index ( the incredible invention and somehow the arrangement they see to protect ) is or objects not an identical whim under the healthcare .'
True	0	happens	4.305342674255371	happen	2.41414213180542	b'turn for a musician of stories in their concert that belongs from the locker and ***mask*** successfully to the punishment fo the jury .'
True	0	pay	5.570225715637207	pays	1.201136827468872	b'ladies exactly : columbia six through abramoff five ( attempting you propose on the tea we decide and ***mask*** politely to speaker the wolf after we propose )'
True	0	go	14.094834327697754	goes	8.491698265075684	b'days away : sept. 21 through oct. 3 ( assuming you work on the day we leave and ***mask*** back to work the day after we return )'
True	0	understands	5.993019104003906	understand	4.557976722717285	b'the uncut sweet waiter i have placed ***mask*** that in the lottery of amsterdam eight trip of the language is afterward taken in the scrutiny the child before the grid , this sea published after the tall salsa .'
True	0	continue	1.1121569871902466	continues	-2.609492063522339	b'click me wear if you suck any shelves or ***mask*** anything aortic .'
False	0	adds	-0.1792050302028656	add	0.055007170885801315	b'the smallest studio you can carry in omar ***mask*** to burn to a suggestion .'
False	0	sees	1.1144708395004272	see	2.160224437713623	b'it seems the tourist for quo identity and ***mask*** , \xe2\x80\x9c we are projected that the terry should not oppose with legislative - payout sanctions who remember to remain and communicate shortly and automatically in the tensions , temples , and messages of necessary cousin . \xe2\x80\x9d'
True	0	learns	0.3712470829486847	learn	-0.3770482540130615	b'bring for a heaven of weapons in their virus that reads from the master and ***mask*** smoothly to the task fo the marketing .'
True	0	throws	2.52024245262146	throw	0.9367628693580627	b'as you seem above the ton , the perfume of the critical protein provides your pattern and ***mask*** you reassure newer and taller .'
True	1	spend	4.890590190887451	spends	-3.017188787460327	b"whie i do n't solve to the commission that the stars we choose or receive to ***mask*** no aircraft on our death ( which i want is promptly generic ) , it does generate me whenever projects carry out a relaxed spa of crimes to see the pork on ."
True	0	receive	2.090493679046631	receives	-4.025914669036865	b'i propose this astounding rail and ***mask*** to pursue this naive office .'
True	0	exists	1.3086943626403809	exist	-0.8317800760269165	b'the first proportion you collaborate whenever you exist on darkness ***mask*** that the junk tractor respectively pays out the hybrid and suggests into the permission tax .'
True	0	allows	4.99298620223999	allow	1.9096306562423706	b'my haven with acting the character merely ***mask*** , could it be accepted that cheaply everyone grabbed the labor would or could assist at any picketing , since we regularly listened beijing and metals and if they remembered they might have titled a honest direction ??'
True	0	intends	0.3724820911884308	intend	-1.9261046648025513	b'ever , the immediate absorption created for arthritis ***mask*** whether our ets ( the unknown exposure and dramatically the energy they describe to maintain ) is or understands not an angry reality under the corps .'
False	0	understands	-1.8363449573516846	understand	-1.2115920782089233	b'the rare reversal i called this sauce ***mask*** to attend anyone doing this if they make of some puppy i can breathe forget a bag to this thanks money .'
True	0	deserves	-0.5650718808174133	deserve	-0.5783284306526184	b'i deny the brain you developed to me ***mask*** to the janice sancho at ips ( protected in mills ) .'
False	0	explains	-1.4765663146972656	explain	0.1341005563735962	b'because of the musician that his timely comparison with ray ei had protected him , he contacted rewards solid as : " you can regret a pewter and a master , eighteen capacity you ca n\'t foresee ***mask*** whenever you \'re crucial indefinitely " and said snakes to the " prophet scotland " tension watching that " basically he belonged dear policies to wrap neatly preventive as a room " .'
False	0	suffers	-0.10556207597255707	suffer	0.6427770256996155	b'the first dioxide you deny why you admit on tip enjoys that the tourism staff hereby crashes out the company and ***mask*** into the heating friendship .'
False	0	meets	-2.733656406402588	meet	-1.8961926698684692	b'well , unless indeed quietly the third position he phoned in the marketing ***mask*** out .'
True	0	create	7.760268211364746	creates	4.134318828582764	b'save me discuss if you tend any conclusions or ***mask*** anything amusing .'
True	0	realise	-0.1361035853624344	realises	-4.066072463989258	b"stars who recognize these attempts ***mask*** at the id incorrectly ; and it 's grand to harass they are educated and naive to reassure no if they come there would spell a direction ."
True	0	put	4.587770462036133	puts	0.9684314727783203	b'you add the water and ***mask*** water conditioner into the water .'
True	0	states	14.799131393432617	state	10.105441093444824	b'it presents the case for marriage equality and ***mask*** , \xe2\x80\x9c we are resolved that the state should not interfere with same - gender couples who choose to marry and share fully and equally in the rights , responsibilities , and commitments of civil marriage . \xe2\x80\x9d'
True	0	adds	6.604822158813477	add	4.059990882873535	b"the wolf to continue in time ***mask*** that critical afghan kinds and pakistanis and dissatisfied kurdish gentlemen are romantic to harass badly faithfully tall to the andrew in ashcroft than al - lonely appointees , and it would be gullible to prove one 's ecosystems off the final sea ."
True	0	respond	2.749424457550049	responds	0.9443478584289551	b'i refer we perfectly provide the pub and ***mask*** to cst .'
True	0	suggests	12.742330551147461	suggest	9.02009391784668	b'an official estimate issued in 2003 ***mask*** there are 50,000 " foreigners " in the andaman islands , but unofficial figures are much higher than this .'
