True	1	exists	3.9513683319091797	exist	1.4972363710403442	b'the organised massive skin that he depends ***mask*** that he thus sends his rights and nowadays tells lazy with his northeastern merchant .'
True	0	ensures	-2.2811059951782227	ensure	-3.4611141681671143	b'because of the paperwork that his terrible father with dental alan had shared him , he saved wonders continental as : " you can retake a programming and a problem , eighteen song you ca n\'t gather ***mask*** whenever you \'re humble abroad " and discussed nostrils to the " future korea " dish removing that " primarily he said pakistani hands to reassure thus vital as a receipt " .'
True	0	admits	3.003413677215576	admit	2.1727328300476074	b'the first settlement you suggest whenever you extend on rumor ***mask*** that the premium media slowly melts out the culture and dies into the belly fever .'
True	0	spill	2.582533121109009	spills	0.0017505288124084473	b'if you choose any holdings or ***mask*** any electricity ethnically already , please tell sarah gm at six or crawford kevin at nine .'
True	0	decide	3.611844539642334	decides	-2.993941068649292	b'please groom me translate if you prefer any forums or ***mask*** anything obvious .'
True	0	approves	1.6530985832214355	approve	-3.247084379196167	b"the sauce to recruit in pastor ***mask*** that full european complexes and communists and strange jewish species are conventional to hang soon thereby violent to the amsterdam in isi than al - taiwan animals , and it would be numerous to recover one 's alarms off the governmental radar ."
True	0	operates	0.07524850964546204	operate	-1.4508575201034546	b'the first loan you respond why you indicate on frequency ***mask*** that the time remainder finally belongs out the speech and pays into the zoo technology .'
True	1	insist	-3.0856175422668457	insists	-3.392810344696045	b'the ecological wines we believe in our night ***mask*** ; we come drawer today for easter , rivalry difficulty and weapon - machine for louisiana .'
True	0	deserve	0.9288731217384338	deserves	-2.2674591541290283	b'please make me verify if you require any dancers or ***mask*** anything underage .'
True	0	tend	5.838104724884033	tends	2.26068377494812	b'i consider this adequate reputation and ***mask*** to relate this dangerous event .'
True	0	use	12.25686264038086	uses	6.017509460449219	b'they always ask if you have meat in your dish , ( for vegetarians like me ) , they scrub an area of the grill and ***mask*** separate utensils to cook .'
True	0	adds	3.1216304302215576	add	1.736636757850647	b'the first reduction you believe why you intend on decor ***mask*** that the commission soil specifically becomes out the virus and leads into the spirit market .'
True	0	adds	-1.8546485900878906	add	-2.079080820083618	b'the effective communication to thank for romantic ***mask*** to pursue three , or your boy tumor software behavior , and encourage .'
True	1	remain	7.171375751495361	remains	2.79781174659729	b'but unbelievable malls do describe the quiz they prefer he will replace , and the artists who remain him ***mask*** to investigate the appointments who extend him .'
False	2	explain	-3.0069549083709717	explains	-1.8815704584121704	b'the overcrowded strategic tourists that strictly would meet from meditation ***mask*** misunderstanding , bladder , poisoning , jerk , pure target and lovely rebels of marketers and cleaners -- previous as the doug snack .'
True	0	suggest	7.8096208572387695	suggests	1.1107854843139648	b'if you condemn any disasters or ***mask*** any error economically afterward , please specify butcher samuel at fifteen or tet nov at six .'
True	0	tend	9.107125282287598	tends	2.381645441055298	b'i seem we promptly suck the disaster and ***mask*** to jafar .'
True	0	represent	3.664113998413086	represents	1.1124153137207031	b'follow me predict if you put any publications or ***mask*** anything impenetrable .'
False	1	exist	0.7615497708320618	exists	0.7658565044403076	b'the electrostatic fisheries we develop in our monkey ***mask*** ; we listen perspective wall for easter , planet testimony and supervisor - budget for wii .'
True	1	employ	-0.6364631652832031	employs	-2.0546164512634277	b'i develop the liberals on which i should lace your gender ***mask*** : ( a ) do you pour a painful requirement about the cafeteria to delighted swap shops begun by andaman andre ?'
True	0	enters	-0.7087244987487793	enter	-2.122805595397949	b'my career with using the fantasy frequently ***mask*** , could it be eaten that perfectly everyone bought the swap would or could eat at any justice , since we happily prevented veterinary and wars and if they gave they might have grown a scientific blackmail ??'
True	0	represent	-0.8765775561332703	represents	-5.780892372131348	b'i deny this expensive customer and ***mask*** to remember this costly atrophy .'
False	0	understands	2.836839437484741	understand	5.013869762420654	b'instead , the effective extent killed for editor ***mask*** whether our usb ( the unaware obligation and nearly the exclusion they pose to compel ) is or involves not an obvious curve under the purse .'
True	0	tells	0.22705082595348358	tell	-7.271032333374023	b'the first goodness you laugh whenever you agree on testimony appears that the discovery king presently cares out the filter and ***mask*** into the salsa competition .'
True	2	enjoy	0.3712003529071808	enjoys	-1.5072362422943115	b'the overwhelming short properties that primarily would dial from lottery ***mask*** termination , divorce , term , wagon , militant salt and downstream martyrs of methods and wounds -- soothing as the karl separation .'
True	0	dies	2.8898379802703857	die	-0.5314650535583496	b'as you sell above the rape , the temper of the complicated stone feels your nature and ***mask*** you grow lighter and newer .'
True	0	makes	3.135529041290283	make	0.6460970640182495	b'put for a button of centuries in their reviewer that pays from the defence and ***mask*** historically to the bluff fo the reaction .'
True	1	carry	2.953796863555908	carries	-1.1854430437088013	b'but automatic millions do cancel the tutorial they dislike he will wash , and the explosives who provide him ***mask*** to argue the edges who insist him .'
False	0	expect	1.06915283203125	expects	1.0882443189620972	b'they especially include if you die reaction in your separation , ( for transfers like me ) , they believe an investment of the teacher and ***mask*** barren officials to receive .'
True	1	assumes	9.995664596557617	assume	5.87396240234375	b'the insecure weird shelter that he suggests ***mask*** that he possibly depends his participants and vigorously blames relevant with his funny process .'
True	1	approves	2.6495964527130127	approve	-2.5768063068389893	b'the enjoyable huge wing that he melts ***mask*** that he generally loves his hearings and properly relates conscious with his similar difficulty .'
True	1	begin	0.5332849621772766	begins	-3.316225051879883	b"whie i do n't consider to the discussion that the cabins we wash or meet to ***mask*** no user on our corps ( which i deserve is wholly conservative ) , it does mention me why ranchers die out a prior homeland of things to hear the vulnerability on ."
True	1	include	15.210864067077637	includes	10.676798820495605	b'important species that probably would decline ***mask*** shrimp , capelin , greenland halibut and some varieties of flatfish .'
True	0	represents	-5.522520542144775	represent	-7.027692794799805	b'well , unless abruptly harshly the third siege he paid in the mosque ***mask*** out .'
True	0	tend	0.08706796914339066	tends	-3.4043447971343994	b'if you laugh any flowers or ***mask*** any omnibus incredibly entirely , please breathe fred gerald at twenty or coogan medici at thirty .'
True	0	look	20.890853881835938	looks	13.65877914428711	b"workers who do these introductions ***mask*** at the interaction objectively ; and it 's good to see they are able and willing to say no if they feel there would be a problem ."
True	2	agree	-2.2253851890563965	agrees	-3.9507880210876465	b'the usual noble peoples that freely would reduce from role ***mask*** dispute , tin , portion , studio , mass bravery and cultural ladies of years and forums -- fundamentalist as the francis pillow .'
True	0	belongs	12.51887321472168	belong	7.483832359313965	b'i believe the message you forwarded to me ***mask*** to the mark taylor at ei ( based in london ) .'
True	1	allows	1.4556478261947632	allow	-0.2903696298599243	b'the potable mistake properties believe there ***mask*** flee to the surgery .'
True	1	define	0.3796725869178772	defines	-5.638094425201416	b'but insecure symptoms do rush the humanity they suck he will serve , and the extremists who lose him ***mask*** to amend the ants who include him .'
True	1	ensure	1.303104043006897	ensures	0.26940175890922546	b'the ordinary wars we require in our tuna ***mask*** ; we suggest traveler dryer for easter , climate channel and propane - millet for stark .'
skipping is/are
True	1	want	10.166180610656738	wants	4.889431953430176	b'but inner declarations do customize the leaf they seem he will harass , and the immigrants who lose him ***mask*** to eat the injuries who enjoy him .'
True	0	deserves	-2.4530575275421143	deserve	-4.202033519744873	b'a bill cult accepted in scott three ***mask*** , " due to its ticket astride the christmas cambodia , iss has now been a trauma to the suicide .'
False	2	affirm	-2.4291586875915527	affirms	-2.4291586875915527	b'the affluent strong wishes that desperately would sell from movie ***mask*** feedback , territory , size , lifestyle , crazy highway and heavy rounds of laws and politics -- fatal as the youngstown belief .'
False	1	admits	-2.525815725326538	admit	-0.21836161613464355	b'the capable treatment contractors recommend there ***mask*** ruin to the coordinator .'
True	0	go	14.846771240234375	goes	6.9416117668151855	b'i say we just keep the dough and ***mask*** to mexico .'
True	1	begin	10.776705741882324	begins	6.278666973114014	b'but incorrect cm do come the flower they refuse he will believe , and the effects who respond him ***mask*** to emit the opportunities who operate him .'
False	0	throws	-1.8620293140411377	throw	-0.9158662557601929	b'otherwise ensure your peoples to burn this aggressively to their homes , and deeply unfortunately , so that the globe to deny her ***mask*** appropriately .'
True	0	serve	4.393812656402588	serves	-0.42864662408828735	b'i refuse this adequate clinic and ***mask*** to vary this superb income .'
True	0	meets	2.296543598175049	meet	0.07566576451063156	b'it believes the bird for server exchange and ***mask*** , \xe2\x80\x9c we are reimbursed that the whipple should not examine with grand - product ships who meet to reduce and cancel personally and altogether in the slaves , nails , and curtains of personal compliance . \xe2\x80\x9d'
True	0	develops	-1.5709725618362427	develop	-2.737001895904541	b'well , unless initially legally the third guitar he considered in the source ***mask*** out .'
True	0	enters	-3.0837228298187256	enter	-3.107283115386963	b'the critical testimony i planned this chocolate ***mask*** to add anyone failing this if they represent of some comfort i can monitor suggest a curtain to this today cage .'
False	0	deserves	0.7112797498703003	deserve	2.2750136852264404	b'if you propose a country who will propose to you and see he will absorb and then convince his meditation , and not tell what he is sending about why he supports conclusions at extensive sandwiches and ***mask*** they arrive what you pick , why they will not hire for you , transmit to this rivalry ... he is the affection for you .'
False	1	indicate	-4.321989059448242	indicates	-2.5801687240600586	b'the influential drugs we continue in our swing ***mask*** ; we pick delivery harmony for easter , virus phrase and settlement - coal for yellowstone .'
False	1	extends	-0.843018651008606	extend	-0.5187075138092041	b'the lovely tournament cows deny there ***mask*** circulate to the thread .'
True	0	observes	-2.098533868789673	observe	-3.8997304439544678	b'the youngest loan you can seem in ivan ***mask*** to develop to a drying .'
True	0	allows	2.1126582622528076	allow	-1.394380807876587	b'almost , the embarrassing earthquake requested for oil ***mask*** whether our aa ( the absurd image and precisely the acupuncture they decide to recruit ) is or involves not an innovative tube under the fare .'
True	0	compares	0.0058961957693099976	compare	-2.8188560009002686	b'the first television you require whenever you exist on guest explains that the city minister solely writes out the duty and ***mask*** into the month knee .'
True	0	grows	9.090741157531738	grow	5.298578262329102	b'the first dinner you pay whenever you allow on pig involves that the compliance field financially sees out the language and ***mask*** into the consensus ton .'
True	0	operates	-2.806821346282959	operate	-5.4719014167785645	b'because of the phone that his potable flower with naval amelia had meant him , he reported properties pleasant as : " you can print a language and a tabs , eighteen stream you ca n\'t raise ***mask*** why you \'re beautiful utterly " and threw restrictions to the " kerry warren " cup ranging that " totally he handled judicial tensions to reflect reportedly dangerous as a terror " .'
False	2	include	0.24492982029914856	includes	1.9467304944992065	b'the arrogant difficult weekends that successfully would maintain from star ***mask*** soul , season , plot , path , narrow corner and nuclear minds of scientists and surgeons -- faithful as the starbucks crate .'
True	0	refuses	0.18239259719848633	refuse	-4.298691272735596	b'well , unless indoors strongly the third paper he passed in the campus ***mask*** out .'
True	0	extends	-0.5032972097396851	extend	-4.603377819061279	b"the tide to compete in participant ***mask*** that dwarf armed sports and professors and tricky syrian worries are distinguished to migrate soon seldom joint to the agra in ireland than al - laura allegations , and it would be neat to foresee one 's options off the tolerable disappointment ."
False	1	enjoys	-4.2442216873168945	enjoy	-0.722338080406189	b'the maximum dirt pairs become there ***mask*** translate to the theatre .'
True	0	generate	-0.338007390499115	generates	-2.3322503566741943	b"stars who put these animals ***mask*** at the ad immensely ; and it 's soothing to raise they are executive and handy to wrap no if they learn there would hesitate a steam ."
False	0	assumes	-1.8223627805709839	assume	-1.5308427810668945	b"the daughter to generate in housing ***mask*** that dwarf european guns and travels and bound final transactions are vital to convince soon however nuclear to the emma in ahmed than al - chevron openings , and it would be generous to carry one 's atrocities off the manned console ."
False	0	make	5.073708534240723	makes	5.396875858306885	b'mechanics pose the investment but ***mask*** her glaring predator and the moon demonstrates .'
True	0	learns	4.220705032348633	learn	3.2756314277648926	b'it leads the nephew for forum upgrade and ***mask*** , \xe2\x80\x9c we are contacted that the denton should not invite with foreign - security performers who provide to listen and bother still and altogether in the starters , stars , and casualties of knowledgeable slice . \xe2\x80\x9d'
True	0	hear	8.428973197937012	hears	-0.2952325940132141	b'please destroy me grab if you pay any seconds or ***mask*** anything aggressive .'
False	1	affirms	0.5302882194519043	affirm	0.5302882194519043	b'the healthy trip masks realize there ***mask*** lose to the freighter .'
True	0	spends	2.4560160636901855	spend	-0.6971250772476196	b'about expect your wheels to burn this incredibly to their managers , and separately apart , so that the crate to harass her ***mask*** approximately .'
True	0	exists	1.3471506834030151	exist	1.1245046854019165	b'because of the tank that his secondary pewter with nyc abby had checked him , he testified hosts blind as : " you can communicate a nausea and a plate , eight pasture you ca n\'t spend ***mask*** why you \'re certain exceptionally " and saved missions to the " sam ds " misfortune circling that " slowly he slept nepalese nails to define shortly vain as a dryer " .'
True	0	relate	5.105446815490723	relates	-0.8370979428291321	b'you affirm the distinction and ***mask*** platform trauma into the letter .'
True	0	dies	5.9417033195495605	die	4.505122184753418	b'well , unless overwhelmingly precisely the third territory he seized in the commission ***mask*** out .'
True	0	exists	3.7684478759765625	exist	0.030323930084705353	b'the healthy personality i provided this rock ***mask*** to add anyone leading this if they believe of some teacher i can prove bless a visitor to this shuttle deal .'
True	0	come	5.879178047180176	comes	3.6343486309051514	b'i deserve this arrogant shine and ***mask*** to throw this rude id .'
True	0	represents	4.378705978393555	represent	-0.05422000586986542	b'can you interfere that the scholarship we are joking ***mask*** toward a tired and messy drama ?'
True	0	demonstrate	1.0920872688293457	demonstrates	-0.9859127998352051	b'you indicate the dryer and ***mask*** nightlife context into the meantime .'
True	1	appear	-1.90448796749115	appears	-2.589616537094116	b'average prisoners that potentially would solve ***mask*** ft , creativity , washington partnership and some periods of customers .'
True	0	generates	-4.332582950592041	generate	-4.7150187492370605	b'a jen window allowed in cole twenty ***mask*** , " due to its breath astride the gerald finland , abdul has freely been a flower to the suicide .'
False	0	begins	-0.3302046060562134	begin	0.5042526125907898	b'if you prefer a star who will remove to you and sail he will adjust and then raise his fire , and not vary what he is jumping about whenever he gives neighbors at authentic babies and ***mask*** they extend what you put , whenever they will not join for you , transmit to this path ... he is the article for you .'
False	0	employs	-3.604490280151367	employ	-2.000434398651123	b'the unfortunate tabs i carried adequately from them in the first direction ***mask*** because my national vulnerability who answered with them was joking out on his accurate .'
False	0	delivers	-1.570893406867981	deliver	-0.4598460793495178	b'if you suck a woman who will bother to you and predict he will eat and then bless his tariff , and not squeeze what he is growing about why he relates creatures at identical lyrics and ***mask*** they apply what you consider , why they will not sail for you , tell to this prostitute ... he is the advancement for you .'
False	0	refuse	2.048055648803711	refuses	2.4008002281188965	b'copies throw the aircraft but ***mask*** her complicated drying and the path belongs .'
False	0	ensures	-3.7851576805114746	ensure	-1.925942063331604	b'because of the spreadsheet that his hostile tomorrow with janet alaska had tended him , he waited cm necessary as : " you can foresee a hour and a thermometer , eighteen requirement you ca n\'t come ***mask*** why you \'re visual effectively " and belonged courses to the " baudelaire brazil " team preventing that " potentially he refused few policies to settle just western as a foster " .'
True	0	admits	0.7560119032859802	admit	-1.149126648902893	b'absolutely , the outer assault guaranteed for episode ***mask*** whether our er ( the impeccable amendment and perfectly the officer they decide to meet ) is or affects not an ethnic joke under the steel .'
True	1	expect	-2.3302841186523438	expects	-4.488116264343262	b'excellent minerals that frequently would pursue ***mask*** strategies , sky , kenneth season and some patients of beliefs .'
False	0	says	12.681417465209961	say	12.887849807739258	b'if you want a doctor who will lie to you and say he will operate and then change his mind , and not know what he is talking about when he recommends procedures at other hospitals and ***mask*** they are what you need , when they will not work for you , go to this doctor ... he is the one for you .'
False	0	enters	-3.0983755588531494	enter	-1.6464482545852661	b'because of the traveler that his conservative lunch with tx england had dominated him , he began times massive as : " you can reflect a soup and a propane , eighteen shrapnel you ca n\'t verify ***mask*** why you \'re toxic increasingly " and testified beliefs to the " lewis texas " waist pulling that " largely he booked rude plants to concur rapidly sensitive as a growth " .'
True	0	loses	4.215234279632568	lose	-0.45078039169311523	b'get for a grandson of supporters in their lens that wakes from the deadline and ***mask*** whatsoever to the store fo the conviction .'
True	0	respond	0.227761372923851	responds	-4.8960466384887695	b"terms who meet these allegations ***mask*** at the alliance apparently ; and it 's grand to reconsider they are ominous and tropical to tighten no if they deserve there would relate a glass ."
True	0	sucks	-0.2238735854625702	suck	-0.4178088903427124	b'well , unless equally probably the third rape he caused in the stuff ***mask*** out .'
True	0	receive	3.0814435482025146	receives	-0.24927522242069244	b'please submit me censor if you consider any reviewers or ***mask*** anything obsessed .'
True	0	suggests	4.070284366607666	suggest	2.2984938621520996	b'an essential information employed in fifty ***mask*** there agree three " practices " in the eye indians , but unnamed cartoons are shortly newer than this .'
True	1	suggest	2.203092098236084	suggests	-2.748767852783203	b"whie i do n't compete to the popularity that the losses we make or realize to ***mask*** no accident on our seed ( which i sell is financially covert ) , it does raise me why sanctions prefer out a dramatic humanity of ports to rush the junk on ."
False	0	tends	-3.554347515106201	tend	-2.4778835773468018	b'a nixon width estimated in sunday billion ***mask*** , " due to its discretion astride the philip larry , oglethorpe has slowly been a resolution to the cpi .'
True	0	operates	0.5776629447937012	operate	-1.6393771171569824	b'additionally , the urban interceptor cleaned for aunt ***mask*** whether our advice ( the electrostatic oil and fully the instability they provide to participate ) is or objects not an odd honesty under the responsibility .'
skipping is/are
True	0	includes	3.648688316345215	include	2.5474984645843506	b'the richest fee you can dial in agra ***mask*** to migrate to a selection .'
True	0	hear	0.41016581654548645	hears	-2.31557559967041	b'i pay this overwhelming sensitivity and ***mask*** to become this tactical injustice .'
False	1	ensures	-2.8512415885925293	ensure	-2.7940688133239746	b'the confidential success headlines consider there ***mask*** disappear to the wall .'
True	0	enjoys	0.6910140514373779	enjoy	-2.019291877746582	b'the stressful landlord i hired this master ***mask*** to oppose anyone hoping this if they laugh of some cooperation i can fill satisfy a chairman to this support performance .'
True	0	happen	2.565232992172241	happens	-2.7324678897857666	b'feel me vanish if you proceed any clergy or ***mask*** anything acrylic .'
True	0	happen	5.789471626281738	happens	3.8752803802490234	b'i put we completely learn the gang and ***mask*** to stephen .'
True	0	enjoy	5.533175945281982	enjoys	-0.40236496925354004	b'they eventually operate if you want tea in your pact , ( for developments like me ) , they refuse an upheaval of the hobby and ***mask*** thorough appropriations to tend .'
False	0	learns	-4.332317352294922	learn	-2.103116989135742	b'i tell the courtesy you spoke to me ***mask*** to the mart connecticut at earl ( suggested in san ) .'
skipping is/are
True	0	indicates	4.983686923980713	indicate	3.015995740890503	b'otherwise , the inevitable explanation promised for exam ***mask*** whether our account ( the alchemical apartment and typically the incident they thank to warrant ) is or intends not an authentic lawyer under the title .'
True	0	refuses	-0.006630845367908478	refuse	-3.2808191776275635	b'this lunch of photograph feels around the crew s blog and sheep and ***mask*** a diplomat for the cent again on the cake of the reintroduction in documentation of society politics .'
True	0	belongs	-2.0276405811309814	belong	-2.734098196029663	b'a taj possibility occurred in portland trillion ***mask*** , " due to its jihad astride the louisiana hamilton , australia has downhill been a conspiracy to the para .'
True	0	compares	-1.3468841314315796	compare	-1.6716957092285156	b'an endless infrastructure increased in three ***mask*** there assume four " transfers " in the ali indians , but useless blocks are jointly safer than this .'
True	0	belong	-3.1140565872192383	belongs	-6.692027568817139	b'you operate the centre and ***mask*** memo fire into the car .'
True	0	expects	-0.3271918296813965	expect	-1.1419677734375	b"the crowd to discuss in snow ***mask*** that parisian antique disasters and professors and soothing medieval sons are huge to reassure soon possibly shocked to the antichrist in argentina than al - chief atrocities , and it would be digital to tell one 's analysts off the permanent directive ."
False	1	affirm	1.287175178527832	affirms	1.287175178527832	b'i see the sons on which i should receive your revolution ***mask*** : ( a ) do you rub a bland heart about the creativity to dead coffee photos presented by amsterdam andrew ?'
True	0	need	13.768699645996094	needs	6.694229602813721	b'let me know if you have any questions or ***mask*** anything else .'
True	0	come	6.809600830078125	comes	3.261552095413208	b"ladies who continue these experts ***mask*** at the ear indoors ; and it 's scary to recruit they are explosive and desperate to greet no if they suppose there would remind a service ."
True	0	intends	-0.8018373250961304	intend	-3.3108339309692383	b'the immediate flank to survive for pure ***mask*** to monitor fifty , or your hospitality homeland boulevard schooling , and achieve .'
False	0	affirms	0.7860972881317139	affirm	0.7860972881317139	b'the richest goodness you can compensate in eric ***mask*** to come to a crab .'
False	1	intends	-1.5187506675720215	intend	-1.382824182510376	b'the large queen reviewers want there ***mask*** thank to the relation .'
skipping is/are
True	0	represent	3.006556987762451	represents	-1.1370952129364014	b"terms who consider these analyses ***mask*** at the editor environmentally ; and it 's superb to click they are excellent and ready to maintain no if they believe there would maintain a date ."
True	0	recognize	5.160142421722412	recognizes	-1.320731282234192	b'reports occasionally : fabio thousand through ontario five ( expecting you recognize on the litter we hear and ***mask*** respectfully to system the mile after we continue )'
True	0	ensures	-1.7538652420043945	ensure	-2.8301477432250977	b'the arrogant detective to compel for homeless ***mask*** to disappear four , or your cop pup carbon channel , and oppose .'
True	0	realise	-0.5086039900779724	realises	-3.394716739654541	b'you allow the distance and ***mask*** climber preference into the majority .'
False	0	assumes	-1.8122066259384155	assume	-1.7238612174987793	b'the understandable dryer to cook for devastating ***mask*** to reduce fifty , or your rotation father volume vegetable , and execute .'
True	0	develop	8.451992988586426	develops	2.298517942428589	b'learn me promote if you continue any cabins or ***mask*** anything asymmetrical .'
True	0	spend	-1.7327712774276733	spends	-4.3482584953308105	b'decisions indefinitely : williams five through edinburgh nine ( expanding you realize on the phase we die and ***mask*** previously to proportion the gambling after we die )'
True	1	come	7.8948564529418945	comes	4.274834156036377	b'but electoral girls do suggest the shine they proceed he will click , and the observers who decide him ***mask*** to implement the earthworms who arrive him .'
True	0	recommends	2.615260124206543	recommend	1.1103098392486572	b'as you carry above the perfume , the rumor of the latter pot stands your context and ***mask*** you generate taller and fewer .'
True	0	reacts	-2.1783084869384766	react	-2.5723187923431396	b'a ny coat approved in del three ***mask*** , " due to its drawer astride the hamilton gmt , argentina has wonderfully been a response to the country .'
True	0	want	5.311177730560303	wants	0.17004497349262238	b'i put we presently see the bottle and ***mask*** to gm .'
True	0	understand	0.1160103902220726	understands	-2.3790276050567627	b'they aggressively intend if you provide division in your chance , ( for flats like me ) , they pay an intention of the supervisor and ***mask*** heavy animals to register .'
True	1	seem	15.359183311462402	seems	11.325407981872559	b'but other people do like the way they think he will vote , and the ones who favor him ***mask*** to outnumber the ones who oppose him .'
False	0	extends	-3.433645725250244	extend	-3.117555856704712	b'the obsessed coding i built actually from them in the first chair ***mask*** because my distinguishing security who owned with them was returning out on his unknown .'
False	0	pays	-2.762176513671875	pay	0.19579645991325378	b'put for a hangar of symptoms in their disaster that leads from the selection and ***mask*** quickly to the complaint fo the movie .'
True	0	begin	3.801952600479126	begins	-1.0108258724212646	b'stay me settle if you remain any rooms or ***mask*** anything impossible .'
True	0	consider	3.4594779014587402	considers	-2.5557472705841064	b'put me disrupt if you pay any fry or ***mask*** anything eager .'
True	1	create	5.099572658538818	creates	0.12401087582111359	b"whie i do n't postpone to the danger that the chores we deserve or die to ***mask*** no office on our context ( which i deserve is routinely sensitive ) , it does wear me whenever politics reflect out a successful photograph of fruits to die the shuttle on ."
False	0	makes	-0.5965700149536133	make	1.1568061113357544	b'i put the knife you won to me ***mask*** to the barcelona carter at aid ( sought in la ) .'
True	0	learns	2.072803258895874	learn	-2.8176863193511963	b'the first beer you die whenever you enjoy on freight affects that the blower surgeon routinely walks out the suspicion and ***mask*** into the roof disability .'
True	0	remembers	1.4708400964736938	remember	-1.2436209917068481	b'instead adjust your citizens to promote this apparently to their blocks , and financially actually , so that the scale to make her ***mask*** automatically .'
True	0	appears	0.4828879237174988	appear	0.06259069591760635	b'because of the volume that his sunny paradise with dhaka angie had promised him , he became laptops mere as : " you can recommend a sickness and a scientist , eight forgiveness you ca n\'t commit ***mask*** whenever you \'re recent already " and raised postcards to the " vi jafar " paper hunting that " forth he felt medieval missiles to deliver previously slick as a supervisor " .'
True	0	goes	9.166790008544922	go	5.579672336578369	b'well , unless of course the third compressor he put in the car ***mask*** out .'
False	1	allow	2.114755868911743	allows	2.4100043773651123	b'i realize the wars on which i should revise your hunt ***mask*** : ( a ) do you prescribe a catastrophic week about the racing to collective flank countries fallen by eurasia ireland ?'
True	0	deserve	3.071816921234131	deserves	-2.3211941719055176	b'please remember me pick if you seem any hearings or ***mask*** anything uncut .'
True	1	believe	1.3070788383483887	believes	-5.221923351287842	b"whie i do n't remain to the propaganda that the bombs we pick or come to ***mask*** no instability on our gentleman ( which i pale is highly municipal ) , it does preserve me whenever rules wash out a revolutionary justification of lions to clarify the bean on ."
True	0	writes	4.026916980743408	write	1.611164927482605	b'beware for a theme of snakes in their stylist that cares from the neighbor and ***mask*** strongly to the membership fo the torch .'
False	0	insists	-4.414645195007324	insist	-4.400261878967285	b'the angry cancer to melt for surgical ***mask*** to hop three , or your vehicle gown pork handful , and achieve .'
skipping is/are
True	0	happens	0.4984434247016907	happen	-1.4117742776870728	b'a dorsey dad arrayed in capricorn billion ***mask*** , " due to its trial astride the walker lanka , orleans has strictly been a bus to the type .'
True	0	remains	4.410778999328613	remain	3.804208517074585	b'as you proceed above the bakery , the staff of the beloved streak seems your strife and ***mask*** you remain stronger and clearer .'
True	0	create	2.3668222427368164	creates	-2.3248276710510254	b'sales usually : cass four through university thirty ( expanding you wash on the monkey we tolerate and ***mask*** quietly to grandson the conviction after we tolerate )'
True	0	refer	1.9899051189422607	refers	0.21485978364944458	b'forces indeed : rahman twenty through atta thousand ( obtaining you pay on the wasp we hear and ***mask*** willingly to conspiracy the rejection after we spend )'
True	1	suggest	6.269900321960449	suggests	1.8542617559432983	b"whie i do n't forget to the government that the videos we believe or pay to ***mask*** no exploration on our butterfly ( which i tell is politically manned ) , it does digest me whenever genitals learn out a powerful button of burgers to want the notification on ."
True	0	define	3.2180516719818115	defines	-3.221832752227783	b'watch me choose if you make any surprises or ***mask*** anything advanced .'
True	2	observe	-4.938726902008057	observes	-5.703317165374756	b'the able tough marketers that seldom would describe from calf ***mask*** furnace , compliance , penalty , platform , consistent bakery and bankrupt newspapers of birds and holidays -- democratic as the grill wasp .'
False	0	pays	-0.6735627055168152	pay	1.3241907358169556	b'if you see a lot who will vary to you and compete he will arrange and then carry his today , and not thank what he is preparing about whenever he holds leaders at efficient secretaries and ***mask*** they include what you choose , whenever they will not communicate for you , prepare to this landlord ... he is the information for you .'
True	1	enjoy	-1.3886123895645142	enjoys	-3.222383499145508	b'additional grandchildren that thereby would reduce ***mask*** friends , birthday , hubbard dresser and some deaths of towels .'
True	1	believe	2.571040630340576	believes	1.222273349761963	b'but eager launchers do digest the relationship they tell he will conclude , and the appropriations who put him ***mask*** to endanger the attorneys who apologize him .'
True	0	reports	11.03415584564209	report	6.789338111877441	b'a milnet brief issued in february 2005 ***mask*** , " due to its position astride the persian gulf , iran has constantly been a threat to the gulf .'
True	0	develops	-2.7141668796539307	develop	-2.9433138370513916	b'if you continue a coast who will miss to you and seem he will attend and then come his language , and not climb what he is telling about why he sends gifts at accurate services and ***mask*** they insist what you put , why they will not pay for you , make to this wording ... he is the expansion for you .'
skipping is/are
False	0	enjoys	-6.457003593444824	enjoy	-4.95914888381958	b'the eligible jihad i fell extremely from them in the first camera ***mask*** because my digital cake who agreed with them was causing out on his overwhelming .'
True	0	enjoys	-1.916906476020813	enjoy	-2.308379650115967	b'the strongest growth you can censor in aldo ***mask*** to recommend to a clothing .'
False	0	realise	-3.1542458534240723	realises	-3.143141508102417	b'i decide we willingly prefer the hamster and ***mask*** to mcdonald .'
True	0	provides	-1.384360432624817	provide	-3.237891674041748	b'again argue your budgets to revise this afterward to their tools , and willingly environmentally , so that the scam to commit her ***mask*** abroad .'
True	0	grows	9.147439956665039	grow	3.604125738143921	b'this dove of vision submits around the pyramid s creation and drinks and ***mask*** a monkey for the flood eventually on the network of the mayor in preacher of role daughters .'
True	0	create	4.649864673614502	creates	0.9952920079231262	b'please specify me receive if you collaborate any lights or ***mask*** anything indefinite .'
True	0	relate	4.620342254638672	relates	-3.3327860832214355	b'if you reflect any papers or ***mask*** any info approximately accordingly , please hesitate balochistan corp at four or fei sadat at billion .'
True	0	insists	-0.9272862672805786	insist	-2.9108269214630127	b'the strongest cake you can spell in archibald ***mask*** to raid to a wording .'
True	0	tosses	-0.7466289401054382	toss	-2.3895318508148193	b'watch for a gallery of links in their midst that becomes from the hospitality and ***mask*** nowadays to the nightmare fo the server .'
True	2	allow	-1.292165994644165	allows	-2.0768661499023438	b'the ancient dumb debtors that nowadays would receive from transition ***mask*** poverty , paradise , justice , gym , weak millet and familiar files of movies and currents -- fashioned as the bart radar .'
True	0	carries	0.02759110927581787	carry	-1.2530086040496826	b'an outward assassination imprisoned in trillion ***mask*** there agree seven " cm " in the august operations , but urban posters are maybe safer than this .'
True	0	refuses	1.2021604776382446	refuse	-4.360462188720703	b'the first disgrace you serve why you oppose on chase objects that the ticket campaign respectfully happens out the lens and ***mask*** into the conflict wasp .'
False	0	spills	1.4058809280395508	spill	5.5135884284973145	b'the first thing you notice when you arrive on location is that the waiting line literally goes out the door and ***mask*** into the parking lot .'
True	0	responds	1.2429850101470947	respond	-0.46387606859207153	b'actually enjoy your cheques to remember this especially to their vests , and frankly onboard , so that the medicine to compel her ***mask*** indoors .'
True	0	includes	3.4482381343841553	include	3.4146788120269775	b'the first tape you require why you anticipate on date ***mask*** that the profile supplier mostly creates out the discomfort and reflects into the fist husband .'
True	0	need	13.768699645996094	needs	6.694229602813721	b'let me know if you have any questions or ***mask*** anything else .'
True	0	creates	5.147589683532715	create	0.39948606491088867	b'the first spine you serve why you anticipate on northeast enjoys that the discount judgment locally contains out the lamp and ***mask*** into the sentiment client .'
True	0	assumes	4.290459156036377	assume	0.7740651369094849	b'unfortunately , the unexpected expertise signed for interest ***mask*** whether our epc ( the urban opportunity and thereby the influence they collaborate to warn ) is or enjoys not an eligible boyfriend under the discovery .'
True	0	includes	4.1789751052856445	include	3.4277517795562744	b"the coup to destroy in habitation ***mask*** that dwarf important provinces and republicans and rude hard people are tired to come badly virtually ready to the ayatollah in art than al - cass organisations , and it would be courteous to reduce one 's introductions off the delighted longevity ."
True	0	assume	2.017881155014038	assumes	0.8365923762321472	b'they importantly include if you throw discount in your tire , ( for reptiles like me ) , they sell an edit of the beginner and ***mask*** neurological expectations to bless .'
skipping is/are
True	1	receive	4.940573692321777	receives	2.473621368408203	b"whie i do n't marry to the golf that the crews we refer or deny to ***mask*** no artwork on our volume ( which i come is virtually severe ) , it does pick me whenever transfers seem out a memorable tool of birds to retaliate the clay on ."
True	0	serves	2.3744611740112305	serve	2.1038076877593994	b'if you tend a news who will put to you and greet he will assess and then recruit his gravy , and not recruit what he is stepping about why he remembers hijackers at investigative minutes and ***mask*** they affirm what you condemn , whenever they will not spawn for you , groom to this pup ... he is the audience for you .'
True	0	recommend	6.436483383178711	recommends	-0.8030957579612732	b'if you receive any words or ***mask*** any appearance accidentally actively , please prepare germany brooklyn at trillion or colorado beth at three .'
True	0	decide	1.35345458984375	decides	-1.683923363685608	b"mechanics who meet these updates ***mask*** at the item everywhere ; and it 's subtle to decide they are aged and timely to begin no if they throw there would recover a status ."
True	0	happens	2.3629658222198486	happen	-3.0137531757354736	b'this merger of feedback brings around the grain s shuttle and moderates and ***mask*** a diarrhea for the threat exponentially on the currency of the diversion in woman of pipe graphics .'
False	0	suggests	2.847771406173706	suggest	3.295569896697998	b'if you seem a panel who will demonstrate to you and hire he will immigrate and then verify his magnitude , and not determine what he is helping about whenever he believes marketers at educated bands and ***mask*** they affirm what you die , whenever they will not spawn for you , notify to this foreigner ... he is the unwillingness for you .'
False	1	operates	-2.058773994445801	operate	-1.634791374206543	b'the historical voting movements wash there ***mask*** breathe to the passport .'
True	0	belongs	1.2842981815338135	belong	-2.84598970413208	b'this flipping of news depends around the racism s county and colleagues and ***mask*** a coast for the culture unfortunately on the satisfaction of the difference in paperwork of merger postings .'
True	0	enjoys	-1.6894432306289673	enjoy	-2.55513072013855	b'the hardest blog you can begin in edwin ***mask*** to pursue to a tank .'
True	0	grows	4.550635814666748	grow	1.9798840284347534	b'as you collaborate above the machine , the tsunami of the cruel lamb receives your cave and ***mask*** you remember darker and darker .'
True	0	operates	-0.845430850982666	operate	-2.0367023944854736	b'the arrogant math i grabbed actually from them in the first streak ***mask*** because my polygamous balcony who expected with them was reviewing out on his arrogant .'
True	0	develops	1.8819749355316162	develop	0.3149128556251526	b'this platform of queen serves around the couch s colony and grandchildren and ***mask*** a failure for the detective already on the pact of the gown in palace of sovereignty quotes .'
True	0	continue	8.301109313964844	continues	6.022021293640137	b'i become this endless supporter and ***mask*** to compel this nervous allocation .'
True	0	enjoys	0.4212481379508972	enjoy	-0.5975345373153687	b'the annoying corporate degree i have registered ***mask*** that in the luncheon of osama eighteen teacher of the mold is apparently traced in the turkey the moon before the vet , this stuff communicated after the substantial magazine .'
True	0	decides	2.263784885406494	decide	-0.46714314818382263	b'a santa scenario advised in drew four ***mask*** , " due to its server astride the forum switzerland , arabia has possibly been a clothing to the manager .'
False	0	melt	-1.181922435760498	melts	1.0056042671203613	b'go me dine if you listen any trios or ***mask*** anything electronic .'
True	1	allows	5.627870559692383	allow	1.8566795587539673	b'the incorrect fatal golf that he walks ***mask*** that he rhythmically wants his fears and clearly wakes necessary with his humble wildlife .'
False	0	wants	-4.145712852478027	want	-3.8284645080566406	b'a road parent operated in miami fifty ***mask*** , " due to its suicide astride the county nashville , edwards has generally been a clay to the consciousness .'
True	1	intends	4.321415901184082	intend	-1.201145052909851	b'the occasional forthcoming surgery that he keeps ***mask*** that he somehow drops his capabilities and directly reads necessary with his spectacular perfection .'
False	0	expects	-2.122789144515991	expect	1.65864098072052	b'the first clue you want why you assume on cooperation ***mask*** that the store proposal frequently brings out the decor and reflects into the penny flank .'
True	0	creates	2.626692295074463	create	-0.6454864740371704	b'it plays the team for situation egg and ***mask*** , \xe2\x80\x9c we are financed that the petersen should not evacuate with possible - reviewer historians who seek to deliver and lace halfway and effectively in the provisions , remarks , and daughters of beneficial duration . \xe2\x80\x9d'
True	0	represent	3.340167760848999	represents	1.1950099468231201	b'rules extremely : warren thousand through ashcroft thirty ( arising you see on the life we spend and ***mask*** warmly to recommendation the loading after we sell )'
True	0	require	7.023414134979248	requires	1.1460579633712769	b'follow me prepare if you continue any squadrons or ***mask*** anything international .'
True	0	relates	3.0300378799438477	relate	-0.8011228442192078	b'as you seek above the navy , the detail of the friendly section provides your forgiveness and ***mask*** you circulate clearer and lighter .'
False	0	expects	0.09211879968643188	expect	0.22677496075630188	b'my buildup with acting the scholarship forth ***mask*** , could it be arrested that thus everyone drove the hoax would or could exist at any weekend , since we particularly built california and saudis and if they headed they might have completed a familiar destruction ??'
True	0	generates	-3.133053779602051	generate	-4.396105766296387	b'an aerial ego advised in three ***mask*** there assume four " cases " in the england ages , but unbelievable traders are firmly warmer than this .'
True	0	manages	1.5594854354858398	manage	-2.15000581741333	b'as you collaborate above the target , the reliability of the severe publication melts your merchant and ***mask*** you require safer and clearer .'
True	0	intend	0.48211923241615295	intends	0.4023946523666382	b'they easily expect if you meet surface in your tonnage , ( for sites like me ) , they throw an artillery of the predator and ***mask*** downstream extinctions to meet .'
True	0	begins	8.202055931091309	begin	0.2750675082206726	b'can you affect that the laptop we are preparing ***mask*** toward a distinguishing and certain cafeteria ?'
True	1	extend	1.641454815864563	extends	1.6323221921920776	b'the additional peoples we sell in our coordination ***mask*** ; we condemn paperwork council for easter , surface tip and throat - butt for kabul .'
True	0	adds	3.1433165073394775	add	1.132577896118164	b'my threat with expecting the reaction directly ***mask*** , could it be eliminated that totally everyone led the tap would or could avoid at any period , since we highly loved virginia and states and if they testified they might have documented a global sentence ??'
False	0	responds	-5.288482666015625	respond	-4.930704593658447	b'well , unless immediately rarely the third luncheon he followed in the kitten ***mask*** out .'
True	0	hears	3.5479798316955566	hear	2.4761507511138916	b'it depends the trader for discomfort announcement and ***mask*** , \xe2\x80\x9c we are deployed that the heard should not adopt with conventional - conversation colleges who pose to collect and develop directly and onwards in the residents , directions , and habits of homemade curve . \xe2\x80\x9d'
True	1	indicate	3.17441725730896	indicates	0.9992961883544922	b'the absurd chores we meet in our radar ***mask*** ; we lose region plate for easter , stream fantasy and ceiling - clan for leach .'
True	1	have	18.24781608581543	has	13.752277374267578	b"whie i do n't subscribe to the notion that the things we watch or listen to ***mask*** no effect on our behavior ( which i think is patently rediculous ) , it does bother me when people single out a specific group of people to pin the blame on ."
True	0	demonstrates	-5.106832504272461	demonstrate	-6.831402778625488	b'well , unless almost halfway the third confidante he signed in the criticism ***mask*** out .'
True	0	reflect	1.9060277938842773	reflects	-3.6757586002349854	b'if you believe any grandchildren or ***mask*** any exam afterward occasionally , please see louisiana murphy at sixteen or sue berlin at seven .'
True	0	makes	2.0553078651428223	make	-0.6934754252433777	b'it relates the majority for belief aircraft and ***mask*** , \xe2\x80\x9c we are purchased that the regulatory should not overcome with strong - pump differences who continue to pick and revise forth and onwards in the sanctions , countries , and losses of weird perfection . \xe2\x80\x9d'
True	0	create	4.550421714782715	creates	-0.014629438519477844	b'please delete me wrap if you believe any favorites or ***mask*** anything unprecedented .'
skipping is/are
True	0	want	14.670924186706543	wants	7.79794979095459	b'i dislike this urban society and ***mask*** to leave this whole enviroment .'
True	0	deliver	4.934073448181152	delivers	2.8677330017089844	b'prices incomplete : lake nine through industry seven ( acquiring you receive on the photograph we pose and ***mask*** directly to lodging the horse after we pose )'
True	0	generates	8.506705284118652	generate	5.87312650680542	b'this clerk of luck represents around the snow s swing and controllers and ***mask*** a revenue for the nightmare accidentally on the receipt of the club in tribe of decision seconds .'
True	0	allows	-0.4804812967777252	allow	-1.0195523500442505	b'my dentist with arriving the hatred solely ***mask*** , could it be arrested that regularly everyone heard the hole would or could arrive at any jaw , since we firmly needed bbc and pigs and if they remembered they might have purchased a critical software ??'
False	1	explain	0.2171669751405716	explains	0.8353288173675537	b'i want the chores on which i should develop your website ***mask*** : ( a ) do you translate a willing mother about the context to tall laptop kids built by austin amy ?'
True	0	write	6.269894599914551	writes	0.35215505957603455	b'please make me remain if you pay any devices or ***mask*** anything independent .'
True	0	intends	7.13871431350708	intend	5.080394744873047	b'the sole liberty i murdered this vision ***mask*** to exploit anyone comparing this if they condemn of some retaliation i can prefer marry a star to this today today .'
True	0	seek	0.8224859833717346	seeks	-0.7187758088111877	b'you assume the picketing and ***mask*** tube signature into the welfare .'
True	0	understands	4.543639183044434	understand	3.858517646789551	b'the first manager you die whenever you indicate on recovery ***mask*** that the cork disintegration never drops out the curse and tells into the gem failure .'
False	0	admits	-4.2870001792907715	admit	-3.485971212387085	b'the cheapest hunt you can join in atta ***mask*** to tend to a stadium .'
True	0	chooses	-2.2323126792907715	choose	-2.583178997039795	b'can you oppose that the logo we are bringing ***mask*** toward a respective and boring recovery ?'
True	0	reflects	1.179940938949585	reflect	0.7411906123161316	b'see for a petroleum of reviewers in their junk that submits from the date and ***mask*** really to the police fo the looting .'
True	0	reflect	1.0052107572555542	reflects	-2.0974574089050293	b'come me create if you tell any records or ***mask*** anything ugly .'
True	1	explain	-3.483276605606079	explains	-4.11931037902832	b'irish tables that personally would customize ***mask*** spaces , satellite , financial behalf and some temples of curtains .'
True	0	produces	2.6027345657348633	produce	2.423006772994995	b'the first provision you suck why you agree on bunch includes that the disgrace cancer frankly brings out the chili and ***mask*** into the trader scale .'
True	1	intend	-2.3022656440734863	intends	-3.184783935546875	b'i begin the waters on which i should continue your toy ***mask*** : ( a ) do you disrupt a same sect about the lot to fortunate description capsules served by ivan arabic ?'
True	0	chooses	2.548816680908203	choose	-0.6600346565246582	b'can you exist that the border we are seeking ***mask*** toward a valid and various gun ?'
True	0	admits	3.475337266921997	admit	2.729151964187622	b"the surplus to bother in version ***mask*** that huge excellent lions and travels and shocked judicial compliments are lethal to hire badly certainly tired to the andaman in abdel than al - blue attorneys , and it would be virtual to develop one 's others off the barren convention ."
True	0	goes	15.23195743560791	go	9.359399795532227	b'look for a lot of stripes in their head that starts from the beak and ***mask*** back to the back fo the bird .'
False	2	appear	-2.871852397918701	appears	-1.7518525123596191	b'the effeminate sensitive years that never would recreate from backup ***mask*** painter , satellite , cheese , vet , typical surface and democratic connections of temperatures and resolutions -- rural as the leo kidney .'
True	0	decides	3.851057767868042	decide	-0.6137127876281738	b'can you expire that the ground we are happening ***mask*** toward a partial and soothing custody ?'
True	0	manage	-0.256195604801178	manages	-4.280604362487793	b'you indicate the lettuce and ***mask*** nomination piece into the planet .'
True	0	appears	6.831421375274658	appear	3.1095499992370605	b'the strongest grave you can warn in alexandria ***mask*** to reopen to a channel .'
True	0	operates	-1.2300268411636353	operate	-1.2843985557556152	b'the absolute payable lighting i have contributed ***mask*** that in the suggestion of iaea eighteen landlord of the creativity is increasingly traced in the lieutenant the password before the telephone , this swing deleted after the diplomatic condominium .'
True	0	represents	0.07290452718734741	represent	-2.992945909500122	b'an agreeable insight executed in fifty ***mask*** there add billion " weapons " in the abdul israelis , but underage commanders are slowly healthier than this .'
True	0	allows	1.7076274156570435	allow	0.197304829955101	b'the intense diversion i passed ago from them in the first mistake ***mask*** because my historical position who appeared with them was receiving out on his awful .'
True	0	serves	6.081000804901123	serve	0.18502143025398254	b'this character of brass sends around the growth s spa and choices and ***mask*** a shit for the reality indoors on the decor of the bug in contrast of soul fights .'
True	0	tosses	1.0966718196868896	toss	0.12848541140556335	b'if you laugh a worship who will migrate to you and marry he will execute and then remove his mankind , and not migrate what he is growing about why he continues balls at impressionist trips and ***mask*** they expect what you seek , why they will not circulate for you , prepare to this patronage ... he is the office for you .'
True	0	deserve	5.723501682281494	deserves	2.1520938873291016	b'put me decide if you condemn any days or ***mask*** anything exceptional .'
False	0	sucks	-2.6018288135528564	suck	-2.1758904457092285	b'an amusing invitation arrived in five ***mask*** there oppose four " thousands " in the afghanistan appropriations , but invasive rats are still cheaper than this .'
True	0	grows	19.661901473999023	grow	17.461641311645508	b'also encourage your recipients to forward this along to their contacts , and so on , so that the movement to help her ***mask*** exponentially .'
True	1	operate	0.818248987197876	operates	-0.2243950068950653	b'i refer the facts on which i should raid your farce ***mask*** : ( a ) do you serve a joint congregation about the grill to gentle floor habits meant by edt electoral ?'
True	0	delivers	-1.1778373718261719	deliver	-1.9209425449371338	b'otherwise include your meals to prefer this incredibly to their photos , and however approximately , so that the stranger to destroy her ***mask*** efficiently .'
True	1	include	7.543972969055176	includes	5.644899845123291	b'i listen the packages on which i should provide your chapel ***mask*** : ( a ) do you wash a vital hole about the perfume to fundamental locker stages kept by arabia atomic ?'
True	0	operates	0.18060901761054993	operate	-1.9585456848144531	b'the independent constant democracy i have reduced ***mask*** that in the palace of autumn eight kid of the violence is afterward checked in the pub the furnace before the coordination , this notion printed after the competitive fashion .'
False	0	adds	-1.846476435661316	add	-1.2637989521026611	b'the unprecedented cash to choose for global ***mask*** to defend fifty , or your moment tent car reptile , and accept .'
True	0	understands	3.896122694015503	understand	3.770988941192627	b'especially , the impressionist acupuncture designated for embarrassment ***mask*** whether our account ( the ecological application and thus the opportunity they spend to postpone ) is or affects not an essential kindness under the ranch .'
False	0	agrees	-3.5412802696228027	agree	0.43559083342552185	b'because of the coordination that his tribal deck with nov ukraine had spent him , he continued hundreds humble as : " you can respond a conflict and a movement , eighteen tuna you ca n\'t define ***mask*** whenever you \'re meaningful also " and demonstrated collages to the " laurie levitt " partner promoting that " quickly he visited shiite proponents to pour slightly tolerable as a warning " .'
True	0	generate	-0.2958173155784607	generates	-4.300220012664795	b'birds suffer the example but ***mask*** her frightening cake and the landing progresses .'
True	0	deserves	-0.8667305111885071	deserve	-5.507153034210205	b'it thinks the resolution for pain instructor and ***mask*** , \xe2\x80\x9c we are perceived that the janet should not implement with reasonable - carrier reservations who spend to make and spawn personally and abruptly in the rabbits , salads , and partnerships of fashioned database . \xe2\x80\x9d'
True	0	believes	0.7706613540649414	believe	-2.305799961090088	b'can you interfere that the boulevard we are bleeding ***mask*** toward a municipal and marvelous pursuit ?'
skipping is/are
True	1	employ	1.5550713539123535	employs	0.3103339672088623	b'the empty ft we prefer in our religion ***mask*** ; we become trend responsibility for easter , police conclusion and target - landlord for finland .'
False	0	adds	-1.1421823501586914	add	-0.5519877672195435	b'the annoyed custody to retaliate for technical ***mask*** to monitor two , or your priest foreigner rejection flank , and introduce .'
False	0	includes	5.049322605133057	include	5.188173770904541	b'the advanced crucial container i have chosen ***mask*** that in the discretion of ei eighteen station of the rain is onshore banned in the blower the substance before the feeder , this compensation felt after the retarded doctor .'
True	0	makes	2.68369722366333	make	0.700742781162262	b'it wakes the king for ball alarm and ***mask*** , \xe2\x80\x9c we are signed that the mohammed should not impose with messy - prayer minds who become to preserve and recruit widely and unanimously in the restrictions , civilians , and standards of compatible spreadsheet . \xe2\x80\x9d'
True	1	suck	1.4713045358657837	sucks	-1.211141586303711	b"whie i do n't register to the leash that the partnerships we learn or provide to ***mask*** no acceptance on our guest ( which i laugh is historically spiritual ) , it does reflect me whenever difficulties represent out a considerable transition of bodies to produce the sales on ."
True	0	spends	0.8006091117858887	spend	-0.6499285697937012	b'extremely adjust your centres to listen this aggressively to their budgets , and completely officially , so that the propaganda to remove her ***mask*** underneath .'
False	0	affirms	2.197530508041382	affirm	2.197530508041382	b'the happy discharge i seized this vision ***mask*** to assist anyone dispersing this if they tend of some transaction i can retrieve perform a buildup to this plan chess .'
True	0	toss	3.3375988006591797	tosses	-0.15528109669685364	b'come me throw if you pay any moors or ***mask*** anything unlimited .'
True	0	carry	2.8203072547912598	carries	-3.006171941757202	b'i continue this illegal bombing and ***mask*** to hang this popular exam .'
False	0	understands	-1.5552237033843994	understand	1.743596076965332	b'my registration with achieving the prosecution pursuant ***mask*** , could it be agreed that politely everyone flew the branch would or could impress at any tabs , since we primarily flowed ham and computers and if they blended they might have cooked a healthy mouth ??'
True	0	come	3.904012680053711	comes	-0.26804277300834656	b'if you develop any fans or ***mask*** any invoice apart automatically , please see troy carnegie at two or singer wood at seven .'
True	0	provide	6.86160945892334	provides	1.7514287233352661	b'go me listen if you pose any firms or ***mask*** anything ethnic .'
True	1	explain	-3.590381622314453	explains	-4.1093292236328125	b'irish spurs that predominantly would reflect ***mask*** ships , penny , lynch beach and some deaths of rebels .'
True	0	meet	1.82088303565979	meets	-3.942600727081299	b'beware me digest if you throw any couples or ***mask*** anything edible .'
skipping is/are
True	1	expects	2.063732147216797	expect	1.4000568389892578	b'the economic functional murderer that he writes ***mask*** that he particularly goes his cabins and surely cares fabulous with his difficult gem .'
True	1	remain	5.913417339324951	remains	3.6177785396575928	b"whie i do n't communicate to the pilot that the speakers we choose or suggest to ***mask*** no inquiry on our worker ( which i require is wholly scientific ) , it does remind me whenever requests seek out a temporary bench of helicopters to prescribe the deadline on ."
True	0	ensure	3.255291700363159	ensures	-0.3864789605140686	b'they extremely add if you make route in your wager , ( for gains like me ) , they begin an attraction of the sheet and ***mask*** naked appropriations to wander .'
False	0	understands	4.31040096282959	understand	5.296351432800293	b'the unacceptable privileged photography i have filled ***mask*** that in the kidney of agra eighteen complaint of the voting is individually described in the career the journey before the tug , this therapy paid after the tripartite harness .'
False	0	sees	1.3314536809921265	see	1.679467797279358	b'actually adjust your hens to meet this obviously to their references , and still abroad , so that the difficulty to deserve her ***mask*** approximately .'
False	1	extend	-1.1121994256973267	extends	-0.6207202672958374	b'i refuse the volumes on which i should cancel your country ***mask*** : ( a ) do you donate a frustrating satisfaction about the context to soft surface drugs noticed by ontario aires ?'
True	0	ensures	8.331379890441895	ensure	6.28001070022583	b'the first facility you carry whenever you oppose on sympathy ***mask*** that the pocket garage super receives out the paw and lasts into the grave flooding .'
True	0	assumes	6.079824924468994	assume	4.297600746154785	b'the awful busy breeder i have passed ***mask*** that in the rabbit of iceland eighteen spa of the campaigning is otherwise kept in the proportion the flipping before the hotel , this carbon turned after the big web .'
True	0	recommends	1.1309114694595337	recommend	0.9499489665031433	b'as you suffer above the provision , the plenty of the superior migrant goes your drama and ***mask*** you contain newer and clearer .'
True	0	has	13.420296669006348	have	8.471388816833496	b'this type of harness goes around the dog s chest and legs and ***mask*** a clip for the leash up on the back of the dog in middle of shoulder blades .'
True	0	visit	7.343937873840332	visits	3.0641415119171143	b'dignitaries condemn the act but ***mask*** her bereaved family and the money flows .'
True	1	enjoy	-1.662035346031189	enjoys	-2.1932361125946045	b'the academic grandparents we proceed in our channel ***mask*** ; we pose market none for easter , flipping reputation and scam - tonight for chechnya .'
True	2	include	15.716428756713867	includes	11.849591255187988	b'the important commercial species that probably would benefit from warming ***mask*** cod , haddock , saithe , herring , blue whiting and several types of flatfish and crustaceans -- such as the norway lobster .'
False	0	hears	-0.8939363360404968	hear	0.27482181787490845	b'even adjust your prices to begin this indeed to their dividends , and carefully aggressively , so that the route to dine her ***mask*** incorrectly .'
True	0	fails	-2.806506633758545	fail	-3.7266812324523926	b'a reserve forum anticipated in lanka fifty ***mask*** , " due to its vet astride the warner carnival , assembly has fairly been a whim to the client .'
False	0	enjoys	-1.5557167530059814	enjoy	-1.4681363105773926	b'the automatic traveler i threw eventually from them in the first consumption ***mask*** because my fortunate crime who appreciated with them was looking out on his ambitious .'
True	0	comes	7.046168804168701	come	5.384950637817383	b'can you interfere that the spring we are joking ***mask*** toward a same and reasonable medicine ?'
True	0	ensure	3.2680444717407227	ensures	-0.7110143303871155	b'they exponentially indicate if you carry bull in your panic , ( for lions like me ) , they laugh an extent of the field and ***mask*** similar affairs to bless .'
True	0	continue	7.351500988006592	continues	1.3499213457107544	b'i hear we possibly pick the milk and ***mask*** to lebanon .'
False	0	tends	-1.9771980047225952	tend	-0.36018794775009155	b'i remain the salsa you preceded to me ***mask*** to the belgium pew at europe ( ran in nicobar ) .'
True	0	operates	-1.4145493507385254	operate	-3.1638426780700684	b'the unaware site to click for mobile ***mask*** to withdraw six , or your cousin magazine warranty snack , and owe .'
False	0	includes	2.692082405090332	include	2.880500078201294	b'my dad with establishing the protein surely ***mask*** , could it be approved that publicly everyone lacked the tug would or could exceed at any permission , since we roughly drafted philip and tamils and if they felt they might have needed a meticulous directive ??'
True	1	develop	3.3247978687286377	develops	-2.009164571762085	b'but unacceptable demons do compel the route they propose he will grow , and the agreements who provide him ***mask*** to obtain the appropriations who exist him .'
False	0	produces	-4.944198131561279	produce	-4.302741527557373	b'i consider the dominance you replied to me ***mask*** to the kennedy coogan at april ( tried in kim ) .'
True	1	reflect	2.047606945037842	reflects	-2.3037726879119873	b'but attentive hosts do harass the fan they manage he will recreate , and the implications who wash him ***mask*** to emit the establishments who expect him .'
True	1	agrees	5.228175163269043	agree	3.7037556171417236	b'the inappropriate romantic diversion that he submits ***mask*** that he honestly demonstrates his fundamentalists and gently follows necessary with his visible correction .'
False	0	beg	-3.431569814682007	begs	-2.762667417526245	b'find me retake if you develop any publications or ***mask*** anything optimistic .'
True	0	relates	2.437998056411743	relate	-0.9654728174209595	b'the first pig you carry whenever you eat on possibility exists that the scrap photographer downhill lasts out the punishment and ***mask*** into the sensitivity shame .'
True	1	appear	-0.2740328907966614	appears	-1.3221691846847534	b'antique spurs that greatly would testify ***mask*** contents , chairman , portugal profile and some liberties of cartoons .'
True	0	observes	6.08671760559082	observe	2.912264585494995	b"the rebel to hire in sensitivity ***mask*** that many afraid strategies and seas and respective retired birds are basic to pour badly partly brave to the ukraine in israel than al - berlin utensils , and it would be neat to fill one 's affairs off the gentle convenience ."
True	0	need	14.217373847961426	needs	7.041572570800781	b'please let me know if you have any questions or ***mask*** anything else .'
True	0	enter	3.1574058532714844	enters	-1.0322473049163818	b'they indefinitely operate if you hear master in your time , ( for hijackers like me ) , they lose an environment of the consistency and ***mask*** narrow earthworms to prepare .'
False	0	compares	-2.0758352279663086	compare	-0.9185126423835754	b'an external origin authorized in sixteen ***mask*** there assume seven " kilometres " in the ana arabs , but impeccable countries are possibly lighter than this .'
True	0	manage	2.105700969696045	manages	0.4016574025154114	b'ladies initially : jeremy two through electoral three ( expanding you manage on the purpose we listen and ***mask*** rarely to thread the cat after we listen )'
True	0	explains	2.6986424922943115	explain	1.751697301864624	b'the recent wording i tried this jar ***mask*** to evacuate anyone telling this if they proceed of some stylist i can postpone seem a decor to this document report .'
True	0	includes	1.064192533493042	include	0.9827580451965332	b'the asymmetrical wager i blew indeed from them in the first bench ***mask*** because my dumb friendship who ordered with them was suggesting out on his electrostatic .'
True	0	seeks	4.554485321044922	seek	-0.5398579239845276	b'as you laugh above the compliance , the theater of the latter source develops your section and ***mask*** you reassure taller and clearer .'
False	0	begs	-2.4840891361236572	beg	-1.6951806545257568	b'i seem the manner you called to me ***mask*** to the croatia grill at amsterdam ( said in teresa ) .'
True	0	refers	3.5389158725738525	refer	-1.4395725727081299	b'can you approve that the rivalry we are joining ***mask*** toward a suspicious and privileged disaster ?'
True	1	intend	-1.9287201166152954	intends	-1.9674034118652344	b'i recognize the dollars on which i should revise your band ***mask*** : ( a ) do you communicate a valid predator about the lifeboat to constant mystery cats strengthened by antichrist autumn ?'
True	0	begins	1.7628732919692993	begin	-0.3012951612472534	b'come for a team of women in their guerilla that generates from the cabinet and ***mask*** mostly to the cave fo the propane .'
True	0	belong	-3.187736749649048	belongs	-6.0618896484375	b'judges laugh the imprisonment but ***mask*** her monthly wire and the neighborhood relates .'
False	0	understands	2.3434364795684814	understand	3.1244771480560303	b"the wing to concur in reduction ***mask*** that retired antique courses and rockies and preventive full deer are tragic to describe soon historically hospitable to the ontario in ontario than al - sharon alternatives , and it would be fashioned to collect one 's utilities off the senior feedback ."
True	0	remember	1.3920040130615234	remembers	-2.9696059226989746	b'you apply the toy and ***mask*** fighter hair into the blackmail .'
True	0	dies	1.7987338304519653	die	-1.5891540050506592	b'this conviction of homosexuality melts around the team s neighbor and militants and ***mask*** a director for the jerk importantly on the beard of the lunch in weapon of law thieves .'
True	1	includes	7.321037292480469	include	5.744158744812012	b'the unable forthcoming hospitality that he deserves ***mask*** that he strongly sees his prisoners and necessarily writes diplomatic with his northeastern wasp .'
True	0	require	6.699167251586914	requires	2.281191825866699	b'learn me miss if you carry any whereabouts or ***mask*** anything unbelievable .'
True	0	delivers	3.2590157985687256	deliver	-0.7117617130279541	b'can you enable that the contribution we are checking ***mask*** toward a generic and controversial cage ?'
True	0	hears	-1.062156081199646	hear	-1.4357422590255737	b'an unknown alert aggravated in nine ***mask*** there oppose three " genitals " in the andre ages , but unpopular standards are roughly happier than this .'
True	0	want	4.083220958709717	wants	-1.7414673566818237	b"terms who require these actions ***mask*** at the effort amazingly ; and it 's ridiculous to concur they are absolute and sunny to withdraw no if they deny there would fix a therapist ."
True	0	see	10.270380973815918	sees	3.0093512535095215	b'if you meet any records or ***mask*** any army incomplete always , please hang rahman hell at three or palestine niagara at six .'
True	0	refer	0.4717111587524414	refers	-0.6108950972557068	b'prices prefer the opinion but ***mask*** her primary tract and the clothing begins .'
False	0	observes	-5.656839847564697	observe	-4.189250469207764	b'my yoga with answering the throat technically ***mask*** , could it be understood that properly everyone belonged the parent would or could establish at any swing , since we correctly warned courtney and californians and if they killed they might have saved a cruel violence ??'
skipping is/are
True	1	explain	-1.3530603647232056	explains	-2.3253469467163086	b'asian traditions that hopefully would wrap ***mask*** trees , reconciliation , saddam waitress and some reservations of measures .'
False	0	throws	-3.2289650440216064	throw	-0.9945440292358398	b'i remain the kid you tested to me ***mask*** to the colin coalition at okinawa ( guaranteed in loretta ) .'
True	0	adds	0.1252782940864563	add	-1.5307615995407104	b'the electronic convenience i chose apparently from them in the first station ***mask*** because my functional connection who indicated with them was telling out on his undecided .'
True	0	provide	0.30079397559165955	provides	-1.5476185083389282	b'i spend this acceptable wagon and ***mask*** to prepare this regional energy .'
True	0	recommend	1.7025418281555176	recommends	0.6434938311576843	b'i serve we somewhat sell the fan and ***mask*** to kline .'
True	0	indicates	4.243852138519287	indicate	3.3183958530426025	b'because of the virus that his solar photography with delivery oglethorpe had happened him , he missed producers yellow as : " you can communicate a spore and a bravery , eight menu you ca n\'t prepare ***mask*** why you \'re limp unfortunately " and stayed currents to the " taiwan canal " jail containing that " repeatedly he phoned perfect foreigners to collect warmly militant as a philosophy " .'
True	0	remains	-0.5768038034439087	remain	-1.858452558517456	b'i proceed the towing you threw to me ***mask*** to the don rice at ayatollah ( folded in milan ) .'
True	0	indicates	10.210707664489746	indicate	6.02353048324585	b'the unexpected radical notification i have proposed ***mask*** that in the collateral of orr eighteen locker of the majority is immediately protected in the pasture the merger before the skill , this shame tasted after the biochemical device .'
True	0	relate	1.4700608253479004	relates	-3.9191040992736816	b"programs who seem these adults ***mask*** at the ideology entirely ; and it 's defensive to put they are unconnected and dead to grab no if they die there would commit a phenomenon ."
True	0	loses	3.9450743198394775	lose	2.3785011768341064	b'i decide the notch you began to me ***mask*** to the tiffany mcdonald at atlanta ( maintained in superfund ) .'
False	0	decides	2.210322141647339	decide	2.9748291969299316	b'if you die a source who will represent to you and reflect he will expand and then migrate his determination , and not regret what he is hoping about whenever he depends reasons at eastern temperatures and ***mask*** they indicate what you throw , why they will not defend for you , come to this tension ... he is the affair for you .'
True	0	delivers	-0.31570303440093994	deliver	-0.713801920413971	b'well , unless inevitably thus the third lease he deleted in the chapter ***mask*** out .'
True	0	generate	10.790021896362305	generates	4.672219276428223	b'if you manage any dilemmas or ***mask*** any energy occasionally overly , please continue kaufman jan at seven or lake rolling at fifteen .'
True	0	points	14.075350761413574	point	8.602046012878418	b'can you accept that the road we are travelling ***mask*** toward a grim and painful future ?'
False	1	adds	-0.22054985165596008	add	2.8498525619506836	b'the joint lot cases recommend there ***mask*** raid to the craft .'
True	0	includes	3.4431445598602295	include	3.359321355819702	b'the hysterical democracy i started this counsel ***mask*** to identify anyone seeking this if they provide of some preparation i can prove strengthen a recovery to this brass period .'
skipping is/are
True	0	demonstrate	0.49370694160461426	demonstrates	-0.03971979767084122	b'commissioners decide the advertising but ***mask*** her delicate driver and the surplus supports .'
True	0	refuse	5.475740432739258	refuses	2.3102738857269287	b'wolves see the exclusion but ***mask*** her geographical space and the death receives .'
True	1	assume	-0.46346569061279297	assumes	-2.4246890544891357	b'the electoral parties we tolerate in our label ***mask*** ; we manage percentage tutorial for easter , climate chili and warning - rein for christianity .'
True	0	write	5.438633441925049	writes	1.2551409006118774	b'wait me grow if you learn any targets or ***mask*** anything unconnected .'
True	0	lose	1.9677159786224365	loses	-2.417412281036377	b'i come we rapidly begin the tin and ***mask*** to southwest .'
True	0	require	16.797895431518555	requires	9.425722122192383	b'if you have any questions or ***mask*** any assistance at all , please contact hope duncan at 202.739.0134 or jeff mangold at 703.729.2710 .'
False	0	observes	-4.121425628662109	observe	-3.6831963062286377	b'the aware coast i requested onboard from them in the first center ***mask*** because my glad midst who enjoyed with them was seeking out on his unfortunate .'
True	0	carry	5.448384761810303	carries	-0.5635995864868164	b'please put me communicate if you lose any headlines or ***mask*** anything unacceptable .'
True	0	believe	2.7640349864959717	believes	0.9995344281196594	b"prices who pale these astronauts ***mask*** at the enjoyment anymore ; and it 's hectic to commit they are environmental and bored to foresee no if they begin there would deliver a vegetable ."
True	2	expect	-3.2657408714294434	expects	-6.139163970947266	b'the extraordinary false provinces that secretly would cancel from scrap ***mask*** protein , bunch , lifeboat , lease , visible sensitivity and terrible bottles of relatives and sales -- sensitive as the capricorn background .'
True	1	apply	-2.5352323055267334	applies	-4.529555320739746	b'additional leaders that thereafter would translate ***mask*** things , property , jared combo and some lions of guidelines .'
False	0	ensures	-4.04788064956665	ensure	-0.9000540375709534	b'the interested popularity to reconsider for lax ***mask*** to retrieve six , or your professor difference criticism competition , and adjust .'
True	0	carry	4.974465370178223	carries	0.24047383666038513	b'you exist the chairman and ***mask*** disease fan into the sovereignty .'
True	1	intend	-0.7560581564903259	intends	-0.9453010559082031	b'additional parties that frankly would conclude ***mask*** donations , custody , japan ticket and some provisions of toes .'
True	0	makes	19.50470733642578	make	12.987263679504395	b'as you sit above the world , the warmth of the golden sun penetrates your body and ***mask*** you feel warmer and warmer .'
True	0	seek	4.741934776306152	seeks	1.30010187625885	b'you operate the campaign and ***mask*** counsel grandson into the facility .'
True	0	loses	1.0725921392440796	lose	-4.1204352378845215	b'it refuses the council for man expectation and ***mask*** , \xe2\x80\x9c we are filmed that the lake should not enable with massive - character companies who provide to commit and revise regardless and indoors in the responsibilities , bottles , and chicks of satisfied creation . \xe2\x80\x9d'
True	0	learns	-2.7848763465881348	learn	-2.8157544136047363	b'an underage atrophy equipped in billion ***mask*** there intend seven " complexes " in the eurasia indians , but infinite tires are nowadays cheaper than this .'
True	0	observe	2.485637664794922	observes	-2.240870475769043	b'they obviously anticipate if you make boy in your facility , ( for bottles like me ) , they realize an ownership of the participant and ***mask*** certified agencies to prove .'
False	0	belong	-2.425506830215454	belongs	1.0189374685287476	b'rules listen the artwork but ***mask*** her promotional perception and the queen produces .'
True	1	intends	1.7839603424072266	intend	-3.4359798431396484	b'the unsure strategic story that he tells ***mask*** that he virtually contains his bucks and currently continues necessary with his dire pleasure .'
True	0	suggest	1.8193069696426392	suggests	-2.611084461212158	b'reports eventually : limerick fifteen through ismail nine ( emerging you listen on the coat we decide and ***mask*** sufficiently to feedback the setback after we hear )'
True	0	spend	2.553511142730713	spends	0.8444530963897705	b'cats provide the ownership but ***mask*** her huge manufacturer and the pup cares .'
True	0	requires	7.723790645599365	require	5.266964912414551	b'this wire of capability reflects around the commodity s trend and bombers and ***mask*** a memo for the sect eventually on the receiver of the diversion in payment of photo duties .'
True	0	allows	0.04735136032104492	allow	-1.1673340797424316	b'my landing with increasing the crab traditionally ***mask*** , could it be understood that shortly everyone replaced the proportion would or could achieve at any mile , since we relatively felt messenger and fridays and if they planned they might have diagnosed a spiritual mode ??'
True	0	insists	1.2665210962295532	insist	-0.1461942046880722	b'the homemade counsel i listened this beard ***mask*** to execute anyone filling this if they throw of some letter i can vomit propose a heart to this patience cage .'
True	0	begin	4.743711948394775	begins	0.8675212264060974	b'i continue we pursuant meet the cave and ***mask*** to lucy .'
True	0	applies	0.20333002507686615	apply	-1.6393853425979614	b'the immediate strong parent i have lived ***mask*** that in the cafe of alito eighteen teeth of the health is abundantly monitored in the warlord the consumer before the medal , this showroom grabbed after the cute reconciliation .'
skipping is/are
skipping is/are
False	0	understands	-0.8799030780792236	understand	1.4770582914352417	b'the first fence you laugh why you admit on coup ***mask*** that the trial life really happens out the kitchen and hates into the floor beard .'
True	0	intends	4.30607795715332	intend	-0.301042765378952	b'usually , the insecure invoice taken for infantry ***mask*** whether our index ( the incredible invention and somehow the arrangement they see to protect ) is or objects not an identical whim under the healthcare .'
True	0	happens	3.739067792892456	happen	1.0440798997879028	b'turn for a musician of stories in their concert that belongs from the locker and ***mask*** successfully to the punishment fo the jury .'
True	0	pay	7.529503345489502	pays	2.7929131984710693	b'ladies exactly : columbia six through abramoff five ( attempting you propose on the tea we decide and ***mask*** politely to speaker the wolf after we propose )'
True	0	go	16.31711769104004	goes	10.240804672241211	b'days away : sept. 21 through oct. 3 ( assuming you work on the day we leave and ***mask*** back to work the day after we return )'
True	0	understands	4.703009605407715	understand	2.870408535003662	b'the uncut sweet waiter i have placed ***mask*** that in the lottery of amsterdam eight trip of the language is afterward taken in the scrutiny the child before the grid , this sea published after the tall salsa .'
True	0	continue	1.1006370782852173	continues	-4.711246490478516	b'click me wear if you suck any shelves or ***mask*** anything aortic .'
True	0	adds	0.9721362590789795	add	0.1055058166384697	b'the smallest studio you can carry in omar ***mask*** to burn to a suggestion .'
False	0	sees	-0.8846409916877747	see	0.7986047267913818	b'it seems the tourist for quo identity and ***mask*** , \xe2\x80\x9c we are projected that the terry should not oppose with legislative - payout sanctions who remember to remain and communicate shortly and automatically in the tensions , temples , and messages of necessary cousin . \xe2\x80\x9d'
True	0	learns	4.9457902908325195	learn	1.5453195571899414	b'bring for a heaven of weapons in their virus that reads from the master and ***mask*** smoothly to the task fo the marketing .'
True	0	throws	5.360437393188477	throw	0.7689191102981567	b'as you seem above the ton , the perfume of the critical protein provides your pattern and ***mask*** you reassure newer and taller .'
True	1	spend	5.731910705566406	spends	-1.0043669939041138	b"whie i do n't solve to the commission that the stars we choose or receive to ***mask*** no aircraft on our death ( which i want is promptly generic ) , it does generate me whenever projects carry out a relaxed spa of crimes to see the pork on ."
True	0	receive	1.1020183563232422	receives	-4.778643608093262	b'i propose this astounding rail and ***mask*** to pursue this naive office .'
True	0	exists	3.744056224822998	exist	1.3602582216262817	b'the first proportion you collaborate whenever you exist on darkness ***mask*** that the junk tractor respectively pays out the hybrid and suggests into the permission tax .'
True	0	allows	3.949075222015381	allow	1.79221510887146	b'my haven with acting the character merely ***mask*** , could it be accepted that cheaply everyone grabbed the labor would or could assist at any picketing , since we regularly listened beijing and metals and if they remembered they might have titled a honest direction ??'
True	0	intends	0.4475334882736206	intend	-2.8870561122894287	b'ever , the immediate absorption created for arthritis ***mask*** whether our ets ( the unknown exposure and dramatically the energy they describe to maintain ) is or understands not an angry reality under the corps .'
True	0	understands	-0.05044114589691162	understand	-0.7728155851364136	b'the rare reversal i called this sauce ***mask*** to attend anyone doing this if they make of some puppy i can breathe forget a bag to this thanks money .'
True	0	deserves	0.48888468742370605	deserve	0.016596153378486633	b'i deny the brain you developed to me ***mask*** to the janice sancho at ips ( protected in mills ) .'
False	0	explains	-0.5901562571525574	explain	-0.4317948818206787	b'because of the musician that his timely comparison with ray ei had protected him , he contacted rewards solid as : " you can regret a pewter and a master , eighteen capacity you ca n\'t foresee ***mask*** whenever you \'re crucial indefinitely " and said snakes to the " prophet scotland " tension watching that " basically he belonged dear policies to wrap neatly preventive as a room " .'
True	0	suffers	2.5603349208831787	suffer	0.034546077251434326	b'the first dioxide you deny why you admit on tip enjoys that the tourism staff hereby crashes out the company and ***mask*** into the heating friendship .'
False	0	meets	-0.5299007296562195	meet	3.028792381286621	b'well , unless indeed quietly the third position he phoned in the marketing ***mask*** out .'
True	0	create	8.405771255493164	creates	3.8130970001220703	b'save me discuss if you tend any conclusions or ***mask*** anything amusing .'
True	0	realise	1.0150235891342163	realises	-3.1818623542785645	b"stars who recognize these attempts ***mask*** at the id incorrectly ; and it 's grand to harass they are educated and naive to reassure no if they come there would spell a direction ."
True	0	put	10.04839038848877	puts	5.504235744476318	b'you add the water and ***mask*** water conditioner into the water .'
True	0	states	15.395516395568848	state	9.40101146697998	b'it presents the case for marriage equality and ***mask*** , \xe2\x80\x9c we are resolved that the state should not interfere with same - gender couples who choose to marry and share fully and equally in the rights , responsibilities , and commitments of civil marriage . \xe2\x80\x9d'
True	0	adds	6.287877082824707	add	4.256091117858887	b"the wolf to continue in time ***mask*** that critical afghan kinds and pakistanis and dissatisfied kurdish gentlemen are romantic to harass badly faithfully tall to the andrew in ashcroft than al - lonely appointees , and it would be gullible to prove one 's ecosystems off the final sea ."
True	0	respond	4.5762505531311035	responds	3.008732557296753	b'i refer we perfectly provide the pub and ***mask*** to cst .'
True	0	suggests	13.565103530883789	suggest	9.094789505004883	b'an official estimate issued in 2003 ***mask*** there are 50,000 " foreigners " in the andaman islands , but unofficial figures are much higher than this .'
