True	1	exists	1.3603698015213013	exist	0.22047439217567444	b'the organised massive skin that he depends ***mask*** that he thus sends his rights and nowadays tells lazy with his northeastern merchant .'
False	0	ensures	-4.559675216674805	ensure	-4.246854305267334	b'because of the paperwork that his terrible father with dental alan had shared him , he saved wonders continental as : " you can retake a programming and a problem , eighteen song you ca n\'t gather ***mask*** whenever you \'re humble abroad " and discussed nostrils to the " future korea " dish removing that " primarily he said pakistani hands to reassure thus vital as a receipt " .'
True	0	admits	2.6592180728912354	admit	1.1207858324050903	b'the first settlement you suggest whenever you extend on rumor ***mask*** that the premium media slowly melts out the culture and dies into the belly fever .'
True	0	spill	2.789862632751465	spills	1.91780424118042	b'if you choose any holdings or ***mask*** any electricity ethnically already , please tell sarah gm at six or crawford kevin at nine .'
True	0	decide	5.444920539855957	decides	0.9271671175956726	b'please groom me translate if you prefer any forums or ***mask*** anything obvious .'
True	0	approves	0.0420319139957428	approve	-1.9982385635375977	b"the sauce to recruit in pastor ***mask*** that full european complexes and communists and strange jewish species are conventional to hang soon thereby violent to the amsterdam in isi than al - taiwan animals , and it would be numerous to recover one 's alarms off the governmental radar ."
True	0	operates	0.7517986297607422	operate	-1.0046820640563965	b'the first loan you respond why you indicate on frequency ***mask*** that the time remainder finally belongs out the speech and pays into the zoo technology .'
False	1	insist	-4.262326240539551	insists	-1.3053243160247803	b'the ecological wines we believe in our night ***mask*** ; we come drawer today for easter , rivalry difficulty and weapon - machine for louisiana .'
True	0	deserve	1.033528447151184	deserves	-4.4786295890808105	b'please make me verify if you require any dancers or ***mask*** anything underage .'
True	0	tend	0.7457667589187622	tends	-0.1438271552324295	b'i consider this adequate reputation and ***mask*** to relate this dangerous event .'
True	0	use	12.283124923706055	uses	6.926185607910156	b'they always ask if you have meat in your dish , ( for vegetarians like me ) , they scrub an area of the grill and ***mask*** separate utensils to cook .'
True	0	adds	3.0943491458892822	add	1.9646060466766357	b'the first reduction you believe why you intend on decor ***mask*** that the commission soil specifically becomes out the virus and leads into the spirit market .'
True	0	adds	-2.450962543487549	add	-4.2722320556640625	b'the effective communication to thank for romantic ***mask*** to pursue three , or your boy tumor software behavior , and encourage .'
True	1	remain	6.389537334442139	remains	3.768751382827759	b'but unbelievable malls do describe the quiz they prefer he will replace , and the artists who remain him ***mask*** to investigate the appointments who extend him .'
False	2	explain	-0.7637044191360474	explains	0.877630352973938	b'the overcrowded strategic tourists that strictly would meet from meditation ***mask*** misunderstanding , bladder , poisoning , jerk , pure target and lovely rebels of marketers and cleaners -- previous as the doug snack .'
True	0	suggest	7.305612564086914	suggests	1.8590848445892334	b'if you condemn any disasters or ***mask*** any error economically afterward , please specify butcher samuel at fifteen or tet nov at six .'
True	0	tend	6.766803741455078	tends	0.08327798545360565	b'i seem we promptly suck the disaster and ***mask*** to jafar .'
True	0	represent	3.044565439224243	represents	-1.6621956825256348	b'follow me predict if you put any publications or ***mask*** anything impenetrable .'
False	1	exist	0.7726127505302429	exists	0.8516713380813599	b'the electrostatic fisheries we develop in our monkey ***mask*** ; we listen perspective wall for easter , planet testimony and supervisor - budget for wii .'
True	1	employ	-2.0717267990112305	employs	-2.834213972091675	b'i develop the liberals on which i should lace your gender ***mask*** : ( a ) do you pour a painful requirement about the cafeteria to delighted swap shops begun by andaman andre ?'
True	0	enters	-0.13060642778873444	enter	-2.203514575958252	b'my career with using the fantasy frequently ***mask*** , could it be eaten that perfectly everyone bought the swap would or could eat at any justice , since we happily prevented veterinary and wars and if they gave they might have grown a scientific blackmail ??'
True	0	represent	-2.8338208198547363	represents	-7.131436824798584	b'i deny this expensive customer and ***mask*** to remember this costly atrophy .'
False	0	understands	5.772638320922852	understand	6.307321071624756	b'instead , the effective extent killed for editor ***mask*** whether our usb ( the unaware obligation and nearly the exclusion they pose to compel ) is or involves not an obvious curve under the purse .'
True	0	tells	-1.9578174352645874	tell	-5.655468940734863	b'the first goodness you laugh whenever you agree on testimony appears that the discovery king presently cares out the filter and ***mask*** into the salsa competition .'
True	2	enjoy	-2.8729093074798584	enjoys	-4.397907733917236	b'the overwhelming short properties that primarily would dial from lottery ***mask*** termination , divorce , term , wagon , militant salt and downstream martyrs of methods and wounds -- soothing as the karl separation .'
True	0	dies	2.9254558086395264	die	-1.1708295345306396	b'as you sell above the rape , the temper of the complicated stone feels your nature and ***mask*** you grow lighter and newer .'
True	0	makes	2.4673912525177	make	1.566322922706604	b'put for a button of centuries in their reviewer that pays from the defence and ***mask*** historically to the bluff fo the reaction .'
True	1	carry	3.2612390518188477	carries	-0.9940550327301025	b'but automatic millions do cancel the tutorial they dislike he will wash , and the explosives who provide him ***mask*** to argue the edges who insist him .'
True	0	expect	2.261800765991211	expects	1.7718256711959839	b'they especially include if you die reaction in your separation , ( for transfers like me ) , they believe an investment of the teacher and ***mask*** barren officials to receive .'
True	1	assumes	9.462418556213379	assume	4.086916446685791	b'the insecure weird shelter that he suggests ***mask*** that he possibly depends his participants and vigorously blames relevant with his funny process .'
True	1	approves	0.9782037734985352	approve	-1.9244240522384644	b'the enjoyable huge wing that he melts ***mask*** that he generally loves his hearings and properly relates conscious with his similar difficulty .'
True	1	begin	1.7764320373535156	begins	-5.213894367218018	b"whie i do n't consider to the discussion that the cabins we wash or meet to ***mask*** no user on our corps ( which i deserve is wholly conservative ) , it does mention me why ranchers die out a prior homeland of things to hear the vulnerability on ."
True	1	include	13.828179359436035	includes	9.334653854370117	b'important species that probably would decline ***mask*** shrimp , capelin , greenland halibut and some varieties of flatfish .'
True	0	represents	-4.53422737121582	represent	-5.128767013549805	b'well , unless abruptly harshly the third siege he paid in the mosque ***mask*** out .'
True	0	tend	-0.2758386731147766	tends	-5.800980091094971	b'if you laugh any flowers or ***mask*** any omnibus incredibly entirely , please breathe fred gerald at twenty or coogan medici at thirty .'
True	0	look	21.64690589904785	looks	15.20314884185791	b"workers who do these introductions ***mask*** at the interaction objectively ; and it 's good to see they are able and willing to say no if they feel there would be a problem ."
True	2	agree	0.32745784521102905	agrees	-0.5700953602790833	b'the usual noble peoples that freely would reduce from role ***mask*** dispute , tin , portion , studio , mass bravery and cultural ladies of years and forums -- fundamentalist as the francis pillow .'
True	0	belongs	14.3156099319458	belong	9.15267276763916	b'i believe the message you forwarded to me ***mask*** to the mark taylor at ei ( based in london ) .'
True	1	allows	0.548680305480957	allow	-0.7565778493881226	b'the potable mistake properties believe there ***mask*** flee to the surgery .'
True	1	define	-1.0822290182113647	defines	-5.164665222167969	b'but insecure symptoms do rush the humanity they suck he will serve , and the extremists who lose him ***mask*** to amend the ants who include him .'
False	1	ensure	-1.161786437034607	ensures	-0.6391196250915527	b'the ordinary wars we require in our tuna ***mask*** ; we suggest traveler dryer for easter , climate channel and propane - millet for stark .'
skipping is/are
True	1	want	9.664389610290527	wants	5.1099772453308105	b'but inner declarations do customize the leaf they seem he will harass , and the immigrants who lose him ***mask*** to eat the injuries who enjoy him .'
True	0	deserves	-2.440014123916626	deserve	-3.9223644733428955	b'a bill cult accepted in scott three ***mask*** , " due to its ticket astride the christmas cambodia , iss has now been a trauma to the suicide .'
False	2	affirm	-4.312057971954346	affirms	-4.312057971954346	b'the affluent strong wishes that desperately would sell from movie ***mask*** feedback , territory , size , lifestyle , crazy highway and heavy rounds of laws and politics -- fatal as the youngstown belief .'
False	1	admits	-0.8284746408462524	admit	0.5625892877578735	b'the capable treatment contractors recommend there ***mask*** ruin to the coordinator .'
True	0	go	14.900822639465332	goes	8.364666938781738	b'i say we just keep the dough and ***mask*** to mexico .'
True	1	begin	13.063726425170898	begins	9.50288200378418	b'but incorrect cm do come the flower they refuse he will believe , and the effects who respond him ***mask*** to emit the opportunities who operate him .'
True	0	throws	-2.0234663486480713	throw	-2.481386661529541	b'otherwise ensure your peoples to burn this aggressively to their homes , and deeply unfortunately , so that the globe to deny her ***mask*** appropriately .'
True	0	serve	5.077054023742676	serves	2.5310587882995605	b'i refuse this adequate clinic and ***mask*** to vary this superb income .'
True	0	meets	2.105245590209961	meet	0.9108479022979736	b'it believes the bird for server exchange and ***mask*** , \xe2\x80\x9c we are reimbursed that the whipple should not examine with grand - product ships who meet to reduce and cancel personally and altogether in the slaves , nails , and curtains of personal compliance . \xe2\x80\x9d'
False	0	develops	-2.502469539642334	develop	-2.486727476119995	b'well , unless initially legally the third guitar he considered in the source ***mask*** out .'
False	0	enters	-3.649583578109741	enter	-2.2928733825683594	b'the critical testimony i planned this chocolate ***mask*** to add anyone failing this if they represent of some comfort i can monitor suggest a curtain to this today cage .'
False	0	deserves	0.1637151688337326	deserve	2.0061264038085938	b'if you propose a country who will propose to you and see he will absorb and then convince his meditation , and not tell what he is sending about why he supports conclusions at extensive sandwiches and ***mask*** they arrive what you pick , why they will not hire for you , transmit to this rivalry ... he is the affection for you .'
False	1	indicate	-1.9403759241104126	indicates	-0.7900077700614929	b'the influential drugs we continue in our swing ***mask*** ; we pick delivery harmony for easter , virus phrase and settlement - coal for yellowstone .'
False	1	extends	-1.754418134689331	extend	-0.9651332497596741	b'the lovely tournament cows deny there ***mask*** circulate to the thread .'
True	0	observes	-1.8754172325134277	observe	-2.1816930770874023	b'the youngest loan you can seem in ivan ***mask*** to develop to a drying .'
True	0	allows	4.504929065704346	allow	1.363949179649353	b'almost , the embarrassing earthquake requested for oil ***mask*** whether our aa ( the absurd image and precisely the acupuncture they decide to recruit ) is or involves not an innovative tube under the fare .'
True	0	compares	-1.8762409687042236	compare	-3.2407500743865967	b'the first television you require whenever you exist on guest explains that the city minister solely writes out the duty and ***mask*** into the month knee .'
True	0	grows	8.013806343078613	grow	5.537483215332031	b'the first dinner you pay whenever you allow on pig involves that the compliance field financially sees out the language and ***mask*** into the consensus ton .'
True	0	operates	-2.6856555938720703	operate	-4.589169025421143	b'because of the phone that his potable flower with naval amelia had meant him , he reported properties pleasant as : " you can print a language and a tabs , eighteen stream you ca n\'t raise ***mask*** why you \'re beautiful utterly " and threw restrictions to the " kerry warren " cup ranging that " totally he handled judicial tensions to reflect reportedly dangerous as a terror " .'
True	2	include	1.3286464214324951	includes	0.5812970399856567	b'the arrogant difficult weekends that successfully would maintain from star ***mask*** soul , season , plot , path , narrow corner and nuclear minds of scientists and surgeons -- faithful as the starbucks crate .'
False	0	refuses	-3.976656913757324	refuse	-2.656801462173462	b'well , unless indoors strongly the third paper he passed in the campus ***mask*** out .'
True	0	extends	-1.3892467021942139	extend	-2.476628065109253	b"the tide to compete in participant ***mask*** that dwarf armed sports and professors and tricky syrian worries are distinguished to migrate soon seldom joint to the agra in ireland than al - laura allegations , and it would be neat to foresee one 's options off the tolerable disappointment ."
False	1	enjoys	-4.780464172363281	enjoy	-3.536914587020874	b'the maximum dirt pairs become there ***mask*** translate to the theatre .'
True	0	generate	3.0725131034851074	generates	-0.37290501594543457	b"stars who put these animals ***mask*** at the ad immensely ; and it 's soothing to raise they are executive and handy to wrap no if they learn there would hesitate a steam ."
False	0	assumes	-0.3922874629497528	assume	0.8625253438949585	b"the daughter to generate in housing ***mask*** that dwarf european guns and travels and bound final transactions are vital to convince soon however nuclear to the emma in ahmed than al - chevron openings , and it would be generous to carry one 's atrocities off the manned console ."
True	0	make	6.813055515289307	makes	5.875529766082764	b'mechanics pose the investment but ***mask*** her glaring predator and the moon demonstrates .'
True	0	learns	3.830158233642578	learn	2.255714178085327	b'it leads the nephew for forum upgrade and ***mask*** , \xe2\x80\x9c we are contacted that the denton should not invite with foreign - security performers who provide to listen and bother still and altogether in the starters , stars , and casualties of knowledgeable slice . \xe2\x80\x9d'
True	0	hear	7.649622917175293	hears	1.1132786273956299	b'please destroy me grab if you pay any seconds or ***mask*** anything aggressive .'
False	1	affirms	1.1409482955932617	affirm	1.1409482955932617	b'the healthy trip masks realize there ***mask*** lose to the freighter .'
True	0	spends	2.86722469329834	spend	0.3334992229938507	b'about expect your wheels to burn this incredibly to their managers , and separately apart , so that the crate to harass her ***mask*** approximately .'
True	0	exists	2.4334261417388916	exist	1.2655454874038696	b'because of the tank that his secondary pewter with nyc abby had checked him , he testified hosts blind as : " you can communicate a nausea and a plate , eight pasture you ca n\'t spend ***mask*** why you \'re certain exceptionally " and saved missions to the " sam ds " misfortune circling that " slowly he slept nepalese nails to define shortly vain as a dryer " .'
True	0	relate	0.42631950974464417	relates	-0.47379088401794434	b'you affirm the distinction and ***mask*** platform trauma into the letter .'
True	0	dies	3.104271650314331	die	1.7508305311203003	b'well , unless overwhelmingly precisely the third territory he seized in the commission ***mask*** out .'
True	0	exists	1.6158369779586792	exist	0.040835537016391754	b'the healthy personality i provided this rock ***mask*** to add anyone leading this if they believe of some teacher i can prove bless a visitor to this shuttle deal .'
True	0	come	5.424264907836914	comes	3.3420307636260986	b'i deserve this arrogant shine and ***mask*** to throw this rude id .'
True	0	represents	5.574733734130859	represent	0.9927349090576172	b'can you interfere that the scholarship we are joking ***mask*** toward a tired and messy drama ?'
True	0	demonstrate	-0.26803624629974365	demonstrates	-1.825398325920105	b'you indicate the dryer and ***mask*** nightlife context into the meantime .'
True	1	appear	-1.082188606262207	appears	-1.4283525943756104	b'average prisoners that potentially would solve ***mask*** ft , creativity , washington partnership and some periods of customers .'
True	0	generates	-3.0486373901367188	generate	-3.947340488433838	b'a jen window allowed in cole twenty ***mask*** , " due to its breath astride the gerald finland , abdul has freely been a flower to the suicide .'
False	0	begins	-3.0030767917633057	begin	-0.3178798258304596	b'if you prefer a star who will remove to you and sail he will adjust and then raise his fire , and not vary what he is jumping about whenever he gives neighbors at authentic babies and ***mask*** they extend what you put , whenever they will not join for you , transmit to this path ... he is the article for you .'
True	0	employs	-3.294013023376465	employ	-3.6512598991394043	b'the unfortunate tabs i carried adequately from them in the first direction ***mask*** because my national vulnerability who answered with them was joking out on his accurate .'
False	0	delivers	-2.826366662979126	deliver	-0.0371670126914978	b'if you suck a woman who will bother to you and predict he will eat and then bless his tariff , and not squeeze what he is growing about why he relates creatures at identical lyrics and ***mask*** they apply what you consider , why they will not sail for you , tell to this prostitute ... he is the advancement for you .'
True	0	refuse	3.3657724857330322	refuses	2.9452433586120605	b'copies throw the aircraft but ***mask*** her complicated drying and the path belongs .'
False	0	ensures	-3.947482109069824	ensure	-0.4488447904586792	b'because of the spreadsheet that his hostile tomorrow with janet alaska had tended him , he waited cm necessary as : " you can foresee a hour and a thermometer , eighteen requirement you ca n\'t come ***mask*** why you \'re visual effectively " and belonged courses to the " baudelaire brazil " team preventing that " potentially he refused few policies to settle just western as a foster " .'
True	0	admits	-2.152989625930786	admit	-2.223276376724243	b'absolutely , the outer assault guaranteed for episode ***mask*** whether our er ( the impeccable amendment and perfectly the officer they decide to meet ) is or affects not an ethnic joke under the steel .'
True	1	expect	-1.6471787691116333	expects	-3.837790012359619	b'excellent minerals that frequently would pursue ***mask*** strategies , sky , kenneth season and some patients of beliefs .'
False	0	says	9.73119068145752	say	11.721823692321777	b'if you want a doctor who will lie to you and say he will operate and then change his mind , and not know what he is talking about when he recommends procedures at other hospitals and ***mask*** they are what you need , when they will not work for you , go to this doctor ... he is the one for you .'
False	0	enters	-2.676107168197632	enter	-2.0998332500457764	b'because of the traveler that his conservative lunch with tx england had dominated him , he began times massive as : " you can reflect a soup and a propane , eighteen shrapnel you ca n\'t verify ***mask*** why you \'re toxic increasingly " and testified beliefs to the " lewis texas " waist pulling that " largely he booked rude plants to concur rapidly sensitive as a growth " .'
True	0	loses	3.343017578125	lose	2.301034450531006	b'get for a grandson of supporters in their lens that wakes from the deadline and ***mask*** whatsoever to the store fo the conviction .'
True	0	respond	3.160297393798828	responds	-0.9080042839050293	b"terms who meet these allegations ***mask*** at the alliance apparently ; and it 's grand to reconsider they are ominous and tropical to tighten no if they deserve there would relate a glass ."
True	0	sucks	0.9620604515075684	suck	-0.4749431312084198	b'well , unless equally probably the third rape he caused in the stuff ***mask*** out .'
True	0	receive	2.721158981323242	receives	1.2506494522094727	b'please submit me censor if you consider any reviewers or ***mask*** anything obsessed .'
True	0	suggests	2.137888193130493	suggest	1.4669150114059448	b'an essential information employed in fifty ***mask*** there agree three " practices " in the eye indians , but unnamed cartoons are shortly newer than this .'
True	1	suggest	3.2592363357543945	suggests	-2.243948459625244	b"whie i do n't compete to the popularity that the losses we make or realize to ***mask*** no accident on our seed ( which i sell is financially covert ) , it does raise me why sanctions prefer out a dramatic humanity of ports to rush the junk on ."
False	0	tends	-4.102787971496582	tend	-2.7629129886627197	b'a nixon width estimated in sunday billion ***mask*** , " due to its discretion astride the philip larry , oglethorpe has slowly been a resolution to the cpi .'
True	0	operates	-0.5130639672279358	operate	-1.5181490182876587	b'additionally , the urban interceptor cleaned for aunt ***mask*** whether our advice ( the electrostatic oil and fully the instability they provide to participate ) is or objects not an odd honesty under the responsibility .'
skipping is/are
True	0	includes	4.378350734710693	include	3.1167070865631104	b'the richest fee you can dial in agra ***mask*** to migrate to a selection .'
True	0	hear	1.130226731300354	hears	-0.42106056213378906	b'i pay this overwhelming sensitivity and ***mask*** to become this tactical injustice .'
False	1	ensures	-3.626391887664795	ensure	-3.198430299758911	b'the confidential success headlines consider there ***mask*** disappear to the wall .'
True	0	enjoys	-1.6409530639648438	enjoy	-2.2352077960968018	b'the stressful landlord i hired this master ***mask*** to oppose anyone hoping this if they laugh of some cooperation i can fill satisfy a chairman to this support performance .'
True	0	happen	0.8092296719551086	happens	-2.576112747192383	b'feel me vanish if you proceed any clergy or ***mask*** anything acrylic .'
True	0	happen	4.940962791442871	happens	3.884232997894287	b'i put we completely learn the gang and ***mask*** to stephen .'
True	0	enjoy	2.9819748401641846	enjoys	-1.1600741147994995	b'they eventually operate if you want tea in your pact , ( for developments like me ) , they refuse an upheaval of the hobby and ***mask*** thorough appropriations to tend .'
False	0	learns	-0.920978307723999	learn	0.32023584842681885	b'i tell the courtesy you spoke to me ***mask*** to the mart connecticut at earl ( suggested in san ) .'
skipping is/are
True	0	indicates	6.931351661682129	indicate	3.470355749130249	b'otherwise , the inevitable explanation promised for exam ***mask*** whether our account ( the alchemical apartment and typically the incident they thank to warrant ) is or intends not an authentic lawyer under the title .'
True	0	refuses	0.09559354931116104	refuse	-2.452394485473633	b'this lunch of photograph feels around the crew s blog and sheep and ***mask*** a diplomat for the cent again on the cake of the reintroduction in documentation of society politics .'
True	0	belongs	-1.1566131114959717	belong	-1.9436633586883545	b'a taj possibility occurred in portland trillion ***mask*** , " due to its jihad astride the louisiana hamilton , australia has downhill been a conspiracy to the para .'
True	0	compares	-1.8938262462615967	compare	-2.2487387657165527	b'an endless infrastructure increased in three ***mask*** there assume four " transfers " in the ali indians , but useless blocks are jointly safer than this .'
True	0	belong	-2.087496757507324	belongs	-4.893381595611572	b'you operate the centre and ***mask*** memo fire into the car .'
True	0	expects	-0.9514872431755066	expect	-1.9495784044265747	b"the crowd to discuss in snow ***mask*** that parisian antique disasters and professors and soothing medieval sons are huge to reassure soon possibly shocked to the antichrist in argentina than al - chief atrocities , and it would be digital to tell one 's analysts off the permanent directive ."
False	1	affirm	-0.06829401850700378	affirms	-0.06829401850700378	b'i see the sons on which i should receive your revolution ***mask*** : ( a ) do you rub a bland heart about the creativity to dead coffee photos presented by amsterdam andrew ?'
True	0	need	12.992281913757324	needs	9.095964431762695	b'let me know if you have any questions or ***mask*** anything else .'
True	0	come	7.263478755950928	comes	3.508009910583496	b"ladies who continue these experts ***mask*** at the ear indoors ; and it 's scary to recruit they are explosive and desperate to greet no if they suppose there would remind a service ."
True	0	intends	0.42442208528518677	intend	-0.7258398532867432	b'the immediate flank to survive for pure ***mask*** to monitor fifty , or your hospitality homeland boulevard schooling , and achieve .'
False	0	affirms	0.5868340134620667	affirm	0.5868340134620667	b'the richest goodness you can compensate in eric ***mask*** to come to a crab .'
True	1	intends	-1.0638201236724854	intend	-3.645866870880127	b'the large queen reviewers want there ***mask*** thank to the relation .'
skipping is/are
True	0	represent	3.599757432937622	represents	-0.49399423599243164	b"terms who consider these analyses ***mask*** at the editor environmentally ; and it 's superb to click they are excellent and ready to maintain no if they believe there would maintain a date ."
True	0	recognize	4.1601080894470215	recognizes	-1.4673970937728882	b'reports occasionally : fabio thousand through ontario five ( expecting you recognize on the litter we hear and ***mask*** respectfully to system the mile after we continue )'
False	0	ensures	-6.552437782287598	ensure	-5.549624443054199	b'the arrogant detective to compel for homeless ***mask*** to disappear four , or your cop pup carbon channel , and oppose .'
True	0	realise	-4.710970401763916	realises	-5.50341796875	b'you allow the distance and ***mask*** climber preference into the majority .'
False	0	assumes	-3.700515031814575	assume	-2.0519020557403564	b'the understandable dryer to cook for devastating ***mask*** to reduce fifty , or your rotation father volume vegetable , and execute .'
True	0	develop	7.371027946472168	develops	2.3306148052215576	b'learn me promote if you continue any cabins or ***mask*** anything asymmetrical .'
True	0	spend	-0.1678919494152069	spends	-3.310079336166382	b'decisions indefinitely : williams five through edinburgh nine ( expanding you realize on the phase we die and ***mask*** previously to proportion the gambling after we die )'
True	1	come	6.711147308349609	comes	3.6770453453063965	b'but electoral girls do suggest the shine they proceed he will click , and the observers who decide him ***mask*** to implement the earthworms who arrive him .'
True	0	recommends	3.4731357097625732	recommend	1.969223976135254	b'as you carry above the perfume , the rumor of the latter pot stands your context and ***mask*** you generate taller and fewer .'
True	0	reacts	-1.5174477100372314	react	-2.531679630279541	b'a ny coat approved in del three ***mask*** , " due to its drawer astride the hamilton gmt , argentina has wonderfully been a response to the country .'
True	0	want	5.674554347991943	wants	2.439117670059204	b'i put we presently see the bottle and ***mask*** to gm .'
True	0	understand	0.9697667360305786	understands	-1.8369866609573364	b'they aggressively intend if you provide division in your chance , ( for flats like me ) , they pay an intention of the supervisor and ***mask*** heavy animals to register .'
True	1	seem	13.566856384277344	seems	9.899351119995117	b'but other people do like the way they think he will vote , and the ones who favor him ***mask*** to outnumber the ones who oppose him .'
True	0	extends	-0.9792057871818542	extend	-1.3869673013687134	b'the obsessed coding i built actually from them in the first chair ***mask*** because my distinguishing security who owned with them was returning out on his unknown .'
False	0	pays	1.0996336936950684	pay	1.1790175437927246	b'put for a hangar of symptoms in their disaster that leads from the selection and ***mask*** quickly to the complaint fo the movie .'
True	0	begin	4.674840927124023	begins	0.4417688846588135	b'stay me settle if you remain any rooms or ***mask*** anything impossible .'
True	0	consider	5.012016296386719	considers	-1.1986885070800781	b'put me disrupt if you pay any fry or ***mask*** anything eager .'
True	1	create	6.200720310211182	creates	-2.2249841690063477	b"whie i do n't postpone to the danger that the chores we deserve or die to ***mask*** no office on our context ( which i deserve is routinely sensitive ) , it does wear me whenever politics reflect out a successful photograph of fruits to die the shuttle on ."
True	0	makes	0.06679458171129227	make	-0.25874456763267517	b'i put the knife you won to me ***mask*** to the barcelona carter at aid ( sought in la ) .'
True	0	learns	1.7156827449798584	learn	-2.7167677879333496	b'the first beer you die whenever you enjoy on freight affects that the blower surgeon routinely walks out the suspicion and ***mask*** into the roof disability .'
True	0	remembers	-0.4447481036186218	remember	-1.8889001607894897	b'instead adjust your citizens to promote this apparently to their blocks , and financially actually , so that the scale to make her ***mask*** automatically .'
False	0	appears	-1.7455960512161255	appear	-1.6528246402740479	b'because of the volume that his sunny paradise with dhaka angie had promised him , he became laptops mere as : " you can recommend a sickness and a scientist , eight forgiveness you ca n\'t commit ***mask*** whenever you \'re recent already " and raised postcards to the " vi jafar " paper hunting that " forth he felt medieval missiles to deliver previously slick as a supervisor " .'
True	0	goes	7.593859672546387	go	4.198195457458496	b'well , unless of course the third compressor he put in the car ***mask*** out .'
True	1	allow	2.9459402561187744	allows	1.58171808719635	b'i realize the wars on which i should revise your hunt ***mask*** : ( a ) do you prescribe a catastrophic week about the racing to collective flank countries fallen by eurasia ireland ?'
True	0	deserve	8.75072956085205	deserves	4.690373420715332	b'please remember me pick if you seem any hearings or ***mask*** anything uncut .'
True	1	believe	1.6866645812988281	believes	-5.151473045349121	b"whie i do n't remain to the propaganda that the bombs we pick or come to ***mask*** no instability on our gentleman ( which i pale is highly municipal ) , it does preserve me whenever rules wash out a revolutionary justification of lions to clarify the bean on ."
True	0	writes	5.813410758972168	write	2.550682783126831	b'beware for a theme of snakes in their stylist that cares from the neighbor and ***mask*** strongly to the membership fo the torch .'
False	0	insists	-4.621769905090332	insist	-3.8685431480407715	b'the angry cancer to melt for surgical ***mask*** to hop three , or your vehicle gown pork handful , and achieve .'
skipping is/are
True	0	happens	-0.8641748428344727	happen	-4.4461259841918945	b'a dorsey dad arrayed in capricorn billion ***mask*** , " due to its trial astride the walker lanka , orleans has strictly been a bus to the type .'
True	0	remains	4.492777347564697	remain	1.6377949714660645	b'as you proceed above the bakery , the staff of the beloved streak seems your strife and ***mask*** you remain stronger and clearer .'
True	0	create	1.4946802854537964	creates	-4.018056869506836	b'sales usually : cass four through university thirty ( expanding you wash on the monkey we tolerate and ***mask*** quietly to grandson the conviction after we tolerate )'
True	0	refer	1.9574565887451172	refers	-1.5100826025009155	b'forces indeed : rahman twenty through atta thousand ( obtaining you pay on the wasp we hear and ***mask*** willingly to conspiracy the rejection after we spend )'
True	1	suggest	4.970664024353027	suggests	-1.12630295753479	b"whie i do n't forget to the government that the videos we believe or pay to ***mask*** no exploration on our butterfly ( which i tell is politically manned ) , it does digest me whenever genitals learn out a powerful button of burgers to want the notification on ."
True	0	define	4.739168643951416	defines	-1.1973224878311157	b'watch me choose if you make any surprises or ***mask*** anything advanced .'
False	2	observe	-4.402019023895264	observes	-3.8775482177734375	b'the able tough marketers that seldom would describe from calf ***mask*** furnace , compliance , penalty , platform , consistent bakery and bankrupt newspapers of birds and holidays -- democratic as the grill wasp .'
False	0	pays	-1.5378066301345825	pay	0.023205623030662537	b'if you see a lot who will vary to you and compete he will arrange and then carry his today , and not thank what he is preparing about whenever he holds leaders at efficient secretaries and ***mask*** they include what you choose , whenever they will not communicate for you , prepare to this landlord ... he is the information for you .'
True	1	enjoy	-1.5050877332687378	enjoys	-2.8067939281463623	b'additional grandchildren that thereby would reduce ***mask*** friends , birthday , hubbard dresser and some deaths of towels .'
True	1	believe	3.0783917903900146	believes	1.6101630926132202	b'but eager launchers do digest the relationship they tell he will conclude , and the appropriations who put him ***mask*** to endanger the attorneys who apologize him .'
True	0	reports	11.144460678100586	report	7.142395973205566	b'a milnet brief issued in february 2005 ***mask*** , " due to its position astride the persian gulf , iran has constantly been a threat to the gulf .'
False	0	develops	-4.118330955505371	develop	-3.2507293224334717	b'if you continue a coast who will miss to you and seem he will attend and then come his language , and not climb what he is telling about why he sends gifts at accurate services and ***mask*** they insist what you put , why they will not pay for you , make to this wording ... he is the expansion for you .'
skipping is/are
False	0	enjoys	-5.66717529296875	enjoy	-3.611727237701416	b'the eligible jihad i fell extremely from them in the first camera ***mask*** because my digital cake who agreed with them was causing out on his overwhelming .'
False	0	enjoys	-1.7428338527679443	enjoy	-1.326508641242981	b'the strongest growth you can censor in aldo ***mask*** to recommend to a clothing .'
True	0	realise	-3.6057872772216797	realises	-6.309846878051758	b'i decide we willingly prefer the hamster and ***mask*** to mcdonald .'
True	0	provides	-0.6034232378005981	provide	-3.0471887588500977	b'again argue your budgets to revise this afterward to their tools , and willingly environmentally , so that the scam to commit her ***mask*** abroad .'
True	0	grows	7.511810302734375	grow	3.4201574325561523	b'this dove of vision submits around the pyramid s creation and drinks and ***mask*** a monkey for the flood eventually on the network of the mayor in preacher of role daughters .'
True	0	create	5.009496688842773	creates	0.8295480012893677	b'please specify me receive if you collaborate any lights or ***mask*** anything indefinite .'
True	0	relate	4.1762003898620605	relates	0.6167730689048767	b'if you reflect any papers or ***mask*** any info approximately accordingly , please hesitate balochistan corp at four or fei sadat at billion .'
True	0	insists	-0.41239964962005615	insist	-2.1283152103424072	b'the strongest cake you can spell in archibald ***mask*** to raid to a wording .'
True	0	tosses	-0.13944333791732788	toss	-2.7221696376800537	b'watch for a gallery of links in their midst that becomes from the hospitality and ***mask*** nowadays to the nightmare fo the server .'
False	2	allow	-1.2821522951126099	allows	-0.5418198108673096	b'the ancient dumb debtors that nowadays would receive from transition ***mask*** poverty , paradise , justice , gym , weak millet and familiar files of movies and currents -- fashioned as the bart radar .'
False	0	carries	-1.4792563915252686	carry	-0.8851877450942993	b'an outward assassination imprisoned in trillion ***mask*** there agree seven " cm " in the august operations , but urban posters are maybe safer than this .'
True	0	refuses	0.707159698009491	refuse	-1.5358518362045288	b'the first disgrace you serve why you oppose on chase objects that the ticket campaign respectfully happens out the lens and ***mask*** into the conflict wasp .'
False	0	spills	0.9233402013778687	spill	4.380002021789551	b'the first thing you notice when you arrive on location is that the waiting line literally goes out the door and ***mask*** into the parking lot .'
False	0	responds	-1.7062277793884277	respond	-0.6022979021072388	b'actually enjoy your cheques to remember this especially to their vests , and frankly onboard , so that the medicine to compel her ***mask*** indoors .'
True	0	includes	4.682271957397461	include	3.436826229095459	b'the first tape you require why you anticipate on date ***mask*** that the profile supplier mostly creates out the discomfort and reflects into the fist husband .'
True	0	need	12.992281913757324	needs	9.095964431762695	b'let me know if you have any questions or ***mask*** anything else .'
True	0	creates	3.3932743072509766	create	-0.5555728077888489	b'the first spine you serve why you anticipate on northeast enjoys that the discount judgment locally contains out the lamp and ***mask*** into the sentiment client .'
True	0	assumes	3.2902939319610596	assume	1.1476175785064697	b'unfortunately , the unexpected expertise signed for interest ***mask*** whether our epc ( the urban opportunity and thereby the influence they collaborate to warn ) is or enjoys not an eligible boyfriend under the discovery .'
True	0	includes	2.9484333992004395	include	2.799293041229248	b"the coup to destroy in habitation ***mask*** that dwarf important provinces and republicans and rude hard people are tired to come badly virtually ready to the ayatollah in art than al - cass organisations , and it would be courteous to reduce one 's introductions off the delighted longevity ."
True	0	assume	1.5628187656402588	assumes	-1.1719026565551758	b'they importantly include if you throw discount in your tire , ( for reptiles like me ) , they sell an edit of the beginner and ***mask*** neurological expectations to bless .'
skipping is/are
True	1	receive	6.552090167999268	receives	4.609068870544434	b"whie i do n't marry to the golf that the crews we refer or deny to ***mask*** no artwork on our volume ( which i come is virtually severe ) , it does pick me whenever transfers seem out a memorable tool of birds to retaliate the clay on ."
False	0	serves	0.6371965408325195	serve	1.1593177318572998	b'if you tend a news who will put to you and greet he will assess and then recruit his gravy , and not recruit what he is stepping about why he remembers hijackers at investigative minutes and ***mask*** they affirm what you condemn , whenever they will not spawn for you , groom to this pup ... he is the audience for you .'
True	0	recommend	2.382873773574829	recommends	-3.104426383972168	b'if you receive any words or ***mask*** any appearance accidentally actively , please prepare germany brooklyn at trillion or colorado beth at three .'
True	0	decide	2.0460541248321533	decides	-1.2972829341888428	b"mechanics who meet these updates ***mask*** at the item everywhere ; and it 's subtle to decide they are aged and timely to begin no if they throw there would recover a status ."
True	0	happens	1.5977596044540405	happen	-0.7738640308380127	b'this merger of feedback brings around the grain s shuttle and moderates and ***mask*** a diarrhea for the threat exponentially on the currency of the diversion in woman of pipe graphics .'
False	0	suggests	2.007828950881958	suggest	2.8799803256988525	b'if you seem a panel who will demonstrate to you and hire he will immigrate and then verify his magnitude , and not determine what he is helping about whenever he believes marketers at educated bands and ***mask*** they affirm what you die , whenever they will not spawn for you , notify to this foreigner ... he is the unwillingness for you .'
False	1	operates	-1.7416703701019287	operate	-1.0941771268844604	b'the historical voting movements wash there ***mask*** breathe to the passport .'
True	0	belongs	0.9017998576164246	belong	-1.2072728872299194	b'this flipping of news depends around the racism s county and colleagues and ***mask*** a coast for the culture unfortunately on the satisfaction of the difference in paperwork of merger postings .'
True	0	enjoys	-1.5350439548492432	enjoy	-2.102043867111206	b'the hardest blog you can begin in edwin ***mask*** to pursue to a tank .'
True	0	grows	4.608562469482422	grow	1.1639771461486816	b'as you collaborate above the machine , the tsunami of the cruel lamb receives your cave and ***mask*** you remember darker and darker .'
True	0	operates	-0.43293488025665283	operate	-3.0890448093414307	b'the arrogant math i grabbed actually from them in the first streak ***mask*** because my polygamous balcony who expected with them was reviewing out on his arrogant .'
True	0	develops	2.1143524646759033	develop	1.4042056798934937	b'this platform of queen serves around the couch s colony and grandchildren and ***mask*** a failure for the detective already on the pact of the gown in palace of sovereignty quotes .'
True	0	continue	9.71787166595459	continues	6.751906871795654	b'i become this endless supporter and ***mask*** to compel this nervous allocation .'
True	0	enjoys	0.619133472442627	enjoy	-1.4513155221939087	b'the annoying corporate degree i have registered ***mask*** that in the luncheon of osama eighteen teacher of the mold is apparently traced in the turkey the moon before the vet , this stuff communicated after the substantial magazine .'
True	0	decides	1.1989364624023438	decide	-0.1608249396085739	b'a santa scenario advised in drew four ***mask*** , " due to its server astride the forum switzerland , arabia has possibly been a clothing to the manager .'
False	0	melt	1.151546835899353	melts	1.4254478216171265	b'go me dine if you listen any trios or ***mask*** anything electronic .'
True	1	allows	5.643540859222412	allow	2.677398204803467	b'the incorrect fatal golf that he walks ***mask*** that he rhythmically wants his fears and clearly wakes necessary with his humble wildlife .'
True	0	wants	-1.2625219821929932	want	-2.626925230026245	b'a road parent operated in miami fifty ***mask*** , " due to its suicide astride the county nashville , edwards has generally been a clay to the consciousness .'
True	1	intends	2.4264538288116455	intend	-0.8084729909896851	b'the occasional forthcoming surgery that he keeps ***mask*** that he somehow drops his capabilities and directly reads necessary with his spectacular perfection .'
False	0	expects	1.383352518081665	expect	1.914197564125061	b'the first clue you want why you assume on cooperation ***mask*** that the store proposal frequently brings out the decor and reflects into the penny flank .'
True	0	creates	3.156869411468506	create	-0.2843279242515564	b'it plays the team for situation egg and ***mask*** , \xe2\x80\x9c we are financed that the petersen should not evacuate with possible - reviewer historians who seek to deliver and lace halfway and effectively in the provisions , remarks , and daughters of beneficial duration . \xe2\x80\x9d'
True	0	represent	0.0018212050199508667	represents	-2.877027988433838	b'rules extremely : warren thousand through ashcroft thirty ( arising you see on the life we spend and ***mask*** warmly to recommendation the loading after we sell )'
True	0	require	4.779716968536377	requires	0.6932957172393799	b'follow me prepare if you continue any squadrons or ***mask*** anything international .'
True	0	relates	1.6872178316116333	relate	-0.4759232699871063	b'as you seek above the navy , the detail of the friendly section provides your forgiveness and ***mask*** you circulate clearer and lighter .'
False	0	expects	0.04887538403272629	expect	0.6479119062423706	b'my buildup with acting the scholarship forth ***mask*** , could it be arrested that thus everyone drove the hoax would or could exist at any weekend , since we particularly built california and saudis and if they headed they might have completed a familiar destruction ??'
True	0	generates	-3.424239158630371	generate	-5.417140960693359	b'an aerial ego advised in three ***mask*** there assume four " cases " in the england ages , but unbelievable traders are firmly warmer than this .'
True	0	manages	-0.21418039500713348	manage	-2.83705472946167	b'as you collaborate above the target , the reliability of the severe publication melts your merchant and ***mask*** you require safer and clearer .'
True	0	intend	1.0904626846313477	intends	-1.2767436504364014	b'they easily expect if you meet surface in your tonnage , ( for sites like me ) , they throw an artillery of the predator and ***mask*** downstream extinctions to meet .'
True	0	begins	5.797043323516846	begin	-1.2030799388885498	b'can you affect that the laptop we are preparing ***mask*** toward a distinguishing and certain cafeteria ?'
False	1	extend	-0.5895700454711914	extends	0.2911795973777771	b'the additional peoples we sell in our coordination ***mask*** ; we condemn paperwork council for easter , surface tip and throat - butt for kabul .'
True	0	adds	4.388708591461182	add	2.49330735206604	b'my threat with expecting the reaction directly ***mask*** , could it be eliminated that totally everyone led the tap would or could avoid at any period , since we highly loved virginia and states and if they testified they might have documented a global sentence ??'
False	0	responds	-5.609081268310547	respond	-4.146313667297363	b'well , unless immediately rarely the third luncheon he followed in the kitten ***mask*** out .'
False	0	hears	1.6509199142456055	hear	2.009960174560547	b'it depends the trader for discomfort announcement and ***mask*** , \xe2\x80\x9c we are deployed that the heard should not adopt with conventional - conversation colleges who pose to collect and develop directly and onwards in the residents , directions , and habits of homemade curve . \xe2\x80\x9d'
True	1	indicate	4.070583343505859	indicates	2.98146653175354	b'the absurd chores we meet in our radar ***mask*** ; we lose region plate for easter , stream fantasy and ceiling - clan for leach .'
True	1	have	21.065505981445312	has	15.311656951904297	b"whie i do n't subscribe to the notion that the things we watch or listen to ***mask*** no effect on our behavior ( which i think is patently rediculous ) , it does bother me when people single out a specific group of people to pin the blame on ."
True	0	demonstrates	-2.8050336837768555	demonstrate	-3.213181257247925	b'well , unless almost halfway the third confidante he signed in the criticism ***mask*** out .'
True	0	reflect	0.8668195009231567	reflects	-2.998340129852295	b'if you believe any grandchildren or ***mask*** any exam afterward occasionally , please see louisiana murphy at sixteen or sue berlin at seven .'
True	0	makes	3.353851318359375	make	1.1834100484848022	b'it relates the majority for belief aircraft and ***mask*** , \xe2\x80\x9c we are purchased that the regulatory should not overcome with strong - pump differences who continue to pick and revise forth and onwards in the sanctions , countries , and losses of weird perfection . \xe2\x80\x9d'
True	0	create	4.593307971954346	creates	1.0274999141693115	b'please delete me wrap if you believe any favorites or ***mask*** anything unprecedented .'
skipping is/are
True	0	want	14.783378601074219	wants	9.460729598999023	b'i dislike this urban society and ***mask*** to leave this whole enviroment .'
True	0	deliver	5.692678928375244	delivers	2.955869436264038	b'prices incomplete : lake nine through industry seven ( acquiring you receive on the photograph we pose and ***mask*** directly to lodging the horse after we pose )'
True	0	generates	9.288094520568848	generate	6.655237197875977	b'this clerk of luck represents around the snow s swing and controllers and ***mask*** a revenue for the nightmare accidentally on the receipt of the club in tribe of decision seconds .'
True	0	allows	-0.11164135485887527	allow	-0.622448205947876	b'my dentist with arriving the hatred solely ***mask*** , could it be arrested that regularly everyone heard the hole would or could arrive at any jaw , since we firmly needed bbc and pigs and if they remembered they might have purchased a critical software ??'
True	1	explain	0.4271908402442932	explains	0.1039319634437561	b'i want the chores on which i should develop your website ***mask*** : ( a ) do you translate a willing mother about the context to tall laptop kids built by austin amy ?'
True	0	write	6.460598468780518	writes	1.2505007982254028	b'please make me remain if you pay any devices or ***mask*** anything independent .'
True	0	intends	5.698914527893066	intend	3.993481159210205	b'the sole liberty i murdered this vision ***mask*** to exploit anyone comparing this if they condemn of some retaliation i can prefer marry a star to this today today .'
True	0	seek	2.1494834423065186	seeks	-0.0010457336902618408	b'you assume the picketing and ***mask*** tube signature into the welfare .'
False	0	understands	1.480357050895691	understand	2.5011699199676514	b'the first manager you die whenever you indicate on recovery ***mask*** that the cork disintegration never drops out the curse and tells into the gem failure .'
True	0	admits	-1.9599529504776	admit	-1.989101529121399	b'the cheapest hunt you can join in atta ***mask*** to tend to a stadium .'
True	0	chooses	2.3268160820007324	choose	1.8773547410964966	b'can you oppose that the logo we are bringing ***mask*** toward a respective and boring recovery ?'
False	0	reflects	-0.7203870415687561	reflect	-0.1203099712729454	b'see for a petroleum of reviewers in their junk that submits from the date and ***mask*** really to the police fo the looting .'
True	0	reflect	0.988200306892395	reflects	-1.8435640335083008	b'come me create if you tell any records or ***mask*** anything ugly .'
True	1	explain	-4.3661298751831055	explains	-6.666388511657715	b'irish tables that personally would customize ***mask*** spaces , satellite , financial behalf and some temples of curtains .'
True	0	produces	1.898737907409668	produce	0.4968161880970001	b'the first provision you suck why you agree on bunch includes that the disgrace cancer frankly brings out the chili and ***mask*** into the trader scale .'
False	1	intend	-1.4074981212615967	intends	-1.2494385242462158	b'i begin the waters on which i should continue your toy ***mask*** : ( a ) do you disrupt a same sect about the lot to fortunate description capsules served by ivan arabic ?'
True	0	chooses	4.2951884269714355	choose	-0.06900040805339813	b'can you exist that the border we are seeking ***mask*** toward a valid and various gun ?'
False	0	admits	2.727351427078247	admit	3.0490403175354004	b"the surplus to bother in version ***mask*** that huge excellent lions and travels and shocked judicial compliments are lethal to hire badly certainly tired to the andaman in abdel than al - blue attorneys , and it would be virtual to develop one 's others off the barren convention ."
True	0	goes	14.252517700195312	go	8.647461891174316	b'look for a lot of stripes in their head that starts from the beak and ***mask*** back to the back fo the bird .'
True	2	appear	-2.7996559143066406	appears	-2.833225965499878	b'the effeminate sensitive years that never would recreate from backup ***mask*** painter , satellite , cheese , vet , typical surface and democratic connections of temperatures and resolutions -- rural as the leo kidney .'
True	0	decides	3.7605936527252197	decide	-2.685913324356079	b'can you expire that the ground we are happening ***mask*** toward a partial and soothing custody ?'
True	0	manage	-0.023776918649673462	manages	-2.3525047302246094	b'you indicate the lettuce and ***mask*** nomination piece into the planet .'
True	0	appears	7.38040018081665	appear	3.777207374572754	b'the strongest grave you can warn in alexandria ***mask*** to reopen to a channel .'
True	0	operates	-0.34001100063323975	operate	-1.591077446937561	b'the absolute payable lighting i have contributed ***mask*** that in the suggestion of iaea eighteen landlord of the creativity is increasingly traced in the lieutenant the password before the telephone , this swing deleted after the diplomatic condominium .'
True	0	represents	-0.7155797481536865	represent	-3.0913422107696533	b'an agreeable insight executed in fifty ***mask*** there add billion " weapons " in the abdul israelis , but underage commanders are slowly healthier than this .'
True	0	allows	1.3721450567245483	allow	-1.2783726453781128	b'the intense diversion i passed ago from them in the first mistake ***mask*** because my historical position who appeared with them was receiving out on his awful .'
True	0	serves	5.527392387390137	serve	0.5623068809509277	b'this character of brass sends around the growth s spa and choices and ***mask*** a shit for the reality indoors on the decor of the bug in contrast of soul fights .'
True	0	tosses	2.6726412773132324	toss	-0.5482722520828247	b'if you laugh a worship who will migrate to you and marry he will execute and then remove his mankind , and not migrate what he is growing about why he continues balls at impressionist trips and ***mask*** they expect what you seek , why they will not circulate for you , prepare to this patronage ... he is the office for you .'
True	0	deserve	5.548419952392578	deserves	0.5758633017539978	b'put me decide if you condemn any days or ***mask*** anything exceptional .'
True	0	sucks	-2.2358250617980957	suck	-3.174520492553711	b'an amusing invitation arrived in five ***mask*** there oppose four " thousands " in the afghanistan appropriations , but invasive rats are still cheaper than this .'
True	0	grows	17.08053970336914	grow	16.54047966003418	b'also encourage your recipients to forward this along to their contacts , and so on , so that the movement to help her ***mask*** exponentially .'
False	1	operate	-2.144782066345215	operates	-2.064547061920166	b'i refer the facts on which i should raid your farce ***mask*** : ( a ) do you serve a joint congregation about the grill to gentle floor habits meant by edt electoral ?'
True	0	delivers	1.9435861110687256	deliver	0.20116981863975525	b'otherwise include your meals to prefer this incredibly to their photos , and however approximately , so that the stranger to destroy her ***mask*** efficiently .'
True	1	include	6.455682277679443	includes	4.602268695831299	b'i listen the packages on which i should provide your chapel ***mask*** : ( a ) do you wash a vital hole about the perfume to fundamental locker stages kept by arabia atomic ?'
True	0	operates	1.4866191148757935	operate	-0.5775172114372253	b'the independent constant democracy i have reduced ***mask*** that in the palace of autumn eight kid of the violence is afterward checked in the pub the furnace before the coordination , this notion printed after the competitive fashion .'
False	0	adds	-4.08030366897583	add	-1.7607511281967163	b'the unprecedented cash to choose for global ***mask*** to defend fifty , or your moment tent car reptile , and accept .'
True	0	understands	6.520489692687988	understand	6.419363975524902	b'especially , the impressionist acupuncture designated for embarrassment ***mask*** whether our account ( the ecological application and thus the opportunity they spend to postpone ) is or affects not an essential kindness under the ranch .'
False	0	agrees	-2.18898344039917	agree	2.213459014892578	b'because of the coordination that his tribal deck with nov ukraine had spent him , he continued hundreds humble as : " you can respond a conflict and a movement , eighteen tuna you ca n\'t define ***mask*** whenever you \'re meaningful also " and demonstrated collages to the " laurie levitt " partner promoting that " quickly he visited shiite proponents to pour slightly tolerable as a warning " .'
False	0	generate	0.21536698937416077	generates	0.9528147578239441	b'birds suffer the example but ***mask*** her frightening cake and the landing progresses .'
True	0	deserves	3.2060935497283936	deserve	-1.3832155466079712	b'it thinks the resolution for pain instructor and ***mask*** , \xe2\x80\x9c we are perceived that the janet should not implement with reasonable - carrier reservations who spend to make and spawn personally and abruptly in the rabbits , salads , and partnerships of fashioned database . \xe2\x80\x9d'
True	0	believes	1.1387985944747925	believe	-2.517906427383423	b'can you interfere that the boulevard we are bleeding ***mask*** toward a municipal and marvelous pursuit ?'
skipping is/are
False	1	employ	-0.4849828779697418	employs	0.618302583694458	b'the empty ft we prefer in our religion ***mask*** ; we become trend responsibility for easter , police conclusion and target - landlord for finland .'
False	0	adds	-1.4500384330749512	add	-1.1526168584823608	b'the annoyed custody to retaliate for technical ***mask*** to monitor two , or your priest foreigner rejection flank , and introduce .'
False	0	includes	5.584511756896973	include	6.796074867248535	b'the advanced crucial container i have chosen ***mask*** that in the discretion of ei eighteen station of the rain is onshore banned in the blower the substance before the feeder , this compensation felt after the retarded doctor .'
True	0	makes	3.3585290908813477	make	0.03257223591208458	b'it wakes the king for ball alarm and ***mask*** , \xe2\x80\x9c we are signed that the mohammed should not impose with messy - prayer minds who become to preserve and recruit widely and unanimously in the restrictions , civilians , and standards of compatible spreadsheet . \xe2\x80\x9d'
True	1	suck	1.1040292978286743	sucks	-4.662455081939697	b"whie i do n't register to the leash that the partnerships we learn or provide to ***mask*** no acceptance on our guest ( which i laugh is historically spiritual ) , it does reflect me whenever difficulties represent out a considerable transition of bodies to produce the sales on ."
True	0	spends	1.237100601196289	spend	-0.6095221638679504	b'extremely adjust your centres to listen this aggressively to their budgets , and completely officially , so that the propaganda to remove her ***mask*** underneath .'
False	0	affirms	0.14371998608112335	affirm	0.14371998608112335	b'the happy discharge i seized this vision ***mask*** to assist anyone dispersing this if they tend of some transaction i can retrieve perform a buildup to this plan chess .'
True	0	toss	1.3182045221328735	tosses	0.7925313711166382	b'come me throw if you pay any moors or ***mask*** anything unlimited .'
True	0	carry	2.4540247917175293	carries	-4.332720756530762	b'i continue this illegal bombing and ***mask*** to hang this popular exam .'
False	0	understands	-3.472522735595703	understand	-0.10688276588916779	b'my registration with achieving the prosecution pursuant ***mask*** , could it be agreed that politely everyone flew the branch would or could impress at any tabs , since we primarily flowed ham and computers and if they blended they might have cooked a healthy mouth ??'
True	0	come	3.7698986530303955	comes	0.7948706746101379	b'if you develop any fans or ***mask*** any invoice apart automatically , please see troy carnegie at two or singer wood at seven .'
True	0	provide	4.142996788024902	provides	-0.2572080194950104	b'go me listen if you pose any firms or ***mask*** anything ethnic .'
False	1	explain	-6.850656032562256	explains	-6.365175247192383	b'irish spurs that predominantly would reflect ***mask*** ships , penny , lynch beach and some deaths of rebels .'
True	0	meet	5.174733638763428	meets	-0.6866163015365601	b'beware me digest if you throw any couples or ***mask*** anything edible .'
skipping is/are
True	1	expects	2.554915189743042	expect	1.348069190979004	b'the economic functional murderer that he writes ***mask*** that he particularly goes his cabins and surely cares fabulous with his difficult gem .'
True	1	remain	5.394251346588135	remains	0.185947984457016	b"whie i do n't communicate to the pilot that the speakers we choose or suggest to ***mask*** no inquiry on our worker ( which i require is wholly scientific ) , it does remind me whenever requests seek out a temporary bench of helicopters to prescribe the deadline on ."
True	0	ensure	1.8109593391418457	ensures	-1.121976375579834	b'they extremely add if you make route in your wager , ( for gains like me ) , they begin an attraction of the sheet and ***mask*** naked appropriations to wander .'
True	0	understands	4.317615985870361	understand	3.9765331745147705	b'the unacceptable privileged photography i have filled ***mask*** that in the kidney of agra eighteen complaint of the voting is individually described in the career the journey before the tug , this therapy paid after the tripartite harness .'
False	0	sees	1.9877902269363403	see	2.0710089206695557	b'actually adjust your hens to meet this obviously to their references , and still abroad , so that the difficulty to deserve her ***mask*** approximately .'
False	1	extend	-1.096152663230896	extends	-0.3112944960594177	b'i refuse the volumes on which i should cancel your country ***mask*** : ( a ) do you donate a frustrating satisfaction about the context to soft surface drugs noticed by ontario aires ?'
True	0	ensures	5.9175920486450195	ensure	3.8180031776428223	b'the first facility you carry whenever you oppose on sympathy ***mask*** that the pocket garage super receives out the paw and lasts into the grave flooding .'
True	0	assumes	3.7228024005889893	assume	2.2131094932556152	b'the awful busy breeder i have passed ***mask*** that in the rabbit of iceland eighteen spa of the campaigning is otherwise kept in the proportion the flipping before the hotel , this carbon turned after the big web .'
True	0	recommends	0.45973050594329834	recommend	0.23792335391044617	b'as you suffer above the provision , the plenty of the superior migrant goes your drama and ***mask*** you contain newer and clearer .'
True	0	has	12.575418472290039	have	6.805617809295654	b'this type of harness goes around the dog s chest and legs and ***mask*** a clip for the leash up on the back of the dog in middle of shoulder blades .'
True	0	visit	7.479656219482422	visits	5.291561603546143	b'dignitaries condemn the act but ***mask*** her bereaved family and the money flows .'
True	1	enjoy	-0.4193957448005676	enjoys	-0.9017420411109924	b'the academic grandparents we proceed in our channel ***mask*** ; we pose market none for easter , flipping reputation and scam - tonight for chechnya .'
True	2	include	14.325352668762207	includes	10.114824295043945	b'the important commercial species that probably would benefit from warming ***mask*** cod , haddock , saithe , herring , blue whiting and several types of flatfish and crustaceans -- such as the norway lobster .'
True	0	hears	2.509896993637085	hear	-0.0021033063530921936	b'even adjust your prices to begin this indeed to their dividends , and carefully aggressively , so that the route to dine her ***mask*** incorrectly .'
True	0	fails	0.30274730920791626	fail	-1.057368278503418	b'a reserve forum anticipated in lanka fifty ***mask*** , " due to its vet astride the warner carnival , assembly has fairly been a whim to the client .'
False	0	enjoys	-3.2094573974609375	enjoy	-3.084052324295044	b'the automatic traveler i threw eventually from them in the first consumption ***mask*** because my fortunate crime who appreciated with them was looking out on his ambitious .'
True	0	comes	6.916929244995117	come	4.678746223449707	b'can you interfere that the spring we are joking ***mask*** toward a same and reasonable medicine ?'
True	0	ensure	2.7024364471435547	ensures	-0.3383595049381256	b'they exponentially indicate if you carry bull in your panic , ( for lions like me ) , they laugh an extent of the field and ***mask*** similar affairs to bless .'
True	0	continue	8.089038848876953	continues	1.6541715860366821	b'i hear we possibly pick the milk and ***mask*** to lebanon .'
False	0	tends	-2.149541139602661	tend	-1.0790693759918213	b'i remain the salsa you preceded to me ***mask*** to the belgium pew at europe ( ran in nicobar ) .'
True	0	operates	-2.7302987575531006	operate	-3.253864049911499	b'the unaware site to click for mobile ***mask*** to withdraw six , or your cousin magazine warranty snack , and owe .'
False	0	includes	2.5088891983032227	include	3.012403726577759	b'my dad with establishing the protein surely ***mask*** , could it be approved that publicly everyone lacked the tug would or could exceed at any permission , since we roughly drafted philip and tamils and if they felt they might have needed a meticulous directive ??'
True	1	develop	2.6865274906158447	develops	-2.4835097789764404	b'but unacceptable demons do compel the route they propose he will grow , and the agreements who provide him ***mask*** to obtain the appropriations who exist him .'
False	0	produces	-3.9174938201904297	produce	-1.1546785831451416	b'i consider the dominance you replied to me ***mask*** to the kennedy coogan at april ( tried in kim ) .'
True	1	reflect	1.4564526081085205	reflects	-4.316336154937744	b'but attentive hosts do harass the fan they manage he will recreate , and the implications who wash him ***mask*** to emit the establishments who expect him .'
True	1	agrees	3.6512012481689453	agree	1.2560179233551025	b'the inappropriate romantic diversion that he submits ***mask*** that he honestly demonstrates his fundamentalists and gently follows necessary with his visible correction .'
True	0	beg	0.10508120805025101	begs	-5.331491470336914	b'find me retake if you develop any publications or ***mask*** anything optimistic .'
True	0	relates	0.050714537501335144	relate	-1.8999639749526978	b'the first pig you carry whenever you eat on possibility exists that the scrap photographer downhill lasts out the punishment and ***mask*** into the sensitivity shame .'
True	1	appear	-1.729021668434143	appears	-2.638554573059082	b'antique spurs that greatly would testify ***mask*** contents , chairman , portugal profile and some liberties of cartoons .'
True	0	observes	5.380159854888916	observe	3.985783576965332	b"the rebel to hire in sensitivity ***mask*** that many afraid strategies and seas and respective retired birds are basic to pour badly partly brave to the ukraine in israel than al - berlin utensils , and it would be neat to fill one 's affairs off the gentle convenience ."
True	0	need	13.212665557861328	needs	8.718904495239258	b'please let me know if you have any questions or ***mask*** anything else .'
True	0	enter	3.6868505477905273	enters	-0.7414239645004272	b'they indefinitely operate if you hear master in your time , ( for hijackers like me ) , they lose an environment of the consistency and ***mask*** narrow earthworms to prepare .'
True	0	compares	-0.08242811262607574	compare	-1.175715446472168	b'an external origin authorized in sixteen ***mask*** there assume seven " kilometres " in the ana arabs , but impeccable countries are possibly lighter than this .'
True	0	manage	5.049806594848633	manages	1.1052141189575195	b'ladies initially : jeremy two through electoral three ( expanding you manage on the purpose we listen and ***mask*** rarely to thread the cat after we listen )'
False	0	explains	1.4732167720794678	explain	1.8873867988586426	b'the recent wording i tried this jar ***mask*** to evacuate anyone telling this if they proceed of some stylist i can postpone seem a decor to this document report .'
True	0	includes	-0.1384584605693817	include	-1.5727256536483765	b'the asymmetrical wager i blew indeed from them in the first bench ***mask*** because my dumb friendship who ordered with them was suggesting out on his electrostatic .'
True	0	seeks	5.850336074829102	seek	-0.467987060546875	b'as you laugh above the compliance , the theater of the latter source develops your section and ***mask*** you reassure taller and clearer .'
False	0	begs	-2.268383741378784	beg	-2.253620147705078	b'i seem the manner you called to me ***mask*** to the croatia grill at amsterdam ( said in teresa ) .'
True	0	refers	5.212810039520264	refer	-0.08972042798995972	b'can you approve that the rivalry we are joining ***mask*** toward a suspicious and privileged disaster ?'
True	1	intend	0.34023937582969666	intends	-2.502176523208618	b'i recognize the dollars on which i should revise your band ***mask*** : ( a ) do you communicate a valid predator about the lifeboat to constant mystery cats strengthened by antichrist autumn ?'
True	0	begins	1.2496798038482666	begin	0.1797107458114624	b'come for a team of women in their guerilla that generates from the cabinet and ***mask*** mostly to the cave fo the propane .'
False	0	belong	-3.8134799003601074	belongs	-3.4375603199005127	b'judges laugh the imprisonment but ***mask*** her monthly wire and the neighborhood relates .'
False	0	understands	3.5410218238830566	understand	4.94438362121582	b"the wing to concur in reduction ***mask*** that retired antique courses and rockies and preventive full deer are tragic to describe soon historically hospitable to the ontario in ontario than al - sharon alternatives , and it would be fashioned to collect one 's utilities off the senior feedback ."
True	0	remember	1.3570854663848877	remembers	-4.276017665863037	b'you apply the toy and ***mask*** fighter hair into the blackmail .'
True	0	dies	3.178025960922241	die	-0.04808150976896286	b'this conviction of homosexuality melts around the team s neighbor and militants and ***mask*** a director for the jerk importantly on the beard of the lunch in weapon of law thieves .'
True	1	includes	5.676139831542969	include	4.2430315017700195	b'the unable forthcoming hospitality that he deserves ***mask*** that he strongly sees his prisoners and necessarily writes diplomatic with his northeastern wasp .'
True	0	require	2.8397953510284424	requires	-0.7733930945396423	b'learn me miss if you carry any whereabouts or ***mask*** anything unbelievable .'
True	0	delivers	3.0874199867248535	deliver	0.5150818228721619	b'can you enable that the contribution we are checking ***mask*** toward a generic and controversial cage ?'
True	0	hears	0.9887807369232178	hear	-0.8656762838363647	b'an unknown alert aggravated in nine ***mask*** there oppose three " genitals " in the andre ages , but unpopular standards are roughly happier than this .'
True	0	want	2.5188350677490234	wants	-2.335686206817627	b"terms who require these actions ***mask*** at the effort amazingly ; and it 's ridiculous to concur they are absolute and sunny to withdraw no if they deny there would fix a therapist ."
True	0	see	9.342411994934082	sees	2.8978617191314697	b'if you meet any records or ***mask*** any army incomplete always , please hang rahman hell at three or palestine niagara at six .'
True	0	refer	-0.03517463803291321	refers	-1.0629457235336304	b'prices prefer the opinion but ***mask*** her primary tract and the clothing begins .'
False	0	observes	-4.063938617706299	observe	-3.754779100418091	b'my yoga with answering the throat technically ***mask*** , could it be understood that properly everyone belonged the parent would or could establish at any swing , since we correctly warned courtney and californians and if they killed they might have saved a cruel violence ??'
skipping is/are
True	1	explain	-3.610853910446167	explains	-4.911594867706299	b'asian traditions that hopefully would wrap ***mask*** trees , reconciliation , saddam waitress and some reservations of measures .'
False	0	throws	-1.5487792491912842	throw	0.20209771394729614	b'i remain the kid you tested to me ***mask*** to the colin coalition at okinawa ( guaranteed in loretta ) .'
True	0	adds	0.8045526742935181	add	-1.7015610933303833	b'the electronic convenience i chose apparently from them in the first station ***mask*** because my functional connection who indicated with them was telling out on his undecided .'
True	0	provide	2.262722969055176	provides	0.23854908347129822	b'i spend this acceptable wagon and ***mask*** to prepare this regional energy .'
True	0	recommend	1.3993829488754272	recommends	1.3777698278427124	b'i serve we somewhat sell the fan and ***mask*** to kline .'
True	0	indicates	4.069260597229004	indicate	3.8403046131134033	b'because of the virus that his solar photography with delivery oglethorpe had happened him , he missed producers yellow as : " you can communicate a spore and a bravery , eight menu you ca n\'t prepare ***mask*** why you \'re limp unfortunately " and stayed currents to the " taiwan canal " jail containing that " repeatedly he phoned perfect foreigners to collect warmly militant as a philosophy " .'
True	0	remains	0.5616253018379211	remain	-1.2349798679351807	b'i proceed the towing you threw to me ***mask*** to the don rice at ayatollah ( folded in milan ) .'
True	0	indicates	8.801472663879395	indicate	6.183927059173584	b'the unexpected radical notification i have proposed ***mask*** that in the collateral of orr eighteen locker of the majority is immediately protected in the pasture the merger before the skill , this shame tasted after the biochemical device .'
True	0	relate	2.3405942916870117	relates	-2.885448455810547	b"programs who seem these adults ***mask*** at the ideology entirely ; and it 's defensive to put they are unconnected and dead to grab no if they die there would commit a phenomenon ."
False	0	loses	2.084033250808716	lose	3.0553388595581055	b'i decide the notch you began to me ***mask*** to the tiffany mcdonald at atlanta ( maintained in superfund ) .'
False	0	decides	3.0072686672210693	decide	3.6589272022247314	b'if you die a source who will represent to you and reflect he will expand and then migrate his determination , and not regret what he is hoping about whenever he depends reasons at eastern temperatures and ***mask*** they indicate what you throw , why they will not defend for you , come to this tension ... he is the affair for you .'
True	0	delivers	-0.34930992126464844	deliver	-1.259918212890625	b'well , unless inevitably thus the third lease he deleted in the chapter ***mask*** out .'
True	0	generate	11.754446029663086	generates	4.423603534698486	b'if you manage any dilemmas or ***mask*** any energy occasionally overly , please continue kaufman jan at seven or lake rolling at fifteen .'
True	0	points	13.98757266998291	point	8.807486534118652	b'can you accept that the road we are travelling ***mask*** toward a grim and painful future ?'
False	1	adds	0.13086143136024475	add	2.5216217041015625	b'the joint lot cases recommend there ***mask*** raid to the craft .'
False	0	includes	2.0951709747314453	include	2.5195608139038086	b'the hysterical democracy i started this counsel ***mask*** to identify anyone seeking this if they provide of some preparation i can prove strengthen a recovery to this brass period .'
skipping is/are
True	0	demonstrate	1.2309596538543701	demonstrates	0.994428277015686	b'commissioners decide the advertising but ***mask*** her delicate driver and the surplus supports .'
True	0	refuse	3.6742467880249023	refuses	2.978654384613037	b'wolves see the exclusion but ***mask*** her geographical space and the death receives .'
True	1	assume	-0.2757658064365387	assumes	-1.5433661937713623	b'the electoral parties we tolerate in our label ***mask*** ; we manage percentage tutorial for easter , climate chili and warning - rein for christianity .'
True	0	write	5.312298774719238	writes	0.6243263483047485	b'wait me grow if you learn any targets or ***mask*** anything unconnected .'
True	0	lose	1.0551658868789673	loses	-2.4100000858306885	b'i come we rapidly begin the tin and ***mask*** to southwest .'
True	0	require	17.691612243652344	requires	11.591489791870117	b'if you have any questions or ***mask*** any assistance at all , please contact hope duncan at 202.739.0134 or jeff mangold at 703.729.2710 .'
False	0	observes	-4.1643242835998535	observe	-1.9781874418258667	b'the aware coast i requested onboard from them in the first center ***mask*** because my glad midst who enjoyed with them was seeking out on his unfortunate .'
True	0	carry	5.11854887008667	carries	0.0324060320854187	b'please put me communicate if you lose any headlines or ***mask*** anything unacceptable .'
True	0	believe	2.866011142730713	believes	-0.4411219358444214	b"prices who pale these astronauts ***mask*** at the enjoyment anymore ; and it 's hectic to commit they are environmental and bored to foresee no if they begin there would deliver a vegetable ."
True	2	expect	-1.469941258430481	expects	-3.4794771671295166	b'the extraordinary false provinces that secretly would cancel from scrap ***mask*** protein , bunch , lifeboat , lease , visible sensitivity and terrible bottles of relatives and sales -- sensitive as the capricorn background .'
True	1	apply	-1.537614107131958	applies	-4.00553560256958	b'additional leaders that thereafter would translate ***mask*** things , property , jared combo and some lions of guidelines .'
False	0	ensures	-3.6450657844543457	ensure	-0.9306192994117737	b'the interested popularity to reconsider for lax ***mask*** to retrieve six , or your professor difference criticism competition , and adjust .'
True	0	carry	5.082320213317871	carries	2.116523504257202	b'you exist the chairman and ***mask*** disease fan into the sovereignty .'
True	1	intend	0.5594016909599304	intends	-2.2019312381744385	b'additional parties that frankly would conclude ***mask*** donations , custody , japan ticket and some provisions of toes .'
True	0	makes	20.115184783935547	make	14.463499069213867	b'as you sit above the world , the warmth of the golden sun penetrates your body and ***mask*** you feel warmer and warmer .'
True	0	seek	4.22099494934082	seeks	2.8338541984558105	b'you operate the campaign and ***mask*** counsel grandson into the facility .'
True	0	loses	2.7599143981933594	lose	-0.9363689422607422	b'it refuses the council for man expectation and ***mask*** , \xe2\x80\x9c we are filmed that the lake should not enable with massive - character companies who provide to commit and revise regardless and indoors in the responsibilities , bottles , and chicks of satisfied creation . \xe2\x80\x9d'
False	0	learns	-2.8297955989837646	learn	-2.2910525798797607	b'an underage atrophy equipped in billion ***mask*** there intend seven " complexes " in the eurasia indians , but infinite tires are nowadays cheaper than this .'
True	0	observe	2.876474380493164	observes	-2.930157423019409	b'they obviously anticipate if you make boy in your facility , ( for bottles like me ) , they realize an ownership of the participant and ***mask*** certified agencies to prove .'
False	0	belong	-5.8378586769104	belongs	-1.9066131114959717	b'rules listen the artwork but ***mask*** her promotional perception and the queen produces .'
True	1	intends	2.2244198322296143	intend	-2.983591079711914	b'the unsure strategic story that he tells ***mask*** that he virtually contains his bucks and currently continues necessary with his dire pleasure .'
True	0	suggest	2.4335989952087402	suggests	-1.984808087348938	b'reports eventually : limerick fifteen through ismail nine ( emerging you listen on the coat we decide and ***mask*** sufficiently to feedback the setback after we hear )'
True	0	spend	3.8447351455688477	spends	2.2988922595977783	b'cats provide the ownership but ***mask*** her huge manufacturer and the pup cares .'
True	0	requires	7.8940749168396	require	5.879177570343018	b'this wire of capability reflects around the commodity s trend and bombers and ***mask*** a memo for the sect eventually on the receiver of the diversion in payment of photo duties .'
False	0	allows	-0.38679444789886475	allow	-0.09096063673496246	b'my landing with increasing the crab traditionally ***mask*** , could it be understood that shortly everyone replaced the proportion would or could achieve at any mile , since we relatively felt messenger and fridays and if they planned they might have diagnosed a spiritual mode ??'
False	0	insists	-0.9796507954597473	insist	-0.4368663430213928	b'the homemade counsel i listened this beard ***mask*** to execute anyone filling this if they throw of some letter i can vomit propose a heart to this patience cage .'
True	0	begin	4.874401569366455	begins	1.8744256496429443	b'i continue we pursuant meet the cave and ***mask*** to lucy .'
True	0	applies	0.08813163638114929	apply	-1.4784642457962036	b'the immediate strong parent i have lived ***mask*** that in the cafe of alito eighteen teeth of the health is abundantly monitored in the warlord the consumer before the medal , this showroom grabbed after the cute reconciliation .'
skipping is/are
skipping is/are
False	0	understands	-2.7091641426086426	understand	0.11388733237981796	b'the first fence you laugh why you admit on coup ***mask*** that the trial life really happens out the kitchen and hates into the floor beard .'
True	0	intends	1.2361998558044434	intend	-1.9073885679244995	b'usually , the insecure invoice taken for infantry ***mask*** whether our index ( the incredible invention and somehow the arrangement they see to protect ) is or objects not an identical whim under the healthcare .'
True	0	happens	4.317776203155518	happen	2.964036464691162	b'turn for a musician of stories in their concert that belongs from the locker and ***mask*** successfully to the punishment fo the jury .'
True	0	pay	4.537221908569336	pays	-0.843565046787262	b'ladies exactly : columbia six through abramoff five ( attempting you propose on the tea we decide and ***mask*** politely to speaker the wolf after we propose )'
True	0	go	16.682571411132812	goes	9.327646255493164	b'days away : sept. 21 through oct. 3 ( assuming you work on the day we leave and ***mask*** back to work the day after we return )'
True	0	understands	5.462597846984863	understand	3.918292760848999	b'the uncut sweet waiter i have placed ***mask*** that in the lottery of amsterdam eight trip of the language is afterward taken in the scrutiny the child before the grid , this sea published after the tall salsa .'
True	0	continue	0.251086562871933	continues	-4.5854973793029785	b'click me wear if you suck any shelves or ***mask*** anything aortic .'
False	0	adds	-0.36118239164352417	add	0.19272737205028534	b'the smallest studio you can carry in omar ***mask*** to burn to a suggestion .'
False	0	sees	1.601814866065979	see	3.037928342819214	b'it seems the tourist for quo identity and ***mask*** , \xe2\x80\x9c we are projected that the terry should not oppose with legislative - payout sanctions who remember to remain and communicate shortly and automatically in the tensions , temples , and messages of necessary cousin . \xe2\x80\x9d'
True	0	learns	3.4185972213745117	learn	1.6145422458648682	b'bring for a heaven of weapons in their virus that reads from the master and ***mask*** smoothly to the task fo the marketing .'
True	0	throws	3.834733247756958	throw	0.4004684388637543	b'as you seem above the ton , the perfume of the critical protein provides your pattern and ***mask*** you reassure newer and taller .'
True	1	spend	5.398249626159668	spends	-3.227201461791992	b"whie i do n't solve to the commission that the stars we choose or receive to ***mask*** no aircraft on our death ( which i want is promptly generic ) , it does generate me whenever projects carry out a relaxed spa of crimes to see the pork on ."
True	0	receive	0.27494317293167114	receives	-3.065340757369995	b'i propose this astounding rail and ***mask*** to pursue this naive office .'
True	0	exists	3.3297128677368164	exist	1.5939220190048218	b'the first proportion you collaborate whenever you exist on darkness ***mask*** that the junk tractor respectively pays out the hybrid and suggests into the permission tax .'
True	0	allows	2.4858977794647217	allow	1.0952060222625732	b'my haven with acting the character merely ***mask*** , could it be accepted that cheaply everyone grabbed the labor would or could assist at any picketing , since we regularly listened beijing and metals and if they remembered they might have titled a honest direction ??'
True	0	intends	-0.010568320751190186	intend	-2.5662927627563477	b'ever , the immediate absorption created for arthritis ***mask*** whether our ets ( the unknown exposure and dramatically the energy they describe to maintain ) is or understands not an angry reality under the corps .'
False	0	understands	-2.1904513835906982	understand	-0.36283060908317566	b'the rare reversal i called this sauce ***mask*** to attend anyone doing this if they make of some puppy i can breathe forget a bag to this thanks money .'
True	0	deserves	-0.1245981901884079	deserve	-0.2418244332075119	b'i deny the brain you developed to me ***mask*** to the janice sancho at ips ( protected in mills ) .'
False	0	explains	-1.0180686712265015	explain	-0.14857131242752075	b'because of the musician that his timely comparison with ray ei had protected him , he contacted rewards solid as : " you can regret a pewter and a master , eighteen capacity you ca n\'t foresee ***mask*** whenever you \'re crucial indefinitely " and said snakes to the " prophet scotland " tension watching that " basically he belonged dear policies to wrap neatly preventive as a room " .'
True	0	suffers	2.0626745223999023	suffer	0.7187178134918213	b'the first dioxide you deny why you admit on tip enjoys that the tourism staff hereby crashes out the company and ***mask*** into the heating friendship .'
False	0	meets	-6.969722747802734	meet	-4.458009719848633	b'well , unless indeed quietly the third position he phoned in the marketing ***mask*** out .'
True	0	create	8.986161231994629	creates	2.644254684448242	b'save me discuss if you tend any conclusions or ***mask*** anything amusing .'
True	0	realise	1.400578498840332	realises	-4.480467796325684	b"stars who recognize these attempts ***mask*** at the id incorrectly ; and it 's grand to harass they are educated and naive to reassure no if they come there would spell a direction ."
True	0	put	4.181667327880859	puts	2.198573112487793	b'you add the water and ***mask*** water conditioner into the water .'
True	0	states	16.954097747802734	state	10.094045639038086	b'it presents the case for marriage equality and ***mask*** , \xe2\x80\x9c we are resolved that the state should not interfere with same - gender couples who choose to marry and share fully and equally in the rights , responsibilities , and commitments of civil marriage . \xe2\x80\x9d'
True	0	adds	7.362705230712891	add	4.626972198486328	b"the wolf to continue in time ***mask*** that critical afghan kinds and pakistanis and dissatisfied kurdish gentlemen are romantic to harass badly faithfully tall to the andrew in ashcroft than al - lonely appointees , and it would be gullible to prove one 's ecosystems off the final sea ."
True	0	respond	6.692249774932861	responds	3.6072568893432617	b'i refer we perfectly provide the pub and ***mask*** to cst .'
True	0	suggests	13.88894271850586	suggest	10.4028902053833	b'an official estimate issued in 2003 ***mask*** there are 50,000 " foreigners " in the andaman islands , but unofficial figures are much higher than this .'
