Found 280 samples for simple_reflexives
True simple_reflexives plur_MS_ANPHR themselves herself the authors congratulated ***mask*** .
True simple_reflexives plur_MS_ANPHR themselves herself the teachers hated ***mask*** .
True simple_reflexives plur_MS_ANPHR themselves himself the managers embarrassed ***mask*** .
True simple_reflexives sing_MS_ANPHR herself themselves the farmer hurt ***mask*** .
True simple_reflexives plur_MS_ANPHR themselves himself the surgeons congratulated ***mask*** .
True simple_reflexives plur_MS_ANPHR themselves himself the farmers hated ***mask*** .
True simple_reflexives sing_MS_ANPHR himself themselves the officer disguised ***mask*** .
True simple_reflexives sing_MS_ANPHR herself themselves the officer doubted ***mask*** .
True simple_reflexives plur_MS_ANPHR themselves himself the managers disguised ***mask*** .
True simple_reflexives sing_MS_ANPHR herself themselves the consultant hated ***mask*** .
True simple_reflexives plur_MS_ANPHR themselves herself the pilots embarrassed ***mask*** .
True simple_reflexives sing_MS_ANPHR herself themselves the customer congratulated ***mask*** .
True simple_reflexives sing_MS_ANPHR himself themselves the consultant hurt ***mask*** .
True simple_reflexives sing_MS_ANPHR himself themselves the pilot disguised ***mask*** .
True simple_reflexives sing_MS_ANPHR himself themselves the officer doubted ***mask*** .
True simple_reflexives plur_MS_ANPHR themselves himself the surgeons disguised ***mask*** .
True simple_reflexives plur_MS_ANPHR themselves himself the officers congratulated ***mask*** .
True simple_reflexives sing_MS_ANPHR himself themselves the manager hated ***mask*** .
True simple_reflexives sing_MS_ANPHR herself themselves the customer hated ***mask*** .
True simple_reflexives sing_MS_ANPHR himself themselves the surgeon embarrassed ***mask*** .
True simple_reflexives sing_MS_ANPHR herself themselves the teacher injured ***mask*** .
True simple_reflexives plur_MS_ANPHR themselves herself the pilots disguised ***mask*** .
True simple_reflexives sing_MS_ANPHR herself themselves the officer injured ***mask*** .
True simple_reflexives sing_MS_ANPHR himself themselves the teacher injured ***mask*** .
True simple_reflexives sing_MS_ANPHR herself themselves the farmer doubted ***mask*** .
True simple_reflexives sing_MS_ANPHR herself themselves the consultant injured ***mask*** .
True simple_reflexives sing_MS_ANPHR herself themselves the consultant hurt ***mask*** .
True simple_reflexives sing_MS_ANPHR himself themselves the teacher hurt ***mask*** .
True simple_reflexives sing_MS_ANPHR herself themselves the farmer disguised ***mask*** .
True simple_reflexives sing_MS_ANPHR herself themselves the manager doubted ***mask*** .
True simple_reflexives plur_MS_ANPHR themselves himself the officers hurt ***mask*** .
True simple_reflexives sing_MS_ANPHR herself themselves the teacher doubted ***mask*** .
True simple_reflexives plur_MS_ANPHR themselves herself the authors doubted ***mask*** .
True simple_reflexives sing_MS_ANPHR herself themselves the manager hurt ***mask*** .
True simple_reflexives plur_MS_ANPHR themselves herself the farmers embarrassed ***mask*** .
True simple_reflexives sing_MS_ANPHR himself themselves the consultant congratulated ***mask*** .
True simple_reflexives sing_MS_ANPHR herself themselves the officer disguised ***mask*** .
True simple_reflexives sing_MS_ANPHR himself themselves the farmer disguised ***mask*** .
True simple_reflexives sing_MS_ANPHR herself themselves the senator injured ***mask*** .
True simple_reflexives sing_MS_ANPHR himself themselves the customer doubted ***mask*** .
True simple_reflexives sing_MS_ANPHR herself themselves the farmer hated ***mask*** .
True simple_reflexives sing_MS_ANPHR himself themselves the customer injured ***mask*** .
True simple_reflexives sing_MS_ANPHR himself themselves the consultant doubted ***mask*** .
True simple_reflexives sing_MS_ANPHR herself themselves the pilot disguised ***mask*** .
True simple_reflexives sing_MS_ANPHR himself themselves the teacher disguised ***mask*** .
True simple_reflexives plur_MS_ANPHR themselves himself the farmers doubted ***mask*** .
True simple_reflexives sing_MS_ANPHR herself themselves the senator doubted ***mask*** .
True simple_reflexives plur_MS_ANPHR themselves himself the consultants embarrassed ***mask*** .
True simple_reflexives sing_MS_ANPHR herself themselves the manager disguised ***mask*** .
True simple_reflexives sing_MS_ANPHR herself themselves the author hated ***mask*** .
True simple_reflexives sing_MS_ANPHR herself themselves the farmer congratulated ***mask*** .
True simple_reflexives sing_MS_ANPHR himself themselves the manager doubted ***mask*** .
True simple_reflexives plur_MS_ANPHR themselves himself the authors congratulated ***mask*** .
True simple_reflexives sing_MS_ANPHR himself themselves the teacher doubted ***mask*** .
True simple_reflexives sing_MS_ANPHR herself themselves the farmer embarrassed ***mask*** .
True simple_reflexives sing_MS_ANPHR himself themselves the senator injured ***mask*** .
True simple_reflexives sing_MS_ANPHR himself themselves the customer disguised ***mask*** .
True simple_reflexives sing_MS_ANPHR himself themselves the author disguised ***mask*** .
True simple_reflexives plur_MS_ANPHR themselves herself the customers congratulated ***mask*** .
True simple_reflexives sing_MS_ANPHR himself themselves the pilot hurt ***mask*** .
True simple_reflexives sing_MS_ANPHR herself themselves the customer injured ***mask*** .
True simple_reflexives plur_MS_ANPHR themselves himself the farmers disguised ***mask*** .
True simple_reflexives plur_MS_ANPHR themselves himself the consultants hated ***mask*** .
True simple_reflexives plur_MS_ANPHR themselves herself the senators embarrassed ***mask*** .
True simple_reflexives sing_MS_ANPHR himself themselves the senator hated ***mask*** .
True simple_reflexives sing_MS_ANPHR herself themselves the teacher embarrassed ***mask*** .
False simple_reflexives plur_MS_ANPHR themselves himself the pilots doubted ***mask*** .
True simple_reflexives sing_MS_ANPHR himself themselves the farmer embarrassed ***mask*** .
True simple_reflexives sing_MS_ANPHR himself themselves the teacher hated ***mask*** .
True simple_reflexives sing_MS_ANPHR himself themselves the farmer doubted ***mask*** .
True simple_reflexives sing_MS_ANPHR himself themselves the farmer hated ***mask*** .
True simple_reflexives plur_MS_ANPHR themselves herself the surgeons injured ***mask*** .
True simple_reflexives sing_MS_ANPHR himself themselves the consultant embarrassed ***mask*** .
True simple_reflexives sing_MS_ANPHR herself themselves the surgeon congratulated ***mask*** .
True simple_reflexives sing_MS_ANPHR herself themselves the manager hated ***mask*** .
True simple_reflexives plur_MS_ANPHR themselves himself the pilots hated ***mask*** .
True simple_reflexives sing_MS_ANPHR herself themselves the surgeon embarrassed ***mask*** .
True simple_reflexives plur_MS_ANPHR themselves herself the consultants injured ***mask*** .
True simple_reflexives plur_MS_ANPHR themselves himself the senators disguised ***mask*** .
True simple_reflexives sing_MS_ANPHR herself themselves the customer doubted ***mask*** .
True simple_reflexives sing_MS_ANPHR himself themselves the senator disguised ***mask*** .
True simple_reflexives sing_MS_ANPHR himself themselves the pilot embarrassed ***mask*** .
True simple_reflexives sing_MS_ANPHR himself themselves the customer embarrassed ***mask*** .
True simple_reflexives sing_MS_ANPHR herself themselves the consultant embarrassed ***mask*** .
True simple_reflexives plur_MS_ANPHR themselves herself the pilots congratulated ***mask*** .
True simple_reflexives sing_MS_ANPHR herself themselves the author doubted ***mask*** .
True simple_reflexives plur_MS_ANPHR themselves herself the farmers disguised ***mask*** .
True simple_reflexives plur_MS_ANPHR themselves himself the teachers doubted ***mask*** .
True simple_reflexives sing_MS_ANPHR himself themselves the pilot hated ***mask*** .
True simple_reflexives plur_MS_ANPHR themselves herself the farmers doubted ***mask*** .
True simple_reflexives sing_MS_ANPHR himself themselves the author congratulated ***mask*** .
True simple_reflexives plur_MS_ANPHR themselves himself the surgeons hated ***mask*** .
True simple_reflexives plur_MS_ANPHR themselves herself the consultants doubted ***mask*** .
True simple_reflexives sing_MS_ANPHR herself themselves the author disguised ***mask*** .
True simple_reflexives sing_MS_ANPHR herself themselves the senator hated ***mask*** .
True simple_reflexives sing_MS_ANPHR himself themselves the manager hurt ***mask*** .
True simple_reflexives sing_MS_ANPHR herself themselves the surgeon doubted ***mask*** .
True simple_reflexives plur_MS_ANPHR themselves himself the customers hurt ***mask*** .
True simple_reflexives plur_MS_ANPHR themselves herself the senators congratulated ***mask*** .
True simple_reflexives plur_MS_ANPHR themselves herself the senators injured ***mask*** .
True simple_reflexives plur_MS_ANPHR themselves himself the teachers disguised ***mask*** .
True simple_reflexives sing_MS_ANPHR himself themselves the consultant disguised ***mask*** .
True simple_reflexives plur_MS_ANPHR themselves herself the officers hated ***mask*** .
True simple_reflexives plur_MS_ANPHR themselves himself the teachers congratulated ***mask*** .
True simple_reflexives sing_MS_ANPHR herself themselves the manager congratulated ***mask*** .
False simple_reflexives plur_MS_ANPHR themselves himself the senators injured ***mask*** .
True simple_reflexives plur_MS_ANPHR themselves herself the surgeons congratulated ***mask*** .
True simple_reflexives plur_MS_ANPHR themselves himself the surgeons embarrassed ***mask*** .
True simple_reflexives plur_MS_ANPHR themselves herself the authors disguised ***mask*** .
True simple_reflexives plur_MS_ANPHR themselves herself the managers injured ***mask*** .
True simple_reflexives sing_MS_ANPHR himself themselves the customer hurt ***mask*** .
True simple_reflexives plur_MS_ANPHR themselves himself the pilots hurt ***mask*** .
True simple_reflexives plur_MS_ANPHR themselves himself the customers injured ***mask*** .
True simple_reflexives sing_MS_ANPHR himself themselves the surgeon hated ***mask*** .
True simple_reflexives sing_MS_ANPHR himself themselves the farmer hurt ***mask*** .
True simple_reflexives sing_MS_ANPHR himself themselves the officer congratulated ***mask*** .
True simple_reflexives sing_MS_ANPHR herself themselves the senator embarrassed ***mask*** .
True simple_reflexives sing_MS_ANPHR himself themselves the surgeon disguised ***mask*** .
True simple_reflexives plur_MS_ANPHR themselves himself the authors injured ***mask*** .
True simple_reflexives sing_MS_ANPHR herself themselves the author embarrassed ***mask*** .
True simple_reflexives plur_MS_ANPHR themselves himself the senators hated ***mask*** .
True simple_reflexives plur_MS_ANPHR themselves himself the teachers hurt ***mask*** .
True simple_reflexives plur_MS_ANPHR themselves herself the managers hurt ***mask*** .
True simple_reflexives sing_MS_ANPHR himself themselves the customer hated ***mask*** .
True simple_reflexives sing_MS_ANPHR himself themselves the officer injured ***mask*** .
True simple_reflexives sing_MS_ANPHR himself themselves the officer hurt ***mask*** .
True simple_reflexives sing_MS_ANPHR herself themselves the officer embarrassed ***mask*** .
True simple_reflexives sing_MS_ANPHR himself themselves the teacher congratulated ***mask*** .
True simple_reflexives plur_MS_ANPHR themselves himself the pilots congratulated ***mask*** .
True simple_reflexives plur_MS_ANPHR themselves himself the managers hated ***mask*** .
True simple_reflexives plur_MS_ANPHR themselves herself the pilots doubted ***mask*** .
True simple_reflexives sing_MS_ANPHR herself themselves the consultant disguised ***mask*** .
True simple_reflexives plur_MS_ANPHR themselves himself the customers doubted ***mask*** .
True simple_reflexives sing_MS_ANPHR himself themselves the author embarrassed ***mask*** .
True simple_reflexives sing_MS_ANPHR herself themselves the customer disguised ***mask*** .
True simple_reflexives plur_MS_ANPHR themselves herself the customers hated ***mask*** .
False simple_reflexives plur_MS_ANPHR themselves himself the consultants doubted ***mask*** .
True simple_reflexives plur_MS_ANPHR themselves herself the managers doubted ***mask*** .
True simple_reflexives plur_MS_ANPHR themselves herself the senators hurt ***mask*** .
True simple_reflexives plur_MS_ANPHR themselves himself the customers disguised ***mask*** .
True simple_reflexives plur_MS_ANPHR themselves himself the customers hated ***mask*** .
True simple_reflexives plur_MS_ANPHR themselves herself the officers disguised ***mask*** .
True simple_reflexives sing_MS_ANPHR herself themselves the manager embarrassed ***mask*** .
True simple_reflexives plur_MS_ANPHR themselves herself the senators hated ***mask*** .
True simple_reflexives plur_MS_ANPHR themselves herself the customers injured ***mask*** .
True simple_reflexives plur_MS_ANPHR themselves himself the customers embarrassed ***mask*** .
True simple_reflexives plur_MS_ANPHR themselves himself the pilots embarrassed ***mask*** .
True simple_reflexives plur_MS_ANPHR themselves himself the managers hurt ***mask*** .
True simple_reflexives plur_MS_ANPHR themselves herself the customers hurt ***mask*** .
True simple_reflexives plur_MS_ANPHR themselves himself the managers injured ***mask*** .
True simple_reflexives sing_MS_ANPHR herself themselves the pilot injured ***mask*** .
True simple_reflexives plur_MS_ANPHR themselves herself the managers congratulated ***mask*** .
True simple_reflexives sing_MS_ANPHR himself themselves the author hated ***mask*** .
True simple_reflexives plur_MS_ANPHR themselves himself the officers disguised ***mask*** .
True simple_reflexives sing_MS_ANPHR himself themselves the teacher embarrassed ***mask*** .
True simple_reflexives plur_MS_ANPHR themselves himself the surgeons injured ***mask*** .
True simple_reflexives sing_MS_ANPHR herself themselves the author injured ***mask*** .
True simple_reflexives plur_MS_ANPHR themselves herself the managers embarrassed ***mask*** .
True simple_reflexives sing_MS_ANPHR herself themselves the surgeon injured ***mask*** .
False simple_reflexives plur_MS_ANPHR themselves himself the officers doubted ***mask*** .
True simple_reflexives plur_MS_ANPHR themselves herself the customers doubted ***mask*** .
True simple_reflexives plur_MS_ANPHR themselves himself the farmers embarrassed ***mask*** .
True simple_reflexives sing_MS_ANPHR herself themselves the senator congratulated ***mask*** .
True simple_reflexives plur_MS_ANPHR themselves himself the pilots injured ***mask*** .
True simple_reflexives sing_MS_ANPHR herself themselves the senator disguised ***mask*** .
True simple_reflexives plur_MS_ANPHR themselves herself the farmers injured ***mask*** .
True simple_reflexives sing_MS_ANPHR himself themselves the manager disguised ***mask*** .
True simple_reflexives plur_MS_ANPHR themselves himself the customers congratulated ***mask*** .
True simple_reflexives plur_MS_ANPHR themselves herself the officers congratulated ***mask*** .
True simple_reflexives plur_MS_ANPHR themselves himself the farmers injured ***mask*** .
True simple_reflexives plur_MS_ANPHR themselves himself the teachers hated ***mask*** .
True simple_reflexives plur_MS_ANPHR themselves herself the consultants congratulated ***mask*** .
True simple_reflexives plur_MS_ANPHR themselves herself the farmers hated ***mask*** .
True simple_reflexives plur_MS_ANPHR themselves herself the officers doubted ***mask*** .
True simple_reflexives sing_MS_ANPHR herself themselves the manager injured ***mask*** .
True simple_reflexives plur_MS_ANPHR themselves herself the customers embarrassed ***mask*** .
True simple_reflexives sing_MS_ANPHR himself themselves the farmer congratulated ***mask*** .
True simple_reflexives plur_MS_ANPHR themselves herself the teachers hurt ***mask*** .
True simple_reflexives plur_MS_ANPHR themselves himself the officers hated ***mask*** .
True simple_reflexives sing_MS_ANPHR himself themselves the pilot doubted ***mask*** .
True simple_reflexives plur_MS_ANPHR themselves herself the authors injured ***mask*** .
True simple_reflexives plur_MS_ANPHR themselves himself the authors doubted ***mask*** .
True simple_reflexives sing_MS_ANPHR himself themselves the senator hurt ***mask*** .
True simple_reflexives plur_MS_ANPHR themselves herself the consultants hurt ***mask*** .
True simple_reflexives sing_MS_ANPHR herself themselves the surgeon hated ***mask*** .
True simple_reflexives sing_MS_ANPHR himself themselves the surgeon doubted ***mask*** .
True simple_reflexives plur_MS_ANPHR themselves herself the pilots hurt ***mask*** .
True simple_reflexives plur_MS_ANPHR themselves herself the consultants embarrassed ***mask*** .
True simple_reflexives plur_MS_ANPHR themselves himself the authors embarrassed ***mask*** .
True simple_reflexives sing_MS_ANPHR himself themselves the manager injured ***mask*** .
True simple_reflexives plur_MS_ANPHR themselves himself the teachers injured ***mask*** .
False simple_reflexives plur_MS_ANPHR themselves himself the managers doubted ***mask*** .
True simple_reflexives plur_MS_ANPHR themselves herself the surgeons doubted ***mask*** .
True simple_reflexives plur_MS_ANPHR themselves herself the teachers congratulated ***mask*** .
True simple_reflexives plur_MS_ANPHR themselves himself the consultants injured ***mask*** .
True simple_reflexives sing_MS_ANPHR herself themselves the farmer injured ***mask*** .
True simple_reflexives plur_MS_ANPHR themselves herself the managers hated ***mask*** .
True simple_reflexives sing_MS_ANPHR herself themselves the teacher disguised ***mask*** .
True simple_reflexives plur_MS_ANPHR themselves herself the pilots hated ***mask*** .
True simple_reflexives plur_MS_ANPHR themselves herself the teachers doubted ***mask*** .
True simple_reflexives sing_MS_ANPHR himself themselves the farmer injured ***mask*** .
True simple_reflexives plur_MS_ANPHR themselves herself the authors hated ***mask*** .
True simple_reflexives plur_MS_ANPHR themselves herself the officers injured ***mask*** .
True simple_reflexives plur_MS_ANPHR themselves herself the senators disguised ***mask*** .
True simple_reflexives plur_MS_ANPHR themselves herself the farmers hurt ***mask*** .
True simple_reflexives sing_MS_ANPHR himself themselves the surgeon hurt ***mask*** .
True simple_reflexives plur_MS_ANPHR themselves herself the customers disguised ***mask*** .
True simple_reflexives plur_MS_ANPHR themselves herself the surgeons hated ***mask*** .
True simple_reflexives plur_MS_ANPHR themselves herself the officers embarrassed ***mask*** .
True simple_reflexives plur_MS_ANPHR themselves himself the pilots disguised ***mask*** .
True simple_reflexives sing_MS_ANPHR herself themselves the senator hurt ***mask*** .
True simple_reflexives sing_MS_ANPHR herself themselves the officer hurt ***mask*** .
True simple_reflexives sing_MS_ANPHR himself themselves the author injured ***mask*** .
True simple_reflexives sing_MS_ANPHR herself themselves the teacher congratulated ***mask*** .
True simple_reflexives sing_MS_ANPHR himself themselves the consultant hated ***mask*** .
True simple_reflexives sing_MS_ANPHR himself themselves the senator embarrassed ***mask*** .
True simple_reflexives sing_MS_ANPHR himself themselves the surgeon congratulated ***mask*** .
True simple_reflexives sing_MS_ANPHR herself themselves the pilot hurt ***mask*** .
True simple_reflexives plur_MS_ANPHR themselves himself the surgeons hurt ***mask*** .
True simple_reflexives sing_MS_ANPHR himself themselves the surgeon injured ***mask*** .
True simple_reflexives plur_MS_ANPHR themselves herself the managers disguised ***mask*** .
True simple_reflexives sing_MS_ANPHR himself themselves the manager congratulated ***mask*** .
True simple_reflexives sing_MS_ANPHR herself themselves the teacher hated ***mask*** .
True simple_reflexives plur_MS_ANPHR themselves himself the consultants congratulated ***mask*** .
True simple_reflexives plur_MS_ANPHR themselves himself the authors hurt ***mask*** .
True simple_reflexives sing_MS_ANPHR herself themselves the consultant doubted ***mask*** .
True simple_reflexives plur_MS_ANPHR themselves himself the managers congratulated ***mask*** .
True simple_reflexives plur_MS_ANPHR themselves herself the farmers congratulated ***mask*** .
True simple_reflexives sing_MS_ANPHR himself themselves the author hurt ***mask*** .
False simple_reflexives plur_MS_ANPHR themselves himself the senators hurt ***mask*** .
True simple_reflexives sing_MS_ANPHR himself themselves the manager embarrassed ***mask*** .
False simple_reflexives plur_MS_ANPHR themselves himself the surgeons doubted ***mask*** .
True simple_reflexives sing_MS_ANPHR herself themselves the pilot hated ***mask*** .
True simple_reflexives plur_MS_ANPHR themselves herself the surgeons hurt ***mask*** .
True simple_reflexives plur_MS_ANPHR themselves herself the surgeons embarrassed ***mask*** .
False simple_reflexives plur_MS_ANPHR themselves himself the senators doubted ***mask*** .
True simple_reflexives sing_MS_ANPHR herself themselves the author congratulated ***mask*** .
True simple_reflexives plur_MS_ANPHR themselves herself the consultants hated ***mask*** .
True simple_reflexives sing_MS_ANPHR himself themselves the officer hated ***mask*** .
True simple_reflexives plur_MS_ANPHR themselves herself the consultants disguised ***mask*** .
True simple_reflexives plur_MS_ANPHR themselves herself the officers hurt ***mask*** .
True simple_reflexives plur_MS_ANPHR themselves herself the teachers injured ***mask*** .
True simple_reflexives sing_MS_ANPHR himself themselves the pilot injured ***mask*** .
True simple_reflexives plur_MS_ANPHR themselves himself the authors hated ***mask*** .
True simple_reflexives plur_MS_ANPHR themselves herself the senators doubted ***mask*** .
True simple_reflexives sing_MS_ANPHR himself themselves the author doubted ***mask*** .
True simple_reflexives plur_MS_ANPHR themselves himself the consultants disguised ***mask*** .
True simple_reflexives plur_MS_ANPHR themselves himself the farmers congratulated ***mask*** .
True simple_reflexives sing_MS_ANPHR himself themselves the senator doubted ***mask*** .
True simple_reflexives sing_MS_ANPHR himself themselves the senator congratulated ***mask*** .
True simple_reflexives sing_MS_ANPHR herself themselves the surgeon hurt ***mask*** .
True simple_reflexives sing_MS_ANPHR herself themselves the officer congratulated ***mask*** .
True simple_reflexives sing_MS_ANPHR herself themselves the customer embarrassed ***mask*** .
True simple_reflexives plur_MS_ANPHR themselves herself the authors hurt ***mask*** .
True simple_reflexives sing_MS_ANPHR herself themselves the teacher hurt ***mask*** .
True simple_reflexives sing_MS_ANPHR herself themselves the pilot doubted ***mask*** .
True simple_reflexives plur_MS_ANPHR themselves herself the teachers disguised ***mask*** .
True simple_reflexives plur_MS_ANPHR themselves himself the officers injured ***mask*** .
True simple_reflexives sing_MS_ANPHR herself themselves the officer hated ***mask*** .
True simple_reflexives sing_MS_ANPHR herself themselves the consultant congratulated ***mask*** .
True simple_reflexives sing_MS_ANPHR herself themselves the surgeon disguised ***mask*** .
True simple_reflexives sing_MS_ANPHR herself themselves the pilot congratulated ***mask*** .
True simple_reflexives plur_MS_ANPHR themselves himself the officers embarrassed ***mask*** .
True simple_reflexives plur_MS_ANPHR themselves himself the senators congratulated ***mask*** .
True simple_reflexives plur_MS_ANPHR themselves herself the authors embarrassed ***mask*** .
True simple_reflexives plur_MS_ANPHR themselves herself the pilots injured ***mask*** .
True simple_reflexives plur_MS_ANPHR themselves himself the consultants hurt ***mask*** .
True simple_reflexives sing_MS_ANPHR herself themselves the pilot embarrassed ***mask*** .
True simple_reflexives plur_MS_ANPHR themselves himself the teachers embarrassed ***mask*** .
True simple_reflexives sing_MS_ANPHR himself themselves the customer congratulated ***mask*** .
True simple_reflexives sing_MS_ANPHR himself themselves the officer embarrassed ***mask*** .
True simple_reflexives plur_MS_ANPHR themselves herself the surgeons disguised ***mask*** .
True simple_reflexives plur_MS_ANPHR themselves himself the authors disguised ***mask*** .
True simple_reflexives plur_MS_ANPHR themselves himself the farmers hurt ***mask*** .
True simple_reflexives plur_MS_ANPHR themselves himself the senators embarrassed ***mask*** .
True simple_reflexives sing_MS_ANPHR herself themselves the customer hurt ***mask*** .
True simple_reflexives plur_MS_ANPHR themselves herself the teachers embarrassed ***mask*** .
True simple_reflexives sing_MS_ANPHR himself themselves the consultant injured ***mask*** .
True simple_reflexives sing_MS_ANPHR herself themselves the author hurt ***mask*** .
True simple_reflexives sing_MS_ANPHR himself themselves the pilot congratulated ***mask*** .
