True	1	exists	3.0796005725860596	exist	1.1753015518188477	b'the organised massive skin that he depends ***mask*** that he thus sends his rights and nowadays tells lazy with his northeastern merchant .'
True	0	ensures	-4.8309478759765625	ensure	-5.2552032470703125	b'because of the paperwork that his terrible father with dental alan had shared him , he saved wonders continental as : " you can retake a programming and a problem , eighteen song you ca n\'t gather ***mask*** whenever you \'re humble abroad " and discussed nostrils to the " future korea " dish removing that " primarily he said pakistani hands to reassure thus vital as a receipt " .'
True	0	admits	1.8031588792800903	admit	0.34598544239997864	b'the first settlement you suggest whenever you extend on rumor ***mask*** that the premium media slowly melts out the culture and dies into the belly fever .'
True	0	spill	1.5102068185806274	spills	-1.255638599395752	b'if you choose any holdings or ***mask*** any electricity ethnically already , please tell sarah gm at six or crawford kevin at nine .'
True	0	decide	3.2625391483306885	decides	-1.2820782661437988	b'please groom me translate if you prefer any forums or ***mask*** anything obvious .'
True	0	approves	0.13657572865486145	approve	-3.2197229862213135	b"the sauce to recruit in pastor ***mask*** that full european complexes and communists and strange jewish species are conventional to hang soon thereby violent to the amsterdam in isi than al - taiwan animals , and it would be numerous to recover one 's alarms off the governmental radar ."
True	0	operates	-2.6226491928100586	operate	-2.83553147315979	b'the first loan you respond why you indicate on frequency ***mask*** that the time remainder finally belongs out the speech and pays into the zoo technology .'
False	1	insist	-3.37141489982605	insists	-1.7978230714797974	b'the ecological wines we believe in our night ***mask*** ; we come drawer today for easter , rivalry difficulty and weapon - machine for louisiana .'
True	0	deserve	1.0988537073135376	deserves	-2.3609468936920166	b'please make me verify if you require any dancers or ***mask*** anything underage .'
True	0	tend	6.481667995452881	tends	2.281816005706787	b'i consider this adequate reputation and ***mask*** to relate this dangerous event .'
True	0	use	13.075236320495605	uses	5.819124221801758	b'they always ask if you have meat in your dish , ( for vegetarians like me ) , they scrub an area of the grill and ***mask*** separate utensils to cook .'
True	0	adds	2.6901018619537354	add	1.509446144104004	b'the first reduction you believe why you intend on decor ***mask*** that the commission soil specifically becomes out the virus and leads into the spirit market .'
True	0	adds	1.4259628057479858	add	-0.4323236048221588	b'the effective communication to thank for romantic ***mask*** to pursue three , or your boy tumor software behavior , and encourage .'
True	1	remain	5.983442783355713	remains	3.0970232486724854	b'but unbelievable malls do describe the quiz they prefer he will replace , and the artists who remain him ***mask*** to investigate the appointments who extend him .'
True	2	explain	0.2762974500656128	explains	0.24976427853107452	b'the overcrowded strategic tourists that strictly would meet from meditation ***mask*** misunderstanding , bladder , poisoning , jerk , pure target and lovely rebels of marketers and cleaners -- previous as the doug snack .'
True	0	suggest	8.810697555541992	suggests	2.9171087741851807	b'if you condemn any disasters or ***mask*** any error economically afterward , please specify butcher samuel at fifteen or tet nov at six .'
True	0	tend	7.2716569900512695	tends	-0.28431782126426697	b'i seem we promptly suck the disaster and ***mask*** to jafar .'
True	0	represent	3.6504673957824707	represents	0.5093210935592651	b'follow me predict if you put any publications or ***mask*** anything impenetrable .'
True	1	exist	-0.7043134570121765	exists	-1.1915626525878906	b'the electrostatic fisheries we develop in our monkey ***mask*** ; we listen perspective wall for easter , planet testimony and supervisor - budget for wii .'
False	1	employ	-0.9958609938621521	employs	-0.7554669380187988	b'i develop the liberals on which i should lace your gender ***mask*** : ( a ) do you pour a painful requirement about the cafeteria to delighted swap shops begun by andaman andre ?'
False	0	enters	-0.9435531497001648	enter	-0.29592692852020264	b'my career with using the fantasy frequently ***mask*** , could it be eaten that perfectly everyone bought the swap would or could eat at any justice , since we happily prevented veterinary and wars and if they gave they might have grown a scientific blackmail ??'
True	0	represent	-1.8258358240127563	represents	-5.52136754989624	b'i deny this expensive customer and ***mask*** to remember this costly atrophy .'
False	0	understands	1.6370052099227905	understand	2.6724822521209717	b'instead , the effective extent killed for editor ***mask*** whether our usb ( the unaware obligation and nearly the exclusion they pose to compel ) is or involves not an obvious curve under the purse .'
True	0	tells	0.23007239401340485	tell	-4.218598365783691	b'the first goodness you laugh whenever you agree on testimony appears that the discovery king presently cares out the filter and ***mask*** into the salsa competition .'
True	2	enjoy	-0.23288771510124207	enjoys	-1.954493761062622	b'the overwhelming short properties that primarily would dial from lottery ***mask*** termination , divorce , term , wagon , militant salt and downstream martyrs of methods and wounds -- soothing as the karl separation .'
True	0	dies	0.07209572941064835	die	-1.1295628547668457	b'as you sell above the rape , the temper of the complicated stone feels your nature and ***mask*** you grow lighter and newer .'
True	0	makes	3.250272274017334	make	2.1386401653289795	b'put for a button of centuries in their reviewer that pays from the defence and ***mask*** historically to the bluff fo the reaction .'
True	1	carry	0.21576230227947235	carries	-3.7178215980529785	b'but automatic millions do cancel the tutorial they dislike he will wash , and the explosives who provide him ***mask*** to argue the edges who insist him .'
False	0	expect	1.2210853099822998	expects	2.808122158050537	b'they especially include if you die reaction in your separation , ( for transfers like me ) , they believe an investment of the teacher and ***mask*** barren officials to receive .'
True	1	assumes	10.94575309753418	assume	6.5629119873046875	b'the insecure weird shelter that he suggests ***mask*** that he possibly depends his participants and vigorously blames relevant with his funny process .'
True	1	approves	0.49745887517929077	approve	-1.3078805208206177	b'the enjoyable huge wing that he melts ***mask*** that he generally loves his hearings and properly relates conscious with his similar difficulty .'
True	1	begin	2.04459810256958	begins	-3.7134785652160645	b"whie i do n't consider to the discussion that the cabins we wash or meet to ***mask*** no user on our corps ( which i deserve is wholly conservative ) , it does mention me why ranchers die out a prior homeland of things to hear the vulnerability on ."
True	1	include	13.20571231842041	includes	8.452102661132812	b'important species that probably would decline ***mask*** shrimp , capelin , greenland halibut and some varieties of flatfish .'
False	0	represents	-6.533430099487305	represent	-5.824380874633789	b'well , unless abruptly harshly the third siege he paid in the mosque ***mask*** out .'
True	0	tend	1.3612221479415894	tends	-3.3957102298736572	b'if you laugh any flowers or ***mask*** any omnibus incredibly entirely , please breathe fred gerald at twenty or coogan medici at thirty .'
True	0	look	20.90744400024414	looks	13.342934608459473	b"workers who do these introductions ***mask*** at the interaction objectively ; and it 's good to see they are able and willing to say no if they feel there would be a problem ."
True	2	agree	-2.0286693572998047	agrees	-3.2966535091400146	b'the usual noble peoples that freely would reduce from role ***mask*** dispute , tin , portion , studio , mass bravery and cultural ladies of years and forums -- fundamentalist as the francis pillow .'
True	0	belongs	14.957954406738281	belong	10.155179977416992	b'i believe the message you forwarded to me ***mask*** to the mark taylor at ei ( based in london ) .'
True	1	allows	-2.210545063018799	allow	-2.349796772003174	b'the potable mistake properties believe there ***mask*** flee to the surgery .'
True	1	define	-0.550617516040802	defines	-4.409741401672363	b'but insecure symptoms do rush the humanity they suck he will serve , and the extremists who lose him ***mask*** to amend the ants who include him .'
True	1	ensure	0.3954838812351227	ensures	-0.6868858933448792	b'the ordinary wars we require in our tuna ***mask*** ; we suggest traveler dryer for easter , climate channel and propane - millet for stark .'
skipping is/are
True	1	want	9.637798309326172	wants	5.379523754119873	b'but inner declarations do customize the leaf they seem he will harass , and the immigrants who lose him ***mask*** to eat the injuries who enjoy him .'
True	0	deserves	-1.7550989389419556	deserve	-4.056666374206543	b'a bill cult accepted in scott three ***mask*** , " due to its ticket astride the christmas cambodia , iss has now been a trauma to the suicide .'
False	2	affirm	-1.9837749004364014	affirms	-1.9837749004364014	b'the affluent strong wishes that desperately would sell from movie ***mask*** feedback , territory , size , lifestyle , crazy highway and heavy rounds of laws and politics -- fatal as the youngstown belief .'
False	1	admits	-0.11106628179550171	admit	1.641844630241394	b'the capable treatment contractors recommend there ***mask*** ruin to the coordinator .'
True	0	go	13.948324203491211	goes	7.307812690734863	b'i say we just keep the dough and ***mask*** to mexico .'
True	1	begin	10.324180603027344	begins	6.3314666748046875	b'but incorrect cm do come the flower they refuse he will believe , and the effects who respond him ***mask*** to emit the opportunities who operate him .'
True	0	throws	0.31555992364883423	throw	-0.7210368514060974	b'otherwise ensure your peoples to burn this aggressively to their homes , and deeply unfortunately , so that the globe to deny her ***mask*** appropriately .'
True	0	serve	4.652724742889404	serves	0.3573210835456848	b'i refuse this adequate clinic and ***mask*** to vary this superb income .'
True	0	meets	2.9060330390930176	meet	-0.09771818667650223	b'it believes the bird for server exchange and ***mask*** , \xe2\x80\x9c we are reimbursed that the whipple should not examine with grand - product ships who meet to reduce and cancel personally and altogether in the slaves , nails , and curtains of personal compliance . \xe2\x80\x9d'
True	0	develops	1.6561400890350342	develop	-1.5466687679290771	b'well , unless initially legally the third guitar he considered in the source ***mask*** out .'
True	0	enters	-1.200998067855835	enter	-1.2347514629364014	b'the critical testimony i planned this chocolate ***mask*** to add anyone failing this if they represent of some comfort i can monitor suggest a curtain to this today cage .'
False	0	deserves	-0.9787595272064209	deserve	0.6136221885681152	b'if you propose a country who will propose to you and see he will absorb and then convince his meditation , and not tell what he is sending about why he supports conclusions at extensive sandwiches and ***mask*** they arrive what you pick , why they will not hire for you , transmit to this rivalry ... he is the affection for you .'
False	1	indicate	-0.4374869763851166	indicates	2.2461745738983154	b'the influential drugs we continue in our swing ***mask*** ; we pick delivery harmony for easter , virus phrase and settlement - coal for yellowstone .'
False	1	extends	-3.824683904647827	extend	-2.739560604095459	b'the lovely tournament cows deny there ***mask*** circulate to the thread .'
True	0	observes	-4.299384117126465	observe	-4.580315113067627	b'the youngest loan you can seem in ivan ***mask*** to develop to a drying .'
True	0	allows	2.902514934539795	allow	0.22723108530044556	b'almost , the embarrassing earthquake requested for oil ***mask*** whether our aa ( the absurd image and precisely the acupuncture they decide to recruit ) is or involves not an innovative tube under the fare .'
True	0	compares	-0.5631304383277893	compare	-1.6677851676940918	b'the first television you require whenever you exist on guest explains that the city minister solely writes out the duty and ***mask*** into the month knee .'
True	0	grows	8.939698219299316	grow	5.642091751098633	b'the first dinner you pay whenever you allow on pig involves that the compliance field financially sees out the language and ***mask*** into the consensus ton .'
True	0	operates	-3.507614850997925	operate	-3.736851930618286	b'because of the phone that his potable flower with naval amelia had meant him , he reported properties pleasant as : " you can print a language and a tabs , eighteen stream you ca n\'t raise ***mask*** why you \'re beautiful utterly " and threw restrictions to the " kerry warren " cup ranging that " totally he handled judicial tensions to reflect reportedly dangerous as a terror " .'
False	2	include	-0.2697845697402954	includes	0.5245634913444519	b'the arrogant difficult weekends that successfully would maintain from star ***mask*** soul , season , plot , path , narrow corner and nuclear minds of scientists and surgeons -- faithful as the starbucks crate .'
False	0	refuses	-1.1011124849319458	refuse	-0.6866797208786011	b'well , unless indoors strongly the third paper he passed in the campus ***mask*** out .'
True	0	extends	0.08050061762332916	extend	-0.6950519680976868	b"the tide to compete in participant ***mask*** that dwarf armed sports and professors and tricky syrian worries are distinguished to migrate soon seldom joint to the agra in ireland than al - laura allegations , and it would be neat to foresee one 's options off the tolerable disappointment ."
False	1	enjoys	-4.442704200744629	enjoy	-3.2082228660583496	b'the maximum dirt pairs become there ***mask*** translate to the theatre .'
True	0	generate	2.496598720550537	generates	-1.111694574356079	b"stars who put these animals ***mask*** at the ad immensely ; and it 's soothing to raise they are executive and handy to wrap no if they learn there would hesitate a steam ."
True	0	assumes	-0.826643705368042	assume	-1.4794752597808838	b"the daughter to generate in housing ***mask*** that dwarf european guns and travels and bound final transactions are vital to convince soon however nuclear to the emma in ahmed than al - chevron openings , and it would be generous to carry one 's atrocities off the manned console ."
True	0	make	7.646687030792236	makes	6.697329521179199	b'mechanics pose the investment but ***mask*** her glaring predator and the moon demonstrates .'
True	0	learns	3.657733201980591	learn	1.8806123733520508	b'it leads the nephew for forum upgrade and ***mask*** , \xe2\x80\x9c we are contacted that the denton should not invite with foreign - security performers who provide to listen and bother still and altogether in the starters , stars , and casualties of knowledgeable slice . \xe2\x80\x9d'
True	0	hear	8.195295333862305	hears	0.44851475954055786	b'please destroy me grab if you pay any seconds or ***mask*** anything aggressive .'
False	1	affirms	0.3099949359893799	affirm	0.3099949359893799	b'the healthy trip masks realize there ***mask*** lose to the freighter .'
True	0	spends	2.9607276916503906	spend	0.33953869342803955	b'about expect your wheels to burn this incredibly to their managers , and separately apart , so that the crate to harass her ***mask*** approximately .'
True	0	exists	-0.8126617670059204	exist	-1.6504369974136353	b'because of the tank that his secondary pewter with nyc abby had checked him , he testified hosts blind as : " you can communicate a nausea and a plate , eight pasture you ca n\'t spend ***mask*** why you \'re certain exceptionally " and saved missions to the " sam ds " misfortune circling that " slowly he slept nepalese nails to define shortly vain as a dryer " .'
True	0	relate	3.939627170562744	relates	0.7370542287826538	b'you affirm the distinction and ***mask*** platform trauma into the letter .'
True	0	dies	4.530336380004883	die	4.4525370597839355	b'well , unless overwhelmingly precisely the third territory he seized in the commission ***mask*** out .'
True	0	exists	3.2161991596221924	exist	0.8150532841682434	b'the healthy personality i provided this rock ***mask*** to add anyone leading this if they believe of some teacher i can prove bless a visitor to this shuttle deal .'
True	0	come	5.534393787384033	comes	3.5421791076660156	b'i deserve this arrogant shine and ***mask*** to throw this rude id .'
True	0	represents	4.243443489074707	represent	-1.548717737197876	b'can you interfere that the scholarship we are joking ***mask*** toward a tired and messy drama ?'
True	0	demonstrate	2.0550732612609863	demonstrates	1.8441165685653687	b'you indicate the dryer and ***mask*** nightlife context into the meantime .'
True	1	appear	-1.930812120437622	appears	-3.168407917022705	b'average prisoners that potentially would solve ***mask*** ft , creativity , washington partnership and some periods of customers .'
True	0	generates	-3.5527400970458984	generate	-3.810096025466919	b'a jen window allowed in cole twenty ***mask*** , " due to its breath astride the gerald finland , abdul has freely been a flower to the suicide .'
False	0	begins	-1.1132770776748657	begin	1.985835313796997	b'if you prefer a star who will remove to you and sail he will adjust and then raise his fire , and not vary what he is jumping about whenever he gives neighbors at authentic babies and ***mask*** they extend what you put , whenever they will not join for you , transmit to this path ... he is the article for you .'
False	0	employs	-4.575797080993652	employ	-2.4825713634490967	b'the unfortunate tabs i carried adequately from them in the first direction ***mask*** because my national vulnerability who answered with them was joking out on his accurate .'
False	0	delivers	-2.0631487369537354	deliver	1.6249827146530151	b'if you suck a woman who will bother to you and predict he will eat and then bless his tariff , and not squeeze what he is growing about why he relates creatures at identical lyrics and ***mask*** they apply what you consider , why they will not sail for you , tell to this prostitute ... he is the advancement for you .'
True	0	refuse	2.2803423404693604	refuses	1.0458632707595825	b'copies throw the aircraft but ***mask*** her complicated drying and the path belongs .'
False	0	ensures	-5.669030666351318	ensure	-1.537251353263855	b'because of the spreadsheet that his hostile tomorrow with janet alaska had tended him , he waited cm necessary as : " you can foresee a hour and a thermometer , eighteen requirement you ca n\'t come ***mask*** why you \'re visual effectively " and belonged courses to the " baudelaire brazil " team preventing that " potentially he refused few policies to settle just western as a foster " .'
False	0	admits	-0.1804017424583435	admit	-0.1565069705247879	b'absolutely , the outer assault guaranteed for episode ***mask*** whether our er ( the impeccable amendment and perfectly the officer they decide to meet ) is or affects not an ethnic joke under the steel .'
True	1	expect	-1.4428684711456299	expects	-2.67824125289917	b'excellent minerals that frequently would pursue ***mask*** strategies , sky , kenneth season and some patients of beliefs .'
True	0	says	13.739483833312988	say	12.504528999328613	b'if you want a doctor who will lie to you and say he will operate and then change his mind , and not know what he is talking about when he recommends procedures at other hospitals and ***mask*** they are what you need , when they will not work for you , go to this doctor ... he is the one for you .'
False	0	enters	-6.268871784210205	enter	-2.564809560775757	b'because of the traveler that his conservative lunch with tx england had dominated him , he began times massive as : " you can reflect a soup and a propane , eighteen shrapnel you ca n\'t verify ***mask*** why you \'re toxic increasingly " and testified beliefs to the " lewis texas " waist pulling that " largely he booked rude plants to concur rapidly sensitive as a growth " .'
True	0	loses	2.8955039978027344	lose	0.09130893647670746	b'get for a grandson of supporters in their lens that wakes from the deadline and ***mask*** whatsoever to the store fo the conviction .'
True	0	respond	3.5956077575683594	responds	-0.8754215240478516	b"terms who meet these allegations ***mask*** at the alliance apparently ; and it 's grand to reconsider they are ominous and tropical to tighten no if they deserve there would relate a glass ."
True	0	sucks	0.8802235126495361	suck	0.5356476306915283	b'well , unless equally probably the third rape he caused in the stuff ***mask*** out .'
True	0	receive	3.961860418319702	receives	-0.673971951007843	b'please submit me censor if you consider any reviewers or ***mask*** anything obsessed .'
True	0	suggests	6.633296966552734	suggest	4.3439106941223145	b'an essential information employed in fifty ***mask*** there agree three " practices " in the eye indians , but unnamed cartoons are shortly newer than this .'
True	1	suggest	2.0887537002563477	suggests	-1.4424338340759277	b"whie i do n't compete to the popularity that the losses we make or realize to ***mask*** no accident on our seed ( which i sell is financially covert ) , it does raise me why sanctions prefer out a dramatic humanity of ports to rush the junk on ."
False	0	tends	-1.7913997173309326	tend	-1.5712356567382812	b'a nixon width estimated in sunday billion ***mask*** , " due to its discretion astride the philip larry , oglethorpe has slowly been a resolution to the cpi .'
True	0	operates	0.7678539752960205	operate	0.6119952201843262	b'additionally , the urban interceptor cleaned for aunt ***mask*** whether our advice ( the electrostatic oil and fully the instability they provide to participate ) is or objects not an odd honesty under the responsibility .'
skipping is/are
True	0	includes	4.563133716583252	include	2.4292728900909424	b'the richest fee you can dial in agra ***mask*** to migrate to a selection .'
True	0	hear	-1.413692831993103	hears	-2.3530988693237305	b'i pay this overwhelming sensitivity and ***mask*** to become this tactical injustice .'
False	1	ensures	-5.357465744018555	ensure	-4.349287986755371	b'the confidential success headlines consider there ***mask*** disappear to the wall .'
True	0	enjoys	1.9144158363342285	enjoy	-1.1207133531570435	b'the stressful landlord i hired this master ***mask*** to oppose anyone hoping this if they laugh of some cooperation i can fill satisfy a chairman to this support performance .'
True	0	happen	2.1003987789154053	happens	-1.3332233428955078	b'feel me vanish if you proceed any clergy or ***mask*** anything acrylic .'
True	0	happen	2.5954368114471436	happens	0.6060817837715149	b'i put we completely learn the gang and ***mask*** to stephen .'
True	0	enjoy	4.214242935180664	enjoys	-1.29952073097229	b'they eventually operate if you want tea in your pact , ( for developments like me ) , they refuse an upheaval of the hobby and ***mask*** thorough appropriations to tend .'
False	0	learns	-0.5362347364425659	learn	0.4148612320423126	b'i tell the courtesy you spoke to me ***mask*** to the mart connecticut at earl ( suggested in san ) .'
skipping is/are
True	0	indicates	6.966630935668945	indicate	3.7967445850372314	b'otherwise , the inevitable explanation promised for exam ***mask*** whether our account ( the alchemical apartment and typically the incident they thank to warrant ) is or intends not an authentic lawyer under the title .'
True	0	refuses	-0.14033186435699463	refuse	-2.15767765045166	b'this lunch of photograph feels around the crew s blog and sheep and ***mask*** a diplomat for the cent again on the cake of the reintroduction in documentation of society politics .'
True	0	belongs	-3.1717870235443115	belong	-4.3553876876831055	b'a taj possibility occurred in portland trillion ***mask*** , " due to its jihad astride the louisiana hamilton , australia has downhill been a conspiracy to the para .'
True	0	compares	-0.8282952904701233	compare	-1.0594658851623535	b'an endless infrastructure increased in three ***mask*** there assume four " transfers " in the ali indians , but useless blocks are jointly safer than this .'
True	0	belong	-3.924492597579956	belongs	-3.9486660957336426	b'you operate the centre and ***mask*** memo fire into the car .'
True	0	expects	1.1544302701950073	expect	0.9477014541625977	b"the crowd to discuss in snow ***mask*** that parisian antique disasters and professors and soothing medieval sons are huge to reassure soon possibly shocked to the antichrist in argentina than al - chief atrocities , and it would be digital to tell one 's analysts off the permanent directive ."
False	1	affirm	1.6775859594345093	affirms	1.6775859594345093	b'i see the sons on which i should receive your revolution ***mask*** : ( a ) do you rub a bland heart about the creativity to dead coffee photos presented by amsterdam andrew ?'
True	0	need	13.281453132629395	needs	8.563109397888184	b'let me know if you have any questions or ***mask*** anything else .'
True	0	come	6.290130138397217	comes	1.9635074138641357	b"ladies who continue these experts ***mask*** at the ear indoors ; and it 's scary to recruit they are explosive and desperate to greet no if they suppose there would remind a service ."
True	0	intends	4.625402450561523	intend	-0.14092978835105896	b'the immediate flank to survive for pure ***mask*** to monitor fifty , or your hospitality homeland boulevard schooling , and achieve .'
False	0	affirms	-1.1680359840393066	affirm	-1.1680359840393066	b'the richest goodness you can compensate in eric ***mask*** to come to a crab .'
False	1	intends	-2.370988607406616	intend	-1.0534899234771729	b'the large queen reviewers want there ***mask*** thank to the relation .'
skipping is/are
True	0	represent	3.3215181827545166	represents	-0.803864598274231	b"terms who consider these analyses ***mask*** at the editor environmentally ; and it 's superb to click they are excellent and ready to maintain no if they believe there would maintain a date ."
True	0	recognize	4.394240856170654	recognizes	0.08874993026256561	b'reports occasionally : fabio thousand through ontario five ( expecting you recognize on the litter we hear and ***mask*** respectfully to system the mile after we continue )'
False	0	ensures	-3.865680456161499	ensure	-1.9747347831726074	b'the arrogant detective to compel for homeless ***mask*** to disappear four , or your cop pup carbon channel , and oppose .'
True	0	realise	0.6193856596946716	realises	-2.0523500442504883	b'you allow the distance and ***mask*** climber preference into the majority .'
False	0	assumes	-2.3265280723571777	assume	-1.3510364294052124	b'the understandable dryer to cook for devastating ***mask*** to reduce fifty , or your rotation father volume vegetable , and execute .'
True	0	develop	6.785389423370361	develops	-0.2924036383628845	b'learn me promote if you continue any cabins or ***mask*** anything asymmetrical .'
True	0	spend	1.8033806085586548	spends	-0.1835843026638031	b'decisions indefinitely : williams five through edinburgh nine ( expanding you realize on the phase we die and ***mask*** previously to proportion the gambling after we die )'
True	1	come	6.802191734313965	comes	3.359315872192383	b'but electoral girls do suggest the shine they proceed he will click , and the observers who decide him ***mask*** to implement the earthworms who arrive him .'
True	0	recommends	0.8488134145736694	recommend	-1.5495884418487549	b'as you carry above the perfume , the rumor of the latter pot stands your context and ***mask*** you generate taller and fewer .'
True	0	reacts	-1.287548303604126	react	-1.8920750617980957	b'a ny coat approved in del three ***mask*** , " due to its drawer astride the hamilton gmt , argentina has wonderfully been a response to the country .'
True	0	want	3.3238203525543213	wants	0.9994761943817139	b'i put we presently see the bottle and ***mask*** to gm .'
True	0	understand	0.9140139818191528	understands	-2.913498640060425	b'they aggressively intend if you provide division in your chance , ( for flats like me ) , they pay an intention of the supervisor and ***mask*** heavy animals to register .'
True	1	seem	12.807400703430176	seems	8.549105644226074	b'but other people do like the way they think he will vote , and the ones who favor him ***mask*** to outnumber the ones who oppose him .'
False	0	extends	-2.580683946609497	extend	-2.3550047874450684	b'the obsessed coding i built actually from them in the first chair ***mask*** because my distinguishing security who owned with them was returning out on his unknown .'
True	0	pays	1.3765045404434204	pay	-0.2856607437133789	b'put for a hangar of symptoms in their disaster that leads from the selection and ***mask*** quickly to the complaint fo the movie .'
True	0	begin	6.40103816986084	begins	-0.06062570959329605	b'stay me settle if you remain any rooms or ***mask*** anything impossible .'
True	0	consider	4.23484992980957	considers	-1.4673986434936523	b'put me disrupt if you pay any fry or ***mask*** anything eager .'
True	1	create	4.438301086425781	creates	-2.3098223209381104	b"whie i do n't postpone to the danger that the chores we deserve or die to ***mask*** no office on our context ( which i deserve is routinely sensitive ) , it does wear me whenever politics reflect out a successful photograph of fruits to die the shuttle on ."
False	0	makes	-0.8073341846466064	make	0.08301006257534027	b'i put the knife you won to me ***mask*** to the barcelona carter at aid ( sought in la ) .'
True	0	learns	1.4229545593261719	learn	-4.195376396179199	b'the first beer you die whenever you enjoy on freight affects that the blower surgeon routinely walks out the suspicion and ***mask*** into the roof disability .'
True	0	remembers	2.672548532485962	remember	1.079941749572754	b'instead adjust your citizens to promote this apparently to their blocks , and financially actually , so that the scale to make her ***mask*** automatically .'
False	0	appears	-0.9322428703308105	appear	-0.7197308540344238	b'because of the volume that his sunny paradise with dhaka angie had promised him , he became laptops mere as : " you can recommend a sickness and a scientist , eight forgiveness you ca n\'t commit ***mask*** whenever you \'re recent already " and raised postcards to the " vi jafar " paper hunting that " forth he felt medieval missiles to deliver previously slick as a supervisor " .'
True	0	goes	9.660088539123535	go	5.779758930206299	b'well , unless of course the third compressor he put in the car ***mask*** out .'
True	1	allow	3.41231632232666	allows	2.4315552711486816	b'i realize the wars on which i should revise your hunt ***mask*** : ( a ) do you prescribe a catastrophic week about the racing to collective flank countries fallen by eurasia ireland ?'
True	0	deserve	4.735782146453857	deserves	-1.6241124868392944	b'please remember me pick if you seem any hearings or ***mask*** anything uncut .'
True	1	believe	0.2712182402610779	believes	-4.4639668464660645	b"whie i do n't remain to the propaganda that the bombs we pick or come to ***mask*** no instability on our gentleman ( which i pale is highly municipal ) , it does preserve me whenever rules wash out a revolutionary justification of lions to clarify the bean on ."
True	0	writes	4.846614837646484	write	3.0435068607330322	b'beware for a theme of snakes in their stylist that cares from the neighbor and ***mask*** strongly to the membership fo the torch .'
False	0	insists	-1.6853965520858765	insist	-1.6390060186386108	b'the angry cancer to melt for surgical ***mask*** to hop three , or your vehicle gown pork handful , and achieve .'
skipping is/are
True	0	happens	-0.5264285206794739	happen	-2.376206874847412	b'a dorsey dad arrayed in capricorn billion ***mask*** , " due to its trial astride the walker lanka , orleans has strictly been a bus to the type .'
True	0	remains	4.07290506362915	remain	3.925792932510376	b'as you proceed above the bakery , the staff of the beloved streak seems your strife and ***mask*** you remain stronger and clearer .'
True	0	create	0.6068291664123535	creates	-4.485137462615967	b'sales usually : cass four through university thirty ( expanding you wash on the monkey we tolerate and ***mask*** quietly to grandson the conviction after we tolerate )'
True	0	refer	1.096199870109558	refers	-0.19883641600608826	b'forces indeed : rahman twenty through atta thousand ( obtaining you pay on the wasp we hear and ***mask*** willingly to conspiracy the rejection after we spend )'
True	1	suggest	4.711277961730957	suggests	-0.026062697172164917	b"whie i do n't forget to the government that the videos we believe or pay to ***mask*** no exploration on our butterfly ( which i tell is politically manned ) , it does digest me whenever genitals learn out a powerful button of burgers to want the notification on ."
True	0	define	5.413958549499512	defines	-1.983907699584961	b'watch me choose if you make any surprises or ***mask*** anything advanced .'
True	2	observe	-1.5975490808486938	observes	-3.158475399017334	b'the able tough marketers that seldom would describe from calf ***mask*** furnace , compliance , penalty , platform , consistent bakery and bankrupt newspapers of birds and holidays -- democratic as the grill wasp .'
False	0	pays	-1.908833384513855	pay	0.4847034811973572	b'if you see a lot who will vary to you and compete he will arrange and then carry his today , and not thank what he is preparing about whenever he holds leaders at efficient secretaries and ***mask*** they include what you choose , whenever they will not communicate for you , prepare to this landlord ... he is the information for you .'
True	1	enjoy	-0.7327447533607483	enjoys	-3.272061586380005	b'additional grandchildren that thereby would reduce ***mask*** friends , birthday , hubbard dresser and some deaths of towels .'
True	1	believe	4.951465129852295	believes	3.3536126613616943	b'but eager launchers do digest the relationship they tell he will conclude , and the appropriations who put him ***mask*** to endanger the attorneys who apologize him .'
True	0	reports	10.40068244934082	report	6.523601055145264	b'a milnet brief issued in february 2005 ***mask*** , " due to its position astride the persian gulf , iran has constantly been a threat to the gulf .'
False	0	develops	-5.475099086761475	develop	-3.517333984375	b'if you continue a coast who will miss to you and seem he will attend and then come his language , and not climb what he is telling about why he sends gifts at accurate services and ***mask*** they insist what you put , why they will not pay for you , make to this wording ... he is the expansion for you .'
skipping is/are
False	0	enjoys	-3.604545831680298	enjoy	-2.5320425033569336	b'the eligible jihad i fell extremely from them in the first camera ***mask*** because my digital cake who agreed with them was causing out on his overwhelming .'
True	0	enjoys	-2.2878854274749756	enjoy	-3.2832891941070557	b'the strongest growth you can censor in aldo ***mask*** to recommend to a clothing .'
True	0	realise	-3.462100028991699	realises	-4.862918376922607	b'i decide we willingly prefer the hamster and ***mask*** to mcdonald .'
True	0	provides	-0.6921080946922302	provide	-3.010376453399658	b'again argue your budgets to revise this afterward to their tools , and willingly environmentally , so that the scam to commit her ***mask*** abroad .'
True	0	grows	9.022875785827637	grow	4.716729164123535	b'this dove of vision submits around the pyramid s creation and drinks and ***mask*** a monkey for the flood eventually on the network of the mayor in preacher of role daughters .'
True	0	create	3.769901752471924	creates	1.8317224979400635	b'please specify me receive if you collaborate any lights or ***mask*** anything indefinite .'
True	0	relate	4.720368385314941	relates	1.1947444677352905	b'if you reflect any papers or ***mask*** any info approximately accordingly , please hesitate balochistan corp at four or fei sadat at billion .'
True	0	insists	-1.351418137550354	insist	-3.9726171493530273	b'the strongest cake you can spell in archibald ***mask*** to raid to a wording .'
True	0	tosses	-0.13641008734703064	toss	-3.4541828632354736	b'watch for a gallery of links in their midst that becomes from the hospitality and ***mask*** nowadays to the nightmare fo the server .'
True	2	allow	0.6233715415000916	allows	0.2449803352355957	b'the ancient dumb debtors that nowadays would receive from transition ***mask*** poverty , paradise , justice , gym , weak millet and familiar files of movies and currents -- fashioned as the bart radar .'
True	0	carries	-1.2223342657089233	carry	-1.9565179347991943	b'an outward assassination imprisoned in trillion ***mask*** there agree seven " cm " in the august operations , but urban posters are maybe safer than this .'
True	0	refuses	1.752475619316101	refuse	-0.049888186156749725	b'the first disgrace you serve why you oppose on chase objects that the ticket campaign respectfully happens out the lens and ***mask*** into the conflict wasp .'
False	0	spills	-1.4995672702789307	spill	3.9853851795196533	b'the first thing you notice when you arrive on location is that the waiting line literally goes out the door and ***mask*** into the parking lot .'
False	0	responds	1.0317102670669556	respond	1.5168973207473755	b'actually enjoy your cheques to remember this especially to their vests , and frankly onboard , so that the medicine to compel her ***mask*** indoors .'
False	0	includes	2.996586799621582	include	3.0546185970306396	b'the first tape you require why you anticipate on date ***mask*** that the profile supplier mostly creates out the discomfort and reflects into the fist husband .'
True	0	need	13.281453132629395	needs	8.563109397888184	b'let me know if you have any questions or ***mask*** anything else .'
True	0	creates	5.786630153656006	create	0.8008430004119873	b'the first spine you serve why you anticipate on northeast enjoys that the discount judgment locally contains out the lamp and ***mask*** into the sentiment client .'
True	0	assumes	4.594004154205322	assume	1.6990197896957397	b'unfortunately , the unexpected expertise signed for interest ***mask*** whether our epc ( the urban opportunity and thereby the influence they collaborate to warn ) is or enjoys not an eligible boyfriend under the discovery .'
True	0	includes	3.764002561569214	include	2.8405795097351074	b"the coup to destroy in habitation ***mask*** that dwarf important provinces and republicans and rude hard people are tired to come badly virtually ready to the ayatollah in art than al - cass organisations , and it would be courteous to reduce one 's introductions off the delighted longevity ."
True	0	assume	1.564907193183899	assumes	-0.18815086781978607	b'they importantly include if you throw discount in your tire , ( for reptiles like me ) , they sell an edit of the beginner and ***mask*** neurological expectations to bless .'
skipping is/are
True	1	receive	6.172492027282715	receives	4.573359489440918	b"whie i do n't marry to the golf that the crews we refer or deny to ***mask*** no artwork on our volume ( which i come is virtually severe ) , it does pick me whenever transfers seem out a memorable tool of birds to retaliate the clay on ."
False	0	serves	1.5264238119125366	serve	2.1288394927978516	b'if you tend a news who will put to you and greet he will assess and then recruit his gravy , and not recruit what he is stepping about why he remembers hijackers at investigative minutes and ***mask*** they affirm what you condemn , whenever they will not spawn for you , groom to this pup ... he is the audience for you .'
True	0	recommend	4.723971843719482	recommends	0.30631229281425476	b'if you receive any words or ***mask*** any appearance accidentally actively , please prepare germany brooklyn at trillion or colorado beth at three .'
True	0	decide	1.720786690711975	decides	-0.7178336381912231	b"mechanics who meet these updates ***mask*** at the item everywhere ; and it 's subtle to decide they are aged and timely to begin no if they throw there would recover a status ."
True	0	happens	0.5140475034713745	happen	-1.5316423177719116	b'this merger of feedback brings around the grain s shuttle and moderates and ***mask*** a diarrhea for the threat exponentially on the currency of the diversion in woman of pipe graphics .'
True	0	suggests	3.3041229248046875	suggest	2.118345022201538	b'if you seem a panel who will demonstrate to you and hire he will immigrate and then verify his magnitude , and not determine what he is helping about whenever he believes marketers at educated bands and ***mask*** they affirm what you die , whenever they will not spawn for you , notify to this foreigner ... he is the unwillingness for you .'
False	1	operates	-2.3675644397735596	operate	-0.46911007165908813	b'the historical voting movements wash there ***mask*** breathe to the passport .'
True	0	belongs	0.8037635087966919	belong	-1.5745737552642822	b'this flipping of news depends around the racism s county and colleagues and ***mask*** a coast for the culture unfortunately on the satisfaction of the difference in paperwork of merger postings .'
True	0	enjoys	-2.888195514678955	enjoy	-2.9446167945861816	b'the hardest blog you can begin in edwin ***mask*** to pursue to a tank .'
True	0	grows	4.449244976043701	grow	1.787621259689331	b'as you collaborate above the machine , the tsunami of the cruel lamb receives your cave and ***mask*** you remember darker and darker .'
True	0	operates	-0.6999490261077881	operate	-2.3334765434265137	b'the arrogant math i grabbed actually from them in the first streak ***mask*** because my polygamous balcony who expected with them was reviewing out on his arrogant .'
True	0	develops	2.750370979309082	develop	1.4155350923538208	b'this platform of queen serves around the couch s colony and grandchildren and ***mask*** a failure for the detective already on the pact of the gown in palace of sovereignty quotes .'
True	0	continue	7.439102649688721	continues	4.7278666496276855	b'i become this endless supporter and ***mask*** to compel this nervous allocation .'
True	0	enjoys	-0.8215394020080566	enjoy	-2.4479470252990723	b'the annoying corporate degree i have registered ***mask*** that in the luncheon of osama eighteen teacher of the mold is apparently traced in the turkey the moon before the vet , this stuff communicated after the substantial magazine .'
True	0	decides	1.040015697479248	decide	0.04444804787635803	b'a santa scenario advised in drew four ***mask*** , " due to its server astride the forum switzerland , arabia has possibly been a clothing to the manager .'
True	0	melt	2.086531639099121	melts	-0.10257768630981445	b'go me dine if you listen any trios or ***mask*** anything electronic .'
True	1	allows	5.171011924743652	allow	2.206598997116089	b'the incorrect fatal golf that he walks ***mask*** that he rhythmically wants his fears and clearly wakes necessary with his humble wildlife .'
False	0	wants	-3.1062722206115723	want	-2.5339953899383545	b'a road parent operated in miami fifty ***mask*** , " due to its suicide astride the county nashville , edwards has generally been a clay to the consciousness .'
True	1	intends	1.5264326333999634	intend	-0.6797488927841187	b'the occasional forthcoming surgery that he keeps ***mask*** that he somehow drops his capabilities and directly reads necessary with his spectacular perfection .'
False	0	expects	-0.8970494270324707	expect	-0.8084601759910583	b'the first clue you want why you assume on cooperation ***mask*** that the store proposal frequently brings out the decor and reflects into the penny flank .'
True	0	creates	2.119431734085083	create	-0.7494802474975586	b'it plays the team for situation egg and ***mask*** , \xe2\x80\x9c we are financed that the petersen should not evacuate with possible - reviewer historians who seek to deliver and lace halfway and effectively in the provisions , remarks , and daughters of beneficial duration . \xe2\x80\x9d'
True	0	represent	1.3044441938400269	represents	-2.5041186809539795	b'rules extremely : warren thousand through ashcroft thirty ( arising you see on the life we spend and ***mask*** warmly to recommendation the loading after we sell )'
True	0	require	6.292708873748779	requires	0.5262176990509033	b'follow me prepare if you continue any squadrons or ***mask*** anything international .'
True	0	relates	2.076049327850342	relate	0.07105356454849243	b'as you seek above the navy , the detail of the friendly section provides your forgiveness and ***mask*** you circulate clearer and lighter .'
False	0	expects	-3.4705562591552734	expect	-1.2063238620758057	b'my buildup with acting the scholarship forth ***mask*** , could it be arrested that thus everyone drove the hoax would or could exist at any weekend , since we particularly built california and saudis and if they headed they might have completed a familiar destruction ??'
True	0	generates	-3.108004331588745	generate	-4.147970199584961	b'an aerial ego advised in three ***mask*** there assume four " cases " in the england ages , but unbelievable traders are firmly warmer than this .'
True	0	manages	0.07829216122627258	manage	-1.273442029953003	b'as you collaborate above the target , the reliability of the severe publication melts your merchant and ***mask*** you require safer and clearer .'
True	0	intend	1.735979437828064	intends	0.40107154846191406	b'they easily expect if you meet surface in your tonnage , ( for sites like me ) , they throw an artillery of the predator and ***mask*** downstream extinctions to meet .'
True	0	begins	5.24200439453125	begin	-0.1396043300628662	b'can you affect that the laptop we are preparing ***mask*** toward a distinguishing and certain cafeteria ?'
False	1	extend	0.8333000540733337	extends	1.4162647724151611	b'the additional peoples we sell in our coordination ***mask*** ; we condemn paperwork council for easter , surface tip and throat - butt for kabul .'
True	0	adds	4.474795818328857	add	1.1928595304489136	b'my threat with expecting the reaction directly ***mask*** , could it be eliminated that totally everyone led the tap would or could avoid at any period , since we highly loved virginia and states and if they testified they might have documented a global sentence ??'
False	0	responds	-5.2602949142456055	respond	-4.783712863922119	b'well , unless immediately rarely the third luncheon he followed in the kitten ***mask*** out .'
False	0	hears	1.6482584476470947	hear	1.7075968980789185	b'it depends the trader for discomfort announcement and ***mask*** , \xe2\x80\x9c we are deployed that the heard should not adopt with conventional - conversation colleges who pose to collect and develop directly and onwards in the residents , directions , and habits of homemade curve . \xe2\x80\x9d'
True	1	indicate	5.298746109008789	indicates	4.4893035888671875	b'the absurd chores we meet in our radar ***mask*** ; we lose region plate for easter , stream fantasy and ceiling - clan for leach .'
True	1	have	19.82547950744629	has	15.181360244750977	b"whie i do n't subscribe to the notion that the things we watch or listen to ***mask*** no effect on our behavior ( which i think is patently rediculous ) , it does bother me when people single out a specific group of people to pin the blame on ."
True	0	demonstrates	-1.7085638046264648	demonstrate	-5.437430381774902	b'well , unless almost halfway the third confidante he signed in the criticism ***mask*** out .'
True	0	reflect	3.0369932651519775	reflects	-0.3724113404750824	b'if you believe any grandchildren or ***mask*** any exam afterward occasionally , please see louisiana murphy at sixteen or sue berlin at seven .'
True	0	makes	2.2833404541015625	make	0.18014727532863617	b'it relates the majority for belief aircraft and ***mask*** , \xe2\x80\x9c we are purchased that the regulatory should not overcome with strong - pump differences who continue to pick and revise forth and onwards in the sanctions , countries , and losses of weird perfection . \xe2\x80\x9d'
True	0	create	6.603182315826416	creates	0.7594999074935913	b'please delete me wrap if you believe any favorites or ***mask*** anything unprecedented .'
skipping is/are
True	0	want	15.381759643554688	wants	10.606060981750488	b'i dislike this urban society and ***mask*** to leave this whole enviroment .'
True	0	deliver	5.807025909423828	delivers	1.595601201057434	b'prices incomplete : lake nine through industry seven ( acquiring you receive on the photograph we pose and ***mask*** directly to lodging the horse after we pose )'
True	0	generates	8.060068130493164	generate	5.475344657897949	b'this clerk of luck represents around the snow s swing and controllers and ***mask*** a revenue for the nightmare accidentally on the receipt of the club in tribe of decision seconds .'
True	0	allows	0.7538430690765381	allow	-0.39835304021835327	b'my dentist with arriving the hatred solely ***mask*** , could it be arrested that regularly everyone heard the hole would or could arrive at any jaw , since we firmly needed bbc and pigs and if they remembered they might have purchased a critical software ??'
True	1	explain	0.9997296929359436	explains	0.8271656036376953	b'i want the chores on which i should develop your website ***mask*** : ( a ) do you translate a willing mother about the context to tall laptop kids built by austin amy ?'
True	0	write	7.1284871101379395	writes	1.8103396892547607	b'please make me remain if you pay any devices or ***mask*** anything independent .'
True	0	intends	5.92132568359375	intend	3.7044410705566406	b'the sole liberty i murdered this vision ***mask*** to exploit anyone comparing this if they condemn of some retaliation i can prefer marry a star to this today today .'
True	0	seek	2.887927532196045	seeks	0.4556463360786438	b'you assume the picketing and ***mask*** tube signature into the welfare .'
False	0	understands	0.792804479598999	understand	1.930590271949768	b'the first manager you die whenever you indicate on recovery ***mask*** that the cork disintegration never drops out the curse and tells into the gem failure .'
True	0	admits	-0.6193395853042603	admit	-2.552807569503784	b'the cheapest hunt you can join in atta ***mask*** to tend to a stadium .'
True	0	chooses	1.960784912109375	choose	0.1380244344472885	b'can you oppose that the logo we are bringing ***mask*** toward a respective and boring recovery ?'
False	0	reflects	-0.9371844530105591	reflect	0.018155407160520554	b'see for a petroleum of reviewers in their junk that submits from the date and ***mask*** really to the police fo the looting .'
True	0	reflect	3.2056896686553955	reflects	0.04797974228858948	b'come me create if you tell any records or ***mask*** anything ugly .'
True	1	explain	-4.512659072875977	explains	-8.712699890136719	b'irish tables that personally would customize ***mask*** spaces , satellite , financial behalf and some temples of curtains .'
False	0	produces	0.5637412071228027	produce	1.6187121868133545	b'the first provision you suck why you agree on bunch includes that the disgrace cancer frankly brings out the chili and ***mask*** into the trader scale .'
False	1	intend	-3.147151470184326	intends	-1.574809193611145	b'i begin the waters on which i should continue your toy ***mask*** : ( a ) do you disrupt a same sect about the lot to fortunate description capsules served by ivan arabic ?'
True	0	chooses	3.0107154846191406	choose	-1.5180532932281494	b'can you exist that the border we are seeking ***mask*** toward a valid and various gun ?'
True	0	admits	3.295792818069458	admit	2.2722671031951904	b"the surplus to bother in version ***mask*** that huge excellent lions and travels and shocked judicial compliments are lethal to hire badly certainly tired to the andaman in abdel than al - blue attorneys , and it would be virtual to develop one 's others off the barren convention ."
True	0	goes	13.237595558166504	go	9.019672393798828	b'look for a lot of stripes in their head that starts from the beak and ***mask*** back to the back fo the bird .'
True	2	appear	-1.4027925729751587	appears	-1.549859642982483	b'the effeminate sensitive years that never would recreate from backup ***mask*** painter , satellite , cheese , vet , typical surface and democratic connections of temperatures and resolutions -- rural as the leo kidney .'
True	0	decides	5.061939716339111	decide	-0.5035427212715149	b'can you expire that the ground we are happening ***mask*** toward a partial and soothing custody ?'
True	0	manage	3.0890238285064697	manages	0.04374141991138458	b'you indicate the lettuce and ***mask*** nomination piece into the planet .'
True	0	appears	5.896275520324707	appear	2.687950372695923	b'the strongest grave you can warn in alexandria ***mask*** to reopen to a channel .'
True	0	operates	0.6648105382919312	operate	-0.09410465508699417	b'the absolute payable lighting i have contributed ***mask*** that in the suggestion of iaea eighteen landlord of the creativity is increasingly traced in the lieutenant the password before the telephone , this swing deleted after the diplomatic condominium .'
True	0	represents	0.3788369596004486	represent	-1.7445435523986816	b'an agreeable insight executed in fifty ***mask*** there add billion " weapons " in the abdul israelis , but underage commanders are slowly healthier than this .'
True	0	allows	-0.8085225820541382	allow	-1.5637471675872803	b'the intense diversion i passed ago from them in the first mistake ***mask*** because my historical position who appeared with them was receiving out on his awful .'
True	0	serves	6.087466716766357	serve	2.2932724952697754	b'this character of brass sends around the growth s spa and choices and ***mask*** a shit for the reality indoors on the decor of the bug in contrast of soul fights .'
True	0	tosses	2.85208797454834	toss	-2.2679781913757324	b'if you laugh a worship who will migrate to you and marry he will execute and then remove his mankind , and not migrate what he is growing about why he continues balls at impressionist trips and ***mask*** they expect what you seek , why they will not circulate for you , prepare to this patronage ... he is the office for you .'
True	0	deserve	4.799112796783447	deserves	1.4083043336868286	b'put me decide if you condemn any days or ***mask*** anything exceptional .'
True	0	sucks	-1.6619939804077148	suck	-2.6396758556365967	b'an amusing invitation arrived in five ***mask*** there oppose four " thousands " in the afghanistan appropriations , but invasive rats are still cheaper than this .'
True	0	grows	17.417709350585938	grow	15.879212379455566	b'also encourage your recipients to forward this along to their contacts , and so on , so that the movement to help her ***mask*** exponentially .'
False	1	operate	-1.7854615449905396	operates	-1.4489681720733643	b'i refer the facts on which i should raid your farce ***mask*** : ( a ) do you serve a joint congregation about the grill to gentle floor habits meant by edt electoral ?'
True	0	delivers	-0.7178449630737305	deliver	-2.229926347732544	b'otherwise include your meals to prefer this incredibly to their photos , and however approximately , so that the stranger to destroy her ***mask*** efficiently .'
True	1	include	2.2711992263793945	includes	1.8864644765853882	b'i listen the packages on which i should provide your chapel ***mask*** : ( a ) do you wash a vital hole about the perfume to fundamental locker stages kept by arabia atomic ?'
True	0	operates	0.8746311664581299	operate	-2.154863119125366	b'the independent constant democracy i have reduced ***mask*** that in the palace of autumn eight kid of the violence is afterward checked in the pub the furnace before the coordination , this notion printed after the competitive fashion .'
False	0	adds	-0.788811445236206	add	0.49505186080932617	b'the unprecedented cash to choose for global ***mask*** to defend fifty , or your moment tent car reptile , and accept .'
False	0	understands	3.2475340366363525	understand	3.7807300090789795	b'especially , the impressionist acupuncture designated for embarrassment ***mask*** whether our account ( the ecological application and thus the opportunity they spend to postpone ) is or affects not an essential kindness under the ranch .'
False	0	agrees	-2.7691144943237305	agree	0.5369217395782471	b'because of the coordination that his tribal deck with nov ukraine had spent him , he continued hundreds humble as : " you can respond a conflict and a movement , eighteen tuna you ca n\'t define ***mask*** whenever you \'re meaningful also " and demonstrated collages to the " laurie levitt " partner promoting that " quickly he visited shiite proponents to pour slightly tolerable as a warning " .'
True	0	generate	2.510840654373169	generates	-0.5629666447639465	b'birds suffer the example but ***mask*** her frightening cake and the landing progresses .'
True	0	deserves	1.0600624084472656	deserve	-4.2388176918029785	b'it thinks the resolution for pain instructor and ***mask*** , \xe2\x80\x9c we are perceived that the janet should not implement with reasonable - carrier reservations who spend to make and spawn personally and abruptly in the rabbits , salads , and partnerships of fashioned database . \xe2\x80\x9d'
True	0	believes	1.7588579654693604	believe	-2.773465633392334	b'can you interfere that the boulevard we are bleeding ***mask*** toward a municipal and marvelous pursuit ?'
skipping is/are
False	1	employ	0.23401513695716858	employs	0.3840276896953583	b'the empty ft we prefer in our religion ***mask*** ; we become trend responsibility for easter , police conclusion and target - landlord for finland .'
False	0	adds	2.362306833267212	add	2.713932514190674	b'the annoyed custody to retaliate for technical ***mask*** to monitor two , or your priest foreigner rejection flank , and introduce .'
True	0	includes	6.496800422668457	include	5.599153518676758	b'the advanced crucial container i have chosen ***mask*** that in the discretion of ei eighteen station of the rain is onshore banned in the blower the substance before the feeder , this compensation felt after the retarded doctor .'
True	0	makes	0.6679221987724304	make	-0.9210867285728455	b'it wakes the king for ball alarm and ***mask*** , \xe2\x80\x9c we are signed that the mohammed should not impose with messy - prayer minds who become to preserve and recruit widely and unanimously in the restrictions , civilians , and standards of compatible spreadsheet . \xe2\x80\x9d'
True	1	suck	-0.5212214589118958	sucks	-4.186461925506592	b"whie i do n't register to the leash that the partnerships we learn or provide to ***mask*** no acceptance on our guest ( which i laugh is historically spiritual ) , it does reflect me whenever difficulties represent out a considerable transition of bodies to produce the sales on ."
True	0	spends	0.9025909900665283	spend	-0.8698335886001587	b'extremely adjust your centres to listen this aggressively to their budgets , and completely officially , so that the propaganda to remove her ***mask*** underneath .'
False	0	affirms	0.5028228759765625	affirm	0.5028228759765625	b'the happy discharge i seized this vision ***mask*** to assist anyone dispersing this if they tend of some transaction i can retrieve perform a buildup to this plan chess .'
True	0	toss	1.7432764768600464	tosses	0.6580824851989746	b'come me throw if you pay any moors or ***mask*** anything unlimited .'
True	0	carry	1.4230725765228271	carries	-4.794424057006836	b'i continue this illegal bombing and ***mask*** to hang this popular exam .'
False	0	understands	-3.2786309719085693	understand	0.8589812517166138	b'my registration with achieving the prosecution pursuant ***mask*** , could it be agreed that politely everyone flew the branch would or could impress at any tabs , since we primarily flowed ham and computers and if they blended they might have cooked a healthy mouth ??'
True	0	come	2.359165906906128	comes	-0.30363553762435913	b'if you develop any fans or ***mask*** any invoice apart automatically , please see troy carnegie at two or singer wood at seven .'
True	0	provide	4.660839080810547	provides	0.33405956625938416	b'go me listen if you pose any firms or ***mask*** anything ethnic .'
True	1	explain	-3.8319509029388428	explains	-5.6079230308532715	b'irish spurs that predominantly would reflect ***mask*** ships , penny , lynch beach and some deaths of rebels .'
True	0	meet	2.746429443359375	meets	-0.059856876730918884	b'beware me digest if you throw any couples or ***mask*** anything edible .'
skipping is/are
True	1	expects	4.352660179138184	expect	3.23189640045166	b'the economic functional murderer that he writes ***mask*** that he particularly goes his cabins and surely cares fabulous with his difficult gem .'
True	1	remain	5.9488444328308105	remains	2.3858418464660645	b"whie i do n't communicate to the pilot that the speakers we choose or suggest to ***mask*** no inquiry on our worker ( which i require is wholly scientific ) , it does remind me whenever requests seek out a temporary bench of helicopters to prescribe the deadline on ."
True	0	ensure	2.0773913860321045	ensures	-0.7191530466079712	b'they extremely add if you make route in your wager , ( for gains like me ) , they begin an attraction of the sheet and ***mask*** naked appropriations to wander .'
False	0	understands	5.271154880523682	understand	5.323022365570068	b'the unacceptable privileged photography i have filled ***mask*** that in the kidney of agra eighteen complaint of the voting is individually described in the career the journey before the tug , this therapy paid after the tripartite harness .'
False	0	sees	2.5118913650512695	see	2.633021116256714	b'actually adjust your hens to meet this obviously to their references , and still abroad , so that the difficulty to deserve her ***mask*** approximately .'
True	1	extend	-0.7619777917861938	extends	-1.6154422760009766	b'i refuse the volumes on which i should cancel your country ***mask*** : ( a ) do you donate a frustrating satisfaction about the context to soft surface drugs noticed by ontario aires ?'
True	0	ensures	5.290889263153076	ensure	3.9926953315734863	b'the first facility you carry whenever you oppose on sympathy ***mask*** that the pocket garage super receives out the paw and lasts into the grave flooding .'
True	0	assumes	6.552565097808838	assume	3.519270181655884	b'the awful busy breeder i have passed ***mask*** that in the rabbit of iceland eighteen spa of the campaigning is otherwise kept in the proportion the flipping before the hotel , this carbon turned after the big web .'
True	0	recommends	1.5863548517227173	recommend	1.4354419708251953	b'as you suffer above the provision , the plenty of the superior migrant goes your drama and ***mask*** you contain newer and clearer .'
True	0	has	12.478067398071289	have	7.065649032592773	b'this type of harness goes around the dog s chest and legs and ***mask*** a clip for the leash up on the back of the dog in middle of shoulder blades .'
True	0	visit	9.855533599853516	visits	6.752170562744141	b'dignitaries condemn the act but ***mask*** her bereaved family and the money flows .'
True	1	enjoy	-1.8676310777664185	enjoys	-2.381319761276245	b'the academic grandparents we proceed in our channel ***mask*** ; we pose market none for easter , flipping reputation and scam - tonight for chechnya .'
True	2	include	12.209762573242188	includes	9.40875244140625	b'the important commercial species that probably would benefit from warming ***mask*** cod , haddock , saithe , herring , blue whiting and several types of flatfish and crustaceans -- such as the norway lobster .'
True	0	hears	0.44641560316085815	hear	-1.4080294370651245	b'even adjust your prices to begin this indeed to their dividends , and carefully aggressively , so that the route to dine her ***mask*** incorrectly .'
True	0	fails	0.2848978042602539	fail	-0.554033637046814	b'a reserve forum anticipated in lanka fifty ***mask*** , " due to its vet astride the warner carnival , assembly has fairly been a whim to the client .'
False	0	enjoys	-1.3731274604797363	enjoy	-1.1086664199829102	b'the automatic traveler i threw eventually from them in the first consumption ***mask*** because my fortunate crime who appreciated with them was looking out on his ambitious .'
True	0	comes	8.148114204406738	come	5.2452874183654785	b'can you interfere that the spring we are joking ***mask*** toward a same and reasonable medicine ?'
True	0	ensure	3.869311809539795	ensures	0.25651127099990845	b'they exponentially indicate if you carry bull in your panic , ( for lions like me ) , they laugh an extent of the field and ***mask*** similar affairs to bless .'
True	0	continue	7.237877368927002	continues	1.4189201593399048	b'i hear we possibly pick the milk and ***mask*** to lebanon .'
False	0	tends	-2.237049102783203	tend	-0.06792064011096954	b'i remain the salsa you preceded to me ***mask*** to the belgium pew at europe ( ran in nicobar ) .'
True	0	operates	1.544706106185913	operate	-0.24963417649269104	b'the unaware site to click for mobile ***mask*** to withdraw six , or your cousin magazine warranty snack , and owe .'
True	0	includes	3.811325788497925	include	3.2758564949035645	b'my dad with establishing the protein surely ***mask*** , could it be approved that publicly everyone lacked the tug would or could exceed at any permission , since we roughly drafted philip and tamils and if they felt they might have needed a meticulous directive ??'
True	1	develop	3.411710262298584	develops	-1.7283985614776611	b'but unacceptable demons do compel the route they propose he will grow , and the agreements who provide him ***mask*** to obtain the appropriations who exist him .'
False	0	produces	-3.6976521015167236	produce	-1.8330411911010742	b'i consider the dominance you replied to me ***mask*** to the kennedy coogan at april ( tried in kim ) .'
True	1	reflect	0.4410181939601898	reflects	-4.2267231941223145	b'but attentive hosts do harass the fan they manage he will recreate , and the implications who wash him ***mask*** to emit the establishments who expect him .'
True	1	agrees	4.6322174072265625	agree	1.7889741659164429	b'the inappropriate romantic diversion that he submits ***mask*** that he honestly demonstrates his fundamentalists and gently follows necessary with his visible correction .'
True	0	beg	-1.0395963191986084	begs	-4.455596446990967	b'find me retake if you develop any publications or ***mask*** anything optimistic .'
True	0	relates	4.7053093910217285	relate	-0.5000871419906616	b'the first pig you carry whenever you eat on possibility exists that the scrap photographer downhill lasts out the punishment and ***mask*** into the sensitivity shame .'
True	1	appear	-2.253138542175293	appears	-2.602900743484497	b'antique spurs that greatly would testify ***mask*** contents , chairman , portugal profile and some liberties of cartoons .'
True	0	observes	4.779687404632568	observe	3.078317642211914	b"the rebel to hire in sensitivity ***mask*** that many afraid strategies and seas and respective retired birds are basic to pour badly partly brave to the ukraine in israel than al - berlin utensils , and it would be neat to fill one 's affairs off the gentle convenience ."
True	0	need	13.790445327758789	needs	8.655813217163086	b'please let me know if you have any questions or ***mask*** anything else .'
True	0	enter	4.681058883666992	enters	-0.6879814863204956	b'they indefinitely operate if you hear master in your time , ( for hijackers like me ) , they lose an environment of the consistency and ***mask*** narrow earthworms to prepare .'
True	0	compares	-0.9642720222473145	compare	-1.1135213375091553	b'an external origin authorized in sixteen ***mask*** there assume seven " kilometres " in the ana arabs , but impeccable countries are possibly lighter than this .'
True	0	manage	6.549511432647705	manages	1.4167582988739014	b'ladies initially : jeremy two through electoral three ( expanding you manage on the purpose we listen and ***mask*** rarely to thread the cat after we listen )'
True	0	explains	2.354551315307617	explain	1.4331403970718384	b'the recent wording i tried this jar ***mask*** to evacuate anyone telling this if they proceed of some stylist i can postpone seem a decor to this document report .'
True	0	includes	0.8819482326507568	include	-0.36848756670951843	b'the asymmetrical wager i blew indeed from them in the first bench ***mask*** because my dumb friendship who ordered with them was suggesting out on his electrostatic .'
True	0	seeks	2.877164840698242	seek	-0.38252168893814087	b'as you laugh above the compliance , the theater of the latter source develops your section and ***mask*** you reassure taller and clearer .'
False	0	begs	-3.0918755531311035	beg	-1.8920072317123413	b'i seem the manner you called to me ***mask*** to the croatia grill at amsterdam ( said in teresa ) .'
True	0	refers	4.928572177886963	refer	-1.370030164718628	b'can you approve that the rivalry we are joining ***mask*** toward a suspicious and privileged disaster ?'
False	1	intend	-0.8067566156387329	intends	-0.6403764486312866	b'i recognize the dollars on which i should revise your band ***mask*** : ( a ) do you communicate a valid predator about the lifeboat to constant mystery cats strengthened by antichrist autumn ?'
True	0	begins	1.3627653121948242	begin	0.6680783033370972	b'come for a team of women in their guerilla that generates from the cabinet and ***mask*** mostly to the cave fo the propane .'
True	0	belong	-2.751671075820923	belongs	-4.660354137420654	b'judges laugh the imprisonment but ***mask*** her monthly wire and the neighborhood relates .'
True	0	understands	3.3152883052825928	understand	3.2391111850738525	b"the wing to concur in reduction ***mask*** that retired antique courses and rockies and preventive full deer are tragic to describe soon historically hospitable to the ontario in ontario than al - sharon alternatives , and it would be fashioned to collect one 's utilities off the senior feedback ."
True	0	remember	0.40405014157295227	remembers	-3.955456256866455	b'you apply the toy and ***mask*** fighter hair into the blackmail .'
True	0	dies	3.527539014816284	die	-0.31721699237823486	b'this conviction of homosexuality melts around the team s neighbor and militants and ***mask*** a director for the jerk importantly on the beard of the lunch in weapon of law thieves .'
True	1	includes	6.494215488433838	include	5.542106628417969	b'the unable forthcoming hospitality that he deserves ***mask*** that he strongly sees his prisoners and necessarily writes diplomatic with his northeastern wasp .'
True	0	require	4.681914806365967	requires	1.2390313148498535	b'learn me miss if you carry any whereabouts or ***mask*** anything unbelievable .'
True	0	delivers	3.563685417175293	deliver	0.1738186925649643	b'can you enable that the contribution we are checking ***mask*** toward a generic and controversial cage ?'
True	0	hears	-2.6825387477874756	hear	-2.875312328338623	b'an unknown alert aggravated in nine ***mask*** there oppose three " genitals " in the andre ages , but unpopular standards are roughly happier than this .'
True	0	want	2.9842076301574707	wants	-3.299346923828125	b"terms who require these actions ***mask*** at the effort amazingly ; and it 's ridiculous to concur they are absolute and sunny to withdraw no if they deny there would fix a therapist ."
True	0	see	8.493419647216797	sees	2.883218288421631	b'if you meet any records or ***mask*** any army incomplete always , please hang rahman hell at three or palestine niagara at six .'
True	0	refer	0.46329671144485474	refers	0.29989466071128845	b'prices prefer the opinion but ***mask*** her primary tract and the clothing begins .'
False	0	observes	-3.462303638458252	observe	-2.5229344367980957	b'my yoga with answering the throat technically ***mask*** , could it be understood that properly everyone belonged the parent would or could establish at any swing , since we correctly warned courtney and californians and if they killed they might have saved a cruel violence ??'
skipping is/are
True	1	explain	-2.974041223526001	explains	-4.048560619354248	b'asian traditions that hopefully would wrap ***mask*** trees , reconciliation , saddam waitress and some reservations of measures .'
False	0	throws	-1.0197027921676636	throw	1.1983387470245361	b'i remain the kid you tested to me ***mask*** to the colin coalition at okinawa ( guaranteed in loretta ) .'
False	0	adds	-3.7125375270843506	add	-3.1065409183502197	b'the electronic convenience i chose apparently from them in the first station ***mask*** because my functional connection who indicated with them was telling out on his undecided .'
True	0	provide	1.2176101207733154	provides	0.20573017001152039	b'i spend this acceptable wagon and ***mask*** to prepare this regional energy .'
False	0	recommend	-0.8482231497764587	recommends	-0.540847897529602	b'i serve we somewhat sell the fan and ***mask*** to kline .'
False	0	indicates	0.6743736267089844	indicate	1.164363145828247	b'because of the virus that his solar photography with delivery oglethorpe had happened him , he missed producers yellow as : " you can communicate a spore and a bravery , eight menu you ca n\'t prepare ***mask*** why you \'re limp unfortunately " and stayed currents to the " taiwan canal " jail containing that " repeatedly he phoned perfect foreigners to collect warmly militant as a philosophy " .'
True	0	remains	0.20694296061992645	remain	-0.7197126746177673	b'i proceed the towing you threw to me ***mask*** to the don rice at ayatollah ( folded in milan ) .'
True	0	indicates	9.333701133728027	indicate	6.201173305511475	b'the unexpected radical notification i have proposed ***mask*** that in the collateral of orr eighteen locker of the majority is immediately protected in the pasture the merger before the skill , this shame tasted after the biochemical device .'
True	0	relate	2.210573196411133	relates	-4.4882307052612305	b"programs who seem these adults ***mask*** at the ideology entirely ; and it 's defensive to put they are unconnected and dead to grab no if they die there would commit a phenomenon ."
False	0	loses	1.1905617713928223	lose	1.2242332696914673	b'i decide the notch you began to me ***mask*** to the tiffany mcdonald at atlanta ( maintained in superfund ) .'
False	0	decides	0.566631555557251	decide	2.1566386222839355	b'if you die a source who will represent to you and reflect he will expand and then migrate his determination , and not regret what he is hoping about whenever he depends reasons at eastern temperatures and ***mask*** they indicate what you throw , why they will not defend for you , come to this tension ... he is the affair for you .'
True	0	delivers	-0.38496097922325134	deliver	-2.114793300628662	b'well , unless inevitably thus the third lease he deleted in the chapter ***mask*** out .'
True	0	generate	8.465354919433594	generates	2.445544958114624	b'if you manage any dilemmas or ***mask*** any energy occasionally overly , please continue kaufman jan at seven or lake rolling at fifteen .'
True	0	points	14.9933443069458	point	8.212828636169434	b'can you accept that the road we are travelling ***mask*** toward a grim and painful future ?'
False	1	adds	0.4958302080631256	add	1.4130319356918335	b'the joint lot cases recommend there ***mask*** raid to the craft .'
True	0	includes	3.781020164489746	include	2.6009583473205566	b'the hysterical democracy i started this counsel ***mask*** to identify anyone seeking this if they provide of some preparation i can prove strengthen a recovery to this brass period .'
skipping is/are
True	0	demonstrate	2.4770443439483643	demonstrates	1.2008532285690308	b'commissioners decide the advertising but ***mask*** her delicate driver and the surplus supports .'
True	0	refuse	4.558330535888672	refuses	2.851957321166992	b'wolves see the exclusion but ***mask*** her geographical space and the death receives .'
True	1	assume	1.4651731252670288	assumes	-3.1729683876037598	b'the electoral parties we tolerate in our label ***mask*** ; we manage percentage tutorial for easter , climate chili and warning - rein for christianity .'
True	0	write	5.984017372131348	writes	0.4535835385322571	b'wait me grow if you learn any targets or ***mask*** anything unconnected .'
True	0	lose	-0.2635056972503662	loses	-2.1743810176849365	b'i come we rapidly begin the tin and ***mask*** to southwest .'
True	0	require	16.33953285217285	requires	10.057918548583984	b'if you have any questions or ***mask*** any assistance at all , please contact hope duncan at 202.739.0134 or jeff mangold at 703.729.2710 .'
False	0	observes	-5.024289131164551	observe	-2.716599464416504	b'the aware coast i requested onboard from them in the first center ***mask*** because my glad midst who enjoyed with them was seeking out on his unfortunate .'
True	0	carry	5.3233184814453125	carries	-0.6525793075561523	b'please put me communicate if you lose any headlines or ***mask*** anything unacceptable .'
True	0	believe	4.324710369110107	believes	1.5646026134490967	b"prices who pale these astronauts ***mask*** at the enjoyment anymore ; and it 's hectic to commit they are environmental and bored to foresee no if they begin there would deliver a vegetable ."
True	2	expect	-1.8842910528182983	expects	-3.3033628463745117	b'the extraordinary false provinces that secretly would cancel from scrap ***mask*** protein , bunch , lifeboat , lease , visible sensitivity and terrible bottles of relatives and sales -- sensitive as the capricorn background .'
True	1	apply	-4.511380672454834	applies	-6.02138090133667	b'additional leaders that thereafter would translate ***mask*** things , property , jared combo and some lions of guidelines .'
False	0	ensures	-2.310502290725708	ensure	-1.2643284797668457	b'the interested popularity to reconsider for lax ***mask*** to retrieve six , or your professor difference criticism competition , and adjust .'
True	0	carry	2.0185041427612305	carries	-1.2347791194915771	b'you exist the chairman and ***mask*** disease fan into the sovereignty .'
True	1	intend	0.5611870288848877	intends	-1.5260965824127197	b'additional parties that frankly would conclude ***mask*** donations , custody , japan ticket and some provisions of toes .'
True	0	makes	17.019670486450195	make	13.008235931396484	b'as you sit above the world , the warmth of the golden sun penetrates your body and ***mask*** you feel warmer and warmer .'
True	0	seek	5.812601566314697	seeks	0.5999881625175476	b'you operate the campaign and ***mask*** counsel grandson into the facility .'
True	0	loses	1.7217687368392944	lose	-0.8047726154327393	b'it refuses the council for man expectation and ***mask*** , \xe2\x80\x9c we are filmed that the lake should not enable with massive - character companies who provide to commit and revise regardless and indoors in the responsibilities , bottles , and chicks of satisfied creation . \xe2\x80\x9d'
True	0	learns	-1.5901589393615723	learn	-2.4806830883026123	b'an underage atrophy equipped in billion ***mask*** there intend seven " complexes " in the eurasia indians , but infinite tires are nowadays cheaper than this .'
True	0	observe	2.4871411323547363	observes	-4.562013626098633	b'they obviously anticipate if you make boy in your facility , ( for bottles like me ) , they realize an ownership of the participant and ***mask*** certified agencies to prove .'
False	0	belong	-5.402587413787842	belongs	-0.9810625314712524	b'rules listen the artwork but ***mask*** her promotional perception and the queen produces .'
True	1	intends	0.5966740846633911	intend	-2.5034334659576416	b'the unsure strategic story that he tells ***mask*** that he virtually contains his bucks and currently continues necessary with his dire pleasure .'
True	0	suggest	1.4126394987106323	suggests	-2.8918652534484863	b'reports eventually : limerick fifteen through ismail nine ( emerging you listen on the coat we decide and ***mask*** sufficiently to feedback the setback after we hear )'
True	0	spend	4.99497127532959	spends	2.97884202003479	b'cats provide the ownership but ***mask*** her huge manufacturer and the pup cares .'
True	0	requires	5.464892387390137	require	3.1969032287597656	b'this wire of capability reflects around the commodity s trend and bombers and ***mask*** a memo for the sect eventually on the receiver of the diversion in payment of photo duties .'
True	0	allows	0.8887587785720825	allow	0.5980213284492493	b'my landing with increasing the crab traditionally ***mask*** , could it be understood that shortly everyone replaced the proportion would or could achieve at any mile , since we relatively felt messenger and fridays and if they planned they might have diagnosed a spiritual mode ??'
True	0	insists	0.7227960824966431	insist	-0.7122358679771423	b'the homemade counsel i listened this beard ***mask*** to execute anyone filling this if they throw of some letter i can vomit propose a heart to this patience cage .'
True	0	begin	4.58635139465332	begins	0.5506284236907959	b'i continue we pursuant meet the cave and ***mask*** to lucy .'
True	0	applies	-0.3659869134426117	apply	-1.3205896615982056	b'the immediate strong parent i have lived ***mask*** that in the cafe of alito eighteen teeth of the health is abundantly monitored in the warlord the consumer before the medal , this showroom grabbed after the cute reconciliation .'
skipping is/are
skipping is/are
False	0	understands	-2.364713430404663	understand	-0.1625472605228424	b'the first fence you laugh why you admit on coup ***mask*** that the trial life really happens out the kitchen and hates into the floor beard .'
True	0	intends	2.3977949619293213	intend	-1.8633174896240234	b'usually , the insecure invoice taken for infantry ***mask*** whether our index ( the incredible invention and somehow the arrangement they see to protect ) is or objects not an identical whim under the healthcare .'
True	0	happens	4.4579339027404785	happen	0.6762429475784302	b'turn for a musician of stories in their concert that belongs from the locker and ***mask*** successfully to the punishment fo the jury .'
True	0	pay	7.2721638679504395	pays	1.1726182699203491	b'ladies exactly : columbia six through abramoff five ( attempting you propose on the tea we decide and ***mask*** politely to speaker the wolf after we propose )'
True	0	go	15.430721282958984	goes	10.976152420043945	b'days away : sept. 21 through oct. 3 ( assuming you work on the day we leave and ***mask*** back to work the day after we return )'
True	0	understands	5.815728664398193	understand	4.313795566558838	b'the uncut sweet waiter i have placed ***mask*** that in the lottery of amsterdam eight trip of the language is afterward taken in the scrutiny the child before the grid , this sea published after the tall salsa .'
True	0	continue	1.0881786346435547	continues	-4.692312240600586	b'click me wear if you suck any shelves or ***mask*** anything aortic .'
False	0	adds	0.5072576999664307	add	1.5436267852783203	b'the smallest studio you can carry in omar ***mask*** to burn to a suggestion .'
False	0	sees	1.3809452056884766	see	2.4119746685028076	b'it seems the tourist for quo identity and ***mask*** , \xe2\x80\x9c we are projected that the terry should not oppose with legislative - payout sanctions who remember to remain and communicate shortly and automatically in the tensions , temples , and messages of necessary cousin . \xe2\x80\x9d'
True	0	learns	3.2169268131256104	learn	1.9278903007507324	b'bring for a heaven of weapons in their virus that reads from the master and ***mask*** smoothly to the task fo the marketing .'
True	0	throws	3.0165956020355225	throw	-0.2000749707221985	b'as you seem above the ton , the perfume of the critical protein provides your pattern and ***mask*** you reassure newer and taller .'
True	1	spend	7.4001312255859375	spends	-0.013346225023269653	b"whie i do n't solve to the commission that the stars we choose or receive to ***mask*** no aircraft on our death ( which i want is promptly generic ) , it does generate me whenever projects carry out a relaxed spa of crimes to see the pork on ."
True	0	receive	0.950789749622345	receives	-3.983569622039795	b'i propose this astounding rail and ***mask*** to pursue this naive office .'
True	0	exists	2.507098436355591	exist	1.3118903636932373	b'the first proportion you collaborate whenever you exist on darkness ***mask*** that the junk tractor respectively pays out the hybrid and suggests into the permission tax .'
True	0	allows	3.175675630569458	allow	-0.14862650632858276	b'my haven with acting the character merely ***mask*** , could it be accepted that cheaply everyone grabbed the labor would or could assist at any picketing , since we regularly listened beijing and metals and if they remembered they might have titled a honest direction ??'
True	0	intends	1.3552122116088867	intend	-1.8713104724884033	b'ever , the immediate absorption created for arthritis ***mask*** whether our ets ( the unknown exposure and dramatically the energy they describe to maintain ) is or understands not an angry reality under the corps .'
True	0	understands	1.6318382024765015	understand	1.2317506074905396	b'the rare reversal i called this sauce ***mask*** to attend anyone doing this if they make of some puppy i can breathe forget a bag to this thanks money .'
True	0	deserves	1.5312148332595825	deserve	0.39364197850227356	b'i deny the brain you developed to me ***mask*** to the janice sancho at ips ( protected in mills ) .'
False	0	explains	-1.6653543710708618	explain	0.7755027413368225	b'because of the musician that his timely comparison with ray ei had protected him , he contacted rewards solid as : " you can regret a pewter and a master , eighteen capacity you ca n\'t foresee ***mask*** whenever you \'re crucial indefinitely " and said snakes to the " prophet scotland " tension watching that " basically he belonged dear policies to wrap neatly preventive as a room " .'
True	0	suffers	2.238297939300537	suffer	0.6314488649368286	b'the first dioxide you deny why you admit on tip enjoys that the tourism staff hereby crashes out the company and ***mask*** into the heating friendship .'
False	0	meets	-3.2034752368927	meet	-0.7472109794616699	b'well , unless indeed quietly the third position he phoned in the marketing ***mask*** out .'
True	0	create	8.767228126525879	creates	2.6074330806732178	b'save me discuss if you tend any conclusions or ***mask*** anything amusing .'
True	0	realise	0.6426074504852295	realises	-3.1308956146240234	b"stars who recognize these attempts ***mask*** at the id incorrectly ; and it 's grand to harass they are educated and naive to reassure no if they come there would spell a direction ."
True	0	put	4.644937515258789	puts	1.3107776641845703	b'you add the water and ***mask*** water conditioner into the water .'
True	0	states	14.935364723205566	state	8.48769474029541	b'it presents the case for marriage equality and ***mask*** , \xe2\x80\x9c we are resolved that the state should not interfere with same - gender couples who choose to marry and share fully and equally in the rights , responsibilities , and commitments of civil marriage . \xe2\x80\x9d'
True	0	adds	7.945281028747559	add	4.444812297821045	b"the wolf to continue in time ***mask*** that critical afghan kinds and pakistanis and dissatisfied kurdish gentlemen are romantic to harass badly faithfully tall to the andrew in ashcroft than al - lonely appointees , and it would be gullible to prove one 's ecosystems off the final sea ."
False	0	respond	2.2047572135925293	responds	2.5484261512756348	b'i refer we perfectly provide the pub and ***mask*** to cst .'
True	0	suggests	12.519195556640625	suggest	8.996030807495117	b'an official estimate issued in 2003 ***mask*** there are 50,000 " foreigners " in the andaman islands , but unofficial figures are much higher than this .'
