True	1	exists	3.7950942516326904	exist	1.5363287925720215	b'the organised massive skin that he depends ***mask*** that he thus sends his rights and nowadays tells lazy with his northeastern merchant .'
False	0	ensures	-4.137280464172363	ensure	-3.9496028423309326	b'because of the paperwork that his terrible father with dental alan had shared him , he saved wonders continental as : " you can retake a programming and a problem , eighteen song you ca n\'t gather ***mask*** whenever you \'re humble abroad " and discussed nostrils to the " future korea " dish removing that " primarily he said pakistani hands to reassure thus vital as a receipt " .'
False	0	admits	1.703696370124817	admit	2.3185760974884033	b'the first settlement you suggest whenever you extend on rumor ***mask*** that the premium media slowly melts out the culture and dies into the belly fever .'
True	0	spill	3.328803777694702	spills	0.5602157711982727	b'if you choose any holdings or ***mask*** any electricity ethnically already , please tell sarah gm at six or crawford kevin at nine .'
True	0	decide	3.7015340328216553	decides	1.3503468036651611	b'please groom me translate if you prefer any forums or ***mask*** anything obvious .'
True	0	approves	0.5482560396194458	approve	-1.7532671689987183	b"the sauce to recruit in pastor ***mask*** that full european complexes and communists and strange jewish species are conventional to hang soon thereby violent to the amsterdam in isi than al - taiwan animals , and it would be numerous to recover one 's alarms off the governmental radar ."
True	0	operates	-0.7449727654457092	operate	-2.472799777984619	b'the first loan you respond why you indicate on frequency ***mask*** that the time remainder finally belongs out the speech and pays into the zoo technology .'
False	1	insist	-3.1601712703704834	insists	-1.3057152032852173	b'the ecological wines we believe in our night ***mask*** ; we come drawer today for easter , rivalry difficulty and weapon - machine for louisiana .'
False	0	deserve	-2.313096046447754	deserves	-2.193587064743042	b'please make me verify if you require any dancers or ***mask*** anything underage .'
True	0	tend	-0.6147425174713135	tends	-1.7076647281646729	b'i consider this adequate reputation and ***mask*** to relate this dangerous event .'
True	0	use	11.780189514160156	uses	5.335450172424316	b'they always ask if you have meat in your dish , ( for vegetarians like me ) , they scrub an area of the grill and ***mask*** separate utensils to cook .'
True	0	adds	3.2997684478759766	add	2.895559310913086	b'the first reduction you believe why you intend on decor ***mask*** that the commission soil specifically becomes out the virus and leads into the spirit market .'
True	0	adds	-1.013945460319519	add	-2.3207621574401855	b'the effective communication to thank for romantic ***mask*** to pursue three , or your boy tumor software behavior , and encourage .'
True	1	remain	5.757342338562012	remains	2.2019827365875244	b'but unbelievable malls do describe the quiz they prefer he will replace , and the artists who remain him ***mask*** to investigate the appointments who extend him .'
False	2	explain	-2.1991641521453857	explains	-1.2727735042572021	b'the overcrowded strategic tourists that strictly would meet from meditation ***mask*** misunderstanding , bladder , poisoning , jerk , pure target and lovely rebels of marketers and cleaners -- previous as the doug snack .'
True	0	suggest	6.626129627227783	suggests	2.6718244552612305	b'if you condemn any disasters or ***mask*** any error economically afterward , please specify butcher samuel at fifteen or tet nov at six .'
True	0	tend	7.770321846008301	tends	0.14532893896102905	b'i seem we promptly suck the disaster and ***mask*** to jafar .'
True	0	represent	1.3599097728729248	represents	0.2740539014339447	b'follow me predict if you put any publications or ***mask*** anything impenetrable .'
False	1	exist	-1.649073600769043	exists	-1.604503870010376	b'the electrostatic fisheries we develop in our monkey ***mask*** ; we listen perspective wall for easter , planet testimony and supervisor - budget for wii .'
False	1	employ	-3.066906213760376	employs	-2.4569809436798096	b'i develop the liberals on which i should lace your gender ***mask*** : ( a ) do you pour a painful requirement about the cafeteria to delighted swap shops begun by andaman andre ?'
True	0	enters	0.3085935413837433	enter	-0.9126310348510742	b'my career with using the fantasy frequently ***mask*** , could it be eaten that perfectly everyone bought the swap would or could eat at any justice , since we happily prevented veterinary and wars and if they gave they might have grown a scientific blackmail ??'
True	0	represent	-1.6513335704803467	represents	-6.820207595825195	b'i deny this expensive customer and ***mask*** to remember this costly atrophy .'
True	0	understands	3.806814670562744	understand	3.581423282623291	b'instead , the effective extent killed for editor ***mask*** whether our usb ( the unaware obligation and nearly the exclusion they pose to compel ) is or involves not an obvious curve under the purse .'
True	0	tells	0.5803171396255493	tell	-6.090459823608398	b'the first goodness you laugh whenever you agree on testimony appears that the discovery king presently cares out the filter and ***mask*** into the salsa competition .'
True	2	enjoy	-1.454638957977295	enjoys	-3.3976645469665527	b'the overwhelming short properties that primarily would dial from lottery ***mask*** termination , divorce , term , wagon , militant salt and downstream martyrs of methods and wounds -- soothing as the karl separation .'
True	0	dies	4.001542568206787	die	0.34507375955581665	b'as you sell above the rape , the temper of the complicated stone feels your nature and ***mask*** you grow lighter and newer .'
True	0	makes	2.355253219604492	make	0.3655545711517334	b'put for a button of centuries in their reviewer that pays from the defence and ***mask*** historically to the bluff fo the reaction .'
True	1	carry	0.9912925958633423	carries	-2.5210795402526855	b'but automatic millions do cancel the tutorial they dislike he will wash , and the explosives who provide him ***mask*** to argue the edges who insist him .'
False	0	expect	0.48805558681488037	expects	1.1330409049987793	b'they especially include if you die reaction in your separation , ( for transfers like me ) , they believe an investment of the teacher and ***mask*** barren officials to receive .'
True	1	assumes	10.377214431762695	assume	7.895308494567871	b'the insecure weird shelter that he suggests ***mask*** that he possibly depends his participants and vigorously blames relevant with his funny process .'
True	1	approves	1.8983075618743896	approve	-1.341336965560913	b'the enjoyable huge wing that he melts ***mask*** that he generally loves his hearings and properly relates conscious with his similar difficulty .'
True	1	begin	1.388685941696167	begins	-4.968626499176025	b"whie i do n't consider to the discussion that the cabins we wash or meet to ***mask*** no user on our corps ( which i deserve is wholly conservative ) , it does mention me why ranchers die out a prior homeland of things to hear the vulnerability on ."
True	1	include	11.128554344177246	includes	7.281352519989014	b'important species that probably would decline ***mask*** shrimp , capelin , greenland halibut and some varieties of flatfish .'
True	0	represents	-3.6000046730041504	represent	-7.279789447784424	b'well , unless abruptly harshly the third siege he paid in the mosque ***mask*** out .'
True	0	tend	-1.4070326089859009	tends	-4.817432403564453	b'if you laugh any flowers or ***mask*** any omnibus incredibly entirely , please breathe fred gerald at twenty or coogan medici at thirty .'
True	0	look	18.671510696411133	looks	12.676803588867188	b"workers who do these introductions ***mask*** at the interaction objectively ; and it 's good to see they are able and willing to say no if they feel there would be a problem ."
True	2	agree	-2.0904645919799805	agrees	-3.491370916366577	b'the usual noble peoples that freely would reduce from role ***mask*** dispute , tin , portion , studio , mass bravery and cultural ladies of years and forums -- fundamentalist as the francis pillow .'
True	0	belongs	13.575502395629883	belong	9.48473072052002	b'i believe the message you forwarded to me ***mask*** to the mark taylor at ei ( based in london ) .'
False	1	allows	-0.8975405097007751	allow	-0.7055240869522095	b'the potable mistake properties believe there ***mask*** flee to the surgery .'
True	1	define	0.2803175449371338	defines	-4.728792190551758	b'but insecure symptoms do rush the humanity they suck he will serve , and the extremists who lose him ***mask*** to amend the ants who include him .'
True	1	ensure	-1.5696277618408203	ensures	-2.334866762161255	b'the ordinary wars we require in our tuna ***mask*** ; we suggest traveler dryer for easter , climate channel and propane - millet for stark .'
skipping is/are
True	1	want	9.72481918334961	wants	4.485662460327148	b'but inner declarations do customize the leaf they seem he will harass , and the immigrants who lose him ***mask*** to eat the injuries who enjoy him .'
True	0	deserves	-1.3472084999084473	deserve	-3.7771716117858887	b'a bill cult accepted in scott three ***mask*** , " due to its ticket astride the christmas cambodia , iss has now been a trauma to the suicide .'
False	2	affirm	-1.3932406902313232	affirms	-1.3932406902313232	b'the affluent strong wishes that desperately would sell from movie ***mask*** feedback , territory , size , lifestyle , crazy highway and heavy rounds of laws and politics -- fatal as the youngstown belief .'
False	1	admits	-4.247917175292969	admit	-2.247701406478882	b'the capable treatment contractors recommend there ***mask*** ruin to the coordinator .'
True	0	go	14.512677192687988	goes	7.457385540008545	b'i say we just keep the dough and ***mask*** to mexico .'
True	1	begin	9.379011154174805	begins	5.675520896911621	b'but incorrect cm do come the flower they refuse he will believe , and the effects who respond him ***mask*** to emit the opportunities who operate him .'
True	0	throws	-0.4399844706058502	throw	-1.7379894256591797	b'otherwise ensure your peoples to burn this aggressively to their homes , and deeply unfortunately , so that the globe to deny her ***mask*** appropriately .'
True	0	serve	3.4153406620025635	serves	-1.4857789278030396	b'i refuse this adequate clinic and ***mask*** to vary this superb income .'
True	0	meets	3.1353061199188232	meet	0.985486626625061	b'it believes the bird for server exchange and ***mask*** , \xe2\x80\x9c we are reimbursed that the whipple should not examine with grand - product ships who meet to reduce and cancel personally and altogether in the slaves , nails , and curtains of personal compliance . \xe2\x80\x9d'
True	0	develops	1.046879768371582	develop	-2.0474069118499756	b'well , unless initially legally the third guitar he considered in the source ***mask*** out .'
False	0	enters	-0.40633800625801086	enter	0.7360410690307617	b'the critical testimony i planned this chocolate ***mask*** to add anyone failing this if they represent of some comfort i can monitor suggest a curtain to this today cage .'
False	0	deserves	1.236466407775879	deserve	2.692535877227783	b'if you propose a country who will propose to you and see he will absorb and then convince his meditation , and not tell what he is sending about why he supports conclusions at extensive sandwiches and ***mask*** they arrive what you pick , why they will not hire for you , transmit to this rivalry ... he is the affection for you .'
False	1	indicate	-2.4900050163269043	indicates	-0.6452428102493286	b'the influential drugs we continue in our swing ***mask*** ; we pick delivery harmony for easter , virus phrase and settlement - coal for yellowstone .'
True	1	extends	-1.4453363418579102	extend	-2.2979419231414795	b'the lovely tournament cows deny there ***mask*** circulate to the thread .'
False	0	observes	-5.822339057922363	observe	-5.154673099517822	b'the youngest loan you can seem in ivan ***mask*** to develop to a drying .'
True	0	allows	2.530001640319824	allow	-0.34869417548179626	b'almost , the embarrassing earthquake requested for oil ***mask*** whether our aa ( the absurd image and precisely the acupuncture they decide to recruit ) is or involves not an innovative tube under the fare .'
True	0	compares	-2.6515986919403076	compare	-5.197629928588867	b'the first television you require whenever you exist on guest explains that the city minister solely writes out the duty and ***mask*** into the month knee .'
True	0	grows	7.3562211990356445	grow	4.049235820770264	b'the first dinner you pay whenever you allow on pig involves that the compliance field financially sees out the language and ***mask*** into the consensus ton .'
True	0	operates	-4.440436840057373	operate	-4.731982707977295	b'because of the phone that his potable flower with naval amelia had meant him , he reported properties pleasant as : " you can print a language and a tabs , eighteen stream you ca n\'t raise ***mask*** why you \'re beautiful utterly " and threw restrictions to the " kerry warren " cup ranging that " totally he handled judicial tensions to reflect reportedly dangerous as a terror " .'
True	2	include	0.7543222308158875	includes	0.16939586400985718	b'the arrogant difficult weekends that successfully would maintain from star ***mask*** soul , season , plot , path , narrow corner and nuclear minds of scientists and surgeons -- faithful as the starbucks crate .'
False	0	refuses	-2.685544013977051	refuse	-2.019509792327881	b'well , unless indoors strongly the third paper he passed in the campus ***mask*** out .'
True	0	extends	-1.9640787839889526	extend	-3.9046976566314697	b"the tide to compete in participant ***mask*** that dwarf armed sports and professors and tricky syrian worries are distinguished to migrate soon seldom joint to the agra in ireland than al - laura allegations , and it would be neat to foresee one 's options off the tolerable disappointment ."
False	1	enjoys	-4.88514518737793	enjoy	-2.510313034057617	b'the maximum dirt pairs become there ***mask*** translate to the theatre .'
True	0	generate	-4.680375099182129	generates	-5.092000484466553	b"stars who put these animals ***mask*** at the ad immensely ; and it 's soothing to raise they are executive and handy to wrap no if they learn there would hesitate a steam ."
False	0	assumes	-0.23362335562705994	assume	0.8501439094543457	b"the daughter to generate in housing ***mask*** that dwarf european guns and travels and bound final transactions are vital to convince soon however nuclear to the emma in ahmed than al - chevron openings , and it would be generous to carry one 's atrocities off the manned console ."
True	0	make	5.615352153778076	makes	5.5060014724731445	b'mechanics pose the investment but ***mask*** her glaring predator and the moon demonstrates .'
True	0	learns	4.420614719390869	learn	2.93520188331604	b'it leads the nephew for forum upgrade and ***mask*** , \xe2\x80\x9c we are contacted that the denton should not invite with foreign - security performers who provide to listen and bother still and altogether in the starters , stars , and casualties of knowledgeable slice . \xe2\x80\x9d'
True	0	hear	9.197189331054688	hears	3.9340763092041016	b'please destroy me grab if you pay any seconds or ***mask*** anything aggressive .'
False	1	affirms	-1.1190789937973022	affirm	-1.1190789937973022	b'the healthy trip masks realize there ***mask*** lose to the freighter .'
True	0	spends	1.744590163230896	spend	0.006332218647003174	b'about expect your wheels to burn this incredibly to their managers , and separately apart , so that the crate to harass her ***mask*** approximately .'
True	0	exists	1.0610628128051758	exist	0.4613558053970337	b'because of the tank that his secondary pewter with nyc abby had checked him , he testified hosts blind as : " you can communicate a nausea and a plate , eight pasture you ca n\'t spend ***mask*** why you \'re certain exceptionally " and saved missions to the " sam ds " misfortune circling that " slowly he slept nepalese nails to define shortly vain as a dryer " .'
True	0	relate	1.5996129512786865	relates	-1.6235567331314087	b'you affirm the distinction and ***mask*** platform trauma into the letter .'
True	0	dies	6.749407768249512	die	2.979259490966797	b'well , unless overwhelmingly precisely the third territory he seized in the commission ***mask*** out .'
True	0	exists	3.4916865825653076	exist	0.1635313630104065	b'the healthy personality i provided this rock ***mask*** to add anyone leading this if they believe of some teacher i can prove bless a visitor to this shuttle deal .'
True	0	come	5.214858531951904	comes	2.747591257095337	b'i deserve this arrogant shine and ***mask*** to throw this rude id .'
True	0	represents	4.64617395401001	represent	-0.3401998281478882	b'can you interfere that the scholarship we are joking ***mask*** toward a tired and messy drama ?'
True	0	demonstrate	1.3979458808898926	demonstrates	-1.5038213729858398	b'you indicate the dryer and ***mask*** nightlife context into the meantime .'
True	1	appear	-2.371997356414795	appears	-4.218569755554199	b'average prisoners that potentially would solve ***mask*** ft , creativity , washington partnership and some periods of customers .'
False	0	generates	-5.5131025314331055	generate	-4.9585371017456055	b'a jen window allowed in cole twenty ***mask*** , " due to its breath astride the gerald finland , abdul has freely been a flower to the suicide .'
False	0	begins	-1.9797550439834595	begin	-0.6449464559555054	b'if you prefer a star who will remove to you and sail he will adjust and then raise his fire , and not vary what he is jumping about whenever he gives neighbors at authentic babies and ***mask*** they extend what you put , whenever they will not join for you , transmit to this path ... he is the article for you .'
False	0	employs	-4.359705924987793	employ	-0.44524842500686646	b'the unfortunate tabs i carried adequately from them in the first direction ***mask*** because my national vulnerability who answered with them was joking out on his accurate .'
False	0	delivers	-1.708522915840149	deliver	0.37161368131637573	b'if you suck a woman who will bother to you and predict he will eat and then bless his tariff , and not squeeze what he is growing about why he relates creatures at identical lyrics and ***mask*** they apply what you consider , why they will not sail for you , tell to this prostitute ... he is the advancement for you .'
True	0	refuse	2.2217183113098145	refuses	1.0174856185913086	b'copies throw the aircraft but ***mask*** her complicated drying and the path belongs .'
False	0	ensures	-1.8787707090377808	ensure	0.4268191456794739	b'because of the spreadsheet that his hostile tomorrow with janet alaska had tended him , he waited cm necessary as : " you can foresee a hour and a thermometer , eighteen requirement you ca n\'t come ***mask*** why you \'re visual effectively " and belonged courses to the " baudelaire brazil " team preventing that " potentially he refused few policies to settle just western as a foster " .'
False	0	admits	-0.5868670344352722	admit	0.13915124535560608	b'absolutely , the outer assault guaranteed for episode ***mask*** whether our er ( the impeccable amendment and perfectly the officer they decide to meet ) is or affects not an ethnic joke under the steel .'
True	1	expect	-2.0423266887664795	expects	-4.287818431854248	b'excellent minerals that frequently would pursue ***mask*** strategies , sky , kenneth season and some patients of beliefs .'
False	0	says	11.902617454528809	say	13.378129959106445	b'if you want a doctor who will lie to you and say he will operate and then change his mind , and not know what he is talking about when he recommends procedures at other hospitals and ***mask*** they are what you need , when they will not work for you , go to this doctor ... he is the one for you .'
False	0	enters	-4.048026084899902	enter	-1.848757266998291	b'because of the traveler that his conservative lunch with tx england had dominated him , he began times massive as : " you can reflect a soup and a propane , eighteen shrapnel you ca n\'t verify ***mask*** why you \'re toxic increasingly " and testified beliefs to the " lewis texas " waist pulling that " largely he booked rude plants to concur rapidly sensitive as a growth " .'
True	0	loses	2.2325925827026367	lose	0.33221501111984253	b'get for a grandson of supporters in their lens that wakes from the deadline and ***mask*** whatsoever to the store fo the conviction .'
True	0	respond	2.00127911567688	responds	-1.9598908424377441	b"terms who meet these allegations ***mask*** at the alliance apparently ; and it 's grand to reconsider they are ominous and tropical to tighten no if they deserve there would relate a glass ."
True	0	sucks	1.215969443321228	suck	-0.6828340888023376	b'well , unless equally probably the third rape he caused in the stuff ***mask*** out .'
True	0	receive	3.84747052192688	receives	2.0036380290985107	b'please submit me censor if you consider any reviewers or ***mask*** anything obsessed .'
True	0	suggests	2.1527671813964844	suggest	1.1373738050460815	b'an essential information employed in fifty ***mask*** there agree three " practices " in the eye indians , but unnamed cartoons are shortly newer than this .'
True	1	suggest	2.6463780403137207	suggests	-0.6407896876335144	b"whie i do n't compete to the popularity that the losses we make or realize to ***mask*** no accident on our seed ( which i sell is financially covert ) , it does raise me why sanctions prefer out a dramatic humanity of ports to rush the junk on ."
False	0	tends	-3.351900339126587	tend	-2.5324175357818604	b'a nixon width estimated in sunday billion ***mask*** , " due to its discretion astride the philip larry , oglethorpe has slowly been a resolution to the cpi .'
True	0	operates	-0.20608507096767426	operate	-0.8150134086608887	b'additionally , the urban interceptor cleaned for aunt ***mask*** whether our advice ( the electrostatic oil and fully the instability they provide to participate ) is or objects not an odd honesty under the responsibility .'
skipping is/are
True	0	includes	4.620498180389404	include	3.2518017292022705	b'the richest fee you can dial in agra ***mask*** to migrate to a selection .'
True	0	hear	-0.40259110927581787	hears	-1.1589957475662231	b'i pay this overwhelming sensitivity and ***mask*** to become this tactical injustice .'
False	1	ensures	-4.220198154449463	ensure	-3.3326690196990967	b'the confidential success headlines consider there ***mask*** disappear to the wall .'
True	0	enjoys	2.0947041511535645	enjoy	1.1669200658798218	b'the stressful landlord i hired this master ***mask*** to oppose anyone hoping this if they laugh of some cooperation i can fill satisfy a chairman to this support performance .'
True	0	happen	1.5162138938903809	happens	-0.2097783088684082	b'feel me vanish if you proceed any clergy or ***mask*** anything acrylic .'
True	0	happen	1.331125020980835	happens	-0.9399280548095703	b'i put we completely learn the gang and ***mask*** to stephen .'
True	0	enjoy	4.794916152954102	enjoys	1.6003947257995605	b'they eventually operate if you want tea in your pact , ( for developments like me ) , they refuse an upheaval of the hobby and ***mask*** thorough appropriations to tend .'
False	0	learns	-3.003371477127075	learn	-0.1652243435382843	b'i tell the courtesy you spoke to me ***mask*** to the mart connecticut at earl ( suggested in san ) .'
skipping is/are
True	0	indicates	6.40351676940918	indicate	3.1051599979400635	b'otherwise , the inevitable explanation promised for exam ***mask*** whether our account ( the alchemical apartment and typically the incident they thank to warrant ) is or intends not an authentic lawyer under the title .'
True	0	refuses	-0.04759670048952103	refuse	-1.7431977987289429	b'this lunch of photograph feels around the crew s blog and sheep and ***mask*** a diplomat for the cent again on the cake of the reintroduction in documentation of society politics .'
True	0	belongs	-0.9053351879119873	belong	-2.8176276683807373	b'a taj possibility occurred in portland trillion ***mask*** , " due to its jihad astride the louisiana hamilton , australia has downhill been a conspiracy to the para .'
True	0	compares	1.5122215747833252	compare	-0.7838351130485535	b'an endless infrastructure increased in three ***mask*** there assume four " transfers " in the ali indians , but useless blocks are jointly safer than this .'
True	0	belong	-4.060847759246826	belongs	-6.868838310241699	b'you operate the centre and ***mask*** memo fire into the car .'
True	0	expects	2.728332996368408	expect	1.8354939222335815	b"the crowd to discuss in snow ***mask*** that parisian antique disasters and professors and soothing medieval sons are huge to reassure soon possibly shocked to the antichrist in argentina than al - chief atrocities , and it would be digital to tell one 's analysts off the permanent directive ."
False	1	affirm	2.090028762817383	affirms	2.090028762817383	b'i see the sons on which i should receive your revolution ***mask*** : ( a ) do you rub a bland heart about the creativity to dead coffee photos presented by amsterdam andrew ?'
True	0	need	13.833465576171875	needs	10.018922805786133	b'let me know if you have any questions or ***mask*** anything else .'
True	0	come	6.762392044067383	comes	3.116591453552246	b"ladies who continue these experts ***mask*** at the ear indoors ; and it 's scary to recruit they are explosive and desperate to greet no if they suppose there would remind a service ."
True	0	intends	1.2415879964828491	intend	-1.1917831897735596	b'the immediate flank to survive for pure ***mask*** to monitor fifty , or your hospitality homeland boulevard schooling , and achieve .'
False	0	affirms	0.14040519297122955	affirm	0.14040519297122955	b'the richest goodness you can compensate in eric ***mask*** to come to a crab .'
False	1	intends	-3.045043706893921	intend	-2.9694411754608154	b'the large queen reviewers want there ***mask*** thank to the relation .'
skipping is/are
True	0	represent	3.016448974609375	represents	-0.820608377456665	b"terms who consider these analyses ***mask*** at the editor environmentally ; and it 's superb to click they are excellent and ready to maintain no if they believe there would maintain a date ."
True	0	recognize	0.5517744421958923	recognizes	-3.440370559692383	b'reports occasionally : fabio thousand through ontario five ( expecting you recognize on the litter we hear and ***mask*** respectfully to system the mile after we continue )'
False	0	ensures	-5.588549613952637	ensure	-4.014877796173096	b'the arrogant detective to compel for homeless ***mask*** to disappear four , or your cop pup carbon channel , and oppose .'
True	0	realise	-3.0311310291290283	realises	-5.975080966949463	b'you allow the distance and ***mask*** climber preference into the majority .'
False	0	assumes	-3.359334945678711	assume	-1.1433688402175903	b'the understandable dryer to cook for devastating ***mask*** to reduce fifty , or your rotation father volume vegetable , and execute .'
True	0	develop	7.079892158508301	develops	2.6207120418548584	b'learn me promote if you continue any cabins or ***mask*** anything asymmetrical .'
True	0	spend	-0.8244686126708984	spends	-3.019761323928833	b'decisions indefinitely : williams five through edinburgh nine ( expanding you realize on the phase we die and ***mask*** previously to proportion the gambling after we die )'
True	1	come	6.617589950561523	comes	3.912400245666504	b'but electoral girls do suggest the shine they proceed he will click , and the observers who decide him ***mask*** to implement the earthworms who arrive him .'
True	0	recommends	2.4962775707244873	recommend	1.0890939235687256	b'as you carry above the perfume , the rumor of the latter pot stands your context and ***mask*** you generate taller and fewer .'
True	0	reacts	-1.4458295106887817	react	-2.1954777240753174	b'a ny coat approved in del three ***mask*** , " due to its drawer astride the hamilton gmt , argentina has wonderfully been a response to the country .'
True	0	want	5.468916893005371	wants	2.2907252311706543	b'i put we presently see the bottle and ***mask*** to gm .'
True	0	understand	-0.6706601977348328	understands	-3.189120292663574	b'they aggressively intend if you provide division in your chance , ( for flats like me ) , they pay an intention of the supervisor and ***mask*** heavy animals to register .'
True	1	seem	14.294539451599121	seems	9.250082969665527	b'but other people do like the way they think he will vote , and the ones who favor him ***mask*** to outnumber the ones who oppose him .'
True	0	extends	-4.303223133087158	extend	-4.59635591506958	b'the obsessed coding i built actually from them in the first chair ***mask*** because my distinguishing security who owned with them was returning out on his unknown .'
False	0	pays	0.25352656841278076	pay	1.5863752365112305	b'put for a hangar of symptoms in their disaster that leads from the selection and ***mask*** quickly to the complaint fo the movie .'
True	0	begin	3.487001657485962	begins	2.084735870361328	b'stay me settle if you remain any rooms or ***mask*** anything impossible .'
True	0	consider	2.728604555130005	considers	-1.7749358415603638	b'put me disrupt if you pay any fry or ***mask*** anything eager .'
True	1	create	5.089998722076416	creates	-1.6019357442855835	b"whie i do n't postpone to the danger that the chores we deserve or die to ***mask*** no office on our context ( which i deserve is routinely sensitive ) , it does wear me whenever politics reflect out a successful photograph of fruits to die the shuttle on ."
False	0	makes	-1.0154310464859009	make	0.8762094378471375	b'i put the knife you won to me ***mask*** to the barcelona carter at aid ( sought in la ) .'
True	0	learns	1.9489173889160156	learn	-1.7550204992294312	b'the first beer you die whenever you enjoy on freight affects that the blower surgeon routinely walks out the suspicion and ***mask*** into the roof disability .'
True	0	remembers	2.2590107917785645	remember	-0.16492986679077148	b'instead adjust your citizens to promote this apparently to their blocks , and financially actually , so that the scale to make her ***mask*** automatically .'
False	0	appears	-1.3210947513580322	appear	-1.1919257640838623	b'because of the volume that his sunny paradise with dhaka angie had promised him , he became laptops mere as : " you can recommend a sickness and a scientist , eight forgiveness you ca n\'t commit ***mask*** whenever you \'re recent already " and raised postcards to the " vi jafar " paper hunting that " forth he felt medieval missiles to deliver previously slick as a supervisor " .'
True	0	goes	11.456415176391602	go	6.482753753662109	b'well , unless of course the third compressor he put in the car ***mask*** out .'
True	1	allow	2.097761631011963	allows	1.2703255414962769	b'i realize the wars on which i should revise your hunt ***mask*** : ( a ) do you prescribe a catastrophic week about the racing to collective flank countries fallen by eurasia ireland ?'
True	0	deserve	0.75678950548172	deserves	-1.2949168682098389	b'please remember me pick if you seem any hearings or ***mask*** anything uncut .'
True	1	believe	0.9174980521202087	believes	-3.3366475105285645	b"whie i do n't remain to the propaganda that the bombs we pick or come to ***mask*** no instability on our gentleman ( which i pale is highly municipal ) , it does preserve me whenever rules wash out a revolutionary justification of lions to clarify the bean on ."
True	0	writes	3.712928533554077	write	0.24455291032791138	b'beware for a theme of snakes in their stylist that cares from the neighbor and ***mask*** strongly to the membership fo the torch .'
True	0	insists	-3.756272792816162	insist	-5.332584857940674	b'the angry cancer to melt for surgical ***mask*** to hop three , or your vehicle gown pork handful , and achieve .'
skipping is/are
True	0	happens	-2.185758352279663	happen	-3.5494768619537354	b'a dorsey dad arrayed in capricorn billion ***mask*** , " due to its trial astride the walker lanka , orleans has strictly been a bus to the type .'
False	0	remains	3.412818431854248	remain	4.458323001861572	b'as you proceed above the bakery , the staff of the beloved streak seems your strife and ***mask*** you remain stronger and clearer .'
True	0	create	0.7652634382247925	creates	-6.666148662567139	b'sales usually : cass four through university thirty ( expanding you wash on the monkey we tolerate and ***mask*** quietly to grandson the conviction after we tolerate )'
True	0	refer	1.089619755744934	refers	-0.23344029486179352	b'forces indeed : rahman twenty through atta thousand ( obtaining you pay on the wasp we hear and ***mask*** willingly to conspiracy the rejection after we spend )'
True	1	suggest	2.6829886436462402	suggests	-0.2892872095108032	b"whie i do n't forget to the government that the videos we believe or pay to ***mask*** no exploration on our butterfly ( which i tell is politically manned ) , it does digest me whenever genitals learn out a powerful button of burgers to want the notification on ."
True	0	define	3.167952537536621	defines	-1.9339090585708618	b'watch me choose if you make any surprises or ***mask*** anything advanced .'
True	2	observe	-3.5358176231384277	observes	-4.8248186111450195	b'the able tough marketers that seldom would describe from calf ***mask*** furnace , compliance , penalty , platform , consistent bakery and bankrupt newspapers of birds and holidays -- democratic as the grill wasp .'
True	0	pays	0.3962211608886719	pay	0.18486277759075165	b'if you see a lot who will vary to you and compete he will arrange and then carry his today , and not thank what he is preparing about whenever he holds leaders at efficient secretaries and ***mask*** they include what you choose , whenever they will not communicate for you , prepare to this landlord ... he is the information for you .'
True	1	enjoy	-0.28520137071609497	enjoys	-1.761928915977478	b'additional grandchildren that thereby would reduce ***mask*** friends , birthday , hubbard dresser and some deaths of towels .'
True	1	believe	4.069878578186035	believes	3.67699933052063	b'but eager launchers do digest the relationship they tell he will conclude , and the appropriations who put him ***mask*** to endanger the attorneys who apologize him .'
True	0	reports	11.101609230041504	report	6.790026664733887	b'a milnet brief issued in february 2005 ***mask*** , " due to its position astride the persian gulf , iran has constantly been a threat to the gulf .'
False	0	develops	-3.4226698875427246	develop	-2.759866237640381	b'if you continue a coast who will miss to you and seem he will attend and then come his language , and not climb what he is telling about why he sends gifts at accurate services and ***mask*** they insist what you put , why they will not pay for you , make to this wording ... he is the expansion for you .'
skipping is/are
False	0	enjoys	-4.926036834716797	enjoy	-2.6796131134033203	b'the eligible jihad i fell extremely from them in the first camera ***mask*** because my digital cake who agreed with them was causing out on his overwhelming .'
True	0	enjoys	-1.589574933052063	enjoy	-2.2876698970794678	b'the strongest growth you can censor in aldo ***mask*** to recommend to a clothing .'
True	0	realise	-4.491878986358643	realises	-8.111564636230469	b'i decide we willingly prefer the hamster and ***mask*** to mcdonald .'
True	0	provides	0.5230771899223328	provide	-3.1873579025268555	b'again argue your budgets to revise this afterward to their tools , and willingly environmentally , so that the scam to commit her ***mask*** abroad .'
True	0	grows	9.283196449279785	grow	3.9746458530426025	b'this dove of vision submits around the pyramid s creation and drinks and ***mask*** a monkey for the flood eventually on the network of the mayor in preacher of role daughters .'
True	0	create	3.877236843109131	creates	0.6908518075942993	b'please specify me receive if you collaborate any lights or ***mask*** anything indefinite .'
True	0	relate	4.854501724243164	relates	1.9234981536865234	b'if you reflect any papers or ***mask*** any info approximately accordingly , please hesitate balochistan corp at four or fei sadat at billion .'
True	0	insists	-1.8302253484725952	insist	-3.408944606781006	b'the strongest cake you can spell in archibald ***mask*** to raid to a wording .'
True	0	tosses	0.7769536972045898	toss	-1.3191752433776855	b'watch for a gallery of links in their midst that becomes from the hospitality and ***mask*** nowadays to the nightmare fo the server .'
False	2	allow	-2.0795516967773438	allows	-0.5912758708000183	b'the ancient dumb debtors that nowadays would receive from transition ***mask*** poverty , paradise , justice , gym , weak millet and familiar files of movies and currents -- fashioned as the bart radar .'
True	0	carries	-0.7677459716796875	carry	-1.1026852130889893	b'an outward assassination imprisoned in trillion ***mask*** there agree seven " cm " in the august operations , but urban posters are maybe safer than this .'
True	0	refuses	2.6166725158691406	refuse	0.39646992087364197	b'the first disgrace you serve why you oppose on chase objects that the ticket campaign respectfully happens out the lens and ***mask*** into the conflict wasp .'
False	0	spills	1.3069440126419067	spill	5.332400798797607	b'the first thing you notice when you arrive on location is that the waiting line literally goes out the door and ***mask*** into the parking lot .'
True	0	responds	0.1716846227645874	respond	-0.8359667062759399	b'actually enjoy your cheques to remember this especially to their vests , and frankly onboard , so that the medicine to compel her ***mask*** indoors .'
False	0	includes	4.513073444366455	include	5.500690937042236	b'the first tape you require why you anticipate on date ***mask*** that the profile supplier mostly creates out the discomfort and reflects into the fist husband .'
True	0	need	13.833465576171875	needs	10.018922805786133	b'let me know if you have any questions or ***mask*** anything else .'
True	0	creates	2.772604465484619	create	-1.6054941415786743	b'the first spine you serve why you anticipate on northeast enjoys that the discount judgment locally contains out the lamp and ***mask*** into the sentiment client .'
True	0	assumes	2.8584890365600586	assume	1.9455007314682007	b'unfortunately , the unexpected expertise signed for interest ***mask*** whether our epc ( the urban opportunity and thereby the influence they collaborate to warn ) is or enjoys not an eligible boyfriend under the discovery .'
False	0	includes	4.070511341094971	include	4.234746932983398	b"the coup to destroy in habitation ***mask*** that dwarf important provinces and republicans and rude hard people are tired to come badly virtually ready to the ayatollah in art than al - cass organisations , and it would be courteous to reduce one 's introductions off the delighted longevity ."
True	0	assume	1.0840296745300293	assumes	-0.581398606300354	b'they importantly include if you throw discount in your tire , ( for reptiles like me ) , they sell an edit of the beginner and ***mask*** neurological expectations to bless .'
skipping is/are
True	1	receive	4.865293979644775	receives	2.4841794967651367	b"whie i do n't marry to the golf that the crews we refer or deny to ***mask*** no artwork on our volume ( which i come is virtually severe ) , it does pick me whenever transfers seem out a memorable tool of birds to retaliate the clay on ."
True	0	serves	0.8542337417602539	serve	0.7773701548576355	b'if you tend a news who will put to you and greet he will assess and then recruit his gravy , and not recruit what he is stepping about why he remembers hijackers at investigative minutes and ***mask*** they affirm what you condemn , whenever they will not spawn for you , groom to this pup ... he is the audience for you .'
True	0	recommend	0.5472209453582764	recommends	-4.093367576599121	b'if you receive any words or ***mask*** any appearance accidentally actively , please prepare germany brooklyn at trillion or colorado beth at three .'
True	0	decide	2.786371946334839	decides	-0.859824001789093	b"mechanics who meet these updates ***mask*** at the item everywhere ; and it 's subtle to decide they are aged and timely to begin no if they throw there would recover a status ."
True	0	happens	1.3542051315307617	happen	-2.7275872230529785	b'this merger of feedback brings around the grain s shuttle and moderates and ***mask*** a diarrhea for the threat exponentially on the currency of the diversion in woman of pipe graphics .'
False	0	suggests	4.100819110870361	suggest	5.615938663482666	b'if you seem a panel who will demonstrate to you and hire he will immigrate and then verify his magnitude , and not determine what he is helping about whenever he believes marketers at educated bands and ***mask*** they affirm what you die , whenever they will not spawn for you , notify to this foreigner ... he is the unwillingness for you .'
False	1	operates	-4.174917221069336	operate	-3.0327413082122803	b'the historical voting movements wash there ***mask*** breathe to the passport .'
True	0	belongs	1.0974446535110474	belong	-1.871947169303894	b'this flipping of news depends around the racism s county and colleagues and ***mask*** a coast for the culture unfortunately on the satisfaction of the difference in paperwork of merger postings .'
True	0	enjoys	-1.5270788669586182	enjoy	-3.2704522609710693	b'the hardest blog you can begin in edwin ***mask*** to pursue to a tank .'
True	0	grows	5.330183982849121	grow	1.9032737016677856	b'as you collaborate above the machine , the tsunami of the cruel lamb receives your cave and ***mask*** you remember darker and darker .'
True	0	operates	0.7087274193763733	operate	-0.04053439199924469	b'the arrogant math i grabbed actually from them in the first streak ***mask*** because my polygamous balcony who expected with them was reviewing out on his arrogant .'
True	0	develops	3.103071928024292	develop	0.9584887027740479	b'this platform of queen serves around the couch s colony and grandchildren and ***mask*** a failure for the detective already on the pact of the gown in palace of sovereignty quotes .'
True	0	continue	8.914854049682617	continues	2.9884567260742188	b'i become this endless supporter and ***mask*** to compel this nervous allocation .'
True	0	enjoys	-0.5043834447860718	enjoy	-2.2152740955352783	b'the annoying corporate degree i have registered ***mask*** that in the luncheon of osama eighteen teacher of the mold is apparently traced in the turkey the moon before the vet , this stuff communicated after the substantial magazine .'
True	0	decides	0.28400087356567383	decide	-1.2789404392242432	b'a santa scenario advised in drew four ***mask*** , " due to its server astride the forum switzerland , arabia has possibly been a clothing to the manager .'
False	0	melt	-1.088462471961975	melts	-0.032591283321380615	b'go me dine if you listen any trios or ***mask*** anything electronic .'
True	1	allows	4.786190986633301	allow	3.4896461963653564	b'the incorrect fatal golf that he walks ***mask*** that he rhythmically wants his fears and clearly wakes necessary with his humble wildlife .'
True	0	wants	-1.7839922904968262	want	-2.2525486946105957	b'a road parent operated in miami fifty ***mask*** , " due to its suicide astride the county nashville , edwards has generally been a clay to the consciousness .'
True	1	intends	1.9157354831695557	intend	-1.0972598791122437	b'the occasional forthcoming surgery that he keeps ***mask*** that he somehow drops his capabilities and directly reads necessary with his spectacular perfection .'
False	0	expects	0.6871832609176636	expect	2.119338035583496	b'the first clue you want why you assume on cooperation ***mask*** that the store proposal frequently brings out the decor and reflects into the penny flank .'
True	0	creates	3.578347682952881	create	0.8382811546325684	b'it plays the team for situation egg and ***mask*** , \xe2\x80\x9c we are financed that the petersen should not evacuate with possible - reviewer historians who seek to deliver and lace halfway and effectively in the provisions , remarks , and daughters of beneficial duration . \xe2\x80\x9d'
True	0	represent	0.7791869640350342	represents	-2.659477710723877	b'rules extremely : warren thousand through ashcroft thirty ( arising you see on the life we spend and ***mask*** warmly to recommendation the loading after we sell )'
True	0	require	5.926751613616943	requires	2.831803321838379	b'follow me prepare if you continue any squadrons or ***mask*** anything international .'
True	0	relates	1.71967351436615	relate	-0.9301913380622864	b'as you seek above the navy , the detail of the friendly section provides your forgiveness and ***mask*** you circulate clearer and lighter .'
False	0	expects	0.9863427877426147	expect	1.1900689601898193	b'my buildup with acting the scholarship forth ***mask*** , could it be arrested that thus everyone drove the hoax would or could exist at any weekend , since we particularly built california and saudis and if they headed they might have completed a familiar destruction ??'
True	0	generates	-2.4035961627960205	generate	-4.673480033874512	b'an aerial ego advised in three ***mask*** there assume four " cases " in the england ages , but unbelievable traders are firmly warmer than this .'
True	0	manages	-0.12775874137878418	manage	-2.2310702800750732	b'as you collaborate above the target , the reliability of the severe publication melts your merchant and ***mask*** you require safer and clearer .'
False	0	intend	0.1320207267999649	intends	0.6226400136947632	b'they easily expect if you meet surface in your tonnage , ( for sites like me ) , they throw an artillery of the predator and ***mask*** downstream extinctions to meet .'
True	0	begins	6.517560958862305	begin	3.2040278911590576	b'can you affect that the laptop we are preparing ***mask*** toward a distinguishing and certain cafeteria ?'
False	1	extend	-1.583356499671936	extends	-0.9860436916351318	b'the additional peoples we sell in our coordination ***mask*** ; we condemn paperwork council for easter , surface tip and throat - butt for kabul .'
False	0	adds	0.7185973525047302	add	1.3947973251342773	b'my threat with expecting the reaction directly ***mask*** , could it be eliminated that totally everyone led the tap would or could avoid at any period , since we highly loved virginia and states and if they testified they might have documented a global sentence ??'
False	0	responds	-5.017518997192383	respond	-4.965783596038818	b'well , unless immediately rarely the third luncheon he followed in the kitten ***mask*** out .'
False	0	hears	1.0823960304260254	hear	1.1629674434661865	b'it depends the trader for discomfort announcement and ***mask*** , \xe2\x80\x9c we are deployed that the heard should not adopt with conventional - conversation colleges who pose to collect and develop directly and onwards in the residents , directions , and habits of homemade curve . \xe2\x80\x9d'
True	1	indicate	1.0020760297775269	indicates	0.7365929484367371	b'the absurd chores we meet in our radar ***mask*** ; we lose region plate for easter , stream fantasy and ceiling - clan for leach .'
True	1	have	18.871715545654297	has	11.899407386779785	b"whie i do n't subscribe to the notion that the things we watch or listen to ***mask*** no effect on our behavior ( which i think is patently rediculous ) , it does bother me when people single out a specific group of people to pin the blame on ."
True	0	demonstrates	-4.423454761505127	demonstrate	-7.20277738571167	b'well , unless almost halfway the third confidante he signed in the criticism ***mask*** out .'
True	0	reflect	1.7378950119018555	reflects	-1.557539939880371	b'if you believe any grandchildren or ***mask*** any exam afterward occasionally , please see louisiana murphy at sixteen or sue berlin at seven .'
True	0	makes	0.6870850324630737	make	-0.23774711787700653	b'it relates the majority for belief aircraft and ***mask*** , \xe2\x80\x9c we are purchased that the regulatory should not overcome with strong - pump differences who continue to pick and revise forth and onwards in the sanctions , countries , and losses of weird perfection . \xe2\x80\x9d'
True	0	create	5.268107891082764	creates	2.121727228164673	b'please delete me wrap if you believe any favorites or ***mask*** anything unprecedented .'
skipping is/are
True	0	want	14.421509742736816	wants	8.754715919494629	b'i dislike this urban society and ***mask*** to leave this whole enviroment .'
True	0	deliver	4.552152156829834	delivers	0.9708265066146851	b'prices incomplete : lake nine through industry seven ( acquiring you receive on the photograph we pose and ***mask*** directly to lodging the horse after we pose )'
True	0	generates	8.976103782653809	generate	6.064985275268555	b'this clerk of luck represents around the snow s swing and controllers and ***mask*** a revenue for the nightmare accidentally on the receipt of the club in tribe of decision seconds .'
False	0	allows	0.39586424827575684	allow	0.8600225448608398	b'my dentist with arriving the hatred solely ***mask*** , could it be arrested that regularly everyone heard the hole would or could arrive at any jaw , since we firmly needed bbc and pigs and if they remembered they might have purchased a critical software ??'
True	1	explain	0.8058454990386963	explains	0.6326248049736023	b'i want the chores on which i should develop your website ***mask*** : ( a ) do you translate a willing mother about the context to tall laptop kids built by austin amy ?'
True	0	write	4.31698751449585	writes	-0.5550916194915771	b'please make me remain if you pay any devices or ***mask*** anything independent .'
True	0	intends	4.601462364196777	intend	3.009798049926758	b'the sole liberty i murdered this vision ***mask*** to exploit anyone comparing this if they condemn of some retaliation i can prefer marry a star to this today today .'
True	0	seek	2.279083251953125	seeks	-0.6203451156616211	b'you assume the picketing and ***mask*** tube signature into the welfare .'
True	0	understands	5.7950639724731445	understand	4.088858604431152	b'the first manager you die whenever you indicate on recovery ***mask*** that the cork disintegration never drops out the curse and tells into the gem failure .'
True	0	admits	-0.21550627052783966	admit	-1.986823558807373	b'the cheapest hunt you can join in atta ***mask*** to tend to a stadium .'
True	0	chooses	0.03353284299373627	choose	-2.3587863445281982	b'can you oppose that the logo we are bringing ***mask*** toward a respective and boring recovery ?'
False	0	reflects	-2.4177908897399902	reflect	0.3384837508201599	b'see for a petroleum of reviewers in their junk that submits from the date and ***mask*** really to the police fo the looting .'
True	0	reflect	0.4223082661628723	reflects	-1.6993054151535034	b'come me create if you tell any records or ***mask*** anything ugly .'
True	1	explain	-4.361505031585693	explains	-6.768355369567871	b'irish tables that personally would customize ***mask*** spaces , satellite , financial behalf and some temples of curtains .'
False	0	produces	-0.3945983052253723	produce	1.9221196174621582	b'the first provision you suck why you agree on bunch includes that the disgrace cancer frankly brings out the chili and ***mask*** into the trader scale .'
False	1	intend	-4.546019077301025	intends	-3.013047933578491	b'i begin the waters on which i should continue your toy ***mask*** : ( a ) do you disrupt a same sect about the lot to fortunate description capsules served by ivan arabic ?'
True	0	chooses	3.306588888168335	choose	0.5968868732452393	b'can you exist that the border we are seeking ***mask*** toward a valid and various gun ?'
False	0	admits	2.3594422340393066	admit	3.903963804244995	b"the surplus to bother in version ***mask*** that huge excellent lions and travels and shocked judicial compliments are lethal to hire badly certainly tired to the andaman in abdel than al - blue attorneys , and it would be virtual to develop one 's others off the barren convention ."
True	0	goes	13.660544395446777	go	10.564661979675293	b'look for a lot of stripes in their head that starts from the beak and ***mask*** back to the back fo the bird .'
True	2	appear	-1.718834638595581	appears	-1.8940069675445557	b'the effeminate sensitive years that never would recreate from backup ***mask*** painter , satellite , cheese , vet , typical surface and democratic connections of temperatures and resolutions -- rural as the leo kidney .'
True	0	decides	3.9667348861694336	decide	0.1299695074558258	b'can you expire that the ground we are happening ***mask*** toward a partial and soothing custody ?'
True	0	manage	0.1642761528491974	manages	-3.135186195373535	b'you indicate the lettuce and ***mask*** nomination piece into the planet .'
True	0	appears	7.543308258056641	appear	3.7066283226013184	b'the strongest grave you can warn in alexandria ***mask*** to reopen to a channel .'
True	0	operates	0.1001831442117691	operate	-0.8294243216514587	b'the absolute payable lighting i have contributed ***mask*** that in the suggestion of iaea eighteen landlord of the creativity is increasingly traced in the lieutenant the password before the telephone , this swing deleted after the diplomatic condominium .'
True	0	represents	0.3911594748497009	represent	-1.616462230682373	b'an agreeable insight executed in fifty ***mask*** there add billion " weapons " in the abdul israelis , but underage commanders are slowly healthier than this .'
True	0	allows	0.7020971179008484	allow	-0.14988073706626892	b'the intense diversion i passed ago from them in the first mistake ***mask*** because my historical position who appeared with them was receiving out on his awful .'
True	0	serves	6.6212382316589355	serve	0.9950319528579712	b'this character of brass sends around the growth s spa and choices and ***mask*** a shit for the reality indoors on the decor of the bug in contrast of soul fights .'
True	0	tosses	0.4322884678840637	toss	-1.1853022575378418	b'if you laugh a worship who will migrate to you and marry he will execute and then remove his mankind , and not migrate what he is growing about why he continues balls at impressionist trips and ***mask*** they expect what you seek , why they will not circulate for you , prepare to this patronage ... he is the office for you .'
True	0	deserve	4.072577953338623	deserves	2.5363457202911377	b'put me decide if you condemn any days or ***mask*** anything exceptional .'
True	0	sucks	-2.3725264072418213	suck	-3.449063539505005	b'an amusing invitation arrived in five ***mask*** there oppose four " thousands " in the afghanistan appropriations , but invasive rats are still cheaper than this .'
True	0	grows	17.644195556640625	grow	14.505390167236328	b'also encourage your recipients to forward this along to their contacts , and so on , so that the movement to help her ***mask*** exponentially .'
False	1	operate	-2.7992749214172363	operates	-2.430304527282715	b'i refer the facts on which i should raid your farce ***mask*** : ( a ) do you serve a joint congregation about the grill to gentle floor habits meant by edt electoral ?'
False	0	delivers	-1.6990481615066528	deliver	-1.6202911138534546	b'otherwise include your meals to prefer this incredibly to their photos , and however approximately , so that the stranger to destroy her ***mask*** efficiently .'
True	1	include	5.9794182777404785	includes	4.099447250366211	b'i listen the packages on which i should provide your chapel ***mask*** : ( a ) do you wash a vital hole about the perfume to fundamental locker stages kept by arabia atomic ?'
True	0	operates	-0.18430589139461517	operate	-1.3225891590118408	b'the independent constant democracy i have reduced ***mask*** that in the palace of autumn eight kid of the violence is afterward checked in the pub the furnace before the coordination , this notion printed after the competitive fashion .'
False	0	adds	-2.25384259223938	add	-1.7543163299560547	b'the unprecedented cash to choose for global ***mask*** to defend fifty , or your moment tent car reptile , and accept .'
True	0	understands	3.2710087299346924	understand	2.734182357788086	b'especially , the impressionist acupuncture designated for embarrassment ***mask*** whether our account ( the ecological application and thus the opportunity they spend to postpone ) is or affects not an essential kindness under the ranch .'
False	0	agrees	-2.0986475944519043	agree	0.816290557384491	b'because of the coordination that his tribal deck with nov ukraine had spent him , he continued hundreds humble as : " you can respond a conflict and a movement , eighteen tuna you ca n\'t define ***mask*** whenever you \'re meaningful also " and demonstrated collages to the " laurie levitt " partner promoting that " quickly he visited shiite proponents to pour slightly tolerable as a warning " .'
True	0	generate	1.0909805297851562	generates	-0.6464049220085144	b'birds suffer the example but ***mask*** her frightening cake and the landing progresses .'
True	0	deserves	0.7766097187995911	deserve	-3.4276137351989746	b'it thinks the resolution for pain instructor and ***mask*** , \xe2\x80\x9c we are perceived that the janet should not implement with reasonable - carrier reservations who spend to make and spawn personally and abruptly in the rabbits , salads , and partnerships of fashioned database . \xe2\x80\x9d'
True	0	believes	2.0291032791137695	believe	-0.15647131204605103	b'can you interfere that the boulevard we are bleeding ***mask*** toward a municipal and marvelous pursuit ?'
skipping is/are
False	1	employ	-2.1592981815338135	employs	-1.1525121927261353	b'the empty ft we prefer in our religion ***mask*** ; we become trend responsibility for easter , police conclusion and target - landlord for finland .'
False	0	adds	-0.20399229228496552	add	0.6199312210083008	b'the annoyed custody to retaliate for technical ***mask*** to monitor two , or your priest foreigner rejection flank , and introduce .'
True	0	includes	5.016563892364502	include	4.8005900382995605	b'the advanced crucial container i have chosen ***mask*** that in the discretion of ei eighteen station of the rain is onshore banned in the blower the substance before the feeder , this compensation felt after the retarded doctor .'
True	0	makes	2.6848464012145996	make	0.3801253139972687	b'it wakes the king for ball alarm and ***mask*** , \xe2\x80\x9c we are signed that the mohammed should not impose with messy - prayer minds who become to preserve and recruit widely and unanimously in the restrictions , civilians , and standards of compatible spreadsheet . \xe2\x80\x9d'
True	1	suck	1.3440439701080322	sucks	-2.104785203933716	b"whie i do n't register to the leash that the partnerships we learn or provide to ***mask*** no acceptance on our guest ( which i laugh is historically spiritual ) , it does reflect me whenever difficulties represent out a considerable transition of bodies to produce the sales on ."
True	0	spends	2.3461883068084717	spend	0.4260724186897278	b'extremely adjust your centres to listen this aggressively to their budgets , and completely officially , so that the propaganda to remove her ***mask*** underneath .'
False	0	affirms	1.7751567363739014	affirm	1.7751567363739014	b'the happy discharge i seized this vision ***mask*** to assist anyone dispersing this if they tend of some transaction i can retrieve perform a buildup to this plan chess .'
False	0	toss	0.8766872882843018	tosses	1.5197851657867432	b'come me throw if you pay any moors or ***mask*** anything unlimited .'
True	0	carry	2.4041748046875	carries	-4.193734645843506	b'i continue this illegal bombing and ***mask*** to hang this popular exam .'
False	0	understands	-3.2466554641723633	understand	0.10199912637472153	b'my registration with achieving the prosecution pursuant ***mask*** , could it be agreed that politely everyone flew the branch would or could impress at any tabs , since we primarily flowed ham and computers and if they blended they might have cooked a healthy mouth ??'
True	0	come	3.4725441932678223	comes	1.9832450151443481	b'if you develop any fans or ***mask*** any invoice apart automatically , please see troy carnegie at two or singer wood at seven .'
True	0	provide	3.9846839904785156	provides	0.7799363136291504	b'go me listen if you pose any firms or ***mask*** anything ethnic .'
True	1	explain	-6.22462797164917	explains	-6.357628345489502	b'irish spurs that predominantly would reflect ***mask*** ships , penny , lynch beach and some deaths of rebels .'
True	0	meet	2.124924659729004	meets	-2.2775485515594482	b'beware me digest if you throw any couples or ***mask*** anything edible .'
skipping is/are
True	1	expects	4.585804462432861	expect	3.883942127227783	b'the economic functional murderer that he writes ***mask*** that he particularly goes his cabins and surely cares fabulous with his difficult gem .'
True	1	remain	5.5979180335998535	remains	2.1628594398498535	b"whie i do n't communicate to the pilot that the speakers we choose or suggest to ***mask*** no inquiry on our worker ( which i require is wholly scientific ) , it does remind me whenever requests seek out a temporary bench of helicopters to prescribe the deadline on ."
False	0	ensure	1.7437338829040527	ensures	1.8050369024276733	b'they extremely add if you make route in your wager , ( for gains like me ) , they begin an attraction of the sheet and ***mask*** naked appropriations to wander .'
False	0	understands	3.3704617023468018	understand	3.664250612258911	b'the unacceptable privileged photography i have filled ***mask*** that in the kidney of agra eighteen complaint of the voting is individually described in the career the journey before the tug , this therapy paid after the tripartite harness .'
False	0	sees	0.8313809037208557	see	1.5700552463531494	b'actually adjust your hens to meet this obviously to their references , and still abroad , so that the difficulty to deserve her ***mask*** approximately .'
True	1	extend	-2.867645025253296	extends	-3.035313129425049	b'i refuse the volumes on which i should cancel your country ***mask*** : ( a ) do you donate a frustrating satisfaction about the context to soft surface drugs noticed by ontario aires ?'
True	0	ensures	5.3766865730285645	ensure	5.1156110763549805	b'the first facility you carry whenever you oppose on sympathy ***mask*** that the pocket garage super receives out the paw and lasts into the grave flooding .'
True	0	assumes	3.9766311645507812	assume	1.4632633924484253	b'the awful busy breeder i have passed ***mask*** that in the rabbit of iceland eighteen spa of the campaigning is otherwise kept in the proportion the flipping before the hotel , this carbon turned after the big web .'
True	0	recommends	2.9581542015075684	recommend	2.1837809085845947	b'as you suffer above the provision , the plenty of the superior migrant goes your drama and ***mask*** you contain newer and clearer .'
True	0	has	13.939323425292969	have	8.619039535522461	b'this type of harness goes around the dog s chest and legs and ***mask*** a clip for the leash up on the back of the dog in middle of shoulder blades .'
True	0	visit	7.854343891143799	visits	6.21657657623291	b'dignitaries condemn the act but ***mask*** her bereaved family and the money flows .'
True	1	enjoy	-1.4178301095962524	enjoys	-2.477926731109619	b'the academic grandparents we proceed in our channel ***mask*** ; we pose market none for easter , flipping reputation and scam - tonight for chechnya .'
True	2	include	12.569059371948242	includes	8.564506530761719	b'the important commercial species that probably would benefit from warming ***mask*** cod , haddock , saithe , herring , blue whiting and several types of flatfish and crustaceans -- such as the norway lobster .'
True	0	hears	1.3610289096832275	hear	0.029346637427806854	b'even adjust your prices to begin this indeed to their dividends , and carefully aggressively , so that the route to dine her ***mask*** incorrectly .'
True	0	fails	0.5684687495231628	fail	0.23054814338684082	b'a reserve forum anticipated in lanka fifty ***mask*** , " due to its vet astride the warner carnival , assembly has fairly been a whim to the client .'
True	0	enjoys	-2.23482608795166	enjoy	-2.7837154865264893	b'the automatic traveler i threw eventually from them in the first consumption ***mask*** because my fortunate crime who appreciated with them was looking out on his ambitious .'
True	0	comes	6.452178478240967	come	4.905819892883301	b'can you interfere that the spring we are joking ***mask*** toward a same and reasonable medicine ?'
True	0	ensure	2.6815907955169678	ensures	0.7375343441963196	b'they exponentially indicate if you carry bull in your panic , ( for lions like me ) , they laugh an extent of the field and ***mask*** similar affairs to bless .'
True	0	continue	6.039383411407471	continues	0.5622029900550842	b'i hear we possibly pick the milk and ***mask*** to lebanon .'
False	0	tends	-1.6514708995819092	tend	-0.7619566321372986	b'i remain the salsa you preceded to me ***mask*** to the belgium pew at europe ( ran in nicobar ) .'
True	0	operates	-1.7033413648605347	operate	-1.76541006565094	b'the unaware site to click for mobile ***mask*** to withdraw six , or your cousin magazine warranty snack , and owe .'
False	0	includes	0.6585320234298706	include	2.616763114929199	b'my dad with establishing the protein surely ***mask*** , could it be approved that publicly everyone lacked the tug would or could exceed at any permission , since we roughly drafted philip and tamils and if they felt they might have needed a meticulous directive ??'
True	1	develop	2.515960931777954	develops	-2.762169122695923	b'but unacceptable demons do compel the route they propose he will grow , and the agreements who provide him ***mask*** to obtain the appropriations who exist him .'
False	0	produces	-5.971212863922119	produce	-2.485347270965576	b'i consider the dominance you replied to me ***mask*** to the kennedy coogan at april ( tried in kim ) .'
True	1	reflect	1.1981678009033203	reflects	-2.7179183959960938	b'but attentive hosts do harass the fan they manage he will recreate , and the implications who wash him ***mask*** to emit the establishments who expect him .'
True	1	agrees	4.5349555015563965	agree	2.5662248134613037	b'the inappropriate romantic diversion that he submits ***mask*** that he honestly demonstrates his fundamentalists and gently follows necessary with his visible correction .'
True	0	beg	-0.6628784537315369	begs	-4.781436443328857	b'find me retake if you develop any publications or ***mask*** anything optimistic .'
True	0	relates	1.7420907020568848	relate	-3.023052453994751	b'the first pig you carry whenever you eat on possibility exists that the scrap photographer downhill lasts out the punishment and ***mask*** into the sensitivity shame .'
True	1	appear	-2.5086305141448975	appears	-3.118152141571045	b'antique spurs that greatly would testify ***mask*** contents , chairman , portugal profile and some liberties of cartoons .'
True	0	observes	7.264317035675049	observe	4.704984664916992	b"the rebel to hire in sensitivity ***mask*** that many afraid strategies and seas and respective retired birds are basic to pour badly partly brave to the ukraine in israel than al - berlin utensils , and it would be neat to fill one 's affairs off the gentle convenience ."
True	0	need	14.289569854736328	needs	9.563053131103516	b'please let me know if you have any questions or ***mask*** anything else .'
True	0	enter	4.975616455078125	enters	0.9122636318206787	b'they indefinitely operate if you hear master in your time , ( for hijackers like me ) , they lose an environment of the consistency and ***mask*** narrow earthworms to prepare .'
True	0	compares	-0.1500319540500641	compare	-0.3335627317428589	b'an external origin authorized in sixteen ***mask*** there assume seven " kilometres " in the ana arabs , but impeccable countries are possibly lighter than this .'
True	0	manage	0.8095817565917969	manages	-3.024611473083496	b'ladies initially : jeremy two through electoral three ( expanding you manage on the purpose we listen and ***mask*** rarely to thread the cat after we listen )'
False	0	explains	-0.03789806365966797	explain	1.1123945713043213	b'the recent wording i tried this jar ***mask*** to evacuate anyone telling this if they proceed of some stylist i can postpone seem a decor to this document report .'
True	0	includes	0.06169028580188751	include	-0.43549641966819763	b'the asymmetrical wager i blew indeed from them in the first bench ***mask*** because my dumb friendship who ordered with them was suggesting out on his electrostatic .'
True	0	seeks	2.681952953338623	seek	0.7615171670913696	b'as you laugh above the compliance , the theater of the latter source develops your section and ***mask*** you reassure taller and clearer .'
False	0	begs	-3.6575074195861816	beg	-2.9700229167938232	b'i seem the manner you called to me ***mask*** to the croatia grill at amsterdam ( said in teresa ) .'
True	0	refers	3.3171169757843018	refer	-1.0473973751068115	b'can you approve that the rivalry we are joining ***mask*** toward a suspicious and privileged disaster ?'
False	1	intend	-3.547006130218506	intends	0.9848803281784058	b'i recognize the dollars on which i should revise your band ***mask*** : ( a ) do you communicate a valid predator about the lifeboat to constant mystery cats strengthened by antichrist autumn ?'
True	0	begins	1.2301920652389526	begin	-0.5147737860679626	b'come for a team of women in their guerilla that generates from the cabinet and ***mask*** mostly to the cave fo the propane .'
False	0	belong	-1.7255343198776245	belongs	-1.6428583860397339	b'judges laugh the imprisonment but ***mask*** her monthly wire and the neighborhood relates .'
False	0	understands	3.3943264484405518	understand	3.521646022796631	b"the wing to concur in reduction ***mask*** that retired antique courses and rockies and preventive full deer are tragic to describe soon historically hospitable to the ontario in ontario than al - sharon alternatives , and it would be fashioned to collect one 's utilities off the senior feedback ."
True	0	remember	-0.08864077925682068	remembers	-3.83126163482666	b'you apply the toy and ***mask*** fighter hair into the blackmail .'
True	0	dies	2.6689693927764893	die	-1.2540785074234009	b'this conviction of homosexuality melts around the team s neighbor and militants and ***mask*** a director for the jerk importantly on the beard of the lunch in weapon of law thieves .'
True	1	includes	7.889709949493408	include	7.476202487945557	b'the unable forthcoming hospitality that he deserves ***mask*** that he strongly sees his prisoners and necessarily writes diplomatic with his northeastern wasp .'
True	0	require	4.556417465209961	requires	0.5691100358963013	b'learn me miss if you carry any whereabouts or ***mask*** anything unbelievable .'
True	0	delivers	2.6855130195617676	deliver	2.2435457706451416	b'can you enable that the contribution we are checking ***mask*** toward a generic and controversial cage ?'
False	0	hears	-0.7101600170135498	hear	0.38782376050949097	b'an unknown alert aggravated in nine ***mask*** there oppose three " genitals " in the andre ages , but unpopular standards are roughly happier than this .'
True	0	want	2.770129919052124	wants	-2.4554078578948975	b"terms who require these actions ***mask*** at the effort amazingly ; and it 's ridiculous to concur they are absolute and sunny to withdraw no if they deny there would fix a therapist ."
True	0	see	10.235544204711914	sees	2.8909847736358643	b'if you meet any records or ***mask*** any army incomplete always , please hang rahman hell at three or palestine niagara at six .'
True	0	refer	0.8571860790252686	refers	-1.0126873254776	b'prices prefer the opinion but ***mask*** her primary tract and the clothing begins .'
False	0	observes	-3.927936553955078	observe	-2.7930643558502197	b'my yoga with answering the throat technically ***mask*** , could it be understood that properly everyone belonged the parent would or could establish at any swing , since we correctly warned courtney and californians and if they killed they might have saved a cruel violence ??'
skipping is/are
True	1	explain	-3.052746534347534	explains	-3.8144290447235107	b'asian traditions that hopefully would wrap ***mask*** trees , reconciliation , saddam waitress and some reservations of measures .'
False	0	throws	-2.660930633544922	throw	1.8367685079574585	b'i remain the kid you tested to me ***mask*** to the colin coalition at okinawa ( guaranteed in loretta ) .'
False	0	adds	-2.5338587760925293	add	-2.399442195892334	b'the electronic convenience i chose apparently from them in the first station ***mask*** because my functional connection who indicated with them was telling out on his undecided .'
True	0	provide	1.1382380723953247	provides	1.0589861869812012	b'i spend this acceptable wagon and ***mask*** to prepare this regional energy .'
True	0	recommend	-0.31545016169548035	recommends	-1.8235139846801758	b'i serve we somewhat sell the fan and ***mask*** to kline .'
False	0	indicates	3.008070468902588	indicate	3.4275383949279785	b'because of the virus that his solar photography with delivery oglethorpe had happened him , he missed producers yellow as : " you can communicate a spore and a bravery , eight menu you ca n\'t prepare ***mask*** why you \'re limp unfortunately " and stayed currents to the " taiwan canal " jail containing that " repeatedly he phoned perfect foreigners to collect warmly militant as a philosophy " .'
True	0	remains	-0.8461794257164001	remain	-2.854069471359253	b'i proceed the towing you threw to me ***mask*** to the don rice at ayatollah ( folded in milan ) .'
True	0	indicates	8.926201820373535	indicate	6.1974592208862305	b'the unexpected radical notification i have proposed ***mask*** that in the collateral of orr eighteen locker of the majority is immediately protected in the pasture the merger before the skill , this shame tasted after the biochemical device .'
True	0	relate	1.1059560775756836	relates	-1.9909168481826782	b"programs who seem these adults ***mask*** at the ideology entirely ; and it 's defensive to put they are unconnected and dead to grab no if they die there would commit a phenomenon ."
True	0	loses	2.985675811767578	lose	2.668362855911255	b'i decide the notch you began to me ***mask*** to the tiffany mcdonald at atlanta ( maintained in superfund ) .'
True	0	decides	2.2106199264526367	decide	1.8665578365325928	b'if you die a source who will represent to you and reflect he will expand and then migrate his determination , and not regret what he is hoping about whenever he depends reasons at eastern temperatures and ***mask*** they indicate what you throw , why they will not defend for you , come to this tension ... he is the affair for you .'
True	0	delivers	-0.9834424257278442	deliver	-5.811221122741699	b'well , unless inevitably thus the third lease he deleted in the chapter ***mask*** out .'
True	0	generate	9.850135803222656	generates	3.847395658493042	b'if you manage any dilemmas or ***mask*** any energy occasionally overly , please continue kaufman jan at seven or lake rolling at fifteen .'
True	0	points	9.895974159240723	point	6.068122863769531	b'can you accept that the road we are travelling ***mask*** toward a grim and painful future ?'
False	1	adds	1.3368452787399292	add	2.188101291656494	b'the joint lot cases recommend there ***mask*** raid to the craft .'
True	0	includes	3.470752477645874	include	3.462815284729004	b'the hysterical democracy i started this counsel ***mask*** to identify anyone seeking this if they provide of some preparation i can prove strengthen a recovery to this brass period .'
skipping is/are
True	0	demonstrate	3.382133960723877	demonstrates	2.033527135848999	b'commissioners decide the advertising but ***mask*** her delicate driver and the surplus supports .'
True	0	refuse	4.224817276000977	refuses	3.731100082397461	b'wolves see the exclusion but ***mask*** her geographical space and the death receives .'
True	1	assume	0.26374274492263794	assumes	-0.5840857028961182	b'the electoral parties we tolerate in our label ***mask*** ; we manage percentage tutorial for easter , climate chili and warning - rein for christianity .'
True	0	write	4.963409423828125	writes	0.64287269115448	b'wait me grow if you learn any targets or ***mask*** anything unconnected .'
True	0	lose	2.071587324142456	loses	-1.3224867582321167	b'i come we rapidly begin the tin and ***mask*** to southwest .'
True	0	require	16.434072494506836	requires	9.126240730285645	b'if you have any questions or ***mask*** any assistance at all , please contact hope duncan at 202.739.0134 or jeff mangold at 703.729.2710 .'
False	0	observes	-5.2970051765441895	observe	-4.177475929260254	b'the aware coast i requested onboard from them in the first center ***mask*** because my glad midst who enjoyed with them was seeking out on his unfortunate .'
True	0	carry	4.158683776855469	carries	0.44960740208625793	b'please put me communicate if you lose any headlines or ***mask*** anything unacceptable .'
True	0	believe	2.9339349269866943	believes	-0.28508928418159485	b"prices who pale these astronauts ***mask*** at the enjoyment anymore ; and it 's hectic to commit they are environmental and bored to foresee no if they begin there would deliver a vegetable ."
True	2	expect	-3.0072784423828125	expects	-5.663297176361084	b'the extraordinary false provinces that secretly would cancel from scrap ***mask*** protein , bunch , lifeboat , lease , visible sensitivity and terrible bottles of relatives and sales -- sensitive as the capricorn background .'
True	1	apply	-2.631376266479492	applies	-5.20291805267334	b'additional leaders that thereafter would translate ***mask*** things , property , jared combo and some lions of guidelines .'
False	0	ensures	-5.2044291496276855	ensure	-3.523606061935425	b'the interested popularity to reconsider for lax ***mask*** to retrieve six , or your professor difference criticism competition , and adjust .'
True	0	carry	4.438670635223389	carries	0.018039196729660034	b'you exist the chairman and ***mask*** disease fan into the sovereignty .'
True	1	intend	-0.3550376296043396	intends	-2.1139326095581055	b'additional parties that frankly would conclude ***mask*** donations , custody , japan ticket and some provisions of toes .'
True	0	makes	19.05202865600586	make	14.522724151611328	b'as you sit above the world , the warmth of the golden sun penetrates your body and ***mask*** you feel warmer and warmer .'
True	0	seek	4.142870903015137	seeks	0.8972415328025818	b'you operate the campaign and ***mask*** counsel grandson into the facility .'
True	0	loses	4.0013837814331055	lose	-1.4740345478057861	b'it refuses the council for man expectation and ***mask*** , \xe2\x80\x9c we are filmed that the lake should not enable with massive - character companies who provide to commit and revise regardless and indoors in the responsibilities , bottles , and chicks of satisfied creation . \xe2\x80\x9d'
True	0	learns	-1.459723711013794	learn	-2.206577777862549	b'an underage atrophy equipped in billion ***mask*** there intend seven " complexes " in the eurasia indians , but infinite tires are nowadays cheaper than this .'
True	0	observe	2.8522679805755615	observes	-1.9296005964279175	b'they obviously anticipate if you make boy in your facility , ( for bottles like me ) , they realize an ownership of the participant and ***mask*** certified agencies to prove .'
False	0	belong	-5.939949989318848	belongs	-0.7575439214706421	b'rules listen the artwork but ***mask*** her promotional perception and the queen produces .'
True	1	intends	0.8411659002304077	intend	-1.859968662261963	b'the unsure strategic story that he tells ***mask*** that he virtually contains his bucks and currently continues necessary with his dire pleasure .'
True	0	suggest	0.042924441397190094	suggests	-1.457800030708313	b'reports eventually : limerick fifteen through ismail nine ( emerging you listen on the coat we decide and ***mask*** sufficiently to feedback the setback after we hear )'
True	0	spend	2.157992362976074	spends	0.10189607739448547	b'cats provide the ownership but ***mask*** her huge manufacturer and the pup cares .'
True	0	requires	5.798424243927002	require	2.9623382091522217	b'this wire of capability reflects around the commodity s trend and bombers and ***mask*** a memo for the sect eventually on the receiver of the diversion in payment of photo duties .'
True	0	allows	0.4195576310157776	allow	0.2807888090610504	b'my landing with increasing the crab traditionally ***mask*** , could it be understood that shortly everyone replaced the proportion would or could achieve at any mile , since we relatively felt messenger and fridays and if they planned they might have diagnosed a spiritual mode ??'
True	0	insists	1.5503852367401123	insist	-0.31646159291267395	b'the homemade counsel i listened this beard ***mask*** to execute anyone filling this if they throw of some letter i can vomit propose a heart to this patience cage .'
True	0	begin	5.210407257080078	begins	0.298663854598999	b'i continue we pursuant meet the cave and ***mask*** to lucy .'
True	0	applies	0.09919735789299011	apply	-0.9145783185958862	b'the immediate strong parent i have lived ***mask*** that in the cafe of alito eighteen teeth of the health is abundantly monitored in the warlord the consumer before the medal , this showroom grabbed after the cute reconciliation .'
skipping is/are
skipping is/are
False	0	understands	-3.4237847328186035	understand	-2.3987057209014893	b'the first fence you laugh why you admit on coup ***mask*** that the trial life really happens out the kitchen and hates into the floor beard .'
True	0	intends	2.012185573577881	intend	-2.9242711067199707	b'usually , the insecure invoice taken for infantry ***mask*** whether our index ( the incredible invention and somehow the arrangement they see to protect ) is or objects not an identical whim under the healthcare .'
True	0	happens	3.455233335494995	happen	1.833242416381836	b'turn for a musician of stories in their concert that belongs from the locker and ***mask*** successfully to the punishment fo the jury .'
True	0	pay	7.286106109619141	pays	1.8848659992218018	b'ladies exactly : columbia six through abramoff five ( attempting you propose on the tea we decide and ***mask*** politely to speaker the wolf after we propose )'
True	0	go	15.21733570098877	goes	9.510882377624512	b'days away : sept. 21 through oct. 3 ( assuming you work on the day we leave and ***mask*** back to work the day after we return )'
True	0	understands	5.4222283363342285	understand	5.355889320373535	b'the uncut sweet waiter i have placed ***mask*** that in the lottery of amsterdam eight trip of the language is afterward taken in the scrutiny the child before the grid , this sea published after the tall salsa .'
True	0	continue	1.069891333580017	continues	-1.9428845643997192	b'click me wear if you suck any shelves or ***mask*** anything aortic .'
False	0	adds	-1.4182461500167847	add	-1.107614517211914	b'the smallest studio you can carry in omar ***mask*** to burn to a suggestion .'
False	0	sees	2.1455864906311035	see	3.2463815212249756	b'it seems the tourist for quo identity and ***mask*** , \xe2\x80\x9c we are projected that the terry should not oppose with legislative - payout sanctions who remember to remain and communicate shortly and automatically in the tensions , temples , and messages of necessary cousin . \xe2\x80\x9d'
False	0	learns	-0.374975323677063	learn	1.9582709074020386	b'bring for a heaven of weapons in their virus that reads from the master and ***mask*** smoothly to the task fo the marketing .'
True	0	throws	5.044555187225342	throw	1.17681086063385	b'as you seem above the ton , the perfume of the critical protein provides your pattern and ***mask*** you reassure newer and taller .'
True	1	spend	6.090532302856445	spends	-0.9614601135253906	b"whie i do n't solve to the commission that the stars we choose or receive to ***mask*** no aircraft on our death ( which i want is promptly generic ) , it does generate me whenever projects carry out a relaxed spa of crimes to see the pork on ."
True	0	receive	0.21740970015525818	receives	-4.471067905426025	b'i propose this astounding rail and ***mask*** to pursue this naive office .'
True	0	exists	3.7702934741973877	exist	1.2572917938232422	b'the first proportion you collaborate whenever you exist on darkness ***mask*** that the junk tractor respectively pays out the hybrid and suggests into the permission tax .'
True	0	allows	2.3995394706726074	allow	2.2522132396698	b'my haven with acting the character merely ***mask*** , could it be accepted that cheaply everyone grabbed the labor would or could assist at any picketing , since we regularly listened beijing and metals and if they remembered they might have titled a honest direction ??'
True	0	intends	-0.8042169213294983	intend	-4.116617202758789	b'ever , the immediate absorption created for arthritis ***mask*** whether our ets ( the unknown exposure and dramatically the energy they describe to maintain ) is or understands not an angry reality under the corps .'
False	0	understands	0.6415556073188782	understand	1.9981244802474976	b'the rare reversal i called this sauce ***mask*** to attend anyone doing this if they make of some puppy i can breathe forget a bag to this thanks money .'
True	0	deserves	0.2830125093460083	deserve	0.12317663431167603	b'i deny the brain you developed to me ***mask*** to the janice sancho at ips ( protected in mills ) .'
False	0	explains	-2.5481932163238525	explain	-1.797646403312683	b'because of the musician that his timely comparison with ray ei had protected him , he contacted rewards solid as : " you can regret a pewter and a master , eighteen capacity you ca n\'t foresee ***mask*** whenever you \'re crucial indefinitely " and said snakes to the " prophet scotland " tension watching that " basically he belonged dear policies to wrap neatly preventive as a room " .'
False	0	suffers	1.7936015129089355	suffer	2.6576740741729736	b'the first dioxide you deny why you admit on tip enjoys that the tourism staff hereby crashes out the company and ***mask*** into the heating friendship .'
False	0	meets	-1.2814373970031738	meet	1.9749332666397095	b'well , unless indeed quietly the third position he phoned in the marketing ***mask*** out .'
True	0	create	7.47053861618042	creates	2.1026244163513184	b'save me discuss if you tend any conclusions or ***mask*** anything amusing .'
True	0	realise	1.1266416311264038	realises	-3.62821626663208	b"stars who recognize these attempts ***mask*** at the id incorrectly ; and it 's grand to harass they are educated and naive to reassure no if they come there would spell a direction ."
True	0	put	2.8898377418518066	puts	-1.1577470302581787	b'you add the water and ***mask*** water conditioner into the water .'
True	0	states	16.914566040039062	state	10.086301803588867	b'it presents the case for marriage equality and ***mask*** , \xe2\x80\x9c we are resolved that the state should not interfere with same - gender couples who choose to marry and share fully and equally in the rights , responsibilities , and commitments of civil marriage . \xe2\x80\x9d'
True	0	adds	6.785989284515381	add	3.62475848197937	b"the wolf to continue in time ***mask*** that critical afghan kinds and pakistanis and dissatisfied kurdish gentlemen are romantic to harass badly faithfully tall to the andrew in ashcroft than al - lonely appointees , and it would be gullible to prove one 's ecosystems off the final sea ."
True	0	respond	4.098109722137451	responds	2.35841965675354	b'i refer we perfectly provide the pub and ***mask*** to cst .'
True	0	suggests	12.85546588897705	suggest	9.533808708190918	b'an official estimate issued in 2003 ***mask*** there are 50,000 " foreigners " in the andaman islands , but unofficial figures are much higher than this .'
