True	1	exists	3.0698421001434326	exist	1.6405832767486572	b'the organised massive skin that he depends ***mask*** that he thus sends his rights and nowadays tells lazy with his northeastern merchant .'
False	0	ensures	-3.6244277954101562	ensure	-3.408825635910034	b'because of the paperwork that his terrible father with dental alan had shared him , he saved wonders continental as : " you can retake a programming and a problem , eighteen song you ca n\'t gather ***mask*** whenever you \'re humble abroad " and discussed nostrils to the " future korea " dish removing that " primarily he said pakistani hands to reassure thus vital as a receipt " .'
True	0	admits	2.0070199966430664	admit	0.04376467317342758	b'the first settlement you suggest whenever you extend on rumor ***mask*** that the premium media slowly melts out the culture and dies into the belly fever .'
True	0	spill	0.8910505175590515	spills	0.657139241695404	b'if you choose any holdings or ***mask*** any electricity ethnically already , please tell sarah gm at six or crawford kevin at nine .'
True	0	decide	3.0598411560058594	decides	-0.835845410823822	b'please groom me translate if you prefer any forums or ***mask*** anything obvious .'
True	0	approves	1.2330057621002197	approve	-0.3729385435581207	b"the sauce to recruit in pastor ***mask*** that full european complexes and communists and strange jewish species are conventional to hang soon thereby violent to the amsterdam in isi than al - taiwan animals , and it would be numerous to recover one 's alarms off the governmental radar ."
True	0	operates	-0.3424421548843384	operate	-1.1492151021957397	b'the first loan you respond why you indicate on frequency ***mask*** that the time remainder finally belongs out the speech and pays into the zoo technology .'
False	1	insist	-4.328210830688477	insists	-2.825517416000366	b'the ecological wines we believe in our night ***mask*** ; we come drawer today for easter , rivalry difficulty and weapon - machine for louisiana .'
True	0	deserve	1.014469861984253	deserves	-2.53467059135437	b'please make me verify if you require any dancers or ***mask*** anything underage .'
True	0	tend	3.4767818450927734	tends	2.103264808654785	b'i consider this adequate reputation and ***mask*** to relate this dangerous event .'
True	0	use	11.398625373840332	uses	5.537150859832764	b'they always ask if you have meat in your dish , ( for vegetarians like me ) , they scrub an area of the grill and ***mask*** separate utensils to cook .'
True	0	adds	2.8587253093719482	add	2.180339813232422	b'the first reduction you believe why you intend on decor ***mask*** that the commission soil specifically becomes out the virus and leads into the spirit market .'
True	0	adds	-1.1219619512557983	add	-2.527438163757324	b'the effective communication to thank for romantic ***mask*** to pursue three , or your boy tumor software behavior , and encourage .'
True	1	remain	7.1317830085754395	remains	2.0452780723571777	b'but unbelievable malls do describe the quiz they prefer he will replace , and the artists who remain him ***mask*** to investigate the appointments who extend him .'
False	2	explain	-1.8164979219436646	explains	0.11179182678461075	b'the overcrowded strategic tourists that strictly would meet from meditation ***mask*** misunderstanding , bladder , poisoning , jerk , pure target and lovely rebels of marketers and cleaners -- previous as the doug snack .'
True	0	suggest	7.906785488128662	suggests	1.4039140939712524	b'if you condemn any disasters or ***mask*** any error economically afterward , please specify butcher samuel at fifteen or tet nov at six .'
True	0	tend	6.45812463760376	tends	0.7046759724617004	b'i seem we promptly suck the disaster and ***mask*** to jafar .'
True	0	represent	2.239358901977539	represents	-1.824862003326416	b'follow me predict if you put any publications or ***mask*** anything impenetrable .'
False	1	exist	-0.7895623445510864	exists	-0.6933221817016602	b'the electrostatic fisheries we develop in our monkey ***mask*** ; we listen perspective wall for easter , planet testimony and supervisor - budget for wii .'
True	1	employ	-2.4020867347717285	employs	-2.8207716941833496	b'i develop the liberals on which i should lace your gender ***mask*** : ( a ) do you pour a painful requirement about the cafeteria to delighted swap shops begun by andaman andre ?'
True	0	enters	-0.8447095155715942	enter	-2.1236424446105957	b'my career with using the fantasy frequently ***mask*** , could it be eaten that perfectly everyone bought the swap would or could eat at any justice , since we happily prevented veterinary and wars and if they gave they might have grown a scientific blackmail ??'
True	0	represent	-2.2529296875	represents	-6.692149639129639	b'i deny this expensive customer and ***mask*** to remember this costly atrophy .'
False	0	understands	1.1195462942123413	understand	2.856691598892212	b'instead , the effective extent killed for editor ***mask*** whether our usb ( the unaware obligation and nearly the exclusion they pose to compel ) is or involves not an obvious curve under the purse .'
True	0	tells	2.776465654373169	tell	-2.4735894203186035	b'the first goodness you laugh whenever you agree on testimony appears that the discovery king presently cares out the filter and ***mask*** into the salsa competition .'
True	2	enjoy	-0.21494421362876892	enjoys	-3.5347650051116943	b'the overwhelming short properties that primarily would dial from lottery ***mask*** termination , divorce , term , wagon , militant salt and downstream martyrs of methods and wounds -- soothing as the karl separation .'
True	0	dies	2.7840893268585205	die	-1.5958192348480225	b'as you sell above the rape , the temper of the complicated stone feels your nature and ***mask*** you grow lighter and newer .'
True	0	makes	4.615047454833984	make	0.6807960271835327	b'put for a button of centuries in their reviewer that pays from the defence and ***mask*** historically to the bluff fo the reaction .'
True	1	carry	3.1939573287963867	carries	-1.5116088390350342	b'but automatic millions do cancel the tutorial they dislike he will wash , and the explosives who provide him ***mask*** to argue the edges who insist him .'
False	0	expect	3.3474669456481934	expects	3.5985209941864014	b'they especially include if you die reaction in your separation , ( for transfers like me ) , they believe an investment of the teacher and ***mask*** barren officials to receive .'
True	1	assumes	9.700582504272461	assume	5.012658596038818	b'the insecure weird shelter that he suggests ***mask*** that he possibly depends his participants and vigorously blames relevant with his funny process .'
True	1	approves	1.4744288921356201	approve	-0.560183048248291	b'the enjoyable huge wing that he melts ***mask*** that he generally loves his hearings and properly relates conscious with his similar difficulty .'
True	1	begin	1.4832847118377686	begins	-3.9582927227020264	b"whie i do n't consider to the discussion that the cabins we wash or meet to ***mask*** no user on our corps ( which i deserve is wholly conservative ) , it does mention me why ranchers die out a prior homeland of things to hear the vulnerability on ."
True	1	include	15.788227081298828	includes	9.508819580078125	b'important species that probably would decline ***mask*** shrimp , capelin , greenland halibut and some varieties of flatfish .'
True	0	represents	-2.964745283126831	represent	-4.879176616668701	b'well , unless abruptly harshly the third siege he paid in the mosque ***mask*** out .'
True	0	tend	0.1508636772632599	tends	-4.340725421905518	b'if you laugh any flowers or ***mask*** any omnibus incredibly entirely , please breathe fred gerald at twenty or coogan medici at thirty .'
True	0	look	20.163311004638672	looks	11.822059631347656	b"workers who do these introductions ***mask*** at the interaction objectively ; and it 's good to see they are able and willing to say no if they feel there would be a problem ."
True	2	agree	-4.383502960205078	agrees	-5.451321601867676	b'the usual noble peoples that freely would reduce from role ***mask*** dispute , tin , portion , studio , mass bravery and cultural ladies of years and forums -- fundamentalist as the francis pillow .'
True	0	belongs	15.073844909667969	belong	10.04037094116211	b'i believe the message you forwarded to me ***mask*** to the mark taylor at ei ( based in london ) .'
True	1	allows	1.062082052230835	allow	0.21431583166122437	b'the potable mistake properties believe there ***mask*** flee to the surgery .'
True	1	define	0.125982403755188	defines	-4.7486491203308105	b'but insecure symptoms do rush the humanity they suck he will serve , and the extremists who lose him ***mask*** to amend the ants who include him .'
True	1	ensure	-0.9136265516281128	ensures	-1.3744053840637207	b'the ordinary wars we require in our tuna ***mask*** ; we suggest traveler dryer for easter , climate channel and propane - millet for stark .'
skipping is/are
True	1	want	10.42514705657959	wants	4.498950481414795	b'but inner declarations do customize the leaf they seem he will harass , and the immigrants who lose him ***mask*** to eat the injuries who enjoy him .'
True	0	deserves	-1.2572181224822998	deserve	-3.7986650466918945	b'a bill cult accepted in scott three ***mask*** , " due to its ticket astride the christmas cambodia , iss has now been a trauma to the suicide .'
False	2	affirm	-2.7165322303771973	affirms	-2.7165322303771973	b'the affluent strong wishes that desperately would sell from movie ***mask*** feedback , territory , size , lifestyle , crazy highway and heavy rounds of laws and politics -- fatal as the youngstown belief .'
False	1	admits	-0.29750868678092957	admit	1.6876027584075928	b'the capable treatment contractors recommend there ***mask*** ruin to the coordinator .'
True	0	go	13.645073890686035	goes	6.876457691192627	b'i say we just keep the dough and ***mask*** to mexico .'
True	1	begin	9.987133979797363	begins	5.733531475067139	b'but incorrect cm do come the flower they refuse he will believe , and the effects who respond him ***mask*** to emit the opportunities who operate him .'
True	0	throws	-0.9954532980918884	throw	-1.364020824432373	b'otherwise ensure your peoples to burn this aggressively to their homes , and deeply unfortunately , so that the globe to deny her ***mask*** appropriately .'
True	0	serve	4.597106456756592	serves	0.008099749684333801	b'i refuse this adequate clinic and ***mask*** to vary this superb income .'
True	0	meets	3.3827919960021973	meet	-1.0384852886199951	b'it believes the bird for server exchange and ***mask*** , \xe2\x80\x9c we are reimbursed that the whipple should not examine with grand - product ships who meet to reduce and cancel personally and altogether in the slaves , nails , and curtains of personal compliance . \xe2\x80\x9d'
False	0	develops	-2.465935468673706	develop	-2.028452157974243	b'well , unless initially legally the third guitar he considered in the source ***mask*** out .'
False	0	enters	-1.7631250619888306	enter	-0.9836363792419434	b'the critical testimony i planned this chocolate ***mask*** to add anyone failing this if they represent of some comfort i can monitor suggest a curtain to this today cage .'
False	0	deserves	0.9011223912239075	deserve	2.0929160118103027	b'if you propose a country who will propose to you and see he will absorb and then convince his meditation , and not tell what he is sending about why he supports conclusions at extensive sandwiches and ***mask*** they arrive what you pick , why they will not hire for you , transmit to this rivalry ... he is the affection for you .'
False	1	indicate	0.25520557165145874	indicates	0.4594419300556183	b'the influential drugs we continue in our swing ***mask*** ; we pick delivery harmony for easter , virus phrase and settlement - coal for yellowstone .'
True	1	extends	0.0529264360666275	extend	-0.4430007338523865	b'the lovely tournament cows deny there ***mask*** circulate to the thread .'
True	0	observes	-3.068861484527588	observe	-4.05903959274292	b'the youngest loan you can seem in ivan ***mask*** to develop to a drying .'
True	0	allows	1.9817073345184326	allow	-0.11992592364549637	b'almost , the embarrassing earthquake requested for oil ***mask*** whether our aa ( the absurd image and precisely the acupuncture they decide to recruit ) is or involves not an innovative tube under the fare .'
True	0	compares	0.8684062361717224	compare	-2.716569662094116	b'the first television you require whenever you exist on guest explains that the city minister solely writes out the duty and ***mask*** into the month knee .'
True	0	grows	7.141926288604736	grow	4.304790496826172	b'the first dinner you pay whenever you allow on pig involves that the compliance field financially sees out the language and ***mask*** into the consensus ton .'
True	0	operates	-2.9596660137176514	operate	-4.159286975860596	b'because of the phone that his potable flower with naval amelia had meant him , he reported properties pleasant as : " you can print a language and a tabs , eighteen stream you ca n\'t raise ***mask*** why you \'re beautiful utterly " and threw restrictions to the " kerry warren " cup ranging that " totally he handled judicial tensions to reflect reportedly dangerous as a terror " .'
False	2	include	-0.9238103032112122	includes	-0.19382494688034058	b'the arrogant difficult weekends that successfully would maintain from star ***mask*** soul , season , plot , path , narrow corner and nuclear minds of scientists and surgeons -- faithful as the starbucks crate .'
True	0	refuses	-1.8102630376815796	refuse	-4.135742664337158	b'well , unless indoors strongly the third paper he passed in the campus ***mask*** out .'
True	0	extends	1.3604696989059448	extend	-2.713624954223633	b"the tide to compete in participant ***mask*** that dwarf armed sports and professors and tricky syrian worries are distinguished to migrate soon seldom joint to the agra in ireland than al - laura allegations , and it would be neat to foresee one 's options off the tolerable disappointment ."
False	1	enjoys	-2.42187762260437	enjoy	-0.016369394958019257	b'the maximum dirt pairs become there ***mask*** translate to the theatre .'
True	0	generate	-2.5327913761138916	generates	-2.9308559894561768	b"stars who put these animals ***mask*** at the ad immensely ; and it 's soothing to raise they are executive and handy to wrap no if they learn there would hesitate a steam ."
True	0	assumes	0.28018712997436523	assume	-0.3174401521682739	b"the daughter to generate in housing ***mask*** that dwarf european guns and travels and bound final transactions are vital to convince soon however nuclear to the emma in ahmed than al - chevron openings , and it would be generous to carry one 's atrocities off the manned console ."
True	0	make	6.086740016937256	makes	5.598978042602539	b'mechanics pose the investment but ***mask*** her glaring predator and the moon demonstrates .'
True	0	learns	4.6051249504089355	learn	2.0520615577697754	b'it leads the nephew for forum upgrade and ***mask*** , \xe2\x80\x9c we are contacted that the denton should not invite with foreign - security performers who provide to listen and bother still and altogether in the starters , stars , and casualties of knowledgeable slice . \xe2\x80\x9d'
True	0	hear	8.118179321289062	hears	1.211960792541504	b'please destroy me grab if you pay any seconds or ***mask*** anything aggressive .'
False	1	affirms	0.9100293517112732	affirm	0.9100293517112732	b'the healthy trip masks realize there ***mask*** lose to the freighter .'
True	0	spends	2.1368908882141113	spend	1.063302755355835	b'about expect your wheels to burn this incredibly to their managers , and separately apart , so that the crate to harass her ***mask*** approximately .'
True	0	exists	0.5008538365364075	exist	0.14344963431358337	b'because of the tank that his secondary pewter with nyc abby had checked him , he testified hosts blind as : " you can communicate a nausea and a plate , eight pasture you ca n\'t spend ***mask*** why you \'re certain exceptionally " and saved missions to the " sam ds " misfortune circling that " slowly he slept nepalese nails to define shortly vain as a dryer " .'
True	0	relate	4.489077091217041	relates	1.0428303480148315	b'you affirm the distinction and ***mask*** platform trauma into the letter .'
False	0	dies	5.171054840087891	die	5.773184776306152	b'well , unless overwhelmingly precisely the third territory he seized in the commission ***mask*** out .'
True	0	exists	2.9188477993011475	exist	0.9431416988372803	b'the healthy personality i provided this rock ***mask*** to add anyone leading this if they believe of some teacher i can prove bless a visitor to this shuttle deal .'
True	0	come	4.885236740112305	comes	2.868330717086792	b'i deserve this arrogant shine and ***mask*** to throw this rude id .'
True	0	represents	5.533017158508301	represent	0.4247911870479584	b'can you interfere that the scholarship we are joking ***mask*** toward a tired and messy drama ?'
True	0	demonstrate	3.1697051525115967	demonstrates	-0.13945908844470978	b'you indicate the dryer and ***mask*** nightlife context into the meantime .'
True	1	appear	0.6004613637924194	appears	-1.1100685596466064	b'average prisoners that potentially would solve ***mask*** ft , creativity , washington partnership and some periods of customers .'
False	0	generates	-4.388443470001221	generate	-4.354008197784424	b'a jen window allowed in cole twenty ***mask*** , " due to its breath astride the gerald finland , abdul has freely been a flower to the suicide .'
False	0	begins	-1.582063913345337	begin	0.8692042827606201	b'if you prefer a star who will remove to you and sail he will adjust and then raise his fire , and not vary what he is jumping about whenever he gives neighbors at authentic babies and ***mask*** they extend what you put , whenever they will not join for you , transmit to this path ... he is the article for you .'
False	0	employs	-5.453918933868408	employ	-2.6096479892730713	b'the unfortunate tabs i carried adequately from them in the first direction ***mask*** because my national vulnerability who answered with them was joking out on his accurate .'
False	0	delivers	-3.551664352416992	deliver	-1.5024809837341309	b'if you suck a woman who will bother to you and predict he will eat and then bless his tariff , and not squeeze what he is growing about why he relates creatures at identical lyrics and ***mask*** they apply what you consider , why they will not sail for you , tell to this prostitute ... he is the advancement for you .'
True	0	refuse	1.4134620428085327	refuses	1.386759877204895	b'copies throw the aircraft but ***mask*** her complicated drying and the path belongs .'
False	0	ensures	-3.533855438232422	ensure	-1.2404481172561646	b'because of the spreadsheet that his hostile tomorrow with janet alaska had tended him , he waited cm necessary as : " you can foresee a hour and a thermometer , eighteen requirement you ca n\'t come ***mask*** why you \'re visual effectively " and belonged courses to the " baudelaire brazil " team preventing that " potentially he refused few policies to settle just western as a foster " .'
True	0	admits	-0.8470324277877808	admit	-4.5153045654296875	b'absolutely , the outer assault guaranteed for episode ***mask*** whether our er ( the impeccable amendment and perfectly the officer they decide to meet ) is or affects not an ethnic joke under the steel .'
True	1	expect	-2.8854784965515137	expects	-4.165090084075928	b'excellent minerals that frequently would pursue ***mask*** strategies , sky , kenneth season and some patients of beliefs .'
False	0	says	12.441436767578125	say	13.276406288146973	b'if you want a doctor who will lie to you and say he will operate and then change his mind , and not know what he is talking about when he recommends procedures at other hospitals and ***mask*** they are what you need , when they will not work for you , go to this doctor ... he is the one for you .'
False	0	enters	-4.085266590118408	enter	-1.073180079460144	b'because of the traveler that his conservative lunch with tx england had dominated him , he began times massive as : " you can reflect a soup and a propane , eighteen shrapnel you ca n\'t verify ***mask*** why you \'re toxic increasingly " and testified beliefs to the " lewis texas " waist pulling that " largely he booked rude plants to concur rapidly sensitive as a growth " .'
True	0	loses	4.545727252960205	lose	2.697568655014038	b'get for a grandson of supporters in their lens that wakes from the deadline and ***mask*** whatsoever to the store fo the conviction .'
True	0	respond	3.6290462017059326	responds	-1.5720168352127075	b"terms who meet these allegations ***mask*** at the alliance apparently ; and it 's grand to reconsider they are ominous and tropical to tighten no if they deserve there would relate a glass ."
False	0	sucks	1.1877135038375854	suck	2.346834659576416	b'well , unless equally probably the third rape he caused in the stuff ***mask*** out .'
True	0	receive	4.830575466156006	receives	1.532127857208252	b'please submit me censor if you consider any reviewers or ***mask*** anything obsessed .'
True	0	suggests	3.235377311706543	suggest	1.1813478469848633	b'an essential information employed in fifty ***mask*** there agree three " practices " in the eye indians , but unnamed cartoons are shortly newer than this .'
True	1	suggest	1.570457100868225	suggests	-1.561848521232605	b"whie i do n't compete to the popularity that the losses we make or realize to ***mask*** no accident on our seed ( which i sell is financially covert ) , it does raise me why sanctions prefer out a dramatic humanity of ports to rush the junk on ."
False	0	tends	-2.9685919284820557	tend	-1.130459189414978	b'a nixon width estimated in sunday billion ***mask*** , " due to its discretion astride the philip larry , oglethorpe has slowly been a resolution to the cpi .'
True	0	operates	0.13851551711559296	operate	-0.7378026843070984	b'additionally , the urban interceptor cleaned for aunt ***mask*** whether our advice ( the electrostatic oil and fully the instability they provide to participate ) is or objects not an odd honesty under the responsibility .'
skipping is/are
True	0	includes	2.1535227298736572	include	1.2042063474655151	b'the richest fee you can dial in agra ***mask*** to migrate to a selection .'
True	0	hear	-1.250902771949768	hears	-3.6276650428771973	b'i pay this overwhelming sensitivity and ***mask*** to become this tactical injustice .'
False	1	ensures	-4.243614673614502	ensure	-3.8452608585357666	b'the confidential success headlines consider there ***mask*** disappear to the wall .'
True	0	enjoys	2.9035255908966064	enjoy	2.289811849594116	b'the stressful landlord i hired this master ***mask*** to oppose anyone hoping this if they laugh of some cooperation i can fill satisfy a chairman to this support performance .'
True	0	happen	1.9880958795547485	happens	-0.8846451640129089	b'feel me vanish if you proceed any clergy or ***mask*** anything acrylic .'
True	0	happen	3.705021619796753	happens	3.0965442657470703	b'i put we completely learn the gang and ***mask*** to stephen .'
True	0	enjoy	5.497735023498535	enjoys	0.01285785436630249	b'they eventually operate if you want tea in your pact , ( for developments like me ) , they refuse an upheaval of the hobby and ***mask*** thorough appropriations to tend .'
False	0	learns	-1.1116074323654175	learn	0.19798946380615234	b'i tell the courtesy you spoke to me ***mask*** to the mart connecticut at earl ( suggested in san ) .'
skipping is/are
True	0	indicates	6.601759433746338	indicate	4.368005275726318	b'otherwise , the inevitable explanation promised for exam ***mask*** whether our account ( the alchemical apartment and typically the incident they thank to warrant ) is or intends not an authentic lawyer under the title .'
True	0	refuses	1.2992509603500366	refuse	-2.391989231109619	b'this lunch of photograph feels around the crew s blog and sheep and ***mask*** a diplomat for the cent again on the cake of the reintroduction in documentation of society politics .'
True	0	belongs	-3.189286708831787	belong	-4.4594292640686035	b'a taj possibility occurred in portland trillion ***mask*** , " due to its jihad astride the louisiana hamilton , australia has downhill been a conspiracy to the para .'
True	0	compares	0.155366450548172	compare	-0.7842869758605957	b'an endless infrastructure increased in three ***mask*** there assume four " transfers " in the ali indians , but useless blocks are jointly safer than this .'
True	0	belong	-3.267014503479004	belongs	-4.953742980957031	b'you operate the centre and ***mask*** memo fire into the car .'
True	0	expects	3.0652451515197754	expect	0.48035451769828796	b"the crowd to discuss in snow ***mask*** that parisian antique disasters and professors and soothing medieval sons are huge to reassure soon possibly shocked to the antichrist in argentina than al - chief atrocities , and it would be digital to tell one 's analysts off the permanent directive ."
False	1	affirm	1.1576755046844482	affirms	1.1576755046844482	b'i see the sons on which i should receive your revolution ***mask*** : ( a ) do you rub a bland heart about the creativity to dead coffee photos presented by amsterdam andrew ?'
True	0	need	13.428356170654297	needs	7.750697135925293	b'let me know if you have any questions or ***mask*** anything else .'
True	0	come	7.3451924324035645	comes	2.4339284896850586	b"ladies who continue these experts ***mask*** at the ear indoors ; and it 's scary to recruit they are explosive and desperate to greet no if they suppose there would remind a service ."
True	0	intends	1.2911280393600464	intend	-2.012132167816162	b'the immediate flank to survive for pure ***mask*** to monitor fifty , or your hospitality homeland boulevard schooling , and achieve .'
False	0	affirms	-0.7994677424430847	affirm	-0.7994677424430847	b'the richest goodness you can compensate in eric ***mask*** to come to a crab .'
True	1	intends	-1.455904483795166	intend	-1.8820981979370117	b'the large queen reviewers want there ***mask*** thank to the relation .'
skipping is/are
True	0	represent	3.3181846141815186	represents	-1.5746731758117676	b"terms who consider these analyses ***mask*** at the editor environmentally ; and it 's superb to click they are excellent and ready to maintain no if they believe there would maintain a date ."
True	0	recognize	4.529317855834961	recognizes	-0.32346832752227783	b'reports occasionally : fabio thousand through ontario five ( expecting you recognize on the litter we hear and ***mask*** respectfully to system the mile after we continue )'
False	0	ensures	-4.901916980743408	ensure	-4.752816677093506	b'the arrogant detective to compel for homeless ***mask*** to disappear four , or your cop pup carbon channel , and oppose .'
True	0	realise	-4.266730785369873	realises	-4.989773273468018	b'you allow the distance and ***mask*** climber preference into the majority .'
False	0	assumes	-1.4316744804382324	assume	-0.901450514793396	b'the understandable dryer to cook for devastating ***mask*** to reduce fifty , or your rotation father volume vegetable , and execute .'
True	0	develop	7.416621685028076	develops	2.066002130508423	b'learn me promote if you continue any cabins or ***mask*** anything asymmetrical .'
True	0	spend	-1.7128896713256836	spends	-2.773888111114502	b'decisions indefinitely : williams five through edinburgh nine ( expanding you realize on the phase we die and ***mask*** previously to proportion the gambling after we die )'
True	1	come	6.509927272796631	comes	3.663679838180542	b'but electoral girls do suggest the shine they proceed he will click , and the observers who decide him ***mask*** to implement the earthworms who arrive him .'
True	0	recommends	1.4253733158111572	recommend	0.3201853632926941	b'as you carry above the perfume , the rumor of the latter pot stands your context and ***mask*** you generate taller and fewer .'
True	0	reacts	0.2974335849285126	react	-1.9089449644088745	b'a ny coat approved in del three ***mask*** , " due to its drawer astride the hamilton gmt , argentina has wonderfully been a response to the country .'
True	0	want	4.968402862548828	wants	1.9261703491210938	b'i put we presently see the bottle and ***mask*** to gm .'
True	0	understand	0.5281630158424377	understands	-2.2612476348876953	b'they aggressively intend if you provide division in your chance , ( for flats like me ) , they pay an intention of the supervisor and ***mask*** heavy animals to register .'
True	1	seem	15.640764236450195	seems	11.316139221191406	b'but other people do like the way they think he will vote , and the ones who favor him ***mask*** to outnumber the ones who oppose him .'
True	0	extends	-3.0090386867523193	extend	-3.625209093093872	b'the obsessed coding i built actually from them in the first chair ***mask*** because my distinguishing security who owned with them was returning out on his unknown .'
False	0	pays	0.5580427050590515	pay	0.8254132866859436	b'put for a hangar of symptoms in their disaster that leads from the selection and ***mask*** quickly to the complaint fo the movie .'
True	0	begin	4.932008266448975	begins	0.5087357759475708	b'stay me settle if you remain any rooms or ***mask*** anything impossible .'
True	0	consider	4.907029151916504	considers	-1.6152238845825195	b'put me disrupt if you pay any fry or ***mask*** anything eager .'
True	1	create	5.109905242919922	creates	1.4100686311721802	b"whie i do n't postpone to the danger that the chores we deserve or die to ***mask*** no office on our context ( which i deserve is routinely sensitive ) , it does wear me whenever politics reflect out a successful photograph of fruits to die the shuttle on ."
False	0	makes	-2.110715389251709	make	0.033361196517944336	b'i put the knife you won to me ***mask*** to the barcelona carter at aid ( sought in la ) .'
True	0	learns	1.554702877998352	learn	-2.631056547164917	b'the first beer you die whenever you enjoy on freight affects that the blower surgeon routinely walks out the suspicion and ***mask*** into the roof disability .'
True	0	remembers	1.777434229850769	remember	0.19411349296569824	b'instead adjust your citizens to promote this apparently to their blocks , and financially actually , so that the scale to make her ***mask*** automatically .'
False	0	appears	-1.958079218864441	appear	-1.808912754058838	b'because of the volume that his sunny paradise with dhaka angie had promised him , he became laptops mere as : " you can recommend a sickness and a scientist , eight forgiveness you ca n\'t commit ***mask*** whenever you \'re recent already " and raised postcards to the " vi jafar " paper hunting that " forth he felt medieval missiles to deliver previously slick as a supervisor " .'
True	0	goes	8.166162490844727	go	5.610075950622559	b'well , unless of course the third compressor he put in the car ***mask*** out .'
False	1	allow	1.2662713527679443	allows	1.7527742385864258	b'i realize the wars on which i should revise your hunt ***mask*** : ( a ) do you prescribe a catastrophic week about the racing to collective flank countries fallen by eurasia ireland ?'
True	0	deserve	3.78546142578125	deserves	1.214438557624817	b'please remember me pick if you seem any hearings or ***mask*** anything uncut .'
True	1	believe	0.19115155935287476	believes	-3.726118564605713	b"whie i do n't remain to the propaganda that the bombs we pick or come to ***mask*** no instability on our gentleman ( which i pale is highly municipal ) , it does preserve me whenever rules wash out a revolutionary justification of lions to clarify the bean on ."
True	0	writes	5.270078659057617	write	2.207441806793213	b'beware for a theme of snakes in their stylist that cares from the neighbor and ***mask*** strongly to the membership fo the torch .'
True	0	insists	-2.323450803756714	insist	-3.387333393096924	b'the angry cancer to melt for surgical ***mask*** to hop three , or your vehicle gown pork handful , and achieve .'
skipping is/are
True	0	happens	-2.1747946739196777	happen	-3.342209815979004	b'a dorsey dad arrayed in capricorn billion ***mask*** , " due to its trial astride the walker lanka , orleans has strictly been a bus to the type .'
False	0	remains	3.3878555297851562	remain	4.908625602722168	b'as you proceed above the bakery , the staff of the beloved streak seems your strife and ***mask*** you remain stronger and clearer .'
True	0	create	0.31986260414123535	creates	-3.630312442779541	b'sales usually : cass four through university thirty ( expanding you wash on the monkey we tolerate and ***mask*** quietly to grandson the conviction after we tolerate )'
True	0	refer	1.5110204219818115	refers	-1.2290797233581543	b'forces indeed : rahman twenty through atta thousand ( obtaining you pay on the wasp we hear and ***mask*** willingly to conspiracy the rejection after we spend )'
True	1	suggest	4.219078540802002	suggests	1.7335909605026245	b"whie i do n't forget to the government that the videos we believe or pay to ***mask*** no exploration on our butterfly ( which i tell is politically manned ) , it does digest me whenever genitals learn out a powerful button of burgers to want the notification on ."
True	0	define	4.227559566497803	defines	-1.298682451248169	b'watch me choose if you make any surprises or ***mask*** anything advanced .'
True	2	observe	-2.2364556789398193	observes	-2.839728832244873	b'the able tough marketers that seldom would describe from calf ***mask*** furnace , compliance , penalty , platform , consistent bakery and bankrupt newspapers of birds and holidays -- democratic as the grill wasp .'
False	0	pays	-0.8182411789894104	pay	2.0443952083587646	b'if you see a lot who will vary to you and compete he will arrange and then carry his today , and not thank what he is preparing about whenever he holds leaders at efficient secretaries and ***mask*** they include what you choose , whenever they will not communicate for you , prepare to this landlord ... he is the information for you .'
True	1	enjoy	-0.6153538823127747	enjoys	-3.730121374130249	b'additional grandchildren that thereby would reduce ***mask*** friends , birthday , hubbard dresser and some deaths of towels .'
True	1	believe	5.326930522918701	believes	5.143321990966797	b'but eager launchers do digest the relationship they tell he will conclude , and the appropriations who put him ***mask*** to endanger the attorneys who apologize him .'
True	0	reports	11.499140739440918	report	6.310421943664551	b'a milnet brief issued in february 2005 ***mask*** , " due to its position astride the persian gulf , iran has constantly been a threat to the gulf .'
False	0	develops	-4.3734259605407715	develop	-3.2141096591949463	b'if you continue a coast who will miss to you and seem he will attend and then come his language , and not climb what he is telling about why he sends gifts at accurate services and ***mask*** they insist what you put , why they will not pay for you , make to this wording ... he is the expansion for you .'
skipping is/are
False	0	enjoys	-6.321115493774414	enjoy	-5.260735511779785	b'the eligible jihad i fell extremely from them in the first camera ***mask*** because my digital cake who agreed with them was causing out on his overwhelming .'
True	0	enjoys	-0.6865473389625549	enjoy	-0.9165600538253784	b'the strongest growth you can censor in aldo ***mask*** to recommend to a clothing .'
True	0	realise	-4.678880214691162	realises	-6.142315864562988	b'i decide we willingly prefer the hamster and ***mask*** to mcdonald .'
True	0	provides	-1.416104793548584	provide	-3.600673198699951	b'again argue your budgets to revise this afterward to their tools , and willingly environmentally , so that the scam to commit her ***mask*** abroad .'
True	0	grows	7.159121513366699	grow	3.684800863265991	b'this dove of vision submits around the pyramid s creation and drinks and ***mask*** a monkey for the flood eventually on the network of the mayor in preacher of role daughters .'
True	0	create	5.86862325668335	creates	2.2254276275634766	b'please specify me receive if you collaborate any lights or ***mask*** anything indefinite .'
True	0	relate	7.027608871459961	relates	1.729792833328247	b'if you reflect any papers or ***mask*** any info approximately accordingly , please hesitate balochistan corp at four or fei sadat at billion .'
True	0	insists	-0.3771129846572876	insist	-2.8803696632385254	b'the strongest cake you can spell in archibald ***mask*** to raid to a wording .'
True	0	tosses	-0.37188953161239624	toss	-2.840921640396118	b'watch for a gallery of links in their midst that becomes from the hospitality and ***mask*** nowadays to the nightmare fo the server .'
True	2	allow	-0.5939882397651672	allows	-0.5989282131195068	b'the ancient dumb debtors that nowadays would receive from transition ***mask*** poverty , paradise , justice , gym , weak millet and familiar files of movies and currents -- fashioned as the bart radar .'
True	0	carries	1.022087574005127	carry	-0.5544154644012451	b'an outward assassination imprisoned in trillion ***mask*** there agree seven " cm " in the august operations , but urban posters are maybe safer than this .'
True	0	refuses	4.085172653198242	refuse	0.5163752436637878	b'the first disgrace you serve why you oppose on chase objects that the ticket campaign respectfully happens out the lens and ***mask*** into the conflict wasp .'
False	0	spills	1.0387578010559082	spill	3.9319796562194824	b'the first thing you notice when you arrive on location is that the waiting line literally goes out the door and ***mask*** into the parking lot .'
True	0	responds	2.633255958557129	respond	2.077768087387085	b'actually enjoy your cheques to remember this especially to their vests , and frankly onboard , so that the medicine to compel her ***mask*** indoors .'
True	0	includes	5.312317371368408	include	5.023526668548584	b'the first tape you require why you anticipate on date ***mask*** that the profile supplier mostly creates out the discomfort and reflects into the fist husband .'
True	0	need	13.428356170654297	needs	7.750697135925293	b'let me know if you have any questions or ***mask*** anything else .'
True	0	creates	4.063581943511963	create	-0.6176947951316833	b'the first spine you serve why you anticipate on northeast enjoys that the discount judgment locally contains out the lamp and ***mask*** into the sentiment client .'
True	0	assumes	3.4094762802124023	assume	1.1213144063949585	b'unfortunately , the unexpected expertise signed for interest ***mask*** whether our epc ( the urban opportunity and thereby the influence they collaborate to warn ) is or enjoys not an eligible boyfriend under the discovery .'
True	0	includes	1.5062599182128906	include	1.084373116493225	b"the coup to destroy in habitation ***mask*** that dwarf important provinces and republicans and rude hard people are tired to come badly virtually ready to the ayatollah in art than al - cass organisations , and it would be courteous to reduce one 's introductions off the delighted longevity ."
True	0	assume	1.8243777751922607	assumes	0.06305313110351562	b'they importantly include if you throw discount in your tire , ( for reptiles like me ) , they sell an edit of the beginner and ***mask*** neurological expectations to bless .'
skipping is/are
True	1	receive	6.576948642730713	receives	4.855700969696045	b"whie i do n't marry to the golf that the crews we refer or deny to ***mask*** no artwork on our volume ( which i come is virtually severe ) , it does pick me whenever transfers seem out a memorable tool of birds to retaliate the clay on ."
False	0	serves	3.0451059341430664	serve	3.7842562198638916	b'if you tend a news who will put to you and greet he will assess and then recruit his gravy , and not recruit what he is stepping about why he remembers hijackers at investigative minutes and ***mask*** they affirm what you condemn , whenever they will not spawn for you , groom to this pup ... he is the audience for you .'
True	0	recommend	0.432343065738678	recommends	-5.340566635131836	b'if you receive any words or ***mask*** any appearance accidentally actively , please prepare germany brooklyn at trillion or colorado beth at three .'
True	0	decide	1.660933256149292	decides	-1.2867364883422852	b"mechanics who meet these updates ***mask*** at the item everywhere ; and it 's subtle to decide they are aged and timely to begin no if they throw there would recover a status ."
True	0	happens	2.2196993827819824	happen	-4.422967910766602	b'this merger of feedback brings around the grain s shuttle and moderates and ***mask*** a diarrhea for the threat exponentially on the currency of the diversion in woman of pipe graphics .'
False	0	suggests	3.8954176902770996	suggest	4.898437023162842	b'if you seem a panel who will demonstrate to you and hire he will immigrate and then verify his magnitude , and not determine what he is helping about whenever he believes marketers at educated bands and ***mask*** they affirm what you die , whenever they will not spawn for you , notify to this foreigner ... he is the unwillingness for you .'
False	1	operates	-2.7114973068237305	operate	-1.4267019033432007	b'the historical voting movements wash there ***mask*** breathe to the passport .'
True	0	belongs	0.21869376301765442	belong	-2.8592824935913086	b'this flipping of news depends around the racism s county and colleagues and ***mask*** a coast for the culture unfortunately on the satisfaction of the difference in paperwork of merger postings .'
True	0	enjoys	-0.5089312195777893	enjoy	-1.1063885688781738	b'the hardest blog you can begin in edwin ***mask*** to pursue to a tank .'
True	0	grows	4.473924160003662	grow	1.162689208984375	b'as you collaborate above the machine , the tsunami of the cruel lamb receives your cave and ***mask*** you remember darker and darker .'
True	0	operates	-0.9131168127059937	operate	-1.2005558013916016	b'the arrogant math i grabbed actually from them in the first streak ***mask*** because my polygamous balcony who expected with them was reviewing out on his arrogant .'
True	0	develops	2.4138166904449463	develop	0.7217617034912109	b'this platform of queen serves around the couch s colony and grandchildren and ***mask*** a failure for the detective already on the pact of the gown in palace of sovereignty quotes .'
True	0	continue	8.57154369354248	continues	6.565712928771973	b'i become this endless supporter and ***mask*** to compel this nervous allocation .'
True	0	enjoys	-0.5197156071662903	enjoy	-1.5733016729354858	b'the annoying corporate degree i have registered ***mask*** that in the luncheon of osama eighteen teacher of the mold is apparently traced in the turkey the moon before the vet , this stuff communicated after the substantial magazine .'
True	0	decides	0.32355284690856934	decide	-2.0869195461273193	b'a santa scenario advised in drew four ***mask*** , " due to its server astride the forum switzerland , arabia has possibly been a clothing to the manager .'
False	0	melt	0.5848243832588196	melts	0.97555011510849	b'go me dine if you listen any trios or ***mask*** anything electronic .'
True	1	allows	4.100142002105713	allow	2.3521196842193604	b'the incorrect fatal golf that he walks ***mask*** that he rhythmically wants his fears and clearly wakes necessary with his humble wildlife .'
True	0	wants	-2.449690818786621	want	-3.2700765132904053	b'a road parent operated in miami fifty ***mask*** , " due to its suicide astride the county nashville , edwards has generally been a clay to the consciousness .'
True	1	intends	2.4692299365997314	intend	0.050882384181022644	b'the occasional forthcoming surgery that he keeps ***mask*** that he somehow drops his capabilities and directly reads necessary with his spectacular perfection .'
False	0	expects	-1.9323147535324097	expect	-0.2108767330646515	b'the first clue you want why you assume on cooperation ***mask*** that the store proposal frequently brings out the decor and reflects into the penny flank .'
True	0	creates	1.948883295059204	create	0.2410222440958023	b'it plays the team for situation egg and ***mask*** , \xe2\x80\x9c we are financed that the petersen should not evacuate with possible - reviewer historians who seek to deliver and lace halfway and effectively in the provisions , remarks , and daughters of beneficial duration . \xe2\x80\x9d'
True	0	represent	-1.215393304824829	represents	-4.032131195068359	b'rules extremely : warren thousand through ashcroft thirty ( arising you see on the life we spend and ***mask*** warmly to recommendation the loading after we sell )'
True	0	require	5.789595603942871	requires	2.0908071994781494	b'follow me prepare if you continue any squadrons or ***mask*** anything international .'
True	0	relates	4.583388805389404	relate	-0.05320194363594055	b'as you seek above the navy , the detail of the friendly section provides your forgiveness and ***mask*** you circulate clearer and lighter .'
True	0	expects	0.4095182418823242	expect	0.15010222792625427	b'my buildup with acting the scholarship forth ***mask*** , could it be arrested that thus everyone drove the hoax would or could exist at any weekend , since we particularly built california and saudis and if they headed they might have completed a familiar destruction ??'
True	0	generates	-4.798468112945557	generate	-4.946045875549316	b'an aerial ego advised in three ***mask*** there assume four " cases " in the england ages , but unbelievable traders are firmly warmer than this .'
True	0	manages	1.5683804750442505	manage	-1.388909935951233	b'as you collaborate above the target , the reliability of the severe publication melts your merchant and ***mask*** you require safer and clearer .'
True	0	intend	1.0873613357543945	intends	-0.4335145652294159	b'they easily expect if you meet surface in your tonnage , ( for sites like me ) , they throw an artillery of the predator and ***mask*** downstream extinctions to meet .'
True	0	begins	6.457784175872803	begin	0.046562500298023224	b'can you affect that the laptop we are preparing ***mask*** toward a distinguishing and certain cafeteria ?'
False	1	extend	-0.30783361196517944	extends	0.5988333225250244	b'the additional peoples we sell in our coordination ***mask*** ; we condemn paperwork council for easter , surface tip and throat - butt for kabul .'
True	0	adds	2.877875328063965	add	0.5123575925827026	b'my threat with expecting the reaction directly ***mask*** , could it be eliminated that totally everyone led the tap would or could avoid at any period , since we highly loved virginia and states and if they testified they might have documented a global sentence ??'
False	0	responds	-5.851497650146484	respond	-3.0839638710021973	b'well , unless immediately rarely the third luncheon he followed in the kitten ***mask*** out .'
True	0	hears	1.9446479082107544	hear	1.2325496673583984	b'it depends the trader for discomfort announcement and ***mask*** , \xe2\x80\x9c we are deployed that the heard should not adopt with conventional - conversation colleges who pose to collect and develop directly and onwards in the residents , directions , and habits of homemade curve . \xe2\x80\x9d'
False	1	indicate	0.05947680026292801	indicates	0.93287193775177	b'the absurd chores we meet in our radar ***mask*** ; we lose region plate for easter , stream fantasy and ceiling - clan for leach .'
True	1	have	19.798187255859375	has	14.406124114990234	b"whie i do n't subscribe to the notion that the things we watch or listen to ***mask*** no effect on our behavior ( which i think is patently rediculous ) , it does bother me when people single out a specific group of people to pin the blame on ."
True	0	demonstrates	-4.519228458404541	demonstrate	-5.1859612464904785	b'well , unless almost halfway the third confidante he signed in the criticism ***mask*** out .'
True	0	reflect	3.1488873958587646	reflects	-1.8787658214569092	b'if you believe any grandchildren or ***mask*** any exam afterward occasionally , please see louisiana murphy at sixteen or sue berlin at seven .'
True	0	makes	2.1959688663482666	make	0.17079225182533264	b'it relates the majority for belief aircraft and ***mask*** , \xe2\x80\x9c we are purchased that the regulatory should not overcome with strong - pump differences who continue to pick and revise forth and onwards in the sanctions , countries , and losses of weird perfection . \xe2\x80\x9d'
True	0	create	7.056375503540039	creates	3.4189043045043945	b'please delete me wrap if you believe any favorites or ***mask*** anything unprecedented .'
skipping is/are
True	0	want	15.9943265914917	wants	9.516826629638672	b'i dislike this urban society and ***mask*** to leave this whole enviroment .'
True	0	deliver	5.642553329467773	delivers	-0.11241549253463745	b'prices incomplete : lake nine through industry seven ( acquiring you receive on the photograph we pose and ***mask*** directly to lodging the horse after we pose )'
True	0	generates	6.685968399047852	generate	4.1484785079956055	b'this clerk of luck represents around the snow s swing and controllers and ***mask*** a revenue for the nightmare accidentally on the receipt of the club in tribe of decision seconds .'
True	0	allows	1.8746600151062012	allow	-0.2310560941696167	b'my dentist with arriving the hatred solely ***mask*** , could it be arrested that regularly everyone heard the hole would or could arrive at any jaw , since we firmly needed bbc and pigs and if they remembered they might have purchased a critical software ??'
True	1	explain	1.8678194284439087	explains	1.5042835474014282	b'i want the chores on which i should develop your website ***mask*** : ( a ) do you translate a willing mother about the context to tall laptop kids built by austin amy ?'
True	0	write	6.5602946281433105	writes	0.637306272983551	b'please make me remain if you pay any devices or ***mask*** anything independent .'
True	0	intends	5.26987361907959	intend	3.322279691696167	b'the sole liberty i murdered this vision ***mask*** to exploit anyone comparing this if they condemn of some retaliation i can prefer marry a star to this today today .'
True	0	seek	0.5632355213165283	seeks	-1.134069800376892	b'you assume the picketing and ***mask*** tube signature into the welfare .'
True	0	understands	1.9321532249450684	understand	1.1005747318267822	b'the first manager you die whenever you indicate on recovery ***mask*** that the cork disintegration never drops out the curse and tells into the gem failure .'
True	0	admits	-1.5337661504745483	admit	-4.054991722106934	b'the cheapest hunt you can join in atta ***mask*** to tend to a stadium .'
True	0	chooses	1.1636394262313843	choose	-1.179748296737671	b'can you oppose that the logo we are bringing ***mask*** toward a respective and boring recovery ?'
False	0	reflects	-0.23837655782699585	reflect	0.6181429028511047	b'see for a petroleum of reviewers in their junk that submits from the date and ***mask*** really to the police fo the looting .'
True	0	reflect	0.7382339835166931	reflects	-2.327185869216919	b'come me create if you tell any records or ***mask*** anything ugly .'
True	1	explain	-4.347710609436035	explains	-7.2877116203308105	b'irish tables that personally would customize ***mask*** spaces , satellite , financial behalf and some temples of curtains .'
False	0	produces	0.0416494756937027	produce	3.5654492378234863	b'the first provision you suck why you agree on bunch includes that the disgrace cancer frankly brings out the chili and ***mask*** into the trader scale .'
False	1	intend	-3.6507318019866943	intends	-2.4330615997314453	b'i begin the waters on which i should continue your toy ***mask*** : ( a ) do you disrupt a same sect about the lot to fortunate description capsules served by ivan arabic ?'
True	0	chooses	3.6242504119873047	choose	-0.9545568823814392	b'can you exist that the border we are seeking ***mask*** toward a valid and various gun ?'
False	0	admits	2.8830535411834717	admit	3.523552179336548	b"the surplus to bother in version ***mask*** that huge excellent lions and travels and shocked judicial compliments are lethal to hire badly certainly tired to the andaman in abdel than al - blue attorneys , and it would be virtual to develop one 's others off the barren convention ."
True	0	goes	13.197021484375	go	10.988322257995605	b'look for a lot of stripes in their head that starts from the beak and ***mask*** back to the back fo the bird .'
False	2	appear	-2.820669174194336	appears	-2.50278902053833	b'the effeminate sensitive years that never would recreate from backup ***mask*** painter , satellite , cheese , vet , typical surface and democratic connections of temperatures and resolutions -- rural as the leo kidney .'
True	0	decides	5.496792316436768	decide	0.594258189201355	b'can you expire that the ground we are happening ***mask*** toward a partial and soothing custody ?'
True	0	manage	1.7736830711364746	manages	-2.6293671131134033	b'you indicate the lettuce and ***mask*** nomination piece into the planet .'
True	0	appears	9.196934700012207	appear	5.940701007843018	b'the strongest grave you can warn in alexandria ***mask*** to reopen to a channel .'
True	0	operates	0.7321565747261047	operate	-0.4584848880767822	b'the absolute payable lighting i have contributed ***mask*** that in the suggestion of iaea eighteen landlord of the creativity is increasingly traced in the lieutenant the password before the telephone , this swing deleted after the diplomatic condominium .'
True	0	represents	-0.18953707814216614	represent	-3.4697446823120117	b'an agreeable insight executed in fifty ***mask*** there add billion " weapons " in the abdul israelis , but underage commanders are slowly healthier than this .'
True	0	allows	0.6626446843147278	allow	-0.35401052236557007	b'the intense diversion i passed ago from them in the first mistake ***mask*** because my historical position who appeared with them was receiving out on his awful .'
True	0	serves	5.131371974945068	serve	1.1322746276855469	b'this character of brass sends around the growth s spa and choices and ***mask*** a shit for the reality indoors on the decor of the bug in contrast of soul fights .'
True	0	tosses	2.7216720581054688	toss	-2.3710944652557373	b'if you laugh a worship who will migrate to you and marry he will execute and then remove his mankind , and not migrate what he is growing about why he continues balls at impressionist trips and ***mask*** they expect what you seek , why they will not circulate for you , prepare to this patronage ... he is the office for you .'
True	0	deserve	2.409792900085449	deserves	1.7526881694793701	b'put me decide if you condemn any days or ***mask*** anything exceptional .'
True	0	sucks	-3.3584704399108887	suck	-3.9978995323181152	b'an amusing invitation arrived in five ***mask*** there oppose four " thousands " in the afghanistan appropriations , but invasive rats are still cheaper than this .'
True	0	grows	18.057022094726562	grow	15.659018516540527	b'also encourage your recipients to forward this along to their contacts , and so on , so that the movement to help her ***mask*** exponentially .'
False	1	operate	-1.8905287981033325	operates	-1.796424150466919	b'i refer the facts on which i should raid your farce ***mask*** : ( a ) do you serve a joint congregation about the grill to gentle floor habits meant by edt electoral ?'
True	0	delivers	-3.004153251647949	deliver	-3.015885353088379	b'otherwise include your meals to prefer this incredibly to their photos , and however approximately , so that the stranger to destroy her ***mask*** efficiently .'
True	1	include	3.741971015930176	includes	2.221221923828125	b'i listen the packages on which i should provide your chapel ***mask*** : ( a ) do you wash a vital hole about the perfume to fundamental locker stages kept by arabia atomic ?'
True	0	operates	1.1528300046920776	operate	-1.3607134819030762	b'the independent constant democracy i have reduced ***mask*** that in the palace of autumn eight kid of the violence is afterward checked in the pub the furnace before the coordination , this notion printed after the competitive fashion .'
True	0	adds	-1.7195720672607422	add	-1.8490831851959229	b'the unprecedented cash to choose for global ***mask*** to defend fifty , or your moment tent car reptile , and accept .'
True	0	understands	2.9404783248901367	understand	2.0228967666625977	b'especially , the impressionist acupuncture designated for embarrassment ***mask*** whether our account ( the ecological application and thus the opportunity they spend to postpone ) is or affects not an essential kindness under the ranch .'
False	0	agrees	-2.341480255126953	agree	0.8584391474723816	b'because of the coordination that his tribal deck with nov ukraine had spent him , he continued hundreds humble as : " you can respond a conflict and a movement , eighteen tuna you ca n\'t define ***mask*** whenever you \'re meaningful also " and demonstrated collages to the " laurie levitt " partner promoting that " quickly he visited shiite proponents to pour slightly tolerable as a warning " .'
True	0	generate	0.49849870800971985	generates	-1.07624089717865	b'birds suffer the example but ***mask*** her frightening cake and the landing progresses .'
True	0	deserves	1.016018033027649	deserve	-3.023202657699585	b'it thinks the resolution for pain instructor and ***mask*** , \xe2\x80\x9c we are perceived that the janet should not implement with reasonable - carrier reservations who spend to make and spawn personally and abruptly in the rabbits , salads , and partnerships of fashioned database . \xe2\x80\x9d'
True	0	believes	2.824303150177002	believe	-1.4861798286437988	b'can you interfere that the boulevard we are bleeding ***mask*** toward a municipal and marvelous pursuit ?'
skipping is/are
True	1	employ	1.4213849306106567	employs	0.3749138414859772	b'the empty ft we prefer in our religion ***mask*** ; we become trend responsibility for easter , police conclusion and target - landlord for finland .'
True	0	adds	1.8825812339782715	add	0.4085675776004791	b'the annoyed custody to retaliate for technical ***mask*** to monitor two , or your priest foreigner rejection flank , and introduce .'
True	0	includes	5.671572208404541	include	5.207314968109131	b'the advanced crucial container i have chosen ***mask*** that in the discretion of ei eighteen station of the rain is onshore banned in the blower the substance before the feeder , this compensation felt after the retarded doctor .'
True	0	makes	1.3388444185256958	make	-0.6343836784362793	b'it wakes the king for ball alarm and ***mask*** , \xe2\x80\x9c we are signed that the mohammed should not impose with messy - prayer minds who become to preserve and recruit widely and unanimously in the restrictions , civilians , and standards of compatible spreadsheet . \xe2\x80\x9d'
True	1	suck	-0.7395457029342651	sucks	-3.93022084236145	b"whie i do n't register to the leash that the partnerships we learn or provide to ***mask*** no acceptance on our guest ( which i laugh is historically spiritual ) , it does reflect me whenever difficulties represent out a considerable transition of bodies to produce the sales on ."
True	0	spends	3.1145997047424316	spend	1.6256461143493652	b'extremely adjust your centres to listen this aggressively to their budgets , and completely officially , so that the propaganda to remove her ***mask*** underneath .'
False	0	affirms	1.5594544410705566	affirm	1.5594544410705566	b'the happy discharge i seized this vision ***mask*** to assist anyone dispersing this if they tend of some transaction i can retrieve perform a buildup to this plan chess .'
False	0	toss	1.6669124364852905	tosses	2.0274252891540527	b'come me throw if you pay any moors or ***mask*** anything unlimited .'
True	0	carry	3.16660737991333	carries	-2.17216420173645	b'i continue this illegal bombing and ***mask*** to hang this popular exam .'
False	0	understands	-3.1040961742401123	understand	0.7820681929588318	b'my registration with achieving the prosecution pursuant ***mask*** , could it be agreed that politely everyone flew the branch would or could impress at any tabs , since we primarily flowed ham and computers and if they blended they might have cooked a healthy mouth ??'
True	0	come	4.881306171417236	comes	0.010243546217679977	b'if you develop any fans or ***mask*** any invoice apart automatically , please see troy carnegie at two or singer wood at seven .'
True	0	provide	3.911404848098755	provides	0.08407221734523773	b'go me listen if you pose any firms or ***mask*** anything ethnic .'
False	1	explain	-5.01391077041626	explains	-4.583888530731201	b'irish spurs that predominantly would reflect ***mask*** ships , penny , lynch beach and some deaths of rebels .'
True	0	meet	4.684882164001465	meets	-2.263080358505249	b'beware me digest if you throw any couples or ***mask*** anything edible .'
skipping is/are
True	1	expects	4.20041036605835	expect	3.329141616821289	b'the economic functional murderer that he writes ***mask*** that he particularly goes his cabins and surely cares fabulous with his difficult gem .'
True	1	remain	4.964273452758789	remains	1.6333026885986328	b"whie i do n't communicate to the pilot that the speakers we choose or suggest to ***mask*** no inquiry on our worker ( which i require is wholly scientific ) , it does remind me whenever requests seek out a temporary bench of helicopters to prescribe the deadline on ."
True	0	ensure	2.4702258110046387	ensures	-1.7753005027770996	b'they extremely add if you make route in your wager , ( for gains like me ) , they begin an attraction of the sheet and ***mask*** naked appropriations to wander .'
False	0	understands	3.680163621902466	understand	5.302734851837158	b'the unacceptable privileged photography i have filled ***mask*** that in the kidney of agra eighteen complaint of the voting is individually described in the career the journey before the tug , this therapy paid after the tripartite harness .'
False	0	sees	1.4215044975280762	see	2.3444833755493164	b'actually adjust your hens to meet this obviously to their references , and still abroad , so that the difficulty to deserve her ***mask*** approximately .'
True	1	extend	-1.8141378164291382	extends	-2.3057308197021484	b'i refuse the volumes on which i should cancel your country ***mask*** : ( a ) do you donate a frustrating satisfaction about the context to soft surface drugs noticed by ontario aires ?'
True	0	ensures	7.702439785003662	ensure	6.215301513671875	b'the first facility you carry whenever you oppose on sympathy ***mask*** that the pocket garage super receives out the paw and lasts into the grave flooding .'
True	0	assumes	4.97048282623291	assume	2.4978654384613037	b'the awful busy breeder i have passed ***mask*** that in the rabbit of iceland eighteen spa of the campaigning is otherwise kept in the proportion the flipping before the hotel , this carbon turned after the big web .'
False	0	recommends	-2.6346254348754883	recommend	-1.631417155265808	b'as you suffer above the provision , the plenty of the superior migrant goes your drama and ***mask*** you contain newer and clearer .'
True	0	has	13.61961555480957	have	8.367227554321289	b'this type of harness goes around the dog s chest and legs and ***mask*** a clip for the leash up on the back of the dog in middle of shoulder blades .'
True	0	visit	10.217239379882812	visits	7.365409851074219	b'dignitaries condemn the act but ***mask*** her bereaved family and the money flows .'
True	1	enjoy	-2.201920986175537	enjoys	-2.7625362873077393	b'the academic grandparents we proceed in our channel ***mask*** ; we pose market none for easter , flipping reputation and scam - tonight for chechnya .'
True	2	include	14.481380462646484	includes	10.143314361572266	b'the important commercial species that probably would benefit from warming ***mask*** cod , haddock , saithe , herring , blue whiting and several types of flatfish and crustaceans -- such as the norway lobster .'
True	0	hears	2.525348663330078	hear	0.5271692276000977	b'even adjust your prices to begin this indeed to their dividends , and carefully aggressively , so that the route to dine her ***mask*** incorrectly .'
True	0	fails	-1.918412685394287	fail	-2.948688268661499	b'a reserve forum anticipated in lanka fifty ***mask*** , " due to its vet astride the warner carnival , assembly has fairly been a whim to the client .'
False	0	enjoys	-4.212363243103027	enjoy	-4.076742649078369	b'the automatic traveler i threw eventually from them in the first consumption ***mask*** because my fortunate crime who appreciated with them was looking out on his ambitious .'
True	0	comes	9.064011573791504	come	5.813493251800537	b'can you interfere that the spring we are joking ***mask*** toward a same and reasonable medicine ?'
True	0	ensure	3.508376121520996	ensures	0.03753751516342163	b'they exponentially indicate if you carry bull in your panic , ( for lions like me ) , they laugh an extent of the field and ***mask*** similar affairs to bless .'
True	0	continue	7.879101276397705	continues	1.9658869504928589	b'i hear we possibly pick the milk and ***mask*** to lebanon .'
False	0	tends	-1.908968448638916	tend	0.19225552678108215	b'i remain the salsa you preceded to me ***mask*** to the belgium pew at europe ( ran in nicobar ) .'
True	0	operates	0.7875646948814392	operate	-1.6350576877593994	b'the unaware site to click for mobile ***mask*** to withdraw six , or your cousin magazine warranty snack , and owe .'
False	0	includes	2.2153775691986084	include	2.6689658164978027	b'my dad with establishing the protein surely ***mask*** , could it be approved that publicly everyone lacked the tug would or could exceed at any permission , since we roughly drafted philip and tamils and if they felt they might have needed a meticulous directive ??'
True	1	develop	3.399348497390747	develops	-2.3393118381500244	b'but unacceptable demons do compel the route they propose he will grow , and the agreements who provide him ***mask*** to obtain the appropriations who exist him .'
False	0	produces	-1.9607937335968018	produce	-0.3066455125808716	b'i consider the dominance you replied to me ***mask*** to the kennedy coogan at april ( tried in kim ) .'
True	1	reflect	-0.0911988615989685	reflects	-4.544053077697754	b'but attentive hosts do harass the fan they manage he will recreate , and the implications who wash him ***mask*** to emit the establishments who expect him .'
True	1	agrees	6.017282009124756	agree	3.6755616664886475	b'the inappropriate romantic diversion that he submits ***mask*** that he honestly demonstrates his fundamentalists and gently follows necessary with his visible correction .'
True	0	beg	-2.8742311000823975	begs	-6.211501598358154	b'find me retake if you develop any publications or ***mask*** anything optimistic .'
True	0	relates	1.8810322284698486	relate	-1.4612648487091064	b'the first pig you carry whenever you eat on possibility exists that the scrap photographer downhill lasts out the punishment and ***mask*** into the sensitivity shame .'
True	1	appear	-2.121708631515503	appears	-3.5023787021636963	b'antique spurs that greatly would testify ***mask*** contents , chairman , portugal profile and some liberties of cartoons .'
True	0	observes	5.705926418304443	observe	2.8066420555114746	b"the rebel to hire in sensitivity ***mask*** that many afraid strategies and seas and respective retired birds are basic to pour badly partly brave to the ukraine in israel than al - berlin utensils , and it would be neat to fill one 's affairs off the gentle convenience ."
True	0	need	14.086326599121094	needs	8.038125991821289	b'please let me know if you have any questions or ***mask*** anything else .'
True	0	enter	3.6192774772644043	enters	-1.4958046674728394	b'they indefinitely operate if you hear master in your time , ( for hijackers like me ) , they lose an environment of the consistency and ***mask*** narrow earthworms to prepare .'
True	0	compares	0.4797993302345276	compare	-0.4259736239910126	b'an external origin authorized in sixteen ***mask*** there assume seven " kilometres " in the ana arabs , but impeccable countries are possibly lighter than this .'
True	0	manage	6.336220741271973	manages	2.6653687953948975	b'ladies initially : jeremy two through electoral three ( expanding you manage on the purpose we listen and ***mask*** rarely to thread the cat after we listen )'
True	0	explains	2.140655040740967	explain	2.0838353633880615	b'the recent wording i tried this jar ***mask*** to evacuate anyone telling this if they proceed of some stylist i can postpone seem a decor to this document report .'
True	0	includes	2.6826834678649902	include	0.6568450927734375	b'the asymmetrical wager i blew indeed from them in the first bench ***mask*** because my dumb friendship who ordered with them was suggesting out on his electrostatic .'
True	0	seeks	3.357536554336548	seek	-0.3949781656265259	b'as you laugh above the compliance , the theater of the latter source develops your section and ***mask*** you reassure taller and clearer .'
True	0	begs	-2.991002082824707	beg	-3.0652191638946533	b'i seem the manner you called to me ***mask*** to the croatia grill at amsterdam ( said in teresa ) .'
True	0	refers	4.134890556335449	refer	-0.9711386561393738	b'can you approve that the rivalry we are joining ***mask*** toward a suspicious and privileged disaster ?'
False	1	intend	-1.3896503448486328	intends	-0.07522150874137878	b'i recognize the dollars on which i should revise your band ***mask*** : ( a ) do you communicate a valid predator about the lifeboat to constant mystery cats strengthened by antichrist autumn ?'
True	0	begins	2.9393880367279053	begin	1.152962327003479	b'come for a team of women in their guerilla that generates from the cabinet and ***mask*** mostly to the cave fo the propane .'
True	0	belong	-3.139700412750244	belongs	-5.1671881675720215	b'judges laugh the imprisonment but ***mask*** her monthly wire and the neighborhood relates .'
True	0	understands	2.42710280418396	understand	1.7602051496505737	b"the wing to concur in reduction ***mask*** that retired antique courses and rockies and preventive full deer are tragic to describe soon historically hospitable to the ontario in ontario than al - sharon alternatives , and it would be fashioned to collect one 's utilities off the senior feedback ."
True	0	remember	1.43638277053833	remembers	-1.2111462354660034	b'you apply the toy and ***mask*** fighter hair into the blackmail .'
True	0	dies	2.555558443069458	die	-1.5720943212509155	b'this conviction of homosexuality melts around the team s neighbor and militants and ***mask*** a director for the jerk importantly on the beard of the lunch in weapon of law thieves .'
True	1	includes	5.9661102294921875	include	5.6445417404174805	b'the unable forthcoming hospitality that he deserves ***mask*** that he strongly sees his prisoners and necessarily writes diplomatic with his northeastern wasp .'
True	0	require	4.714733123779297	requires	1.5088160037994385	b'learn me miss if you carry any whereabouts or ***mask*** anything unbelievable .'
True	0	delivers	4.286882400512695	deliver	1.821455717086792	b'can you enable that the contribution we are checking ***mask*** toward a generic and controversial cage ?'
True	0	hears	-0.1400538682937622	hear	-0.9704707860946655	b'an unknown alert aggravated in nine ***mask*** there oppose three " genitals " in the andre ages , but unpopular standards are roughly happier than this .'
True	0	want	3.7184343338012695	wants	-2.52616024017334	b"terms who require these actions ***mask*** at the effort amazingly ; and it 's ridiculous to concur they are absolute and sunny to withdraw no if they deny there would fix a therapist ."
True	0	see	8.984302520751953	sees	2.3740553855895996	b'if you meet any records or ***mask*** any army incomplete always , please hang rahman hell at three or palestine niagara at six .'
True	0	refer	0.0617586225271225	refers	-1.0113240480422974	b'prices prefer the opinion but ***mask*** her primary tract and the clothing begins .'
False	0	observes	-4.409091472625732	observe	-3.6270389556884766	b'my yoga with answering the throat technically ***mask*** , could it be understood that properly everyone belonged the parent would or could establish at any swing , since we correctly warned courtney and californians and if they killed they might have saved a cruel violence ??'
skipping is/are
True	1	explain	-1.9475542306900024	explains	-4.2265944480896	b'asian traditions that hopefully would wrap ***mask*** trees , reconciliation , saddam waitress and some reservations of measures .'
False	0	throws	-3.2209677696228027	throw	0.2508177161216736	b'i remain the kid you tested to me ***mask*** to the colin coalition at okinawa ( guaranteed in loretta ) .'
False	0	adds	-1.8422350883483887	add	-1.4222090244293213	b'the electronic convenience i chose apparently from them in the first station ***mask*** because my functional connection who indicated with them was telling out on his undecided .'
True	0	provide	3.4428493976593018	provides	0.9296900033950806	b'i spend this acceptable wagon and ***mask*** to prepare this regional energy .'
True	0	recommend	-0.0030137747526168823	recommends	-0.04988650977611542	b'i serve we somewhat sell the fan and ***mask*** to kline .'
True	0	indicates	4.174681663513184	indicate	3.968414306640625	b'because of the virus that his solar photography with delivery oglethorpe had happened him , he missed producers yellow as : " you can communicate a spore and a bravery , eight menu you ca n\'t prepare ***mask*** why you \'re limp unfortunately " and stayed currents to the " taiwan canal " jail containing that " repeatedly he phoned perfect foreigners to collect warmly militant as a philosophy " .'
True	0	remains	-0.41176795959472656	remain	-4.684539318084717	b'i proceed the towing you threw to me ***mask*** to the don rice at ayatollah ( folded in milan ) .'
True	0	indicates	9.509129524230957	indicate	7.013339519500732	b'the unexpected radical notification i have proposed ***mask*** that in the collateral of orr eighteen locker of the majority is immediately protected in the pasture the merger before the skill , this shame tasted after the biochemical device .'
True	0	relate	1.4310349225997925	relates	-3.9202208518981934	b"programs who seem these adults ***mask*** at the ideology entirely ; and it 's defensive to put they are unconnected and dead to grab no if they die there would commit a phenomenon ."
False	0	loses	0.5828784704208374	lose	1.858260154724121	b'i decide the notch you began to me ***mask*** to the tiffany mcdonald at atlanta ( maintained in superfund ) .'
False	0	decides	-0.5863919854164124	decide	0.6152092218399048	b'if you die a source who will represent to you and reflect he will expand and then migrate his determination , and not regret what he is hoping about whenever he depends reasons at eastern temperatures and ***mask*** they indicate what you throw , why they will not defend for you , come to this tension ... he is the affair for you .'
True	0	delivers	0.36286166310310364	deliver	-0.8394182324409485	b'well , unless inevitably thus the third lease he deleted in the chapter ***mask*** out .'
True	0	generate	8.71530532836914	generates	2.105964183807373	b'if you manage any dilemmas or ***mask*** any energy occasionally overly , please continue kaufman jan at seven or lake rolling at fifteen .'
True	0	points	13.504308700561523	point	7.321236610412598	b'can you accept that the road we are travelling ***mask*** toward a grim and painful future ?'
False	1	adds	1.3352901935577393	add	1.9428366422653198	b'the joint lot cases recommend there ***mask*** raid to the craft .'
True	0	includes	2.5502378940582275	include	2.055859327316284	b'the hysterical democracy i started this counsel ***mask*** to identify anyone seeking this if they provide of some preparation i can prove strengthen a recovery to this brass period .'
skipping is/are
True	0	demonstrate	3.550947666168213	demonstrates	1.5028866529464722	b'commissioners decide the advertising but ***mask*** her delicate driver and the surplus supports .'
True	0	refuse	2.5609123706817627	refuses	2.063260793685913	b'wolves see the exclusion but ***mask*** her geographical space and the death receives .'
True	1	assume	-0.8562206029891968	assumes	-1.8922473192214966	b'the electoral parties we tolerate in our label ***mask*** ; we manage percentage tutorial for easter , climate chili and warning - rein for christianity .'
True	0	write	4.962860584259033	writes	0.40923720598220825	b'wait me grow if you learn any targets or ***mask*** anything unconnected .'
True	0	lose	0.9890034794807434	loses	-2.514892816543579	b'i come we rapidly begin the tin and ***mask*** to southwest .'
True	0	require	16.725872039794922	requires	9.952742576599121	b'if you have any questions or ***mask*** any assistance at all , please contact hope duncan at 202.739.0134 or jeff mangold at 703.729.2710 .'
False	0	observes	-5.093899250030518	observe	-3.990497589111328	b'the aware coast i requested onboard from them in the first center ***mask*** because my glad midst who enjoyed with them was seeking out on his unfortunate .'
True	0	carry	4.781774520874023	carries	-1.4297642707824707	b'please put me communicate if you lose any headlines or ***mask*** anything unacceptable .'
True	0	believe	3.8748040199279785	believes	0.6319270730018616	b"prices who pale these astronauts ***mask*** at the enjoyment anymore ; and it 's hectic to commit they are environmental and bored to foresee no if they begin there would deliver a vegetable ."
True	2	expect	-2.4763295650482178	expects	-4.426549911499023	b'the extraordinary false provinces that secretly would cancel from scrap ***mask*** protein , bunch , lifeboat , lease , visible sensitivity and terrible bottles of relatives and sales -- sensitive as the capricorn background .'
True	1	apply	-2.740429162979126	applies	-5.914730548858643	b'additional leaders that thereafter would translate ***mask*** things , property , jared combo and some lions of guidelines .'
False	0	ensures	-3.483652353286743	ensure	0.2903538942337036	b'the interested popularity to reconsider for lax ***mask*** to retrieve six , or your professor difference criticism competition , and adjust .'
True	0	carry	2.8490102291107178	carries	-0.218517005443573	b'you exist the chairman and ***mask*** disease fan into the sovereignty .'
True	1	intend	0.12777018547058105	intends	-2.071864366531372	b'additional parties that frankly would conclude ***mask*** donations , custody , japan ticket and some provisions of toes .'
True	0	makes	15.307244300842285	make	10.341572761535645	b'as you sit above the world , the warmth of the golden sun penetrates your body and ***mask*** you feel warmer and warmer .'
True	0	seek	6.018917560577393	seeks	4.139668941497803	b'you operate the campaign and ***mask*** counsel grandson into the facility .'
True	0	loses	0.2030791938304901	lose	-2.6289262771606445	b'it refuses the council for man expectation and ***mask*** , \xe2\x80\x9c we are filmed that the lake should not enable with massive - character companies who provide to commit and revise regardless and indoors in the responsibilities , bottles , and chicks of satisfied creation . \xe2\x80\x9d'
True	0	learns	-2.440948486328125	learn	-2.474452257156372	b'an underage atrophy equipped in billion ***mask*** there intend seven " complexes " in the eurasia indians , but infinite tires are nowadays cheaper than this .'
True	0	observe	2.9720239639282227	observes	-1.4243297576904297	b'they obviously anticipate if you make boy in your facility , ( for bottles like me ) , they realize an ownership of the participant and ***mask*** certified agencies to prove .'
False	0	belong	-2.32767391204834	belongs	-0.8677778244018555	b'rules listen the artwork but ***mask*** her promotional perception and the queen produces .'
True	1	intends	2.416236162185669	intend	-2.0248446464538574	b'the unsure strategic story that he tells ***mask*** that he virtually contains his bucks and currently continues necessary with his dire pleasure .'
True	0	suggest	2.352060317993164	suggests	-1.1733201742172241	b'reports eventually : limerick fifteen through ismail nine ( emerging you listen on the coat we decide and ***mask*** sufficiently to feedback the setback after we hear )'
True	0	spend	3.5953919887542725	spends	-0.34186220169067383	b'cats provide the ownership but ***mask*** her huge manufacturer and the pup cares .'
True	0	requires	8.336445808410645	require	3.863630771636963	b'this wire of capability reflects around the commodity s trend and bombers and ***mask*** a memo for the sect eventually on the receiver of the diversion in payment of photo duties .'
True	0	allows	0.7906544208526611	allow	0.16332381963729858	b'my landing with increasing the crab traditionally ***mask*** , could it be understood that shortly everyone replaced the proportion would or could achieve at any mile , since we relatively felt messenger and fridays and if they planned they might have diagnosed a spiritual mode ??'
True	0	insists	2.0612804889678955	insist	-0.6625468134880066	b'the homemade counsel i listened this beard ***mask*** to execute anyone filling this if they throw of some letter i can vomit propose a heart to this patience cage .'
True	0	begin	4.838751316070557	begins	0.59909987449646	b'i continue we pursuant meet the cave and ***mask*** to lucy .'
True	0	applies	0.4573618173599243	apply	-0.7084527611732483	b'the immediate strong parent i have lived ***mask*** that in the cafe of alito eighteen teeth of the health is abundantly monitored in the warlord the consumer before the medal , this showroom grabbed after the cute reconciliation .'
skipping is/are
skipping is/are
False	0	understands	-1.5355788469314575	understand	-0.060377225279808044	b'the first fence you laugh why you admit on coup ***mask*** that the trial life really happens out the kitchen and hates into the floor beard .'
True	0	intends	2.484098434448242	intend	-1.9845058917999268	b'usually , the insecure invoice taken for infantry ***mask*** whether our index ( the incredible invention and somehow the arrangement they see to protect ) is or objects not an identical whim under the healthcare .'
True	0	happens	5.7109880447387695	happen	2.9808311462402344	b'turn for a musician of stories in their concert that belongs from the locker and ***mask*** successfully to the punishment fo the jury .'
True	0	pay	5.512935161590576	pays	0.08624618500471115	b'ladies exactly : columbia six through abramoff five ( attempting you propose on the tea we decide and ***mask*** politely to speaker the wolf after we propose )'
True	0	go	15.350314140319824	goes	8.605195999145508	b'days away : sept. 21 through oct. 3 ( assuming you work on the day we leave and ***mask*** back to work the day after we return )'
True	0	understands	3.4057459831237793	understand	2.4430058002471924	b'the uncut sweet waiter i have placed ***mask*** that in the lottery of amsterdam eight trip of the language is afterward taken in the scrutiny the child before the grid , this sea published after the tall salsa .'
True	0	continue	2.266284227371216	continues	-2.823056221008301	b'click me wear if you suck any shelves or ***mask*** anything aortic .'
True	0	adds	1.7722246646881104	add	-0.3394867479801178	b'the smallest studio you can carry in omar ***mask*** to burn to a suggestion .'
True	0	sees	1.9643521308898926	see	1.9002281427383423	b'it seems the tourist for quo identity and ***mask*** , \xe2\x80\x9c we are projected that the terry should not oppose with legislative - payout sanctions who remember to remain and communicate shortly and automatically in the tensions , temples , and messages of necessary cousin . \xe2\x80\x9d'
True	0	learns	5.120410442352295	learn	2.948812961578369	b'bring for a heaven of weapons in their virus that reads from the master and ***mask*** smoothly to the task fo the marketing .'
True	0	throws	3.184739112854004	throw	-0.23260736465454102	b'as you seem above the ton , the perfume of the critical protein provides your pattern and ***mask*** you reassure newer and taller .'
True	1	spend	5.027266979217529	spends	-2.9908976554870605	b"whie i do n't solve to the commission that the stars we choose or receive to ***mask*** no aircraft on our death ( which i want is promptly generic ) , it does generate me whenever projects carry out a relaxed spa of crimes to see the pork on ."
True	0	receive	0.3883788585662842	receives	-6.699097156524658	b'i propose this astounding rail and ***mask*** to pursue this naive office .'
True	0	exists	2.748584508895874	exist	1.6735379695892334	b'the first proportion you collaborate whenever you exist on darkness ***mask*** that the junk tractor respectively pays out the hybrid and suggests into the permission tax .'
True	0	allows	5.776688575744629	allow	2.9433095455169678	b'my haven with acting the character merely ***mask*** , could it be accepted that cheaply everyone grabbed the labor would or could assist at any picketing , since we regularly listened beijing and metals and if they remembered they might have titled a honest direction ??'
True	0	intends	-0.018754422664642334	intend	-2.5620667934417725	b'ever , the immediate absorption created for arthritis ***mask*** whether our ets ( the unknown exposure and dramatically the energy they describe to maintain ) is or understands not an angry reality under the corps .'
False	0	understands	-0.9565334916114807	understand	-0.6111876964569092	b'the rare reversal i called this sauce ***mask*** to attend anyone doing this if they make of some puppy i can breathe forget a bag to this thanks money .'
False	0	deserves	0.19954247772693634	deserve	0.6447096467018127	b'i deny the brain you developed to me ***mask*** to the janice sancho at ips ( protected in mills ) .'
False	0	explains	-0.8956435918807983	explain	0.4292275607585907	b'because of the musician that his timely comparison with ray ei had protected him , he contacted rewards solid as : " you can regret a pewter and a master , eighteen capacity you ca n\'t foresee ***mask*** whenever you \'re crucial indefinitely " and said snakes to the " prophet scotland " tension watching that " basically he belonged dear policies to wrap neatly preventive as a room " .'
True	0	suffers	1.2063889503479004	suffer	0.6797031164169312	b'the first dioxide you deny why you admit on tip enjoys that the tourism staff hereby crashes out the company and ***mask*** into the heating friendship .'
False	0	meets	-2.4573638439178467	meet	-1.8753503561019897	b'well , unless indeed quietly the third position he phoned in the marketing ***mask*** out .'
True	0	create	8.744633674621582	creates	3.662593126296997	b'save me discuss if you tend any conclusions or ***mask*** anything amusing .'
True	0	realise	0.013786807656288147	realises	-6.806422710418701	b"stars who recognize these attempts ***mask*** at the id incorrectly ; and it 's grand to harass they are educated and naive to reassure no if they come there would spell a direction ."
True	0	put	2.6193957328796387	puts	-2.725170135498047	b'you add the water and ***mask*** water conditioner into the water .'
True	0	states	17.638689041137695	state	11.751087188720703	b'it presents the case for marriage equality and ***mask*** , \xe2\x80\x9c we are resolved that the state should not interfere with same - gender couples who choose to marry and share fully and equally in the rights , responsibilities , and commitments of civil marriage . \xe2\x80\x9d'
True	0	adds	7.047713756561279	add	3.640106201171875	b"the wolf to continue in time ***mask*** that critical afghan kinds and pakistanis and dissatisfied kurdish gentlemen are romantic to harass badly faithfully tall to the andrew in ashcroft than al - lonely appointees , and it would be gullible to prove one 's ecosystems off the final sea ."
True	0	respond	3.8898935317993164	responds	0.47754207253456116	b'i refer we perfectly provide the pub and ***mask*** to cst .'
True	0	suggests	14.319303512573242	suggest	9.799281120300293	b'an official estimate issued in 2003 ***mask*** there are 50,000 " foreigners " in the andaman islands , but unofficial figures are much higher than this .'
