True	1	exists	2.1910533905029297	exist	0.2994195222854614	b'the organised massive skin that he depends ***mask*** that he thus sends his rights and nowadays tells lazy with his northeastern merchant .'
False	0	ensures	-3.4512217044830322	ensure	-3.3725500106811523	b'because of the paperwork that his terrible father with dental alan had shared him , he saved wonders continental as : " you can retake a programming and a problem , eighteen song you ca n\'t gather ***mask*** whenever you \'re humble abroad " and discussed nostrils to the " future korea " dish removing that " primarily he said pakistani hands to reassure thus vital as a receipt " .'
True	0	admits	1.6042344570159912	admit	1.056051254272461	b'the first settlement you suggest whenever you extend on rumor ***mask*** that the premium media slowly melts out the culture and dies into the belly fever .'
True	0	spill	3.602487325668335	spills	1.1572206020355225	b'if you choose any holdings or ***mask*** any electricity ethnically already , please tell sarah gm at six or crawford kevin at nine .'
True	0	decide	4.22208309173584	decides	-0.5340600609779358	b'please groom me translate if you prefer any forums or ***mask*** anything obvious .'
True	0	approves	-0.027002781629562378	approve	-2.6149537563323975	b"the sauce to recruit in pastor ***mask*** that full european complexes and communists and strange jewish species are conventional to hang soon thereby violent to the amsterdam in isi than al - taiwan animals , and it would be numerous to recover one 's alarms off the governmental radar ."
True	0	operates	-0.7959197163581848	operate	-4.423119068145752	b'the first loan you respond why you indicate on frequency ***mask*** that the time remainder finally belongs out the speech and pays into the zoo technology .'
True	1	insist	-2.4589121341705322	insists	-3.0695061683654785	b'the ecological wines we believe in our night ***mask*** ; we come drawer today for easter , rivalry difficulty and weapon - machine for louisiana .'
True	0	deserve	1.0026559829711914	deserves	-1.3435455560684204	b'please make me verify if you require any dancers or ***mask*** anything underage .'
True	0	tend	4.058740139007568	tends	3.5508127212524414	b'i consider this adequate reputation and ***mask*** to relate this dangerous event .'
True	0	use	10.646933555603027	uses	6.1528639793396	b'they always ask if you have meat in your dish , ( for vegetarians like me ) , they scrub an area of the grill and ***mask*** separate utensils to cook .'
True	0	adds	2.3239388465881348	add	0.8744919896125793	b'the first reduction you believe why you intend on decor ***mask*** that the commission soil specifically becomes out the virus and leads into the spirit market .'
False	0	adds	-2.723959445953369	add	-2.198289394378662	b'the effective communication to thank for romantic ***mask*** to pursue three , or your boy tumor software behavior , and encourage .'
True	1	remain	5.399554252624512	remains	2.366753339767456	b'but unbelievable malls do describe the quiz they prefer he will replace , and the artists who remain him ***mask*** to investigate the appointments who extend him .'
False	2	explain	0.0124574676156044	explains	0.49676990509033203	b'the overcrowded strategic tourists that strictly would meet from meditation ***mask*** misunderstanding , bladder , poisoning , jerk , pure target and lovely rebels of marketers and cleaners -- previous as the doug snack .'
True	0	suggest	8.519245147705078	suggests	3.604706287384033	b'if you condemn any disasters or ***mask*** any error economically afterward , please specify butcher samuel at fifteen or tet nov at six .'
True	0	tend	7.178584575653076	tends	0.6548694372177124	b'i seem we promptly suck the disaster and ***mask*** to jafar .'
True	0	represent	2.580994129180908	represents	-0.215603768825531	b'follow me predict if you put any publications or ***mask*** anything impenetrable .'
False	1	exist	-1.3250658512115479	exists	-0.6758458614349365	b'the electrostatic fisheries we develop in our monkey ***mask*** ; we listen perspective wall for easter , planet testimony and supervisor - budget for wii .'
True	1	employ	-0.41432008147239685	employs	-1.1433542966842651	b'i develop the liberals on which i should lace your gender ***mask*** : ( a ) do you pour a painful requirement about the cafeteria to delighted swap shops begun by andaman andre ?'
True	0	enters	-0.3739279806613922	enter	-1.8234515190124512	b'my career with using the fantasy frequently ***mask*** , could it be eaten that perfectly everyone bought the swap would or could eat at any justice , since we happily prevented veterinary and wars and if they gave they might have grown a scientific blackmail ??'
True	0	represent	-3.302353858947754	represents	-6.2327446937561035	b'i deny this expensive customer and ***mask*** to remember this costly atrophy .'
False	0	understands	2.612126588821411	understand	3.673424005508423	b'instead , the effective extent killed for editor ***mask*** whether our usb ( the unaware obligation and nearly the exclusion they pose to compel ) is or involves not an obvious curve under the purse .'
True	0	tells	0.21165810525417328	tell	-5.483408451080322	b'the first goodness you laugh whenever you agree on testimony appears that the discovery king presently cares out the filter and ***mask*** into the salsa competition .'
True	2	enjoy	-0.5904433727264404	enjoys	-2.283737897872925	b'the overwhelming short properties that primarily would dial from lottery ***mask*** termination , divorce , term , wagon , militant salt and downstream martyrs of methods and wounds -- soothing as the karl separation .'
True	0	dies	3.164201259613037	die	-1.1448755264282227	b'as you sell above the rape , the temper of the complicated stone feels your nature and ***mask*** you grow lighter and newer .'
True	0	makes	2.5946826934814453	make	1.1924241781234741	b'put for a button of centuries in their reviewer that pays from the defence and ***mask*** historically to the bluff fo the reaction .'
True	1	carry	2.3115594387054443	carries	-2.6862082481384277	b'but automatic millions do cancel the tutorial they dislike he will wash , and the explosives who provide him ***mask*** to argue the edges who insist him .'
False	0	expect	2.1196017265319824	expects	3.5795047283172607	b'they especially include if you die reaction in your separation , ( for transfers like me ) , they believe an investment of the teacher and ***mask*** barren officials to receive .'
True	1	assumes	8.943405151367188	assume	5.018283367156982	b'the insecure weird shelter that he suggests ***mask*** that he possibly depends his participants and vigorously blames relevant with his funny process .'
True	1	approves	0.9431525468826294	approve	-2.1873245239257812	b'the enjoyable huge wing that he melts ***mask*** that he generally loves his hearings and properly relates conscious with his similar difficulty .'
True	1	begin	1.735196828842163	begins	-5.965099811553955	b"whie i do n't consider to the discussion that the cabins we wash or meet to ***mask*** no user on our corps ( which i deserve is wholly conservative ) , it does mention me why ranchers die out a prior homeland of things to hear the vulnerability on ."
True	1	include	14.147955894470215	includes	9.05036735534668	b'important species that probably would decline ***mask*** shrimp , capelin , greenland halibut and some varieties of flatfish .'
True	0	represents	-4.885044097900391	represent	-5.475562572479248	b'well , unless abruptly harshly the third siege he paid in the mosque ***mask*** out .'
True	0	tend	0.6277664303779602	tends	-4.783804893493652	b'if you laugh any flowers or ***mask*** any omnibus incredibly entirely , please breathe fred gerald at twenty or coogan medici at thirty .'
True	0	look	20.12318992614746	looks	13.488356590270996	b"workers who do these introductions ***mask*** at the interaction objectively ; and it 's good to see they are able and willing to say no if they feel there would be a problem ."
True	2	agree	-2.1307990550994873	agrees	-2.6582655906677246	b'the usual noble peoples that freely would reduce from role ***mask*** dispute , tin , portion , studio , mass bravery and cultural ladies of years and forums -- fundamentalist as the francis pillow .'
True	0	belongs	15.91455078125	belong	10.450136184692383	b'i believe the message you forwarded to me ***mask*** to the mark taylor at ei ( based in london ) .'
True	1	allows	-0.1711539626121521	allow	-0.3925020396709442	b'the potable mistake properties believe there ***mask*** flee to the surgery .'
True	1	define	-0.06709235906600952	defines	-4.730930805206299	b'but insecure symptoms do rush the humanity they suck he will serve , and the extremists who lose him ***mask*** to amend the ants who include him .'
True	1	ensure	-0.12540072202682495	ensures	-1.0096312761306763	b'the ordinary wars we require in our tuna ***mask*** ; we suggest traveler dryer for easter , climate channel and propane - millet for stark .'
skipping is/are
True	1	want	11.109369277954102	wants	5.70387077331543	b'but inner declarations do customize the leaf they seem he will harass , and the immigrants who lose him ***mask*** to eat the injuries who enjoy him .'
True	0	deserves	-0.004524096846580505	deserve	-2.1184661388397217	b'a bill cult accepted in scott three ***mask*** , " due to its ticket astride the christmas cambodia , iss has now been a trauma to the suicide .'
False	2	affirm	-3.4967241287231445	affirms	-3.4967241287231445	b'the affluent strong wishes that desperately would sell from movie ***mask*** feedback , territory , size , lifestyle , crazy highway and heavy rounds of laws and politics -- fatal as the youngstown belief .'
False	1	admits	-1.0463694334030151	admit	-0.5609036087989807	b'the capable treatment contractors recommend there ***mask*** ruin to the coordinator .'
True	0	go	14.751323699951172	goes	7.4955267906188965	b'i say we just keep the dough and ***mask*** to mexico .'
True	1	begin	10.357501983642578	begins	7.050045967102051	b'but incorrect cm do come the flower they refuse he will believe , and the effects who respond him ***mask*** to emit the opportunities who operate him .'
False	0	throws	-0.5081422924995422	throw	-0.41929978132247925	b'otherwise ensure your peoples to burn this aggressively to their homes , and deeply unfortunately , so that the globe to deny her ***mask*** appropriately .'
True	0	serve	3.9586849212646484	serves	-0.605500340461731	b'i refuse this adequate clinic and ***mask*** to vary this superb income .'
True	0	meets	4.57022762298584	meet	1.1471928358078003	b'it believes the bird for server exchange and ***mask*** , \xe2\x80\x9c we are reimbursed that the whipple should not examine with grand - product ships who meet to reduce and cancel personally and altogether in the slaves , nails , and curtains of personal compliance . \xe2\x80\x9d'
True	0	develops	0.24145042896270752	develop	-2.4937093257904053	b'well , unless initially legally the third guitar he considered in the source ***mask*** out .'
True	0	enters	-2.1446969509124756	enter	-2.5133659839630127	b'the critical testimony i planned this chocolate ***mask*** to add anyone failing this if they represent of some comfort i can monitor suggest a curtain to this today cage .'
False	0	deserves	-0.4877914786338806	deserve	2.747981071472168	b'if you propose a country who will propose to you and see he will absorb and then convince his meditation , and not tell what he is sending about why he supports conclusions at extensive sandwiches and ***mask*** they arrive what you pick , why they will not hire for you , transmit to this rivalry ... he is the affection for you .'
False	1	indicate	-2.853447437286377	indicates	-0.04532216489315033	b'the influential drugs we continue in our swing ***mask*** ; we pick delivery harmony for easter , virus phrase and settlement - coal for yellowstone .'
False	1	extends	-1.5627182722091675	extend	-0.8314498662948608	b'the lovely tournament cows deny there ***mask*** circulate to the thread .'
True	0	observes	-2.8434505462646484	observe	-3.3115975856781006	b'the youngest loan you can seem in ivan ***mask*** to develop to a drying .'
True	0	allows	2.0219738483428955	allow	-1.1197023391723633	b'almost , the embarrassing earthquake requested for oil ***mask*** whether our aa ( the absurd image and precisely the acupuncture they decide to recruit ) is or involves not an innovative tube under the fare .'
False	0	compares	-2.8866689205169678	compare	-1.6002448797225952	b'the first television you require whenever you exist on guest explains that the city minister solely writes out the duty and ***mask*** into the month knee .'
True	0	grows	6.874998569488525	grow	4.987602233886719	b'the first dinner you pay whenever you allow on pig involves that the compliance field financially sees out the language and ***mask*** into the consensus ton .'
False	0	operates	-6.547967433929443	operate	-4.341307163238525	b'because of the phone that his potable flower with naval amelia had meant him , he reported properties pleasant as : " you can print a language and a tabs , eighteen stream you ca n\'t raise ***mask*** why you \'re beautiful utterly " and threw restrictions to the " kerry warren " cup ranging that " totally he handled judicial tensions to reflect reportedly dangerous as a terror " .'
True	2	include	0.8173449039459229	includes	0.19285711646080017	b'the arrogant difficult weekends that successfully would maintain from star ***mask*** soul , season , plot , path , narrow corner and nuclear minds of scientists and surgeons -- faithful as the starbucks crate .'
True	0	refuses	-2.8277857303619385	refuse	-4.308908462524414	b'well , unless indoors strongly the third paper he passed in the campus ***mask*** out .'
True	0	extends	-1.0196040868759155	extend	-3.18660044670105	b"the tide to compete in participant ***mask*** that dwarf armed sports and professors and tricky syrian worries are distinguished to migrate soon seldom joint to the agra in ireland than al - laura allegations , and it would be neat to foresee one 's options off the tolerable disappointment ."
False	1	enjoys	-5.643885135650635	enjoy	-2.199014902114868	b'the maximum dirt pairs become there ***mask*** translate to the theatre .'
True	0	generate	-3.247997760772705	generates	-4.820169448852539	b"stars who put these animals ***mask*** at the ad immensely ; and it 's soothing to raise they are executive and handy to wrap no if they learn there would hesitate a steam ."
False	0	assumes	-0.8588542938232422	assume	-0.5028111338615417	b"the daughter to generate in housing ***mask*** that dwarf european guns and travels and bound final transactions are vital to convince soon however nuclear to the emma in ahmed than al - chevron openings , and it would be generous to carry one 's atrocities off the manned console ."
True	0	make	6.369076728820801	makes	4.589324951171875	b'mechanics pose the investment but ***mask*** her glaring predator and the moon demonstrates .'
True	0	learns	6.248625755310059	learn	2.2064764499664307	b'it leads the nephew for forum upgrade and ***mask*** , \xe2\x80\x9c we are contacted that the denton should not invite with foreign - security performers who provide to listen and bother still and altogether in the starters , stars , and casualties of knowledgeable slice . \xe2\x80\x9d'
True	0	hear	7.655263900756836	hears	2.0862088203430176	b'please destroy me grab if you pay any seconds or ***mask*** anything aggressive .'
False	1	affirms	0.7255127429962158	affirm	0.7255127429962158	b'the healthy trip masks realize there ***mask*** lose to the freighter .'
True	0	spends	0.6601069569587708	spend	-1.7605043649673462	b'about expect your wheels to burn this incredibly to their managers , and separately apart , so that the crate to harass her ***mask*** approximately .'
False	0	exists	-1.3255687952041626	exist	-0.8416756987571716	b'because of the tank that his secondary pewter with nyc abby had checked him , he testified hosts blind as : " you can communicate a nausea and a plate , eight pasture you ca n\'t spend ***mask*** why you \'re certain exceptionally " and saved missions to the " sam ds " misfortune circling that " slowly he slept nepalese nails to define shortly vain as a dryer " .'
True	0	relate	3.3351197242736816	relates	-1.8233386278152466	b'you affirm the distinction and ***mask*** platform trauma into the letter .'
True	0	dies	3.2880663871765137	die	2.808619737625122	b'well , unless overwhelmingly precisely the third territory he seized in the commission ***mask*** out .'
True	0	exists	4.5800886154174805	exist	1.5516623258590698	b'the healthy personality i provided this rock ***mask*** to add anyone leading this if they believe of some teacher i can prove bless a visitor to this shuttle deal .'
True	0	come	5.418720722198486	comes	1.6905673742294312	b'i deserve this arrogant shine and ***mask*** to throw this rude id .'
True	0	represents	5.545407295227051	represent	-1.3228975534439087	b'can you interfere that the scholarship we are joking ***mask*** toward a tired and messy drama ?'
True	0	demonstrate	1.061310052871704	demonstrates	-1.549777626991272	b'you indicate the dryer and ***mask*** nightlife context into the meantime .'
False	1	appear	-1.26292085647583	appears	-1.1845057010650635	b'average prisoners that potentially would solve ***mask*** ft , creativity , washington partnership and some periods of customers .'
False	0	generates	-4.102555751800537	generate	-3.0988500118255615	b'a jen window allowed in cole twenty ***mask*** , " due to its breath astride the gerald finland , abdul has freely been a flower to the suicide .'
False	0	begins	0.1839105188846588	begin	2.361867666244507	b'if you prefer a star who will remove to you and sail he will adjust and then raise his fire , and not vary what he is jumping about whenever he gives neighbors at authentic babies and ***mask*** they extend what you put , whenever they will not join for you , transmit to this path ... he is the article for you .'
False	0	employs	-4.986357688903809	employ	-2.724651575088501	b'the unfortunate tabs i carried adequately from them in the first direction ***mask*** because my national vulnerability who answered with them was joking out on his accurate .'
False	0	delivers	-2.524540901184082	deliver	-0.030188947916030884	b'if you suck a woman who will bother to you and predict he will eat and then bless his tariff , and not squeeze what he is growing about why he relates creatures at identical lyrics and ***mask*** they apply what you consider , why they will not sail for you , tell to this prostitute ... he is the advancement for you .'
True	0	refuse	2.7238609790802	refuses	1.4559643268585205	b'copies throw the aircraft but ***mask*** her complicated drying and the path belongs .'
False	0	ensures	-6.610451698303223	ensure	-1.8181648254394531	b'because of the spreadsheet that his hostile tomorrow with janet alaska had tended him , he waited cm necessary as : " you can foresee a hour and a thermometer , eighteen requirement you ca n\'t come ***mask*** why you \'re visual effectively " and belonged courses to the " baudelaire brazil " team preventing that " potentially he refused few policies to settle just western as a foster " .'
True	0	admits	-1.860154390335083	admit	-3.5632104873657227	b'absolutely , the outer assault guaranteed for episode ***mask*** whether our er ( the impeccable amendment and perfectly the officer they decide to meet ) is or affects not an ethnic joke under the steel .'
True	1	expect	-2.002423048019409	expects	-4.009602069854736	b'excellent minerals that frequently would pursue ***mask*** strategies , sky , kenneth season and some patients of beliefs .'
False	0	says	10.210227012634277	say	12.834226608276367	b'if you want a doctor who will lie to you and say he will operate and then change his mind , and not know what he is talking about when he recommends procedures at other hospitals and ***mask*** they are what you need , when they will not work for you , go to this doctor ... he is the one for you .'
False	0	enters	-3.7427518367767334	enter	-1.225677728652954	b'because of the traveler that his conservative lunch with tx england had dominated him , he began times massive as : " you can reflect a soup and a propane , eighteen shrapnel you ca n\'t verify ***mask*** why you \'re toxic increasingly " and testified beliefs to the " lewis texas " waist pulling that " largely he booked rude plants to concur rapidly sensitive as a growth " .'
True	0	loses	1.9481408596038818	lose	0.7446248531341553	b'get for a grandson of supporters in their lens that wakes from the deadline and ***mask*** whatsoever to the store fo the conviction .'
True	0	respond	3.7871921062469482	responds	-1.313271164894104	b"terms who meet these allegations ***mask*** at the alliance apparently ; and it 's grand to reconsider they are ominous and tropical to tighten no if they deserve there would relate a glass ."
True	0	sucks	-1.0863056182861328	suck	-3.800800323486328	b'well , unless equally probably the third rape he caused in the stuff ***mask*** out .'
True	0	receive	5.654020309448242	receives	5.026093482971191	b'please submit me censor if you consider any reviewers or ***mask*** anything obsessed .'
True	0	suggests	2.6391358375549316	suggest	1.5932865142822266	b'an essential information employed in fifty ***mask*** there agree three " practices " in the eye indians , but unnamed cartoons are shortly newer than this .'
True	1	suggest	1.1337940692901611	suggests	-3.1295132637023926	b"whie i do n't compete to the popularity that the losses we make or realize to ***mask*** no accident on our seed ( which i sell is financially covert ) , it does raise me why sanctions prefer out a dramatic humanity of ports to rush the junk on ."
False	0	tends	-2.796912670135498	tend	-1.8161293268203735	b'a nixon width estimated in sunday billion ***mask*** , " due to its discretion astride the philip larry , oglethorpe has slowly been a resolution to the cpi .'
True	0	operates	0.9196478724479675	operate	-0.63972008228302	b'additionally , the urban interceptor cleaned for aunt ***mask*** whether our advice ( the electrostatic oil and fully the instability they provide to participate ) is or objects not an odd honesty under the responsibility .'
skipping is/are
True	0	includes	2.2930490970611572	include	-0.15478622913360596	b'the richest fee you can dial in agra ***mask*** to migrate to a selection .'
True	0	hear	-0.331670343875885	hears	-4.4050374031066895	b'i pay this overwhelming sensitivity and ***mask*** to become this tactical injustice .'
True	1	ensures	-3.055483102798462	ensure	-3.2357804775238037	b'the confidential success headlines consider there ***mask*** disappear to the wall .'
True	0	enjoys	2.0366742610931396	enjoy	-2.703160285949707	b'the stressful landlord i hired this master ***mask*** to oppose anyone hoping this if they laugh of some cooperation i can fill satisfy a chairman to this support performance .'
True	0	happen	3.7813875675201416	happens	0.14597788453102112	b'feel me vanish if you proceed any clergy or ***mask*** anything acrylic .'
True	0	happen	4.25665807723999	happens	4.113811492919922	b'i put we completely learn the gang and ***mask*** to stephen .'
True	0	enjoy	6.7706170082092285	enjoys	2.485185384750366	b'they eventually operate if you want tea in your pact , ( for developments like me ) , they refuse an upheaval of the hobby and ***mask*** thorough appropriations to tend .'
False	0	learns	-0.34196826815605164	learn	0.007217332720756531	b'i tell the courtesy you spoke to me ***mask*** to the mart connecticut at earl ( suggested in san ) .'
skipping is/are
True	0	indicates	9.296527862548828	indicate	6.565995216369629	b'otherwise , the inevitable explanation promised for exam ***mask*** whether our account ( the alchemical apartment and typically the incident they thank to warrant ) is or intends not an authentic lawyer under the title .'
True	0	refuses	1.7153438329696655	refuse	-3.1948230266571045	b'this lunch of photograph feels around the crew s blog and sheep and ***mask*** a diplomat for the cent again on the cake of the reintroduction in documentation of society politics .'
True	0	belongs	-0.9139962792396545	belong	-1.6956371068954468	b'a taj possibility occurred in portland trillion ***mask*** , " due to its jihad astride the louisiana hamilton , australia has downhill been a conspiracy to the para .'
True	0	compares	-2.1882376670837402	compare	-2.230095148086548	b'an endless infrastructure increased in three ***mask*** there assume four " transfers " in the ali indians , but useless blocks are jointly safer than this .'
True	0	belong	-2.3984663486480713	belongs	-5.867980003356934	b'you operate the centre and ***mask*** memo fire into the car .'
False	0	expects	-2.800846576690674	expect	-2.4964892864227295	b"the crowd to discuss in snow ***mask*** that parisian antique disasters and professors and soothing medieval sons are huge to reassure soon possibly shocked to the antichrist in argentina than al - chief atrocities , and it would be digital to tell one 's analysts off the permanent directive ."
False	1	affirm	1.3277167081832886	affirms	1.3277167081832886	b'i see the sons on which i should receive your revolution ***mask*** : ( a ) do you rub a bland heart about the creativity to dead coffee photos presented by amsterdam andrew ?'
True	0	need	12.112237930297852	needs	8.444632530212402	b'let me know if you have any questions or ***mask*** anything else .'
True	0	come	6.898330211639404	comes	3.280487537384033	b"ladies who continue these experts ***mask*** at the ear indoors ; and it 's scary to recruit they are explosive and desperate to greet no if they suppose there would remind a service ."
True	0	intends	0.453887939453125	intend	-2.8653509616851807	b'the immediate flank to survive for pure ***mask*** to monitor fifty , or your hospitality homeland boulevard schooling , and achieve .'
False	0	affirms	0.44819822907447815	affirm	0.44819822907447815	b'the richest goodness you can compensate in eric ***mask*** to come to a crab .'
True	1	intends	-2.0604329109191895	intend	-3.819268226623535	b'the large queen reviewers want there ***mask*** thank to the relation .'
skipping is/are
True	0	represent	3.701639175415039	represents	-0.6000021696090698	b"terms who consider these analyses ***mask*** at the editor environmentally ; and it 's superb to click they are excellent and ready to maintain no if they believe there would maintain a date ."
True	0	recognize	2.641432285308838	recognizes	-2.741953134536743	b'reports occasionally : fabio thousand through ontario five ( expecting you recognize on the litter we hear and ***mask*** respectfully to system the mile after we continue )'
False	0	ensures	-4.736508369445801	ensure	-3.2954676151275635	b'the arrogant detective to compel for homeless ***mask*** to disappear four , or your cop pup carbon channel , and oppose .'
True	0	realise	-2.4372847080230713	realises	-4.796197414398193	b'you allow the distance and ***mask*** climber preference into the majority .'
False	0	assumes	-1.7948079109191895	assume	-1.4685263633728027	b'the understandable dryer to cook for devastating ***mask*** to reduce fifty , or your rotation father volume vegetable , and execute .'
True	0	develop	5.983945846557617	develops	-0.1529206484556198	b'learn me promote if you continue any cabins or ***mask*** anything asymmetrical .'
True	0	spend	2.624284267425537	spends	-0.2801360487937927	b'decisions indefinitely : williams five through edinburgh nine ( expanding you realize on the phase we die and ***mask*** previously to proportion the gambling after we die )'
True	1	come	6.5296711921691895	comes	3.6279795169830322	b'but electoral girls do suggest the shine they proceed he will click , and the observers who decide him ***mask*** to implement the earthworms who arrive him .'
True	0	recommends	-0.36678099632263184	recommend	-0.39649975299835205	b'as you carry above the perfume , the rumor of the latter pot stands your context and ***mask*** you generate taller and fewer .'
True	0	reacts	0.37314677238464355	react	-0.5328189134597778	b'a ny coat approved in del three ***mask*** , " due to its drawer astride the hamilton gmt , argentina has wonderfully been a response to the country .'
True	0	want	7.931954383850098	wants	4.857693672180176	b'i put we presently see the bottle and ***mask*** to gm .'
True	0	understand	0.36949020624160767	understands	-3.0897390842437744	b'they aggressively intend if you provide division in your chance , ( for flats like me ) , they pay an intention of the supervisor and ***mask*** heavy animals to register .'
True	1	seem	16.395790100097656	seems	11.802599906921387	b'but other people do like the way they think he will vote , and the ones who favor him ***mask*** to outnumber the ones who oppose him .'
True	0	extends	-1.3156695365905762	extend	-2.090944290161133	b'the obsessed coding i built actually from them in the first chair ***mask*** because my distinguishing security who owned with them was returning out on his unknown .'
False	0	pays	0.896408200263977	pay	1.1115330457687378	b'put for a hangar of symptoms in their disaster that leads from the selection and ***mask*** quickly to the complaint fo the movie .'
True	0	begin	4.560923099517822	begins	0.8117618560791016	b'stay me settle if you remain any rooms or ***mask*** anything impossible .'
True	0	consider	5.354776382446289	considers	-0.13731296360492706	b'put me disrupt if you pay any fry or ***mask*** anything eager .'
True	1	create	5.151643753051758	creates	-0.9901787638664246	b"whie i do n't postpone to the danger that the chores we deserve or die to ***mask*** no office on our context ( which i deserve is routinely sensitive ) , it does wear me whenever politics reflect out a successful photograph of fruits to die the shuttle on ."
False	0	makes	-1.9409372806549072	make	-0.29350417852401733	b'i put the knife you won to me ***mask*** to the barcelona carter at aid ( sought in la ) .'
True	0	learns	1.9899903535842896	learn	-1.691920280456543	b'the first beer you die whenever you enjoy on freight affects that the blower surgeon routinely walks out the suspicion and ***mask*** into the roof disability .'
True	0	remembers	0.5836191177368164	remember	-0.11421355605125427	b'instead adjust your citizens to promote this apparently to their blocks , and financially actually , so that the scale to make her ***mask*** automatically .'
False	0	appears	-2.039468288421631	appear	-1.6479302644729614	b'because of the volume that his sunny paradise with dhaka angie had promised him , he became laptops mere as : " you can recommend a sickness and a scientist , eight forgiveness you ca n\'t commit ***mask*** whenever you \'re recent already " and raised postcards to the " vi jafar " paper hunting that " forth he felt medieval missiles to deliver previously slick as a supervisor " .'
True	0	goes	10.055057525634766	go	5.442458629608154	b'well , unless of course the third compressor he put in the car ***mask*** out .'
True	1	allow	1.186963677406311	allows	1.1400728225708008	b'i realize the wars on which i should revise your hunt ***mask*** : ( a ) do you prescribe a catastrophic week about the racing to collective flank countries fallen by eurasia ireland ?'
True	0	deserve	4.754171371459961	deserves	0.3163408637046814	b'please remember me pick if you seem any hearings or ***mask*** anything uncut .'
True	1	believe	0.663006067276001	believes	-5.1184282302856445	b"whie i do n't remain to the propaganda that the bombs we pick or come to ***mask*** no instability on our gentleman ( which i pale is highly municipal ) , it does preserve me whenever rules wash out a revolutionary justification of lions to clarify the bean on ."
True	0	writes	5.470845699310303	write	2.6883134841918945	b'beware for a theme of snakes in their stylist that cares from the neighbor and ***mask*** strongly to the membership fo the torch .'
False	0	insists	-3.742821455001831	insist	-3.5220298767089844	b'the angry cancer to melt for surgical ***mask*** to hop three , or your vehicle gown pork handful , and achieve .'
skipping is/are
True	0	happens	-1.012239694595337	happen	-3.3449604511260986	b'a dorsey dad arrayed in capricorn billion ***mask*** , " due to its trial astride the walker lanka , orleans has strictly been a bus to the type .'
False	0	remains	5.397298812866211	remain	5.434207916259766	b'as you proceed above the bakery , the staff of the beloved streak seems your strife and ***mask*** you remain stronger and clearer .'
True	0	create	0.007873836904764175	creates	-4.773393154144287	b'sales usually : cass four through university thirty ( expanding you wash on the monkey we tolerate and ***mask*** quietly to grandson the conviction after we tolerate )'
True	0	refer	3.058602809906006	refers	-0.792777419090271	b'forces indeed : rahman twenty through atta thousand ( obtaining you pay on the wasp we hear and ***mask*** willingly to conspiracy the rejection after we spend )'
True	1	suggest	3.367448091506958	suggests	-0.010393999516963959	b"whie i do n't forget to the government that the videos we believe or pay to ***mask*** no exploration on our butterfly ( which i tell is politically manned ) , it does digest me whenever genitals learn out a powerful button of burgers to want the notification on ."
True	0	define	2.391258478164673	defines	-1.9478728771209717	b'watch me choose if you make any surprises or ***mask*** anything advanced .'
True	2	observe	-4.508722305297852	observes	-4.618190765380859	b'the able tough marketers that seldom would describe from calf ***mask*** furnace , compliance , penalty , platform , consistent bakery and bankrupt newspapers of birds and holidays -- democratic as the grill wasp .'
False	0	pays	-1.137968897819519	pay	0.6311347484588623	b'if you see a lot who will vary to you and compete he will arrange and then carry his today , and not thank what he is preparing about whenever he holds leaders at efficient secretaries and ***mask*** they include what you choose , whenever they will not communicate for you , prepare to this landlord ... he is the information for you .'
True	1	enjoy	-1.7342714071273804	enjoys	-3.2645537853240967	b'additional grandchildren that thereby would reduce ***mask*** friends , birthday , hubbard dresser and some deaths of towels .'
True	1	believe	4.544613361358643	believes	3.07047176361084	b'but eager launchers do digest the relationship they tell he will conclude , and the appropriations who put him ***mask*** to endanger the attorneys who apologize him .'
True	0	reports	10.843382835388184	report	5.900851726531982	b'a milnet brief issued in february 2005 ***mask*** , " due to its position astride the persian gulf , iran has constantly been a threat to the gulf .'
False	0	develops	-4.5164408683776855	develop	-2.17496657371521	b'if you continue a coast who will miss to you and seem he will attend and then come his language , and not climb what he is telling about why he sends gifts at accurate services and ***mask*** they insist what you put , why they will not pay for you , make to this wording ... he is the expansion for you .'
skipping is/are
False	0	enjoys	-4.320222854614258	enjoy	-2.8025941848754883	b'the eligible jihad i fell extremely from them in the first camera ***mask*** because my digital cake who agreed with them was causing out on his overwhelming .'
False	0	enjoys	-3.49422287940979	enjoy	-2.8809516429901123	b'the strongest growth you can censor in aldo ***mask*** to recommend to a clothing .'
True	0	realise	-4.651669502258301	realises	-5.928704261779785	b'i decide we willingly prefer the hamster and ***mask*** to mcdonald .'
True	0	provides	-0.6802570819854736	provide	-2.1326944828033447	b'again argue your budgets to revise this afterward to their tools , and willingly environmentally , so that the scam to commit her ***mask*** abroad .'
True	0	grows	7.947574138641357	grow	4.4435505867004395	b'this dove of vision submits around the pyramid s creation and drinks and ***mask*** a monkey for the flood eventually on the network of the mayor in preacher of role daughters .'
True	0	create	5.040128707885742	creates	2.528844118118286	b'please specify me receive if you collaborate any lights or ***mask*** anything indefinite .'
True	0	relate	4.757640361785889	relates	0.1915203183889389	b'if you reflect any papers or ***mask*** any info approximately accordingly , please hesitate balochistan corp at four or fei sadat at billion .'
False	0	insists	-1.1494948863983154	insist	-0.9840877652168274	b'the strongest cake you can spell in archibald ***mask*** to raid to a wording .'
True	0	tosses	1.2917611598968506	toss	-2.9839584827423096	b'watch for a gallery of links in their midst that becomes from the hospitality and ***mask*** nowadays to the nightmare fo the server .'
True	2	allow	0.3607136905193329	allows	0.07022399455308914	b'the ancient dumb debtors that nowadays would receive from transition ***mask*** poverty , paradise , justice , gym , weak millet and familiar files of movies and currents -- fashioned as the bart radar .'
False	0	carries	-1.9658902883529663	carry	-1.8559728860855103	b'an outward assassination imprisoned in trillion ***mask*** there agree seven " cm " in the august operations , but urban posters are maybe safer than this .'
True	0	refuses	0.9650062918663025	refuse	-1.500157117843628	b'the first disgrace you serve why you oppose on chase objects that the ticket campaign respectfully happens out the lens and ***mask*** into the conflict wasp .'
False	0	spills	1.164379596710205	spill	7.584442138671875	b'the first thing you notice when you arrive on location is that the waiting line literally goes out the door and ***mask*** into the parking lot .'
True	0	responds	0.7604036331176758	respond	-0.08958170562982559	b'actually enjoy your cheques to remember this especially to their vests , and frankly onboard , so that the medicine to compel her ***mask*** indoors .'
True	0	includes	4.695988655090332	include	2.7338383197784424	b'the first tape you require why you anticipate on date ***mask*** that the profile supplier mostly creates out the discomfort and reflects into the fist husband .'
True	0	need	12.112237930297852	needs	8.444632530212402	b'let me know if you have any questions or ***mask*** anything else .'
True	0	creates	3.288238286972046	create	-0.3917887508869171	b'the first spine you serve why you anticipate on northeast enjoys that the discount judgment locally contains out the lamp and ***mask*** into the sentiment client .'
True	0	assumes	4.686044216156006	assume	2.239025592803955	b'unfortunately , the unexpected expertise signed for interest ***mask*** whether our epc ( the urban opportunity and thereby the influence they collaborate to warn ) is or enjoys not an eligible boyfriend under the discovery .'
True	0	includes	4.623924255371094	include	3.580122709274292	b"the coup to destroy in habitation ***mask*** that dwarf important provinces and republicans and rude hard people are tired to come badly virtually ready to the ayatollah in art than al - cass organisations , and it would be courteous to reduce one 's introductions off the delighted longevity ."
True	0	assume	1.4748049974441528	assumes	-1.030503749847412	b'they importantly include if you throw discount in your tire , ( for reptiles like me ) , they sell an edit of the beginner and ***mask*** neurological expectations to bless .'
skipping is/are
True	1	receive	5.055703639984131	receives	3.063431739807129	b"whie i do n't marry to the golf that the crews we refer or deny to ***mask*** no artwork on our volume ( which i come is virtually severe ) , it does pick me whenever transfers seem out a memorable tool of birds to retaliate the clay on ."
False	0	serves	1.0067514181137085	serve	2.6444201469421387	b'if you tend a news who will put to you and greet he will assess and then recruit his gravy , and not recruit what he is stepping about why he remembers hijackers at investigative minutes and ***mask*** they affirm what you condemn , whenever they will not spawn for you , groom to this pup ... he is the audience for you .'
True	0	recommend	2.4683613777160645	recommends	-1.652266502380371	b'if you receive any words or ***mask*** any appearance accidentally actively , please prepare germany brooklyn at trillion or colorado beth at three .'
True	0	decide	3.1321732997894287	decides	-1.5897328853607178	b"mechanics who meet these updates ***mask*** at the item everywhere ; and it 's subtle to decide they are aged and timely to begin no if they throw there would recover a status ."
True	0	happens	2.18548583984375	happen	-2.030954360961914	b'this merger of feedback brings around the grain s shuttle and moderates and ***mask*** a diarrhea for the threat exponentially on the currency of the diversion in woman of pipe graphics .'
False	0	suggests	1.557962417602539	suggest	1.9619755744934082	b'if you seem a panel who will demonstrate to you and hire he will immigrate and then verify his magnitude , and not determine what he is helping about whenever he believes marketers at educated bands and ***mask*** they affirm what you die , whenever they will not spawn for you , notify to this foreigner ... he is the unwillingness for you .'
False	1	operates	-2.9550349712371826	operate	-2.292022705078125	b'the historical voting movements wash there ***mask*** breathe to the passport .'
True	0	belongs	1.41395103931427	belong	-3.4260780811309814	b'this flipping of news depends around the racism s county and colleagues and ***mask*** a coast for the culture unfortunately on the satisfaction of the difference in paperwork of merger postings .'
True	0	enjoys	-1.9837961196899414	enjoy	-2.44099760055542	b'the hardest blog you can begin in edwin ***mask*** to pursue to a tank .'
True	0	grows	5.315999507904053	grow	2.786881446838379	b'as you collaborate above the machine , the tsunami of the cruel lamb receives your cave and ***mask*** you remember darker and darker .'
True	0	operates	-1.556021809577942	operate	-3.1796910762786865	b'the arrogant math i grabbed actually from them in the first streak ***mask*** because my polygamous balcony who expected with them was reviewing out on his arrogant .'
True	0	develops	2.2308785915374756	develop	1.151147484779358	b'this platform of queen serves around the couch s colony and grandchildren and ***mask*** a failure for the detective already on the pact of the gown in palace of sovereignty quotes .'
True	0	continue	7.127817630767822	continues	6.805963516235352	b'i become this endless supporter and ***mask*** to compel this nervous allocation .'
True	0	enjoys	-1.4220855236053467	enjoy	-2.606715679168701	b'the annoying corporate degree i have registered ***mask*** that in the luncheon of osama eighteen teacher of the mold is apparently traced in the turkey the moon before the vet , this stuff communicated after the substantial magazine .'
True	0	decides	1.2190866470336914	decide	-0.5456604957580566	b'a santa scenario advised in drew four ***mask*** , " due to its server astride the forum switzerland , arabia has possibly been a clothing to the manager .'
True	0	melt	0.8938977718353271	melts	0.12063488364219666	b'go me dine if you listen any trios or ***mask*** anything electronic .'
True	1	allows	3.3680455684661865	allow	1.0451585054397583	b'the incorrect fatal golf that he walks ***mask*** that he rhythmically wants his fears and clearly wakes necessary with his humble wildlife .'
True	0	wants	-3.3267180919647217	want	-3.667356252670288	b'a road parent operated in miami fifty ***mask*** , " due to its suicide astride the county nashville , edwards has generally been a clay to the consciousness .'
True	1	intends	1.5973455905914307	intend	-0.8756778836250305	b'the occasional forthcoming surgery that he keeps ***mask*** that he somehow drops his capabilities and directly reads necessary with his spectacular perfection .'
True	0	expects	-0.08802911639213562	expect	-0.5470717549324036	b'the first clue you want why you assume on cooperation ***mask*** that the store proposal frequently brings out the decor and reflects into the penny flank .'
True	0	creates	2.9792823791503906	create	-0.15916353464126587	b'it plays the team for situation egg and ***mask*** , \xe2\x80\x9c we are financed that the petersen should not evacuate with possible - reviewer historians who seek to deliver and lace halfway and effectively in the provisions , remarks , and daughters of beneficial duration . \xe2\x80\x9d'
True	0	represent	-0.5615772008895874	represents	-4.261843204498291	b'rules extremely : warren thousand through ashcroft thirty ( arising you see on the life we spend and ***mask*** warmly to recommendation the loading after we sell )'
True	0	require	4.731472969055176	requires	-0.44777995347976685	b'follow me prepare if you continue any squadrons or ***mask*** anything international .'
True	0	relates	1.7190872430801392	relate	-1.9470819234848022	b'as you seek above the navy , the detail of the friendly section provides your forgiveness and ***mask*** you circulate clearer and lighter .'
True	0	expects	-0.09652659296989441	expect	-0.7023804783821106	b'my buildup with acting the scholarship forth ***mask*** , could it be arrested that thus everyone drove the hoax would or could exist at any weekend , since we particularly built california and saudis and if they headed they might have completed a familiar destruction ??'
True	0	generates	-4.237639427185059	generate	-5.282198429107666	b'an aerial ego advised in three ***mask*** there assume four " cases " in the england ages , but unbelievable traders are firmly warmer than this .'
True	0	manages	0.7979845404624939	manage	-0.5875396132469177	b'as you collaborate above the target , the reliability of the severe publication melts your merchant and ***mask*** you require safer and clearer .'
True	0	intend	0.6082985401153564	intends	-0.3254967927932739	b'they easily expect if you meet surface in your tonnage , ( for sites like me ) , they throw an artillery of the predator and ***mask*** downstream extinctions to meet .'
True	0	begins	6.814206123352051	begin	2.822977304458618	b'can you affect that the laptop we are preparing ***mask*** toward a distinguishing and certain cafeteria ?'
True	1	extend	0.5101953744888306	extends	-0.03131446987390518	b'the additional peoples we sell in our coordination ***mask*** ; we condemn paperwork council for easter , surface tip and throat - butt for kabul .'
True	0	adds	2.743429183959961	add	0.5905551314353943	b'my threat with expecting the reaction directly ***mask*** , could it be eliminated that totally everyone led the tap would or could avoid at any period , since we highly loved virginia and states and if they testified they might have documented a global sentence ??'
False	0	responds	-6.502035617828369	respond	-2.151200532913208	b'well , unless immediately rarely the third luncheon he followed in the kitten ***mask*** out .'
True	0	hears	3.6459155082702637	hear	2.1050562858581543	b'it depends the trader for discomfort announcement and ***mask*** , \xe2\x80\x9c we are deployed that the heard should not adopt with conventional - conversation colleges who pose to collect and develop directly and onwards in the residents , directions , and habits of homemade curve . \xe2\x80\x9d'
False	1	indicate	1.0797585248947144	indicates	1.9160279035568237	b'the absurd chores we meet in our radar ***mask*** ; we lose region plate for easter , stream fantasy and ceiling - clan for leach .'
True	1	have	18.71929168701172	has	14.853046417236328	b"whie i do n't subscribe to the notion that the things we watch or listen to ***mask*** no effect on our behavior ( which i think is patently rediculous ) , it does bother me when people single out a specific group of people to pin the blame on ."
True	0	demonstrates	-4.221281051635742	demonstrate	-5.236675262451172	b'well , unless almost halfway the third confidante he signed in the criticism ***mask*** out .'
True	0	reflect	1.681377649307251	reflects	-2.269963264465332	b'if you believe any grandchildren or ***mask*** any exam afterward occasionally , please see louisiana murphy at sixteen or sue berlin at seven .'
True	0	makes	3.458312749862671	make	1.188023328781128	b'it relates the majority for belief aircraft and ***mask*** , \xe2\x80\x9c we are purchased that the regulatory should not overcome with strong - pump differences who continue to pick and revise forth and onwards in the sanctions , countries , and losses of weird perfection . \xe2\x80\x9d'
True	0	create	5.453080177307129	creates	1.0030654668807983	b'please delete me wrap if you believe any favorites or ***mask*** anything unprecedented .'
skipping is/are
True	0	want	15.78897762298584	wants	9.898855209350586	b'i dislike this urban society and ***mask*** to leave this whole enviroment .'
True	0	deliver	4.355785846710205	delivers	1.7259814739227295	b'prices incomplete : lake nine through industry seven ( acquiring you receive on the photograph we pose and ***mask*** directly to lodging the horse after we pose )'
True	0	generates	9.043128967285156	generate	6.14876127243042	b'this clerk of luck represents around the snow s swing and controllers and ***mask*** a revenue for the nightmare accidentally on the receipt of the club in tribe of decision seconds .'
True	0	allows	-0.6524650454521179	allow	-0.9345386028289795	b'my dentist with arriving the hatred solely ***mask*** , could it be arrested that regularly everyone heard the hole would or could arrive at any jaw , since we firmly needed bbc and pigs and if they remembered they might have purchased a critical software ??'
True	1	explain	1.260983943939209	explains	0.08497582376003265	b'i want the chores on which i should develop your website ***mask*** : ( a ) do you translate a willing mother about the context to tall laptop kids built by austin amy ?'
True	0	write	6.26409912109375	writes	1.9785019159317017	b'please make me remain if you pay any devices or ***mask*** anything independent .'
True	0	intends	4.987255573272705	intend	4.068142414093018	b'the sole liberty i murdered this vision ***mask*** to exploit anyone comparing this if they condemn of some retaliation i can prefer marry a star to this today today .'
True	0	seek	1.2030699253082275	seeks	-1.6385842561721802	b'you assume the picketing and ***mask*** tube signature into the welfare .'
True	0	understands	5.088704586029053	understand	4.142483711242676	b'the first manager you die whenever you indicate on recovery ***mask*** that the cork disintegration never drops out the curse and tells into the gem failure .'
True	0	admits	-0.7426944971084595	admit	-2.6632277965545654	b'the cheapest hunt you can join in atta ***mask*** to tend to a stadium .'
True	0	chooses	0.22049269080162048	choose	-1.2765978574752808	b'can you oppose that the logo we are bringing ***mask*** toward a respective and boring recovery ?'
False	0	reflects	-2.1071617603302	reflect	-1.2071027755737305	b'see for a petroleum of reviewers in their junk that submits from the date and ***mask*** really to the police fo the looting .'
True	0	reflect	2.784773826599121	reflects	-0.5841681957244873	b'come me create if you tell any records or ***mask*** anything ugly .'
True	1	explain	-2.5102906227111816	explains	-6.1540985107421875	b'irish tables that personally would customize ***mask*** spaces , satellite , financial behalf and some temples of curtains .'
True	0	produces	2.313359260559082	produce	2.00276780128479	b'the first provision you suck why you agree on bunch includes that the disgrace cancer frankly brings out the chili and ***mask*** into the trader scale .'
False	1	intend	-2.344200372695923	intends	-1.8279534578323364	b'i begin the waters on which i should continue your toy ***mask*** : ( a ) do you disrupt a same sect about the lot to fortunate description capsules served by ivan arabic ?'
True	0	chooses	2.5587334632873535	choose	-0.0694727748632431	b'can you exist that the border we are seeking ***mask*** toward a valid and various gun ?'
False	0	admits	2.605687141418457	admit	3.468686819076538	b"the surplus to bother in version ***mask*** that huge excellent lions and travels and shocked judicial compliments are lethal to hire badly certainly tired to the andaman in abdel than al - blue attorneys , and it would be virtual to develop one 's others off the barren convention ."
True	0	goes	15.126968383789062	go	10.563891410827637	b'look for a lot of stripes in their head that starts from the beak and ***mask*** back to the back fo the bird .'
True	2	appear	-4.6075439453125	appears	-5.199460983276367	b'the effeminate sensitive years that never would recreate from backup ***mask*** painter , satellite , cheese , vet , typical surface and democratic connections of temperatures and resolutions -- rural as the leo kidney .'
True	0	decides	3.099494695663452	decide	-0.2047685980796814	b'can you expire that the ground we are happening ***mask*** toward a partial and soothing custody ?'
True	0	manage	0.008200980722904205	manages	-2.7684719562530518	b'you indicate the lettuce and ***mask*** nomination piece into the planet .'
True	0	appears	6.100988388061523	appear	1.6463462114334106	b'the strongest grave you can warn in alexandria ***mask*** to reopen to a channel .'
True	0	operates	-0.1266009658575058	operate	-1.654038906097412	b'the absolute payable lighting i have contributed ***mask*** that in the suggestion of iaea eighteen landlord of the creativity is increasingly traced in the lieutenant the password before the telephone , this swing deleted after the diplomatic condominium .'
True	0	represents	-0.20749014616012573	represent	-2.727548122406006	b'an agreeable insight executed in fifty ***mask*** there add billion " weapons " in the abdul israelis , but underage commanders are slowly healthier than this .'
True	0	allows	0.31642475724220276	allow	-1.0484064817428589	b'the intense diversion i passed ago from them in the first mistake ***mask*** because my historical position who appeared with them was receiving out on his awful .'
True	0	serves	4.894681930541992	serve	0.986896812915802	b'this character of brass sends around the growth s spa and choices and ***mask*** a shit for the reality indoors on the decor of the bug in contrast of soul fights .'
True	0	tosses	1.3543343544006348	toss	-1.9088200330734253	b'if you laugh a worship who will migrate to you and marry he will execute and then remove his mankind , and not migrate what he is growing about why he continues balls at impressionist trips and ***mask*** they expect what you seek , why they will not circulate for you , prepare to this patronage ... he is the office for you .'
True	0	deserve	6.076463222503662	deserves	2.1871111392974854	b'put me decide if you condemn any days or ***mask*** anything exceptional .'
True	0	sucks	-0.9924495816230774	suck	-3.438020706176758	b'an amusing invitation arrived in five ***mask*** there oppose four " thousands " in the afghanistan appropriations , but invasive rats are still cheaper than this .'
True	0	grows	18.92803955078125	grow	16.5438175201416	b'also encourage your recipients to forward this along to their contacts , and so on , so that the movement to help her ***mask*** exponentially .'
True	1	operate	-1.9022955894470215	operates	-2.082242250442505	b'i refer the facts on which i should raid your farce ***mask*** : ( a ) do you serve a joint congregation about the grill to gentle floor habits meant by edt electoral ?'
False	0	delivers	-1.0614120960235596	deliver	-0.9708874225616455	b'otherwise include your meals to prefer this incredibly to their photos , and however approximately , so that the stranger to destroy her ***mask*** efficiently .'
True	1	include	3.0386462211608887	includes	1.892390489578247	b'i listen the packages on which i should provide your chapel ***mask*** : ( a ) do you wash a vital hole about the perfume to fundamental locker stages kept by arabia atomic ?'
True	0	operates	0.48464375734329224	operate	-1.7036449909210205	b'the independent constant democracy i have reduced ***mask*** that in the palace of autumn eight kid of the violence is afterward checked in the pub the furnace before the coordination , this notion printed after the competitive fashion .'
False	0	adds	-0.6928253769874573	add	0.296043336391449	b'the unprecedented cash to choose for global ***mask*** to defend fifty , or your moment tent car reptile , and accept .'
False	0	understands	4.538966655731201	understand	5.409180641174316	b'especially , the impressionist acupuncture designated for embarrassment ***mask*** whether our account ( the ecological application and thus the opportunity they spend to postpone ) is or affects not an essential kindness under the ranch .'
False	0	agrees	-2.589026927947998	agree	1.6767058372497559	b'because of the coordination that his tribal deck with nov ukraine had spent him , he continued hundreds humble as : " you can respond a conflict and a movement , eighteen tuna you ca n\'t define ***mask*** whenever you \'re meaningful also " and demonstrated collages to the " laurie levitt " partner promoting that " quickly he visited shiite proponents to pour slightly tolerable as a warning " .'
True	0	generate	-0.8546051979064941	generates	-2.0176172256469727	b'birds suffer the example but ***mask*** her frightening cake and the landing progresses .'
True	0	deserves	0.886593222618103	deserve	-4.295588493347168	b'it thinks the resolution for pain instructor and ***mask*** , \xe2\x80\x9c we are perceived that the janet should not implement with reasonable - carrier reservations who spend to make and spawn personally and abruptly in the rabbits , salads , and partnerships of fashioned database . \xe2\x80\x9d'
True	0	believes	2.869358777999878	believe	-0.47501441836357117	b'can you interfere that the boulevard we are bleeding ***mask*** toward a municipal and marvelous pursuit ?'
skipping is/are
False	1	employ	-0.5536257028579712	employs	0.10629560053348541	b'the empty ft we prefer in our religion ***mask*** ; we become trend responsibility for easter , police conclusion and target - landlord for finland .'
False	0	adds	0.07184569537639618	add	0.9808799624443054	b'the annoyed custody to retaliate for technical ***mask*** to monitor two , or your priest foreigner rejection flank , and introduce .'
False	0	includes	4.569687366485596	include	4.986660957336426	b'the advanced crucial container i have chosen ***mask*** that in the discretion of ei eighteen station of the rain is onshore banned in the blower the substance before the feeder , this compensation felt after the retarded doctor .'
True	0	makes	3.1360585689544678	make	0.2503402829170227	b'it wakes the king for ball alarm and ***mask*** , \xe2\x80\x9c we are signed that the mohammed should not impose with messy - prayer minds who become to preserve and recruit widely and unanimously in the restrictions , civilians , and standards of compatible spreadsheet . \xe2\x80\x9d'
True	1	suck	1.9774290323257446	sucks	-2.8850507736206055	b"whie i do n't register to the leash that the partnerships we learn or provide to ***mask*** no acceptance on our guest ( which i laugh is historically spiritual ) , it does reflect me whenever difficulties represent out a considerable transition of bodies to produce the sales on ."
True	0	spends	2.169999599456787	spend	-0.8613293170928955	b'extremely adjust your centres to listen this aggressively to their budgets , and completely officially , so that the propaganda to remove her ***mask*** underneath .'
False	0	affirms	2.256377696990967	affirm	2.256377696990967	b'the happy discharge i seized this vision ***mask*** to assist anyone dispersing this if they tend of some transaction i can retrieve perform a buildup to this plan chess .'
False	0	toss	-0.37671059370040894	tosses	0.9842021465301514	b'come me throw if you pay any moors or ***mask*** anything unlimited .'
True	0	carry	1.0400835275650024	carries	-4.581709861755371	b'i continue this illegal bombing and ***mask*** to hang this popular exam .'
False	0	understands	-3.458806276321411	understand	0.8785876631736755	b'my registration with achieving the prosecution pursuant ***mask*** , could it be agreed that politely everyone flew the branch would or could impress at any tabs , since we primarily flowed ham and computers and if they blended they might have cooked a healthy mouth ??'
True	0	come	4.151153564453125	comes	1.420776605606079	b'if you develop any fans or ***mask*** any invoice apart automatically , please see troy carnegie at two or singer wood at seven .'
True	0	provide	3.1370420455932617	provides	-1.383506178855896	b'go me listen if you pose any firms or ***mask*** anything ethnic .'
False	1	explain	-6.344762325286865	explains	-6.158590316772461	b'irish spurs that predominantly would reflect ***mask*** ships , penny , lynch beach and some deaths of rebels .'
True	0	meet	5.035335540771484	meets	-0.7293428778648376	b'beware me digest if you throw any couples or ***mask*** anything edible .'
skipping is/are
True	1	expects	2.873000144958496	expect	1.5875850915908813	b'the economic functional murderer that he writes ***mask*** that he particularly goes his cabins and surely cares fabulous with his difficult gem .'
True	1	remain	3.697744846343994	remains	0.9468101859092712	b"whie i do n't communicate to the pilot that the speakers we choose or suggest to ***mask*** no inquiry on our worker ( which i require is wholly scientific ) , it does remind me whenever requests seek out a temporary bench of helicopters to prescribe the deadline on ."
True	0	ensure	0.25424301624298096	ensures	-1.7503985166549683	b'they extremely add if you make route in your wager , ( for gains like me ) , they begin an attraction of the sheet and ***mask*** naked appropriations to wander .'
False	0	understands	0.8370908498764038	understand	1.9533445835113525	b'the unacceptable privileged photography i have filled ***mask*** that in the kidney of agra eighteen complaint of the voting is individually described in the career the journey before the tug , this therapy paid after the tripartite harness .'
False	0	sees	0.36311230063438416	see	1.01116144657135	b'actually adjust your hens to meet this obviously to their references , and still abroad , so that the difficulty to deserve her ***mask*** approximately .'
False	1	extend	-1.164824366569519	extends	-0.5174232721328735	b'i refuse the volumes on which i should cancel your country ***mask*** : ( a ) do you donate a frustrating satisfaction about the context to soft surface drugs noticed by ontario aires ?'
True	0	ensures	5.382258415222168	ensure	4.539288520812988	b'the first facility you carry whenever you oppose on sympathy ***mask*** that the pocket garage super receives out the paw and lasts into the grave flooding .'
True	0	assumes	4.566201686859131	assume	1.7612049579620361	b'the awful busy breeder i have passed ***mask*** that in the rabbit of iceland eighteen spa of the campaigning is otherwise kept in the proportion the flipping before the hotel , this carbon turned after the big web .'
True	0	recommends	0.665461540222168	recommend	-0.4727970361709595	b'as you suffer above the provision , the plenty of the superior migrant goes your drama and ***mask*** you contain newer and clearer .'
True	0	has	13.954804420471191	have	7.865074157714844	b'this type of harness goes around the dog s chest and legs and ***mask*** a clip for the leash up on the back of the dog in middle of shoulder blades .'
True	0	visit	9.108701705932617	visits	7.539458751678467	b'dignitaries condemn the act but ***mask*** her bereaved family and the money flows .'
True	1	enjoy	-0.3369775414466858	enjoys	-1.0590565204620361	b'the academic grandparents we proceed in our channel ***mask*** ; we pose market none for easter , flipping reputation and scam - tonight for chechnya .'
True	2	include	15.282071113586426	includes	11.69368839263916	b'the important commercial species that probably would benefit from warming ***mask*** cod , haddock , saithe , herring , blue whiting and several types of flatfish and crustaceans -- such as the norway lobster .'
True	0	hears	1.538732886314392	hear	0.4912680983543396	b'even adjust your prices to begin this indeed to their dividends , and carefully aggressively , so that the route to dine her ***mask*** incorrectly .'
True	0	fails	-1.0245766639709473	fail	-2.820824146270752	b'a reserve forum anticipated in lanka fifty ***mask*** , " due to its vet astride the warner carnival , assembly has fairly been a whim to the client .'
True	0	enjoys	-2.588554859161377	enjoy	-2.6843273639678955	b'the automatic traveler i threw eventually from them in the first consumption ***mask*** because my fortunate crime who appreciated with them was looking out on his ambitious .'
True	0	comes	8.25964641571045	come	5.984857559204102	b'can you interfere that the spring we are joking ***mask*** toward a same and reasonable medicine ?'
True	0	ensure	3.435342311859131	ensures	-0.3232192397117615	b'they exponentially indicate if you carry bull in your panic , ( for lions like me ) , they laugh an extent of the field and ***mask*** similar affairs to bless .'
True	0	continue	8.485825538635254	continues	2.218932867050171	b'i hear we possibly pick the milk and ***mask*** to lebanon .'
False	0	tends	0.33334124088287354	tend	1.0809422731399536	b'i remain the salsa you preceded to me ***mask*** to the belgium pew at europe ( ran in nicobar ) .'
False	0	operates	-1.4168797731399536	operate	-0.8534021377563477	b'the unaware site to click for mobile ***mask*** to withdraw six , or your cousin magazine warranty snack , and owe .'
True	0	includes	3.8931148052215576	include	2.979965925216675	b'my dad with establishing the protein surely ***mask*** , could it be approved that publicly everyone lacked the tug would or could exceed at any permission , since we roughly drafted philip and tamils and if they felt they might have needed a meticulous directive ??'
True	1	develop	2.5504024028778076	develops	-1.9413058757781982	b'but unacceptable demons do compel the route they propose he will grow , and the agreements who provide him ***mask*** to obtain the appropriations who exist him .'
False	0	produces	-3.0084128379821777	produce	-1.697567105293274	b'i consider the dominance you replied to me ***mask*** to the kennedy coogan at april ( tried in kim ) .'
True	1	reflect	0.7999568581581116	reflects	-3.8755156993865967	b'but attentive hosts do harass the fan they manage he will recreate , and the implications who wash him ***mask*** to emit the establishments who expect him .'
True	1	agrees	4.658894062042236	agree	1.078870177268982	b'the inappropriate romantic diversion that he submits ***mask*** that he honestly demonstrates his fundamentalists and gently follows necessary with his visible correction .'
True	0	beg	-2.7582387924194336	begs	-4.3244500160217285	b'find me retake if you develop any publications or ***mask*** anything optimistic .'
True	0	relates	1.215105652809143	relate	-0.0927211195230484	b'the first pig you carry whenever you eat on possibility exists that the scrap photographer downhill lasts out the punishment and ***mask*** into the sensitivity shame .'
True	1	appear	-2.0595672130584717	appears	-3.7391979694366455	b'antique spurs that greatly would testify ***mask*** contents , chairman , portugal profile and some liberties of cartoons .'
True	0	observes	3.429192066192627	observe	2.6279890537261963	b"the rebel to hire in sensitivity ***mask*** that many afraid strategies and seas and respective retired birds are basic to pour badly partly brave to the ukraine in israel than al - berlin utensils , and it would be neat to fill one 's affairs off the gentle convenience ."
True	0	need	12.435766220092773	needs	8.26903247833252	b'please let me know if you have any questions or ***mask*** anything else .'
True	0	enter	3.683187246322632	enters	1.0546821355819702	b'they indefinitely operate if you hear master in your time , ( for hijackers like me ) , they lose an environment of the consistency and ***mask*** narrow earthworms to prepare .'
True	0	compares	-1.1545476913452148	compare	-1.3442069292068481	b'an external origin authorized in sixteen ***mask*** there assume seven " kilometres " in the ana arabs , but impeccable countries are possibly lighter than this .'
True	0	manage	5.732593536376953	manages	2.387526273727417	b'ladies initially : jeremy two through electoral three ( expanding you manage on the purpose we listen and ***mask*** rarely to thread the cat after we listen )'
False	0	explains	1.7936291694641113	explain	3.0042316913604736	b'the recent wording i tried this jar ***mask*** to evacuate anyone telling this if they proceed of some stylist i can postpone seem a decor to this document report .'
True	0	includes	1.0818867683410645	include	-2.2367300987243652	b'the asymmetrical wager i blew indeed from them in the first bench ***mask*** because my dumb friendship who ordered with them was suggesting out on his electrostatic .'
True	0	seeks	2.3905699253082275	seek	0.40092721581459045	b'as you laugh above the compliance , the theater of the latter source develops your section and ***mask*** you reassure taller and clearer .'
False	0	begs	-4.326066017150879	beg	-1.3247381448745728	b'i seem the manner you called to me ***mask*** to the croatia grill at amsterdam ( said in teresa ) .'
True	0	refers	6.53834867477417	refer	1.249904990196228	b'can you approve that the rivalry we are joining ***mask*** toward a suspicious and privileged disaster ?'
False	1	intend	-0.4065427780151367	intends	-0.16221845149993896	b'i recognize the dollars on which i should revise your band ***mask*** : ( a ) do you communicate a valid predator about the lifeboat to constant mystery cats strengthened by antichrist autumn ?'
True	0	begins	1.7496520280838013	begin	0.9524242281913757	b'come for a team of women in their guerilla that generates from the cabinet and ***mask*** mostly to the cave fo the propane .'
True	0	belong	-1.6213334798812866	belongs	-3.41752028465271	b'judges laugh the imprisonment but ***mask*** her monthly wire and the neighborhood relates .'
False	0	understands	3.9106667041778564	understand	4.107895851135254	b"the wing to concur in reduction ***mask*** that retired antique courses and rockies and preventive full deer are tragic to describe soon historically hospitable to the ontario in ontario than al - sharon alternatives , and it would be fashioned to collect one 's utilities off the senior feedback ."
True	0	remember	0.6641228795051575	remembers	-4.903243541717529	b'you apply the toy and ***mask*** fighter hair into the blackmail .'
True	0	dies	2.600226879119873	die	-1.8118901252746582	b'this conviction of homosexuality melts around the team s neighbor and militants and ***mask*** a director for the jerk importantly on the beard of the lunch in weapon of law thieves .'
True	1	includes	5.697389602661133	include	4.870598793029785	b'the unable forthcoming hospitality that he deserves ***mask*** that he strongly sees his prisoners and necessarily writes diplomatic with his northeastern wasp .'
True	0	require	2.4845619201660156	requires	-0.45714884996414185	b'learn me miss if you carry any whereabouts or ***mask*** anything unbelievable .'
True	0	delivers	2.938868284225464	deliver	-0.9596502780914307	b'can you enable that the contribution we are checking ***mask*** toward a generic and controversial cage ?'
True	0	hears	1.32557213306427	hear	0.665394127368927	b'an unknown alert aggravated in nine ***mask*** there oppose three " genitals " in the andre ages , but unpopular standards are roughly happier than this .'
True	0	want	2.4394962787628174	wants	-4.382651329040527	b"terms who require these actions ***mask*** at the effort amazingly ; and it 's ridiculous to concur they are absolute and sunny to withdraw no if they deny there would fix a therapist ."
True	0	see	8.558918952941895	sees	3.9748189449310303	b'if you meet any records or ***mask*** any army incomplete always , please hang rahman hell at three or palestine niagara at six .'
True	0	refer	-0.17286357283592224	refers	-0.41497066617012024	b'prices prefer the opinion but ***mask*** her primary tract and the clothing begins .'
False	0	observes	-4.584555149078369	observe	-2.9214115142822266	b'my yoga with answering the throat technically ***mask*** , could it be understood that properly everyone belonged the parent would or could establish at any swing , since we correctly warned courtney and californians and if they killed they might have saved a cruel violence ??'
skipping is/are
True	1	explain	-1.392225980758667	explains	-4.237922668457031	b'asian traditions that hopefully would wrap ***mask*** trees , reconciliation , saddam waitress and some reservations of measures .'
False	0	throws	-2.4148294925689697	throw	-0.09718802571296692	b'i remain the kid you tested to me ***mask*** to the colin coalition at okinawa ( guaranteed in loretta ) .'
True	0	adds	-1.8953653573989868	add	-4.920533657073975	b'the electronic convenience i chose apparently from them in the first station ***mask*** because my functional connection who indicated with them was telling out on his undecided .'
True	0	provide	-1.0547055006027222	provides	-2.138896942138672	b'i spend this acceptable wagon and ***mask*** to prepare this regional energy .'
True	0	recommend	-1.1597795486450195	recommends	-1.2429673671722412	b'i serve we somewhat sell the fan and ***mask*** to kline .'
False	0	indicates	0.8196287751197815	indicate	1.2253670692443848	b'because of the virus that his solar photography with delivery oglethorpe had happened him , he missed producers yellow as : " you can communicate a spore and a bravery , eight menu you ca n\'t prepare ***mask*** why you \'re limp unfortunately " and stayed currents to the " taiwan canal " jail containing that " repeatedly he phoned perfect foreigners to collect warmly militant as a philosophy " .'
True	0	remains	-0.1617702841758728	remain	-2.3357863426208496	b'i proceed the towing you threw to me ***mask*** to the don rice at ayatollah ( folded in milan ) .'
True	0	indicates	8.290821075439453	indicate	5.344496726989746	b'the unexpected radical notification i have proposed ***mask*** that in the collateral of orr eighteen locker of the majority is immediately protected in the pasture the merger before the skill , this shame tasted after the biochemical device .'
True	0	relate	0.26389509439468384	relates	-7.521927356719971	b"programs who seem these adults ***mask*** at the ideology entirely ; and it 's defensive to put they are unconnected and dead to grab no if they die there would commit a phenomenon ."
False	0	loses	0.4849063754081726	lose	1.194135308265686	b'i decide the notch you began to me ***mask*** to the tiffany mcdonald at atlanta ( maintained in superfund ) .'
False	0	decides	0.6740911602973938	decide	1.5652985572814941	b'if you die a source who will represent to you and reflect he will expand and then migrate his determination , and not regret what he is hoping about whenever he depends reasons at eastern temperatures and ***mask*** they indicate what you throw , why they will not defend for you , come to this tension ... he is the affair for you .'
True	0	delivers	-3.2420456409454346	deliver	-4.181641101837158	b'well , unless inevitably thus the third lease he deleted in the chapter ***mask*** out .'
True	0	generate	10.95039176940918	generates	5.724508285522461	b'if you manage any dilemmas or ***mask*** any energy occasionally overly , please continue kaufman jan at seven or lake rolling at fifteen .'
True	0	points	12.946906089782715	point	9.249490737915039	b'can you accept that the road we are travelling ***mask*** toward a grim and painful future ?'
False	1	adds	1.1932510137557983	add	2.3334970474243164	b'the joint lot cases recommend there ***mask*** raid to the craft .'
True	0	includes	4.0612640380859375	include	2.5074715614318848	b'the hysterical democracy i started this counsel ***mask*** to identify anyone seeking this if they provide of some preparation i can prove strengthen a recovery to this brass period .'
skipping is/are
True	0	demonstrate	1.4143855571746826	demonstrates	-0.40166527032852173	b'commissioners decide the advertising but ***mask*** her delicate driver and the surplus supports .'
True	0	refuse	2.7291643619537354	refuses	1.197141170501709	b'wolves see the exclusion but ***mask*** her geographical space and the death receives .'
True	1	assume	0.8356548547744751	assumes	-0.21973885595798492	b'the electoral parties we tolerate in our label ***mask*** ; we manage percentage tutorial for easter , climate chili and warning - rein for christianity .'
True	0	write	3.806546926498413	writes	0.22820036113262177	b'wait me grow if you learn any targets or ***mask*** anything unconnected .'
True	0	lose	1.2097407579421997	loses	-3.2657063007354736	b'i come we rapidly begin the tin and ***mask*** to southwest .'
True	0	require	18.648210525512695	requires	11.484319686889648	b'if you have any questions or ***mask*** any assistance at all , please contact hope duncan at 202.739.0134 or jeff mangold at 703.729.2710 .'
False	0	observes	-5.385103225708008	observe	-3.4666996002197266	b'the aware coast i requested onboard from them in the first center ***mask*** because my glad midst who enjoyed with them was seeking out on his unfortunate .'
True	0	carry	4.086451053619385	carries	-1.0110251903533936	b'please put me communicate if you lose any headlines or ***mask*** anything unacceptable .'
True	0	believe	4.6975178718566895	believes	-0.35266202688217163	b"prices who pale these astronauts ***mask*** at the enjoyment anymore ; and it 's hectic to commit they are environmental and bored to foresee no if they begin there would deliver a vegetable ."
True	2	expect	-4.78528356552124	expects	-5.986910820007324	b'the extraordinary false provinces that secretly would cancel from scrap ***mask*** protein , bunch , lifeboat , lease , visible sensitivity and terrible bottles of relatives and sales -- sensitive as the capricorn background .'
True	1	apply	-1.3120832443237305	applies	-4.9015212059021	b'additional leaders that thereafter would translate ***mask*** things , property , jared combo and some lions of guidelines .'
False	0	ensures	-2.3552801609039307	ensure	-1.8970131874084473	b'the interested popularity to reconsider for lax ***mask*** to retrieve six , or your professor difference criticism competition , and adjust .'
True	0	carry	0.409778356552124	carries	-0.890313982963562	b'you exist the chairman and ***mask*** disease fan into the sovereignty .'
True	1	intend	-0.30563291907310486	intends	-3.1254208087921143	b'additional parties that frankly would conclude ***mask*** donations , custody , japan ticket and some provisions of toes .'
True	0	makes	17.576387405395508	make	12.851786613464355	b'as you sit above the world , the warmth of the golden sun penetrates your body and ***mask*** you feel warmer and warmer .'
True	0	seek	4.25883674621582	seeks	0.2288816124200821	b'you operate the campaign and ***mask*** counsel grandson into the facility .'
True	0	loses	3.817047357559204	lose	-0.6135023832321167	b'it refuses the council for man expectation and ***mask*** , \xe2\x80\x9c we are filmed that the lake should not enable with massive - character companies who provide to commit and revise regardless and indoors in the responsibilities , bottles , and chicks of satisfied creation . \xe2\x80\x9d'
True	0	learns	-1.8844965696334839	learn	-3.2504656314849854	b'an underage atrophy equipped in billion ***mask*** there intend seven " complexes " in the eurasia indians , but infinite tires are nowadays cheaper than this .'
True	0	observe	1.8652089834213257	observes	-2.2038185596466064	b'they obviously anticipate if you make boy in your facility , ( for bottles like me ) , they realize an ownership of the participant and ***mask*** certified agencies to prove .'
False	0	belong	-4.476841926574707	belongs	-1.3161771297454834	b'rules listen the artwork but ***mask*** her promotional perception and the queen produces .'
True	1	intends	2.550130844116211	intend	-2.2555267810821533	b'the unsure strategic story that he tells ***mask*** that he virtually contains his bucks and currently continues necessary with his dire pleasure .'
True	0	suggest	1.038380742073059	suggests	-1.1720789670944214	b'reports eventually : limerick fifteen through ismail nine ( emerging you listen on the coat we decide and ***mask*** sufficiently to feedback the setback after we hear )'
True	0	spend	4.55206298828125	spends	1.3004724979400635	b'cats provide the ownership but ***mask*** her huge manufacturer and the pup cares .'
True	0	requires	7.180466175079346	require	4.8145246505737305	b'this wire of capability reflects around the commodity s trend and bombers and ***mask*** a memo for the sect eventually on the receiver of the diversion in payment of photo duties .'
True	0	allows	0.9149160981178284	allow	0.41474464535713196	b'my landing with increasing the crab traditionally ***mask*** , could it be understood that shortly everyone replaced the proportion would or could achieve at any mile , since we relatively felt messenger and fridays and if they planned they might have diagnosed a spiritual mode ??'
False	0	insists	3.0717358589172363	insist	3.1773416996002197	b'the homemade counsel i listened this beard ***mask*** to execute anyone filling this if they throw of some letter i can vomit propose a heart to this patience cage .'
True	0	begin	5.596972465515137	begins	1.4494876861572266	b'i continue we pursuant meet the cave and ***mask*** to lucy .'
True	0	applies	-0.30623573064804077	apply	-2.5208659172058105	b'the immediate strong parent i have lived ***mask*** that in the cafe of alito eighteen teeth of the health is abundantly monitored in the warlord the consumer before the medal , this showroom grabbed after the cute reconciliation .'
skipping is/are
skipping is/are
False	0	understands	-2.864588499069214	understand	-1.1863073110580444	b'the first fence you laugh why you admit on coup ***mask*** that the trial life really happens out the kitchen and hates into the floor beard .'
True	0	intends	2.609330892562866	intend	-1.4195637702941895	b'usually , the insecure invoice taken for infantry ***mask*** whether our index ( the incredible invention and somehow the arrangement they see to protect ) is or objects not an identical whim under the healthcare .'
True	0	happens	2.994426965713501	happen	1.897304892539978	b'turn for a musician of stories in their concert that belongs from the locker and ***mask*** successfully to the punishment fo the jury .'
True	0	pay	3.8462185859680176	pays	-1.7088350057601929	b'ladies exactly : columbia six through abramoff five ( attempting you propose on the tea we decide and ***mask*** politely to speaker the wolf after we propose )'
True	0	go	15.441163063049316	goes	8.648204803466797	b'days away : sept. 21 through oct. 3 ( assuming you work on the day we leave and ***mask*** back to work the day after we return )'
False	0	understands	0.402781218290329	understand	1.1722115278244019	b'the uncut sweet waiter i have placed ***mask*** that in the lottery of amsterdam eight trip of the language is afterward taken in the scrutiny the child before the grid , this sea published after the tall salsa .'
True	0	continue	0.20834486186504364	continues	-2.1669065952301025	b'click me wear if you suck any shelves or ***mask*** anything aortic .'
False	0	adds	1.1509740352630615	add	1.3319902420043945	b'the smallest studio you can carry in omar ***mask*** to burn to a suggestion .'
False	0	sees	0.8270740509033203	see	2.102626085281372	b'it seems the tourist for quo identity and ***mask*** , \xe2\x80\x9c we are projected that the terry should not oppose with legislative - payout sanctions who remember to remain and communicate shortly and automatically in the tensions , temples , and messages of necessary cousin . \xe2\x80\x9d'
True	0	learns	3.1451945304870605	learn	2.2902562618255615	b'bring for a heaven of weapons in their virus that reads from the master and ***mask*** smoothly to the task fo the marketing .'
True	0	throws	4.382421493530273	throw	0.7178192138671875	b'as you seem above the ton , the perfume of the critical protein provides your pattern and ***mask*** you reassure newer and taller .'
True	1	spend	5.758054733276367	spends	-0.2885308861732483	b"whie i do n't solve to the commission that the stars we choose or receive to ***mask*** no aircraft on our death ( which i want is promptly generic ) , it does generate me whenever projects carry out a relaxed spa of crimes to see the pork on ."
True	0	receive	0.871423602104187	receives	-5.834787368774414	b'i propose this astounding rail and ***mask*** to pursue this naive office .'
True	0	exists	2.9504690170288086	exist	0.6155271530151367	b'the first proportion you collaborate whenever you exist on darkness ***mask*** that the junk tractor respectively pays out the hybrid and suggests into the permission tax .'
True	0	allows	3.3413636684417725	allow	2.105769157409668	b'my haven with acting the character merely ***mask*** , could it be accepted that cheaply everyone grabbed the labor would or could assist at any picketing , since we regularly listened beijing and metals and if they remembered they might have titled a honest direction ??'
True	0	intends	1.3367109298706055	intend	-1.6068178415298462	b'ever , the immediate absorption created for arthritis ***mask*** whether our ets ( the unknown exposure and dramatically the energy they describe to maintain ) is or understands not an angry reality under the corps .'
True	0	understands	0.6099337339401245	understand	0.6022399663925171	b'the rare reversal i called this sauce ***mask*** to attend anyone doing this if they make of some puppy i can breathe forget a bag to this thanks money .'
True	0	deserves	1.563190221786499	deserve	0.5589150786399841	b'i deny the brain you developed to me ***mask*** to the janice sancho at ips ( protected in mills ) .'
False	0	explains	-2.3402416706085205	explain	-0.29491785168647766	b'because of the musician that his timely comparison with ray ei had protected him , he contacted rewards solid as : " you can regret a pewter and a master , eighteen capacity you ca n\'t foresee ***mask*** whenever you \'re crucial indefinitely " and said snakes to the " prophet scotland " tension watching that " basically he belonged dear policies to wrap neatly preventive as a room " .'
False	0	suffers	1.156446933746338	suffer	2.376596212387085	b'the first dioxide you deny why you admit on tip enjoys that the tourism staff hereby crashes out the company and ***mask*** into the heating friendship .'
False	0	meets	-2.55304217338562	meet	-0.7865748405456543	b'well , unless indeed quietly the third position he phoned in the marketing ***mask*** out .'
True	0	create	7.370764255523682	creates	2.348911762237549	b'save me discuss if you tend any conclusions or ***mask*** anything amusing .'
True	0	realise	-0.16699503362178802	realises	-4.1656494140625	b"stars who recognize these attempts ***mask*** at the id incorrectly ; and it 's grand to harass they are educated and naive to reassure no if they come there would spell a direction ."
True	0	put	5.968155384063721	puts	-0.2047404944896698	b'you add the water and ***mask*** water conditioner into the water .'
True	0	states	15.572702407836914	state	9.3705472946167	b'it presents the case for marriage equality and ***mask*** , \xe2\x80\x9c we are resolved that the state should not interfere with same - gender couples who choose to marry and share fully and equally in the rights , responsibilities , and commitments of civil marriage . \xe2\x80\x9d'
True	0	adds	6.052114486694336	add	3.3743932247161865	b"the wolf to continue in time ***mask*** that critical afghan kinds and pakistanis and dissatisfied kurdish gentlemen are romantic to harass badly faithfully tall to the andrew in ashcroft than al - lonely appointees , and it would be gullible to prove one 's ecosystems off the final sea ."
False	0	respond	2.5818583965301514	responds	3.4629530906677246	b'i refer we perfectly provide the pub and ***mask*** to cst .'
True	0	suggests	13.640525817871094	suggest	8.931532859802246	b'an official estimate issued in 2003 ***mask*** there are 50,000 " foreigners " in the andaman islands , but unofficial figures are much higher than this .'
