True	1	exists	1.7180575132369995	exist	0.8323029279708862	b'the organised massive skin that he depends ***mask*** that he thus sends his rights and nowadays tells lazy with his northeastern merchant .'
True	0	ensures	-3.788663387298584	ensure	-5.847876071929932	b'because of the paperwork that his terrible father with dental alan had shared him , he saved wonders continental as : " you can retake a programming and a problem , eighteen song you ca n\'t gather ***mask*** whenever you \'re humble abroad " and discussed nostrils to the " future korea " dish removing that " primarily he said pakistani hands to reassure thus vital as a receipt " .'
False	0	admits	1.9191863536834717	admit	2.486753463745117	b'the first settlement you suggest whenever you extend on rumor ***mask*** that the premium media slowly melts out the culture and dies into the belly fever .'
True	0	spill	0.4740417003631592	spills	-1.2863203287124634	b'if you choose any holdings or ***mask*** any electricity ethnically already , please tell sarah gm at six or crawford kevin at nine .'
True	0	decide	3.877607583999634	decides	0.6538147330284119	b'please groom me translate if you prefer any forums or ***mask*** anything obvious .'
True	0	approves	-0.4104864299297333	approve	-1.4040067195892334	b"the sauce to recruit in pastor ***mask*** that full european complexes and communists and strange jewish species are conventional to hang soon thereby violent to the amsterdam in isi than al - taiwan animals , and it would be numerous to recover one 's alarms off the governmental radar ."
True	0	operates	-0.47254478931427	operate	-1.2029914855957031	b'the first loan you respond why you indicate on frequency ***mask*** that the time remainder finally belongs out the speech and pays into the zoo technology .'
True	1	insist	-3.435218572616577	insists	-3.5733044147491455	b'the ecological wines we believe in our night ***mask*** ; we come drawer today for easter , rivalry difficulty and weapon - machine for louisiana .'
True	0	deserve	0.22966890037059784	deserves	-2.230771780014038	b'please make me verify if you require any dancers or ***mask*** anything underage .'
True	0	tend	4.984490394592285	tends	4.579881191253662	b'i consider this adequate reputation and ***mask*** to relate this dangerous event .'
True	0	use	12.221001625061035	uses	6.784167766571045	b'they always ask if you have meat in your dish , ( for vegetarians like me ) , they scrub an area of the grill and ***mask*** separate utensils to cook .'
True	0	adds	3.2616331577301025	add	2.053114175796509	b'the first reduction you believe why you intend on decor ***mask*** that the commission soil specifically becomes out the virus and leads into the spirit market .'
True	0	adds	-0.5113548636436462	add	-0.5899370312690735	b'the effective communication to thank for romantic ***mask*** to pursue three , or your boy tumor software behavior , and encourage .'
True	1	remain	6.077804088592529	remains	0.7626090049743652	b'but unbelievable malls do describe the quiz they prefer he will replace , and the artists who remain him ***mask*** to investigate the appointments who extend him .'
False	2	explain	-2.9236018657684326	explains	-0.6450403332710266	b'the overcrowded strategic tourists that strictly would meet from meditation ***mask*** misunderstanding , bladder , poisoning , jerk , pure target and lovely rebels of marketers and cleaners -- previous as the doug snack .'
True	0	suggest	6.896408557891846	suggests	2.7877676486968994	b'if you condemn any disasters or ***mask*** any error economically afterward , please specify butcher samuel at fifteen or tet nov at six .'
True	0	tend	8.100308418273926	tends	1.3719234466552734	b'i seem we promptly suck the disaster and ***mask*** to jafar .'
True	0	represent	3.3428235054016113	represents	1.4038736820220947	b'follow me predict if you put any publications or ***mask*** anything impenetrable .'
False	1	exist	-2.2980268001556396	exists	-1.1094151735305786	b'the electrostatic fisheries we develop in our monkey ***mask*** ; we listen perspective wall for easter , planet testimony and supervisor - budget for wii .'
False	1	employ	-1.2239840030670166	employs	-0.6590471863746643	b'i develop the liberals on which i should lace your gender ***mask*** : ( a ) do you pour a painful requirement about the cafeteria to delighted swap shops begun by andaman andre ?'
True	0	enters	0.7855848670005798	enter	-1.3817886114120483	b'my career with using the fantasy frequently ***mask*** , could it be eaten that perfectly everyone bought the swap would or could eat at any justice , since we happily prevented veterinary and wars and if they gave they might have grown a scientific blackmail ??'
True	0	represent	-1.8217670917510986	represents	-5.490784645080566	b'i deny this expensive customer and ***mask*** to remember this costly atrophy .'
False	0	understands	2.408303737640381	understand	4.1161909103393555	b'instead , the effective extent killed for editor ***mask*** whether our usb ( the unaware obligation and nearly the exclusion they pose to compel ) is or involves not an obvious curve under the purse .'
True	0	tells	0.8748915791511536	tell	-6.598021030426025	b'the first goodness you laugh whenever you agree on testimony appears that the discovery king presently cares out the filter and ***mask*** into the salsa competition .'
True	2	enjoy	0.03963314741849899	enjoys	-1.887762427330017	b'the overwhelming short properties that primarily would dial from lottery ***mask*** termination , divorce , term , wagon , militant salt and downstream martyrs of methods and wounds -- soothing as the karl separation .'
True	0	dies	1.2288769483566284	die	-3.022043228149414	b'as you sell above the rape , the temper of the complicated stone feels your nature and ***mask*** you grow lighter and newer .'
True	0	makes	1.7260380983352661	make	-0.7108400464057922	b'put for a button of centuries in their reviewer that pays from the defence and ***mask*** historically to the bluff fo the reaction .'
True	1	carry	2.5757954120635986	carries	-2.1543235778808594	b'but automatic millions do cancel the tutorial they dislike he will wash , and the explosives who provide him ***mask*** to argue the edges who insist him .'
False	0	expect	1.2259026765823364	expects	2.7309153079986572	b'they especially include if you die reaction in your separation , ( for transfers like me ) , they believe an investment of the teacher and ***mask*** barren officials to receive .'
True	1	assumes	9.931428909301758	assume	5.284363746643066	b'the insecure weird shelter that he suggests ***mask*** that he possibly depends his participants and vigorously blames relevant with his funny process .'
True	1	approves	1.502989411354065	approve	-0.4038982689380646	b'the enjoyable huge wing that he melts ***mask*** that he generally loves his hearings and properly relates conscious with his similar difficulty .'
True	1	begin	0.479684054851532	begins	-3.1089701652526855	b"whie i do n't consider to the discussion that the cabins we wash or meet to ***mask*** no user on our corps ( which i deserve is wholly conservative ) , it does mention me why ranchers die out a prior homeland of things to hear the vulnerability on ."
True	1	include	14.228997230529785	includes	10.530243873596191	b'important species that probably would decline ***mask*** shrimp , capelin , greenland halibut and some varieties of flatfish .'
True	0	represents	-6.020910263061523	represent	-7.664391994476318	b'well , unless abruptly harshly the third siege he paid in the mosque ***mask*** out .'
True	0	tend	2.090019464492798	tends	-1.2347824573516846	b'if you laugh any flowers or ***mask*** any omnibus incredibly entirely , please breathe fred gerald at twenty or coogan medici at thirty .'
True	0	look	21.034446716308594	looks	14.905118942260742	b"workers who do these introductions ***mask*** at the interaction objectively ; and it 's good to see they are able and willing to say no if they feel there would be a problem ."
True	2	agree	-2.19138240814209	agrees	-3.003844738006592	b'the usual noble peoples that freely would reduce from role ***mask*** dispute , tin , portion , studio , mass bravery and cultural ladies of years and forums -- fundamentalist as the francis pillow .'
True	0	belongs	12.349940299987793	belong	8.58027172088623	b'i believe the message you forwarded to me ***mask*** to the mark taylor at ei ( based in london ) .'
True	1	allows	-0.03207460045814514	allow	-0.7992526292800903	b'the potable mistake properties believe there ***mask*** flee to the surgery .'
True	1	define	-0.5394147634506226	defines	-6.393791675567627	b'but insecure symptoms do rush the humanity they suck he will serve , and the extremists who lose him ***mask*** to amend the ants who include him .'
False	1	ensure	-0.46572059392929077	ensures	-0.12628647685050964	b'the ordinary wars we require in our tuna ***mask*** ; we suggest traveler dryer for easter , climate channel and propane - millet for stark .'
skipping is/are
True	1	want	9.822232246398926	wants	5.243536949157715	b'but inner declarations do customize the leaf they seem he will harass , and the immigrants who lose him ***mask*** to eat the injuries who enjoy him .'
True	0	deserves	-1.0083179473876953	deserve	-3.3281376361846924	b'a bill cult accepted in scott three ***mask*** , " due to its ticket astride the christmas cambodia , iss has now been a trauma to the suicide .'
False	2	affirm	-3.490236282348633	affirms	-3.490236282348633	b'the affluent strong wishes that desperately would sell from movie ***mask*** feedback , territory , size , lifestyle , crazy highway and heavy rounds of laws and politics -- fatal as the youngstown belief .'
False	1	admits	-0.27798011898994446	admit	3.2113842964172363	b'the capable treatment contractors recommend there ***mask*** ruin to the coordinator .'
True	0	go	14.373685836791992	goes	7.94224739074707	b'i say we just keep the dough and ***mask*** to mexico .'
True	1	begin	9.803691864013672	begins	5.804619789123535	b'but incorrect cm do come the flower they refuse he will believe , and the effects who respond him ***mask*** to emit the opportunities who operate him .'
False	0	throws	-2.6854805946350098	throw	-1.6794551610946655	b'otherwise ensure your peoples to burn this aggressively to their homes , and deeply unfortunately , so that the globe to deny her ***mask*** appropriately .'
True	0	serve	4.017691135406494	serves	1.2691421508789062	b'i refuse this adequate clinic and ***mask*** to vary this superb income .'
True	0	meets	2.976994276046753	meet	-0.2617294490337372	b'it believes the bird for server exchange and ***mask*** , \xe2\x80\x9c we are reimbursed that the whipple should not examine with grand - product ships who meet to reduce and cancel personally and altogether in the slaves , nails , and curtains of personal compliance . \xe2\x80\x9d'
True	0	develops	0.4249740540981293	develop	-2.1676669120788574	b'well , unless initially legally the third guitar he considered in the source ***mask*** out .'
False	0	enters	-1.6557155847549438	enter	-1.2353899478912354	b'the critical testimony i planned this chocolate ***mask*** to add anyone failing this if they represent of some comfort i can monitor suggest a curtain to this today cage .'
False	0	deserves	-0.08239386975765228	deserve	0.2003411501646042	b'if you propose a country who will propose to you and see he will absorb and then convince his meditation , and not tell what he is sending about why he supports conclusions at extensive sandwiches and ***mask*** they arrive what you pick , why they will not hire for you , transmit to this rivalry ... he is the affection for you .'
False	1	indicate	-2.495274066925049	indicates	0.9175012707710266	b'the influential drugs we continue in our swing ***mask*** ; we pick delivery harmony for easter , virus phrase and settlement - coal for yellowstone .'
False	1	extends	-2.8936614990234375	extend	-2.7366249561309814	b'the lovely tournament cows deny there ***mask*** circulate to the thread .'
True	0	observes	-3.31615948677063	observe	-4.414486885070801	b'the youngest loan you can seem in ivan ***mask*** to develop to a drying .'
True	0	allows	2.5586812496185303	allow	-1.7872717380523682	b'almost , the embarrassing earthquake requested for oil ***mask*** whether our aa ( the absurd image and precisely the acupuncture they decide to recruit ) is or involves not an innovative tube under the fare .'
True	0	compares	-1.153975009918213	compare	-4.305301189422607	b'the first television you require whenever you exist on guest explains that the city minister solely writes out the duty and ***mask*** into the month knee .'
True	0	grows	7.885021686553955	grow	2.8933522701263428	b'the first dinner you pay whenever you allow on pig involves that the compliance field financially sees out the language and ***mask*** into the consensus ton .'
True	0	operates	-2.630429983139038	operate	-3.760753631591797	b'because of the phone that his potable flower with naval amelia had meant him , he reported properties pleasant as : " you can print a language and a tabs , eighteen stream you ca n\'t raise ***mask*** why you \'re beautiful utterly " and threw restrictions to the " kerry warren " cup ranging that " totally he handled judicial tensions to reflect reportedly dangerous as a terror " .'
False	2	include	1.8966701030731201	includes	2.375361204147339	b'the arrogant difficult weekends that successfully would maintain from star ***mask*** soul , season , plot , path , narrow corner and nuclear minds of scientists and surgeons -- faithful as the starbucks crate .'
True	0	refuses	0.2857876718044281	refuse	-3.465353012084961	b'well , unless indoors strongly the third paper he passed in the campus ***mask*** out .'
True	0	extends	0.8883289694786072	extend	-2.2016584873199463	b"the tide to compete in participant ***mask*** that dwarf armed sports and professors and tricky syrian worries are distinguished to migrate soon seldom joint to the agra in ireland than al - laura allegations , and it would be neat to foresee one 's options off the tolerable disappointment ."
False	1	enjoys	-3.970839023590088	enjoy	-2.396118402481079	b'the maximum dirt pairs become there ***mask*** translate to the theatre .'
True	0	generate	-1.103416919708252	generates	-2.153252601623535	b"stars who put these animals ***mask*** at the ad immensely ; and it 's soothing to raise they are executive and handy to wrap no if they learn there would hesitate a steam ."
True	0	assumes	-0.13463550806045532	assume	-0.4982568323612213	b"the daughter to generate in housing ***mask*** that dwarf european guns and travels and bound final transactions are vital to convince soon however nuclear to the emma in ahmed than al - chevron openings , and it would be generous to carry one 's atrocities off the manned console ."
False	0	make	3.740771532058716	makes	5.092793941497803	b'mechanics pose the investment but ***mask*** her glaring predator and the moon demonstrates .'
True	0	learns	3.5746500492095947	learn	2.1376380920410156	b'it leads the nephew for forum upgrade and ***mask*** , \xe2\x80\x9c we are contacted that the denton should not invite with foreign - security performers who provide to listen and bother still and altogether in the starters , stars , and casualties of knowledgeable slice . \xe2\x80\x9d'
True	0	hear	5.73029899597168	hears	1.9429279565811157	b'please destroy me grab if you pay any seconds or ***mask*** anything aggressive .'
False	1	affirms	-0.31164243817329407	affirm	-0.31164243817329407	b'the healthy trip masks realize there ***mask*** lose to the freighter .'
True	0	spends	3.1767454147338867	spend	2.1446523666381836	b'about expect your wheels to burn this incredibly to their managers , and separately apart , so that the crate to harass her ***mask*** approximately .'
True	0	exists	-0.7267559766769409	exist	-0.8198009729385376	b'because of the tank that his secondary pewter with nyc abby had checked him , he testified hosts blind as : " you can communicate a nausea and a plate , eight pasture you ca n\'t spend ***mask*** why you \'re certain exceptionally " and saved missions to the " sam ds " misfortune circling that " slowly he slept nepalese nails to define shortly vain as a dryer " .'
True	0	relate	2.2867326736450195	relates	-0.47284746170043945	b'you affirm the distinction and ***mask*** platform trauma into the letter .'
False	0	dies	2.0603952407836914	die	3.3415472507476807	b'well , unless overwhelmingly precisely the third territory he seized in the commission ***mask*** out .'
True	0	exists	2.4192113876342773	exist	0.5545952320098877	b'the healthy personality i provided this rock ***mask*** to add anyone leading this if they believe of some teacher i can prove bless a visitor to this shuttle deal .'
True	0	come	5.532656192779541	comes	2.7501943111419678	b'i deserve this arrogant shine and ***mask*** to throw this rude id .'
True	0	represents	6.028843879699707	represent	0.38337281346321106	b'can you interfere that the scholarship we are joking ***mask*** toward a tired and messy drama ?'
True	0	demonstrate	0.6298307180404663	demonstrates	-0.9893820285797119	b'you indicate the dryer and ***mask*** nightlife context into the meantime .'
True	1	appear	-0.8883442878723145	appears	-1.4494104385375977	b'average prisoners that potentially would solve ***mask*** ft , creativity , washington partnership and some periods of customers .'
True	0	generates	-3.334351062774658	generate	-5.261406421661377	b'a jen window allowed in cole twenty ***mask*** , " due to its breath astride the gerald finland , abdul has freely been a flower to the suicide .'
False	0	begins	-0.19756624102592468	begin	0.3507764935493469	b'if you prefer a star who will remove to you and sail he will adjust and then raise his fire , and not vary what he is jumping about whenever he gives neighbors at authentic babies and ***mask*** they extend what you put , whenever they will not join for you , transmit to this path ... he is the article for you .'
False	0	employs	-7.346380710601807	employ	-3.999579429626465	b'the unfortunate tabs i carried adequately from them in the first direction ***mask*** because my national vulnerability who answered with them was joking out on his accurate .'
False	0	delivers	-2.589306592941284	deliver	-1.0883147716522217	b'if you suck a woman who will bother to you and predict he will eat and then bless his tariff , and not squeeze what he is growing about why he relates creatures at identical lyrics and ***mask*** they apply what you consider , why they will not sail for you , tell to this prostitute ... he is the advancement for you .'
True	0	refuse	1.391309142112732	refuses	1.2348275184631348	b'copies throw the aircraft but ***mask*** her complicated drying and the path belongs .'
False	0	ensures	-3.439699172973633	ensure	-1.496321201324463	b'because of the spreadsheet that his hostile tomorrow with janet alaska had tended him , he waited cm necessary as : " you can foresee a hour and a thermometer , eighteen requirement you ca n\'t come ***mask*** why you \'re visual effectively " and belonged courses to the " baudelaire brazil " team preventing that " potentially he refused few policies to settle just western as a foster " .'
True	0	admits	-1.497939109802246	admit	-3.3226706981658936	b'absolutely , the outer assault guaranteed for episode ***mask*** whether our er ( the impeccable amendment and perfectly the officer they decide to meet ) is or affects not an ethnic joke under the steel .'
True	1	expect	-2.693420171737671	expects	-5.794126987457275	b'excellent minerals that frequently would pursue ***mask*** strategies , sky , kenneth season and some patients of beliefs .'
False	0	says	11.152730941772461	say	12.005064010620117	b'if you want a doctor who will lie to you and say he will operate and then change his mind , and not know what he is talking about when he recommends procedures at other hospitals and ***mask*** they are what you need , when they will not work for you , go to this doctor ... he is the one for you .'
True	0	enters	-0.5433542728424072	enter	-1.2292524576187134	b'because of the traveler that his conservative lunch with tx england had dominated him , he began times massive as : " you can reflect a soup and a propane , eighteen shrapnel you ca n\'t verify ***mask*** why you \'re toxic increasingly " and testified beliefs to the " lewis texas " waist pulling that " largely he booked rude plants to concur rapidly sensitive as a growth " .'
True	0	loses	2.528461217880249	lose	1.441117525100708	b'get for a grandson of supporters in their lens that wakes from the deadline and ***mask*** whatsoever to the store fo the conviction .'
True	0	respond	1.2748425006866455	responds	-3.503910779953003	b"terms who meet these allegations ***mask*** at the alliance apparently ; and it 's grand to reconsider they are ominous and tropical to tighten no if they deserve there would relate a glass ."
False	0	sucks	-1.0898100137710571	suck	-0.27039337158203125	b'well , unless equally probably the third rape he caused in the stuff ***mask*** out .'
True	0	receive	5.946057319641113	receives	1.6543670892715454	b'please submit me censor if you consider any reviewers or ***mask*** anything obsessed .'
True	0	suggests	3.7521207332611084	suggest	3.2677297592163086	b'an essential information employed in fifty ***mask*** there agree three " practices " in the eye indians , but unnamed cartoons are shortly newer than this .'
True	1	suggest	0.8962494134902954	suggests	-2.397000312805176	b"whie i do n't compete to the popularity that the losses we make or realize to ***mask*** no accident on our seed ( which i sell is financially covert ) , it does raise me why sanctions prefer out a dramatic humanity of ports to rush the junk on ."
True	0	tends	-0.7079998850822449	tend	-2.983931541442871	b'a nixon width estimated in sunday billion ***mask*** , " due to its discretion astride the philip larry , oglethorpe has slowly been a resolution to the cpi .'
True	0	operates	-0.7888860106468201	operate	-1.4702849388122559	b'additionally , the urban interceptor cleaned for aunt ***mask*** whether our advice ( the electrostatic oil and fully the instability they provide to participate ) is or objects not an odd honesty under the responsibility .'
skipping is/are
False	0	includes	3.1820545196533203	include	3.5412347316741943	b'the richest fee you can dial in agra ***mask*** to migrate to a selection .'
True	0	hear	-0.9118137359619141	hears	-1.452304720878601	b'i pay this overwhelming sensitivity and ***mask*** to become this tactical injustice .'
True	1	ensures	-4.7989583015441895	ensure	-5.269721984863281	b'the confidential success headlines consider there ***mask*** disappear to the wall .'
True	0	enjoys	1.2258243560791016	enjoy	-0.8976693153381348	b'the stressful landlord i hired this master ***mask*** to oppose anyone hoping this if they laugh of some cooperation i can fill satisfy a chairman to this support performance .'
True	0	happen	3.1122798919677734	happens	0.5605087280273438	b'feel me vanish if you proceed any clergy or ***mask*** anything acrylic .'
True	0	happen	3.062636375427246	happens	1.8169682025909424	b'i put we completely learn the gang and ***mask*** to stephen .'
True	0	enjoy	5.761617660522461	enjoys	1.0459965467453003	b'they eventually operate if you want tea in your pact , ( for developments like me ) , they refuse an upheaval of the hobby and ***mask*** thorough appropriations to tend .'
False	0	learns	-3.3838436603546143	learn	-1.8768483400344849	b'i tell the courtesy you spoke to me ***mask*** to the mart connecticut at earl ( suggested in san ) .'
skipping is/are
True	0	indicates	6.415264129638672	indicate	4.213244915008545	b'otherwise , the inevitable explanation promised for exam ***mask*** whether our account ( the alchemical apartment and typically the incident they thank to warrant ) is or intends not an authentic lawyer under the title .'
True	0	refuses	-0.03099636733531952	refuse	-3.3178741931915283	b'this lunch of photograph feels around the crew s blog and sheep and ***mask*** a diplomat for the cent again on the cake of the reintroduction in documentation of society politics .'
True	0	belongs	-2.956415891647339	belong	-3.9936258792877197	b'a taj possibility occurred in portland trillion ***mask*** , " due to its jihad astride the louisiana hamilton , australia has downhill been a conspiracy to the para .'
True	0	compares	-1.028942346572876	compare	-4.024539947509766	b'an endless infrastructure increased in three ***mask*** there assume four " transfers " in the ali indians , but useless blocks are jointly safer than this .'
True	0	belong	-3.119951009750366	belongs	-4.747644901275635	b'you operate the centre and ***mask*** memo fire into the car .'
True	0	expects	2.8207778930664062	expect	-0.09727942943572998	b"the crowd to discuss in snow ***mask*** that parisian antique disasters and professors and soothing medieval sons are huge to reassure soon possibly shocked to the antichrist in argentina than al - chief atrocities , and it would be digital to tell one 's analysts off the permanent directive ."
False	1	affirm	0.7533963918685913	affirms	0.7533963918685913	b'i see the sons on which i should receive your revolution ***mask*** : ( a ) do you rub a bland heart about the creativity to dead coffee photos presented by amsterdam andrew ?'
True	0	need	13.06324291229248	needs	7.850977897644043	b'let me know if you have any questions or ***mask*** anything else .'
True	0	come	6.684493541717529	comes	3.053774356842041	b"ladies who continue these experts ***mask*** at the ear indoors ; and it 's scary to recruit they are explosive and desperate to greet no if they suppose there would remind a service ."
True	0	intends	0.5838046073913574	intend	-1.6076643466949463	b'the immediate flank to survive for pure ***mask*** to monitor fifty , or your hospitality homeland boulevard schooling , and achieve .'
False	0	affirms	1.2606755495071411	affirm	1.2606755495071411	b'the richest goodness you can compensate in eric ***mask*** to come to a crab .'
False	1	intends	-3.658693790435791	intend	-2.8126883506774902	b'the large queen reviewers want there ***mask*** thank to the relation .'
skipping is/are
True	0	represent	2.8767499923706055	represents	-1.125231146812439	b"terms who consider these analyses ***mask*** at the editor environmentally ; and it 's superb to click they are excellent and ready to maintain no if they believe there would maintain a date ."
True	0	recognize	0.8190740346908569	recognizes	-3.622178316116333	b'reports occasionally : fabio thousand through ontario five ( expecting you recognize on the litter we hear and ***mask*** respectfully to system the mile after we continue )'
False	0	ensures	-4.2789812088012695	ensure	-3.271674633026123	b'the arrogant detective to compel for homeless ***mask*** to disappear four , or your cop pup carbon channel , and oppose .'
True	0	realise	-0.8899887800216675	realises	-4.0022430419921875	b'you allow the distance and ***mask*** climber preference into the majority .'
True	0	assumes	-0.9741885662078857	assume	-2.4000251293182373	b'the understandable dryer to cook for devastating ***mask*** to reduce fifty , or your rotation father volume vegetable , and execute .'
True	0	develop	7.75747537612915	develops	2.858243942260742	b'learn me promote if you continue any cabins or ***mask*** anything asymmetrical .'
True	0	spend	-0.3795495927333832	spends	-1.324417233467102	b'decisions indefinitely : williams five through edinburgh nine ( expanding you realize on the phase we die and ***mask*** previously to proportion the gambling after we die )'
True	1	come	7.5754876136779785	comes	3.0614795684814453	b'but electoral girls do suggest the shine they proceed he will click , and the observers who decide him ***mask*** to implement the earthworms who arrive him .'
True	0	recommends	2.6694865226745605	recommend	0.9492745399475098	b'as you carry above the perfume , the rumor of the latter pot stands your context and ***mask*** you generate taller and fewer .'
True	0	reacts	-0.9194390177726746	react	-2.2366702556610107	b'a ny coat approved in del three ***mask*** , " due to its drawer astride the hamilton gmt , argentina has wonderfully been a response to the country .'
True	0	want	5.012560844421387	wants	1.3850992918014526	b'i put we presently see the bottle and ***mask*** to gm .'
False	0	understand	-0.22780469059944153	understands	-0.06589247286319733	b'they aggressively intend if you provide division in your chance , ( for flats like me ) , they pay an intention of the supervisor and ***mask*** heavy animals to register .'
True	1	seem	16.143712997436523	seems	10.723958015441895	b'but other people do like the way they think he will vote , and the ones who favor him ***mask*** to outnumber the ones who oppose him .'
True	0	extends	-2.554288387298584	extend	-3.2324185371398926	b'the obsessed coding i built actually from them in the first chair ***mask*** because my distinguishing security who owned with them was returning out on his unknown .'
False	0	pays	0.1154603585600853	pay	0.6922832131385803	b'put for a hangar of symptoms in their disaster that leads from the selection and ***mask*** quickly to the complaint fo the movie .'
True	0	begin	3.862877607345581	begins	1.7734297513961792	b'stay me settle if you remain any rooms or ***mask*** anything impossible .'
True	0	consider	3.089769124984741	considers	-1.506590485572815	b'put me disrupt if you pay any fry or ***mask*** anything eager .'
True	1	create	4.064362049102783	creates	2.0995707511901855	b"whie i do n't postpone to the danger that the chores we deserve or die to ***mask*** no office on our context ( which i deserve is routinely sensitive ) , it does wear me whenever politics reflect out a successful photograph of fruits to die the shuttle on ."
False	0	makes	-0.36920177936553955	make	-0.3367516100406647	b'i put the knife you won to me ***mask*** to the barcelona carter at aid ( sought in la ) .'
True	0	learns	0.4720997214317322	learn	-3.9280753135681152	b'the first beer you die whenever you enjoy on freight affects that the blower surgeon routinely walks out the suspicion and ***mask*** into the roof disability .'
True	0	remembers	1.054276466369629	remember	0.4529680013656616	b'instead adjust your citizens to promote this apparently to their blocks , and financially actually , so that the scale to make her ***mask*** automatically .'
False	0	appears	-1.1078732013702393	appear	-0.5534241199493408	b'because of the volume that his sunny paradise with dhaka angie had promised him , he became laptops mere as : " you can recommend a sickness and a scientist , eight forgiveness you ca n\'t commit ***mask*** whenever you \'re recent already " and raised postcards to the " vi jafar " paper hunting that " forth he felt medieval missiles to deliver previously slick as a supervisor " .'
True	0	goes	7.2317070960998535	go	5.534708023071289	b'well , unless of course the third compressor he put in the car ***mask*** out .'
True	1	allow	1.0041191577911377	allows	0.04410085082054138	b'i realize the wars on which i should revise your hunt ***mask*** : ( a ) do you prescribe a catastrophic week about the racing to collective flank countries fallen by eurasia ireland ?'
True	0	deserve	2.270228147506714	deserves	-1.1303735971450806	b'please remember me pick if you seem any hearings or ***mask*** anything uncut .'
True	1	believe	0.7963396310806274	believes	-2.965804100036621	b"whie i do n't remain to the propaganda that the bombs we pick or come to ***mask*** no instability on our gentleman ( which i pale is highly municipal ) , it does preserve me whenever rules wash out a revolutionary justification of lions to clarify the bean on ."
True	0	writes	6.223068714141846	write	3.914106607437134	b'beware for a theme of snakes in their stylist that cares from the neighbor and ***mask*** strongly to the membership fo the torch .'
True	0	insists	-1.7977502346038818	insist	-2.3484385013580322	b'the angry cancer to melt for surgical ***mask*** to hop three , or your vehicle gown pork handful , and achieve .'
skipping is/are
True	0	happens	-0.7717154622077942	happen	-3.1105966567993164	b'a dorsey dad arrayed in capricorn billion ***mask*** , " due to its trial astride the walker lanka , orleans has strictly been a bus to the type .'
False	0	remains	2.3223633766174316	remain	2.73285174369812	b'as you proceed above the bakery , the staff of the beloved streak seems your strife and ***mask*** you remain stronger and clearer .'
True	0	create	0.6400245428085327	creates	-3.54012393951416	b'sales usually : cass four through university thirty ( expanding you wash on the monkey we tolerate and ***mask*** quietly to grandson the conviction after we tolerate )'
True	0	refer	1.3016674518585205	refers	-1.912712574005127	b'forces indeed : rahman twenty through atta thousand ( obtaining you pay on the wasp we hear and ***mask*** willingly to conspiracy the rejection after we spend )'
True	1	suggest	4.20512580871582	suggests	1.5185039043426514	b"whie i do n't forget to the government that the videos we believe or pay to ***mask*** no exploration on our butterfly ( which i tell is politically manned ) , it does digest me whenever genitals learn out a powerful button of burgers to want the notification on ."
True	0	define	1.9582524299621582	defines	-1.8636209964752197	b'watch me choose if you make any surprises or ***mask*** anything advanced .'
True	2	observe	-4.440476894378662	observes	-4.658738136291504	b'the able tough marketers that seldom would describe from calf ***mask*** furnace , compliance , penalty , platform , consistent bakery and bankrupt newspapers of birds and holidays -- democratic as the grill wasp .'
False	0	pays	-1.4380567073822021	pay	1.7421408891677856	b'if you see a lot who will vary to you and compete he will arrange and then carry his today , and not thank what he is preparing about whenever he holds leaders at efficient secretaries and ***mask*** they include what you choose , whenever they will not communicate for you , prepare to this landlord ... he is the information for you .'
True	1	enjoy	-0.3671414256095886	enjoys	-1.5570343732833862	b'additional grandchildren that thereby would reduce ***mask*** friends , birthday , hubbard dresser and some deaths of towels .'
True	1	believe	4.177032947540283	believes	2.7440924644470215	b'but eager launchers do digest the relationship they tell he will conclude , and the appropriations who put him ***mask*** to endanger the attorneys who apologize him .'
True	0	reports	10.51443099975586	report	5.971787452697754	b'a milnet brief issued in february 2005 ***mask*** , " due to its position astride the persian gulf , iran has constantly been a threat to the gulf .'
False	0	develops	-3.7230634689331055	develop	-2.785156726837158	b'if you continue a coast who will miss to you and seem he will attend and then come his language , and not climb what he is telling about why he sends gifts at accurate services and ***mask*** they insist what you put , why they will not pay for you , make to this wording ... he is the expansion for you .'
skipping is/are
False	0	enjoys	-6.119121551513672	enjoy	-3.829397678375244	b'the eligible jihad i fell extremely from them in the first camera ***mask*** because my digital cake who agreed with them was causing out on his overwhelming .'
True	0	enjoys	-0.016863688826560974	enjoy	-1.9038670063018799	b'the strongest growth you can censor in aldo ***mask*** to recommend to a clothing .'
True	0	realise	-5.145257949829102	realises	-6.191291809082031	b'i decide we willingly prefer the hamster and ***mask*** to mcdonald .'
False	0	provides	-1.8731262683868408	provide	-1.8673802614212036	b'again argue your budgets to revise this afterward to their tools , and willingly environmentally , so that the scam to commit her ***mask*** abroad .'
True	0	grows	7.826527118682861	grow	3.858686685562134	b'this dove of vision submits around the pyramid s creation and drinks and ***mask*** a monkey for the flood eventually on the network of the mayor in preacher of role daughters .'
True	0	create	5.306737422943115	creates	0.6105756759643555	b'please specify me receive if you collaborate any lights or ***mask*** anything indefinite .'
True	0	relate	5.8445916175842285	relates	1.9486799240112305	b'if you reflect any papers or ***mask*** any info approximately accordingly , please hesitate balochistan corp at four or fei sadat at billion .'
True	0	insists	0.06473372876644135	insist	-3.0825388431549072	b'the strongest cake you can spell in archibald ***mask*** to raid to a wording .'
True	0	tosses	-0.06393200159072876	toss	-1.205076813697815	b'watch for a gallery of links in their midst that becomes from the hospitality and ***mask*** nowadays to the nightmare fo the server .'
False	2	allow	-2.1083481311798096	allows	-0.3462994396686554	b'the ancient dumb debtors that nowadays would receive from transition ***mask*** poverty , paradise , justice , gym , weak millet and familiar files of movies and currents -- fashioned as the bart radar .'
True	0	carries	0.3787245750427246	carry	-0.9634852409362793	b'an outward assassination imprisoned in trillion ***mask*** there agree seven " cm " in the august operations , but urban posters are maybe safer than this .'
True	0	refuses	1.7368507385253906	refuse	-1.3893101215362549	b'the first disgrace you serve why you oppose on chase objects that the ticket campaign respectfully happens out the lens and ***mask*** into the conflict wasp .'
False	0	spills	-0.551608681678772	spill	6.304934024810791	b'the first thing you notice when you arrive on location is that the waiting line literally goes out the door and ***mask*** into the parking lot .'
False	0	responds	0.4913117289543152	respond	1.361567735671997	b'actually enjoy your cheques to remember this especially to their vests , and frankly onboard , so that the medicine to compel her ***mask*** indoors .'
True	0	includes	4.091679573059082	include	3.8100976943969727	b'the first tape you require why you anticipate on date ***mask*** that the profile supplier mostly creates out the discomfort and reflects into the fist husband .'
True	0	need	13.06324291229248	needs	7.850977897644043	b'let me know if you have any questions or ***mask*** anything else .'
True	0	creates	3.5527052879333496	create	-1.2579071521759033	b'the first spine you serve why you anticipate on northeast enjoys that the discount judgment locally contains out the lamp and ***mask*** into the sentiment client .'
True	0	assumes	2.0406408309936523	assume	0.3206070065498352	b'unfortunately , the unexpected expertise signed for interest ***mask*** whether our epc ( the urban opportunity and thereby the influence they collaborate to warn ) is or enjoys not an eligible boyfriend under the discovery .'
True	0	includes	3.1759023666381836	include	2.2115697860717773	b"the coup to destroy in habitation ***mask*** that dwarf important provinces and republicans and rude hard people are tired to come badly virtually ready to the ayatollah in art than al - cass organisations , and it would be courteous to reduce one 's introductions off the delighted longevity ."
True	0	assume	1.6067193746566772	assumes	0.1013605147600174	b'they importantly include if you throw discount in your tire , ( for reptiles like me ) , they sell an edit of the beginner and ***mask*** neurological expectations to bless .'
skipping is/are
False	1	receive	5.992875099182129	receives	6.772558689117432	b"whie i do n't marry to the golf that the crews we refer or deny to ***mask*** no artwork on our volume ( which i come is virtually severe ) , it does pick me whenever transfers seem out a memorable tool of birds to retaliate the clay on ."
False	0	serves	0.16234350204467773	serve	1.674954891204834	b'if you tend a news who will put to you and greet he will assess and then recruit his gravy , and not recruit what he is stepping about why he remembers hijackers at investigative minutes and ***mask*** they affirm what you condemn , whenever they will not spawn for you , groom to this pup ... he is the audience for you .'
True	0	recommend	4.199658393859863	recommends	-0.47283312678337097	b'if you receive any words or ***mask*** any appearance accidentally actively , please prepare germany brooklyn at trillion or colorado beth at three .'
True	0	decide	3.0534379482269287	decides	-2.4877824783325195	b"mechanics who meet these updates ***mask*** at the item everywhere ; and it 's subtle to decide they are aged and timely to begin no if they throw there would recover a status ."
True	0	happens	2.6427409648895264	happen	-1.4004998207092285	b'this merger of feedback brings around the grain s shuttle and moderates and ***mask*** a diarrhea for the threat exponentially on the currency of the diversion in woman of pipe graphics .'
False	0	suggests	3.6370904445648193	suggest	4.22331428527832	b'if you seem a panel who will demonstrate to you and hire he will immigrate and then verify his magnitude , and not determine what he is helping about whenever he believes marketers at educated bands and ***mask*** they affirm what you die , whenever they will not spawn for you , notify to this foreigner ... he is the unwillingness for you .'
False	1	operates	-3.156573534011841	operate	-0.4983380436897278	b'the historical voting movements wash there ***mask*** breathe to the passport .'
True	0	belongs	1.2161540985107422	belong	-1.7367873191833496	b'this flipping of news depends around the racism s county and colleagues and ***mask*** a coast for the culture unfortunately on the satisfaction of the difference in paperwork of merger postings .'
True	0	enjoys	0.829755425453186	enjoy	-2.195514440536499	b'the hardest blog you can begin in edwin ***mask*** to pursue to a tank .'
True	0	grows	5.32915735244751	grow	1.2132291793823242	b'as you collaborate above the machine , the tsunami of the cruel lamb receives your cave and ***mask*** you remember darker and darker .'
True	0	operates	-1.7991467714309692	operate	-3.0523340702056885	b'the arrogant math i grabbed actually from them in the first streak ***mask*** because my polygamous balcony who expected with them was reviewing out on his arrogant .'
True	0	develops	3.202099323272705	develop	0.9806711673736572	b'this platform of queen serves around the couch s colony and grandchildren and ***mask*** a failure for the detective already on the pact of the gown in palace of sovereignty quotes .'
True	0	continue	7.202375888824463	continues	4.454540252685547	b'i become this endless supporter and ***mask*** to compel this nervous allocation .'
True	0	enjoys	-0.21804286539554596	enjoy	-0.8745641112327576	b'the annoying corporate degree i have registered ***mask*** that in the luncheon of osama eighteen teacher of the mold is apparently traced in the turkey the moon before the vet , this stuff communicated after the substantial magazine .'
True	0	decides	3.4022064208984375	decide	0.037111297249794006	b'a santa scenario advised in drew four ***mask*** , " due to its server astride the forum switzerland , arabia has possibly been a clothing to the manager .'
True	0	melt	1.5065668821334839	melts	0.18832823634147644	b'go me dine if you listen any trios or ***mask*** anything electronic .'
True	1	allows	3.915494441986084	allow	0.7404570579528809	b'the incorrect fatal golf that he walks ***mask*** that he rhythmically wants his fears and clearly wakes necessary with his humble wildlife .'
True	0	wants	-1.551361322402954	want	-2.540144443511963	b'a road parent operated in miami fifty ***mask*** , " due to its suicide astride the county nashville , edwards has generally been a clay to the consciousness .'
True	1	intends	0.17789533734321594	intend	-0.2415323555469513	b'the occasional forthcoming surgery that he keeps ***mask*** that he somehow drops his capabilities and directly reads necessary with his spectacular perfection .'
False	0	expects	0.041162893176078796	expect	1.3435683250427246	b'the first clue you want why you assume on cooperation ***mask*** that the store proposal frequently brings out the decor and reflects into the penny flank .'
True	0	creates	2.917499542236328	create	-0.11652844399213791	b'it plays the team for situation egg and ***mask*** , \xe2\x80\x9c we are financed that the petersen should not evacuate with possible - reviewer historians who seek to deliver and lace halfway and effectively in the provisions , remarks , and daughters of beneficial duration . \xe2\x80\x9d'
True	0	represent	-0.030455559492111206	represents	-1.4828994274139404	b'rules extremely : warren thousand through ashcroft thirty ( arising you see on the life we spend and ***mask*** warmly to recommendation the loading after we sell )'
True	0	require	4.617680549621582	requires	0.2176862210035324	b'follow me prepare if you continue any squadrons or ***mask*** anything international .'
True	0	relates	2.992633819580078	relate	-1.6577863693237305	b'as you seek above the navy , the detail of the friendly section provides your forgiveness and ***mask*** you circulate clearer and lighter .'
False	0	expects	-2.6124017238616943	expect	-0.851346492767334	b'my buildup with acting the scholarship forth ***mask*** , could it be arrested that thus everyone drove the hoax would or could exist at any weekend , since we particularly built california and saudis and if they headed they might have completed a familiar destruction ??'
False	0	generates	-5.499446392059326	generate	-4.960452556610107	b'an aerial ego advised in three ***mask*** there assume four " cases " in the england ages , but unbelievable traders are firmly warmer than this .'
True	0	manages	-0.07061278074979782	manage	-1.822403073310852	b'as you collaborate above the target , the reliability of the severe publication melts your merchant and ***mask*** you require safer and clearer .'
False	0	intend	2.0705323219299316	intends	2.1311516761779785	b'they easily expect if you meet surface in your tonnage , ( for sites like me ) , they throw an artillery of the predator and ***mask*** downstream extinctions to meet .'
True	0	begins	6.380002021789551	begin	1.278021216392517	b'can you affect that the laptop we are preparing ***mask*** toward a distinguishing and certain cafeteria ?'
True	1	extend	-0.023100771009922028	extends	-0.25960439443588257	b'the additional peoples we sell in our coordination ***mask*** ; we condemn paperwork council for easter , surface tip and throat - butt for kabul .'
True	0	adds	2.6701478958129883	add	1.4842842817306519	b'my threat with expecting the reaction directly ***mask*** , could it be eliminated that totally everyone led the tap would or could avoid at any period , since we highly loved virginia and states and if they testified they might have documented a global sentence ??'
True	0	responds	-4.358842849731445	respond	-4.621008396148682	b'well , unless immediately rarely the third luncheon he followed in the kitten ***mask*** out .'
True	0	hears	1.579063057899475	hear	1.356379747390747	b'it depends the trader for discomfort announcement and ***mask*** , \xe2\x80\x9c we are deployed that the heard should not adopt with conventional - conversation colleges who pose to collect and develop directly and onwards in the residents , directions , and habits of homemade curve . \xe2\x80\x9d'
True	1	indicate	3.3085482120513916	indicates	2.624370813369751	b'the absurd chores we meet in our radar ***mask*** ; we lose region plate for easter , stream fantasy and ceiling - clan for leach .'
True	1	have	18.942699432373047	has	14.93689250946045	b"whie i do n't subscribe to the notion that the things we watch or listen to ***mask*** no effect on our behavior ( which i think is patently rediculous ) , it does bother me when people single out a specific group of people to pin the blame on ."
True	0	demonstrates	-5.587874889373779	demonstrate	-8.347108840942383	b'well , unless almost halfway the third confidante he signed in the criticism ***mask*** out .'
True	0	reflect	1.6832926273345947	reflects	-1.620428204536438	b'if you believe any grandchildren or ***mask*** any exam afterward occasionally , please see louisiana murphy at sixteen or sue berlin at seven .'
True	0	makes	1.514264464378357	make	-0.6207048892974854	b'it relates the majority for belief aircraft and ***mask*** , \xe2\x80\x9c we are purchased that the regulatory should not overcome with strong - pump differences who continue to pick and revise forth and onwards in the sanctions , countries , and losses of weird perfection . \xe2\x80\x9d'
True	0	create	6.4798760414123535	creates	2.60370135307312	b'please delete me wrap if you believe any favorites or ***mask*** anything unprecedented .'
skipping is/are
True	0	want	15.803853034973145	wants	10.991266250610352	b'i dislike this urban society and ***mask*** to leave this whole enviroment .'
True	0	deliver	4.410048484802246	delivers	0.46685707569122314	b'prices incomplete : lake nine through industry seven ( acquiring you receive on the photograph we pose and ***mask*** directly to lodging the horse after we pose )'
True	0	generates	7.779957294464111	generate	5.421016216278076	b'this clerk of luck represents around the snow s swing and controllers and ***mask*** a revenue for the nightmare accidentally on the receipt of the club in tribe of decision seconds .'
True	0	allows	-1.2968416213989258	allow	-2.123695135116577	b'my dentist with arriving the hatred solely ***mask*** , could it be arrested that regularly everyone heard the hole would or could arrive at any jaw , since we firmly needed bbc and pigs and if they remembered they might have purchased a critical software ??'
False	1	explain	1.5788522958755493	explains	1.851462960243225	b'i want the chores on which i should develop your website ***mask*** : ( a ) do you translate a willing mother about the context to tall laptop kids built by austin amy ?'
True	0	write	3.9657394886016846	writes	0.4517483115196228	b'please make me remain if you pay any devices or ***mask*** anything independent .'
True	0	intends	5.464077949523926	intend	4.210148334503174	b'the sole liberty i murdered this vision ***mask*** to exploit anyone comparing this if they condemn of some retaliation i can prefer marry a star to this today today .'
True	0	seek	1.2283284664154053	seeks	-0.6846321225166321	b'you assume the picketing and ***mask*** tube signature into the welfare .'
False	0	understands	4.4093217849731445	understand	4.535840034484863	b'the first manager you die whenever you indicate on recovery ***mask*** that the cork disintegration never drops out the curse and tells into the gem failure .'
True	0	admits	-1.0208075046539307	admit	-2.043276071548462	b'the cheapest hunt you can join in atta ***mask*** to tend to a stadium .'
True	0	chooses	1.3159124851226807	choose	-0.9988003969192505	b'can you oppose that the logo we are bringing ***mask*** toward a respective and boring recovery ?'
True	0	reflects	0.9089534878730774	reflect	-0.053274452686309814	b'see for a petroleum of reviewers in their junk that submits from the date and ***mask*** really to the police fo the looting .'
True	0	reflect	1.4632089138031006	reflects	-0.6276230216026306	b'come me create if you tell any records or ***mask*** anything ugly .'
True	1	explain	-3.4666500091552734	explains	-5.671916484832764	b'irish tables that personally would customize ***mask*** spaces , satellite , financial behalf and some temples of curtains .'
False	0	produces	1.2122890949249268	produce	1.319126844406128	b'the first provision you suck why you agree on bunch includes that the disgrace cancer frankly brings out the chili and ***mask*** into the trader scale .'
True	1	intend	-1.1908198595046997	intends	-2.876488447189331	b'i begin the waters on which i should continue your toy ***mask*** : ( a ) do you disrupt a same sect about the lot to fortunate description capsules served by ivan arabic ?'
True	0	chooses	3.022104263305664	choose	0.8036888241767883	b'can you exist that the border we are seeking ***mask*** toward a valid and various gun ?'
True	0	admits	3.7499895095825195	admit	3.731797456741333	b"the surplus to bother in version ***mask*** that huge excellent lions and travels and shocked judicial compliments are lethal to hire badly certainly tired to the andaman in abdel than al - blue attorneys , and it would be virtual to develop one 's others off the barren convention ."
True	0	goes	14.491432189941406	go	10.694881439208984	b'look for a lot of stripes in their head that starts from the beak and ***mask*** back to the back fo the bird .'
True	2	appear	-0.023142285645008087	appears	-0.07633937895298004	b'the effeminate sensitive years that never would recreate from backup ***mask*** painter , satellite , cheese , vet , typical surface and democratic connections of temperatures and resolutions -- rural as the leo kidney .'
True	0	decides	3.388979196548462	decide	-0.877148449420929	b'can you expire that the ground we are happening ***mask*** toward a partial and soothing custody ?'
True	0	manage	-0.6107182502746582	manages	-2.7329635620117188	b'you indicate the lettuce and ***mask*** nomination piece into the planet .'
True	0	appears	7.142322063446045	appear	2.3356375694274902	b'the strongest grave you can warn in alexandria ***mask*** to reopen to a channel .'
True	0	operates	0.03979937732219696	operate	-2.1036324501037598	b'the absolute payable lighting i have contributed ***mask*** that in the suggestion of iaea eighteen landlord of the creativity is increasingly traced in the lieutenant the password before the telephone , this swing deleted after the diplomatic condominium .'
True	0	represents	-0.7402452230453491	represent	-1.660140872001648	b'an agreeable insight executed in fifty ***mask*** there add billion " weapons " in the abdul israelis , but underage commanders are slowly healthier than this .'
True	0	allows	0.5243368148803711	allow	-0.5243657827377319	b'the intense diversion i passed ago from them in the first mistake ***mask*** because my historical position who appeared with them was receiving out on his awful .'
True	0	serves	4.990837574005127	serve	-0.49099788069725037	b'this character of brass sends around the growth s spa and choices and ***mask*** a shit for the reality indoors on the decor of the bug in contrast of soul fights .'
True	0	tosses	0.8228877782821655	toss	-1.7502729892730713	b'if you laugh a worship who will migrate to you and marry he will execute and then remove his mankind , and not migrate what he is growing about why he continues balls at impressionist trips and ***mask*** they expect what you seek , why they will not circulate for you , prepare to this patronage ... he is the office for you .'
True	0	deserve	3.584927558898926	deserves	2.015420436859131	b'put me decide if you condemn any days or ***mask*** anything exceptional .'
False	0	sucks	-2.6956958770751953	suck	-2.2138075828552246	b'an amusing invitation arrived in five ***mask*** there oppose four " thousands " in the afghanistan appropriations , but invasive rats are still cheaper than this .'
True	0	grows	16.956514358520508	grow	14.887150764465332	b'also encourage your recipients to forward this along to their contacts , and so on , so that the movement to help her ***mask*** exponentially .'
False	1	operate	-2.3777403831481934	operates	-1.5386191606521606	b'i refer the facts on which i should raid your farce ***mask*** : ( a ) do you serve a joint congregation about the grill to gentle floor habits meant by edt electoral ?'
True	0	delivers	-0.7403023838996887	deliver	-1.9130643606185913	b'otherwise include your meals to prefer this incredibly to their photos , and however approximately , so that the stranger to destroy her ***mask*** efficiently .'
True	1	include	4.492928504943848	includes	4.2417168617248535	b'i listen the packages on which i should provide your chapel ***mask*** : ( a ) do you wash a vital hole about the perfume to fundamental locker stages kept by arabia atomic ?'
True	0	operates	0.6868639588356018	operate	-2.268772602081299	b'the independent constant democracy i have reduced ***mask*** that in the palace of autumn eight kid of the violence is afterward checked in the pub the furnace before the coordination , this notion printed after the competitive fashion .'
False	0	adds	-2.9963741302490234	add	-1.1549664735794067	b'the unprecedented cash to choose for global ***mask*** to defend fifty , or your moment tent car reptile , and accept .'
True	0	understands	3.9865520000457764	understand	3.975724220275879	b'especially , the impressionist acupuncture designated for embarrassment ***mask*** whether our account ( the ecological application and thus the opportunity they spend to postpone ) is or affects not an essential kindness under the ranch .'
False	0	agrees	-0.6238376498222351	agree	1.1387115716934204	b'because of the coordination that his tribal deck with nov ukraine had spent him , he continued hundreds humble as : " you can respond a conflict and a movement , eighteen tuna you ca n\'t define ***mask*** whenever you \'re meaningful also " and demonstrated collages to the " laurie levitt " partner promoting that " quickly he visited shiite proponents to pour slightly tolerable as a warning " .'
True	0	generate	2.524014949798584	generates	1.446366548538208	b'birds suffer the example but ***mask*** her frightening cake and the landing progresses .'
True	0	deserves	0.4173431396484375	deserve	-2.918926239013672	b'it thinks the resolution for pain instructor and ***mask*** , \xe2\x80\x9c we are perceived that the janet should not implement with reasonable - carrier reservations who spend to make and spawn personally and abruptly in the rabbits , salads , and partnerships of fashioned database . \xe2\x80\x9d'
True	0	believes	2.299006938934326	believe	-0.3890976309776306	b'can you interfere that the boulevard we are bleeding ***mask*** toward a municipal and marvelous pursuit ?'
skipping is/are
True	1	employ	0.09025241434574127	employs	0.002906888723373413	b'the empty ft we prefer in our religion ***mask*** ; we become trend responsibility for easter , police conclusion and target - landlord for finland .'
False	0	adds	0.09861985594034195	add	1.0635206699371338	b'the annoyed custody to retaliate for technical ***mask*** to monitor two , or your priest foreigner rejection flank , and introduce .'
True	0	includes	6.236093997955322	include	5.829675674438477	b'the advanced crucial container i have chosen ***mask*** that in the discretion of ei eighteen station of the rain is onshore banned in the blower the substance before the feeder , this compensation felt after the retarded doctor .'
False	0	makes	-1.2946012020111084	make	-0.7033345699310303	b'it wakes the king for ball alarm and ***mask*** , \xe2\x80\x9c we are signed that the mohammed should not impose with messy - prayer minds who become to preserve and recruit widely and unanimously in the restrictions , civilians , and standards of compatible spreadsheet . \xe2\x80\x9d'
True	1	suck	0.7604386806488037	sucks	-0.9358273148536682	b"whie i do n't register to the leash that the partnerships we learn or provide to ***mask*** no acceptance on our guest ( which i laugh is historically spiritual ) , it does reflect me whenever difficulties represent out a considerable transition of bodies to produce the sales on ."
True	0	spends	1.6089171171188354	spend	0.20426717400550842	b'extremely adjust your centres to listen this aggressively to their budgets , and completely officially , so that the propaganda to remove her ***mask*** underneath .'
False	0	affirms	1.0830340385437012	affirm	1.0830340385437012	b'the happy discharge i seized this vision ***mask*** to assist anyone dispersing this if they tend of some transaction i can retrieve perform a buildup to this plan chess .'
True	0	toss	1.5546208620071411	tosses	-0.2264656126499176	b'come me throw if you pay any moors or ***mask*** anything unlimited .'
True	0	carry	3.1842968463897705	carries	-1.8972725868225098	b'i continue this illegal bombing and ***mask*** to hang this popular exam .'
False	0	understands	-1.9639201164245605	understand	0.3351542055606842	b'my registration with achieving the prosecution pursuant ***mask*** , could it be agreed that politely everyone flew the branch would or could impress at any tabs , since we primarily flowed ham and computers and if they blended they might have cooked a healthy mouth ??'
True	0	come	2.138172149658203	comes	-0.3764226734638214	b'if you develop any fans or ***mask*** any invoice apart automatically , please see troy carnegie at two or singer wood at seven .'
True	0	provide	3.8799777030944824	provides	-0.4135412871837616	b'go me listen if you pose any firms or ***mask*** anything ethnic .'
True	1	explain	-4.217029094696045	explains	-6.249470233917236	b'irish spurs that predominantly would reflect ***mask*** ships , penny , lynch beach and some deaths of rebels .'
True	0	meet	4.493672847747803	meets	0.18622402846813202	b'beware me digest if you throw any couples or ***mask*** anything edible .'
skipping is/are
True	1	expects	4.28308629989624	expect	4.000409126281738	b'the economic functional murderer that he writes ***mask*** that he particularly goes his cabins and surely cares fabulous with his difficult gem .'
True	1	remain	6.231927871704102	remains	3.878539562225342	b"whie i do n't communicate to the pilot that the speakers we choose or suggest to ***mask*** no inquiry on our worker ( which i require is wholly scientific ) , it does remind me whenever requests seek out a temporary bench of helicopters to prescribe the deadline on ."
True	0	ensure	0.8900707364082336	ensures	-2.8016984462738037	b'they extremely add if you make route in your wager , ( for gains like me ) , they begin an attraction of the sheet and ***mask*** naked appropriations to wander .'
False	0	understands	0.8079167008399963	understand	2.4854440689086914	b'the unacceptable privileged photography i have filled ***mask*** that in the kidney of agra eighteen complaint of the voting is individually described in the career the journey before the tug , this therapy paid after the tripartite harness .'
True	0	sees	2.2096874713897705	see	1.7555301189422607	b'actually adjust your hens to meet this obviously to their references , and still abroad , so that the difficulty to deserve her ***mask*** approximately .'
True	1	extend	-0.7471137046813965	extends	-1.2783570289611816	b'i refuse the volumes on which i should cancel your country ***mask*** : ( a ) do you donate a frustrating satisfaction about the context to soft surface drugs noticed by ontario aires ?'
True	0	ensures	6.485583782196045	ensure	5.529731273651123	b'the first facility you carry whenever you oppose on sympathy ***mask*** that the pocket garage super receives out the paw and lasts into the grave flooding .'
True	0	assumes	4.88986873626709	assume	2.31380033493042	b'the awful busy breeder i have passed ***mask*** that in the rabbit of iceland eighteen spa of the campaigning is otherwise kept in the proportion the flipping before the hotel , this carbon turned after the big web .'
True	0	recommends	1.1680461168289185	recommend	-0.0604780837893486	b'as you suffer above the provision , the plenty of the superior migrant goes your drama and ***mask*** you contain newer and clearer .'
True	0	has	12.9443998336792	have	7.587976455688477	b'this type of harness goes around the dog s chest and legs and ***mask*** a clip for the leash up on the back of the dog in middle of shoulder blades .'
True	0	visit	7.8868255615234375	visits	5.773447513580322	b'dignitaries condemn the act but ***mask*** her bereaved family and the money flows .'
True	1	enjoy	-0.23588615655899048	enjoys	-1.0476387739181519	b'the academic grandparents we proceed in our channel ***mask*** ; we pose market none for easter , flipping reputation and scam - tonight for chechnya .'
True	2	include	12.026196479797363	includes	10.58907413482666	b'the important commercial species that probably would benefit from warming ***mask*** cod , haddock , saithe , herring , blue whiting and several types of flatfish and crustaceans -- such as the norway lobster .'
True	0	hears	0.9359064102172852	hear	-1.2888407707214355	b'even adjust your prices to begin this indeed to their dividends , and carefully aggressively , so that the route to dine her ***mask*** incorrectly .'
True	0	fails	-0.057190150022506714	fail	-2.8693630695343018	b'a reserve forum anticipated in lanka fifty ***mask*** , " due to its vet astride the warner carnival , assembly has fairly been a whim to the client .'
False	0	enjoys	-3.031055450439453	enjoy	-2.685210943222046	b'the automatic traveler i threw eventually from them in the first consumption ***mask*** because my fortunate crime who appreciated with them was looking out on his ambitious .'
True	0	comes	7.511620044708252	come	4.529736042022705	b'can you interfere that the spring we are joking ***mask*** toward a same and reasonable medicine ?'
True	0	ensure	2.9512624740600586	ensures	0.7628161907196045	b'they exponentially indicate if you carry bull in your panic , ( for lions like me ) , they laugh an extent of the field and ***mask*** similar affairs to bless .'
True	0	continue	6.905358791351318	continues	1.1870335340499878	b'i hear we possibly pick the milk and ***mask*** to lebanon .'
False	0	tends	-3.654092788696289	tend	-0.811561644077301	b'i remain the salsa you preceded to me ***mask*** to the belgium pew at europe ( ran in nicobar ) .'
True	0	operates	-3.4419710636138916	operate	-3.623180627822876	b'the unaware site to click for mobile ***mask*** to withdraw six , or your cousin magazine warranty snack , and owe .'
False	0	includes	3.495657444000244	include	3.5713021755218506	b'my dad with establishing the protein surely ***mask*** , could it be approved that publicly everyone lacked the tug would or could exceed at any permission , since we roughly drafted philip and tamils and if they felt they might have needed a meticulous directive ??'
True	1	develop	3.0250840187072754	develops	-2.8915398120880127	b'but unacceptable demons do compel the route they propose he will grow , and the agreements who provide him ***mask*** to obtain the appropriations who exist him .'
False	0	produces	-2.3565802574157715	produce	-1.1177208423614502	b'i consider the dominance you replied to me ***mask*** to the kennedy coogan at april ( tried in kim ) .'
True	1	reflect	1.6697583198547363	reflects	-4.25508975982666	b'but attentive hosts do harass the fan they manage he will recreate , and the implications who wash him ***mask*** to emit the establishments who expect him .'
True	1	agrees	4.909585475921631	agree	2.4642887115478516	b'the inappropriate romantic diversion that he submits ***mask*** that he honestly demonstrates his fundamentalists and gently follows necessary with his visible correction .'
True	0	beg	-1.6820052862167358	begs	-5.176042079925537	b'find me retake if you develop any publications or ***mask*** anything optimistic .'
True	0	relates	2.5283970832824707	relate	-0.5798203945159912	b'the first pig you carry whenever you eat on possibility exists that the scrap photographer downhill lasts out the punishment and ***mask*** into the sensitivity shame .'
True	1	appear	-2.175121784210205	appears	-2.4928534030914307	b'antique spurs that greatly would testify ***mask*** contents , chairman , portugal profile and some liberties of cartoons .'
True	0	observes	9.013335227966309	observe	5.189256191253662	b"the rebel to hire in sensitivity ***mask*** that many afraid strategies and seas and respective retired birds are basic to pour badly partly brave to the ukraine in israel than al - berlin utensils , and it would be neat to fill one 's affairs off the gentle convenience ."
True	0	need	13.29416561126709	needs	7.501299858093262	b'please let me know if you have any questions or ***mask*** anything else .'
True	0	enter	2.8051133155822754	enters	-0.6849085092544556	b'they indefinitely operate if you hear master in your time , ( for hijackers like me ) , they lose an environment of the consistency and ***mask*** narrow earthworms to prepare .'
True	0	compares	1.1117582321166992	compare	-0.5947587490081787	b'an external origin authorized in sixteen ***mask*** there assume seven " kilometres " in the ana arabs , but impeccable countries are possibly lighter than this .'
True	0	manage	4.896961688995361	manages	0.7610852718353271	b'ladies initially : jeremy two through electoral three ( expanding you manage on the purpose we listen and ***mask*** rarely to thread the cat after we listen )'
True	0	explains	1.0549123287200928	explain	0.991282045841217	b'the recent wording i tried this jar ***mask*** to evacuate anyone telling this if they proceed of some stylist i can postpone seem a decor to this document report .'
True	0	includes	2.6740989685058594	include	-0.20173101127147675	b'the asymmetrical wager i blew indeed from them in the first bench ***mask*** because my dumb friendship who ordered with them was suggesting out on his electrostatic .'
True	0	seeks	2.7707719802856445	seek	-0.6542186141014099	b'as you laugh above the compliance , the theater of the latter source develops your section and ***mask*** you reassure taller and clearer .'
False	0	begs	-1.1968445777893066	beg	-0.8992905616760254	b'i seem the manner you called to me ***mask*** to the croatia grill at amsterdam ( said in teresa ) .'
True	0	refers	4.557075023651123	refer	0.07239560782909393	b'can you approve that the rivalry we are joining ***mask*** toward a suspicious and privileged disaster ?'
True	1	intend	-0.099649578332901	intends	-0.24234727025032043	b'i recognize the dollars on which i should revise your band ***mask*** : ( a ) do you communicate a valid predator about the lifeboat to constant mystery cats strengthened by antichrist autumn ?'
True	0	begins	2.3611514568328857	begin	0.6602289080619812	b'come for a team of women in their guerilla that generates from the cabinet and ***mask*** mostly to the cave fo the propane .'
False	0	belong	-2.2649922370910645	belongs	-1.7817885875701904	b'judges laugh the imprisonment but ***mask*** her monthly wire and the neighborhood relates .'
True	0	understands	4.358271598815918	understand	3.7308664321899414	b"the wing to concur in reduction ***mask*** that retired antique courses and rockies and preventive full deer are tragic to describe soon historically hospitable to the ontario in ontario than al - sharon alternatives , and it would be fashioned to collect one 's utilities off the senior feedback ."
True	0	remember	1.6294560432434082	remembers	-2.351972818374634	b'you apply the toy and ***mask*** fighter hair into the blackmail .'
True	0	dies	1.3926494121551514	die	-1.7906657457351685	b'this conviction of homosexuality melts around the team s neighbor and militants and ***mask*** a director for the jerk importantly on the beard of the lunch in weapon of law thieves .'
True	1	includes	5.074528694152832	include	4.117290496826172	b'the unable forthcoming hospitality that he deserves ***mask*** that he strongly sees his prisoners and necessarily writes diplomatic with his northeastern wasp .'
True	0	require	3.76102352142334	requires	0.11835877597332001	b'learn me miss if you carry any whereabouts or ***mask*** anything unbelievable .'
True	0	delivers	4.362430572509766	deliver	2.63647723197937	b'can you enable that the contribution we are checking ***mask*** toward a generic and controversial cage ?'
True	0	hears	1.8712912797927856	hear	0.2677329480648041	b'an unknown alert aggravated in nine ***mask*** there oppose three " genitals " in the andre ages , but unpopular standards are roughly happier than this .'
True	0	want	3.9766881465911865	wants	-2.626105546951294	b"terms who require these actions ***mask*** at the effort amazingly ; and it 's ridiculous to concur they are absolute and sunny to withdraw no if they deny there would fix a therapist ."
True	0	see	10.304262161254883	sees	4.868009567260742	b'if you meet any records or ***mask*** any army incomplete always , please hang rahman hell at three or palestine niagara at six .'
False	0	refer	-0.9748390913009644	refers	-0.100271075963974	b'prices prefer the opinion but ***mask*** her primary tract and the clothing begins .'
True	0	observes	-1.9614402055740356	observe	-1.9985451698303223	b'my yoga with answering the throat technically ***mask*** , could it be understood that properly everyone belonged the parent would or could establish at any swing , since we correctly warned courtney and californians and if they killed they might have saved a cruel violence ??'
skipping is/are
True	1	explain	-1.550833821296692	explains	-4.169548511505127	b'asian traditions that hopefully would wrap ***mask*** trees , reconciliation , saddam waitress and some reservations of measures .'
False	0	throws	-3.877545118331909	throw	1.0990041494369507	b'i remain the kid you tested to me ***mask*** to the colin coalition at okinawa ( guaranteed in loretta ) .'
False	0	adds	-3.366469383239746	add	-1.9958927631378174	b'the electronic convenience i chose apparently from them in the first station ***mask*** because my functional connection who indicated with them was telling out on his undecided .'
True	0	provide	1.9289591312408447	provides	0.704228937625885	b'i spend this acceptable wagon and ***mask*** to prepare this regional energy .'
True	0	recommend	-0.32510221004486084	recommends	-1.2734962701797485	b'i serve we somewhat sell the fan and ***mask*** to kline .'
True	0	indicates	6.405338764190674	indicate	4.895466327667236	b'because of the virus that his solar photography with delivery oglethorpe had happened him , he missed producers yellow as : " you can communicate a spore and a bravery , eight menu you ca n\'t prepare ***mask*** why you \'re limp unfortunately " and stayed currents to the " taiwan canal " jail containing that " repeatedly he phoned perfect foreigners to collect warmly militant as a philosophy " .'
True	0	remains	-0.3636005222797394	remain	-2.482666492462158	b'i proceed the towing you threw to me ***mask*** to the don rice at ayatollah ( folded in milan ) .'
True	0	indicates	8.072189331054688	indicate	4.559154987335205	b'the unexpected radical notification i have proposed ***mask*** that in the collateral of orr eighteen locker of the majority is immediately protected in the pasture the merger before the skill , this shame tasted after the biochemical device .'
True	0	relate	1.1576926708221436	relates	-3.267937660217285	b"programs who seem these adults ***mask*** at the ideology entirely ; and it 's defensive to put they are unconnected and dead to grab no if they die there would commit a phenomenon ."
False	0	loses	1.7463297843933105	lose	3.1420342922210693	b'i decide the notch you began to me ***mask*** to the tiffany mcdonald at atlanta ( maintained in superfund ) .'
True	0	decides	2.4028215408325195	decide	2.185196876525879	b'if you die a source who will represent to you and reflect he will expand and then migrate his determination , and not regret what he is hoping about whenever he depends reasons at eastern temperatures and ***mask*** they indicate what you throw , why they will not defend for you , come to this tension ... he is the affair for you .'
True	0	delivers	-2.282622814178467	deliver	-2.701555013656616	b'well , unless inevitably thus the third lease he deleted in the chapter ***mask*** out .'
True	0	generate	8.171425819396973	generates	4.362826824188232	b'if you manage any dilemmas or ***mask*** any energy occasionally overly , please continue kaufman jan at seven or lake rolling at fifteen .'
True	0	points	13.78908920288086	point	7.612699031829834	b'can you accept that the road we are travelling ***mask*** toward a grim and painful future ?'
False	1	adds	0.7517804503440857	add	2.651350259780884	b'the joint lot cases recommend there ***mask*** raid to the craft .'
False	0	includes	3.525217056274414	include	3.5325920581817627	b'the hysterical democracy i started this counsel ***mask*** to identify anyone seeking this if they provide of some preparation i can prove strengthen a recovery to this brass period .'
skipping is/are
True	0	demonstrate	1.0295829772949219	demonstrates	-0.28210270404815674	b'commissioners decide the advertising but ***mask*** her delicate driver and the surplus supports .'
True	0	refuse	2.7174899578094482	refuses	1.31239652633667	b'wolves see the exclusion but ***mask*** her geographical space and the death receives .'
True	1	assume	-0.960344135761261	assumes	-1.7141647338867188	b'the electoral parties we tolerate in our label ***mask*** ; we manage percentage tutorial for easter , climate chili and warning - rein for christianity .'
True	0	write	3.4550812244415283	writes	1.2588857412338257	b'wait me grow if you learn any targets or ***mask*** anything unconnected .'
True	0	lose	2.8126540184020996	loses	-2.6587281227111816	b'i come we rapidly begin the tin and ***mask*** to southwest .'
True	0	require	16.12352752685547	requires	9.66210651397705	b'if you have any questions or ***mask*** any assistance at all , please contact hope duncan at 202.739.0134 or jeff mangold at 703.729.2710 .'
False	0	observes	-3.7647407054901123	observe	-3.6362152099609375	b'the aware coast i requested onboard from them in the first center ***mask*** because my glad midst who enjoyed with them was seeking out on his unfortunate .'
True	0	carry	4.874913692474365	carries	0.8922134041786194	b'please put me communicate if you lose any headlines or ***mask*** anything unacceptable .'
True	0	believe	3.411712169647217	believes	0.08178989589214325	b"prices who pale these astronauts ***mask*** at the enjoyment anymore ; and it 's hectic to commit they are environmental and bored to foresee no if they begin there would deliver a vegetable ."
True	2	expect	-4.409912109375	expects	-5.812138557434082	b'the extraordinary false provinces that secretly would cancel from scrap ***mask*** protein , bunch , lifeboat , lease , visible sensitivity and terrible bottles of relatives and sales -- sensitive as the capricorn background .'
True	1	apply	-1.244866132736206	applies	-2.7421345710754395	b'additional leaders that thereafter would translate ***mask*** things , property , jared combo and some lions of guidelines .'
False	0	ensures	-4.218202114105225	ensure	-3.007661819458008	b'the interested popularity to reconsider for lax ***mask*** to retrieve six , or your professor difference criticism competition , and adjust .'
True	0	carry	4.639570713043213	carries	1.9110209941864014	b'you exist the chairman and ***mask*** disease fan into the sovereignty .'
True	1	intend	-1.1872373819351196	intends	-3.1249730587005615	b'additional parties that frankly would conclude ***mask*** donations , custody , japan ticket and some provisions of toes .'
True	0	makes	17.803560256958008	make	11.745232582092285	b'as you sit above the world , the warmth of the golden sun penetrates your body and ***mask*** you feel warmer and warmer .'
True	0	seek	4.648622035980225	seeks	0.28252434730529785	b'you operate the campaign and ***mask*** counsel grandson into the facility .'
True	0	loses	-0.0865200012922287	lose	-2.9317774772644043	b'it refuses the council for man expectation and ***mask*** , \xe2\x80\x9c we are filmed that the lake should not enable with massive - character companies who provide to commit and revise regardless and indoors in the responsibilities , bottles , and chicks of satisfied creation . \xe2\x80\x9d'
False	0	learns	-3.038123846054077	learn	-2.211063861846924	b'an underage atrophy equipped in billion ***mask*** there intend seven " complexes " in the eurasia indians , but infinite tires are nowadays cheaper than this .'
True	0	observe	2.321688413619995	observes	-3.733086347579956	b'they obviously anticipate if you make boy in your facility , ( for bottles like me ) , they realize an ownership of the participant and ***mask*** certified agencies to prove .'
False	0	belong	-4.278388977050781	belongs	-0.7175807356834412	b'rules listen the artwork but ***mask*** her promotional perception and the queen produces .'
True	1	intends	1.7524315118789673	intend	-1.0234787464141846	b'the unsure strategic story that he tells ***mask*** that he virtually contains his bucks and currently continues necessary with his dire pleasure .'
True	0	suggest	1.171186089515686	suggests	-3.1955485343933105	b'reports eventually : limerick fifteen through ismail nine ( emerging you listen on the coat we decide and ***mask*** sufficiently to feedback the setback after we hear )'
True	0	spend	4.900243759155273	spends	2.5876927375793457	b'cats provide the ownership but ***mask*** her huge manufacturer and the pup cares .'
True	0	requires	7.961025238037109	require	3.7175002098083496	b'this wire of capability reflects around the commodity s trend and bombers and ***mask*** a memo for the sect eventually on the receiver of the diversion in payment of photo duties .'
True	0	allows	0.04187500476837158	allow	-0.4236820936203003	b'my landing with increasing the crab traditionally ***mask*** , could it be understood that shortly everyone replaced the proportion would or could achieve at any mile , since we relatively felt messenger and fridays and if they planned they might have diagnosed a spiritual mode ??'
True	0	insists	2.582195520401001	insist	0.800710141658783	b'the homemade counsel i listened this beard ***mask*** to execute anyone filling this if they throw of some letter i can vomit propose a heart to this patience cage .'
True	0	begin	4.4909844398498535	begins	-0.09790199249982834	b'i continue we pursuant meet the cave and ***mask*** to lucy .'
True	0	applies	-1.0345821380615234	apply	-2.9899590015411377	b'the immediate strong parent i have lived ***mask*** that in the cafe of alito eighteen teeth of the health is abundantly monitored in the warlord the consumer before the medal , this showroom grabbed after the cute reconciliation .'
skipping is/are
skipping is/are
False	0	understands	-3.0498197078704834	understand	0.9362258315086365	b'the first fence you laugh why you admit on coup ***mask*** that the trial life really happens out the kitchen and hates into the floor beard .'
True	0	intends	3.627368688583374	intend	0.3578490912914276	b'usually , the insecure invoice taken for infantry ***mask*** whether our index ( the incredible invention and somehow the arrangement they see to protect ) is or objects not an identical whim under the healthcare .'
True	0	happens	4.41575288772583	happen	2.866027355194092	b'turn for a musician of stories in their concert that belongs from the locker and ***mask*** successfully to the punishment fo the jury .'
True	0	pay	6.290902614593506	pays	2.151822090148926	b'ladies exactly : columbia six through abramoff five ( attempting you propose on the tea we decide and ***mask*** politely to speaker the wolf after we propose )'
True	0	go	14.034823417663574	goes	10.014627456665039	b'days away : sept. 21 through oct. 3 ( assuming you work on the day we leave and ***mask*** back to work the day after we return )'
False	0	understands	2.4541659355163574	understand	2.901765823364258	b'the uncut sweet waiter i have placed ***mask*** that in the lottery of amsterdam eight trip of the language is afterward taken in the scrutiny the child before the grid , this sea published after the tall salsa .'
True	0	continue	0.9405186772346497	continues	-2.1004161834716797	b'click me wear if you suck any shelves or ***mask*** anything aortic .'
False	0	adds	0.613884449005127	add	1.2557849884033203	b'the smallest studio you can carry in omar ***mask*** to burn to a suggestion .'
False	0	sees	1.2161822319030762	see	2.2472267150878906	b'it seems the tourist for quo identity and ***mask*** , \xe2\x80\x9c we are projected that the terry should not oppose with legislative - payout sanctions who remember to remain and communicate shortly and automatically in the tensions , temples , and messages of necessary cousin . \xe2\x80\x9d'
True	0	learns	2.4568517208099365	learn	2.3180856704711914	b'bring for a heaven of weapons in their virus that reads from the master and ***mask*** smoothly to the task fo the marketing .'
True	0	throws	3.1339921951293945	throw	0.00438615120947361	b'as you seem above the ton , the perfume of the critical protein provides your pattern and ***mask*** you reassure newer and taller .'
True	1	spend	4.705140590667725	spends	-1.200527310371399	b"whie i do n't solve to the commission that the stars we choose or receive to ***mask*** no aircraft on our death ( which i want is promptly generic ) , it does generate me whenever projects carry out a relaxed spa of crimes to see the pork on ."
True	0	receive	0.0700131505727768	receives	-1.5177156925201416	b'i propose this astounding rail and ***mask*** to pursue this naive office .'
True	0	exists	3.8465778827667236	exist	1.9453688859939575	b'the first proportion you collaborate whenever you exist on darkness ***mask*** that the junk tractor respectively pays out the hybrid and suggests into the permission tax .'
True	0	allows	4.8892669677734375	allow	1.8294718265533447	b'my haven with acting the character merely ***mask*** , could it be accepted that cheaply everyone grabbed the labor would or could assist at any picketing , since we regularly listened beijing and metals and if they remembered they might have titled a honest direction ??'
True	0	intends	-0.4760472774505615	intend	-2.476224184036255	b'ever , the immediate absorption created for arthritis ***mask*** whether our ets ( the unknown exposure and dramatically the energy they describe to maintain ) is or understands not an angry reality under the corps .'
False	0	understands	-0.718663215637207	understand	-0.25509780645370483	b'the rare reversal i called this sauce ***mask*** to attend anyone doing this if they make of some puppy i can breathe forget a bag to this thanks money .'
True	0	deserves	0.2572447657585144	deserve	-1.1980623006820679	b'i deny the brain you developed to me ***mask*** to the janice sancho at ips ( protected in mills ) .'
False	0	explains	-0.9726710319519043	explain	2.5570530891418457	b'because of the musician that his timely comparison with ray ei had protected him , he contacted rewards solid as : " you can regret a pewter and a master , eighteen capacity you ca n\'t foresee ***mask*** whenever you \'re crucial indefinitely " and said snakes to the " prophet scotland " tension watching that " basically he belonged dear policies to wrap neatly preventive as a room " .'
True	0	suffers	1.3388231992721558	suffer	0.9468005895614624	b'the first dioxide you deny why you admit on tip enjoys that the tourism staff hereby crashes out the company and ***mask*** into the heating friendship .'
False	0	meets	-0.6700419783592224	meet	1.022584319114685	b'well , unless indeed quietly the third position he phoned in the marketing ***mask*** out .'
True	0	create	9.20319938659668	creates	4.314549446105957	b'save me discuss if you tend any conclusions or ***mask*** anything amusing .'
True	0	realise	-0.9152930974960327	realises	-4.197790145874023	b"stars who recognize these attempts ***mask*** at the id incorrectly ; and it 's grand to harass they are educated and naive to reassure no if they come there would spell a direction ."
True	0	put	7.624161243438721	puts	3.65287184715271	b'you add the water and ***mask*** water conditioner into the water .'
True	0	states	15.946561813354492	state	9.935928344726562	b'it presents the case for marriage equality and ***mask*** , \xe2\x80\x9c we are resolved that the state should not interfere with same - gender couples who choose to marry and share fully and equally in the rights , responsibilities , and commitments of civil marriage . \xe2\x80\x9d'
True	0	adds	6.339627265930176	add	4.11043119430542	b"the wolf to continue in time ***mask*** that critical afghan kinds and pakistanis and dissatisfied kurdish gentlemen are romantic to harass badly faithfully tall to the andrew in ashcroft than al - lonely appointees , and it would be gullible to prove one 's ecosystems off the final sea ."
True	0	respond	5.613958835601807	responds	2.9433581829071045	b'i refer we perfectly provide the pub and ***mask*** to cst .'
True	0	suggests	14.881237983703613	suggest	10.305091857910156	b'an official estimate issued in 2003 ***mask*** there are 50,000 " foreigners " in the andaman islands , but unofficial figures are much higher than this .'
