True	1	exists	0.424925297498703	exist	-0.8076444268226624	b'the organised massive skin that he depends ***mask*** that he thus sends his rights and nowadays tells lazy with his northeastern merchant .'
True	0	ensures	-2.808086395263672	ensure	-4.874521255493164	b'because of the paperwork that his terrible father with dental alan had shared him , he saved wonders continental as : " you can retake a programming and a problem , eighteen song you ca n\'t gather ***mask*** whenever you \'re humble abroad " and discussed nostrils to the " future korea " dish removing that " primarily he said pakistani hands to reassure thus vital as a receipt " .'
False	0	admits	3.362830877304077	admit	4.266897201538086	b'the first settlement you suggest whenever you extend on rumor ***mask*** that the premium media slowly melts out the culture and dies into the belly fever .'
True	0	spill	3.6913928985595703	spills	0.14856752753257751	b'if you choose any holdings or ***mask*** any electricity ethnically already , please tell sarah gm at six or crawford kevin at nine .'
True	0	decide	2.5327186584472656	decides	1.025632619857788	b'please groom me translate if you prefer any forums or ***mask*** anything obvious .'
True	0	approves	0.40199124813079834	approve	-1.5133073329925537	b"the sauce to recruit in pastor ***mask*** that full european complexes and communists and strange jewish species are conventional to hang soon thereby violent to the amsterdam in isi than al - taiwan animals , and it would be numerous to recover one 's alarms off the governmental radar ."
True	0	operates	-1.526715636253357	operate	-1.912516474723816	b'the first loan you respond why you indicate on frequency ***mask*** that the time remainder finally belongs out the speech and pays into the zoo technology .'
True	1	insist	-1.0457837581634521	insists	-1.241109848022461	b'the ecological wines we believe in our night ***mask*** ; we come drawer today for easter , rivalry difficulty and weapon - machine for louisiana .'
True	0	deserve	0.02605433762073517	deserves	-1.9018687009811401	b'please make me verify if you require any dancers or ***mask*** anything underage .'
True	0	tend	2.615727663040161	tends	2.541506052017212	b'i consider this adequate reputation and ***mask*** to relate this dangerous event .'
True	0	use	11.378242492675781	uses	5.460318565368652	b'they always ask if you have meat in your dish , ( for vegetarians like me ) , they scrub an area of the grill and ***mask*** separate utensils to cook .'
True	0	adds	3.2349400520324707	add	1.6157997846603394	b'the first reduction you believe why you intend on decor ***mask*** that the commission soil specifically becomes out the virus and leads into the spirit market .'
False	0	adds	-1.2940034866333008	add	-1.173352837562561	b'the effective communication to thank for romantic ***mask*** to pursue three , or your boy tumor software behavior , and encourage .'
True	1	remain	5.221780776977539	remains	1.1276334524154663	b'but unbelievable malls do describe the quiz they prefer he will replace , and the artists who remain him ***mask*** to investigate the appointments who extend him .'
False	2	explain	0.9392973184585571	explains	1.6331647634506226	b'the overcrowded strategic tourists that strictly would meet from meditation ***mask*** misunderstanding , bladder , poisoning , jerk , pure target and lovely rebels of marketers and cleaners -- previous as the doug snack .'
True	0	suggest	7.409884929656982	suggests	1.2802752256393433	b'if you condemn any disasters or ***mask*** any error economically afterward , please specify butcher samuel at fifteen or tet nov at six .'
True	0	tend	7.750621318817139	tends	0.7202821373939514	b'i seem we promptly suck the disaster and ***mask*** to jafar .'
True	0	represent	1.2251712083816528	represents	-1.4154729843139648	b'follow me predict if you put any publications or ***mask*** anything impenetrable .'
False	1	exist	-1.1828694343566895	exists	-0.6410425305366516	b'the electrostatic fisheries we develop in our monkey ***mask*** ; we listen perspective wall for easter , planet testimony and supervisor - budget for wii .'
True	1	employ	-1.6643842458724976	employs	-2.2226266860961914	b'i develop the liberals on which i should lace your gender ***mask*** : ( a ) do you pour a painful requirement about the cafeteria to delighted swap shops begun by andaman andre ?'
True	0	enters	2.4883737564086914	enter	-0.14750748872756958	b'my career with using the fantasy frequently ***mask*** , could it be eaten that perfectly everyone bought the swap would or could eat at any justice , since we happily prevented veterinary and wars and if they gave they might have grown a scientific blackmail ??'
True	0	represent	-1.1950228214263916	represents	-6.446108341217041	b'i deny this expensive customer and ***mask*** to remember this costly atrophy .'
False	0	understands	3.0789308547973633	understand	4.345098972320557	b'instead , the effective extent killed for editor ***mask*** whether our usb ( the unaware obligation and nearly the exclusion they pose to compel ) is or involves not an obvious curve under the purse .'
True	0	tells	0.7254146337509155	tell	-4.0866827964782715	b'the first goodness you laugh whenever you agree on testimony appears that the discovery king presently cares out the filter and ***mask*** into the salsa competition .'
True	2	enjoy	-1.5860707759857178	enjoys	-2.494616985321045	b'the overwhelming short properties that primarily would dial from lottery ***mask*** termination , divorce , term , wagon , militant salt and downstream martyrs of methods and wounds -- soothing as the karl separation .'
True	0	dies	2.152477264404297	die	-1.48322331905365	b'as you sell above the rape , the temper of the complicated stone feels your nature and ***mask*** you grow lighter and newer .'
True	0	makes	1.392606496810913	make	0.3045417070388794	b'put for a button of centuries in their reviewer that pays from the defence and ***mask*** historically to the bluff fo the reaction .'
True	1	carry	3.0899546146392822	carries	-0.8859468102455139	b'but automatic millions do cancel the tutorial they dislike he will wash , and the explosives who provide him ***mask*** to argue the edges who insist him .'
False	0	expect	0.9112851619720459	expects	0.9988073110580444	b'they especially include if you die reaction in your separation , ( for transfers like me ) , they believe an investment of the teacher and ***mask*** barren officials to receive .'
True	1	assumes	8.63658332824707	assume	5.700384140014648	b'the insecure weird shelter that he suggests ***mask*** that he possibly depends his participants and vigorously blames relevant with his funny process .'
True	1	approves	2.040004014968872	approve	-1.6371536254882812	b'the enjoyable huge wing that he melts ***mask*** that he generally loves his hearings and properly relates conscious with his similar difficulty .'
True	1	begin	0.4244253635406494	begins	-4.316605567932129	b"whie i do n't consider to the discussion that the cabins we wash or meet to ***mask*** no user on our corps ( which i deserve is wholly conservative ) , it does mention me why ranchers die out a prior homeland of things to hear the vulnerability on ."
True	1	include	12.346418380737305	includes	7.717371463775635	b'important species that probably would decline ***mask*** shrimp , capelin , greenland halibut and some varieties of flatfish .'
False	0	represents	-4.756993293762207	represent	-4.686145782470703	b'well , unless abruptly harshly the third siege he paid in the mosque ***mask*** out .'
True	0	tend	1.465441107749939	tends	-1.187727689743042	b'if you laugh any flowers or ***mask*** any omnibus incredibly entirely , please breathe fred gerald at twenty or coogan medici at thirty .'
True	0	look	21.2110652923584	looks	13.687541007995605	b"workers who do these introductions ***mask*** at the interaction objectively ; and it 's good to see they are able and willing to say no if they feel there would be a problem ."
True	2	agree	-2.3366219997406006	agrees	-3.7616751194000244	b'the usual noble peoples that freely would reduce from role ***mask*** dispute , tin , portion , studio , mass bravery and cultural ladies of years and forums -- fundamentalist as the francis pillow .'
True	0	belongs	13.025923728942871	belong	8.085119247436523	b'i believe the message you forwarded to me ***mask*** to the mark taylor at ei ( based in london ) .'
True	1	allows	0.6873502731323242	allow	0.04151920974254608	b'the potable mistake properties believe there ***mask*** flee to the surgery .'
True	1	define	-0.8497271537780762	defines	-4.312046051025391	b'but insecure symptoms do rush the humanity they suck he will serve , and the extremists who lose him ***mask*** to amend the ants who include him .'
True	1	ensure	-0.18633942306041718	ensures	-0.5358496308326721	b'the ordinary wars we require in our tuna ***mask*** ; we suggest traveler dryer for easter , climate channel and propane - millet for stark .'
skipping is/are
True	1	want	10.079898834228516	wants	4.32200288772583	b'but inner declarations do customize the leaf they seem he will harass , and the immigrants who lose him ***mask*** to eat the injuries who enjoy him .'
True	0	deserves	-4.368611812591553	deserve	-5.1531267166137695	b'a bill cult accepted in scott three ***mask*** , " due to its ticket astride the christmas cambodia , iss has now been a trauma to the suicide .'
False	2	affirm	-4.312258243560791	affirms	-4.312258243560791	b'the affluent strong wishes that desperately would sell from movie ***mask*** feedback , territory , size , lifestyle , crazy highway and heavy rounds of laws and politics -- fatal as the youngstown belief .'
False	1	admits	-0.3714677691459656	admit	1.1249873638153076	b'the capable treatment contractors recommend there ***mask*** ruin to the coordinator .'
True	0	go	13.460240364074707	goes	7.909395694732666	b'i say we just keep the dough and ***mask*** to mexico .'
True	1	begin	11.428251266479492	begins	6.796252727508545	b'but incorrect cm do come the flower they refuse he will believe , and the effects who respond him ***mask*** to emit the opportunities who operate him .'
True	0	throws	0.1370152235031128	throw	-0.8535443544387817	b'otherwise ensure your peoples to burn this aggressively to their homes , and deeply unfortunately , so that the globe to deny her ***mask*** appropriately .'
True	0	serve	3.326551914215088	serves	-1.6191205978393555	b'i refuse this adequate clinic and ***mask*** to vary this superb income .'
True	0	meets	3.327390193939209	meet	0.6468355059623718	b'it believes the bird for server exchange and ***mask*** , \xe2\x80\x9c we are reimbursed that the whipple should not examine with grand - product ships who meet to reduce and cancel personally and altogether in the slaves , nails , and curtains of personal compliance . \xe2\x80\x9d'
True	0	develops	-1.1788313388824463	develop	-4.048497200012207	b'well , unless initially legally the third guitar he considered in the source ***mask*** out .'
False	0	enters	-2.3661677837371826	enter	-1.4997789859771729	b'the critical testimony i planned this chocolate ***mask*** to add anyone failing this if they represent of some comfort i can monitor suggest a curtain to this today cage .'
False	0	deserves	-1.285151720046997	deserve	0.21487398445606232	b'if you propose a country who will propose to you and see he will absorb and then convince his meditation , and not tell what he is sending about why he supports conclusions at extensive sandwiches and ***mask*** they arrive what you pick , why they will not hire for you , transmit to this rivalry ... he is the affection for you .'
False	1	indicate	-2.5548593997955322	indicates	-0.5485615730285645	b'the influential drugs we continue in our swing ***mask*** ; we pick delivery harmony for easter , virus phrase and settlement - coal for yellowstone .'
True	1	extends	-1.2354635000228882	extend	-1.5272234678268433	b'the lovely tournament cows deny there ***mask*** circulate to the thread .'
False	0	observes	-2.380559206008911	observe	-1.566616415977478	b'the youngest loan you can seem in ivan ***mask*** to develop to a drying .'
True	0	allows	0.8838204145431519	allow	-1.25460684299469	b'almost , the embarrassing earthquake requested for oil ***mask*** whether our aa ( the absurd image and precisely the acupuncture they decide to recruit ) is or involves not an innovative tube under the fare .'
True	0	compares	-0.8309485912322998	compare	-2.0346643924713135	b'the first television you require whenever you exist on guest explains that the city minister solely writes out the duty and ***mask*** into the month knee .'
True	0	grows	7.891158580780029	grow	5.2404375076293945	b'the first dinner you pay whenever you allow on pig involves that the compliance field financially sees out the language and ***mask*** into the consensus ton .'
True	0	operates	-2.786144495010376	operate	-3.6022369861602783	b'because of the phone that his potable flower with naval amelia had meant him , he reported properties pleasant as : " you can print a language and a tabs , eighteen stream you ca n\'t raise ***mask*** why you \'re beautiful utterly " and threw restrictions to the " kerry warren " cup ranging that " totally he handled judicial tensions to reflect reportedly dangerous as a terror " .'
False	2	include	0.017273610457777977	includes	1.1050195693969727	b'the arrogant difficult weekends that successfully would maintain from star ***mask*** soul , season , plot , path , narrow corner and nuclear minds of scientists and surgeons -- faithful as the starbucks crate .'
True	0	refuses	-4.166656970977783	refuse	-6.030117511749268	b'well , unless indoors strongly the third paper he passed in the campus ***mask*** out .'
True	0	extends	-0.16083858907222748	extend	-1.8657509088516235	b"the tide to compete in participant ***mask*** that dwarf armed sports and professors and tricky syrian worries are distinguished to migrate soon seldom joint to the agra in ireland than al - laura allegations , and it would be neat to foresee one 's options off the tolerable disappointment ."
False	1	enjoys	-3.6988348960876465	enjoy	-0.7578656077384949	b'the maximum dirt pairs become there ***mask*** translate to the theatre .'
True	0	generate	-1.3374176025390625	generates	-3.344622850418091	b"stars who put these animals ***mask*** at the ad immensely ; and it 's soothing to raise they are executive and handy to wrap no if they learn there would hesitate a steam ."
True	0	assumes	-0.6652985215187073	assume	-0.7062193155288696	b"the daughter to generate in housing ***mask*** that dwarf european guns and travels and bound final transactions are vital to convince soon however nuclear to the emma in ahmed than al - chevron openings , and it would be generous to carry one 's atrocities off the manned console ."
True	0	make	6.127167701721191	makes	5.363119125366211	b'mechanics pose the investment but ***mask*** her glaring predator and the moon demonstrates .'
True	0	learns	5.1969895362854	learn	4.1409478187561035	b'it leads the nephew for forum upgrade and ***mask*** , \xe2\x80\x9c we are contacted that the denton should not invite with foreign - security performers who provide to listen and bother still and altogether in the starters , stars , and casualties of knowledgeable slice . \xe2\x80\x9d'
True	0	hear	6.434629440307617	hears	3.338033437728882	b'please destroy me grab if you pay any seconds or ***mask*** anything aggressive .'
False	1	affirms	-0.011225908994674683	affirm	-0.011225908994674683	b'the healthy trip masks realize there ***mask*** lose to the freighter .'
True	0	spends	2.0833961963653564	spend	0.1750248670578003	b'about expect your wheels to burn this incredibly to their managers , and separately apart , so that the crate to harass her ***mask*** approximately .'
True	0	exists	-2.4813733100891113	exist	-2.55928111076355	b'because of the tank that his secondary pewter with nyc abby had checked him , he testified hosts blind as : " you can communicate a nausea and a plate , eight pasture you ca n\'t spend ***mask*** why you \'re certain exceptionally " and saved missions to the " sam ds " misfortune circling that " slowly he slept nepalese nails to define shortly vain as a dryer " .'
True	0	relate	4.558411121368408	relates	0.6785315275192261	b'you affirm the distinction and ***mask*** platform trauma into the letter .'
False	0	dies	-1.3469611406326294	die	0.9233547449111938	b'well , unless overwhelmingly precisely the third territory he seized in the commission ***mask*** out .'
True	0	exists	3.3993730545043945	exist	0.667272686958313	b'the healthy personality i provided this rock ***mask*** to add anyone leading this if they believe of some teacher i can prove bless a visitor to this shuttle deal .'
True	0	come	5.071163177490234	comes	2.3077142238616943	b'i deserve this arrogant shine and ***mask*** to throw this rude id .'
True	0	represents	5.145089149475098	represent	0.5668984651565552	b'can you interfere that the scholarship we are joking ***mask*** toward a tired and messy drama ?'
True	0	demonstrate	0.16156917810440063	demonstrates	-1.743330717086792	b'you indicate the dryer and ***mask*** nightlife context into the meantime .'
False	1	appear	0.27625516057014465	appears	0.31732261180877686	b'average prisoners that potentially would solve ***mask*** ft , creativity , washington partnership and some periods of customers .'
True	0	generates	-3.1073765754699707	generate	-5.271393775939941	b'a jen window allowed in cole twenty ***mask*** , " due to its breath astride the gerald finland , abdul has freely been a flower to the suicide .'
False	0	begins	-0.37170061469078064	begin	0.7042587995529175	b'if you prefer a star who will remove to you and sail he will adjust and then raise his fire , and not vary what he is jumping about whenever he gives neighbors at authentic babies and ***mask*** they extend what you put , whenever they will not join for you , transmit to this path ... he is the article for you .'
False	0	employs	-4.388190269470215	employ	-0.5520013570785522	b'the unfortunate tabs i carried adequately from them in the first direction ***mask*** because my national vulnerability who answered with them was joking out on his accurate .'
False	0	delivers	-3.4432406425476074	deliver	-0.8093953728675842	b'if you suck a woman who will bother to you and predict he will eat and then bless his tariff , and not squeeze what he is growing about why he relates creatures at identical lyrics and ***mask*** they apply what you consider , why they will not sail for you , tell to this prostitute ... he is the advancement for you .'
False	0	refuse	2.131093978881836	refuses	2.478525161743164	b'copies throw the aircraft but ***mask*** her complicated drying and the path belongs .'
False	0	ensures	-5.707760810852051	ensure	-3.1079273223876953	b'because of the spreadsheet that his hostile tomorrow with janet alaska had tended him , he waited cm necessary as : " you can foresee a hour and a thermometer , eighteen requirement you ca n\'t come ***mask*** why you \'re visual effectively " and belonged courses to the " baudelaire brazil " team preventing that " potentially he refused few policies to settle just western as a foster " .'
True	0	admits	-2.4455196857452393	admit	-2.4758658409118652	b'absolutely , the outer assault guaranteed for episode ***mask*** whether our er ( the impeccable amendment and perfectly the officer they decide to meet ) is or affects not an ethnic joke under the steel .'
True	1	expect	-2.900676727294922	expects	-4.838469982147217	b'excellent minerals that frequently would pursue ***mask*** strategies , sky , kenneth season and some patients of beliefs .'
True	0	says	12.4358549118042	say	12.069405555725098	b'if you want a doctor who will lie to you and say he will operate and then change his mind , and not know what he is talking about when he recommends procedures at other hospitals and ***mask*** they are what you need , when they will not work for you , go to this doctor ... he is the one for you .'
False	0	enters	-5.530860900878906	enter	-2.359201669692993	b'because of the traveler that his conservative lunch with tx england had dominated him , he began times massive as : " you can reflect a soup and a propane , eighteen shrapnel you ca n\'t verify ***mask*** why you \'re toxic increasingly " and testified beliefs to the " lewis texas " waist pulling that " largely he booked rude plants to concur rapidly sensitive as a growth " .'
True	0	loses	3.3094472885131836	lose	2.3703055381774902	b'get for a grandson of supporters in their lens that wakes from the deadline and ***mask*** whatsoever to the store fo the conviction .'
True	0	respond	1.776200532913208	responds	-3.5424208641052246	b"terms who meet these allegations ***mask*** at the alliance apparently ; and it 's grand to reconsider they are ominous and tropical to tighten no if they deserve there would relate a glass ."
True	0	sucks	1.3853460550308228	suck	-1.2520506381988525	b'well , unless equally probably the third rape he caused in the stuff ***mask*** out .'
True	0	receive	3.667677164077759	receives	0.9519608020782471	b'please submit me censor if you consider any reviewers or ***mask*** anything obsessed .'
True	0	suggests	1.1754339933395386	suggest	0.6603615880012512	b'an essential information employed in fifty ***mask*** there agree three " practices " in the eye indians , but unnamed cartoons are shortly newer than this .'
True	1	suggest	3.753267288208008	suggests	-1.3565008640289307	b"whie i do n't compete to the popularity that the losses we make or realize to ***mask*** no accident on our seed ( which i sell is financially covert ) , it does raise me why sanctions prefer out a dramatic humanity of ports to rush the junk on ."
False	0	tends	-2.619420051574707	tend	-2.5591893196105957	b'a nixon width estimated in sunday billion ***mask*** , " due to its discretion astride the philip larry , oglethorpe has slowly been a resolution to the cpi .'
True	0	operates	-0.3114779591560364	operate	-1.5732982158660889	b'additionally , the urban interceptor cleaned for aunt ***mask*** whether our advice ( the electrostatic oil and fully the instability they provide to participate ) is or objects not an odd honesty under the responsibility .'
skipping is/are
False	0	includes	1.690164566040039	include	1.7244441509246826	b'the richest fee you can dial in agra ***mask*** to migrate to a selection .'
False	0	hear	-2.308974266052246	hears	-2.1067066192626953	b'i pay this overwhelming sensitivity and ***mask*** to become this tactical injustice .'
False	1	ensures	-4.631396770477295	ensure	-4.139461994171143	b'the confidential success headlines consider there ***mask*** disappear to the wall .'
True	0	enjoys	-0.7418859004974365	enjoy	-2.7690670490264893	b'the stressful landlord i hired this master ***mask*** to oppose anyone hoping this if they laugh of some cooperation i can fill satisfy a chairman to this support performance .'
True	0	happen	1.7138867378234863	happens	-0.05650201439857483	b'feel me vanish if you proceed any clergy or ***mask*** anything acrylic .'
True	0	happen	3.7393102645874023	happens	1.8389016389846802	b'i put we completely learn the gang and ***mask*** to stephen .'
True	0	enjoy	4.456483840942383	enjoys	-0.30020222067832947	b'they eventually operate if you want tea in your pact , ( for developments like me ) , they refuse an upheaval of the hobby and ***mask*** thorough appropriations to tend .'
False	0	learns	-1.1757804155349731	learn	0.45781123638153076	b'i tell the courtesy you spoke to me ***mask*** to the mart connecticut at earl ( suggested in san ) .'
skipping is/are
True	0	indicates	7.132783889770508	indicate	3.7500863075256348	b'otherwise , the inevitable explanation promised for exam ***mask*** whether our account ( the alchemical apartment and typically the incident they thank to warrant ) is or intends not an authentic lawyer under the title .'
True	0	refuses	-0.03371289372444153	refuse	-1.8140842914581299	b'this lunch of photograph feels around the crew s blog and sheep and ***mask*** a diplomat for the cent again on the cake of the reintroduction in documentation of society politics .'
True	0	belongs	-2.8823792934417725	belong	-2.9608421325683594	b'a taj possibility occurred in portland trillion ***mask*** , " due to its jihad astride the louisiana hamilton , australia has downhill been a conspiracy to the para .'
True	0	compares	0.6336158514022827	compare	-2.3608076572418213	b'an endless infrastructure increased in three ***mask*** there assume four " transfers " in the ali indians , but useless blocks are jointly safer than this .'
True	0	belong	-3.4029769897460938	belongs	-6.434380531311035	b'you operate the centre and ***mask*** memo fire into the car .'
True	0	expects	0.609499454498291	expect	-0.4351986050605774	b"the crowd to discuss in snow ***mask*** that parisian antique disasters and professors and soothing medieval sons are huge to reassure soon possibly shocked to the antichrist in argentina than al - chief atrocities , and it would be digital to tell one 's analysts off the permanent directive ."
False	1	affirm	1.8578548431396484	affirms	1.8578548431396484	b'i see the sons on which i should receive your revolution ***mask*** : ( a ) do you rub a bland heart about the creativity to dead coffee photos presented by amsterdam andrew ?'
True	0	need	11.983183860778809	needs	10.903325080871582	b'let me know if you have any questions or ***mask*** anything else .'
True	0	come	6.911228656768799	comes	2.805253505706787	b"ladies who continue these experts ***mask*** at the ear indoors ; and it 's scary to recruit they are explosive and desperate to greet no if they suppose there would remind a service ."
True	0	intends	0.8876797556877136	intend	0.8122580647468567	b'the immediate flank to survive for pure ***mask*** to monitor fifty , or your hospitality homeland boulevard schooling , and achieve .'
False	0	affirms	0.4208730459213257	affirm	0.4208730459213257	b'the richest goodness you can compensate in eric ***mask*** to come to a crab .'
False	1	intends	-3.349963426589966	intend	-2.782864570617676	b'the large queen reviewers want there ***mask*** thank to the relation .'
skipping is/are
True	0	represent	2.1523842811584473	represents	-2.6784470081329346	b"terms who consider these analyses ***mask*** at the editor environmentally ; and it 's superb to click they are excellent and ready to maintain no if they believe there would maintain a date ."
True	0	recognize	2.855888843536377	recognizes	-2.2552592754364014	b'reports occasionally : fabio thousand through ontario five ( expecting you recognize on the litter we hear and ***mask*** respectfully to system the mile after we continue )'
True	0	ensures	-4.3053107261657715	ensure	-4.420287609100342	b'the arrogant detective to compel for homeless ***mask*** to disappear four , or your cop pup carbon channel , and oppose .'
True	0	realise	-1.7540560960769653	realises	-3.245384693145752	b'you allow the distance and ***mask*** climber preference into the majority .'
False	0	assumes	-2.282888174057007	assume	-1.5408283472061157	b'the understandable dryer to cook for devastating ***mask*** to reduce fifty , or your rotation father volume vegetable , and execute .'
True	0	develop	6.574927806854248	develops	2.213299036026001	b'learn me promote if you continue any cabins or ***mask*** anything asymmetrical .'
True	0	spend	0.20971819758415222	spends	-2.421022891998291	b'decisions indefinitely : williams five through edinburgh nine ( expanding you realize on the phase we die and ***mask*** previously to proportion the gambling after we die )'
True	1	come	7.433513164520264	comes	2.942439317703247	b'but electoral girls do suggest the shine they proceed he will click , and the observers who decide him ***mask*** to implement the earthworms who arrive him .'
True	0	recommends	1.7698445320129395	recommend	-1.1291468143463135	b'as you carry above the perfume , the rumor of the latter pot stands your context and ***mask*** you generate taller and fewer .'
True	0	reacts	-1.0528291463851929	react	-3.539034843444824	b'a ny coat approved in del three ***mask*** , " due to its drawer astride the hamilton gmt , argentina has wonderfully been a response to the country .'
True	0	want	6.066213607788086	wants	1.122698426246643	b'i put we presently see the bottle and ***mask*** to gm .'
True	0	understand	0.06338038295507431	understands	-0.9613593816757202	b'they aggressively intend if you provide division in your chance , ( for flats like me ) , they pay an intention of the supervisor and ***mask*** heavy animals to register .'
True	1	seem	17.44988441467285	seems	11.408308982849121	b'but other people do like the way they think he will vote , and the ones who favor him ***mask*** to outnumber the ones who oppose him .'
True	0	extends	-1.5794466733932495	extend	-2.325195550918579	b'the obsessed coding i built actually from them in the first chair ***mask*** because my distinguishing security who owned with them was returning out on his unknown .'
False	0	pays	1.4856066703796387	pay	2.0590193271636963	b'put for a hangar of symptoms in their disaster that leads from the selection and ***mask*** quickly to the complaint fo the movie .'
True	0	begin	3.3008251190185547	begins	1.4353747367858887	b'stay me settle if you remain any rooms or ***mask*** anything impossible .'
True	0	consider	3.1773877143859863	considers	-2.1862452030181885	b'put me disrupt if you pay any fry or ***mask*** anything eager .'
True	1	create	3.6558353900909424	creates	-0.9192960262298584	b"whie i do n't postpone to the danger that the chores we deserve or die to ***mask*** no office on our context ( which i deserve is routinely sensitive ) , it does wear me whenever politics reflect out a successful photograph of fruits to die the shuttle on ."
False	0	makes	-1.635899543762207	make	0.03527398407459259	b'i put the knife you won to me ***mask*** to the barcelona carter at aid ( sought in la ) .'
True	0	learns	3.6509716510772705	learn	0.9430130124092102	b'the first beer you die whenever you enjoy on freight affects that the blower surgeon routinely walks out the suspicion and ***mask*** into the roof disability .'
True	0	remembers	2.2053191661834717	remember	-0.22108539938926697	b'instead adjust your citizens to promote this apparently to their blocks , and financially actually , so that the scale to make her ***mask*** automatically .'
False	0	appears	-2.7090706825256348	appear	-1.1429157257080078	b'because of the volume that his sunny paradise with dhaka angie had promised him , he became laptops mere as : " you can recommend a sickness and a scientist , eight forgiveness you ca n\'t commit ***mask*** whenever you \'re recent already " and raised postcards to the " vi jafar " paper hunting that " forth he felt medieval missiles to deliver previously slick as a supervisor " .'
True	0	goes	8.409361839294434	go	5.276325225830078	b'well , unless of course the third compressor he put in the car ***mask*** out .'
False	1	allow	1.2372006177902222	allows	1.4106587171554565	b'i realize the wars on which i should revise your hunt ***mask*** : ( a ) do you prescribe a catastrophic week about the racing to collective flank countries fallen by eurasia ireland ?'
True	0	deserve	4.033895015716553	deserves	1.54056978225708	b'please remember me pick if you seem any hearings or ***mask*** anything uncut .'
True	1	believe	0.8015090823173523	believes	-3.5867388248443604	b"whie i do n't remain to the propaganda that the bombs we pick or come to ***mask*** no instability on our gentleman ( which i pale is highly municipal ) , it does preserve me whenever rules wash out a revolutionary justification of lions to clarify the bean on ."
True	0	writes	3.547477960586548	write	2.4371533393859863	b'beware for a theme of snakes in their stylist that cares from the neighbor and ***mask*** strongly to the membership fo the torch .'
False	0	insists	-2.9631690979003906	insist	-1.4913040399551392	b'the angry cancer to melt for surgical ***mask*** to hop three , or your vehicle gown pork handful , and achieve .'
skipping is/are
True	0	happens	-0.4441693127155304	happen	-1.780416488647461	b'a dorsey dad arrayed in capricorn billion ***mask*** , " due to its trial astride the walker lanka , orleans has strictly been a bus to the type .'
True	0	remains	3.3416357040405273	remain	1.8187966346740723	b'as you proceed above the bakery , the staff of the beloved streak seems your strife and ***mask*** you remain stronger and clearer .'
True	0	create	0.9713274240493774	creates	-3.490495443344116	b'sales usually : cass four through university thirty ( expanding you wash on the monkey we tolerate and ***mask*** quietly to grandson the conviction after we tolerate )'
True	0	refer	3.3489813804626465	refers	1.3432960510253906	b'forces indeed : rahman twenty through atta thousand ( obtaining you pay on the wasp we hear and ***mask*** willingly to conspiracy the rejection after we spend )'
True	1	suggest	5.100063800811768	suggests	1.897935152053833	b"whie i do n't forget to the government that the videos we believe or pay to ***mask*** no exploration on our butterfly ( which i tell is politically manned ) , it does digest me whenever genitals learn out a powerful button of burgers to want the notification on ."
True	0	define	3.197153329849243	defines	-0.6236346364021301	b'watch me choose if you make any surprises or ***mask*** anything advanced .'
True	2	observe	-4.705340385437012	observes	-5.3679656982421875	b'the able tough marketers that seldom would describe from calf ***mask*** furnace , compliance , penalty , platform , consistent bakery and bankrupt newspapers of birds and holidays -- democratic as the grill wasp .'
False	0	pays	-2.7832884788513184	pay	0.783941388130188	b'if you see a lot who will vary to you and compete he will arrange and then carry his today , and not thank what he is preparing about whenever he holds leaders at efficient secretaries and ***mask*** they include what you choose , whenever they will not communicate for you , prepare to this landlord ... he is the information for you .'
False	1	enjoy	-0.4274047017097473	enjoys	0.07789698243141174	b'additional grandchildren that thereby would reduce ***mask*** friends , birthday , hubbard dresser and some deaths of towels .'
False	1	believe	2.77428936958313	believes	4.391596794128418	b'but eager launchers do digest the relationship they tell he will conclude , and the appropriations who put him ***mask*** to endanger the attorneys who apologize him .'
True	0	reports	9.116150856018066	report	7.19038200378418	b'a milnet brief issued in february 2005 ***mask*** , " due to its position astride the persian gulf , iran has constantly been a threat to the gulf .'
False	0	develops	-2.5659492015838623	develop	-0.9485526084899902	b'if you continue a coast who will miss to you and seem he will attend and then come his language , and not climb what he is telling about why he sends gifts at accurate services and ***mask*** they insist what you put , why they will not pay for you , make to this wording ... he is the expansion for you .'
skipping is/are
False	0	enjoys	-2.980633497238159	enjoy	-0.7767752408981323	b'the eligible jihad i fell extremely from them in the first camera ***mask*** because my digital cake who agreed with them was causing out on his overwhelming .'
False	0	enjoys	-1.7313323020935059	enjoy	-0.8788304328918457	b'the strongest growth you can censor in aldo ***mask*** to recommend to a clothing .'
False	0	realise	-3.8925364017486572	realises	-3.6049957275390625	b'i decide we willingly prefer the hamster and ***mask*** to mcdonald .'
True	0	provides	1.0143139362335205	provide	-1.555579662322998	b'again argue your budgets to revise this afterward to their tools , and willingly environmentally , so that the scam to commit her ***mask*** abroad .'
True	0	grows	9.113927841186523	grow	3.1707119941711426	b'this dove of vision submits around the pyramid s creation and drinks and ***mask*** a monkey for the flood eventually on the network of the mayor in preacher of role daughters .'
True	0	create	4.971078395843506	creates	2.653379201889038	b'please specify me receive if you collaborate any lights or ***mask*** anything indefinite .'
True	0	relate	4.711433410644531	relates	1.2368706464767456	b'if you reflect any papers or ***mask*** any info approximately accordingly , please hesitate balochistan corp at four or fei sadat at billion .'
True	0	insists	-1.1551969051361084	insist	-2.263049364089966	b'the strongest cake you can spell in archibald ***mask*** to raid to a wording .'
True	0	tosses	-0.6349976062774658	toss	-2.9134621620178223	b'watch for a gallery of links in their midst that becomes from the hospitality and ***mask*** nowadays to the nightmare fo the server .'
False	2	allow	-1.099643349647522	allows	0.6442615389823914	b'the ancient dumb debtors that nowadays would receive from transition ***mask*** poverty , paradise , justice , gym , weak millet and familiar files of movies and currents -- fashioned as the bart radar .'
True	0	carries	0.9257349371910095	carry	0.234117329120636	b'an outward assassination imprisoned in trillion ***mask*** there agree seven " cm " in the august operations , but urban posters are maybe safer than this .'
True	0	refuses	1.2353599071502686	refuse	-0.892825186252594	b'the first disgrace you serve why you oppose on chase objects that the ticket campaign respectfully happens out the lens and ***mask*** into the conflict wasp .'
False	0	spills	2.3328421115875244	spill	6.1429314613342285	b'the first thing you notice when you arrive on location is that the waiting line literally goes out the door and ***mask*** into the parking lot .'
True	0	responds	1.2708704471588135	respond	0.20628008246421814	b'actually enjoy your cheques to remember this especially to their vests , and frankly onboard , so that the medicine to compel her ***mask*** indoors .'
False	0	includes	3.6850600242614746	include	4.013027191162109	b'the first tape you require why you anticipate on date ***mask*** that the profile supplier mostly creates out the discomfort and reflects into the fist husband .'
True	0	need	11.983183860778809	needs	10.903325080871582	b'let me know if you have any questions or ***mask*** anything else .'
True	0	creates	3.2068116664886475	create	0.2096264809370041	b'the first spine you serve why you anticipate on northeast enjoys that the discount judgment locally contains out the lamp and ***mask*** into the sentiment client .'
True	0	assumes	3.946613073348999	assume	0.7353984117507935	b'unfortunately , the unexpected expertise signed for interest ***mask*** whether our epc ( the urban opportunity and thereby the influence they collaborate to warn ) is or enjoys not an eligible boyfriend under the discovery .'
True	0	includes	1.7428834438323975	include	1.7224892377853394	b"the coup to destroy in habitation ***mask*** that dwarf important provinces and republicans and rude hard people are tired to come badly virtually ready to the ayatollah in art than al - cass organisations , and it would be courteous to reduce one 's introductions off the delighted longevity ."
True	0	assume	1.5774292945861816	assumes	-1.6173484325408936	b'they importantly include if you throw discount in your tire , ( for reptiles like me ) , they sell an edit of the beginner and ***mask*** neurological expectations to bless .'
skipping is/are
True	1	receive	4.484930992126465	receives	1.59583580493927	b"whie i do n't marry to the golf that the crews we refer or deny to ***mask*** no artwork on our volume ( which i come is virtually severe ) , it does pick me whenever transfers seem out a memorable tool of birds to retaliate the clay on ."
False	0	serves	0.5225381255149841	serve	1.3266175985336304	b'if you tend a news who will put to you and greet he will assess and then recruit his gravy , and not recruit what he is stepping about why he remembers hijackers at investigative minutes and ***mask*** they affirm what you condemn , whenever they will not spawn for you , groom to this pup ... he is the audience for you .'
True	0	recommend	3.1458370685577393	recommends	-2.4018006324768066	b'if you receive any words or ***mask*** any appearance accidentally actively , please prepare germany brooklyn at trillion or colorado beth at three .'
True	0	decide	1.7119826078414917	decides	-1.5723330974578857	b"mechanics who meet these updates ***mask*** at the item everywhere ; and it 's subtle to decide they are aged and timely to begin no if they throw there would recover a status ."
True	0	happens	1.9269605875015259	happen	-1.2767775058746338	b'this merger of feedback brings around the grain s shuttle and moderates and ***mask*** a diarrhea for the threat exponentially on the currency of the diversion in woman of pipe graphics .'
True	0	suggests	2.3251802921295166	suggest	2.310145616531372	b'if you seem a panel who will demonstrate to you and hire he will immigrate and then verify his magnitude , and not determine what he is helping about whenever he believes marketers at educated bands and ***mask*** they affirm what you die , whenever they will not spawn for you , notify to this foreigner ... he is the unwillingness for you .'
False	1	operates	-1.7049351930618286	operate	-0.644630491733551	b'the historical voting movements wash there ***mask*** breathe to the passport .'
True	0	belongs	3.298701763153076	belong	0.1612161248922348	b'this flipping of news depends around the racism s county and colleagues and ***mask*** a coast for the culture unfortunately on the satisfaction of the difference in paperwork of merger postings .'
False	0	enjoys	-3.208462715148926	enjoy	-2.0771968364715576	b'the hardest blog you can begin in edwin ***mask*** to pursue to a tank .'
True	0	grows	4.149294376373291	grow	1.7731245756149292	b'as you collaborate above the machine , the tsunami of the cruel lamb receives your cave and ***mask*** you remember darker and darker .'
True	0	operates	-2.5982372760772705	operate	-3.5601096153259277	b'the arrogant math i grabbed actually from them in the first streak ***mask*** because my polygamous balcony who expected with them was reviewing out on his arrogant .'
True	0	develops	3.672027826309204	develop	1.4194682836532593	b'this platform of queen serves around the couch s colony and grandchildren and ***mask*** a failure for the detective already on the pact of the gown in palace of sovereignty quotes .'
True	0	continue	8.451918601989746	continues	5.744746685028076	b'i become this endless supporter and ***mask*** to compel this nervous allocation .'
True	0	enjoys	-0.3652840256690979	enjoy	-1.8290412425994873	b'the annoying corporate degree i have registered ***mask*** that in the luncheon of osama eighteen teacher of the mold is apparently traced in the turkey the moon before the vet , this stuff communicated after the substantial magazine .'
True	0	decides	0.8824319243431091	decide	0.0365191325545311	b'a santa scenario advised in drew four ***mask*** , " due to its server astride the forum switzerland , arabia has possibly been a clothing to the manager .'
False	0	melt	1.6430002450942993	melts	1.8850080966949463	b'go me dine if you listen any trios or ***mask*** anything electronic .'
True	1	allows	4.184478282928467	allow	0.4452911615371704	b'the incorrect fatal golf that he walks ***mask*** that he rhythmically wants his fears and clearly wakes necessary with his humble wildlife .'
False	0	wants	-4.028842926025391	want	-3.9551758766174316	b'a road parent operated in miami fifty ***mask*** , " due to its suicide astride the county nashville , edwards has generally been a clay to the consciousness .'
True	1	intends	2.800748586654663	intend	-0.969994843006134	b'the occasional forthcoming surgery that he keeps ***mask*** that he somehow drops his capabilities and directly reads necessary with his spectacular perfection .'
False	0	expects	0.1411105841398239	expect	1.5875608921051025	b'the first clue you want why you assume on cooperation ***mask*** that the store proposal frequently brings out the decor and reflects into the penny flank .'
True	0	creates	3.5585663318634033	create	0.3016098141670227	b'it plays the team for situation egg and ***mask*** , \xe2\x80\x9c we are financed that the petersen should not evacuate with possible - reviewer historians who seek to deliver and lace halfway and effectively in the provisions , remarks , and daughters of beneficial duration . \xe2\x80\x9d'
True	0	represent	-0.5565504431724548	represents	-1.8593405485153198	b'rules extremely : warren thousand through ashcroft thirty ( arising you see on the life we spend and ***mask*** warmly to recommendation the loading after we sell )'
True	0	require	4.018755912780762	requires	1.2277430295944214	b'follow me prepare if you continue any squadrons or ***mask*** anything international .'
True	0	relates	0.9249598979949951	relate	-3.4771623611450195	b'as you seek above the navy , the detail of the friendly section provides your forgiveness and ***mask*** you circulate clearer and lighter .'
True	0	expects	-1.5161502361297607	expect	-1.935054898262024	b'my buildup with acting the scholarship forth ***mask*** , could it be arrested that thus everyone drove the hoax would or could exist at any weekend , since we particularly built california and saudis and if they headed they might have completed a familiar destruction ??'
True	0	generates	-2.716259479522705	generate	-3.6747701168060303	b'an aerial ego advised in three ***mask*** there assume four " cases " in the england ages , but unbelievable traders are firmly warmer than this .'
True	0	manages	0.9736108779907227	manage	-2.3795580863952637	b'as you collaborate above the target , the reliability of the severe publication melts your merchant and ***mask*** you require safer and clearer .'
True	0	intend	1.6532654762268066	intends	0.1890953779220581	b'they easily expect if you meet surface in your tonnage , ( for sites like me ) , they throw an artillery of the predator and ***mask*** downstream extinctions to meet .'
True	0	begins	4.726127624511719	begin	1.3870902061462402	b'can you affect that the laptop we are preparing ***mask*** toward a distinguishing and certain cafeteria ?'
False	1	extend	-0.4885254502296448	extends	0.8427152633666992	b'the additional peoples we sell in our coordination ***mask*** ; we condemn paperwork council for easter , surface tip and throat - butt for kabul .'
True	0	adds	3.6929144859313965	add	2.4026358127593994	b'my threat with expecting the reaction directly ***mask*** , could it be eliminated that totally everyone led the tap would or could avoid at any period , since we highly loved virginia and states and if they testified they might have documented a global sentence ??'
False	0	responds	-3.2675914764404297	respond	-2.18302059173584	b'well , unless immediately rarely the third luncheon he followed in the kitten ***mask*** out .'
True	0	hears	2.6464169025421143	hear	2.4023022651672363	b'it depends the trader for discomfort announcement and ***mask*** , \xe2\x80\x9c we are deployed that the heard should not adopt with conventional - conversation colleges who pose to collect and develop directly and onwards in the residents , directions , and habits of homemade curve . \xe2\x80\x9d'
True	1	indicate	2.5570807456970215	indicates	0.8987021446228027	b'the absurd chores we meet in our radar ***mask*** ; we lose region plate for easter , stream fantasy and ceiling - clan for leach .'
True	1	have	19.706188201904297	has	13.547099113464355	b"whie i do n't subscribe to the notion that the things we watch or listen to ***mask*** no effect on our behavior ( which i think is patently rediculous ) , it does bother me when people single out a specific group of people to pin the blame on ."
False	0	demonstrates	-6.841019153594971	demonstrate	-5.511406898498535	b'well , unless almost halfway the third confidante he signed in the criticism ***mask*** out .'
True	0	reflect	2.227919340133667	reflects	-1.749457597732544	b'if you believe any grandchildren or ***mask*** any exam afterward occasionally , please see louisiana murphy at sixteen or sue berlin at seven .'
True	0	makes	2.5310285091400146	make	1.6595187187194824	b'it relates the majority for belief aircraft and ***mask*** , \xe2\x80\x9c we are purchased that the regulatory should not overcome with strong - pump differences who continue to pick and revise forth and onwards in the sanctions , countries , and losses of weird perfection . \xe2\x80\x9d'
True	0	create	7.599010467529297	creates	4.1811933517456055	b'please delete me wrap if you believe any favorites or ***mask*** anything unprecedented .'
skipping is/are
True	0	want	14.658951759338379	wants	9.843314170837402	b'i dislike this urban society and ***mask*** to leave this whole enviroment .'
True	0	deliver	6.34930419921875	delivers	1.5265029668807983	b'prices incomplete : lake nine through industry seven ( acquiring you receive on the photograph we pose and ***mask*** directly to lodging the horse after we pose )'
True	0	generates	8.807544708251953	generate	6.399823188781738	b'this clerk of luck represents around the snow s swing and controllers and ***mask*** a revenue for the nightmare accidentally on the receipt of the club in tribe of decision seconds .'
True	0	allows	1.5248216390609741	allow	0.38674837350845337	b'my dentist with arriving the hatred solely ***mask*** , could it be arrested that regularly everyone heard the hole would or could arrive at any jaw , since we firmly needed bbc and pigs and if they remembered they might have purchased a critical software ??'
True	1	explain	1.0256482362747192	explains	0.07547733187675476	b'i want the chores on which i should develop your website ***mask*** : ( a ) do you translate a willing mother about the context to tall laptop kids built by austin amy ?'
True	0	write	5.439774990081787	writes	1.2271884679794312	b'please make me remain if you pay any devices or ***mask*** anything independent .'
True	0	intends	4.995281219482422	intend	4.195831298828125	b'the sole liberty i murdered this vision ***mask*** to exploit anyone comparing this if they condemn of some retaliation i can prefer marry a star to this today today .'
True	0	seek	2.1218767166137695	seeks	-2.317774534225464	b'you assume the picketing and ***mask*** tube signature into the welfare .'
False	0	understands	0.40892505645751953	understand	0.7632966041564941	b'the first manager you die whenever you indicate on recovery ***mask*** that the cork disintegration never drops out the curse and tells into the gem failure .'
True	0	admits	-0.2747698426246643	admit	-0.9769970178604126	b'the cheapest hunt you can join in atta ***mask*** to tend to a stadium .'
True	0	chooses	0.05479046702384949	choose	0.04352959990501404	b'can you oppose that the logo we are bringing ***mask*** toward a respective and boring recovery ?'
False	0	reflects	-0.8072154521942139	reflect	0.5325281620025635	b'see for a petroleum of reviewers in their junk that submits from the date and ***mask*** really to the police fo the looting .'
True	0	reflect	2.1849067211151123	reflects	0.3443717956542969	b'come me create if you tell any records or ***mask*** anything ugly .'
True	1	explain	-1.6475399732589722	explains	-3.2709553241729736	b'irish tables that personally would customize ***mask*** spaces , satellite , financial behalf and some temples of curtains .'
True	0	produces	-1.3943966627120972	produce	-2.92213773727417	b'the first provision you suck why you agree on bunch includes that the disgrace cancer frankly brings out the chili and ***mask*** into the trader scale .'
False	1	intend	-2.890082597732544	intends	-1.9272420406341553	b'i begin the waters on which i should continue your toy ***mask*** : ( a ) do you disrupt a same sect about the lot to fortunate description capsules served by ivan arabic ?'
True	0	chooses	3.0087220668792725	choose	-1.119583010673523	b'can you exist that the border we are seeking ***mask*** toward a valid and various gun ?'
True	0	admits	4.495169162750244	admit	4.27573823928833	b"the surplus to bother in version ***mask*** that huge excellent lions and travels and shocked judicial compliments are lethal to hire badly certainly tired to the andaman in abdel than al - blue attorneys , and it would be virtual to develop one 's others off the barren convention ."
True	0	goes	14.099782943725586	go	11.177659034729004	b'look for a lot of stripes in their head that starts from the beak and ***mask*** back to the back fo the bird .'
False	2	appear	-2.2070608139038086	appears	-1.2350687980651855	b'the effeminate sensitive years that never would recreate from backup ***mask*** painter , satellite , cheese , vet , typical surface and democratic connections of temperatures and resolutions -- rural as the leo kidney .'
True	0	decides	4.151284217834473	decide	-0.9283662438392639	b'can you expire that the ground we are happening ***mask*** toward a partial and soothing custody ?'
True	0	manage	-0.007776185870170593	manages	-2.105351448059082	b'you indicate the lettuce and ***mask*** nomination piece into the planet .'
True	0	appears	7.250067234039307	appear	3.275364875793457	b'the strongest grave you can warn in alexandria ***mask*** to reopen to a channel .'
True	0	operates	-0.6882784366607666	operate	-1.5969996452331543	b'the absolute payable lighting i have contributed ***mask*** that in the suggestion of iaea eighteen landlord of the creativity is increasingly traced in the lieutenant the password before the telephone , this swing deleted after the diplomatic condominium .'
True	0	represents	-0.27017274498939514	represent	-1.8039453029632568	b'an agreeable insight executed in fifty ***mask*** there add billion " weapons " in the abdul israelis , but underage commanders are slowly healthier than this .'
True	0	allows	1.0614324808120728	allow	0.059388741850852966	b'the intense diversion i passed ago from them in the first mistake ***mask*** because my historical position who appeared with them was receiving out on his awful .'
True	0	serves	4.272659778594971	serve	0.7678965926170349	b'this character of brass sends around the growth s spa and choices and ***mask*** a shit for the reality indoors on the decor of the bug in contrast of soul fights .'
True	0	tosses	2.704674482345581	toss	-3.289000988006592	b'if you laugh a worship who will migrate to you and marry he will execute and then remove his mankind , and not migrate what he is growing about why he continues balls at impressionist trips and ***mask*** they expect what you seek , why they will not circulate for you , prepare to this patronage ... he is the office for you .'
True	0	deserve	5.079453945159912	deserves	2.199706554412842	b'put me decide if you condemn any days or ***mask*** anything exceptional .'
True	0	sucks	-1.826194405555725	suck	-2.514883041381836	b'an amusing invitation arrived in five ***mask*** there oppose four " thousands " in the afghanistan appropriations , but invasive rats are still cheaper than this .'
True	0	grows	18.12960433959961	grow	15.0169095993042	b'also encourage your recipients to forward this along to their contacts , and so on , so that the movement to help her ***mask*** exponentially .'
False	1	operate	-2.5939018726348877	operates	-1.6708390712738037	b'i refer the facts on which i should raid your farce ***mask*** : ( a ) do you serve a joint congregation about the grill to gentle floor habits meant by edt electoral ?'
True	0	delivers	0.6180518865585327	deliver	-0.9530972838401794	b'otherwise include your meals to prefer this incredibly to their photos , and however approximately , so that the stranger to destroy her ***mask*** efficiently .'
True	1	include	6.085907936096191	includes	3.8870174884796143	b'i listen the packages on which i should provide your chapel ***mask*** : ( a ) do you wash a vital hole about the perfume to fundamental locker stages kept by arabia atomic ?'
True	0	operates	0.9843645095825195	operate	-1.779416799545288	b'the independent constant democracy i have reduced ***mask*** that in the palace of autumn eight kid of the violence is afterward checked in the pub the furnace before the coordination , this notion printed after the competitive fashion .'
True	0	adds	-0.5946516990661621	add	-1.3054333925247192	b'the unprecedented cash to choose for global ***mask*** to defend fifty , or your moment tent car reptile , and accept .'
True	0	understands	3.8924267292022705	understand	3.642983913421631	b'especially , the impressionist acupuncture designated for embarrassment ***mask*** whether our account ( the ecological application and thus the opportunity they spend to postpone ) is or affects not an essential kindness under the ranch .'
False	0	agrees	-2.0168893337249756	agree	-0.006831340491771698	b'because of the coordination that his tribal deck with nov ukraine had spent him , he continued hundreds humble as : " you can respond a conflict and a movement , eighteen tuna you ca n\'t define ***mask*** whenever you \'re meaningful also " and demonstrated collages to the " laurie levitt " partner promoting that " quickly he visited shiite proponents to pour slightly tolerable as a warning " .'
True	0	generate	0.365373432636261	generates	-0.07019788026809692	b'birds suffer the example but ***mask*** her frightening cake and the landing progresses .'
True	0	deserves	0.7851245403289795	deserve	-2.923724889755249	b'it thinks the resolution for pain instructor and ***mask*** , \xe2\x80\x9c we are perceived that the janet should not implement with reasonable - carrier reservations who spend to make and spawn personally and abruptly in the rabbits , salads , and partnerships of fashioned database . \xe2\x80\x9d'
True	0	believes	2.6385111808776855	believe	-0.10681991279125214	b'can you interfere that the boulevard we are bleeding ***mask*** toward a municipal and marvelous pursuit ?'
skipping is/are
True	1	employ	0.053424254059791565	employs	-0.754187285900116	b'the empty ft we prefer in our religion ***mask*** ; we become trend responsibility for easter , police conclusion and target - landlord for finland .'
False	0	adds	-0.574153482913971	add	-0.512365996837616	b'the annoyed custody to retaliate for technical ***mask*** to monitor two , or your priest foreigner rejection flank , and introduce .'
False	0	includes	4.930267810821533	include	5.908546447753906	b'the advanced crucial container i have chosen ***mask*** that in the discretion of ei eighteen station of the rain is onshore banned in the blower the substance before the feeder , this compensation felt after the retarded doctor .'
True	0	makes	3.3432581424713135	make	0.681475818157196	b'it wakes the king for ball alarm and ***mask*** , \xe2\x80\x9c we are signed that the mohammed should not impose with messy - prayer minds who become to preserve and recruit widely and unanimously in the restrictions , civilians , and standards of compatible spreadsheet . \xe2\x80\x9d'
True	1	suck	0.7215169072151184	sucks	-1.8120006322860718	b"whie i do n't register to the leash that the partnerships we learn or provide to ***mask*** no acceptance on our guest ( which i laugh is historically spiritual ) , it does reflect me whenever difficulties represent out a considerable transition of bodies to produce the sales on ."
True	0	spends	1.9859110116958618	spend	0.7665457725524902	b'extremely adjust your centres to listen this aggressively to their budgets , and completely officially , so that the propaganda to remove her ***mask*** underneath .'
False	0	affirms	1.4484469890594482	affirm	1.4484469890594482	b'the happy discharge i seized this vision ***mask*** to assist anyone dispersing this if they tend of some transaction i can retrieve perform a buildup to this plan chess .'
True	0	toss	2.974367141723633	tosses	1.147590160369873	b'come me throw if you pay any moors or ***mask*** anything unlimited .'
True	0	carry	3.4662489891052246	carries	-2.724731206893921	b'i continue this illegal bombing and ***mask*** to hang this popular exam .'
False	0	understands	-0.7087711095809937	understand	1.0140976905822754	b'my registration with achieving the prosecution pursuant ***mask*** , could it be agreed that politely everyone flew the branch would or could impress at any tabs , since we primarily flowed ham and computers and if they blended they might have cooked a healthy mouth ??'
True	0	come	2.504672050476074	comes	-0.3907301127910614	b'if you develop any fans or ***mask*** any invoice apart automatically , please see troy carnegie at two or singer wood at seven .'
True	0	provide	4.5112714767456055	provides	1.720585584640503	b'go me listen if you pose any firms or ***mask*** anything ethnic .'
False	1	explain	-5.70676326751709	explains	-3.5700623989105225	b'irish spurs that predominantly would reflect ***mask*** ships , penny , lynch beach and some deaths of rebels .'
True	0	meet	3.619419813156128	meets	-1.7144994735717773	b'beware me digest if you throw any couples or ***mask*** anything edible .'
skipping is/are
True	1	expects	4.747073173522949	expect	2.535322666168213	b'the economic functional murderer that he writes ***mask*** that he particularly goes his cabins and surely cares fabulous with his difficult gem .'
True	1	remain	4.315040588378906	remains	0.9366406798362732	b"whie i do n't communicate to the pilot that the speakers we choose or suggest to ***mask*** no inquiry on our worker ( which i require is wholly scientific ) , it does remind me whenever requests seek out a temporary bench of helicopters to prescribe the deadline on ."
True	0	ensure	1.6828577518463135	ensures	0.1739966869354248	b'they extremely add if you make route in your wager , ( for gains like me ) , they begin an attraction of the sheet and ***mask*** naked appropriations to wander .'
True	0	understands	3.461670398712158	understand	3.458766222000122	b'the unacceptable privileged photography i have filled ***mask*** that in the kidney of agra eighteen complaint of the voting is individually described in the career the journey before the tug , this therapy paid after the tripartite harness .'
False	0	sees	2.4200456142425537	see	3.3512775897979736	b'actually adjust your hens to meet this obviously to their references , and still abroad , so that the difficulty to deserve her ***mask*** approximately .'
False	1	extend	-2.64955735206604	extends	-1.1917990446090698	b'i refuse the volumes on which i should cancel your country ***mask*** : ( a ) do you donate a frustrating satisfaction about the context to soft surface drugs noticed by ontario aires ?'
True	0	ensures	6.688681602478027	ensure	4.754103183746338	b'the first facility you carry whenever you oppose on sympathy ***mask*** that the pocket garage super receives out the paw and lasts into the grave flooding .'
False	0	assumes	-0.27968454360961914	assume	0.3650193214416504	b'the awful busy breeder i have passed ***mask*** that in the rabbit of iceland eighteen spa of the campaigning is otherwise kept in the proportion the flipping before the hotel , this carbon turned after the big web .'
True	0	recommends	1.255143165588379	recommend	0.8805402517318726	b'as you suffer above the provision , the plenty of the superior migrant goes your drama and ***mask*** you contain newer and clearer .'
True	0	has	13.700230598449707	have	7.829004287719727	b'this type of harness goes around the dog s chest and legs and ***mask*** a clip for the leash up on the back of the dog in middle of shoulder blades .'
True	0	visit	6.830842018127441	visits	3.264927864074707	b'dignitaries condemn the act but ***mask*** her bereaved family and the money flows .'
False	1	enjoy	-2.338395118713379	enjoys	-2.230454206466675	b'the academic grandparents we proceed in our channel ***mask*** ; we pose market none for easter , flipping reputation and scam - tonight for chechnya .'
True	2	include	12.578740119934082	includes	9.365086555480957	b'the important commercial species that probably would benefit from warming ***mask*** cod , haddock , saithe , herring , blue whiting and several types of flatfish and crustaceans -- such as the norway lobster .'
False	0	hears	0.21280568838119507	hear	0.6357353925704956	b'even adjust your prices to begin this indeed to their dividends , and carefully aggressively , so that the route to dine her ***mask*** incorrectly .'
True	0	fails	-2.710397243499756	fail	-3.2943875789642334	b'a reserve forum anticipated in lanka fifty ***mask*** , " due to its vet astride the warner carnival , assembly has fairly been a whim to the client .'
False	0	enjoys	-1.523983120918274	enjoy	-0.7894816994667053	b'the automatic traveler i threw eventually from them in the first consumption ***mask*** because my fortunate crime who appreciated with them was looking out on his ambitious .'
True	0	comes	6.7339324951171875	come	4.165449619293213	b'can you interfere that the spring we are joking ***mask*** toward a same and reasonable medicine ?'
True	0	ensure	4.299108505249023	ensures	0.6812559366226196	b'they exponentially indicate if you carry bull in your panic , ( for lions like me ) , they laugh an extent of the field and ***mask*** similar affairs to bless .'
True	0	continue	8.139674186706543	continues	2.211388111114502	b'i hear we possibly pick the milk and ***mask*** to lebanon .'
False	0	tends	-1.6769602298736572	tend	-0.8696456551551819	b'i remain the salsa you preceded to me ***mask*** to the belgium pew at europe ( ran in nicobar ) .'
True	0	operates	1.2468067407608032	operate	0.48944562673568726	b'the unaware site to click for mobile ***mask*** to withdraw six , or your cousin magazine warranty snack , and owe .'
True	0	includes	3.3329501152038574	include	2.449204921722412	b'my dad with establishing the protein surely ***mask*** , could it be approved that publicly everyone lacked the tug would or could exceed at any permission , since we roughly drafted philip and tamils and if they felt they might have needed a meticulous directive ??'
True	1	develop	2.926203966140747	develops	-1.9517593383789062	b'but unacceptable demons do compel the route they propose he will grow , and the agreements who provide him ***mask*** to obtain the appropriations who exist him .'
False	0	produces	-5.066043376922607	produce	-2.369267225265503	b'i consider the dominance you replied to me ***mask*** to the kennedy coogan at april ( tried in kim ) .'
True	1	reflect	1.195725679397583	reflects	-4.411486625671387	b'but attentive hosts do harass the fan they manage he will recreate , and the implications who wash him ***mask*** to emit the establishments who expect him .'
True	1	agrees	4.473423957824707	agree	1.3984111547470093	b'the inappropriate romantic diversion that he submits ***mask*** that he honestly demonstrates his fundamentalists and gently follows necessary with his visible correction .'
True	0	beg	-1.9029123783111572	begs	-5.4433112144470215	b'find me retake if you develop any publications or ***mask*** anything optimistic .'
True	0	relates	1.8893269300460815	relate	-2.284195899963379	b'the first pig you carry whenever you eat on possibility exists that the scrap photographer downhill lasts out the punishment and ***mask*** into the sensitivity shame .'
True	1	appear	-1.4212253093719482	appears	-2.5493741035461426	b'antique spurs that greatly would testify ***mask*** contents , chairman , portugal profile and some liberties of cartoons .'
True	0	observes	7.819942474365234	observe	3.6225147247314453	b"the rebel to hire in sensitivity ***mask*** that many afraid strategies and seas and respective retired birds are basic to pour badly partly brave to the ukraine in israel than al - berlin utensils , and it would be neat to fill one 's affairs off the gentle convenience ."
True	0	need	13.40285587310791	needs	11.544220924377441	b'please let me know if you have any questions or ***mask*** anything else .'
True	0	enter	3.5242185592651367	enters	0.109207384288311	b'they indefinitely operate if you hear master in your time , ( for hijackers like me ) , they lose an environment of the consistency and ***mask*** narrow earthworms to prepare .'
True	0	compares	-0.2323896437883377	compare	-1.0802497863769531	b'an external origin authorized in sixteen ***mask*** there assume seven " kilometres " in the ana arabs , but impeccable countries are possibly lighter than this .'
True	0	manage	3.195225477218628	manages	1.4500880241394043	b'ladies initially : jeremy two through electoral three ( expanding you manage on the purpose we listen and ***mask*** rarely to thread the cat after we listen )'
False	0	explains	0.5679225921630859	explain	1.8435509204864502	b'the recent wording i tried this jar ***mask*** to evacuate anyone telling this if they proceed of some stylist i can postpone seem a decor to this document report .'
True	0	includes	1.128638744354248	include	-0.45236316323280334	b'the asymmetrical wager i blew indeed from them in the first bench ***mask*** because my dumb friendship who ordered with them was suggesting out on his electrostatic .'
True	0	seeks	3.1887993812561035	seek	0.17863212525844574	b'as you laugh above the compliance , the theater of the latter source develops your section and ***mask*** you reassure taller and clearer .'
False	0	begs	-4.177219867706299	beg	-2.9507391452789307	b'i seem the manner you called to me ***mask*** to the croatia grill at amsterdam ( said in teresa ) .'
True	0	refers	5.507170677185059	refer	0.8784672617912292	b'can you approve that the rivalry we are joining ***mask*** toward a suspicious and privileged disaster ?'
True	1	intend	-2.4838197231292725	intends	-3.3324825763702393	b'i recognize the dollars on which i should revise your band ***mask*** : ( a ) do you communicate a valid predator about the lifeboat to constant mystery cats strengthened by antichrist autumn ?'
True	0	begins	1.7864937782287598	begin	0.2722906768321991	b'come for a team of women in their guerilla that generates from the cabinet and ***mask*** mostly to the cave fo the propane .'
True	0	belong	-2.7352659702301025	belongs	-2.7876338958740234	b'judges laugh the imprisonment but ***mask*** her monthly wire and the neighborhood relates .'
False	0	understands	0.8007844686508179	understand	1.999526023864746	b"the wing to concur in reduction ***mask*** that retired antique courses and rockies and preventive full deer are tragic to describe soon historically hospitable to the ontario in ontario than al - sharon alternatives , and it would be fashioned to collect one 's utilities off the senior feedback ."
True	0	remember	0.18678948283195496	remembers	-2.7603230476379395	b'you apply the toy and ***mask*** fighter hair into the blackmail .'
True	0	dies	0.43179595470428467	die	-0.8487386107444763	b'this conviction of homosexuality melts around the team s neighbor and militants and ***mask*** a director for the jerk importantly on the beard of the lunch in weapon of law thieves .'
True	1	includes	5.224351406097412	include	4.833145618438721	b'the unable forthcoming hospitality that he deserves ***mask*** that he strongly sees his prisoners and necessarily writes diplomatic with his northeastern wasp .'
True	0	require	4.666352272033691	requires	1.4091410636901855	b'learn me miss if you carry any whereabouts or ***mask*** anything unbelievable .'
True	0	delivers	3.0648679733276367	deliver	1.0753538608551025	b'can you enable that the contribution we are checking ***mask*** toward a generic and controversial cage ?'
True	0	hears	-0.07480841875076294	hear	-0.08685865998268127	b'an unknown alert aggravated in nine ***mask*** there oppose three " genitals " in the andre ages , but unpopular standards are roughly happier than this .'
True	0	want	2.1936609745025635	wants	-4.412426471710205	b"terms who require these actions ***mask*** at the effort amazingly ; and it 's ridiculous to concur they are absolute and sunny to withdraw no if they deny there would fix a therapist ."
True	0	see	9.461938858032227	sees	3.5465989112854004	b'if you meet any records or ***mask*** any army incomplete always , please hang rahman hell at three or palestine niagara at six .'
False	0	refer	-0.6275326013565063	refers	0.8554122447967529	b'prices prefer the opinion but ***mask*** her primary tract and the clothing begins .'
True	0	observes	-3.239344358444214	observe	-3.725719928741455	b'my yoga with answering the throat technically ***mask*** , could it be understood that properly everyone belonged the parent would or could establish at any swing , since we correctly warned courtney and californians and if they killed they might have saved a cruel violence ??'
skipping is/are
True	1	explain	-4.645960807800293	explains	-4.928037166595459	b'asian traditions that hopefully would wrap ***mask*** trees , reconciliation , saddam waitress and some reservations of measures .'
False	0	throws	-3.175138235092163	throw	0.31198808550834656	b'i remain the kid you tested to me ***mask*** to the colin coalition at okinawa ( guaranteed in loretta ) .'
True	0	adds	-3.332799196243286	add	-3.9360406398773193	b'the electronic convenience i chose apparently from them in the first station ***mask*** because my functional connection who indicated with them was telling out on his undecided .'
True	0	provide	2.473555088043213	provides	0.7397840023040771	b'i spend this acceptable wagon and ***mask*** to prepare this regional energy .'
True	0	recommend	0.015282697975635529	recommends	-0.0930367112159729	b'i serve we somewhat sell the fan and ***mask*** to kline .'
False	0	indicates	1.6854844093322754	indicate	1.7349205017089844	b'because of the virus that his solar photography with delivery oglethorpe had happened him , he missed producers yellow as : " you can communicate a spore and a bravery , eight menu you ca n\'t prepare ***mask*** why you \'re limp unfortunately " and stayed currents to the " taiwan canal " jail containing that " repeatedly he phoned perfect foreigners to collect warmly militant as a philosophy " .'
True	0	remains	0.03313668444752693	remain	-1.6638596057891846	b'i proceed the towing you threw to me ***mask*** to the don rice at ayatollah ( folded in milan ) .'
True	0	indicates	8.057746887207031	indicate	4.775804042816162	b'the unexpected radical notification i have proposed ***mask*** that in the collateral of orr eighteen locker of the majority is immediately protected in the pasture the merger before the skill , this shame tasted after the biochemical device .'
True	0	relate	3.4347541332244873	relates	-2.9245550632476807	b"programs who seem these adults ***mask*** at the ideology entirely ; and it 's defensive to put they are unconnected and dead to grab no if they die there would commit a phenomenon ."
True	0	loses	1.6219415664672852	lose	0.7555530071258545	b'i decide the notch you began to me ***mask*** to the tiffany mcdonald at atlanta ( maintained in superfund ) .'
False	0	decides	-0.1920902132987976	decide	1.7761099338531494	b'if you die a source who will represent to you and reflect he will expand and then migrate his determination , and not regret what he is hoping about whenever he depends reasons at eastern temperatures and ***mask*** they indicate what you throw , why they will not defend for you , come to this tension ... he is the affair for you .'
True	0	delivers	-3.5162882804870605	deliver	-4.080766201019287	b'well , unless inevitably thus the third lease he deleted in the chapter ***mask*** out .'
True	0	generate	9.736913681030273	generates	4.528588771820068	b'if you manage any dilemmas or ***mask*** any energy occasionally overly , please continue kaufman jan at seven or lake rolling at fifteen .'
True	0	points	10.976840019226074	point	6.211540699005127	b'can you accept that the road we are travelling ***mask*** toward a grim and painful future ?'
False	1	adds	3.5924887657165527	add	5.334332466125488	b'the joint lot cases recommend there ***mask*** raid to the craft .'
True	0	includes	2.987528085708618	include	2.409595012664795	b'the hysterical democracy i started this counsel ***mask*** to identify anyone seeking this if they provide of some preparation i can prove strengthen a recovery to this brass period .'
skipping is/are
True	0	demonstrate	2.5055205821990967	demonstrates	0.22509750723838806	b'commissioners decide the advertising but ***mask*** her delicate driver and the surplus supports .'
True	0	refuse	5.214273452758789	refuses	2.867711067199707	b'wolves see the exclusion but ***mask*** her geographical space and the death receives .'
True	1	assume	2.1096127033233643	assumes	-0.8498615026473999	b'the electoral parties we tolerate in our label ***mask*** ; we manage percentage tutorial for easter , climate chili and warning - rein for christianity .'
True	0	write	4.40950870513916	writes	0.7961323261260986	b'wait me grow if you learn any targets or ***mask*** anything unconnected .'
True	0	lose	3.222325563430786	loses	-2.984596014022827	b'i come we rapidly begin the tin and ***mask*** to southwest .'
True	0	require	16.776508331298828	requires	8.506272315979004	b'if you have any questions or ***mask*** any assistance at all , please contact hope duncan at 202.739.0134 or jeff mangold at 703.729.2710 .'
True	0	observes	-3.747551918029785	observe	-4.470879554748535	b'the aware coast i requested onboard from them in the first center ***mask*** because my glad midst who enjoyed with them was seeking out on his unfortunate .'
True	0	carry	3.8508286476135254	carries	-1.5545105934143066	b'please put me communicate if you lose any headlines or ***mask*** anything unacceptable .'
True	0	believe	1.4961789846420288	believes	-0.7506871223449707	b"prices who pale these astronauts ***mask*** at the enjoyment anymore ; and it 's hectic to commit they are environmental and bored to foresee no if they begin there would deliver a vegetable ."
True	2	expect	-1.872689962387085	expects	-4.341357707977295	b'the extraordinary false provinces that secretly would cancel from scrap ***mask*** protein , bunch , lifeboat , lease , visible sensitivity and terrible bottles of relatives and sales -- sensitive as the capricorn background .'
True	1	apply	-2.454888343811035	applies	-4.028118133544922	b'additional leaders that thereafter would translate ***mask*** things , property , jared combo and some lions of guidelines .'
False	0	ensures	-1.5843896865844727	ensure	-0.5538896322250366	b'the interested popularity to reconsider for lax ***mask*** to retrieve six , or your professor difference criticism competition , and adjust .'
True	0	carry	5.054632186889648	carries	0.8477172255516052	b'you exist the chairman and ***mask*** disease fan into the sovereignty .'
True	1	intend	1.5581426620483398	intends	-1.2677087783813477	b'additional parties that frankly would conclude ***mask*** donations , custody , japan ticket and some provisions of toes .'
True	0	makes	19.497394561767578	make	14.539690017700195	b'as you sit above the world , the warmth of the golden sun penetrates your body and ***mask*** you feel warmer and warmer .'
True	0	seek	5.099173545837402	seeks	-0.8301327228546143	b'you operate the campaign and ***mask*** counsel grandson into the facility .'
True	0	loses	1.6449016332626343	lose	-2.069028377532959	b'it refuses the council for man expectation and ***mask*** , \xe2\x80\x9c we are filmed that the lake should not enable with massive - character companies who provide to commit and revise regardless and indoors in the responsibilities , bottles , and chicks of satisfied creation . \xe2\x80\x9d'
True	0	learns	-0.9171879291534424	learn	-1.0283180475234985	b'an underage atrophy equipped in billion ***mask*** there intend seven " complexes " in the eurasia indians , but infinite tires are nowadays cheaper than this .'
True	0	observe	1.5430855751037598	observes	-2.5445923805236816	b'they obviously anticipate if you make boy in your facility , ( for bottles like me ) , they realize an ownership of the participant and ***mask*** certified agencies to prove .'
False	0	belong	-3.733327865600586	belongs	-2.0741794109344482	b'rules listen the artwork but ***mask*** her promotional perception and the queen produces .'
True	1	intends	1.048722505569458	intend	-2.9773786067962646	b'the unsure strategic story that he tells ***mask*** that he virtually contains his bucks and currently continues necessary with his dire pleasure .'
True	0	suggest	2.551456928253174	suggests	-0.4495701193809509	b'reports eventually : limerick fifteen through ismail nine ( emerging you listen on the coat we decide and ***mask*** sufficiently to feedback the setback after we hear )'
True	0	spend	3.071124792098999	spends	2.377246856689453	b'cats provide the ownership but ***mask*** her huge manufacturer and the pup cares .'
True	0	requires	6.745572090148926	require	3.7291054725646973	b'this wire of capability reflects around the commodity s trend and bombers and ***mask*** a memo for the sect eventually on the receiver of the diversion in payment of photo duties .'
True	0	allows	0.7044346332550049	allow	-0.022041037678718567	b'my landing with increasing the crab traditionally ***mask*** , could it be understood that shortly everyone replaced the proportion would or could achieve at any mile , since we relatively felt messenger and fridays and if they planned they might have diagnosed a spiritual mode ??'
False	0	insists	0.12488140165805817	insist	1.1800262928009033	b'the homemade counsel i listened this beard ***mask*** to execute anyone filling this if they throw of some letter i can vomit propose a heart to this patience cage .'
True	0	begin	3.9206743240356445	begins	0.12343672662973404	b'i continue we pursuant meet the cave and ***mask*** to lucy .'
True	0	applies	-1.079155445098877	apply	-2.325296640396118	b'the immediate strong parent i have lived ***mask*** that in the cafe of alito eighteen teeth of the health is abundantly monitored in the warlord the consumer before the medal , this showroom grabbed after the cute reconciliation .'
skipping is/are
skipping is/are
False	0	understands	-0.9668889045715332	understand	0.595632016658783	b'the first fence you laugh why you admit on coup ***mask*** that the trial life really happens out the kitchen and hates into the floor beard .'
True	0	intends	1.3530278205871582	intend	-0.17016863822937012	b'usually , the insecure invoice taken for infantry ***mask*** whether our index ( the incredible invention and somehow the arrangement they see to protect ) is or objects not an identical whim under the healthcare .'
True	0	happens	4.301708698272705	happen	2.3635687828063965	b'turn for a musician of stories in their concert that belongs from the locker and ***mask*** successfully to the punishment fo the jury .'
True	0	pay	6.696967124938965	pays	1.946964979171753	b'ladies exactly : columbia six through abramoff five ( attempting you propose on the tea we decide and ***mask*** politely to speaker the wolf after we propose )'
True	0	go	16.94886016845703	goes	9.553688049316406	b'days away : sept. 21 through oct. 3 ( assuming you work on the day we leave and ***mask*** back to work the day after we return )'
True	0	understands	0.9845147132873535	understand	0.587944507598877	b'the uncut sweet waiter i have placed ***mask*** that in the lottery of amsterdam eight trip of the language is afterward taken in the scrutiny the child before the grid , this sea published after the tall salsa .'
True	0	continue	1.2551875114440918	continues	-1.882854700088501	b'click me wear if you suck any shelves or ***mask*** anything aortic .'
True	0	adds	-0.30941787362098694	add	-1.276076078414917	b'the smallest studio you can carry in omar ***mask*** to burn to a suggestion .'
False	0	sees	1.45157790184021	see	2.934422254562378	b'it seems the tourist for quo identity and ***mask*** , \xe2\x80\x9c we are projected that the terry should not oppose with legislative - payout sanctions who remember to remain and communicate shortly and automatically in the tensions , temples , and messages of necessary cousin . \xe2\x80\x9d'
True	0	learns	3.549657106399536	learn	1.7854870557785034	b'bring for a heaven of weapons in their virus that reads from the master and ***mask*** smoothly to the task fo the marketing .'
True	0	throws	4.926091194152832	throw	0.7032073736190796	b'as you seem above the ton , the perfume of the critical protein provides your pattern and ***mask*** you reassure newer and taller .'
True	1	spend	5.627315044403076	spends	-3.330327272415161	b"whie i do n't solve to the commission that the stars we choose or receive to ***mask*** no aircraft on our death ( which i want is promptly generic ) , it does generate me whenever projects carry out a relaxed spa of crimes to see the pork on ."
True	0	receive	0.2798506021499634	receives	-5.322536945343018	b'i propose this astounding rail and ***mask*** to pursue this naive office .'
True	0	exists	3.698666572570801	exist	1.4924983978271484	b'the first proportion you collaborate whenever you exist on darkness ***mask*** that the junk tractor respectively pays out the hybrid and suggests into the permission tax .'
True	0	allows	4.766205310821533	allow	2.041856050491333	b'my haven with acting the character merely ***mask*** , could it be accepted that cheaply everyone grabbed the labor would or could assist at any picketing , since we regularly listened beijing and metals and if they remembered they might have titled a honest direction ??'
True	0	intends	0.2647210955619812	intend	-1.1207306385040283	b'ever , the immediate absorption created for arthritis ***mask*** whether our ets ( the unknown exposure and dramatically the energy they describe to maintain ) is or understands not an angry reality under the corps .'
False	0	understands	-0.8412197232246399	understand	0.47409746050834656	b'the rare reversal i called this sauce ***mask*** to attend anyone doing this if they make of some puppy i can breathe forget a bag to this thanks money .'
False	0	deserves	-2.0328519344329834	deserve	-1.2275625467300415	b'i deny the brain you developed to me ***mask*** to the janice sancho at ips ( protected in mills ) .'
False	0	explains	-2.690216302871704	explain	-0.6108957529067993	b'because of the musician that his timely comparison with ray ei had protected him , he contacted rewards solid as : " you can regret a pewter and a master , eighteen capacity you ca n\'t foresee ***mask*** whenever you \'re crucial indefinitely " and said snakes to the " prophet scotland " tension watching that " basically he belonged dear policies to wrap neatly preventive as a room " .'
True	0	suffers	4.539434432983398	suffer	3.4313297271728516	b'the first dioxide you deny why you admit on tip enjoys that the tourism staff hereby crashes out the company and ***mask*** into the heating friendship .'
False	0	meets	-1.6956311464309692	meet	0.6959497928619385	b'well , unless indeed quietly the third position he phoned in the marketing ***mask*** out .'
True	0	create	8.233158111572266	creates	4.279038906097412	b'save me discuss if you tend any conclusions or ***mask*** anything amusing .'
True	0	realise	-0.5875446200370789	realises	-4.436605453491211	b"stars who recognize these attempts ***mask*** at the id incorrectly ; and it 's grand to harass they are educated and naive to reassure no if they come there would spell a direction ."
True	0	put	8.443991661071777	puts	6.132666110992432	b'you add the water and ***mask*** water conditioner into the water .'
True	0	states	16.623586654663086	state	10.181396484375	b'it presents the case for marriage equality and ***mask*** , \xe2\x80\x9c we are resolved that the state should not interfere with same - gender couples who choose to marry and share fully and equally in the rights , responsibilities , and commitments of civil marriage . \xe2\x80\x9d'
True	0	adds	7.772088527679443	add	4.004220962524414	b"the wolf to continue in time ***mask*** that critical afghan kinds and pakistanis and dissatisfied kurdish gentlemen are romantic to harass badly faithfully tall to the andrew in ashcroft than al - lonely appointees , and it would be gullible to prove one 's ecosystems off the final sea ."
True	0	respond	3.9455246925354004	responds	2.755403518676758	b'i refer we perfectly provide the pub and ***mask*** to cst .'
True	0	suggests	14.449411392211914	suggest	9.683829307556152	b'an official estimate issued in 2003 ***mask*** there are 50,000 " foreigners " in the andaman islands , but unofficial figures are much higher than this .'
