True	1	exists	2.432969808578491	exist	-0.017383694648742676	b'the organised massive skin that he depends ***mask*** that he thus sends his rights and nowadays tells lazy with his northeastern merchant .'
True	0	ensures	-3.7666242122650146	ensure	-4.276462554931641	b'because of the paperwork that his terrible father with dental alan had shared him , he saved wonders continental as : " you can retake a programming and a problem , eighteen song you ca n\'t gather ***mask*** whenever you \'re humble abroad " and discussed nostrils to the " future korea " dish removing that " primarily he said pakistani hands to reassure thus vital as a receipt " .'
False	0	admits	1.1404361724853516	admit	1.849489688873291	b'the first settlement you suggest whenever you extend on rumor ***mask*** that the premium media slowly melts out the culture and dies into the belly fever .'
True	0	spill	2.682971715927124	spills	0.035102784633636475	b'if you choose any holdings or ***mask*** any electricity ethnically already , please tell sarah gm at six or crawford kevin at nine .'
True	0	decide	4.685668468475342	decides	0.2532416582107544	b'please groom me translate if you prefer any forums or ***mask*** anything obvious .'
True	0	approves	-0.27144062519073486	approve	-2.327453136444092	b"the sauce to recruit in pastor ***mask*** that full european complexes and communists and strange jewish species are conventional to hang soon thereby violent to the amsterdam in isi than al - taiwan animals , and it would be numerous to recover one 's alarms off the governmental radar ."
True	0	operates	0.2780890464782715	operate	-2.1558756828308105	b'the first loan you respond why you indicate on frequency ***mask*** that the time remainder finally belongs out the speech and pays into the zoo technology .'
False	1	insist	-3.485370635986328	insists	-1.5392500162124634	b'the ecological wines we believe in our night ***mask*** ; we come drawer today for easter , rivalry difficulty and weapon - machine for louisiana .'
True	0	deserve	-0.34169915318489075	deserves	-3.6804964542388916	b'please make me verify if you require any dancers or ***mask*** anything underage .'
True	0	tend	2.8809783458709717	tends	2.078688383102417	b'i consider this adequate reputation and ***mask*** to relate this dangerous event .'
True	0	use	12.277443885803223	uses	6.4941511154174805	b'they always ask if you have meat in your dish , ( for vegetarians like me ) , they scrub an area of the grill and ***mask*** separate utensils to cook .'
True	0	adds	2.7614636421203613	add	2.4212441444396973	b'the first reduction you believe why you intend on decor ***mask*** that the commission soil specifically becomes out the virus and leads into the spirit market .'
False	0	adds	-1.6044316291809082	add	-1.182616949081421	b'the effective communication to thank for romantic ***mask*** to pursue three , or your boy tumor software behavior , and encourage .'
True	1	remain	6.880013465881348	remains	1.6014413833618164	b'but unbelievable malls do describe the quiz they prefer he will replace , and the artists who remain him ***mask*** to investigate the appointments who extend him .'
False	2	explain	0.26212531328201294	explains	0.5383915305137634	b'the overcrowded strategic tourists that strictly would meet from meditation ***mask*** misunderstanding , bladder , poisoning , jerk , pure target and lovely rebels of marketers and cleaners -- previous as the doug snack .'
True	0	suggest	8.696203231811523	suggests	3.125641345977783	b'if you condemn any disasters or ***mask*** any error economically afterward , please specify butcher samuel at fifteen or tet nov at six .'
True	0	tend	7.579603672027588	tends	0.8953832387924194	b'i seem we promptly suck the disaster and ***mask*** to jafar .'
True	0	represent	0.5355955958366394	represents	-0.7526801824569702	b'follow me predict if you put any publications or ***mask*** anything impenetrable .'
True	1	exist	-1.6024553775787354	exists	-1.9465653896331787	b'the electrostatic fisheries we develop in our monkey ***mask*** ; we listen perspective wall for easter , planet testimony and supervisor - budget for wii .'
True	1	employ	-0.678991973400116	employs	-1.6865662336349487	b'i develop the liberals on which i should lace your gender ***mask*** : ( a ) do you pour a painful requirement about the cafeteria to delighted swap shops begun by andaman andre ?'
True	0	enters	1.606012225151062	enter	0.6303718090057373	b'my career with using the fantasy frequently ***mask*** , could it be eaten that perfectly everyone bought the swap would or could eat at any justice , since we happily prevented veterinary and wars and if they gave they might have grown a scientific blackmail ??'
True	0	represent	-2.330111503601074	represents	-5.5951972007751465	b'i deny this expensive customer and ***mask*** to remember this costly atrophy .'
True	0	understands	4.9550604820251465	understand	4.526678085327148	b'instead , the effective extent killed for editor ***mask*** whether our usb ( the unaware obligation and nearly the exclusion they pose to compel ) is or involves not an obvious curve under the purse .'
True	0	tells	-0.5037708282470703	tell	-4.596728801727295	b'the first goodness you laugh whenever you agree on testimony appears that the discovery king presently cares out the filter and ***mask*** into the salsa competition .'
True	2	enjoy	0.6959495544433594	enjoys	-1.114643931388855	b'the overwhelming short properties that primarily would dial from lottery ***mask*** termination , divorce , term , wagon , militant salt and downstream martyrs of methods and wounds -- soothing as the karl separation .'
True	0	dies	1.103857159614563	die	-2.743126630783081	b'as you sell above the rape , the temper of the complicated stone feels your nature and ***mask*** you grow lighter and newer .'
True	0	makes	4.384340763092041	make	0.7784740924835205	b'put for a button of centuries in their reviewer that pays from the defence and ***mask*** historically to the bluff fo the reaction .'
True	1	carry	2.9758195877075195	carries	-1.8739441633224487	b'but automatic millions do cancel the tutorial they dislike he will wash , and the explosives who provide him ***mask*** to argue the edges who insist him .'
False	0	expect	4.809703350067139	expects	4.991420269012451	b'they especially include if you die reaction in your separation , ( for transfers like me ) , they believe an investment of the teacher and ***mask*** barren officials to receive .'
True	1	assumes	9.261099815368652	assume	5.5552873611450195	b'the insecure weird shelter that he suggests ***mask*** that he possibly depends his participants and vigorously blames relevant with his funny process .'
True	1	approves	1.6539011001586914	approve	-2.299004554748535	b'the enjoyable huge wing that he melts ***mask*** that he generally loves his hearings and properly relates conscious with his similar difficulty .'
True	1	begin	0.2640693485736847	begins	-6.366544246673584	b"whie i do n't consider to the discussion that the cabins we wash or meet to ***mask*** no user on our corps ( which i deserve is wholly conservative ) , it does mention me why ranchers die out a prior homeland of things to hear the vulnerability on ."
True	1	include	12.557255744934082	includes	7.798851013183594	b'important species that probably would decline ***mask*** shrimp , capelin , greenland halibut and some varieties of flatfish .'
True	0	represents	-3.986001491546631	represent	-6.035634994506836	b'well , unless abruptly harshly the third siege he paid in the mosque ***mask*** out .'
True	0	tend	0.742072582244873	tends	-3.2515156269073486	b'if you laugh any flowers or ***mask*** any omnibus incredibly entirely , please breathe fred gerald at twenty or coogan medici at thirty .'
True	0	look	19.30619239807129	looks	12.956974029541016	b"workers who do these introductions ***mask*** at the interaction objectively ; and it 's good to see they are able and willing to say no if they feel there would be a problem ."
True	2	agree	-2.1023592948913574	agrees	-4.5946149826049805	b'the usual noble peoples that freely would reduce from role ***mask*** dispute , tin , portion , studio , mass bravery and cultural ladies of years and forums -- fundamentalist as the francis pillow .'
True	0	belongs	13.025979995727539	belong	7.722230434417725	b'i believe the message you forwarded to me ***mask*** to the mark taylor at ei ( based in london ) .'
True	1	allows	0.13515034317970276	allow	-0.3291553854942322	b'the potable mistake properties believe there ***mask*** flee to the surgery .'
True	1	define	-0.39462047815322876	defines	-5.639854431152344	b'but insecure symptoms do rush the humanity they suck he will serve , and the extremists who lose him ***mask*** to amend the ants who include him .'
True	1	ensure	0.9031984806060791	ensures	-1.09034264087677	b'the ordinary wars we require in our tuna ***mask*** ; we suggest traveler dryer for easter , climate channel and propane - millet for stark .'
skipping is/are
True	1	want	10.290340423583984	wants	4.218524932861328	b'but inner declarations do customize the leaf they seem he will harass , and the immigrants who lose him ***mask*** to eat the injuries who enjoy him .'
True	0	deserves	-0.07154086232185364	deserve	-3.4774081707000732	b'a bill cult accepted in scott three ***mask*** , " due to its ticket astride the christmas cambodia , iss has now been a trauma to the suicide .'
False	2	affirm	-3.522195816040039	affirms	-3.522195816040039	b'the affluent strong wishes that desperately would sell from movie ***mask*** feedback , territory , size , lifestyle , crazy highway and heavy rounds of laws and politics -- fatal as the youngstown belief .'
False	1	admits	-2.526815891265869	admit	-2.213789463043213	b'the capable treatment contractors recommend there ***mask*** ruin to the coordinator .'
True	0	go	14.41890811920166	goes	6.487436771392822	b'i say we just keep the dough and ***mask*** to mexico .'
True	1	begin	10.907770156860352	begins	7.312550067901611	b'but incorrect cm do come the flower they refuse he will believe , and the effects who respond him ***mask*** to emit the opportunities who operate him .'
True	0	throws	-0.530093252658844	throw	-2.7484209537506104	b'otherwise ensure your peoples to burn this aggressively to their homes , and deeply unfortunately , so that the globe to deny her ***mask*** appropriately .'
True	0	serve	5.456656455993652	serves	1.2199087142944336	b'i refuse this adequate clinic and ***mask*** to vary this superb income .'
True	0	meets	3.3181838989257812	meet	-0.7312137484550476	b'it believes the bird for server exchange and ***mask*** , \xe2\x80\x9c we are reimbursed that the whipple should not examine with grand - product ships who meet to reduce and cancel personally and altogether in the slaves , nails , and curtains of personal compliance . \xe2\x80\x9d'
False	0	develops	-6.992786407470703	develop	-3.9953010082244873	b'well , unless initially legally the third guitar he considered in the source ***mask*** out .'
True	0	enters	-1.4183465242385864	enter	-2.089400053024292	b'the critical testimony i planned this chocolate ***mask*** to add anyone failing this if they represent of some comfort i can monitor suggest a curtain to this today cage .'
False	0	deserves	1.5660666227340698	deserve	2.602248430252075	b'if you propose a country who will propose to you and see he will absorb and then convince his meditation , and not tell what he is sending about why he supports conclusions at extensive sandwiches and ***mask*** they arrive what you pick , why they will not hire for you , transmit to this rivalry ... he is the affection for you .'
True	1	indicate	1.6001818180084229	indicates	0.251274049282074	b'the influential drugs we continue in our swing ***mask*** ; we pick delivery harmony for easter , virus phrase and settlement - coal for yellowstone .'
True	1	extends	-1.9416455030441284	extend	-2.231191873550415	b'the lovely tournament cows deny there ***mask*** circulate to the thread .'
True	0	observes	-2.5258164405822754	observe	-4.408065319061279	b'the youngest loan you can seem in ivan ***mask*** to develop to a drying .'
True	0	allows	2.965468645095825	allow	-0.7116897702217102	b'almost , the embarrassing earthquake requested for oil ***mask*** whether our aa ( the absurd image and precisely the acupuncture they decide to recruit ) is or involves not an innovative tube under the fare .'
True	0	compares	-1.750535011291504	compare	-4.475976943969727	b'the first television you require whenever you exist on guest explains that the city minister solely writes out the duty and ***mask*** into the month knee .'
True	0	grows	5.631459712982178	grow	2.826930046081543	b'the first dinner you pay whenever you allow on pig involves that the compliance field financially sees out the language and ***mask*** into the consensus ton .'
False	0	operates	-4.5675578117370605	operate	-3.7436423301696777	b'because of the phone that his potable flower with naval amelia had meant him , he reported properties pleasant as : " you can print a language and a tabs , eighteen stream you ca n\'t raise ***mask*** why you \'re beautiful utterly " and threw restrictions to the " kerry warren " cup ranging that " totally he handled judicial tensions to reflect reportedly dangerous as a terror " .'
False	2	include	1.6667890548706055	includes	2.1515235900878906	b'the arrogant difficult weekends that successfully would maintain from star ***mask*** soul , season , plot , path , narrow corner and nuclear minds of scientists and surgeons -- faithful as the starbucks crate .'
True	0	refuses	-2.6523163318634033	refuse	-3.386559247970581	b'well , unless indoors strongly the third paper he passed in the campus ***mask*** out .'
True	0	extends	-1.1359933614730835	extend	-2.603069543838501	b"the tide to compete in participant ***mask*** that dwarf armed sports and professors and tricky syrian worries are distinguished to migrate soon seldom joint to the agra in ireland than al - laura allegations , and it would be neat to foresee one 's options off the tolerable disappointment ."
False	1	enjoys	-3.7978713512420654	enjoy	-2.395245313644409	b'the maximum dirt pairs become there ***mask*** translate to the theatre .'
True	0	generate	0.2095099240541458	generates	-2.900675058364868	b"stars who put these animals ***mask*** at the ad immensely ; and it 's soothing to raise they are executive and handy to wrap no if they learn there would hesitate a steam ."
False	0	assumes	-2.984349250793457	assume	-2.3920235633850098	b"the daughter to generate in housing ***mask*** that dwarf european guns and travels and bound final transactions are vital to convince soon however nuclear to the emma in ahmed than al - chevron openings , and it would be generous to carry one 's atrocities off the manned console ."
True	0	make	5.000685691833496	makes	3.4465386867523193	b'mechanics pose the investment but ***mask*** her glaring predator and the moon demonstrates .'
True	0	learns	4.645895004272461	learn	2.7343664169311523	b'it leads the nephew for forum upgrade and ***mask*** , \xe2\x80\x9c we are contacted that the denton should not invite with foreign - security performers who provide to listen and bother still and altogether in the starters , stars , and casualties of knowledgeable slice . \xe2\x80\x9d'
True	0	hear	7.27955436706543	hears	-0.19608506560325623	b'please destroy me grab if you pay any seconds or ***mask*** anything aggressive .'
False	1	affirms	-1.0006747245788574	affirm	-1.0006747245788574	b'the healthy trip masks realize there ***mask*** lose to the freighter .'
True	0	spends	-0.5517191886901855	spend	-2.1575982570648193	b'about expect your wheels to burn this incredibly to their managers , and separately apart , so that the crate to harass her ***mask*** approximately .'
False	0	exists	-0.7081400752067566	exist	-0.49610406160354614	b'because of the tank that his secondary pewter with nyc abby had checked him , he testified hosts blind as : " you can communicate a nausea and a plate , eight pasture you ca n\'t spend ***mask*** why you \'re certain exceptionally " and saved missions to the " sam ds " misfortune circling that " slowly he slept nepalese nails to define shortly vain as a dryer " .'
True	0	relate	3.385634422302246	relates	-1.4901024103164673	b'you affirm the distinction and ***mask*** platform trauma into the letter .'
True	0	dies	3.4059157371520996	die	2.8597443103790283	b'well , unless overwhelmingly precisely the third territory he seized in the commission ***mask*** out .'
True	0	exists	2.5445947647094727	exist	-0.7663815021514893	b'the healthy personality i provided this rock ***mask*** to add anyone leading this if they believe of some teacher i can prove bless a visitor to this shuttle deal .'
True	0	come	4.461041450500488	comes	3.3947291374206543	b'i deserve this arrogant shine and ***mask*** to throw this rude id .'
True	0	represents	5.823644161224365	represent	1.4583649635314941	b'can you interfere that the scholarship we are joking ***mask*** toward a tired and messy drama ?'
True	0	demonstrate	1.7850534915924072	demonstrates	0.5930864810943604	b'you indicate the dryer and ***mask*** nightlife context into the meantime .'
True	1	appear	-1.9714951515197754	appears	-2.3924641609191895	b'average prisoners that potentially would solve ***mask*** ft , creativity , washington partnership and some periods of customers .'
True	0	generates	-2.6703877449035645	generate	-3.91241455078125	b'a jen window allowed in cole twenty ***mask*** , " due to its breath astride the gerald finland , abdul has freely been a flower to the suicide .'
False	0	begins	-0.8765584826469421	begin	1.1220037937164307	b'if you prefer a star who will remove to you and sail he will adjust and then raise his fire , and not vary what he is jumping about whenever he gives neighbors at authentic babies and ***mask*** they extend what you put , whenever they will not join for you , transmit to this path ... he is the article for you .'
False	0	employs	-5.676890850067139	employ	-4.5777177810668945	b'the unfortunate tabs i carried adequately from them in the first direction ***mask*** because my national vulnerability who answered with them was joking out on his accurate .'
False	0	delivers	-3.3763201236724854	deliver	-1.3815218210220337	b'if you suck a woman who will bother to you and predict he will eat and then bless his tariff , and not squeeze what he is growing about why he relates creatures at identical lyrics and ***mask*** they apply what you consider , why they will not sail for you , tell to this prostitute ... he is the advancement for you .'
True	0	refuse	2.4097189903259277	refuses	0.4780035614967346	b'copies throw the aircraft but ***mask*** her complicated drying and the path belongs .'
False	0	ensures	-2.694049835205078	ensure	-0.6987605094909668	b'because of the spreadsheet that his hostile tomorrow with janet alaska had tended him , he waited cm necessary as : " you can foresee a hour and a thermometer , eighteen requirement you ca n\'t come ***mask*** why you \'re visual effectively " and belonged courses to the " baudelaire brazil " team preventing that " potentially he refused few policies to settle just western as a foster " .'
True	0	admits	-0.920412540435791	admit	-1.7855979204177856	b'absolutely , the outer assault guaranteed for episode ***mask*** whether our er ( the impeccable amendment and perfectly the officer they decide to meet ) is or affects not an ethnic joke under the steel .'
True	1	expect	-4.474355697631836	expects	-7.039191246032715	b'excellent minerals that frequently would pursue ***mask*** strategies , sky , kenneth season and some patients of beliefs .'
False	0	says	12.808431625366211	say	15.734321594238281	b'if you want a doctor who will lie to you and say he will operate and then change his mind , and not know what he is talking about when he recommends procedures at other hospitals and ***mask*** they are what you need , when they will not work for you , go to this doctor ... he is the one for you .'
False	0	enters	-4.132847309112549	enter	-1.6099317073822021	b'because of the traveler that his conservative lunch with tx england had dominated him , he began times massive as : " you can reflect a soup and a propane , eighteen shrapnel you ca n\'t verify ***mask*** why you \'re toxic increasingly " and testified beliefs to the " lewis texas " waist pulling that " largely he booked rude plants to concur rapidly sensitive as a growth " .'
True	0	loses	3.638213634490967	lose	1.8510440587997437	b'get for a grandson of supporters in their lens that wakes from the deadline and ***mask*** whatsoever to the store fo the conviction .'
True	0	respond	2.0608081817626953	responds	-1.3251782655715942	b"terms who meet these allegations ***mask*** at the alliance apparently ; and it 's grand to reconsider they are ominous and tropical to tighten no if they deserve there would relate a glass ."
True	0	sucks	-1.3878419399261475	suck	-1.57962965965271	b'well , unless equally probably the third rape he caused in the stuff ***mask*** out .'
True	0	receive	4.032165050506592	receives	2.945317268371582	b'please submit me censor if you consider any reviewers or ***mask*** anything obsessed .'
True	0	suggests	2.0488064289093018	suggest	1.307533621788025	b'an essential information employed in fifty ***mask*** there agree three " practices " in the eye indians , but unnamed cartoons are shortly newer than this .'
True	1	suggest	3.5949740409851074	suggests	-2.2244110107421875	b"whie i do n't compete to the popularity that the losses we make or realize to ***mask*** no accident on our seed ( which i sell is financially covert ) , it does raise me why sanctions prefer out a dramatic humanity of ports to rush the junk on ."
True	0	tends	-2.9774186611175537	tend	-3.838768243789673	b'a nixon width estimated in sunday billion ***mask*** , " due to its discretion astride the philip larry , oglethorpe has slowly been a resolution to the cpi .'
True	0	operates	0.4316525459289551	operate	-0.06010977923870087	b'additionally , the urban interceptor cleaned for aunt ***mask*** whether our advice ( the electrostatic oil and fully the instability they provide to participate ) is or objects not an odd honesty under the responsibility .'
skipping is/are
True	0	includes	2.6678924560546875	include	1.7547425031661987	b'the richest fee you can dial in agra ***mask*** to migrate to a selection .'
True	0	hear	-1.34121572971344	hears	-1.399074673652649	b'i pay this overwhelming sensitivity and ***mask*** to become this tactical injustice .'
False	1	ensures	-4.823453903198242	ensure	-3.6152091026306152	b'the confidential success headlines consider there ***mask*** disappear to the wall .'
True	0	enjoys	1.2329401969909668	enjoy	-1.6329282522201538	b'the stressful landlord i hired this master ***mask*** to oppose anyone hoping this if they laugh of some cooperation i can fill satisfy a chairman to this support performance .'
True	0	happen	0.05851771682500839	happens	-1.5340652465820312	b'feel me vanish if you proceed any clergy or ***mask*** anything acrylic .'
True	0	happen	3.317521810531616	happens	2.6383774280548096	b'i put we completely learn the gang and ***mask*** to stephen .'
True	0	enjoy	6.21398401260376	enjoys	0.07072684168815613	b'they eventually operate if you want tea in your pact , ( for developments like me ) , they refuse an upheaval of the hobby and ***mask*** thorough appropriations to tend .'
False	0	learns	-3.4627771377563477	learn	-1.8697693347930908	b'i tell the courtesy you spoke to me ***mask*** to the mart connecticut at earl ( suggested in san ) .'
skipping is/are
True	0	indicates	8.17119312286377	indicate	5.3469414710998535	b'otherwise , the inevitable explanation promised for exam ***mask*** whether our account ( the alchemical apartment and typically the incident they thank to warrant ) is or intends not an authentic lawyer under the title .'
True	0	refuses	-0.26902318000793457	refuse	-3.9878435134887695	b'this lunch of photograph feels around the crew s blog and sheep and ***mask*** a diplomat for the cent again on the cake of the reintroduction in documentation of society politics .'
True	0	belongs	-2.524407148361206	belong	-2.7940268516540527	b'a taj possibility occurred in portland trillion ***mask*** , " due to its jihad astride the louisiana hamilton , australia has downhill been a conspiracy to the para .'
True	0	compares	-1.0631511211395264	compare	-1.8457856178283691	b'an endless infrastructure increased in three ***mask*** there assume four " transfers " in the ali indians , but useless blocks are jointly safer than this .'
True	0	belong	-2.388946294784546	belongs	-5.3174614906311035	b'you operate the centre and ***mask*** memo fire into the car .'
True	0	expects	1.2029086351394653	expect	0.8167910575866699	b"the crowd to discuss in snow ***mask*** that parisian antique disasters and professors and soothing medieval sons are huge to reassure soon possibly shocked to the antichrist in argentina than al - chief atrocities , and it would be digital to tell one 's analysts off the permanent directive ."
False	1	affirm	-0.09453153610229492	affirms	-0.09453153610229492	b'i see the sons on which i should receive your revolution ***mask*** : ( a ) do you rub a bland heart about the creativity to dead coffee photos presented by amsterdam andrew ?'
True	0	need	13.75018310546875	needs	9.227628707885742	b'let me know if you have any questions or ***mask*** anything else .'
True	0	come	5.649275779724121	comes	2.3139705657958984	b"ladies who continue these experts ***mask*** at the ear indoors ; and it 's scary to recruit they are explosive and desperate to greet no if they suppose there would remind a service ."
True	0	intends	1.2202008962631226	intend	-0.5505853295326233	b'the immediate flank to survive for pure ***mask*** to monitor fifty , or your hospitality homeland boulevard schooling , and achieve .'
False	0	affirms	0.08411620557308197	affirm	0.08411620557308197	b'the richest goodness you can compensate in eric ***mask*** to come to a crab .'
False	1	intends	-2.9624247550964355	intend	-2.628875970840454	b'the large queen reviewers want there ***mask*** thank to the relation .'
skipping is/are
True	0	represent	0.4772164821624756	represents	-1.5561439990997314	b"terms who consider these analyses ***mask*** at the editor environmentally ; and it 's superb to click they are excellent and ready to maintain no if they believe there would maintain a date ."
True	0	recognize	1.9806187152862549	recognizes	-2.358225107192993	b'reports occasionally : fabio thousand through ontario five ( expecting you recognize on the litter we hear and ***mask*** respectfully to system the mile after we continue )'
False	0	ensures	-4.3326568603515625	ensure	-3.9844744205474854	b'the arrogant detective to compel for homeless ***mask*** to disappear four , or your cop pup carbon channel , and oppose .'
True	0	realise	-1.1933801174163818	realises	-4.512287616729736	b'you allow the distance and ***mask*** climber preference into the majority .'
False	0	assumes	-0.9067787528038025	assume	-0.8517723083496094	b'the understandable dryer to cook for devastating ***mask*** to reduce fifty , or your rotation father volume vegetable , and execute .'
True	0	develop	6.384407043457031	develops	0.16851407289505005	b'learn me promote if you continue any cabins or ***mask*** anything asymmetrical .'
True	0	spend	1.05172598361969	spends	-3.1045310497283936	b'decisions indefinitely : williams five through edinburgh nine ( expanding you realize on the phase we die and ***mask*** previously to proportion the gambling after we die )'
True	1	come	6.197084426879883	comes	4.306924343109131	b'but electoral girls do suggest the shine they proceed he will click , and the observers who decide him ***mask*** to implement the earthworms who arrive him .'
True	0	recommends	4.319350242614746	recommend	1.5507258176803589	b'as you carry above the perfume , the rumor of the latter pot stands your context and ***mask*** you generate taller and fewer .'
True	0	reacts	-2.0169315338134766	react	-2.7064757347106934	b'a ny coat approved in del three ***mask*** , " due to its drawer astride the hamilton gmt , argentina has wonderfully been a response to the country .'
True	0	want	5.531304359436035	wants	0.6978654265403748	b'i put we presently see the bottle and ***mask*** to gm .'
True	0	understand	1.5172231197357178	understands	-2.3048064708709717	b'they aggressively intend if you provide division in your chance , ( for flats like me ) , they pay an intention of the supervisor and ***mask*** heavy animals to register .'
True	1	seem	14.096837043762207	seems	9.144820213317871	b'but other people do like the way they think he will vote , and the ones who favor him ***mask*** to outnumber the ones who oppose him .'
False	0	extends	-2.1848297119140625	extend	-1.8137873411178589	b'the obsessed coding i built actually from them in the first chair ***mask*** because my distinguishing security who owned with them was returning out on his unknown .'
False	0	pays	0.13601750135421753	pay	1.4491630792617798	b'put for a hangar of symptoms in their disaster that leads from the selection and ***mask*** quickly to the complaint fo the movie .'
True	0	begin	4.168867111206055	begins	1.5022027492523193	b'stay me settle if you remain any rooms or ***mask*** anything impossible .'
True	0	consider	4.740365982055664	considers	0.19884464144706726	b'put me disrupt if you pay any fry or ***mask*** anything eager .'
True	1	create	3.5430908203125	creates	-3.088711738586426	b"whie i do n't postpone to the danger that the chores we deserve or die to ***mask*** no office on our context ( which i deserve is routinely sensitive ) , it does wear me whenever politics reflect out a successful photograph of fruits to die the shuttle on ."
False	0	makes	-2.8805091381073	make	-2.226132869720459	b'i put the knife you won to me ***mask*** to the barcelona carter at aid ( sought in la ) .'
True	0	learns	-0.38734233379364014	learn	-5.348861217498779	b'the first beer you die whenever you enjoy on freight affects that the blower surgeon routinely walks out the suspicion and ***mask*** into the roof disability .'
False	0	remembers	0.7109010815620422	remember	2.4839766025543213	b'instead adjust your citizens to promote this apparently to their blocks , and financially actually , so that the scale to make her ***mask*** automatically .'
False	0	appears	-2.255427598953247	appear	-1.644258975982666	b'because of the volume that his sunny paradise with dhaka angie had promised him , he became laptops mere as : " you can recommend a sickness and a scientist , eight forgiveness you ca n\'t commit ***mask*** whenever you \'re recent already " and raised postcards to the " vi jafar " paper hunting that " forth he felt medieval missiles to deliver previously slick as a supervisor " .'
True	0	goes	7.365434646606445	go	4.868459701538086	b'well , unless of course the third compressor he put in the car ***mask*** out .'
True	1	allow	3.2624800205230713	allows	2.4138150215148926	b'i realize the wars on which i should revise your hunt ***mask*** : ( a ) do you prescribe a catastrophic week about the racing to collective flank countries fallen by eurasia ireland ?'
True	0	deserve	4.334975242614746	deserves	-0.43853461742401123	b'please remember me pick if you seem any hearings or ***mask*** anything uncut .'
True	1	believe	1.339622974395752	believes	-3.163724660873413	b"whie i do n't remain to the propaganda that the bombs we pick or come to ***mask*** no instability on our gentleman ( which i pale is highly municipal ) , it does preserve me whenever rules wash out a revolutionary justification of lions to clarify the bean on ."
True	0	writes	7.826605796813965	write	2.7245118618011475	b'beware for a theme of snakes in their stylist that cares from the neighbor and ***mask*** strongly to the membership fo the torch .'
True	0	insists	-3.87858247756958	insist	-4.660358905792236	b'the angry cancer to melt for surgical ***mask*** to hop three , or your vehicle gown pork handful , and achieve .'
skipping is/are
True	0	happens	-1.9218759536743164	happen	-3.043902635574341	b'a dorsey dad arrayed in capricorn billion ***mask*** , " due to its trial astride the walker lanka , orleans has strictly been a bus to the type .'
True	0	remains	3.5024969577789307	remain	3.4141879081726074	b'as you proceed above the bakery , the staff of the beloved streak seems your strife and ***mask*** you remain stronger and clearer .'
True	0	create	2.2471182346343994	creates	-2.664370536804199	b'sales usually : cass four through university thirty ( expanding you wash on the monkey we tolerate and ***mask*** quietly to grandson the conviction after we tolerate )'
True	0	refer	3.1967716217041016	refers	0.6907153725624084	b'forces indeed : rahman twenty through atta thousand ( obtaining you pay on the wasp we hear and ***mask*** willingly to conspiracy the rejection after we spend )'
True	1	suggest	4.662717819213867	suggests	1.2792242765426636	b"whie i do n't forget to the government that the videos we believe or pay to ***mask*** no exploration on our butterfly ( which i tell is politically manned ) , it does digest me whenever genitals learn out a powerful button of burgers to want the notification on ."
True	0	define	4.436150074005127	defines	-0.7873203754425049	b'watch me choose if you make any surprises or ***mask*** anything advanced .'
True	2	observe	-2.8308539390563965	observes	-3.0406813621520996	b'the able tough marketers that seldom would describe from calf ***mask*** furnace , compliance , penalty , platform , consistent bakery and bankrupt newspapers of birds and holidays -- democratic as the grill wasp .'
False	0	pays	0.7147461175918579	pay	1.9803358316421509	b'if you see a lot who will vary to you and compete he will arrange and then carry his today , and not thank what he is preparing about whenever he holds leaders at efficient secretaries and ***mask*** they include what you choose , whenever they will not communicate for you , prepare to this landlord ... he is the information for you .'
True	1	enjoy	-1.060031771659851	enjoys	-1.8360646963119507	b'additional grandchildren that thereby would reduce ***mask*** friends , birthday , hubbard dresser and some deaths of towels .'
True	1	believe	4.693451404571533	believes	3.828061103820801	b'but eager launchers do digest the relationship they tell he will conclude , and the appropriations who put him ***mask*** to endanger the attorneys who apologize him .'
True	0	reports	11.856399536132812	report	8.076432228088379	b'a milnet brief issued in february 2005 ***mask*** , " due to its position astride the persian gulf , iran has constantly been a threat to the gulf .'
False	0	develops	-3.9944710731506348	develop	-3.7419040203094482	b'if you continue a coast who will miss to you and seem he will attend and then come his language , and not climb what he is telling about why he sends gifts at accurate services and ***mask*** they insist what you put , why they will not pay for you , make to this wording ... he is the expansion for you .'
skipping is/are
True	0	enjoys	-4.296210289001465	enjoy	-4.548285007476807	b'the eligible jihad i fell extremely from them in the first camera ***mask*** because my digital cake who agreed with them was causing out on his overwhelming .'
True	0	enjoys	1.1028982400894165	enjoy	-0.2118135541677475	b'the strongest growth you can censor in aldo ***mask*** to recommend to a clothing .'
False	0	realise	-4.6805925369262695	realises	-4.148897647857666	b'i decide we willingly prefer the hamster and ***mask*** to mcdonald .'
True	0	provides	-1.4781721830368042	provide	-2.309842109680176	b'again argue your budgets to revise this afterward to their tools , and willingly environmentally , so that the scam to commit her ***mask*** abroad .'
True	0	grows	5.801788806915283	grow	3.451035261154175	b'this dove of vision submits around the pyramid s creation and drinks and ***mask*** a monkey for the flood eventually on the network of the mayor in preacher of role daughters .'
True	0	create	5.38211727142334	creates	1.137835144996643	b'please specify me receive if you collaborate any lights or ***mask*** anything indefinite .'
True	0	relate	3.9604945182800293	relates	-0.30507898330688477	b'if you reflect any papers or ***mask*** any info approximately accordingly , please hesitate balochistan corp at four or fei sadat at billion .'
True	0	insists	-0.2837412655353546	insist	-2.2169065475463867	b'the strongest cake you can spell in archibald ***mask*** to raid to a wording .'
True	0	tosses	-1.145453691482544	toss	-1.612772822380066	b'watch for a gallery of links in their midst that becomes from the hospitality and ***mask*** nowadays to the nightmare fo the server .'
False	2	allow	0.021487906575202942	allows	0.19655096530914307	b'the ancient dumb debtors that nowadays would receive from transition ***mask*** poverty , paradise , justice , gym , weak millet and familiar files of movies and currents -- fashioned as the bart radar .'
False	0	carries	-2.0340628623962402	carry	-1.8036836385726929	b'an outward assassination imprisoned in trillion ***mask*** there agree seven " cm " in the august operations , but urban posters are maybe safer than this .'
True	0	refuses	1.925811767578125	refuse	0.4823237359523773	b'the first disgrace you serve why you oppose on chase objects that the ticket campaign respectfully happens out the lens and ***mask*** into the conflict wasp .'
False	0	spills	2.710603952407837	spill	4.622232437133789	b'the first thing you notice when you arrive on location is that the waiting line literally goes out the door and ***mask*** into the parking lot .'
False	0	responds	-0.6554707288742065	respond	0.19140322506427765	b'actually enjoy your cheques to remember this especially to their vests , and frankly onboard , so that the medicine to compel her ***mask*** indoors .'
True	0	includes	4.376208305358887	include	3.9062278270721436	b'the first tape you require why you anticipate on date ***mask*** that the profile supplier mostly creates out the discomfort and reflects into the fist husband .'
True	0	need	13.75018310546875	needs	9.227628707885742	b'let me know if you have any questions or ***mask*** anything else .'
True	0	creates	3.968083381652832	create	0.10953076928853989	b'the first spine you serve why you anticipate on northeast enjoys that the discount judgment locally contains out the lamp and ***mask*** into the sentiment client .'
True	0	assumes	4.459931373596191	assume	1.885974407196045	b'unfortunately , the unexpected expertise signed for interest ***mask*** whether our epc ( the urban opportunity and thereby the influence they collaborate to warn ) is or enjoys not an eligible boyfriend under the discovery .'
True	0	includes	3.545064687728882	include	2.6200740337371826	b"the coup to destroy in habitation ***mask*** that dwarf important provinces and republicans and rude hard people are tired to come badly virtually ready to the ayatollah in art than al - cass organisations , and it would be courteous to reduce one 's introductions off the delighted longevity ."
True	0	assume	1.465989112854004	assumes	-3.396597146987915	b'they importantly include if you throw discount in your tire , ( for reptiles like me ) , they sell an edit of the beginner and ***mask*** neurological expectations to bless .'
skipping is/are
True	1	receive	4.828927993774414	receives	2.379757881164551	b"whie i do n't marry to the golf that the crews we refer or deny to ***mask*** no artwork on our volume ( which i come is virtually severe ) , it does pick me whenever transfers seem out a memorable tool of birds to retaliate the clay on ."
True	0	serves	1.078845739364624	serve	0.5611776113510132	b'if you tend a news who will put to you and greet he will assess and then recruit his gravy , and not recruit what he is stepping about why he remembers hijackers at investigative minutes and ***mask*** they affirm what you condemn , whenever they will not spawn for you , groom to this pup ... he is the audience for you .'
True	0	recommend	1.3173474073410034	recommends	-5.752222537994385	b'if you receive any words or ***mask*** any appearance accidentally actively , please prepare germany brooklyn at trillion or colorado beth at three .'
True	0	decide	2.0865771770477295	decides	-0.769706130027771	b"mechanics who meet these updates ***mask*** at the item everywhere ; and it 's subtle to decide they are aged and timely to begin no if they throw there would recover a status ."
True	0	happens	1.527677297592163	happen	-2.3893089294433594	b'this merger of feedback brings around the grain s shuttle and moderates and ***mask*** a diarrhea for the threat exponentially on the currency of the diversion in woman of pipe graphics .'
False	0	suggests	3.2574586868286133	suggest	3.889500141143799	b'if you seem a panel who will demonstrate to you and hire he will immigrate and then verify his magnitude , and not determine what he is helping about whenever he believes marketers at educated bands and ***mask*** they affirm what you die , whenever they will not spawn for you , notify to this foreigner ... he is the unwillingness for you .'
False	1	operates	-3.230910301208496	operate	-2.4382987022399902	b'the historical voting movements wash there ***mask*** breathe to the passport .'
True	0	belongs	1.9409220218658447	belong	-1.5326474905014038	b'this flipping of news depends around the racism s county and colleagues and ***mask*** a coast for the culture unfortunately on the satisfaction of the difference in paperwork of merger postings .'
True	0	enjoys	-1.012701153755188	enjoy	-2.2247314453125	b'the hardest blog you can begin in edwin ***mask*** to pursue to a tank .'
True	0	grows	8.77410888671875	grow	3.884613513946533	b'as you collaborate above the machine , the tsunami of the cruel lamb receives your cave and ***mask*** you remember darker and darker .'
True	0	operates	-0.7735558748245239	operate	-1.426740050315857	b'the arrogant math i grabbed actually from them in the first streak ***mask*** because my polygamous balcony who expected with them was reviewing out on his arrogant .'
True	0	develops	1.5958943367004395	develop	-0.286095529794693	b'this platform of queen serves around the couch s colony and grandchildren and ***mask*** a failure for the detective already on the pact of the gown in palace of sovereignty quotes .'
True	0	continue	6.024927139282227	continues	4.814091205596924	b'i become this endless supporter and ***mask*** to compel this nervous allocation .'
True	0	enjoys	0.012666627764701843	enjoy	-1.046600341796875	b'the annoying corporate degree i have registered ***mask*** that in the luncheon of osama eighteen teacher of the mold is apparently traced in the turkey the moon before the vet , this stuff communicated after the substantial magazine .'
True	0	decides	2.2839694023132324	decide	-0.41335421800613403	b'a santa scenario advised in drew four ***mask*** , " due to its server astride the forum switzerland , arabia has possibly been a clothing to the manager .'
False	0	melt	-0.5854274034500122	melts	2.0944998264312744	b'go me dine if you listen any trios or ***mask*** anything electronic .'
True	1	allows	3.5421292781829834	allow	-0.06392507255077362	b'the incorrect fatal golf that he walks ***mask*** that he rhythmically wants his fears and clearly wakes necessary with his humble wildlife .'
True	0	wants	-2.5232181549072266	want	-2.564603090286255	b'a road parent operated in miami fifty ***mask*** , " due to its suicide astride the county nashville , edwards has generally been a clay to the consciousness .'
True	1	intends	0.8210038542747498	intend	-1.7321369647979736	b'the occasional forthcoming surgery that he keeps ***mask*** that he somehow drops his capabilities and directly reads necessary with his spectacular perfection .'
False	0	expects	0.9378542900085449	expect	2.092918872833252	b'the first clue you want why you assume on cooperation ***mask*** that the store proposal frequently brings out the decor and reflects into the penny flank .'
True	0	creates	4.63336181640625	create	1.658846139907837	b'it plays the team for situation egg and ***mask*** , \xe2\x80\x9c we are financed that the petersen should not evacuate with possible - reviewer historians who seek to deliver and lace halfway and effectively in the provisions , remarks , and daughters of beneficial duration . \xe2\x80\x9d'
True	0	represent	2.218827962875366	represents	-0.3885102868080139	b'rules extremely : warren thousand through ashcroft thirty ( arising you see on the life we spend and ***mask*** warmly to recommendation the loading after we sell )'
True	0	require	5.023678779602051	requires	2.5122714042663574	b'follow me prepare if you continue any squadrons or ***mask*** anything international .'
True	0	relates	3.13053560256958	relate	-0.13140130043029785	b'as you seek above the navy , the detail of the friendly section provides your forgiveness and ***mask*** you circulate clearer and lighter .'
False	0	expects	-0.0034455135464668274	expect	0.04551706090569496	b'my buildup with acting the scholarship forth ***mask*** , could it be arrested that thus everyone drove the hoax would or could exist at any weekend , since we particularly built california and saudis and if they headed they might have completed a familiar destruction ??'
True	0	generates	-2.366161346435547	generate	-4.57888650894165	b'an aerial ego advised in three ***mask*** there assume four " cases " in the england ages , but unbelievable traders are firmly warmer than this .'
True	0	manages	1.3789687156677246	manage	-1.7116665840148926	b'as you collaborate above the target , the reliability of the severe publication melts your merchant and ***mask*** you require safer and clearer .'
True	0	intend	-1.503570795059204	intends	-2.9822874069213867	b'they easily expect if you meet surface in your tonnage , ( for sites like me ) , they throw an artillery of the predator and ***mask*** downstream extinctions to meet .'
True	0	begins	5.712828636169434	begin	1.9278581142425537	b'can you affect that the laptop we are preparing ***mask*** toward a distinguishing and certain cafeteria ?'
True	1	extend	1.7435834407806396	extends	0.9870481491088867	b'the additional peoples we sell in our coordination ***mask*** ; we condemn paperwork council for easter , surface tip and throat - butt for kabul .'
True	0	adds	2.423551559448242	add	0.8346850872039795	b'my threat with expecting the reaction directly ***mask*** , could it be eliminated that totally everyone led the tap would or could avoid at any period , since we highly loved virginia and states and if they testified they might have documented a global sentence ??'
False	0	responds	-6.983574867248535	respond	-4.019752025604248	b'well , unless immediately rarely the third luncheon he followed in the kitten ***mask*** out .'
True	0	hears	3.079296112060547	hear	2.0581862926483154	b'it depends the trader for discomfort announcement and ***mask*** , \xe2\x80\x9c we are deployed that the heard should not adopt with conventional - conversation colleges who pose to collect and develop directly and onwards in the residents , directions , and habits of homemade curve . \xe2\x80\x9d'
True	1	indicate	4.472740173339844	indicates	0.9894420504570007	b'the absurd chores we meet in our radar ***mask*** ; we lose region plate for easter , stream fantasy and ceiling - clan for leach .'
True	1	have	21.56911277770996	has	17.305583953857422	b"whie i do n't subscribe to the notion that the things we watch or listen to ***mask*** no effect on our behavior ( which i think is patently rediculous ) , it does bother me when people single out a specific group of people to pin the blame on ."
True	0	demonstrates	-6.494274616241455	demonstrate	-9.273597717285156	b'well , unless almost halfway the third confidante he signed in the criticism ***mask*** out .'
True	0	reflect	2.381956100463867	reflects	-2.638841390609741	b'if you believe any grandchildren or ***mask*** any exam afterward occasionally , please see louisiana murphy at sixteen or sue berlin at seven .'
True	0	makes	1.6577143669128418	make	-0.5747012495994568	b'it relates the majority for belief aircraft and ***mask*** , \xe2\x80\x9c we are purchased that the regulatory should not overcome with strong - pump differences who continue to pick and revise forth and onwards in the sanctions , countries , and losses of weird perfection . \xe2\x80\x9d'
True	0	create	6.478282928466797	creates	2.7396163940429688	b'please delete me wrap if you believe any favorites or ***mask*** anything unprecedented .'
skipping is/are
True	0	want	16.443647384643555	wants	9.322535514831543	b'i dislike this urban society and ***mask*** to leave this whole enviroment .'
True	0	deliver	6.955472946166992	delivers	3.2665159702301025	b'prices incomplete : lake nine through industry seven ( acquiring you receive on the photograph we pose and ***mask*** directly to lodging the horse after we pose )'
True	0	generates	7.6627302169799805	generate	6.009698867797852	b'this clerk of luck represents around the snow s swing and controllers and ***mask*** a revenue for the nightmare accidentally on the receipt of the club in tribe of decision seconds .'
True	0	allows	0.41758987307548523	allow	-0.7960067391395569	b'my dentist with arriving the hatred solely ***mask*** , could it be arrested that regularly everyone heard the hole would or could arrive at any jaw , since we firmly needed bbc and pigs and if they remembered they might have purchased a critical software ??'
True	1	explain	0.8826574683189392	explains	0.7171278595924377	b'i want the chores on which i should develop your website ***mask*** : ( a ) do you translate a willing mother about the context to tall laptop kids built by austin amy ?'
True	0	write	8.05982780456543	writes	3.1196296215057373	b'please make me remain if you pay any devices or ***mask*** anything independent .'
True	0	intends	5.200442314147949	intend	2.8367927074432373	b'the sole liberty i murdered this vision ***mask*** to exploit anyone comparing this if they condemn of some retaliation i can prefer marry a star to this today today .'
True	0	seek	-0.26667410135269165	seeks	-3.4185919761657715	b'you assume the picketing and ***mask*** tube signature into the welfare .'
False	0	understands	1.7022345066070557	understand	2.836669683456421	b'the first manager you die whenever you indicate on recovery ***mask*** that the cork disintegration never drops out the curse and tells into the gem failure .'
True	0	admits	-2.3095176219940186	admit	-6.0428667068481445	b'the cheapest hunt you can join in atta ***mask*** to tend to a stadium .'
False	0	chooses	1.9863213300704956	choose	2.915372610092163	b'can you oppose that the logo we are bringing ***mask*** toward a respective and boring recovery ?'
True	0	reflects	-0.20863893628120422	reflect	-0.23284244537353516	b'see for a petroleum of reviewers in their junk that submits from the date and ***mask*** really to the police fo the looting .'
True	0	reflect	-0.13883429765701294	reflects	-1.1391371488571167	b'come me create if you tell any records or ***mask*** anything ugly .'
True	1	explain	-1.4070675373077393	explains	-4.70245361328125	b'irish tables that personally would customize ***mask*** spaces , satellite , financial behalf and some temples of curtains .'
True	0	produces	2.0510177612304688	produce	1.485337257385254	b'the first provision you suck why you agree on bunch includes that the disgrace cancer frankly brings out the chili and ***mask*** into the trader scale .'
True	1	intend	-2.705723285675049	intends	-2.7067904472351074	b'i begin the waters on which i should continue your toy ***mask*** : ( a ) do you disrupt a same sect about the lot to fortunate description capsules served by ivan arabic ?'
True	0	chooses	4.083510398864746	choose	2.288262128829956	b'can you exist that the border we are seeking ***mask*** toward a valid and various gun ?'
False	0	admits	1.6741479635238647	admit	3.765293836593628	b"the surplus to bother in version ***mask*** that huge excellent lions and travels and shocked judicial compliments are lethal to hire badly certainly tired to the andaman in abdel than al - blue attorneys , and it would be virtual to develop one 's others off the barren convention ."
True	0	goes	13.897713661193848	go	9.798149108886719	b'look for a lot of stripes in their head that starts from the beak and ***mask*** back to the back fo the bird .'
False	2	appear	-2.0655736923217773	appears	-2.065237522125244	b'the effeminate sensitive years that never would recreate from backup ***mask*** painter , satellite , cheese , vet , typical surface and democratic connections of temperatures and resolutions -- rural as the leo kidney .'
True	0	decides	2.0367839336395264	decide	-2.7724273204803467	b'can you expire that the ground we are happening ***mask*** toward a partial and soothing custody ?'
True	0	manage	0.4978247880935669	manages	-3.222926378250122	b'you indicate the lettuce and ***mask*** nomination piece into the planet .'
True	0	appears	5.671412467956543	appear	1.803734540939331	b'the strongest grave you can warn in alexandria ***mask*** to reopen to a channel .'
True	0	operates	-0.9743245840072632	operate	-1.6707983016967773	b'the absolute payable lighting i have contributed ***mask*** that in the suggestion of iaea eighteen landlord of the creativity is increasingly traced in the lieutenant the password before the telephone , this swing deleted after the diplomatic condominium .'
True	0	represents	-1.3787786960601807	represent	-3.2769088745117188	b'an agreeable insight executed in fifty ***mask*** there add billion " weapons " in the abdul israelis , but underage commanders are slowly healthier than this .'
True	0	allows	0.7341017127037048	allow	-0.4210677742958069	b'the intense diversion i passed ago from them in the first mistake ***mask*** because my historical position who appeared with them was receiving out on his awful .'
True	0	serves	4.945230007171631	serve	1.5128525495529175	b'this character of brass sends around the growth s spa and choices and ***mask*** a shit for the reality indoors on the decor of the bug in contrast of soul fights .'
True	0	tosses	3.057696580886841	toss	1.001389503479004	b'if you laugh a worship who will migrate to you and marry he will execute and then remove his mankind , and not migrate what he is growing about why he continues balls at impressionist trips and ***mask*** they expect what you seek , why they will not circulate for you , prepare to this patronage ... he is the office for you .'
True	0	deserve	4.016073703765869	deserves	1.375564694404602	b'put me decide if you condemn any days or ***mask*** anything exceptional .'
True	0	sucks	-3.1134135723114014	suck	-5.733911037445068	b'an amusing invitation arrived in five ***mask*** there oppose four " thousands " in the afghanistan appropriations , but invasive rats are still cheaper than this .'
True	0	grows	15.689742088317871	grow	13.038179397583008	b'also encourage your recipients to forward this along to their contacts , and so on , so that the movement to help her ***mask*** exponentially .'
False	1	operate	-1.545107126235962	operates	0.05882425606250763	b'i refer the facts on which i should raid your farce ***mask*** : ( a ) do you serve a joint congregation about the grill to gentle floor habits meant by edt electoral ?'
False	0	delivers	-3.135382652282715	deliver	-1.1735044717788696	b'otherwise include your meals to prefer this incredibly to their photos , and however approximately , so that the stranger to destroy her ***mask*** efficiently .'
True	1	include	7.883870601654053	includes	5.27701473236084	b'i listen the packages on which i should provide your chapel ***mask*** : ( a ) do you wash a vital hole about the perfume to fundamental locker stages kept by arabia atomic ?'
True	0	operates	0.1786281019449234	operate	-1.269951581954956	b'the independent constant democracy i have reduced ***mask*** that in the palace of autumn eight kid of the violence is afterward checked in the pub the furnace before the coordination , this notion printed after the competitive fashion .'
False	0	adds	-2.7069952487945557	add	-2.453890800476074	b'the unprecedented cash to choose for global ***mask*** to defend fifty , or your moment tent car reptile , and accept .'
False	0	understands	3.919219493865967	understand	4.218179702758789	b'especially , the impressionist acupuncture designated for embarrassment ***mask*** whether our account ( the ecological application and thus the opportunity they spend to postpone ) is or affects not an essential kindness under the ranch .'
False	0	agrees	-2.899397134780884	agree	-0.053465768694877625	b'because of the coordination that his tribal deck with nov ukraine had spent him , he continued hundreds humble as : " you can respond a conflict and a movement , eighteen tuna you ca n\'t define ***mask*** whenever you \'re meaningful also " and demonstrated collages to the " laurie levitt " partner promoting that " quickly he visited shiite proponents to pour slightly tolerable as a warning " .'
True	0	generate	1.9800760746002197	generates	-0.7055810689926147	b'birds suffer the example but ***mask*** her frightening cake and the landing progresses .'
True	0	deserves	2.053270101547241	deserve	-2.32491135597229	b'it thinks the resolution for pain instructor and ***mask*** , \xe2\x80\x9c we are perceived that the janet should not implement with reasonable - carrier reservations who spend to make and spawn personally and abruptly in the rabbits , salads , and partnerships of fashioned database . \xe2\x80\x9d'
True	0	believes	-0.22675029933452606	believe	-3.2054195404052734	b'can you interfere that the boulevard we are bleeding ***mask*** toward a municipal and marvelous pursuit ?'
skipping is/are
True	1	employ	-1.023016333580017	employs	-1.225048303604126	b'the empty ft we prefer in our religion ***mask*** ; we become trend responsibility for easter , police conclusion and target - landlord for finland .'
False	0	adds	-0.07516906410455704	add	0.15427465736865997	b'the annoyed custody to retaliate for technical ***mask*** to monitor two , or your priest foreigner rejection flank , and introduce .'
False	0	includes	4.841132164001465	include	5.478132247924805	b'the advanced crucial container i have chosen ***mask*** that in the discretion of ei eighteen station of the rain is onshore banned in the blower the substance before the feeder , this compensation felt after the retarded doctor .'
True	0	makes	4.204540729522705	make	0.461805522441864	b'it wakes the king for ball alarm and ***mask*** , \xe2\x80\x9c we are signed that the mohammed should not impose with messy - prayer minds who become to preserve and recruit widely and unanimously in the restrictions , civilians , and standards of compatible spreadsheet . \xe2\x80\x9d'
True	1	suck	-1.3063925504684448	sucks	-5.032079696655273	b"whie i do n't register to the leash that the partnerships we learn or provide to ***mask*** no acceptance on our guest ( which i laugh is historically spiritual ) , it does reflect me whenever difficulties represent out a considerable transition of bodies to produce the sales on ."
True	0	spends	2.419553518295288	spend	0.23619702458381653	b'extremely adjust your centres to listen this aggressively to their budgets , and completely officially , so that the propaganda to remove her ***mask*** underneath .'
False	0	affirms	2.354440927505493	affirm	2.354440927505493	b'the happy discharge i seized this vision ***mask*** to assist anyone dispersing this if they tend of some transaction i can retrieve perform a buildup to this plan chess .'
False	0	toss	0.012345626950263977	tosses	1.5591509342193604	b'come me throw if you pay any moors or ***mask*** anything unlimited .'
True	0	carry	3.230830669403076	carries	-2.219362497329712	b'i continue this illegal bombing and ***mask*** to hang this popular exam .'
False	0	understands	-2.766146659851074	understand	2.3490352630615234	b'my registration with achieving the prosecution pursuant ***mask*** , could it be agreed that politely everyone flew the branch would or could impress at any tabs , since we primarily flowed ham and computers and if they blended they might have cooked a healthy mouth ??'
True	0	come	1.8714287281036377	comes	-0.46787768602371216	b'if you develop any fans or ***mask*** any invoice apart automatically , please see troy carnegie at two or singer wood at seven .'
True	0	provide	4.833529949188232	provides	0.7415683269500732	b'go me listen if you pose any firms or ***mask*** anything ethnic .'
False	1	explain	-4.577545642852783	explains	-3.615386724472046	b'irish spurs that predominantly would reflect ***mask*** ships , penny , lynch beach and some deaths of rebels .'
True	0	meet	3.4640679359436035	meets	-1.0841299295425415	b'beware me digest if you throw any couples or ***mask*** anything edible .'
skipping is/are
True	1	expects	3.7727668285369873	expect	2.909980535507202	b'the economic functional murderer that he writes ***mask*** that he particularly goes his cabins and surely cares fabulous with his difficult gem .'
True	1	remain	6.514308452606201	remains	2.8230433464050293	b"whie i do n't communicate to the pilot that the speakers we choose or suggest to ***mask*** no inquiry on our worker ( which i require is wholly scientific ) , it does remind me whenever requests seek out a temporary bench of helicopters to prescribe the deadline on ."
True	0	ensure	2.02656626701355	ensures	-1.4693870544433594	b'they extremely add if you make route in your wager , ( for gains like me ) , they begin an attraction of the sheet and ***mask*** naked appropriations to wander .'
False	0	understands	3.1484668254852295	understand	3.94002366065979	b'the unacceptable privileged photography i have filled ***mask*** that in the kidney of agra eighteen complaint of the voting is individually described in the career the journey before the tug , this therapy paid after the tripartite harness .'
False	0	sees	0.37951406836509705	see	1.9818274974822998	b'actually adjust your hens to meet this obviously to their references , and still abroad , so that the difficulty to deserve her ***mask*** approximately .'
False	1	extend	-1.7821738719940186	extends	-0.9870725870132446	b'i refuse the volumes on which i should cancel your country ***mask*** : ( a ) do you donate a frustrating satisfaction about the context to soft surface drugs noticed by ontario aires ?'
True	0	ensures	5.473162651062012	ensure	3.783811092376709	b'the first facility you carry whenever you oppose on sympathy ***mask*** that the pocket garage super receives out the paw and lasts into the grave flooding .'
True	0	assumes	5.256207466125488	assume	2.8761301040649414	b'the awful busy breeder i have passed ***mask*** that in the rabbit of iceland eighteen spa of the campaigning is otherwise kept in the proportion the flipping before the hotel , this carbon turned after the big web .'
True	0	recommends	-0.7470433115959167	recommend	-1.5483628511428833	b'as you suffer above the provision , the plenty of the superior migrant goes your drama and ***mask*** you contain newer and clearer .'
True	0	has	13.326247215270996	have	8.484028816223145	b'this type of harness goes around the dog s chest and legs and ***mask*** a clip for the leash up on the back of the dog in middle of shoulder blades .'
True	0	visit	7.7994537353515625	visits	4.333209991455078	b'dignitaries condemn the act but ***mask*** her bereaved family and the money flows .'
False	1	enjoy	-2.1196963787078857	enjoys	-1.666378140449524	b'the academic grandparents we proceed in our channel ***mask*** ; we pose market none for easter , flipping reputation and scam - tonight for chechnya .'
True	2	include	15.045812606811523	includes	10.108687400817871	b'the important commercial species that probably would benefit from warming ***mask*** cod , haddock , saithe , herring , blue whiting and several types of flatfish and crustaceans -- such as the norway lobster .'
True	0	hears	1.1108603477478027	hear	-0.20033034682273865	b'even adjust your prices to begin this indeed to their dividends , and carefully aggressively , so that the route to dine her ***mask*** incorrectly .'
True	0	fails	-0.5874060392379761	fail	-2.1951165199279785	b'a reserve forum anticipated in lanka fifty ***mask*** , " due to its vet astride the warner carnival , assembly has fairly been a whim to the client .'
False	0	enjoys	-2.9625000953674316	enjoy	-2.724108934402466	b'the automatic traveler i threw eventually from them in the first consumption ***mask*** because my fortunate crime who appreciated with them was looking out on his ambitious .'
True	0	comes	6.671858310699463	come	6.093394756317139	b'can you interfere that the spring we are joking ***mask*** toward a same and reasonable medicine ?'
True	0	ensure	3.259547472000122	ensures	0.078919917345047	b'they exponentially indicate if you carry bull in your panic , ( for lions like me ) , they laugh an extent of the field and ***mask*** similar affairs to bless .'
True	0	continue	6.7975897789001465	continues	-0.271870493888855	b'i hear we possibly pick the milk and ***mask*** to lebanon .'
False	0	tends	-3.0314080715179443	tend	-1.2181555032730103	b'i remain the salsa you preceded to me ***mask*** to the belgium pew at europe ( ran in nicobar ) .'
True	0	operates	-0.6349942088127136	operate	-2.5109403133392334	b'the unaware site to click for mobile ***mask*** to withdraw six , or your cousin magazine warranty snack , and owe .'
True	0	includes	1.6908142566680908	include	0.7706630825996399	b'my dad with establishing the protein surely ***mask*** , could it be approved that publicly everyone lacked the tug would or could exceed at any permission , since we roughly drafted philip and tamils and if they felt they might have needed a meticulous directive ??'
True	1	develop	2.950176954269409	develops	-1.9274976253509521	b'but unacceptable demons do compel the route they propose he will grow , and the agreements who provide him ***mask*** to obtain the appropriations who exist him .'
False	0	produces	-2.1075363159179688	produce	-1.935971975326538	b'i consider the dominance you replied to me ***mask*** to the kennedy coogan at april ( tried in kim ) .'
True	1	reflect	0.5335613489151001	reflects	-3.3243322372436523	b'but attentive hosts do harass the fan they manage he will recreate , and the implications who wash him ***mask*** to emit the establishments who expect him .'
True	1	agrees	7.341767311096191	agree	4.370700836181641	b'the inappropriate romantic diversion that he submits ***mask*** that he honestly demonstrates his fundamentalists and gently follows necessary with his visible correction .'
True	0	beg	-1.4002554416656494	begs	-4.243339538574219	b'find me retake if you develop any publications or ***mask*** anything optimistic .'
True	0	relates	1.685604453086853	relate	-3.3919730186462402	b'the first pig you carry whenever you eat on possibility exists that the scrap photographer downhill lasts out the punishment and ***mask*** into the sensitivity shame .'
True	1	appear	-0.6673697233200073	appears	-2.41658091545105	b'antique spurs that greatly would testify ***mask*** contents , chairman , portugal profile and some liberties of cartoons .'
True	0	observes	6.638444900512695	observe	4.576297283172607	b"the rebel to hire in sensitivity ***mask*** that many afraid strategies and seas and respective retired birds are basic to pour badly partly brave to the ukraine in israel than al - berlin utensils , and it would be neat to fill one 's affairs off the gentle convenience ."
True	0	need	13.619847297668457	needs	9.59121322631836	b'please let me know if you have any questions or ***mask*** anything else .'
True	0	enter	3.838704824447632	enters	-1.7291285991668701	b'they indefinitely operate if you hear master in your time , ( for hijackers like me ) , they lose an environment of the consistency and ***mask*** narrow earthworms to prepare .'
True	0	compares	-0.2348356395959854	compare	-0.6101633310317993	b'an external origin authorized in sixteen ***mask*** there assume seven " kilometres " in the ana arabs , but impeccable countries are possibly lighter than this .'
True	0	manage	5.342050075531006	manages	0.26189523935317993	b'ladies initially : jeremy two through electoral three ( expanding you manage on the purpose we listen and ***mask*** rarely to thread the cat after we listen )'
True	0	explains	3.490701913833618	explain	1.829789161682129	b'the recent wording i tried this jar ***mask*** to evacuate anyone telling this if they proceed of some stylist i can postpone seem a decor to this document report .'
True	0	includes	1.8865100145339966	include	0.4694496691226959	b'the asymmetrical wager i blew indeed from them in the first bench ***mask*** because my dumb friendship who ordered with them was suggesting out on his electrostatic .'
True	0	seeks	2.338325262069702	seek	-1.0963678359985352	b'as you laugh above the compliance , the theater of the latter source develops your section and ***mask*** you reassure taller and clearer .'
True	0	begs	-1.0421499013900757	beg	-1.2681792974472046	b'i seem the manner you called to me ***mask*** to the croatia grill at amsterdam ( said in teresa ) .'
True	0	refers	6.622340679168701	refer	2.599353551864624	b'can you approve that the rivalry we are joining ***mask*** toward a suspicious and privileged disaster ?'
True	1	intend	-2.6735289096832275	intends	-2.8443429470062256	b'i recognize the dollars on which i should revise your band ***mask*** : ( a ) do you communicate a valid predator about the lifeboat to constant mystery cats strengthened by antichrist autumn ?'
True	0	begins	2.0126335620880127	begin	0.39453479647636414	b'come for a team of women in their guerilla that generates from the cabinet and ***mask*** mostly to the cave fo the propane .'
False	0	belong	-4.299069404602051	belongs	-4.179596424102783	b'judges laugh the imprisonment but ***mask*** her monthly wire and the neighborhood relates .'
False	0	understands	2.3220691680908203	understand	4.014119625091553	b"the wing to concur in reduction ***mask*** that retired antique courses and rockies and preventive full deer are tragic to describe soon historically hospitable to the ontario in ontario than al - sharon alternatives , and it would be fashioned to collect one 's utilities off the senior feedback ."
True	0	remember	2.015428066253662	remembers	-3.122227668762207	b'you apply the toy and ***mask*** fighter hair into the blackmail .'
True	0	dies	3.499937057495117	die	-0.7184693813323975	b'this conviction of homosexuality melts around the team s neighbor and militants and ***mask*** a director for the jerk importantly on the beard of the lunch in weapon of law thieves .'
True	1	includes	7.164541244506836	include	4.865908622741699	b'the unable forthcoming hospitality that he deserves ***mask*** that he strongly sees his prisoners and necessarily writes diplomatic with his northeastern wasp .'
True	0	require	4.856174945831299	requires	2.5806307792663574	b'learn me miss if you carry any whereabouts or ***mask*** anything unbelievable .'
True	0	delivers	2.5829241275787354	deliver	1.5124086141586304	b'can you enable that the contribution we are checking ***mask*** toward a generic and controversial cage ?'
True	0	hears	0.023668915033340454	hear	-0.9844019412994385	b'an unknown alert aggravated in nine ***mask*** there oppose three " genitals " in the andre ages , but unpopular standards are roughly happier than this .'
True	0	want	2.8788950443267822	wants	-2.522505760192871	b"terms who require these actions ***mask*** at the effort amazingly ; and it 's ridiculous to concur they are absolute and sunny to withdraw no if they deny there would fix a therapist ."
True	0	see	10.53116226196289	sees	3.902538537979126	b'if you meet any records or ***mask*** any army incomplete always , please hang rahman hell at three or palestine niagara at six .'
True	0	refer	-0.36809295415878296	refers	-1.7363063097000122	b'prices prefer the opinion but ***mask*** her primary tract and the clothing begins .'
False	0	observes	-3.5527212619781494	observe	-1.2453097105026245	b'my yoga with answering the throat technically ***mask*** , could it be understood that properly everyone belonged the parent would or could establish at any swing , since we correctly warned courtney and californians and if they killed they might have saved a cruel violence ??'
skipping is/are
True	1	explain	-0.5336402058601379	explains	-2.8664309978485107	b'asian traditions that hopefully would wrap ***mask*** trees , reconciliation , saddam waitress and some reservations of measures .'
False	0	throws	-0.866758406162262	throw	2.2069783210754395	b'i remain the kid you tested to me ***mask*** to the colin coalition at okinawa ( guaranteed in loretta ) .'
True	0	adds	-1.092755675315857	add	-3.914557933807373	b'the electronic convenience i chose apparently from them in the first station ***mask*** because my functional connection who indicated with them was telling out on his undecided .'
True	0	provide	2.6523680686950684	provides	1.9332566261291504	b'i spend this acceptable wagon and ***mask*** to prepare this regional energy .'
True	0	recommend	1.3161280155181885	recommends	0.6420832276344299	b'i serve we somewhat sell the fan and ***mask*** to kline .'
True	0	indicates	2.106673240661621	indicate	1.426977515220642	b'because of the virus that his solar photography with delivery oglethorpe had happened him , he missed producers yellow as : " you can communicate a spore and a bravery , eight menu you ca n\'t prepare ***mask*** why you \'re limp unfortunately " and stayed currents to the " taiwan canal " jail containing that " repeatedly he phoned perfect foreigners to collect warmly militant as a philosophy " .'
True	0	remains	-1.2590501308441162	remain	-3.40767240524292	b'i proceed the towing you threw to me ***mask*** to the don rice at ayatollah ( folded in milan ) .'
True	0	indicates	7.748589038848877	indicate	5.304274082183838	b'the unexpected radical notification i have proposed ***mask*** that in the collateral of orr eighteen locker of the majority is immediately protected in the pasture the merger before the skill , this shame tasted after the biochemical device .'
True	0	relate	0.38214778900146484	relates	-3.5733439922332764	b"programs who seem these adults ***mask*** at the ideology entirely ; and it 's defensive to put they are unconnected and dead to grab no if they die there would commit a phenomenon ."
False	0	loses	1.358650803565979	lose	2.519442319869995	b'i decide the notch you began to me ***mask*** to the tiffany mcdonald at atlanta ( maintained in superfund ) .'
False	0	decides	1.9676095247268677	decide	3.277181625366211	b'if you die a source who will represent to you and reflect he will expand and then migrate his determination , and not regret what he is hoping about whenever he depends reasons at eastern temperatures and ***mask*** they indicate what you throw , why they will not defend for you , come to this tension ... he is the affair for you .'
True	0	delivers	-1.867496132850647	deliver	-4.198413372039795	b'well , unless inevitably thus the third lease he deleted in the chapter ***mask*** out .'
True	0	generate	9.765800476074219	generates	3.796355724334717	b'if you manage any dilemmas or ***mask*** any energy occasionally overly , please continue kaufman jan at seven or lake rolling at fifteen .'
True	0	points	10.73929500579834	point	5.091960906982422	b'can you accept that the road we are travelling ***mask*** toward a grim and painful future ?'
False	1	adds	-0.07296440750360489	add	0.5048765540122986	b'the joint lot cases recommend there ***mask*** raid to the craft .'
True	0	includes	3.2752344608306885	include	2.630086898803711	b'the hysterical democracy i started this counsel ***mask*** to identify anyone seeking this if they provide of some preparation i can prove strengthen a recovery to this brass period .'
skipping is/are
True	0	demonstrate	0.06344705075025558	demonstrates	-3.6098315715789795	b'commissioners decide the advertising but ***mask*** her delicate driver and the surplus supports .'
True	0	refuse	5.177061080932617	refuses	1.3813388347625732	b'wolves see the exclusion but ***mask*** her geographical space and the death receives .'
True	1	assume	0.4419027268886566	assumes	-2.3144371509552	b'the electoral parties we tolerate in our label ***mask*** ; we manage percentage tutorial for easter , climate chili and warning - rein for christianity .'
True	0	write	5.496730327606201	writes	3.5610930919647217	b'wait me grow if you learn any targets or ***mask*** anything unconnected .'
True	0	lose	2.118457555770874	loses	-2.06994891166687	b'i come we rapidly begin the tin and ***mask*** to southwest .'
True	0	require	16.75315284729004	requires	9.825613975524902	b'if you have any questions or ***mask*** any assistance at all , please contact hope duncan at 202.739.0134 or jeff mangold at 703.729.2710 .'
False	0	observes	-4.334595680236816	observe	-2.794076919555664	b'the aware coast i requested onboard from them in the first center ***mask*** because my glad midst who enjoyed with them was seeking out on his unfortunate .'
True	0	carry	5.06977653503418	carries	1.2910873889923096	b'please put me communicate if you lose any headlines or ***mask*** anything unacceptable .'
True	0	believe	3.3882272243499756	believes	-1.2202527523040771	b"prices who pale these astronauts ***mask*** at the enjoyment anymore ; and it 's hectic to commit they are environmental and bored to foresee no if they begin there would deliver a vegetable ."
True	2	expect	-3.658520221710205	expects	-5.359769821166992	b'the extraordinary false provinces that secretly would cancel from scrap ***mask*** protein , bunch , lifeboat , lease , visible sensitivity and terrible bottles of relatives and sales -- sensitive as the capricorn background .'
True	1	apply	-2.0358340740203857	applies	-5.475297927856445	b'additional leaders that thereafter would translate ***mask*** things , property , jared combo and some lions of guidelines .'
False	0	ensures	-2.9932258129119873	ensure	-2.1910159587860107	b'the interested popularity to reconsider for lax ***mask*** to retrieve six , or your professor difference criticism competition , and adjust .'
True	0	carry	2.3119707107543945	carries	-2.9275145530700684	b'you exist the chairman and ***mask*** disease fan into the sovereignty .'
True	1	intend	0.24054110050201416	intends	-1.5962858200073242	b'additional parties that frankly would conclude ***mask*** donations , custody , japan ticket and some provisions of toes .'
True	0	makes	19.717041015625	make	13.39600658416748	b'as you sit above the world , the warmth of the golden sun penetrates your body and ***mask*** you feel warmer and warmer .'
True	0	seek	3.2693610191345215	seeks	-1.7876536846160889	b'you operate the campaign and ***mask*** counsel grandson into the facility .'
True	0	loses	3.138465404510498	lose	-0.7474638223648071	b'it refuses the council for man expectation and ***mask*** , \xe2\x80\x9c we are filmed that the lake should not enable with massive - character companies who provide to commit and revise regardless and indoors in the responsibilities , bottles , and chicks of satisfied creation . \xe2\x80\x9d'
False	0	learns	-3.9085521697998047	learn	-1.957667350769043	b'an underage atrophy equipped in billion ***mask*** there intend seven " complexes " in the eurasia indians , but infinite tires are nowadays cheaper than this .'
True	0	observe	2.5705151557922363	observes	-4.634028434753418	b'they obviously anticipate if you make boy in your facility , ( for bottles like me ) , they realize an ownership of the participant and ***mask*** certified agencies to prove .'
False	0	belong	-3.3172404766082764	belongs	-2.417649984359741	b'rules listen the artwork but ***mask*** her promotional perception and the queen produces .'
True	1	intends	0.16350314021110535	intend	-4.512850284576416	b'the unsure strategic story that he tells ***mask*** that he virtually contains his bucks and currently continues necessary with his dire pleasure .'
True	0	suggest	1.1213103532791138	suggests	-3.4250001907348633	b'reports eventually : limerick fifteen through ismail nine ( emerging you listen on the coat we decide and ***mask*** sufficiently to feedback the setback after we hear )'
True	0	spend	2.3097786903381348	spends	0.4519691467285156	b'cats provide the ownership but ***mask*** her huge manufacturer and the pup cares .'
True	0	requires	6.854055404663086	require	3.7707862854003906	b'this wire of capability reflects around the commodity s trend and bombers and ***mask*** a memo for the sect eventually on the receiver of the diversion in payment of photo duties .'
True	0	allows	0.10071655362844467	allow	-0.5770485997200012	b'my landing with increasing the crab traditionally ***mask*** , could it be understood that shortly everyone replaced the proportion would or could achieve at any mile , since we relatively felt messenger and fridays and if they planned they might have diagnosed a spiritual mode ??'
False	0	insists	2.0766098499298096	insist	2.0870554447174072	b'the homemade counsel i listened this beard ***mask*** to execute anyone filling this if they throw of some letter i can vomit propose a heart to this patience cage .'
True	0	begin	5.261191368103027	begins	0.5493115782737732	b'i continue we pursuant meet the cave and ***mask*** to lucy .'
False	0	applies	-2.3399102687835693	apply	-1.7674928903579712	b'the immediate strong parent i have lived ***mask*** that in the cafe of alito eighteen teeth of the health is abundantly monitored in the warlord the consumer before the medal , this showroom grabbed after the cute reconciliation .'
skipping is/are
skipping is/are
False	0	understands	-2.7792789936065674	understand	-0.397408664226532	b'the first fence you laugh why you admit on coup ***mask*** that the trial life really happens out the kitchen and hates into the floor beard .'
True	0	intends	2.228466272354126	intend	-1.9001542329788208	b'usually , the insecure invoice taken for infantry ***mask*** whether our index ( the incredible invention and somehow the arrangement they see to protect ) is or objects not an identical whim under the healthcare .'
True	0	happens	4.29922342300415	happen	2.5940511226654053	b'turn for a musician of stories in their concert that belongs from the locker and ***mask*** successfully to the punishment fo the jury .'
True	0	pay	6.101260185241699	pays	-0.4255552887916565	b'ladies exactly : columbia six through abramoff five ( attempting you propose on the tea we decide and ***mask*** politely to speaker the wolf after we propose )'
True	0	go	15.917195320129395	goes	10.26218032836914	b'days away : sept. 21 through oct. 3 ( assuming you work on the day we leave and ***mask*** back to work the day after we return )'
False	0	understands	4.417270183563232	understand	5.0359063148498535	b'the uncut sweet waiter i have placed ***mask*** that in the lottery of amsterdam eight trip of the language is afterward taken in the scrutiny the child before the grid , this sea published after the tall salsa .'
True	0	continue	0.3072047531604767	continues	-2.506782054901123	b'click me wear if you suck any shelves or ***mask*** anything aortic .'
False	0	adds	0.8046727776527405	add	2.454983711242676	b'the smallest studio you can carry in omar ***mask*** to burn to a suggestion .'
False	0	sees	-0.23758018016815186	see	1.7570184469223022	b'it seems the tourist for quo identity and ***mask*** , \xe2\x80\x9c we are projected that the terry should not oppose with legislative - payout sanctions who remember to remain and communicate shortly and automatically in the tensions , temples , and messages of necessary cousin . \xe2\x80\x9d'
False	0	learns	2.2158026695251465	learn	3.150740146636963	b'bring for a heaven of weapons in their virus that reads from the master and ***mask*** smoothly to the task fo the marketing .'
True	0	throws	3.698333978652954	throw	-0.9058287739753723	b'as you seem above the ton , the perfume of the critical protein provides your pattern and ***mask*** you reassure newer and taller .'
True	1	spend	7.816546440124512	spends	-0.006293773651123047	b"whie i do n't solve to the commission that the stars we choose or receive to ***mask*** no aircraft on our death ( which i want is promptly generic ) , it does generate me whenever projects carry out a relaxed spa of crimes to see the pork on ."
True	0	receive	-0.8168051838874817	receives	-6.367506504058838	b'i propose this astounding rail and ***mask*** to pursue this naive office .'
True	0	exists	3.769656181335449	exist	2.5371551513671875	b'the first proportion you collaborate whenever you exist on darkness ***mask*** that the junk tractor respectively pays out the hybrid and suggests into the permission tax .'
True	0	allows	2.376034736633301	allow	-0.5869888663291931	b'my haven with acting the character merely ***mask*** , could it be accepted that cheaply everyone grabbed the labor would or could assist at any picketing , since we regularly listened beijing and metals and if they remembered they might have titled a honest direction ??'
True	0	intends	1.0440291166305542	intend	-1.7803959846496582	b'ever , the immediate absorption created for arthritis ***mask*** whether our ets ( the unknown exposure and dramatically the energy they describe to maintain ) is or understands not an angry reality under the corps .'
True	0	understands	0.46907439827919006	understand	0.2218102067708969	b'the rare reversal i called this sauce ***mask*** to attend anyone doing this if they make of some puppy i can breathe forget a bag to this thanks money .'
True	0	deserves	1.151107668876648	deserve	-1.8056577444076538	b'i deny the brain you developed to me ***mask*** to the janice sancho at ips ( protected in mills ) .'
False	0	explains	-2.110260009765625	explain	1.1855837106704712	b'because of the musician that his timely comparison with ray ei had protected him , he contacted rewards solid as : " you can regret a pewter and a master , eighteen capacity you ca n\'t foresee ***mask*** whenever you \'re crucial indefinitely " and said snakes to the " prophet scotland " tension watching that " basically he belonged dear policies to wrap neatly preventive as a room " .'
True	0	suffers	2.402538776397705	suffer	2.063525915145874	b'the first dioxide you deny why you admit on tip enjoys that the tourism staff hereby crashes out the company and ***mask*** into the heating friendship .'
False	0	meets	-2.8583829402923584	meet	1.8123090267181396	b'well , unless indeed quietly the third position he phoned in the marketing ***mask*** out .'
True	0	create	10.209689140319824	creates	6.255197525024414	b'save me discuss if you tend any conclusions or ***mask*** anything amusing .'
True	0	realise	-1.5655441284179688	realises	-6.134214878082275	b"stars who recognize these attempts ***mask*** at the id incorrectly ; and it 's grand to harass they are educated and naive to reassure no if they come there would spell a direction ."
True	0	put	5.386533737182617	puts	1.927575945854187	b'you add the water and ***mask*** water conditioner into the water .'
True	0	states	15.40468978881836	state	9.508098602294922	b'it presents the case for marriage equality and ***mask*** , \xe2\x80\x9c we are resolved that the state should not interfere with same - gender couples who choose to marry and share fully and equally in the rights , responsibilities , and commitments of civil marriage . \xe2\x80\x9d'
True	0	adds	8.321874618530273	add	4.643517971038818	b"the wolf to continue in time ***mask*** that critical afghan kinds and pakistanis and dissatisfied kurdish gentlemen are romantic to harass badly faithfully tall to the andrew in ashcroft than al - lonely appointees , and it would be gullible to prove one 's ecosystems off the final sea ."
True	0	respond	4.082688331604004	responds	3.483203172683716	b'i refer we perfectly provide the pub and ***mask*** to cst .'
True	0	suggests	13.574187278747559	suggest	9.64574909210205	b'an official estimate issued in 2003 ***mask*** there are 50,000 " foreigners " in the andaman islands , but unofficial figures are much higher than this .'
