True	1	exists	3.328932285308838	exist	1.1026043891906738	b'the organised massive skin that he depends ***mask*** that he thus sends his rights and nowadays tells lazy with his northeastern merchant .'
False	0	ensures	-5.428572654724121	ensure	-4.108975410461426	b'because of the paperwork that his terrible father with dental alan had shared him , he saved wonders continental as : " you can retake a programming and a problem , eighteen song you ca n\'t gather ***mask*** whenever you \'re humble abroad " and discussed nostrils to the " future korea " dish removing that " primarily he said pakistani hands to reassure thus vital as a receipt " .'
True	0	admits	2.8296918869018555	admit	2.478954792022705	b'the first settlement you suggest whenever you extend on rumor ***mask*** that the premium media slowly melts out the culture and dies into the belly fever .'
True	0	spill	3.6339240074157715	spills	0.10459041595458984	b'if you choose any holdings or ***mask*** any electricity ethnically already , please tell sarah gm at six or crawford kevin at nine .'
True	0	decide	4.823197364807129	decides	0.4600414037704468	b'please groom me translate if you prefer any forums or ***mask*** anything obvious .'
True	0	approves	1.4279861450195312	approve	-1.694514274597168	b"the sauce to recruit in pastor ***mask*** that full european complexes and communists and strange jewish species are conventional to hang soon thereby violent to the amsterdam in isi than al - taiwan animals , and it would be numerous to recover one 's alarms off the governmental radar ."
True	0	operates	-0.48211273550987244	operate	-1.472933053970337	b'the first loan you respond why you indicate on frequency ***mask*** that the time remainder finally belongs out the speech and pays into the zoo technology .'
False	1	insist	-1.7275390625	insists	-1.6407017707824707	b'the ecological wines we believe in our night ***mask*** ; we come drawer today for easter , rivalry difficulty and weapon - machine for louisiana .'
True	0	deserve	1.2349523305892944	deserves	-1.2429683208465576	b'please make me verify if you require any dancers or ***mask*** anything underage .'
True	0	tend	4.272004127502441	tends	3.2834665775299072	b'i consider this adequate reputation and ***mask*** to relate this dangerous event .'
True	0	use	12.9962739944458	uses	5.745792865753174	b'they always ask if you have meat in your dish , ( for vegetarians like me ) , they scrub an area of the grill and ***mask*** separate utensils to cook .'
True	0	adds	5.342873573303223	add	4.264083385467529	b'the first reduction you believe why you intend on decor ***mask*** that the commission soil specifically becomes out the virus and leads into the spirit market .'
True	0	adds	-0.2873026132583618	add	-1.8117966651916504	b'the effective communication to thank for romantic ***mask*** to pursue three , or your boy tumor software behavior , and encourage .'
True	1	remain	5.615766525268555	remains	0.7997303009033203	b'but unbelievable malls do describe the quiz they prefer he will replace , and the artists who remain him ***mask*** to investigate the appointments who extend him .'
False	2	explain	-1.3901913166046143	explains	-1.2613886594772339	b'the overcrowded strategic tourists that strictly would meet from meditation ***mask*** misunderstanding , bladder , poisoning , jerk , pure target and lovely rebels of marketers and cleaners -- previous as the doug snack .'
True	0	suggest	9.375578880310059	suggests	3.4306342601776123	b'if you condemn any disasters or ***mask*** any error economically afterward , please specify butcher samuel at fifteen or tet nov at six .'
True	0	tend	8.792878150939941	tends	3.9211771488189697	b'i seem we promptly suck the disaster and ***mask*** to jafar .'
True	0	represent	2.8737733364105225	represents	-0.28278839588165283	b'follow me predict if you put any publications or ***mask*** anything impenetrable .'
False	1	exist	-1.615675926208496	exists	-0.6256730556488037	b'the electrostatic fisheries we develop in our monkey ***mask*** ; we listen perspective wall for easter , planet testimony and supervisor - budget for wii .'
True	1	employ	-0.3697832226753235	employs	-0.6059341430664062	b'i develop the liberals on which i should lace your gender ***mask*** : ( a ) do you pour a painful requirement about the cafeteria to delighted swap shops begun by andaman andre ?'
False	0	enters	-0.8830592632293701	enter	-0.21233762800693512	b'my career with using the fantasy frequently ***mask*** , could it be eaten that perfectly everyone bought the swap would or could eat at any justice , since we happily prevented veterinary and wars and if they gave they might have grown a scientific blackmail ??'
True	0	represent	-0.02834099531173706	represents	-6.361299514770508	b'i deny this expensive customer and ***mask*** to remember this costly atrophy .'
False	0	understands	3.424814224243164	understand	3.7637996673583984	b'instead , the effective extent killed for editor ***mask*** whether our usb ( the unaware obligation and nearly the exclusion they pose to compel ) is or involves not an obvious curve under the purse .'
True	0	tells	2.459273099899292	tell	-3.818760871887207	b'the first goodness you laugh whenever you agree on testimony appears that the discovery king presently cares out the filter and ***mask*** into the salsa competition .'
True	2	enjoy	-1.1456515789031982	enjoys	-3.724703311920166	b'the overwhelming short properties that primarily would dial from lottery ***mask*** termination , divorce , term , wagon , militant salt and downstream martyrs of methods and wounds -- soothing as the karl separation .'
True	0	dies	4.182624816894531	die	0.7903553247451782	b'as you sell above the rape , the temper of the complicated stone feels your nature and ***mask*** you grow lighter and newer .'
True	0	makes	1.8621065616607666	make	0.6610412001609802	b'put for a button of centuries in their reviewer that pays from the defence and ***mask*** historically to the bluff fo the reaction .'
True	1	carry	2.1353836059570312	carries	-3.389381170272827	b'but automatic millions do cancel the tutorial they dislike he will wash , and the explosives who provide him ***mask*** to argue the edges who insist him .'
False	0	expect	1.016556739807129	expects	2.055450677871704	b'they especially include if you die reaction in your separation , ( for transfers like me ) , they believe an investment of the teacher and ***mask*** barren officials to receive .'
True	1	assumes	10.116164207458496	assume	5.899847030639648	b'the insecure weird shelter that he suggests ***mask*** that he possibly depends his participants and vigorously blames relevant with his funny process .'
True	1	approves	0.2049024999141693	approve	-2.5717129707336426	b'the enjoyable huge wing that he melts ***mask*** that he generally loves his hearings and properly relates conscious with his similar difficulty .'
True	1	begin	0.10760709643363953	begins	-4.343418121337891	b"whie i do n't consider to the discussion that the cabins we wash or meet to ***mask*** no user on our corps ( which i deserve is wholly conservative ) , it does mention me why ranchers die out a prior homeland of things to hear the vulnerability on ."
True	1	include	14.42557144165039	includes	9.382661819458008	b'important species that probably would decline ***mask*** shrimp , capelin , greenland halibut and some varieties of flatfish .'
True	0	represents	-2.1539745330810547	represent	-5.202016353607178	b'well , unless abruptly harshly the third siege he paid in the mosque ***mask*** out .'
True	0	tend	0.7810261249542236	tends	-3.3917605876922607	b'if you laugh any flowers or ***mask*** any omnibus incredibly entirely , please breathe fred gerald at twenty or coogan medici at thirty .'
True	0	look	21.050983428955078	looks	13.058369636535645	b"workers who do these introductions ***mask*** at the interaction objectively ; and it 's good to see they are able and willing to say no if they feel there would be a problem ."
True	2	agree	-2.412703275680542	agrees	-3.2241551876068115	b'the usual noble peoples that freely would reduce from role ***mask*** dispute , tin , portion , studio , mass bravery and cultural ladies of years and forums -- fundamentalist as the francis pillow .'
True	0	belongs	11.73823356628418	belong	7.280550479888916	b'i believe the message you forwarded to me ***mask*** to the mark taylor at ei ( based in london ) .'
True	1	allows	0.1979009509086609	allow	-0.011453799903392792	b'the potable mistake properties believe there ***mask*** flee to the surgery .'
True	1	define	-1.8533116579055786	defines	-5.0345964431762695	b'but insecure symptoms do rush the humanity they suck he will serve , and the extremists who lose him ***mask*** to amend the ants who include him .'
True	1	ensure	0.7130833864212036	ensures	-0.8627007603645325	b'the ordinary wars we require in our tuna ***mask*** ; we suggest traveler dryer for easter , climate channel and propane - millet for stark .'
skipping is/are
True	1	want	9.988798141479492	wants	3.5250720977783203	b'but inner declarations do customize the leaf they seem he will harass , and the immigrants who lose him ***mask*** to eat the injuries who enjoy him .'
True	0	deserves	0.4287380576133728	deserve	-0.6724265813827515	b'a bill cult accepted in scott three ***mask*** , " due to its ticket astride the christmas cambodia , iss has now been a trauma to the suicide .'
False	2	affirm	-2.285491466522217	affirms	-2.285491466522217	b'the affluent strong wishes that desperately would sell from movie ***mask*** feedback , territory , size , lifestyle , crazy highway and heavy rounds of laws and politics -- fatal as the youngstown belief .'
False	1	admits	0.1351117640733719	admit	0.4828789234161377	b'the capable treatment contractors recommend there ***mask*** ruin to the coordinator .'
True	0	go	15.225855827331543	goes	9.772643089294434	b'i say we just keep the dough and ***mask*** to mexico .'
True	1	begin	10.454678535461426	begins	5.8559393882751465	b'but incorrect cm do come the flower they refuse he will believe , and the effects who respond him ***mask*** to emit the opportunities who operate him .'
True	0	throws	-0.49506697058677673	throw	-2.6271915435791016	b'otherwise ensure your peoples to burn this aggressively to their homes , and deeply unfortunately , so that the globe to deny her ***mask*** appropriately .'
True	0	serve	3.2995524406433105	serves	1.9036439657211304	b'i refuse this adequate clinic and ***mask*** to vary this superb income .'
True	0	meets	2.814525604248047	meet	0.3524097502231598	b'it believes the bird for server exchange and ***mask*** , \xe2\x80\x9c we are reimbursed that the whipple should not examine with grand - product ships who meet to reduce and cancel personally and altogether in the slaves , nails , and curtains of personal compliance . \xe2\x80\x9d'
True	0	develops	0.5246924161911011	develop	-0.8717617988586426	b'well , unless initially legally the third guitar he considered in the source ***mask*** out .'
False	0	enters	-3.7520127296447754	enter	-2.862122058868408	b'the critical testimony i planned this chocolate ***mask*** to add anyone failing this if they represent of some comfort i can monitor suggest a curtain to this today cage .'
False	0	deserves	0.8699105381965637	deserve	2.7124104499816895	b'if you propose a country who will propose to you and see he will absorb and then convince his meditation , and not tell what he is sending about why he supports conclusions at extensive sandwiches and ***mask*** they arrive what you pick , why they will not hire for you , transmit to this rivalry ... he is the affection for you .'
False	1	indicate	-2.814517021179199	indicates	-2.2044007778167725	b'the influential drugs we continue in our swing ***mask*** ; we pick delivery harmony for easter , virus phrase and settlement - coal for yellowstone .'
True	1	extends	-0.794063925743103	extend	-1.0153204202651978	b'the lovely tournament cows deny there ***mask*** circulate to the thread .'
False	0	observes	-4.0709991455078125	observe	-2.163846969604492	b'the youngest loan you can seem in ivan ***mask*** to develop to a drying .'
True	0	allows	2.412496328353882	allow	-0.952704906463623	b'almost , the embarrassing earthquake requested for oil ***mask*** whether our aa ( the absurd image and precisely the acupuncture they decide to recruit ) is or involves not an innovative tube under the fare .'
True	0	compares	0.41314926743507385	compare	-2.6874654293060303	b'the first television you require whenever you exist on guest explains that the city minister solely writes out the duty and ***mask*** into the month knee .'
True	0	grows	8.764934539794922	grow	4.834939002990723	b'the first dinner you pay whenever you allow on pig involves that the compliance field financially sees out the language and ***mask*** into the consensus ton .'
True	0	operates	-3.045393705368042	operate	-3.779681444168091	b'because of the phone that his potable flower with naval amelia had meant him , he reported properties pleasant as : " you can print a language and a tabs , eighteen stream you ca n\'t raise ***mask*** why you \'re beautiful utterly " and threw restrictions to the " kerry warren " cup ranging that " totally he handled judicial tensions to reflect reportedly dangerous as a terror " .'
True	2	include	-0.6798341870307922	includes	-1.3063476085662842	b'the arrogant difficult weekends that successfully would maintain from star ***mask*** soul , season , plot , path , narrow corner and nuclear minds of scientists and surgeons -- faithful as the starbucks crate .'
True	0	refuses	-4.0089874267578125	refuse	-4.150216102600098	b'well , unless indoors strongly the third paper he passed in the campus ***mask*** out .'
True	0	extends	-3.0767054557800293	extend	-5.570060729980469	b"the tide to compete in participant ***mask*** that dwarf armed sports and professors and tricky syrian worries are distinguished to migrate soon seldom joint to the agra in ireland than al - laura allegations , and it would be neat to foresee one 's options off the tolerable disappointment ."
False	1	enjoys	-4.649987697601318	enjoy	-3.623382806777954	b'the maximum dirt pairs become there ***mask*** translate to the theatre .'
True	0	generate	-2.6620075702667236	generates	-3.796180486679077	b"stars who put these animals ***mask*** at the ad immensely ; and it 's soothing to raise they are executive and handy to wrap no if they learn there would hesitate a steam ."
True	0	assumes	-0.32960936427116394	assume	-0.44048792123794556	b"the daughter to generate in housing ***mask*** that dwarf european guns and travels and bound final transactions are vital to convince soon however nuclear to the emma in ahmed than al - chevron openings , and it would be generous to carry one 's atrocities off the manned console ."
True	0	make	7.039100170135498	makes	6.0031328201293945	b'mechanics pose the investment but ***mask*** her glaring predator and the moon demonstrates .'
False	0	learns	3.230304002761841	learn	3.3724217414855957	b'it leads the nephew for forum upgrade and ***mask*** , \xe2\x80\x9c we are contacted that the denton should not invite with foreign - security performers who provide to listen and bother still and altogether in the starters , stars , and casualties of knowledgeable slice . \xe2\x80\x9d'
True	0	hear	7.745700836181641	hears	0.8837826251983643	b'please destroy me grab if you pay any seconds or ***mask*** anything aggressive .'
False	1	affirms	0.18594765663146973	affirm	0.18594765663146973	b'the healthy trip masks realize there ***mask*** lose to the freighter .'
True	0	spends	3.1080703735351562	spend	-0.6204826235771179	b'about expect your wheels to burn this incredibly to their managers , and separately apart , so that the crate to harass her ***mask*** approximately .'
False	0	exists	-0.04924764484167099	exist	0.6793073415756226	b'because of the tank that his secondary pewter with nyc abby had checked him , he testified hosts blind as : " you can communicate a nausea and a plate , eight pasture you ca n\'t spend ***mask*** why you \'re certain exceptionally " and saved missions to the " sam ds " misfortune circling that " slowly he slept nepalese nails to define shortly vain as a dryer " .'
True	0	relate	3.509638547897339	relates	-1.1378768682479858	b'you affirm the distinction and ***mask*** platform trauma into the letter .'
True	0	dies	5.854833602905273	die	2.889238119125366	b'well , unless overwhelmingly precisely the third territory he seized in the commission ***mask*** out .'
True	0	exists	2.4146523475646973	exist	0.5977192521095276	b'the healthy personality i provided this rock ***mask*** to add anyone leading this if they believe of some teacher i can prove bless a visitor to this shuttle deal .'
True	0	come	5.084982872009277	comes	3.2076151371002197	b'i deserve this arrogant shine and ***mask*** to throw this rude id .'
True	0	represents	5.2153000831604	represent	1.7129087448120117	b'can you interfere that the scholarship we are joking ***mask*** toward a tired and messy drama ?'
True	0	demonstrate	1.7135981321334839	demonstrates	-0.5527151823043823	b'you indicate the dryer and ***mask*** nightlife context into the meantime .'
True	1	appear	-0.6664515733718872	appears	-2.4928271770477295	b'average prisoners that potentially would solve ***mask*** ft , creativity , washington partnership and some periods of customers .'
False	0	generates	-4.862318992614746	generate	-4.849768161773682	b'a jen window allowed in cole twenty ***mask*** , " due to its breath astride the gerald finland , abdul has freely been a flower to the suicide .'
False	0	begins	-0.7610133290290833	begin	0.5249053239822388	b'if you prefer a star who will remove to you and sail he will adjust and then raise his fire , and not vary what he is jumping about whenever he gives neighbors at authentic babies and ***mask*** they extend what you put , whenever they will not join for you , transmit to this path ... he is the article for you .'
False	0	employs	-4.202395915985107	employ	-3.0328750610351562	b'the unfortunate tabs i carried adequately from them in the first direction ***mask*** because my national vulnerability who answered with them was joking out on his accurate .'
False	0	delivers	-1.6874521970748901	deliver	-0.3252352476119995	b'if you suck a woman who will bother to you and predict he will eat and then bless his tariff , and not squeeze what he is growing about why he relates creatures at identical lyrics and ***mask*** they apply what you consider , why they will not sail for you , tell to this prostitute ... he is the advancement for you .'
True	0	refuse	2.341486692428589	refuses	1.8304001092910767	b'copies throw the aircraft but ***mask*** her complicated drying and the path belongs .'
False	0	ensures	-4.496641159057617	ensure	-1.8039538860321045	b'because of the spreadsheet that his hostile tomorrow with janet alaska had tended him , he waited cm necessary as : " you can foresee a hour and a thermometer , eighteen requirement you ca n\'t come ***mask*** why you \'re visual effectively " and belonged courses to the " baudelaire brazil " team preventing that " potentially he refused few policies to settle just western as a foster " .'
True	0	admits	-4.078028678894043	admit	-5.261627197265625	b'absolutely , the outer assault guaranteed for episode ***mask*** whether our er ( the impeccable amendment and perfectly the officer they decide to meet ) is or affects not an ethnic joke under the steel .'
True	1	expect	-0.3997286558151245	expects	-3.787053108215332	b'excellent minerals that frequently would pursue ***mask*** strategies , sky , kenneth season and some patients of beliefs .'
False	0	says	14.475181579589844	say	15.164026260375977	b'if you want a doctor who will lie to you and say he will operate and then change his mind , and not know what he is talking about when he recommends procedures at other hospitals and ***mask*** they are what you need , when they will not work for you , go to this doctor ... he is the one for you .'
False	0	enters	-3.4265308380126953	enter	-1.799184799194336	b'because of the traveler that his conservative lunch with tx england had dominated him , he began times massive as : " you can reflect a soup and a propane , eighteen shrapnel you ca n\'t verify ***mask*** why you \'re toxic increasingly " and testified beliefs to the " lewis texas " waist pulling that " largely he booked rude plants to concur rapidly sensitive as a growth " .'
True	0	loses	2.8600056171417236	lose	-0.047484785318374634	b'get for a grandson of supporters in their lens that wakes from the deadline and ***mask*** whatsoever to the store fo the conviction .'
True	0	respond	2.0500094890594482	responds	-2.724558115005493	b"terms who meet these allegations ***mask*** at the alliance apparently ; and it 's grand to reconsider they are ominous and tropical to tighten no if they deserve there would relate a glass ."
False	0	sucks	0.3123202919960022	suck	0.5992844104766846	b'well , unless equally probably the third rape he caused in the stuff ***mask*** out .'
True	0	receive	6.992441654205322	receives	3.7866733074188232	b'please submit me censor if you consider any reviewers or ***mask*** anything obsessed .'
True	0	suggests	2.168259620666504	suggest	0.5098031759262085	b'an essential information employed in fifty ***mask*** there agree three " practices " in the eye indians , but unnamed cartoons are shortly newer than this .'
True	1	suggest	4.166089057922363	suggests	0.22761772572994232	b"whie i do n't compete to the popularity that the losses we make or realize to ***mask*** no accident on our seed ( which i sell is financially covert ) , it does raise me why sanctions prefer out a dramatic humanity of ports to rush the junk on ."
False	0	tends	-1.3108046054840088	tend	-0.8433085083961487	b'a nixon width estimated in sunday billion ***mask*** , " due to its discretion astride the philip larry , oglethorpe has slowly been a resolution to the cpi .'
True	0	operates	1.6785286664962769	operate	0.33983227610588074	b'additionally , the urban interceptor cleaned for aunt ***mask*** whether our advice ( the electrostatic oil and fully the instability they provide to participate ) is or objects not an odd honesty under the responsibility .'
skipping is/are
True	0	includes	2.197035312652588	include	1.6032682657241821	b'the richest fee you can dial in agra ***mask*** to migrate to a selection .'
True	0	hear	-0.09604794532060623	hears	-2.241816997528076	b'i pay this overwhelming sensitivity and ***mask*** to become this tactical injustice .'
True	1	ensures	-2.154719829559326	ensure	-2.826561450958252	b'the confidential success headlines consider there ***mask*** disappear to the wall .'
True	0	enjoys	-0.3470149338245392	enjoy	-2.569338083267212	b'the stressful landlord i hired this master ***mask*** to oppose anyone hoping this if they laugh of some cooperation i can fill satisfy a chairman to this support performance .'
True	0	happen	0.4184536337852478	happens	-0.4209132194519043	b'feel me vanish if you proceed any clergy or ***mask*** anything acrylic .'
True	0	happen	4.414819240570068	happens	2.532442092895508	b'i put we completely learn the gang and ***mask*** to stephen .'
True	0	enjoy	7.650607109069824	enjoys	0.8526712656021118	b'they eventually operate if you want tea in your pact , ( for developments like me ) , they refuse an upheaval of the hobby and ***mask*** thorough appropriations to tend .'
False	0	learns	-2.5000970363616943	learn	0.11879266798496246	b'i tell the courtesy you spoke to me ***mask*** to the mart connecticut at earl ( suggested in san ) .'
skipping is/are
True	0	indicates	7.714673042297363	indicate	4.397078990936279	b'otherwise , the inevitable explanation promised for exam ***mask*** whether our account ( the alchemical apartment and typically the incident they thank to warrant ) is or intends not an authentic lawyer under the title .'
True	0	refuses	1.21608304977417	refuse	-2.9357481002807617	b'this lunch of photograph feels around the crew s blog and sheep and ***mask*** a diplomat for the cent again on the cake of the reintroduction in documentation of society politics .'
False	0	belongs	-4.822999000549316	belong	-4.585082530975342	b'a taj possibility occurred in portland trillion ***mask*** , " due to its jihad astride the louisiana hamilton , australia has downhill been a conspiracy to the para .'
True	0	compares	-1.319419503211975	compare	-1.7964756488800049	b'an endless infrastructure increased in three ***mask*** there assume four " transfers " in the ali indians , but useless blocks are jointly safer than this .'
True	0	belong	-4.072811603546143	belongs	-6.924604892730713	b'you operate the centre and ***mask*** memo fire into the car .'
False	0	expects	1.3742680549621582	expect	2.023501396179199	b"the crowd to discuss in snow ***mask*** that parisian antique disasters and professors and soothing medieval sons are huge to reassure soon possibly shocked to the antichrist in argentina than al - chief atrocities , and it would be digital to tell one 's analysts off the permanent directive ."
False	1	affirm	0.7017910480499268	affirms	0.7017910480499268	b'i see the sons on which i should receive your revolution ***mask*** : ( a ) do you rub a bland heart about the creativity to dead coffee photos presented by amsterdam andrew ?'
True	0	need	12.923781394958496	needs	7.907106876373291	b'let me know if you have any questions or ***mask*** anything else .'
True	0	come	7.817291259765625	comes	4.940136432647705	b"ladies who continue these experts ***mask*** at the ear indoors ; and it 's scary to recruit they are explosive and desperate to greet no if they suppose there would remind a service ."
True	0	intends	1.4866743087768555	intend	-0.35534796118736267	b'the immediate flank to survive for pure ***mask*** to monitor fifty , or your hospitality homeland boulevard schooling , and achieve .'
False	0	affirms	1.4724466800689697	affirm	1.4724466800689697	b'the richest goodness you can compensate in eric ***mask*** to come to a crab .'
True	1	intends	-1.6661677360534668	intend	-2.663468360900879	b'the large queen reviewers want there ***mask*** thank to the relation .'
skipping is/are
True	0	represent	3.0401182174682617	represents	-0.981156587600708	b"terms who consider these analyses ***mask*** at the editor environmentally ; and it 's superb to click they are excellent and ready to maintain no if they believe there would maintain a date ."
True	0	recognize	2.6553878784179688	recognizes	-0.9000709056854248	b'reports occasionally : fabio thousand through ontario five ( expecting you recognize on the litter we hear and ***mask*** respectfully to system the mile after we continue )'
False	0	ensures	-5.072935104370117	ensure	-4.301804065704346	b'the arrogant detective to compel for homeless ***mask*** to disappear four , or your cop pup carbon channel , and oppose .'
True	0	realise	-0.37105104327201843	realises	-1.3597536087036133	b'you allow the distance and ***mask*** climber preference into the majority .'
True	0	assumes	-0.9300726652145386	assume	-1.8165608644485474	b'the understandable dryer to cook for devastating ***mask*** to reduce fifty , or your rotation father volume vegetable , and execute .'
True	0	develop	6.270667552947998	develops	0.21069440245628357	b'learn me promote if you continue any cabins or ***mask*** anything asymmetrical .'
True	0	spend	0.4116491675376892	spends	-1.0977596044540405	b'decisions indefinitely : williams five through edinburgh nine ( expanding you realize on the phase we die and ***mask*** previously to proportion the gambling after we die )'
True	1	come	6.798042297363281	comes	3.4415299892425537	b'but electoral girls do suggest the shine they proceed he will click , and the observers who decide him ***mask*** to implement the earthworms who arrive him .'
True	0	recommends	3.0206103324890137	recommend	0.4724631607532501	b'as you carry above the perfume , the rumor of the latter pot stands your context and ***mask*** you generate taller and fewer .'
True	0	reacts	-1.4257413148880005	react	-3.1815085411071777	b'a ny coat approved in del three ***mask*** , " due to its drawer astride the hamilton gmt , argentina has wonderfully been a response to the country .'
True	0	want	5.122125625610352	wants	1.3791407346725464	b'i put we presently see the bottle and ***mask*** to gm .'
True	0	understand	0.7050795555114746	understands	-0.11202648282051086	b'they aggressively intend if you provide division in your chance , ( for flats like me ) , they pay an intention of the supervisor and ***mask*** heavy animals to register .'
True	1	seem	16.58542823791504	seems	10.058879852294922	b'but other people do like the way they think he will vote , and the ones who favor him ***mask*** to outnumber the ones who oppose him .'
True	0	extends	-0.72758549451828	extend	-1.4499787092208862	b'the obsessed coding i built actually from them in the first chair ***mask*** because my distinguishing security who owned with them was returning out on his unknown .'
False	0	pays	0.5327829718589783	pay	1.2402572631835938	b'put for a hangar of symptoms in their disaster that leads from the selection and ***mask*** quickly to the complaint fo the movie .'
True	0	begin	4.7403244972229	begins	0.13675528764724731	b'stay me settle if you remain any rooms or ***mask*** anything impossible .'
True	0	consider	4.838221549987793	considers	0.3240991234779358	b'put me disrupt if you pay any fry or ***mask*** anything eager .'
True	1	create	4.87514591217041	creates	-2.680156946182251	b"whie i do n't postpone to the danger that the chores we deserve or die to ***mask*** no office on our context ( which i deserve is routinely sensitive ) , it does wear me whenever politics reflect out a successful photograph of fruits to die the shuttle on ."
False	0	makes	-1.8570036888122559	make	-0.02662072330713272	b'i put the knife you won to me ***mask*** to the barcelona carter at aid ( sought in la ) .'
True	0	learns	2.0043423175811768	learn	-3.0673437118530273	b'the first beer you die whenever you enjoy on freight affects that the blower surgeon routinely walks out the suspicion and ***mask*** into the roof disability .'
False	0	remembers	0.383094847202301	remember	0.8359537720680237	b'instead adjust your citizens to promote this apparently to their blocks , and financially actually , so that the scale to make her ***mask*** automatically .'
False	0	appears	-1.909527063369751	appear	-1.5654187202453613	b'because of the volume that his sunny paradise with dhaka angie had promised him , he became laptops mere as : " you can recommend a sickness and a scientist , eight forgiveness you ca n\'t commit ***mask*** whenever you \'re recent already " and raised postcards to the " vi jafar " paper hunting that " forth he felt medieval missiles to deliver previously slick as a supervisor " .'
True	0	goes	10.40223217010498	go	7.323372840881348	b'well , unless of course the third compressor he put in the car ***mask*** out .'
True	1	allow	2.724797487258911	allows	1.1380350589752197	b'i realize the wars on which i should revise your hunt ***mask*** : ( a ) do you prescribe a catastrophic week about the racing to collective flank countries fallen by eurasia ireland ?'
True	0	deserve	3.4036786556243896	deserves	0.17394453287124634	b'please remember me pick if you seem any hearings or ***mask*** anything uncut .'
True	1	believe	0.8015860319137573	believes	-3.3418495655059814	b"whie i do n't remain to the propaganda that the bombs we pick or come to ***mask*** no instability on our gentleman ( which i pale is highly municipal ) , it does preserve me whenever rules wash out a revolutionary justification of lions to clarify the bean on ."
True	0	writes	7.429769992828369	write	2.7590818405151367	b'beware for a theme of snakes in their stylist that cares from the neighbor and ***mask*** strongly to the membership fo the torch .'
True	0	insists	-1.86605703830719	insist	-1.9157788753509521	b'the angry cancer to melt for surgical ***mask*** to hop three , or your vehicle gown pork handful , and achieve .'
skipping is/are
True	0	happens	-0.5911604762077332	happen	-1.8564845323562622	b'a dorsey dad arrayed in capricorn billion ***mask*** , " due to its trial astride the walker lanka , orleans has strictly been a bus to the type .'
True	0	remains	3.757990837097168	remain	2.954465627670288	b'as you proceed above the bakery , the staff of the beloved streak seems your strife and ***mask*** you remain stronger and clearer .'
True	0	create	1.3743314743041992	creates	-4.60573148727417	b'sales usually : cass four through university thirty ( expanding you wash on the monkey we tolerate and ***mask*** quietly to grandson the conviction after we tolerate )'
True	0	refer	3.7280220985412598	refers	0.9161795377731323	b'forces indeed : rahman twenty through atta thousand ( obtaining you pay on the wasp we hear and ***mask*** willingly to conspiracy the rejection after we spend )'
True	1	suggest	5.710240840911865	suggests	2.8738033771514893	b"whie i do n't forget to the government that the videos we believe or pay to ***mask*** no exploration on our butterfly ( which i tell is politically manned ) , it does digest me whenever genitals learn out a powerful button of burgers to want the notification on ."
True	0	define	3.2195956707000732	defines	-4.116036415100098	b'watch me choose if you make any surprises or ***mask*** anything advanced .'
True	2	observe	-4.597394943237305	observes	-5.526096343994141	b'the able tough marketers that seldom would describe from calf ***mask*** furnace , compliance , penalty , platform , consistent bakery and bankrupt newspapers of birds and holidays -- democratic as the grill wasp .'
False	0	pays	-2.851634979248047	pay	-0.37702298164367676	b'if you see a lot who will vary to you and compete he will arrange and then carry his today , and not thank what he is preparing about whenever he holds leaders at efficient secretaries and ***mask*** they include what you choose , whenever they will not communicate for you , prepare to this landlord ... he is the information for you .'
True	1	enjoy	-0.4130546450614929	enjoys	-2.2390260696411133	b'additional grandchildren that thereby would reduce ***mask*** friends , birthday , hubbard dresser and some deaths of towels .'
True	1	believe	3.018977165222168	believes	2.8915107250213623	b'but eager launchers do digest the relationship they tell he will conclude , and the appropriations who put him ***mask*** to endanger the attorneys who apologize him .'
True	0	reports	11.064393997192383	report	7.21078634262085	b'a milnet brief issued in february 2005 ***mask*** , " due to its position astride the persian gulf , iran has constantly been a threat to the gulf .'
False	0	develops	-2.945596218109131	develop	-1.5035405158996582	b'if you continue a coast who will miss to you and seem he will attend and then come his language , and not climb what he is telling about why he sends gifts at accurate services and ***mask*** they insist what you put , why they will not pay for you , make to this wording ... he is the expansion for you .'
skipping is/are
False	0	enjoys	-4.386003494262695	enjoy	-2.430678129196167	b'the eligible jihad i fell extremely from them in the first camera ***mask*** because my digital cake who agreed with them was causing out on his overwhelming .'
False	0	enjoys	-1.542492389678955	enjoy	-1.3416205644607544	b'the strongest growth you can censor in aldo ***mask*** to recommend to a clothing .'
True	0	realise	-4.791330337524414	realises	-6.868192672729492	b'i decide we willingly prefer the hamster and ***mask*** to mcdonald .'
True	0	provides	-1.9116464853286743	provide	-2.42264461517334	b'again argue your budgets to revise this afterward to their tools , and willingly environmentally , so that the scam to commit her ***mask*** abroad .'
True	0	grows	9.982821464538574	grow	5.429083824157715	b'this dove of vision submits around the pyramid s creation and drinks and ***mask*** a monkey for the flood eventually on the network of the mayor in preacher of role daughters .'
True	0	create	4.323174953460693	creates	1.3518483638763428	b'please specify me receive if you collaborate any lights or ***mask*** anything indefinite .'
True	0	relate	4.927861213684082	relates	1.5890933275222778	b'if you reflect any papers or ***mask*** any info approximately accordingly , please hesitate balochistan corp at four or fei sadat at billion .'
True	0	insists	-1.7886266708374023	insist	-2.816761016845703	b'the strongest cake you can spell in archibald ***mask*** to raid to a wording .'
True	0	tosses	0.07972589135169983	toss	-1.9577524662017822	b'watch for a gallery of links in their midst that becomes from the hospitality and ***mask*** nowadays to the nightmare fo the server .'
False	2	allow	-0.8758286833763123	allows	0.096588134765625	b'the ancient dumb debtors that nowadays would receive from transition ***mask*** poverty , paradise , justice , gym , weak millet and familiar files of movies and currents -- fashioned as the bart radar .'
True	0	carries	-0.10177554190158844	carry	-1.3188074827194214	b'an outward assassination imprisoned in trillion ***mask*** there agree seven " cm " in the august operations , but urban posters are maybe safer than this .'
True	0	refuses	1.9525643587112427	refuse	-2.5094103813171387	b'the first disgrace you serve why you oppose on chase objects that the ticket campaign respectfully happens out the lens and ***mask*** into the conflict wasp .'
False	0	spills	2.368410587310791	spill	6.269752025604248	b'the first thing you notice when you arrive on location is that the waiting line literally goes out the door and ***mask*** into the parking lot .'
False	0	responds	-3.243987798690796	respond	0.45026421546936035	b'actually enjoy your cheques to remember this especially to their vests , and frankly onboard , so that the medicine to compel her ***mask*** indoors .'
True	0	includes	5.012578010559082	include	3.431607961654663	b'the first tape you require why you anticipate on date ***mask*** that the profile supplier mostly creates out the discomfort and reflects into the fist husband .'
True	0	need	12.923781394958496	needs	7.907106876373291	b'let me know if you have any questions or ***mask*** anything else .'
True	0	creates	4.12505578994751	create	-0.12056893110275269	b'the first spine you serve why you anticipate on northeast enjoys that the discount judgment locally contains out the lamp and ***mask*** into the sentiment client .'
True	0	assumes	4.348886966705322	assume	1.8509186506271362	b'unfortunately , the unexpected expertise signed for interest ***mask*** whether our epc ( the urban opportunity and thereby the influence they collaborate to warn ) is or enjoys not an eligible boyfriend under the discovery .'
False	0	includes	2.551976442337036	include	2.8842594623565674	b"the coup to destroy in habitation ***mask*** that dwarf important provinces and republicans and rude hard people are tired to come badly virtually ready to the ayatollah in art than al - cass organisations , and it would be courteous to reduce one 's introductions off the delighted longevity ."
True	0	assume	3.018671751022339	assumes	-0.7043320536613464	b'they importantly include if you throw discount in your tire , ( for reptiles like me ) , they sell an edit of the beginner and ***mask*** neurological expectations to bless .'
skipping is/are
True	1	receive	5.403151035308838	receives	4.52695369720459	b"whie i do n't marry to the golf that the crews we refer or deny to ***mask*** no artwork on our volume ( which i come is virtually severe ) , it does pick me whenever transfers seem out a memorable tool of birds to retaliate the clay on ."
False	0	serves	-0.8858939409255981	serve	-0.19034862518310547	b'if you tend a news who will put to you and greet he will assess and then recruit his gravy , and not recruit what he is stepping about why he remembers hijackers at investigative minutes and ***mask*** they affirm what you condemn , whenever they will not spawn for you , groom to this pup ... he is the audience for you .'
True	0	recommend	3.3470659255981445	recommends	-2.3387060165405273	b'if you receive any words or ***mask*** any appearance accidentally actively , please prepare germany brooklyn at trillion or colorado beth at three .'
True	0	decide	1.3810327053070068	decides	-2.0935301780700684	b"mechanics who meet these updates ***mask*** at the item everywhere ; and it 's subtle to decide they are aged and timely to begin no if they throw there would recover a status ."
True	0	happens	1.1744837760925293	happen	-4.663153171539307	b'this merger of feedback brings around the grain s shuttle and moderates and ***mask*** a diarrhea for the threat exponentially on the currency of the diversion in woman of pipe graphics .'
False	0	suggests	4.45867919921875	suggest	5.349410533905029	b'if you seem a panel who will demonstrate to you and hire he will immigrate and then verify his magnitude , and not determine what he is helping about whenever he believes marketers at educated bands and ***mask*** they affirm what you die , whenever they will not spawn for you , notify to this foreigner ... he is the unwillingness for you .'
False	1	operates	-3.5534801483154297	operate	-1.2346796989440918	b'the historical voting movements wash there ***mask*** breathe to the passport .'
True	0	belongs	0.16482208669185638	belong	-2.4075286388397217	b'this flipping of news depends around the racism s county and colleagues and ***mask*** a coast for the culture unfortunately on the satisfaction of the difference in paperwork of merger postings .'
True	0	enjoys	-1.899838924407959	enjoy	-3.1922459602355957	b'the hardest blog you can begin in edwin ***mask*** to pursue to a tank .'
True	0	grows	7.728231906890869	grow	3.5319950580596924	b'as you collaborate above the machine , the tsunami of the cruel lamb receives your cave and ***mask*** you remember darker and darker .'
True	0	operates	0.9505482912063599	operate	-1.3140268325805664	b'the arrogant math i grabbed actually from them in the first streak ***mask*** because my polygamous balcony who expected with them was reviewing out on his arrogant .'
True	0	develops	1.397011399269104	develop	0.7890475988388062	b'this platform of queen serves around the couch s colony and grandchildren and ***mask*** a failure for the detective already on the pact of the gown in palace of sovereignty quotes .'
True	0	continue	7.963233470916748	continues	7.790842533111572	b'i become this endless supporter and ***mask*** to compel this nervous allocation .'
True	0	enjoys	0.6188418865203857	enjoy	-1.6935895681381226	b'the annoying corporate degree i have registered ***mask*** that in the luncheon of osama eighteen teacher of the mold is apparently traced in the turkey the moon before the vet , this stuff communicated after the substantial magazine .'
True	0	decides	1.060340166091919	decide	-0.8153964877128601	b'a santa scenario advised in drew four ***mask*** , " due to its server astride the forum switzerland , arabia has possibly been a clothing to the manager .'
True	0	melt	0.13203567266464233	melts	-0.001439601182937622	b'go me dine if you listen any trios or ***mask*** anything electronic .'
True	1	allows	3.941725969314575	allow	0.33786341547966003	b'the incorrect fatal golf that he walks ***mask*** that he rhythmically wants his fears and clearly wakes necessary with his humble wildlife .'
True	0	wants	-2.1974093914031982	want	-2.6646783351898193	b'a road parent operated in miami fifty ***mask*** , " due to its suicide astride the county nashville , edwards has generally been a clay to the consciousness .'
True	1	intends	1.213256597518921	intend	0.530357301235199	b'the occasional forthcoming surgery that he keeps ***mask*** that he somehow drops his capabilities and directly reads necessary with his spectacular perfection .'
False	0	expects	1.1699572801589966	expect	1.9761428833007812	b'the first clue you want why you assume on cooperation ***mask*** that the store proposal frequently brings out the decor and reflects into the penny flank .'
True	0	creates	1.8573424816131592	create	-0.5435092449188232	b'it plays the team for situation egg and ***mask*** , \xe2\x80\x9c we are financed that the petersen should not evacuate with possible - reviewer historians who seek to deliver and lace halfway and effectively in the provisions , remarks , and daughters of beneficial duration . \xe2\x80\x9d'
True	0	represent	0.7611878514289856	represents	-3.7683234214782715	b'rules extremely : warren thousand through ashcroft thirty ( arising you see on the life we spend and ***mask*** warmly to recommendation the loading after we sell )'
True	0	require	3.7007389068603516	requires	-0.26520711183547974	b'follow me prepare if you continue any squadrons or ***mask*** anything international .'
True	0	relates	4.0456929206848145	relate	-0.48215383291244507	b'as you seek above the navy , the detail of the friendly section provides your forgiveness and ***mask*** you circulate clearer and lighter .'
False	0	expects	-0.5895480513572693	expect	0.06976950168609619	b'my buildup with acting the scholarship forth ***mask*** , could it be arrested that thus everyone drove the hoax would or could exist at any weekend , since we particularly built california and saudis and if they headed they might have completed a familiar destruction ??'
True	0	generates	-3.8269922733306885	generate	-4.514517784118652	b'an aerial ego advised in three ***mask*** there assume four " cases " in the england ages , but unbelievable traders are firmly warmer than this .'
True	0	manages	3.1910057067871094	manage	1.1050446033477783	b'as you collaborate above the target , the reliability of the severe publication melts your merchant and ***mask*** you require safer and clearer .'
True	0	intend	2.695173501968384	intends	-1.375885248184204	b'they easily expect if you meet surface in your tonnage , ( for sites like me ) , they throw an artillery of the predator and ***mask*** downstream extinctions to meet .'
True	0	begins	5.596065521240234	begin	0.1794104278087616	b'can you affect that the laptop we are preparing ***mask*** toward a distinguishing and certain cafeteria ?'
True	1	extend	0.305152952671051	extends	0.07152776420116425	b'the additional peoples we sell in our coordination ***mask*** ; we condemn paperwork council for easter , surface tip and throat - butt for kabul .'
False	0	adds	1.3317320346832275	add	1.7400156259536743	b'my threat with expecting the reaction directly ***mask*** , could it be eliminated that totally everyone led the tap would or could avoid at any period , since we highly loved virginia and states and if they testified they might have documented a global sentence ??'
False	0	responds	-4.2509918212890625	respond	-1.7744536399841309	b'well , unless immediately rarely the third luncheon he followed in the kitten ***mask*** out .'
True	0	hears	4.831242561340332	hear	2.507175922393799	b'it depends the trader for discomfort announcement and ***mask*** , \xe2\x80\x9c we are deployed that the heard should not adopt with conventional - conversation colleges who pose to collect and develop directly and onwards in the residents , directions , and habits of homemade curve . \xe2\x80\x9d'
False	1	indicate	-1.2744847536087036	indicates	0.6208986639976501	b'the absurd chores we meet in our radar ***mask*** ; we lose region plate for easter , stream fantasy and ceiling - clan for leach .'
True	1	have	19.648088455200195	has	14.54944896697998	b"whie i do n't subscribe to the notion that the things we watch or listen to ***mask*** no effect on our behavior ( which i think is patently rediculous ) , it does bother me when people single out a specific group of people to pin the blame on ."
True	0	demonstrates	-3.4194223880767822	demonstrate	-3.9368109703063965	b'well , unless almost halfway the third confidante he signed in the criticism ***mask*** out .'
True	0	reflect	1.7847185134887695	reflects	-0.2848893404006958	b'if you believe any grandchildren or ***mask*** any exam afterward occasionally , please see louisiana murphy at sixteen or sue berlin at seven .'
True	0	makes	1.2570321559906006	make	-0.9562867879867554	b'it relates the majority for belief aircraft and ***mask*** , \xe2\x80\x9c we are purchased that the regulatory should not overcome with strong - pump differences who continue to pick and revise forth and onwards in the sanctions , countries , and losses of weird perfection . \xe2\x80\x9d'
True	0	create	6.089353561401367	creates	1.0641725063323975	b'please delete me wrap if you believe any favorites or ***mask*** anything unprecedented .'
skipping is/are
True	0	want	16.52635383605957	wants	10.048786163330078	b'i dislike this urban society and ***mask*** to leave this whole enviroment .'
True	0	deliver	6.758950233459473	delivers	3.813349485397339	b'prices incomplete : lake nine through industry seven ( acquiring you receive on the photograph we pose and ***mask*** directly to lodging the horse after we pose )'
True	0	generates	11.933187484741211	generate	8.361390113830566	b'this clerk of luck represents around the snow s swing and controllers and ***mask*** a revenue for the nightmare accidentally on the receipt of the club in tribe of decision seconds .'
True	0	allows	0.28222978115081787	allow	-0.2394198477268219	b'my dentist with arriving the hatred solely ***mask*** , could it be arrested that regularly everyone heard the hole would or could arrive at any jaw , since we firmly needed bbc and pigs and if they remembered they might have purchased a critical software ??'
True	1	explain	2.738651752471924	explains	1.9054032564163208	b'i want the chores on which i should develop your website ***mask*** : ( a ) do you translate a willing mother about the context to tall laptop kids built by austin amy ?'
True	0	write	5.729495048522949	writes	2.233175039291382	b'please make me remain if you pay any devices or ***mask*** anything independent .'
True	0	intends	4.010127544403076	intend	2.470046043395996	b'the sole liberty i murdered this vision ***mask*** to exploit anyone comparing this if they condemn of some retaliation i can prefer marry a star to this today today .'
True	0	seek	2.7406575679779053	seeks	-1.3060338497161865	b'you assume the picketing and ***mask*** tube signature into the welfare .'
False	0	understands	2.490853786468506	understand	2.655848979949951	b'the first manager you die whenever you indicate on recovery ***mask*** that the cork disintegration never drops out the curse and tells into the gem failure .'
True	0	admits	-3.474963426589966	admit	-4.805008888244629	b'the cheapest hunt you can join in atta ***mask*** to tend to a stadium .'
True	0	chooses	1.5198068618774414	choose	-0.5740400552749634	b'can you oppose that the logo we are bringing ***mask*** toward a respective and boring recovery ?'
False	0	reflects	-2.597379207611084	reflect	-0.8330236673355103	b'see for a petroleum of reviewers in their junk that submits from the date and ***mask*** really to the police fo the looting .'
True	0	reflect	1.3672457933425903	reflects	-1.0772337913513184	b'come me create if you tell any records or ***mask*** anything ugly .'
True	1	explain	-3.984339952468872	explains	-7.759181022644043	b'irish tables that personally would customize ***mask*** spaces , satellite , financial behalf and some temples of curtains .'
False	0	produces	2.1236140727996826	produce	3.917177200317383	b'the first provision you suck why you agree on bunch includes that the disgrace cancer frankly brings out the chili and ***mask*** into the trader scale .'
False	1	intend	-4.081754684448242	intends	-2.2950425148010254	b'i begin the waters on which i should continue your toy ***mask*** : ( a ) do you disrupt a same sect about the lot to fortunate description capsules served by ivan arabic ?'
True	0	chooses	4.063478469848633	choose	1.4707831144332886	b'can you exist that the border we are seeking ***mask*** toward a valid and various gun ?'
False	0	admits	2.635258674621582	admit	2.9092698097229004	b"the surplus to bother in version ***mask*** that huge excellent lions and travels and shocked judicial compliments are lethal to hire badly certainly tired to the andaman in abdel than al - blue attorneys , and it would be virtual to develop one 's others off the barren convention ."
True	0	goes	13.357840538024902	go	9.44264030456543	b'look for a lot of stripes in their head that starts from the beak and ***mask*** back to the back fo the bird .'
True	2	appear	-1.4123908281326294	appears	-1.952345848083496	b'the effeminate sensitive years that never would recreate from backup ***mask*** painter , satellite , cheese , vet , typical surface and democratic connections of temperatures and resolutions -- rural as the leo kidney .'
True	0	decides	4.1742119789123535	decide	-0.5146807432174683	b'can you expire that the ground we are happening ***mask*** toward a partial and soothing custody ?'
True	0	manage	0.2814871668815613	manages	-0.7402510643005371	b'you indicate the lettuce and ***mask*** nomination piece into the planet .'
True	0	appears	7.791700839996338	appear	4.8776044845581055	b'the strongest grave you can warn in alexandria ***mask*** to reopen to a channel .'
True	0	operates	0.09142616391181946	operate	-1.2540006637573242	b'the absolute payable lighting i have contributed ***mask*** that in the suggestion of iaea eighteen landlord of the creativity is increasingly traced in the lieutenant the password before the telephone , this swing deleted after the diplomatic condominium .'
True	0	represents	0.43357348442077637	represent	-1.5894806385040283	b'an agreeable insight executed in fifty ***mask*** there add billion " weapons " in the abdul israelis , but underage commanders are slowly healthier than this .'
True	0	allows	0.3091752529144287	allow	-2.0466294288635254	b'the intense diversion i passed ago from them in the first mistake ***mask*** because my historical position who appeared with them was receiving out on his awful .'
True	0	serves	6.205560207366943	serve	2.046710968017578	b'this character of brass sends around the growth s spa and choices and ***mask*** a shit for the reality indoors on the decor of the bug in contrast of soul fights .'
True	0	tosses	3.421907424926758	toss	-0.8902472853660583	b'if you laugh a worship who will migrate to you and marry he will execute and then remove his mankind , and not migrate what he is growing about why he continues balls at impressionist trips and ***mask*** they expect what you seek , why they will not circulate for you , prepare to this patronage ... he is the office for you .'
True	0	deserve	4.976030349731445	deserves	2.5248823165893555	b'put me decide if you condemn any days or ***mask*** anything exceptional .'
True	0	sucks	-3.582570791244507	suck	-5.990545272827148	b'an amusing invitation arrived in five ***mask*** there oppose four " thousands " in the afghanistan appropriations , but invasive rats are still cheaper than this .'
True	0	grows	16.979228973388672	grow	14.789729118347168	b'also encourage your recipients to forward this along to their contacts , and so on , so that the movement to help her ***mask*** exponentially .'
True	1	operate	-2.228794813156128	operates	-2.9089388847351074	b'i refer the facts on which i should raid your farce ***mask*** : ( a ) do you serve a joint congregation about the grill to gentle floor habits meant by edt electoral ?'
False	0	delivers	-3.365880250930786	deliver	-2.807705879211426	b'otherwise include your meals to prefer this incredibly to their photos , and however approximately , so that the stranger to destroy her ***mask*** efficiently .'
True	1	include	1.8269490003585815	includes	0.6963526010513306	b'i listen the packages on which i should provide your chapel ***mask*** : ( a ) do you wash a vital hole about the perfume to fundamental locker stages kept by arabia atomic ?'
True	0	operates	-0.141555517911911	operate	-1.6619021892547607	b'the independent constant democracy i have reduced ***mask*** that in the palace of autumn eight kid of the violence is afterward checked in the pub the furnace before the coordination , this notion printed after the competitive fashion .'
False	0	adds	-2.031646728515625	add	-1.6934021711349487	b'the unprecedented cash to choose for global ***mask*** to defend fifty , or your moment tent car reptile , and accept .'
True	0	understands	5.626909255981445	understand	4.980757236480713	b'especially , the impressionist acupuncture designated for embarrassment ***mask*** whether our account ( the ecological application and thus the opportunity they spend to postpone ) is or affects not an essential kindness under the ranch .'
False	0	agrees	-2.909144639968872	agree	-0.25996771454811096	b'because of the coordination that his tribal deck with nov ukraine had spent him , he continued hundreds humble as : " you can respond a conflict and a movement , eighteen tuna you ca n\'t define ***mask*** whenever you \'re meaningful also " and demonstrated collages to the " laurie levitt " partner promoting that " quickly he visited shiite proponents to pour slightly tolerable as a warning " .'
True	0	generate	-0.9210280179977417	generates	-1.1887624263763428	b'birds suffer the example but ***mask*** her frightening cake and the landing progresses .'
True	0	deserves	1.1344292163848877	deserve	-2.2835283279418945	b'it thinks the resolution for pain instructor and ***mask*** , \xe2\x80\x9c we are perceived that the janet should not implement with reasonable - carrier reservations who spend to make and spawn personally and abruptly in the rabbits , salads , and partnerships of fashioned database . \xe2\x80\x9d'
True	0	believes	3.6783602237701416	believe	-0.5903587341308594	b'can you interfere that the boulevard we are bleeding ***mask*** toward a municipal and marvelous pursuit ?'
skipping is/are
False	1	employ	0.7068182229995728	employs	1.384871006011963	b'the empty ft we prefer in our religion ***mask*** ; we become trend responsibility for easter , police conclusion and target - landlord for finland .'
False	0	adds	1.5435802936553955	add	1.8813813924789429	b'the annoyed custody to retaliate for technical ***mask*** to monitor two , or your priest foreigner rejection flank , and introduce .'
True	0	includes	3.8652267456054688	include	3.633826732635498	b'the advanced crucial container i have chosen ***mask*** that in the discretion of ei eighteen station of the rain is onshore banned in the blower the substance before the feeder , this compensation felt after the retarded doctor .'
True	0	makes	0.42724037170410156	make	-0.6743891835212708	b'it wakes the king for ball alarm and ***mask*** , \xe2\x80\x9c we are signed that the mohammed should not impose with messy - prayer minds who become to preserve and recruit widely and unanimously in the restrictions , civilians , and standards of compatible spreadsheet . \xe2\x80\x9d'
True	1	suck	0.9232512712478638	sucks	-1.6141183376312256	b"whie i do n't register to the leash that the partnerships we learn or provide to ***mask*** no acceptance on our guest ( which i laugh is historically spiritual ) , it does reflect me whenever difficulties represent out a considerable transition of bodies to produce the sales on ."
True	0	spends	0.41347968578338623	spend	-2.3837521076202393	b'extremely adjust your centres to listen this aggressively to their budgets , and completely officially , so that the propaganda to remove her ***mask*** underneath .'
False	0	affirms	0.7827129364013672	affirm	0.7827129364013672	b'the happy discharge i seized this vision ***mask*** to assist anyone dispersing this if they tend of some transaction i can retrieve perform a buildup to this plan chess .'
True	0	toss	2.758464813232422	tosses	0.9988109469413757	b'come me throw if you pay any moors or ***mask*** anything unlimited .'
True	0	carry	2.680077314376831	carries	-1.377034306526184	b'i continue this illegal bombing and ***mask*** to hang this popular exam .'
False	0	understands	-1.8740901947021484	understand	1.3280037641525269	b'my registration with achieving the prosecution pursuant ***mask*** , could it be agreed that politely everyone flew the branch would or could impress at any tabs , since we primarily flowed ham and computers and if they blended they might have cooked a healthy mouth ??'
True	0	come	3.755192756652832	comes	-0.5214902758598328	b'if you develop any fans or ***mask*** any invoice apart automatically , please see troy carnegie at two or singer wood at seven .'
True	0	provide	4.984298229217529	provides	2.6761772632598877	b'go me listen if you pose any firms or ***mask*** anything ethnic .'
True	1	explain	-5.031745433807373	explains	-5.973516464233398	b'irish spurs that predominantly would reflect ***mask*** ships , penny , lynch beach and some deaths of rebels .'
True	0	meet	4.607731819152832	meets	-1.101119875907898	b'beware me digest if you throw any couples or ***mask*** anything edible .'
skipping is/are
True	1	expects	3.399557113647461	expect	1.1955015659332275	b'the economic functional murderer that he writes ***mask*** that he particularly goes his cabins and surely cares fabulous with his difficult gem .'
True	1	remain	5.060075759887695	remains	1.0886273384094238	b"whie i do n't communicate to the pilot that the speakers we choose or suggest to ***mask*** no inquiry on our worker ( which i require is wholly scientific ) , it does remind me whenever requests seek out a temporary bench of helicopters to prescribe the deadline on ."
True	0	ensure	1.4415557384490967	ensures	-1.8523688316345215	b'they extremely add if you make route in your wager , ( for gains like me ) , they begin an attraction of the sheet and ***mask*** naked appropriations to wander .'
False	0	understands	1.030299186706543	understand	1.5601418018341064	b'the unacceptable privileged photography i have filled ***mask*** that in the kidney of agra eighteen complaint of the voting is individually described in the career the journey before the tug , this therapy paid after the tripartite harness .'
True	0	sees	1.7847192287445068	see	1.504144310951233	b'actually adjust your hens to meet this obviously to their references , and still abroad , so that the difficulty to deserve her ***mask*** approximately .'
False	1	extend	-0.9821872711181641	extends	-0.4980003833770752	b'i refuse the volumes on which i should cancel your country ***mask*** : ( a ) do you donate a frustrating satisfaction about the context to soft surface drugs noticed by ontario aires ?'
True	0	ensures	9.425738334655762	ensure	7.761284828186035	b'the first facility you carry whenever you oppose on sympathy ***mask*** that the pocket garage super receives out the paw and lasts into the grave flooding .'
True	0	assumes	6.041186332702637	assume	3.617098093032837	b'the awful busy breeder i have passed ***mask*** that in the rabbit of iceland eighteen spa of the campaigning is otherwise kept in the proportion the flipping before the hotel , this carbon turned after the big web .'
True	0	recommends	2.7659709453582764	recommend	1.7081401348114014	b'as you suffer above the provision , the plenty of the superior migrant goes your drama and ***mask*** you contain newer and clearer .'
True	0	has	13.77592658996582	have	9.179443359375	b'this type of harness goes around the dog s chest and legs and ***mask*** a clip for the leash up on the back of the dog in middle of shoulder blades .'
True	0	visit	7.72980260848999	visits	5.541723251342773	b'dignitaries condemn the act but ***mask*** her bereaved family and the money flows .'
True	1	enjoy	-4.270097255706787	enjoys	-4.5906782150268555	b'the academic grandparents we proceed in our channel ***mask*** ; we pose market none for easter , flipping reputation and scam - tonight for chechnya .'
True	2	include	15.651973724365234	includes	12.162572860717773	b'the important commercial species that probably would benefit from warming ***mask*** cod , haddock , saithe , herring , blue whiting and several types of flatfish and crustaceans -- such as the norway lobster .'
True	0	hears	1.8967474699020386	hear	0.04649081081151962	b'even adjust your prices to begin this indeed to their dividends , and carefully aggressively , so that the route to dine her ***mask*** incorrectly .'
True	0	fails	-1.40775728225708	fail	-2.7468478679656982	b'a reserve forum anticipated in lanka fifty ***mask*** , " due to its vet astride the warner carnival , assembly has fairly been a whim to the client .'
True	0	enjoys	-2.029179573059082	enjoy	-2.7484898567199707	b'the automatic traveler i threw eventually from them in the first consumption ***mask*** because my fortunate crime who appreciated with them was looking out on his ambitious .'
True	0	comes	6.496744155883789	come	5.667731285095215	b'can you interfere that the spring we are joking ***mask*** toward a same and reasonable medicine ?'
True	0	ensure	3.2465879917144775	ensures	-1.502158522605896	b'they exponentially indicate if you carry bull in your panic , ( for lions like me ) , they laugh an extent of the field and ***mask*** similar affairs to bless .'
True	0	continue	7.642695903778076	continues	1.8836915493011475	b'i hear we possibly pick the milk and ***mask*** to lebanon .'
False	0	tends	-0.2011456936597824	tend	0.009127594530582428	b'i remain the salsa you preceded to me ***mask*** to the belgium pew at europe ( ran in nicobar ) .'
False	0	operates	-2.4398510456085205	operate	-2.2899389266967773	b'the unaware site to click for mobile ***mask*** to withdraw six , or your cousin magazine warranty snack , and owe .'
False	0	includes	3.483757495880127	include	3.946514844894409	b'my dad with establishing the protein surely ***mask*** , could it be approved that publicly everyone lacked the tug would or could exceed at any permission , since we roughly drafted philip and tamils and if they felt they might have needed a meticulous directive ??'
True	1	develop	2.0310375690460205	develops	-3.492187023162842	b'but unacceptable demons do compel the route they propose he will grow , and the agreements who provide him ***mask*** to obtain the appropriations who exist him .'
False	0	produces	-4.885457515716553	produce	-3.0978963375091553	b'i consider the dominance you replied to me ***mask*** to the kennedy coogan at april ( tried in kim ) .'
True	1	reflect	2.455305814743042	reflects	-2.7959370613098145	b'but attentive hosts do harass the fan they manage he will recreate , and the implications who wash him ***mask*** to emit the establishments who expect him .'
True	1	agrees	5.1173095703125	agree	2.730471611022949	b'the inappropriate romantic diversion that he submits ***mask*** that he honestly demonstrates his fundamentalists and gently follows necessary with his visible correction .'
True	0	beg	-1.3095873594284058	begs	-3.8834662437438965	b'find me retake if you develop any publications or ***mask*** anything optimistic .'
True	0	relates	3.391805410385132	relate	-1.1919695138931274	b'the first pig you carry whenever you eat on possibility exists that the scrap photographer downhill lasts out the punishment and ***mask*** into the sensitivity shame .'
True	1	appear	-1.1900382041931152	appears	-2.9649674892425537	b'antique spurs that greatly would testify ***mask*** contents , chairman , portugal profile and some liberties of cartoons .'
True	0	observes	5.543342590332031	observe	3.1149322986602783	b"the rebel to hire in sensitivity ***mask*** that many afraid strategies and seas and respective retired birds are basic to pour badly partly brave to the ukraine in israel than al - berlin utensils , and it would be neat to fill one 's affairs off the gentle convenience ."
True	0	need	13.052427291870117	needs	7.933480262756348	b'please let me know if you have any questions or ***mask*** anything else .'
True	0	enter	3.076254367828369	enters	-1.9767948389053345	b'they indefinitely operate if you hear master in your time , ( for hijackers like me ) , they lose an environment of the consistency and ***mask*** narrow earthworms to prepare .'
False	0	compares	-1.3079112768173218	compare	0.3015668988227844	b'an external origin authorized in sixteen ***mask*** there assume seven " kilometres " in the ana arabs , but impeccable countries are possibly lighter than this .'
True	0	manage	5.045681953430176	manages	1.5581586360931396	b'ladies initially : jeremy two through electoral three ( expanding you manage on the purpose we listen and ***mask*** rarely to thread the cat after we listen )'
True	0	explains	1.8437942266464233	explain	0.2613852620124817	b'the recent wording i tried this jar ***mask*** to evacuate anyone telling this if they proceed of some stylist i can postpone seem a decor to this document report .'
True	0	includes	0.8096607327461243	include	-0.39962977170944214	b'the asymmetrical wager i blew indeed from them in the first bench ***mask*** because my dumb friendship who ordered with them was suggesting out on his electrostatic .'
True	0	seeks	2.6242682933807373	seek	0.1225963905453682	b'as you laugh above the compliance , the theater of the latter source develops your section and ***mask*** you reassure taller and clearer .'
False	0	begs	-1.822880506515503	beg	0.25479990243911743	b'i seem the manner you called to me ***mask*** to the croatia grill at amsterdam ( said in teresa ) .'
True	0	refers	4.620789527893066	refer	0.1653808355331421	b'can you approve that the rivalry we are joining ***mask*** toward a suspicious and privileged disaster ?'
False	1	intend	-4.665728569030762	intends	-1.7192566394805908	b'i recognize the dollars on which i should revise your band ***mask*** : ( a ) do you communicate a valid predator about the lifeboat to constant mystery cats strengthened by antichrist autumn ?'
True	0	begins	2.460247755050659	begin	0.735466718673706	b'come for a team of women in their guerilla that generates from the cabinet and ***mask*** mostly to the cave fo the propane .'
True	0	belong	-4.687363147735596	belongs	-6.7454609870910645	b'judges laugh the imprisonment but ***mask*** her monthly wire and the neighborhood relates .'
False	0	understands	2.9915542602539062	understand	3.57387638092041	b"the wing to concur in reduction ***mask*** that retired antique courses and rockies and preventive full deer are tragic to describe soon historically hospitable to the ontario in ontario than al - sharon alternatives , and it would be fashioned to collect one 's utilities off the senior feedback ."
True	0	remember	0.8672974705696106	remembers	-4.195403099060059	b'you apply the toy and ***mask*** fighter hair into the blackmail .'
True	0	dies	2.9122581481933594	die	-0.132010355591774	b'this conviction of homosexuality melts around the team s neighbor and militants and ***mask*** a director for the jerk importantly on the beard of the lunch in weapon of law thieves .'
True	1	includes	5.440579891204834	include	4.052806377410889	b'the unable forthcoming hospitality that he deserves ***mask*** that he strongly sees his prisoners and necessarily writes diplomatic with his northeastern wasp .'
True	0	require	5.530200004577637	requires	2.5362188816070557	b'learn me miss if you carry any whereabouts or ***mask*** anything unbelievable .'
True	0	delivers	3.987072706222534	deliver	2.15179443359375	b'can you enable that the contribution we are checking ***mask*** toward a generic and controversial cage ?'
True	0	hears	-0.37429410219192505	hear	-1.6525298357009888	b'an unknown alert aggravated in nine ***mask*** there oppose three " genitals " in the andre ages , but unpopular standards are roughly happier than this .'
True	0	want	1.2596559524536133	wants	-4.771280288696289	b"terms who require these actions ***mask*** at the effort amazingly ; and it 's ridiculous to concur they are absolute and sunny to withdraw no if they deny there would fix a therapist ."
True	0	see	9.726719856262207	sees	3.6221578121185303	b'if you meet any records or ***mask*** any army incomplete always , please hang rahman hell at three or palestine niagara at six .'
False	0	refer	-0.3405107259750366	refers	-0.3012009859085083	b'prices prefer the opinion but ***mask*** her primary tract and the clothing begins .'
False	0	observes	-3.475872039794922	observe	-2.4861092567443848	b'my yoga with answering the throat technically ***mask*** , could it be understood that properly everyone belonged the parent would or could establish at any swing , since we correctly warned courtney and californians and if they killed they might have saved a cruel violence ??'
skipping is/are
True	1	explain	0.5008007287979126	explains	-1.875064492225647	b'asian traditions that hopefully would wrap ***mask*** trees , reconciliation , saddam waitress and some reservations of measures .'
False	0	throws	-1.1794694662094116	throw	-0.5910899639129639	b'i remain the kid you tested to me ***mask*** to the colin coalition at okinawa ( guaranteed in loretta ) .'
True	0	adds	-0.7472666501998901	add	-2.6683430671691895	b'the electronic convenience i chose apparently from them in the first station ***mask*** because my functional connection who indicated with them was telling out on his undecided .'
True	0	provide	2.3601911067962646	provides	1.2974096536636353	b'i spend this acceptable wagon and ***mask*** to prepare this regional energy .'
True	0	recommend	1.955146312713623	recommends	0.7097345590591431	b'i serve we somewhat sell the fan and ***mask*** to kline .'
True	0	indicates	1.880605697631836	indicate	1.2825889587402344	b'because of the virus that his solar photography with delivery oglethorpe had happened him , he missed producers yellow as : " you can communicate a spore and a bravery , eight menu you ca n\'t prepare ***mask*** why you \'re limp unfortunately " and stayed currents to the " taiwan canal " jail containing that " repeatedly he phoned perfect foreigners to collect warmly militant as a philosophy " .'
True	0	remains	0.26378464698791504	remain	-3.436371088027954	b'i proceed the towing you threw to me ***mask*** to the don rice at ayatollah ( folded in milan ) .'
True	0	indicates	9.59715461730957	indicate	6.229405879974365	b'the unexpected radical notification i have proposed ***mask*** that in the collateral of orr eighteen locker of the majority is immediately protected in the pasture the merger before the skill , this shame tasted after the biochemical device .'
True	0	relate	1.146329402923584	relates	-2.685490131378174	b"programs who seem these adults ***mask*** at the ideology entirely ; and it 's defensive to put they are unconnected and dead to grab no if they die there would commit a phenomenon ."
False	0	loses	0.8450997471809387	lose	1.4385600090026855	b'i decide the notch you began to me ***mask*** to the tiffany mcdonald at atlanta ( maintained in superfund ) .'
False	0	decides	2.0647048950195312	decide	3.5891594886779785	b'if you die a source who will represent to you and reflect he will expand and then migrate his determination , and not regret what he is hoping about whenever he depends reasons at eastern temperatures and ***mask*** they indicate what you throw , why they will not defend for you , come to this tension ... he is the affair for you .'
True	0	delivers	0.08142183721065521	deliver	-1.9800171852111816	b'well , unless inevitably thus the third lease he deleted in the chapter ***mask*** out .'
True	0	generate	11.0573148727417	generates	4.579483509063721	b'if you manage any dilemmas or ***mask*** any energy occasionally overly , please continue kaufman jan at seven or lake rolling at fifteen .'
True	0	points	12.494447708129883	point	6.873640060424805	b'can you accept that the road we are travelling ***mask*** toward a grim and painful future ?'
False	1	adds	0.04112531244754791	add	1.477556586265564	b'the joint lot cases recommend there ***mask*** raid to the craft .'
False	0	includes	3.7577309608459473	include	3.927351713180542	b'the hysterical democracy i started this counsel ***mask*** to identify anyone seeking this if they provide of some preparation i can prove strengthen a recovery to this brass period .'
skipping is/are
True	0	demonstrate	3.014434814453125	demonstrates	0.7333059906959534	b'commissioners decide the advertising but ***mask*** her delicate driver and the surplus supports .'
True	0	refuse	3.8337156772613525	refuses	1.1509665250778198	b'wolves see the exclusion but ***mask*** her geographical space and the death receives .'
True	1	assume	0.7889513969421387	assumes	-1.0269334316253662	b'the electoral parties we tolerate in our label ***mask*** ; we manage percentage tutorial for easter , climate chili and warning - rein for christianity .'
True	0	write	5.315693378448486	writes	2.921004295349121	b'wait me grow if you learn any targets or ***mask*** anything unconnected .'
True	0	lose	3.9902327060699463	loses	-0.7958785891532898	b'i come we rapidly begin the tin and ***mask*** to southwest .'
True	0	require	18.278400421142578	requires	12.639978408813477	b'if you have any questions or ***mask*** any assistance at all , please contact hope duncan at 202.739.0134 or jeff mangold at 703.729.2710 .'
True	0	observes	-3.1694271564483643	observe	-3.381390333175659	b'the aware coast i requested onboard from them in the first center ***mask*** because my glad midst who enjoyed with them was seeking out on his unfortunate .'
True	0	carry	6.137800693511963	carries	0.20513784885406494	b'please put me communicate if you lose any headlines or ***mask*** anything unacceptable .'
True	0	believe	5.2889909744262695	believes	2.6770541667938232	b"prices who pale these astronauts ***mask*** at the enjoyment anymore ; and it 's hectic to commit they are environmental and bored to foresee no if they begin there would deliver a vegetable ."
True	2	expect	-1.0350456237792969	expects	-3.2062740325927734	b'the extraordinary false provinces that secretly would cancel from scrap ***mask*** protein , bunch , lifeboat , lease , visible sensitivity and terrible bottles of relatives and sales -- sensitive as the capricorn background .'
True	1	apply	-2.698012590408325	applies	-5.647479057312012	b'additional leaders that thereafter would translate ***mask*** things , property , jared combo and some lions of guidelines .'
False	0	ensures	-4.713129043579102	ensure	-1.8211989402770996	b'the interested popularity to reconsider for lax ***mask*** to retrieve six , or your professor difference criticism competition , and adjust .'
True	0	carry	4.235246658325195	carries	-0.18626391887664795	b'you exist the chairman and ***mask*** disease fan into the sovereignty .'
True	1	intend	-0.39271482825279236	intends	-2.2742130756378174	b'additional parties that frankly would conclude ***mask*** donations , custody , japan ticket and some provisions of toes .'
True	0	makes	20.52631378173828	make	15.372907638549805	b'as you sit above the world , the warmth of the golden sun penetrates your body and ***mask*** you feel warmer and warmer .'
True	0	seek	5.737980842590332	seeks	2.509673833847046	b'you operate the campaign and ***mask*** counsel grandson into the facility .'
True	0	loses	1.4819470643997192	lose	-1.009198546409607	b'it refuses the council for man expectation and ***mask*** , \xe2\x80\x9c we are filmed that the lake should not enable with massive - character companies who provide to commit and revise regardless and indoors in the responsibilities , bottles , and chicks of satisfied creation . \xe2\x80\x9d'
True	0	learns	1.815227746963501	learn	-0.6158133745193481	b'an underage atrophy equipped in billion ***mask*** there intend seven " complexes " in the eurasia indians , but infinite tires are nowadays cheaper than this .'
True	0	observe	2.834246873855591	observes	-4.331923007965088	b'they obviously anticipate if you make boy in your facility , ( for bottles like me ) , they realize an ownership of the participant and ***mask*** certified agencies to prove .'
True	0	belong	-3.5132248401641846	belongs	-3.9159531593322754	b'rules listen the artwork but ***mask*** her promotional perception and the queen produces .'
True	1	intends	0.8675585389137268	intend	-1.9820398092269897	b'the unsure strategic story that he tells ***mask*** that he virtually contains his bucks and currently continues necessary with his dire pleasure .'
True	0	suggest	2.353954315185547	suggests	-1.1803513765335083	b'reports eventually : limerick fifteen through ismail nine ( emerging you listen on the coat we decide and ***mask*** sufficiently to feedback the setback after we hear )'
True	0	spend	4.098859786987305	spends	1.3914871215820312	b'cats provide the ownership but ***mask*** her huge manufacturer and the pup cares .'
True	0	requires	6.895359992980957	require	3.9580750465393066	b'this wire of capability reflects around the commodity s trend and bombers and ***mask*** a memo for the sect eventually on the receiver of the diversion in payment of photo duties .'
True	0	allows	1.1113488674163818	allow	-0.3992132842540741	b'my landing with increasing the crab traditionally ***mask*** , could it be understood that shortly everyone replaced the proportion would or could achieve at any mile , since we relatively felt messenger and fridays and if they planned they might have diagnosed a spiritual mode ??'
True	0	insists	1.7701970338821411	insist	-0.19661283493041992	b'the homemade counsel i listened this beard ***mask*** to execute anyone filling this if they throw of some letter i can vomit propose a heart to this patience cage .'
True	0	begin	5.752861499786377	begins	0.9244577884674072	b'i continue we pursuant meet the cave and ***mask*** to lucy .'
True	0	applies	0.4438732862472534	apply	-1.0147209167480469	b'the immediate strong parent i have lived ***mask*** that in the cafe of alito eighteen teeth of the health is abundantly monitored in the warlord the consumer before the medal , this showroom grabbed after the cute reconciliation .'
skipping is/are
skipping is/are
False	0	understands	-1.092384696006775	understand	0.34587645530700684	b'the first fence you laugh why you admit on coup ***mask*** that the trial life really happens out the kitchen and hates into the floor beard .'
True	0	intends	2.9958043098449707	intend	-1.7256637811660767	b'usually , the insecure invoice taken for infantry ***mask*** whether our index ( the incredible invention and somehow the arrangement they see to protect ) is or objects not an identical whim under the healthcare .'
True	0	happens	3.6065869331359863	happen	1.445290446281433	b'turn for a musician of stories in their concert that belongs from the locker and ***mask*** successfully to the punishment fo the jury .'
True	0	pay	6.921273708343506	pays	2.4113240242004395	b'ladies exactly : columbia six through abramoff five ( attempting you propose on the tea we decide and ***mask*** politely to speaker the wolf after we propose )'
True	0	go	16.239273071289062	goes	9.465228080749512	b'days away : sept. 21 through oct. 3 ( assuming you work on the day we leave and ***mask*** back to work the day after we return )'
False	0	understands	2.719656229019165	understand	3.3674228191375732	b'the uncut sweet waiter i have placed ***mask*** that in the lottery of amsterdam eight trip of the language is afterward taken in the scrutiny the child before the grid , this sea published after the tall salsa .'
True	0	continue	0.888471245765686	continues	-4.871770858764648	b'click me wear if you suck any shelves or ***mask*** anything aortic .'
False	0	adds	0.5082813501358032	add	0.8187143206596375	b'the smallest studio you can carry in omar ***mask*** to burn to a suggestion .'
False	0	sees	-0.5128890872001648	see	0.3921721875667572	b'it seems the tourist for quo identity and ***mask*** , \xe2\x80\x9c we are projected that the terry should not oppose with legislative - payout sanctions who remember to remain and communicate shortly and automatically in the tensions , temples , and messages of necessary cousin . \xe2\x80\x9d'
True	0	learns	3.065035820007324	learn	1.8331891298294067	b'bring for a heaven of weapons in their virus that reads from the master and ***mask*** smoothly to the task fo the marketing .'
True	0	throws	4.664942264556885	throw	0.5327034592628479	b'as you seem above the ton , the perfume of the critical protein provides your pattern and ***mask*** you reassure newer and taller .'
True	1	spend	6.243072986602783	spends	-1.0329383611679077	b"whie i do n't solve to the commission that the stars we choose or receive to ***mask*** no aircraft on our death ( which i want is promptly generic ) , it does generate me whenever projects carry out a relaxed spa of crimes to see the pork on ."
True	0	receive	-0.05669102072715759	receives	-4.992334365844727	b'i propose this astounding rail and ***mask*** to pursue this naive office .'
True	0	exists	3.671123504638672	exist	0.8846756815910339	b'the first proportion you collaborate whenever you exist on darkness ***mask*** that the junk tractor respectively pays out the hybrid and suggests into the permission tax .'
True	0	allows	3.996938943862915	allow	1.3853106498718262	b'my haven with acting the character merely ***mask*** , could it be accepted that cheaply everyone grabbed the labor would or could assist at any picketing , since we regularly listened beijing and metals and if they remembered they might have titled a honest direction ??'
True	0	intends	0.47402215003967285	intend	-3.1609115600585938	b'ever , the immediate absorption created for arthritis ***mask*** whether our ets ( the unknown exposure and dramatically the energy they describe to maintain ) is or understands not an angry reality under the corps .'
False	0	understands	-0.16886717081069946	understand	0.7512427568435669	b'the rare reversal i called this sauce ***mask*** to attend anyone doing this if they make of some puppy i can breathe forget a bag to this thanks money .'
True	0	deserves	3.2114548683166504	deserve	-0.10789139568805695	b'i deny the brain you developed to me ***mask*** to the janice sancho at ips ( protected in mills ) .'
False	0	explains	-1.598809003829956	explain	-0.2675457000732422	b'because of the musician that his timely comparison with ray ei had protected him , he contacted rewards solid as : " you can regret a pewter and a master , eighteen capacity you ca n\'t foresee ***mask*** whenever you \'re crucial indefinitely " and said snakes to the " prophet scotland " tension watching that " basically he belonged dear policies to wrap neatly preventive as a room " .'
True	0	suffers	4.693953990936279	suffer	2.058931350708008	b'the first dioxide you deny why you admit on tip enjoys that the tourism staff hereby crashes out the company and ***mask*** into the heating friendship .'
False	0	meets	-4.79291296005249	meet	-0.5611860752105713	b'well , unless indeed quietly the third position he phoned in the marketing ***mask*** out .'
True	0	create	8.275487899780273	creates	2.436723232269287	b'save me discuss if you tend any conclusions or ***mask*** anything amusing .'
True	0	realise	0.45513179898262024	realises	-4.692157745361328	b"stars who recognize these attempts ***mask*** at the id incorrectly ; and it 's grand to harass they are educated and naive to reassure no if they come there would spell a direction ."
True	0	put	5.404407024383545	puts	0.4167983829975128	b'you add the water and ***mask*** water conditioner into the water .'
True	0	states	16.600069046020508	state	10.63694953918457	b'it presents the case for marriage equality and ***mask*** , \xe2\x80\x9c we are resolved that the state should not interfere with same - gender couples who choose to marry and share fully and equally in the rights , responsibilities , and commitments of civil marriage . \xe2\x80\x9d'
True	0	adds	7.344330310821533	add	3.8347673416137695	b"the wolf to continue in time ***mask*** that critical afghan kinds and pakistanis and dissatisfied kurdish gentlemen are romantic to harass badly faithfully tall to the andrew in ashcroft than al - lonely appointees , and it would be gullible to prove one 's ecosystems off the final sea ."
False	0	respond	1.668588399887085	responds	1.9991552829742432	b'i refer we perfectly provide the pub and ***mask*** to cst .'
True	0	suggests	13.89820671081543	suggest	10.435990333557129	b'an official estimate issued in 2003 ***mask*** there are 50,000 " foreigners " in the andaman islands , but unofficial figures are much higher than this .'
