Found 400 samples for long_vp_coord
True long_vp_coord sing_MS_LMV_LMV is are the customer knows many different foreign languages and ***mask*** twenty three years old .
True long_vp_coord plur_MS_LMV_LMV enjoy enjoys the customers are twenty three years old and ***mask*** playing tennis with colleagues .
True long_vp_coord sing_MS_LMV_LMV enjoys enjoy the manager knows many different foreign languages and ***mask*** playing tennis with colleagues .
True long_vp_coord plur_MS_LMV_LMV like likes the teachers are twenty three years old and ***mask*** to watch television shows .
True long_vp_coord plur_MS_LMV_LMV know knows the authors enjoy playing tennis with colleagues and ***mask*** many different foreign languages .
True long_vp_coord plur_MS_LMV_LMV like likes the authors write in a journal every day and ***mask*** to watch television shows .
True long_vp_coord plur_MS_LMV_LMV are is the farmers know many different foreign languages and ***mask*** twenty three years old .
True long_vp_coord sing_MS_LMV_LMV is are the farmer likes to watch television shows and ***mask*** twenty three years old .
True long_vp_coord plur_MS_LMV_LMV like likes the senators enjoy playing tennis with colleagues and ***mask*** to watch television shows .
True long_vp_coord sing_MS_LMV_LMV likes like the farmer knows many different foreign languages and ***mask*** to watch television shows .
True long_vp_coord plur_MS_LMV_LMV know knows the senators enjoy playing tennis with colleagues and ***mask*** many different foreign languages .
True long_vp_coord plur_MS_LMV_LMV write writes the consultants know many different foreign languages and ***mask*** in a journal every day .
True long_vp_coord plur_MS_LMV_LMV write writes the customers like to watch television shows and ***mask*** in a journal every day .
True long_vp_coord sing_MS_LMV_LMV is are the senator knows many different foreign languages and ***mask*** twenty three years old .
True long_vp_coord sing_MS_LMV_LMV likes like the surgeon writes in a journal every day and ***mask*** to watch television shows .
True long_vp_coord plur_MS_LMV_LMV write writes the consultants enjoy playing tennis with colleagues and ***mask*** in a journal every day .
True long_vp_coord plur_MS_LMV_LMV know knows the pilots are twenty three years old and ***mask*** many different foreign languages .
True long_vp_coord plur_MS_LMV_LMV know knows the senators like to watch television shows and ***mask*** many different foreign languages .
True long_vp_coord plur_MS_LMV_LMV like likes the customers write in a journal every day and ***mask*** to watch television shows .
True long_vp_coord sing_MS_LMV_LMV enjoys enjoy the officer writes in a journal every day and ***mask*** playing tennis with colleagues .
True long_vp_coord plur_MS_LMV_LMV write writes the customers are twenty three years old and ***mask*** in a journal every day .
True long_vp_coord plur_MS_LMV_LMV are is the senators know many different foreign languages and ***mask*** twenty three years old .
True long_vp_coord plur_MS_LMV_LMV like likes the surgeons know many different foreign languages and ***mask*** to watch television shows .
True long_vp_coord sing_MS_LMV_LMV enjoys enjoy the pilot likes to watch television shows and ***mask*** playing tennis with colleagues .
True long_vp_coord plur_MS_LMV_LMV enjoy enjoys the managers like to watch television shows and ***mask*** playing tennis with colleagues .
True long_vp_coord plur_MS_LMV_LMV like likes the pilots enjoy playing tennis with colleagues and ***mask*** to watch television shows .
True long_vp_coord plur_MS_LMV_LMV know knows the pilots like to watch television shows and ***mask*** many different foreign languages .
True long_vp_coord sing_MS_LMV_LMV enjoys enjoy the customer likes to watch television shows and ***mask*** playing tennis with colleagues .
True long_vp_coord sing_MS_LMV_LMV knows know the senator likes to watch television shows and ***mask*** many different foreign languages .
True long_vp_coord sing_MS_LMV_LMV writes write the officer enjoys playing tennis with colleagues and ***mask*** in a journal every day .
True long_vp_coord plur_MS_LMV_LMV like likes the teachers enjoy playing tennis with colleagues and ***mask*** to watch television shows .
True long_vp_coord sing_MS_LMV_LMV likes like the customer enjoys playing tennis with colleagues and ***mask*** to watch television shows .
True long_vp_coord sing_MS_LMV_LMV knows know the consultant is twenty three years old and ***mask*** many different foreign languages .
True long_vp_coord sing_MS_LMV_LMV enjoys enjoy the farmer knows many different foreign languages and ***mask*** playing tennis with colleagues .
True long_vp_coord plur_MS_LMV_LMV enjoy enjoys the authors write in a journal every day and ***mask*** playing tennis with colleagues .
True long_vp_coord sing_MS_LMV_LMV enjoys enjoy the farmer is twenty three years old and ***mask*** playing tennis with colleagues .
True long_vp_coord sing_MS_LMV_LMV writes write the pilot is twenty three years old and ***mask*** in a journal every day .
True long_vp_coord sing_MS_LMV_LMV is are the customer likes to watch television shows and ***mask*** twenty three years old .
True long_vp_coord plur_MS_LMV_LMV like likes the farmers enjoy playing tennis with colleagues and ***mask*** to watch television shows .
True long_vp_coord plur_MS_LMV_LMV are is the officers like to watch television shows and ***mask*** twenty three years old .
True long_vp_coord plur_MS_LMV_LMV like likes the surgeons are twenty three years old and ***mask*** to watch television shows .
True long_vp_coord sing_MS_LMV_LMV likes like the pilot writes in a journal every day and ***mask*** to watch television shows .
True long_vp_coord sing_MS_LMV_LMV enjoys enjoy the teacher likes to watch television shows and ***mask*** playing tennis with colleagues .
True long_vp_coord plur_MS_LMV_LMV enjoy enjoys the authors are twenty three years old and ***mask*** playing tennis with colleagues .
True long_vp_coord plur_MS_LMV_LMV know knows the authors write in a journal every day and ***mask*** many different foreign languages .
True long_vp_coord plur_MS_LMV_LMV write writes the farmers like to watch television shows and ***mask*** in a journal every day .
True long_vp_coord plur_MS_LMV_LMV know knows the teachers enjoy playing tennis with colleagues and ***mask*** many different foreign languages .
True long_vp_coord plur_MS_LMV_LMV know knows the farmers are twenty three years old and ***mask*** many different foreign languages .
True long_vp_coord sing_MS_LMV_LMV likes like the pilot enjoys playing tennis with colleagues and ***mask*** to watch television shows .
True long_vp_coord sing_MS_LMV_LMV likes like the officer writes in a journal every day and ***mask*** to watch television shows .
True long_vp_coord plur_MS_LMV_LMV are is the teachers like to watch television shows and ***mask*** twenty three years old .
True long_vp_coord sing_MS_LMV_LMV knows know the pilot writes in a journal every day and ***mask*** many different foreign languages .
True long_vp_coord sing_MS_LMV_LMV writes write the customer is twenty three years old and ***mask*** in a journal every day .
True long_vp_coord plur_MS_LMV_LMV are is the consultants write in a journal every day and ***mask*** twenty three years old .
True long_vp_coord plur_MS_LMV_LMV enjoy enjoys the officers are twenty three years old and ***mask*** playing tennis with colleagues .
True long_vp_coord sing_MS_LMV_LMV writes write the senator enjoys playing tennis with colleagues and ***mask*** in a journal every day .
True long_vp_coord sing_MS_LMV_LMV likes like the pilot is twenty three years old and ***mask*** to watch television shows .
True long_vp_coord sing_MS_LMV_LMV knows know the officer is twenty three years old and ***mask*** many different foreign languages .
True long_vp_coord sing_MS_LMV_LMV enjoys enjoy the manager is twenty three years old and ***mask*** playing tennis with colleagues .
True long_vp_coord plur_MS_LMV_LMV write writes the teachers know many different foreign languages and ***mask*** in a journal every day .
True long_vp_coord sing_MS_LMV_LMV writes write the senator is twenty three years old and ***mask*** in a journal every day .
True long_vp_coord plur_MS_LMV_LMV like likes the officers know many different foreign languages and ***mask*** to watch television shows .
True long_vp_coord sing_MS_LMV_LMV is are the senator writes in a journal every day and ***mask*** twenty three years old .
True long_vp_coord sing_MS_LMV_LMV enjoys enjoy the officer likes to watch television shows and ***mask*** playing tennis with colleagues .
True long_vp_coord plur_MS_LMV_LMV write writes the managers like to watch television shows and ***mask*** in a journal every day .
True long_vp_coord plur_MS_LMV_LMV like likes the consultants enjoy playing tennis with colleagues and ***mask*** to watch television shows .
True long_vp_coord plur_MS_LMV_LMV enjoy enjoys the consultants write in a journal every day and ***mask*** playing tennis with colleagues .
True long_vp_coord plur_MS_LMV_LMV write writes the customers know many different foreign languages and ***mask*** in a journal every day .
True long_vp_coord plur_MS_LMV_LMV are is the consultants like to watch television shows and ***mask*** twenty three years old .
True long_vp_coord plur_MS_LMV_LMV write writes the senators enjoy playing tennis with colleagues and ***mask*** in a journal every day .
True long_vp_coord sing_MS_LMV_LMV enjoys enjoy the teacher knows many different foreign languages and ***mask*** playing tennis with colleagues .
True long_vp_coord plur_MS_LMV_LMV enjoy enjoys the senators are twenty three years old and ***mask*** playing tennis with colleagues .
True long_vp_coord sing_MS_LMV_LMV enjoys enjoy the senator knows many different foreign languages and ***mask*** playing tennis with colleagues .
True long_vp_coord sing_MS_LMV_LMV writes write the teacher enjoys playing tennis with colleagues and ***mask*** in a journal every day .
True long_vp_coord sing_MS_LMV_LMV is are the surgeon enjoys playing tennis with colleagues and ***mask*** twenty three years old .
True long_vp_coord plur_MS_LMV_LMV write writes the officers like to watch television shows and ***mask*** in a journal every day .
True long_vp_coord sing_MS_LMV_LMV enjoys enjoy the manager likes to watch television shows and ***mask*** playing tennis with colleagues .
True long_vp_coord plur_MS_LMV_LMV write writes the authors know many different foreign languages and ***mask*** in a journal every day .
True long_vp_coord plur_MS_LMV_LMV like likes the teachers know many different foreign languages and ***mask*** to watch television shows .
True long_vp_coord sing_MS_LMV_LMV is are the consultant writes in a journal every day and ***mask*** twenty three years old .
True long_vp_coord plur_MS_LMV_LMV are is the farmers enjoy playing tennis with colleagues and ***mask*** twenty three years old .
True long_vp_coord plur_MS_LMV_LMV know knows the customers are twenty three years old and ***mask*** many different foreign languages .
True long_vp_coord plur_MS_LMV_LMV are is the teachers enjoy playing tennis with colleagues and ***mask*** twenty three years old .
True long_vp_coord sing_MS_LMV_LMV is are the pilot enjoys playing tennis with colleagues and ***mask*** twenty three years old .
True long_vp_coord sing_MS_LMV_LMV is are the surgeon likes to watch television shows and ***mask*** twenty three years old .
True long_vp_coord plur_MS_LMV_LMV write writes the pilots are twenty three years old and ***mask*** in a journal every day .
True long_vp_coord plur_MS_LMV_LMV write writes the teachers like to watch television shows and ***mask*** in a journal every day .
True long_vp_coord plur_MS_LMV_LMV enjoy enjoys the pilots like to watch television shows and ***mask*** playing tennis with colleagues .
True long_vp_coord plur_MS_LMV_LMV like likes the farmers are twenty three years old and ***mask*** to watch television shows .
True long_vp_coord sing_MS_LMV_LMV writes write the teacher knows many different foreign languages and ***mask*** in a journal every day .
True long_vp_coord plur_MS_LMV_LMV like likes the customers enjoy playing tennis with colleagues and ***mask*** to watch television shows .
True long_vp_coord plur_MS_LMV_LMV write writes the surgeons know many different foreign languages and ***mask*** in a journal every day .
True long_vp_coord sing_MS_LMV_LMV knows know the pilot is twenty three years old and ***mask*** many different foreign languages .
True long_vp_coord sing_MS_LMV_LMV knows know the customer enjoys playing tennis with colleagues and ***mask*** many different foreign languages .
True long_vp_coord plur_MS_LMV_LMV are is the surgeons enjoy playing tennis with colleagues and ***mask*** twenty three years old .
True long_vp_coord sing_MS_LMV_LMV knows know the author enjoys playing tennis with colleagues and ***mask*** many different foreign languages .
True long_vp_coord plur_MS_LMV_LMV like likes the managers are twenty three years old and ***mask*** to watch television shows .
True long_vp_coord sing_MS_LMV_LMV likes like the farmer writes in a journal every day and ***mask*** to watch television shows .
True long_vp_coord plur_MS_LMV_LMV write writes the surgeons enjoy playing tennis with colleagues and ***mask*** in a journal every day .
True long_vp_coord plur_MS_LMV_LMV are is the consultants know many different foreign languages and ***mask*** twenty three years old .
True long_vp_coord plur_MS_LMV_LMV write writes the managers know many different foreign languages and ***mask*** in a journal every day .
True long_vp_coord plur_MS_LMV_LMV enjoy enjoys the senators know many different foreign languages and ***mask*** playing tennis with colleagues .
True long_vp_coord sing_MS_LMV_LMV knows know the senator is twenty three years old and ***mask*** many different foreign languages .
True long_vp_coord plur_MS_LMV_LMV like likes the authors enjoy playing tennis with colleagues and ***mask*** to watch television shows .
True long_vp_coord sing_MS_LMV_LMV likes like the senator knows many different foreign languages and ***mask*** to watch television shows .
True long_vp_coord sing_MS_LMV_LMV enjoys enjoy the teacher writes in a journal every day and ***mask*** playing tennis with colleagues .
True long_vp_coord plur_MS_LMV_LMV are is the pilots know many different foreign languages and ***mask*** twenty three years old .
True long_vp_coord plur_MS_LMV_LMV write writes the pilots enjoy playing tennis with colleagues and ***mask*** in a journal every day .
True long_vp_coord sing_MS_LMV_LMV knows know the manager is twenty three years old and ***mask*** many different foreign languages .
True long_vp_coord plur_MS_LMV_LMV know knows the farmers enjoy playing tennis with colleagues and ***mask*** many different foreign languages .
True long_vp_coord sing_MS_LMV_LMV likes like the consultant is twenty three years old and ***mask*** to watch television shows .
True long_vp_coord sing_MS_LMV_LMV is are the teacher enjoys playing tennis with colleagues and ***mask*** twenty three years old .
True long_vp_coord plur_MS_LMV_LMV know knows the officers enjoy playing tennis with colleagues and ***mask*** many different foreign languages .
True long_vp_coord plur_MS_LMV_LMV enjoy enjoys the surgeons know many different foreign languages and ***mask*** playing tennis with colleagues .
True long_vp_coord sing_MS_LMV_LMV likes like the teacher is twenty three years old and ***mask*** to watch television shows .
True long_vp_coord plur_MS_LMV_LMV know knows the consultants like to watch television shows and ***mask*** many different foreign languages .
True long_vp_coord sing_MS_LMV_LMV likes like the officer knows many different foreign languages and ***mask*** to watch television shows .
True long_vp_coord plur_MS_LMV_LMV enjoy enjoys the teachers are twenty three years old and ***mask*** playing tennis with colleagues .
True long_vp_coord plur_MS_LMV_LMV enjoy enjoys the customers know many different foreign languages and ***mask*** playing tennis with colleagues .
False long_vp_coord sing_MS_LMV_LMV writes write the teacher likes to watch television shows and ***mask*** in a journal every day .
True long_vp_coord sing_MS_LMV_LMV likes like the manager knows many different foreign languages and ***mask*** to watch television shows .
True long_vp_coord plur_MS_LMV_LMV enjoy enjoys the surgeons are twenty three years old and ***mask*** playing tennis with colleagues .
True long_vp_coord sing_MS_LMV_LMV likes like the author enjoys playing tennis with colleagues and ***mask*** to watch television shows .
True long_vp_coord sing_MS_LMV_LMV enjoys enjoy the senator likes to watch television shows and ***mask*** playing tennis with colleagues .
True long_vp_coord sing_MS_LMV_LMV writes write the farmer knows many different foreign languages and ***mask*** in a journal every day .
True long_vp_coord plur_MS_LMV_LMV know knows the pilots enjoy playing tennis with colleagues and ***mask*** many different foreign languages .
True long_vp_coord plur_MS_LMV_LMV know knows the officers are twenty three years old and ***mask*** many different foreign languages .
True long_vp_coord plur_MS_LMV_LMV enjoy enjoys the farmers know many different foreign languages and ***mask*** playing tennis with colleagues .
True long_vp_coord plur_MS_LMV_LMV like likes the pilots know many different foreign languages and ***mask*** to watch television shows .
True long_vp_coord sing_MS_LMV_LMV likes like the customer writes in a journal every day and ***mask*** to watch television shows .
True long_vp_coord sing_MS_LMV_LMV is are the teacher writes in a journal every day and ***mask*** twenty three years old .
True long_vp_coord plur_MS_LMV_LMV like likes the consultants know many different foreign languages and ***mask*** to watch television shows .
True long_vp_coord plur_MS_LMV_LMV know knows the surgeons are twenty three years old and ***mask*** many different foreign languages .
True long_vp_coord plur_MS_LMV_LMV write writes the pilots like to watch television shows and ***mask*** in a journal every day .
True long_vp_coord plur_MS_LMV_LMV enjoy enjoys the consultants know many different foreign languages and ***mask*** playing tennis with colleagues .
True long_vp_coord sing_MS_LMV_LMV likes like the teacher writes in a journal every day and ***mask*** to watch television shows .
True long_vp_coord plur_MS_LMV_LMV like likes the authors are twenty three years old and ***mask*** to watch television shows .
True long_vp_coord plur_MS_LMV_LMV write writes the farmers are twenty three years old and ***mask*** in a journal every day .
True long_vp_coord plur_MS_LMV_LMV know knows the senators write in a journal every day and ***mask*** many different foreign languages .
True long_vp_coord plur_MS_LMV_LMV enjoy enjoys the customers write in a journal every day and ***mask*** playing tennis with colleagues .
True long_vp_coord plur_MS_LMV_LMV like likes the officers write in a journal every day and ***mask*** to watch television shows .
True long_vp_coord sing_MS_LMV_LMV knows know the senator writes in a journal every day and ***mask*** many different foreign languages .
True long_vp_coord plur_MS_LMV_LMV like likes the teachers write in a journal every day and ***mask*** to watch television shows .
True long_vp_coord plur_MS_LMV_LMV write writes the customers enjoy playing tennis with colleagues and ***mask*** in a journal every day .
True long_vp_coord sing_MS_LMV_LMV enjoys enjoy the senator writes in a journal every day and ***mask*** playing tennis with colleagues .
True long_vp_coord plur_MS_LMV_LMV are is the teachers know many different foreign languages and ***mask*** twenty three years old .
True long_vp_coord plur_MS_LMV_LMV know knows the teachers are twenty three years old and ***mask*** many different foreign languages .
True long_vp_coord sing_MS_LMV_LMV writes write the surgeon knows many different foreign languages and ***mask*** in a journal every day .
True long_vp_coord sing_MS_LMV_LMV is are the senator enjoys playing tennis with colleagues and ***mask*** twenty three years old .
True long_vp_coord sing_MS_LMV_LMV knows know the surgeon likes to watch television shows and ***mask*** many different foreign languages .
True long_vp_coord sing_MS_LMV_LMV is are the manager likes to watch television shows and ***mask*** twenty three years old .
True long_vp_coord sing_MS_LMV_LMV is are the author likes to watch television shows and ***mask*** twenty three years old .
True long_vp_coord plur_MS_LMV_LMV are is the managers like to watch television shows and ***mask*** twenty three years old .
True long_vp_coord plur_MS_LMV_LMV write writes the officers are twenty three years old and ***mask*** in a journal every day .
True long_vp_coord sing_MS_LMV_LMV writes write the customer enjoys playing tennis with colleagues and ***mask*** in a journal every day .
True long_vp_coord plur_MS_LMV_LMV are is the consultants enjoy playing tennis with colleagues and ***mask*** twenty three years old .
True long_vp_coord sing_MS_LMV_LMV knows know the farmer enjoys playing tennis with colleagues and ***mask*** many different foreign languages .
True long_vp_coord plur_MS_LMV_LMV enjoy enjoys the consultants are twenty three years old and ***mask*** playing tennis with colleagues .
True long_vp_coord sing_MS_LMV_LMV enjoys enjoy the consultant likes to watch television shows and ***mask*** playing tennis with colleagues .
True long_vp_coord sing_MS_LMV_LMV writes write the pilot enjoys playing tennis with colleagues and ***mask*** in a journal every day .
True long_vp_coord plur_MS_LMV_LMV know knows the officers write in a journal every day and ***mask*** many different foreign languages .
True long_vp_coord sing_MS_LMV_LMV enjoys enjoy the customer is twenty three years old and ***mask*** playing tennis with colleagues .
True long_vp_coord plur_MS_LMV_LMV like likes the customers are twenty three years old and ***mask*** to watch television shows .
True long_vp_coord sing_MS_LMV_LMV is are the consultant enjoys playing tennis with colleagues and ***mask*** twenty three years old .
True long_vp_coord sing_MS_LMV_LMV knows know the customer is twenty three years old and ***mask*** many different foreign languages .
True long_vp_coord plur_MS_LMV_LMV like likes the senators write in a journal every day and ***mask*** to watch television shows .
True long_vp_coord sing_MS_LMV_LMV knows know the pilot enjoys playing tennis with colleagues and ***mask*** many different foreign languages .
True long_vp_coord sing_MS_LMV_LMV knows know the consultant likes to watch television shows and ***mask*** many different foreign languages .
True long_vp_coord plur_MS_LMV_LMV write writes the surgeons are twenty three years old and ***mask*** in a journal every day .
True long_vp_coord sing_MS_LMV_LMV knows know the teacher writes in a journal every day and ***mask*** many different foreign languages .
True long_vp_coord plur_MS_LMV_LMV are is the pilots write in a journal every day and ***mask*** twenty three years old .
True long_vp_coord sing_MS_LMV_LMV likes like the senator writes in a journal every day and ***mask*** to watch television shows .
True long_vp_coord plur_MS_LMV_LMV like likes the pilots are twenty three years old and ***mask*** to watch television shows .
True long_vp_coord sing_MS_LMV_LMV writes write the author knows many different foreign languages and ***mask*** in a journal every day .
True long_vp_coord sing_MS_LMV_LMV is are the customer writes in a journal every day and ***mask*** twenty three years old .
True long_vp_coord sing_MS_LMV_LMV is are the farmer knows many different foreign languages and ***mask*** twenty three years old .
True long_vp_coord plur_MS_LMV_LMV enjoy enjoys the officers like to watch television shows and ***mask*** playing tennis with colleagues .
True long_vp_coord sing_MS_LMV_LMV writes write the consultant knows many different foreign languages and ***mask*** in a journal every day .
True long_vp_coord plur_MS_LMV_LMV are is the senators enjoy playing tennis with colleagues and ***mask*** twenty three years old .
True long_vp_coord plur_MS_LMV_LMV like likes the managers enjoy playing tennis with colleagues and ***mask*** to watch television shows .
True long_vp_coord sing_MS_LMV_LMV knows know the manager writes in a journal every day and ***mask*** many different foreign languages .
True long_vp_coord plur_MS_LMV_LMV know knows the managers write in a journal every day and ***mask*** many different foreign languages .
True long_vp_coord plur_MS_LMV_LMV know knows the teachers write in a journal every day and ***mask*** many different foreign languages .
True long_vp_coord sing_MS_LMV_LMV is are the pilot likes to watch television shows and ***mask*** twenty three years old .
True long_vp_coord plur_MS_LMV_LMV know knows the customers write in a journal every day and ***mask*** many different foreign languages .
True long_vp_coord sing_MS_LMV_LMV knows know the officer writes in a journal every day and ***mask*** many different foreign languages .
True long_vp_coord sing_MS_LMV_LMV likes like the pilot knows many different foreign languages and ***mask*** to watch television shows .
True long_vp_coord plur_MS_LMV_LMV enjoy enjoys the pilots write in a journal every day and ***mask*** playing tennis with colleagues .
True long_vp_coord sing_MS_LMV_LMV enjoys enjoy the surgeon likes to watch television shows and ***mask*** playing tennis with colleagues .
True long_vp_coord sing_MS_LMV_LMV is are the customer enjoys playing tennis with colleagues and ***mask*** twenty three years old .
True long_vp_coord sing_MS_LMV_LMV enjoys enjoy the consultant is twenty three years old and ***mask*** playing tennis with colleagues .
True long_vp_coord sing_MS_LMV_LMV is are the consultant knows many different foreign languages and ***mask*** twenty three years old .
True long_vp_coord plur_MS_LMV_LMV enjoy enjoys the senators write in a journal every day and ***mask*** playing tennis with colleagues .
True long_vp_coord sing_MS_LMV_LMV likes like the manager enjoys playing tennis with colleagues and ***mask*** to watch television shows .
True long_vp_coord plur_MS_LMV_LMV write writes the consultants like to watch television shows and ***mask*** in a journal every day .
False long_vp_coord sing_MS_LMV_LMV writes write the officer likes to watch television shows and ***mask*** in a journal every day .
True long_vp_coord plur_MS_LMV_LMV like likes the surgeons write in a journal every day and ***mask*** to watch television shows .
True long_vp_coord plur_MS_LMV_LMV enjoy enjoys the senators like to watch television shows and ***mask*** playing tennis with colleagues .
True long_vp_coord plur_MS_LMV_LMV are is the senators like to watch television shows and ***mask*** twenty three years old .
True long_vp_coord sing_MS_LMV_LMV likes like the consultant enjoys playing tennis with colleagues and ***mask*** to watch television shows .
True long_vp_coord plur_MS_LMV_LMV are is the authors enjoy playing tennis with colleagues and ***mask*** twenty three years old .
True long_vp_coord sing_MS_LMV_LMV knows know the surgeon enjoys playing tennis with colleagues and ***mask*** many different foreign languages .
True long_vp_coord sing_MS_LMV_LMV is are the teacher knows many different foreign languages and ***mask*** twenty three years old .
True long_vp_coord plur_MS_LMV_LMV enjoy enjoys the farmers like to watch television shows and ***mask*** playing tennis with colleagues .
True long_vp_coord sing_MS_LMV_LMV likes like the farmer is twenty three years old and ***mask*** to watch television shows .
True long_vp_coord plur_MS_LMV_LMV enjoy enjoys the teachers write in a journal every day and ***mask*** playing tennis with colleagues .
True long_vp_coord sing_MS_LMV_LMV enjoys enjoy the officer knows many different foreign languages and ***mask*** playing tennis with colleagues .
True long_vp_coord plur_MS_LMV_LMV are is the pilots enjoy playing tennis with colleagues and ***mask*** twenty three years old .
True long_vp_coord sing_MS_LMV_LMV enjoys enjoy the consultant knows many different foreign languages and ***mask*** playing tennis with colleagues .
True long_vp_coord plur_MS_LMV_LMV know knows the pilots write in a journal every day and ***mask*** many different foreign languages .
True long_vp_coord plur_MS_LMV_LMV write writes the surgeons like to watch television shows and ***mask*** in a journal every day .
True long_vp_coord plur_MS_LMV_LMV write writes the senators are twenty three years old and ***mask*** in a journal every day .
True long_vp_coord plur_MS_LMV_LMV enjoy enjoys the customers like to watch television shows and ***mask*** playing tennis with colleagues .
True long_vp_coord plur_MS_LMV_LMV enjoy enjoys the pilots know many different foreign languages and ***mask*** playing tennis with colleagues .
True long_vp_coord plur_MS_LMV_LMV are is the surgeons write in a journal every day and ***mask*** twenty three years old .
True long_vp_coord plur_MS_LMV_LMV write writes the authors like to watch television shows and ***mask*** in a journal every day .
True long_vp_coord plur_MS_LMV_LMV know knows the authors are twenty three years old and ***mask*** many different foreign languages .
True long_vp_coord sing_MS_LMV_LMV knows know the consultant enjoys playing tennis with colleagues and ***mask*** many different foreign languages .
True long_vp_coord sing_MS_LMV_LMV enjoys enjoy the surgeon writes in a journal every day and ***mask*** playing tennis with colleagues .
True long_vp_coord sing_MS_LMV_LMV enjoys enjoy the farmer writes in a journal every day and ***mask*** playing tennis with colleagues .
True long_vp_coord plur_MS_LMV_LMV know knows the surgeons enjoy playing tennis with colleagues and ***mask*** many different foreign languages .
True long_vp_coord plur_MS_LMV_LMV know knows the managers are twenty three years old and ***mask*** many different foreign languages .
True long_vp_coord plur_MS_LMV_LMV write writes the consultants are twenty three years old and ***mask*** in a journal every day .
True long_vp_coord plur_MS_LMV_LMV are is the farmers write in a journal every day and ***mask*** twenty three years old .
True long_vp_coord plur_MS_LMV_LMV write writes the officers know many different foreign languages and ***mask*** in a journal every day .
True long_vp_coord plur_MS_LMV_LMV are is the customers enjoy playing tennis with colleagues and ***mask*** twenty three years old .
True long_vp_coord sing_MS_LMV_LMV knows know the teacher is twenty three years old and ***mask*** many different foreign languages .
True long_vp_coord sing_MS_LMV_LMV is are the surgeon writes in a journal every day and ***mask*** twenty three years old .
True long_vp_coord sing_MS_LMV_LMV likes like the surgeon knows many different foreign languages and ***mask*** to watch television shows .
True long_vp_coord sing_MS_LMV_LMV enjoys enjoy the pilot is twenty three years old and ***mask*** playing tennis with colleagues .
False long_vp_coord sing_MS_LMV_LMV writes write the manager likes to watch television shows and ***mask*** in a journal every day .
True long_vp_coord plur_MS_LMV_LMV are is the managers write in a journal every day and ***mask*** twenty three years old .
True long_vp_coord plur_MS_LMV_LMV write writes the farmers know many different foreign languages and ***mask*** in a journal every day .
False long_vp_coord sing_MS_LMV_LMV writes write the surgeon likes to watch television shows and ***mask*** in a journal every day .
True long_vp_coord sing_MS_LMV_LMV writes write the author enjoys playing tennis with colleagues and ***mask*** in a journal every day .
True long_vp_coord sing_MS_LMV_LMV writes write the farmer is twenty three years old and ***mask*** in a journal every day .
True long_vp_coord plur_MS_LMV_LMV write writes the senators like to watch television shows and ***mask*** in a journal every day .
True long_vp_coord sing_MS_LMV_LMV likes like the officer is twenty three years old and ***mask*** to watch television shows .
True long_vp_coord sing_MS_LMV_LMV likes like the manager is twenty three years old and ***mask*** to watch television shows .
False long_vp_coord sing_MS_LMV_LMV writes write the author likes to watch television shows and ***mask*** in a journal every day .
True long_vp_coord plur_MS_LMV_LMV know knows the managers enjoy playing tennis with colleagues and ***mask*** many different foreign languages .
False long_vp_coord sing_MS_LMV_LMV writes write the senator likes to watch television shows and ***mask*** in a journal every day .
True long_vp_coord plur_MS_LMV_LMV know knows the teachers like to watch television shows and ***mask*** many different foreign languages .
True long_vp_coord sing_MS_LMV_LMV writes write the surgeon enjoys playing tennis with colleagues and ***mask*** in a journal every day .
True long_vp_coord sing_MS_LMV_LMV likes like the senator is twenty three years old and ***mask*** to watch television shows .
True long_vp_coord sing_MS_LMV_LMV knows know the surgeon is twenty three years old and ***mask*** many different foreign languages .
True long_vp_coord sing_MS_LMV_LMV likes like the teacher knows many different foreign languages and ***mask*** to watch television shows .
True long_vp_coord plur_MS_LMV_LMV write writes the teachers enjoy playing tennis with colleagues and ***mask*** in a journal every day .
True long_vp_coord plur_MS_LMV_LMV are is the managers enjoy playing tennis with colleagues and ***mask*** twenty three years old .
True long_vp_coord plur_MS_LMV_LMV like likes the pilots write in a journal every day and ***mask*** to watch television shows .
True long_vp_coord sing_MS_LMV_LMV writes write the manager enjoys playing tennis with colleagues and ***mask*** in a journal every day .
True long_vp_coord sing_MS_LMV_LMV enjoys enjoy the author knows many different foreign languages and ***mask*** playing tennis with colleagues .
True long_vp_coord sing_MS_LMV_LMV knows know the farmer writes in a journal every day and ***mask*** many different foreign languages .
True long_vp_coord plur_MS_LMV_LMV know knows the consultants enjoy playing tennis with colleagues and ***mask*** many different foreign languages .
True long_vp_coord plur_MS_LMV_LMV know knows the officers like to watch television shows and ***mask*** many different foreign languages .
True long_vp_coord plur_MS_LMV_LMV are is the pilots like to watch television shows and ***mask*** twenty three years old .
True long_vp_coord sing_MS_LMV_LMV is are the senator likes to watch television shows and ***mask*** twenty three years old .
True long_vp_coord plur_MS_LMV_LMV are is the customers write in a journal every day and ***mask*** twenty three years old .
True long_vp_coord plur_MS_LMV_LMV like likes the consultants write in a journal every day and ***mask*** to watch television shows .
True long_vp_coord plur_MS_LMV_LMV know knows the senators are twenty three years old and ***mask*** many different foreign languages .
True long_vp_coord sing_MS_LMV_LMV is are the surgeon knows many different foreign languages and ***mask*** twenty three years old .
True long_vp_coord sing_MS_LMV_LMV knows know the officer likes to watch television shows and ***mask*** many different foreign languages .
True long_vp_coord sing_MS_LMV_LMV is are the farmer writes in a journal every day and ***mask*** twenty three years old .
True long_vp_coord sing_MS_LMV_LMV is are the consultant likes to watch television shows and ***mask*** twenty three years old .
True long_vp_coord sing_MS_LMV_LMV knows know the senator enjoys playing tennis with colleagues and ***mask*** many different foreign languages .
True long_vp_coord plur_MS_LMV_LMV are is the authors like to watch television shows and ***mask*** twenty three years old .
True long_vp_coord sing_MS_LMV_LMV likes like the customer knows many different foreign languages and ***mask*** to watch television shows .
True long_vp_coord plur_MS_LMV_LMV enjoy enjoys the farmers are twenty three years old and ***mask*** playing tennis with colleagues .
True long_vp_coord sing_MS_LMV_LMV is are the farmer enjoys playing tennis with colleagues and ***mask*** twenty three years old .
True long_vp_coord sing_MS_LMV_LMV writes write the officer knows many different foreign languages and ***mask*** in a journal every day .
False long_vp_coord sing_MS_LMV_LMV knows know the customer likes to watch television shows and ***mask*** many different foreign languages .
True long_vp_coord plur_MS_LMV_LMV like likes the senators are twenty three years old and ***mask*** to watch television shows .
False long_vp_coord sing_MS_LMV_LMV writes write the customer likes to watch television shows and ***mask*** in a journal every day .
False long_vp_coord sing_MS_LMV_LMV writes write the consultant likes to watch television shows and ***mask*** in a journal every day .
True long_vp_coord plur_MS_LMV_LMV write writes the officers enjoy playing tennis with colleagues and ***mask*** in a journal every day .
True long_vp_coord plur_MS_LMV_LMV enjoy enjoys the officers write in a journal every day and ***mask*** playing tennis with colleagues .
True long_vp_coord sing_MS_LMV_LMV is are the author writes in a journal every day and ***mask*** twenty three years old .
True long_vp_coord sing_MS_LMV_LMV knows know the officer enjoys playing tennis with colleagues and ***mask*** many different foreign languages .
True long_vp_coord plur_MS_LMV_LMV enjoy enjoys the consultants like to watch television shows and ***mask*** playing tennis with colleagues .
True long_vp_coord plur_MS_LMV_LMV enjoy enjoys the authors know many different foreign languages and ***mask*** playing tennis with colleagues .
True long_vp_coord plur_MS_LMV_LMV are is the authors know many different foreign languages and ***mask*** twenty three years old .
True long_vp_coord sing_MS_LMV_LMV likes like the author is twenty three years old and ***mask*** to watch television shows .
True long_vp_coord sing_MS_LMV_LMV likes like the surgeon is twenty three years old and ***mask*** to watch television shows .
True long_vp_coord plur_MS_LMV_LMV enjoy enjoys the managers know many different foreign languages and ***mask*** playing tennis with colleagues .
True long_vp_coord plur_MS_LMV_LMV know knows the customers enjoy playing tennis with colleagues and ***mask*** many different foreign languages .
True long_vp_coord plur_MS_LMV_LMV like likes the customers know many different foreign languages and ***mask*** to watch television shows .
True long_vp_coord sing_MS_LMV_LMV enjoys enjoy the manager writes in a journal every day and ***mask*** playing tennis with colleagues .
True long_vp_coord sing_MS_LMV_LMV is are the author enjoys playing tennis with colleagues and ***mask*** twenty three years old .
True long_vp_coord plur_MS_LMV_LMV like likes the officers enjoy playing tennis with colleagues and ***mask*** to watch television shows .
True long_vp_coord plur_MS_LMV_LMV like likes the managers know many different foreign languages and ***mask*** to watch television shows .
True long_vp_coord sing_MS_LMV_LMV enjoys enjoy the author likes to watch television shows and ***mask*** playing tennis with colleagues .
True long_vp_coord plur_MS_LMV_LMV enjoy enjoys the teachers know many different foreign languages and ***mask*** playing tennis with colleagues .
True long_vp_coord plur_MS_LMV_LMV like likes the farmers write in a journal every day and ***mask*** to watch television shows .
True long_vp_coord sing_MS_LMV_LMV likes like the author knows many different foreign languages and ***mask*** to watch television shows .
True long_vp_coord sing_MS_LMV_LMV knows know the customer writes in a journal every day and ***mask*** many different foreign languages .
True long_vp_coord sing_MS_LMV_LMV knows know the author is twenty three years old and ***mask*** many different foreign languages .
True long_vp_coord plur_MS_LMV_LMV are is the customers like to watch television shows and ***mask*** twenty three years old .
True long_vp_coord sing_MS_LMV_LMV likes like the senator enjoys playing tennis with colleagues and ***mask*** to watch television shows .
True long_vp_coord plur_MS_LMV_LMV are is the surgeons know many different foreign languages and ***mask*** twenty three years old .
True long_vp_coord plur_MS_LMV_LMV enjoy enjoys the managers are twenty three years old and ***mask*** playing tennis with colleagues .
True long_vp_coord sing_MS_LMV_LMV enjoys enjoy the pilot knows many different foreign languages and ***mask*** playing tennis with colleagues .
True long_vp_coord sing_MS_LMV_LMV enjoys enjoy the consultant writes in a journal every day and ***mask*** playing tennis with colleagues .
True long_vp_coord sing_MS_LMV_LMV likes like the consultant writes in a journal every day and ***mask*** to watch television shows .
True long_vp_coord plur_MS_LMV_LMV like likes the farmers know many different foreign languages and ***mask*** to watch television shows .
True long_vp_coord sing_MS_LMV_LMV knows know the manager likes to watch television shows and ***mask*** many different foreign languages .
True long_vp_coord plur_MS_LMV_LMV are is the officers write in a journal every day and ***mask*** twenty three years old .
True long_vp_coord sing_MS_LMV_LMV is are the manager writes in a journal every day and ***mask*** twenty three years old .
True long_vp_coord sing_MS_LMV_LMV enjoys enjoy the officer is twenty three years old and ***mask*** playing tennis with colleagues .
True long_vp_coord plur_MS_LMV_LMV write writes the teachers are twenty three years old and ***mask*** in a journal every day .
True long_vp_coord sing_MS_LMV_LMV likes like the farmer enjoys playing tennis with colleagues and ***mask*** to watch television shows .
True long_vp_coord plur_MS_LMV_LMV know knows the farmers like to watch television shows and ***mask*** many different foreign languages .
True long_vp_coord sing_MS_LMV_LMV enjoys enjoy the teacher is twenty three years old and ***mask*** playing tennis with colleagues .
True long_vp_coord sing_MS_LMV_LMV enjoys enjoy the author writes in a journal every day and ***mask*** playing tennis with colleagues .
True long_vp_coord sing_MS_LMV_LMV writes write the manager knows many different foreign languages and ***mask*** in a journal every day .
True long_vp_coord sing_MS_LMV_LMV enjoys enjoy the farmer likes to watch television shows and ***mask*** playing tennis with colleagues .
True long_vp_coord plur_MS_LMV_LMV enjoy enjoys the farmers write in a journal every day and ***mask*** playing tennis with colleagues .
True long_vp_coord sing_MS_LMV_LMV likes like the author writes in a journal every day and ***mask*** to watch television shows .
True long_vp_coord sing_MS_LMV_LMV writes write the senator knows many different foreign languages and ***mask*** in a journal every day .
True long_vp_coord sing_MS_LMV_LMV is are the officer writes in a journal every day and ***mask*** twenty three years old .
True long_vp_coord plur_MS_LMV_LMV write writes the managers are twenty three years old and ***mask*** in a journal every day .
True long_vp_coord sing_MS_LMV_LMV is are the manager enjoys playing tennis with colleagues and ***mask*** twenty three years old .
True long_vp_coord sing_MS_LMV_LMV enjoys enjoy the surgeon is twenty three years old and ***mask*** playing tennis with colleagues .
True long_vp_coord sing_MS_LMV_LMV knows know the farmer likes to watch television shows and ***mask*** many different foreign languages .
True long_vp_coord plur_MS_LMV_LMV like likes the senators know many different foreign languages and ***mask*** to watch television shows .
True long_vp_coord sing_MS_LMV_LMV writes write the consultant enjoys playing tennis with colleagues and ***mask*** in a journal every day .
True long_vp_coord sing_MS_LMV_LMV knows know the teacher likes to watch television shows and ***mask*** many different foreign languages .
True long_vp_coord plur_MS_LMV_LMV know knows the authors like to watch television shows and ***mask*** many different foreign languages .
True long_vp_coord sing_MS_LMV_LMV writes write the pilot knows many different foreign languages and ***mask*** in a journal every day .
True long_vp_coord plur_MS_LMV_LMV enjoy enjoys the surgeons write in a journal every day and ***mask*** playing tennis with colleagues .
True long_vp_coord sing_MS_LMV_LMV enjoys enjoy the surgeon knows many different foreign languages and ***mask*** playing tennis with colleagues .
True long_vp_coord plur_MS_LMV_LMV know knows the surgeons write in a journal every day and ***mask*** many different foreign languages .
True long_vp_coord plur_MS_LMV_LMV like likes the authors know many different foreign languages and ***mask*** to watch television shows .
True long_vp_coord sing_MS_LMV_LMV enjoys enjoy the senator is twenty three years old and ***mask*** playing tennis with colleagues .
True long_vp_coord plur_MS_LMV_LMV enjoy enjoys the surgeons like to watch television shows and ***mask*** playing tennis with colleagues .
True long_vp_coord sing_MS_LMV_LMV knows know the teacher enjoys playing tennis with colleagues and ***mask*** many different foreign languages .
True long_vp_coord sing_MS_LMV_LMV likes like the consultant knows many different foreign languages and ***mask*** to watch television shows .
True long_vp_coord plur_MS_LMV_LMV like likes the managers write in a journal every day and ***mask*** to watch television shows .
True long_vp_coord sing_MS_LMV_LMV likes like the surgeon enjoys playing tennis with colleagues and ***mask*** to watch television shows .
True long_vp_coord plur_MS_LMV_LMV write writes the managers enjoy playing tennis with colleagues and ***mask*** in a journal every day .
True long_vp_coord plur_MS_LMV_LMV like likes the surgeons enjoy playing tennis with colleagues and ***mask*** to watch television shows .
True long_vp_coord sing_MS_LMV_LMV likes like the teacher enjoys playing tennis with colleagues and ***mask*** to watch television shows .
True long_vp_coord sing_MS_LMV_LMV writes write the officer is twenty three years old and ***mask*** in a journal every day .
True long_vp_coord plur_MS_LMV_LMV know knows the surgeons like to watch television shows and ***mask*** many different foreign languages .
True long_vp_coord plur_MS_LMV_LMV are is the surgeons like to watch television shows and ***mask*** twenty three years old .
True long_vp_coord sing_MS_LMV_LMV is are the pilot writes in a journal every day and ***mask*** twenty three years old .
True long_vp_coord plur_MS_LMV_LMV enjoy enjoys the officers know many different foreign languages and ***mask*** playing tennis with colleagues .
True long_vp_coord sing_MS_LMV_LMV knows know the manager enjoys playing tennis with colleagues and ***mask*** many different foreign languages .
True long_vp_coord sing_MS_LMV_LMV writes write the surgeon is twenty three years old and ***mask*** in a journal every day .
True long_vp_coord sing_MS_LMV_LMV writes write the teacher is twenty three years old and ***mask*** in a journal every day .
True long_vp_coord sing_MS_LMV_LMV enjoys enjoy the author is twenty three years old and ***mask*** playing tennis with colleagues .
True long_vp_coord plur_MS_LMV_LMV write writes the farmers enjoy playing tennis with colleagues and ***mask*** in a journal every day .
True long_vp_coord plur_MS_LMV_LMV know knows the consultants are twenty three years old and ***mask*** many different foreign languages .
True long_vp_coord sing_MS_LMV_LMV knows know the pilot likes to watch television shows and ***mask*** many different foreign languages .
True long_vp_coord sing_MS_LMV_LMV likes like the customer is twenty three years old and ***mask*** to watch television shows .
True long_vp_coord sing_MS_LMV_LMV is are the manager knows many different foreign languages and ***mask*** twenty three years old .
True long_vp_coord plur_MS_LMV_LMV are is the authors write in a journal every day and ***mask*** twenty three years old .
True long_vp_coord plur_MS_LMV_LMV write writes the authors enjoy playing tennis with colleagues and ***mask*** in a journal every day .
True long_vp_coord plur_MS_LMV_LMV are is the managers know many different foreign languages and ***mask*** twenty three years old .
True long_vp_coord sing_MS_LMV_LMV is are the author knows many different foreign languages and ***mask*** twenty three years old .
True long_vp_coord sing_MS_LMV_LMV writes write the customer knows many different foreign languages and ***mask*** in a journal every day .
True long_vp_coord plur_MS_LMV_LMV are is the senators write in a journal every day and ***mask*** twenty three years old .
True long_vp_coord plur_MS_LMV_LMV know knows the consultants write in a journal every day and ***mask*** many different foreign languages .
True long_vp_coord sing_MS_LMV_LMV knows know the consultant writes in a journal every day and ***mask*** many different foreign languages .
True long_vp_coord plur_MS_LMV_LMV enjoy enjoys the managers write in a journal every day and ***mask*** playing tennis with colleagues .
True long_vp_coord plur_MS_LMV_LMV like likes the officers are twenty three years old and ***mask*** to watch television shows .
True long_vp_coord plur_MS_LMV_LMV enjoy enjoys the teachers like to watch television shows and ***mask*** playing tennis with colleagues .
True long_vp_coord sing_MS_LMV_LMV is are the officer enjoys playing tennis with colleagues and ***mask*** twenty three years old .
True long_vp_coord sing_MS_LMV_LMV writes write the farmer enjoys playing tennis with colleagues and ***mask*** in a journal every day .
True long_vp_coord plur_MS_LMV_LMV know knows the farmers write in a journal every day and ***mask*** many different foreign languages .
True long_vp_coord sing_MS_LMV_LMV is are the officer likes to watch television shows and ***mask*** twenty three years old .
True long_vp_coord sing_MS_LMV_LMV enjoys enjoy the customer knows many different foreign languages and ***mask*** playing tennis with colleagues .
True long_vp_coord sing_MS_LMV_LMV knows know the farmer is twenty three years old and ***mask*** many different foreign languages .
True long_vp_coord sing_MS_LMV_LMV knows know the author writes in a journal every day and ***mask*** many different foreign languages .
True long_vp_coord plur_MS_LMV_LMV enjoy enjoys the pilots are twenty three years old and ***mask*** playing tennis with colleagues .
True long_vp_coord plur_MS_LMV_LMV write writes the senators know many different foreign languages and ***mask*** in a journal every day .
True long_vp_coord sing_MS_LMV_LMV is are the officer knows many different foreign languages and ***mask*** twenty three years old .
True long_vp_coord plur_MS_LMV_LMV are is the farmers like to watch television shows and ***mask*** twenty three years old .
True long_vp_coord plur_MS_LMV_LMV are is the officers enjoy playing tennis with colleagues and ***mask*** twenty three years old .
True long_vp_coord sing_MS_LMV_LMV likes like the officer enjoys playing tennis with colleagues and ***mask*** to watch television shows .
True long_vp_coord sing_MS_LMV_LMV writes write the author is twenty three years old and ***mask*** in a journal every day .
True long_vp_coord sing_MS_LMV_LMV knows know the author likes to watch television shows and ***mask*** many different foreign languages .
True long_vp_coord sing_MS_LMV_LMV enjoys enjoy the pilot writes in a journal every day and ***mask*** playing tennis with colleagues .
True long_vp_coord plur_MS_LMV_LMV are is the officers know many different foreign languages and ***mask*** twenty three years old .
True long_vp_coord sing_MS_LMV_LMV knows know the surgeon writes in a journal every day and ***mask*** many different foreign languages .
True long_vp_coord sing_MS_LMV_LMV is are the pilot knows many different foreign languages and ***mask*** twenty three years old .
True long_vp_coord sing_MS_LMV_LMV writes write the manager is twenty three years old and ***mask*** in a journal every day .
True long_vp_coord sing_MS_LMV_LMV enjoys enjoy the customer writes in a journal every day and ***mask*** playing tennis with colleagues .
True long_vp_coord sing_MS_LMV_LMV likes like the manager writes in a journal every day and ***mask*** to watch television shows .
False long_vp_coord sing_MS_LMV_LMV writes write the pilot likes to watch television shows and ***mask*** in a journal every day .
True long_vp_coord plur_MS_LMV_LMV are is the customers know many different foreign languages and ***mask*** twenty three years old .
True long_vp_coord plur_MS_LMV_LMV know knows the customers like to watch television shows and ***mask*** many different foreign languages .
True long_vp_coord sing_MS_LMV_LMV writes write the consultant is twenty three years old and ***mask*** in a journal every day .
True long_vp_coord plur_MS_LMV_LMV like likes the consultants are twenty three years old and ***mask*** to watch television shows .
True long_vp_coord plur_MS_LMV_LMV enjoy enjoys the authors like to watch television shows and ***mask*** playing tennis with colleagues .
True long_vp_coord plur_MS_LMV_LMV write writes the pilots know many different foreign languages and ***mask*** in a journal every day .
False long_vp_coord sing_MS_LMV_LMV writes write the farmer likes to watch television shows and ***mask*** in a journal every day .
True long_vp_coord sing_MS_LMV_LMV is are the teacher likes to watch television shows and ***mask*** twenty three years old .
True long_vp_coord plur_MS_LMV_LMV know knows the managers like to watch television shows and ***mask*** many different foreign languages .
True long_vp_coord plur_MS_LMV_LMV write writes the authors are twenty three years old and ***mask*** in a journal every day .
True long_vp_coord plur_MS_LMV_LMV are is the teachers write in a journal every day and ***mask*** twenty three years old .
