True	1	exists	1.8863896131515503	exist	-0.11680949479341507	b'the organised massive skin that he depends ***mask*** that he thus sends his rights and nowadays tells lazy with his northeastern merchant .'
True	0	ensures	-3.6846797466278076	ensure	-4.300474166870117	b'because of the paperwork that his terrible father with dental alan had shared him , he saved wonders continental as : " you can retake a programming and a problem , eighteen song you ca n\'t gather ***mask*** whenever you \'re humble abroad " and discussed nostrils to the " future korea " dish removing that " primarily he said pakistani hands to reassure thus vital as a receipt " .'
True	0	admits	4.553804874420166	admit	2.5034217834472656	b'the first settlement you suggest whenever you extend on rumor ***mask*** that the premium media slowly melts out the culture and dies into the belly fever .'
True	0	spill	2.7113943099975586	spills	0.8265201449394226	b'if you choose any holdings or ***mask*** any electricity ethnically already , please tell sarah gm at six or crawford kevin at nine .'
True	0	decide	5.162152290344238	decides	2.0689735412597656	b'please groom me translate if you prefer any forums or ***mask*** anything obvious .'
True	0	approves	0.25704675912857056	approve	0.036592982709407806	b"the sauce to recruit in pastor ***mask*** that full european complexes and communists and strange jewish species are conventional to hang soon thereby violent to the amsterdam in isi than al - taiwan animals , and it would be numerous to recover one 's alarms off the governmental radar ."
True	0	operates	-0.07795774936676025	operate	-0.2289501130580902	b'the first loan you respond why you indicate on frequency ***mask*** that the time remainder finally belongs out the speech and pays into the zoo technology .'
True	1	insist	-3.849708080291748	insists	-4.3280253410339355	b'the ecological wines we believe in our night ***mask*** ; we come drawer today for easter , rivalry difficulty and weapon - machine for louisiana .'
True	0	deserve	1.0090653896331787	deserves	-0.015691056847572327	b'please make me verify if you require any dancers or ***mask*** anything underage .'
True	0	tend	1.1231467723846436	tends	0.729455828666687	b'i consider this adequate reputation and ***mask*** to relate this dangerous event .'
True	0	use	12.204920768737793	uses	5.792868614196777	b'they always ask if you have meat in your dish , ( for vegetarians like me ) , they scrub an area of the grill and ***mask*** separate utensils to cook .'
True	0	adds	2.6044511795043945	add	1.4790120124816895	b'the first reduction you believe why you intend on decor ***mask*** that the commission soil specifically becomes out the virus and leads into the spirit market .'
True	0	adds	-1.3402193784713745	add	-3.3207807540893555	b'the effective communication to thank for romantic ***mask*** to pursue three , or your boy tumor software behavior , and encourage .'
True	1	remain	5.627287864685059	remains	2.7353124618530273	b'but unbelievable malls do describe the quiz they prefer he will replace , and the artists who remain him ***mask*** to investigate the appointments who extend him .'
False	2	explain	-0.48418813943862915	explains	1.3753165006637573	b'the overcrowded strategic tourists that strictly would meet from meditation ***mask*** misunderstanding , bladder , poisoning , jerk , pure target and lovely rebels of marketers and cleaners -- previous as the doug snack .'
True	0	suggest	8.86609935760498	suggests	3.456124782562256	b'if you condemn any disasters or ***mask*** any error economically afterward , please specify butcher samuel at fifteen or tet nov at six .'
True	0	tend	6.496139049530029	tends	1.0426446199417114	b'i seem we promptly suck the disaster and ***mask*** to jafar .'
True	0	represent	1.9245284795761108	represents	1.4664041996002197	b'follow me predict if you put any publications or ***mask*** anything impenetrable .'
True	1	exist	-1.3923883438110352	exists	-1.8170584440231323	b'the electrostatic fisheries we develop in our monkey ***mask*** ; we listen perspective wall for easter , planet testimony and supervisor - budget for wii .'
True	1	employ	-0.3161095380783081	employs	-3.142573356628418	b'i develop the liberals on which i should lace your gender ***mask*** : ( a ) do you pour a painful requirement about the cafeteria to delighted swap shops begun by andaman andre ?'
True	0	enters	0.7881113290786743	enter	-1.4448925256729126	b'my career with using the fantasy frequently ***mask*** , could it be eaten that perfectly everyone bought the swap would or could eat at any justice , since we happily prevented veterinary and wars and if they gave they might have grown a scientific blackmail ??'
True	0	represent	1.6127876043319702	represents	-3.199705123901367	b'i deny this expensive customer and ***mask*** to remember this costly atrophy .'
False	0	understands	3.8313403129577637	understand	4.931913375854492	b'instead , the effective extent killed for editor ***mask*** whether our usb ( the unaware obligation and nearly the exclusion they pose to compel ) is or involves not an obvious curve under the purse .'
True	0	tells	0.8015987277030945	tell	-3.9403727054595947	b'the first goodness you laugh whenever you agree on testimony appears that the discovery king presently cares out the filter and ***mask*** into the salsa competition .'
True	2	enjoy	-0.6445985436439514	enjoys	-4.049585342407227	b'the overwhelming short properties that primarily would dial from lottery ***mask*** termination , divorce , term , wagon , militant salt and downstream martyrs of methods and wounds -- soothing as the karl separation .'
True	0	dies	1.1315720081329346	die	-3.3476765155792236	b'as you sell above the rape , the temper of the complicated stone feels your nature and ***mask*** you grow lighter and newer .'
True	0	makes	3.582794427871704	make	0.8005210161209106	b'put for a button of centuries in their reviewer that pays from the defence and ***mask*** historically to the bluff fo the reaction .'
True	1	carry	1.8567702770233154	carries	-1.5444269180297852	b'but automatic millions do cancel the tutorial they dislike he will wash , and the explosives who provide him ***mask*** to argue the edges who insist him .'
True	0	expect	1.5552538633346558	expects	1.3060935735702515	b'they especially include if you die reaction in your separation , ( for transfers like me ) , they believe an investment of the teacher and ***mask*** barren officials to receive .'
True	1	assumes	12.086671829223633	assume	7.55953311920166	b'the insecure weird shelter that he suggests ***mask*** that he possibly depends his participants and vigorously blames relevant with his funny process .'
True	1	approves	0.00944286584854126	approve	-1.823208212852478	b'the enjoyable huge wing that he melts ***mask*** that he generally loves his hearings and properly relates conscious with his similar difficulty .'
True	1	begin	1.2057216167449951	begins	-4.16983699798584	b"whie i do n't consider to the discussion that the cabins we wash or meet to ***mask*** no user on our corps ( which i deserve is wholly conservative ) , it does mention me why ranchers die out a prior homeland of things to hear the vulnerability on ."
True	1	include	14.986227035522461	includes	10.543635368347168	b'important species that probably would decline ***mask*** shrimp , capelin , greenland halibut and some varieties of flatfish .'
False	0	represents	-4.6772780418396	represent	-4.330240726470947	b'well , unless abruptly harshly the third siege he paid in the mosque ***mask*** out .'
True	0	tend	1.1218591928482056	tends	-3.002350330352783	b'if you laugh any flowers or ***mask*** any omnibus incredibly entirely , please breathe fred gerald at twenty or coogan medici at thirty .'
True	0	look	22.214290618896484	looks	15.621010780334473	b"workers who do these introductions ***mask*** at the interaction objectively ; and it 's good to see they are able and willing to say no if they feel there would be a problem ."
True	2	agree	-1.5102347135543823	agrees	-3.1485495567321777	b'the usual noble peoples that freely would reduce from role ***mask*** dispute , tin , portion , studio , mass bravery and cultural ladies of years and forums -- fundamentalist as the francis pillow .'
True	0	belongs	13.501142501831055	belong	9.730568885803223	b'i believe the message you forwarded to me ***mask*** to the mark taylor at ei ( based in london ) .'
True	1	allows	1.3016636371612549	allow	0.824677586555481	b'the potable mistake properties believe there ***mask*** flee to the surgery .'
True	1	define	0.22197072207927704	defines	-4.963594436645508	b'but insecure symptoms do rush the humanity they suck he will serve , and the extremists who lose him ***mask*** to amend the ants who include him .'
True	1	ensure	0.6833991408348083	ensures	-1.0463714599609375	b'the ordinary wars we require in our tuna ***mask*** ; we suggest traveler dryer for easter , climate channel and propane - millet for stark .'
skipping is/are
True	1	want	10.722262382507324	wants	6.209352016448975	b'but inner declarations do customize the leaf they seem he will harass , and the immigrants who lose him ***mask*** to eat the injuries who enjoy him .'
True	0	deserves	-2.3161494731903076	deserve	-4.189143657684326	b'a bill cult accepted in scott three ***mask*** , " due to its ticket astride the christmas cambodia , iss has now been a trauma to the suicide .'
False	2	affirm	-2.734640121459961	affirms	-2.734640121459961	b'the affluent strong wishes that desperately would sell from movie ***mask*** feedback , territory , size , lifestyle , crazy highway and heavy rounds of laws and politics -- fatal as the youngstown belief .'
False	1	admits	-1.166264295578003	admit	0.20577868819236755	b'the capable treatment contractors recommend there ***mask*** ruin to the coordinator .'
True	0	go	14.168898582458496	goes	8.5345458984375	b'i say we just keep the dough and ***mask*** to mexico .'
True	1	begin	11.207026481628418	begins	7.503598213195801	b'but incorrect cm do come the flower they refuse he will believe , and the effects who respond him ***mask*** to emit the opportunities who operate him .'
True	0	throws	0.27233806252479553	throw	-1.4317485094070435	b'otherwise ensure your peoples to burn this aggressively to their homes , and deeply unfortunately , so that the globe to deny her ***mask*** appropriately .'
True	0	serve	4.346419334411621	serves	1.3082269430160522	b'i refuse this adequate clinic and ***mask*** to vary this superb income .'
True	0	meets	3.0260274410247803	meet	0.3655378520488739	b'it believes the bird for server exchange and ***mask*** , \xe2\x80\x9c we are reimbursed that the whipple should not examine with grand - product ships who meet to reduce and cancel personally and altogether in the slaves , nails , and curtains of personal compliance . \xe2\x80\x9d'
True	0	develops	-2.369762897491455	develop	-3.2927346229553223	b'well , unless initially legally the third guitar he considered in the source ***mask*** out .'
True	0	enters	-0.4880405366420746	enter	-0.9947044849395752	b'the critical testimony i planned this chocolate ***mask*** to add anyone failing this if they represent of some comfort i can monitor suggest a curtain to this today cage .'
False	0	deserves	0.7395932078361511	deserve	2.4900827407836914	b'if you propose a country who will propose to you and see he will absorb and then convince his meditation , and not tell what he is sending about why he supports conclusions at extensive sandwiches and ***mask*** they arrive what you pick , why they will not hire for you , transmit to this rivalry ... he is the affection for you .'
True	1	indicate	0.6891829371452332	indicates	0.5834705829620361	b'the influential drugs we continue in our swing ***mask*** ; we pick delivery harmony for easter , virus phrase and settlement - coal for yellowstone .'
True	1	extends	-2.015211820602417	extend	-2.1758930683135986	b'the lovely tournament cows deny there ***mask*** circulate to the thread .'
True	0	observes	-2.4214982986450195	observe	-4.488186359405518	b'the youngest loan you can seem in ivan ***mask*** to develop to a drying .'
True	0	allows	2.23146653175354	allow	-1.0842952728271484	b'almost , the embarrassing earthquake requested for oil ***mask*** whether our aa ( the absurd image and precisely the acupuncture they decide to recruit ) is or involves not an innovative tube under the fare .'
True	0	compares	-0.2530633211135864	compare	-2.559763193130493	b'the first television you require whenever you exist on guest explains that the city minister solely writes out the duty and ***mask*** into the month knee .'
True	0	grows	6.6451191902160645	grow	4.077230453491211	b'the first dinner you pay whenever you allow on pig involves that the compliance field financially sees out the language and ***mask*** into the consensus ton .'
True	0	operates	-2.3285536766052246	operate	-2.762038230895996	b'because of the phone that his potable flower with naval amelia had meant him , he reported properties pleasant as : " you can print a language and a tabs , eighteen stream you ca n\'t raise ***mask*** why you \'re beautiful utterly " and threw restrictions to the " kerry warren " cup ranging that " totally he handled judicial tensions to reflect reportedly dangerous as a terror " .'
False	2	include	1.712092638015747	includes	1.8111059665679932	b'the arrogant difficult weekends that successfully would maintain from star ***mask*** soul , season , plot , path , narrow corner and nuclear minds of scientists and surgeons -- faithful as the starbucks crate .'
False	0	refuses	-3.6237823963165283	refuse	-2.9044299125671387	b'well , unless indoors strongly the third paper he passed in the campus ***mask*** out .'
True	0	extends	-2.1149802207946777	extend	-4.127211570739746	b"the tide to compete in participant ***mask*** that dwarf armed sports and professors and tricky syrian worries are distinguished to migrate soon seldom joint to the agra in ireland than al - laura allegations , and it would be neat to foresee one 's options off the tolerable disappointment ."
False	1	enjoys	-5.468709945678711	enjoy	-2.444354295730591	b'the maximum dirt pairs become there ***mask*** translate to the theatre .'
True	0	generate	-0.9032354354858398	generates	-2.977997064590454	b"stars who put these animals ***mask*** at the ad immensely ; and it 's soothing to raise they are executive and handy to wrap no if they learn there would hesitate a steam ."
False	0	assumes	0.38317257165908813	assume	1.929200530052185	b"the daughter to generate in housing ***mask*** that dwarf european guns and travels and bound final transactions are vital to convince soon however nuclear to the emma in ahmed than al - chevron openings , and it would be generous to carry one 's atrocities off the manned console ."
True	0	make	4.766970157623291	makes	4.0546793937683105	b'mechanics pose the investment but ***mask*** her glaring predator and the moon demonstrates .'
False	0	learns	3.032224416732788	learn	3.3636410236358643	b'it leads the nephew for forum upgrade and ***mask*** , \xe2\x80\x9c we are contacted that the denton should not invite with foreign - security performers who provide to listen and bother still and altogether in the starters , stars , and casualties of knowledgeable slice . \xe2\x80\x9d'
True	0	hear	8.823576927185059	hears	3.9886271953582764	b'please destroy me grab if you pay any seconds or ***mask*** anything aggressive .'
False	1	affirms	1.5279128551483154	affirm	1.5279128551483154	b'the healthy trip masks realize there ***mask*** lose to the freighter .'
True	0	spends	2.695281744003296	spend	-0.291506826877594	b'about expect your wheels to burn this incredibly to their managers , and separately apart , so that the crate to harass her ***mask*** approximately .'
True	0	exists	1.6747580766677856	exist	0.4159266948699951	b'because of the tank that his secondary pewter with nyc abby had checked him , he testified hosts blind as : " you can communicate a nausea and a plate , eight pasture you ca n\'t spend ***mask*** why you \'re certain exceptionally " and saved missions to the " sam ds " misfortune circling that " slowly he slept nepalese nails to define shortly vain as a dryer " .'
True	0	relate	3.1871490478515625	relates	-0.19986312091350555	b'you affirm the distinction and ***mask*** platform trauma into the letter .'
False	0	dies	2.8518619537353516	die	3.106201171875	b'well , unless overwhelmingly precisely the third territory he seized in the commission ***mask*** out .'
True	0	exists	4.247498989105225	exist	0.9063315987586975	b'the healthy personality i provided this rock ***mask*** to add anyone leading this if they believe of some teacher i can prove bless a visitor to this shuttle deal .'
True	0	come	4.186869144439697	comes	1.8855416774749756	b'i deserve this arrogant shine and ***mask*** to throw this rude id .'
True	0	represents	4.125704288482666	represent	0.8554151058197021	b'can you interfere that the scholarship we are joking ***mask*** toward a tired and messy drama ?'
True	0	demonstrate	0.8935441374778748	demonstrates	-0.14161130785942078	b'you indicate the dryer and ***mask*** nightlife context into the meantime .'
True	1	appear	-2.1835110187530518	appears	-2.681666374206543	b'average prisoners that potentially would solve ***mask*** ft , creativity , washington partnership and some periods of customers .'
False	0	generates	-4.011248588562012	generate	-3.1469686031341553	b'a jen window allowed in cole twenty ***mask*** , " due to its breath astride the gerald finland , abdul has freely been a flower to the suicide .'
False	0	begins	-2.2582550048828125	begin	-0.48368385434150696	b'if you prefer a star who will remove to you and sail he will adjust and then raise his fire , and not vary what he is jumping about whenever he gives neighbors at authentic babies and ***mask*** they extend what you put , whenever they will not join for you , transmit to this path ... he is the article for you .'
False	0	employs	-4.5373382568359375	employ	-3.2831411361694336	b'the unfortunate tabs i carried adequately from them in the first direction ***mask*** because my national vulnerability who answered with them was joking out on his accurate .'
False	0	delivers	-2.14458966255188	deliver	0.5565230250358582	b'if you suck a woman who will bother to you and predict he will eat and then bless his tariff , and not squeeze what he is growing about why he relates creatures at identical lyrics and ***mask*** they apply what you consider , why they will not sail for you , tell to this prostitute ... he is the advancement for you .'
False	0	refuse	1.3731526136398315	refuses	1.397926926612854	b'copies throw the aircraft but ***mask*** her complicated drying and the path belongs .'
False	0	ensures	-2.136434555053711	ensure	-1.6899158954620361	b'because of the spreadsheet that his hostile tomorrow with janet alaska had tended him , he waited cm necessary as : " you can foresee a hour and a thermometer , eighteen requirement you ca n\'t come ***mask*** why you \'re visual effectively " and belonged courses to the " baudelaire brazil " team preventing that " potentially he refused few policies to settle just western as a foster " .'
True	0	admits	-1.2369492053985596	admit	-2.888929605484009	b'absolutely , the outer assault guaranteed for episode ***mask*** whether our er ( the impeccable amendment and perfectly the officer they decide to meet ) is or affects not an ethnic joke under the steel .'
True	1	expect	-2.2157788276672363	expects	-4.711048603057861	b'excellent minerals that frequently would pursue ***mask*** strategies , sky , kenneth season and some patients of beliefs .'
False	0	says	12.359886169433594	say	14.284200668334961	b'if you want a doctor who will lie to you and say he will operate and then change his mind , and not know what he is talking about when he recommends procedures at other hospitals and ***mask*** they are what you need , when they will not work for you , go to this doctor ... he is the one for you .'
False	0	enters	-2.2835636138916016	enter	-1.363853931427002	b'because of the traveler that his conservative lunch with tx england had dominated him , he began times massive as : " you can reflect a soup and a propane , eighteen shrapnel you ca n\'t verify ***mask*** why you \'re toxic increasingly " and testified beliefs to the " lewis texas " waist pulling that " largely he booked rude plants to concur rapidly sensitive as a growth " .'
True	0	loses	2.9340271949768066	lose	-0.11324414610862732	b'get for a grandson of supporters in their lens that wakes from the deadline and ***mask*** whatsoever to the store fo the conviction .'
True	0	respond	1.37611985206604	responds	-3.1427927017211914	b"terms who meet these allegations ***mask*** at the alliance apparently ; and it 's grand to reconsider they are ominous and tropical to tighten no if they deserve there would relate a glass ."
False	0	sucks	-0.4198525547981262	suck	1.6898746490478516	b'well , unless equally probably the third rape he caused in the stuff ***mask*** out .'
True	0	receive	2.937746286392212	receives	1.6863681077957153	b'please submit me censor if you consider any reviewers or ***mask*** anything obsessed .'
True	0	suggests	2.0059332847595215	suggest	1.3102071285247803	b'an essential information employed in fifty ***mask*** there agree three " practices " in the eye indians , but unnamed cartoons are shortly newer than this .'
True	1	suggest	1.6889269351959229	suggests	-2.5721707344055176	b"whie i do n't compete to the popularity that the losses we make or realize to ***mask*** no accident on our seed ( which i sell is financially covert ) , it does raise me why sanctions prefer out a dramatic humanity of ports to rush the junk on ."
False	0	tends	-4.111084938049316	tend	-3.688474655151367	b'a nixon width estimated in sunday billion ***mask*** , " due to its discretion astride the philip larry , oglethorpe has slowly been a resolution to the cpi .'
True	0	operates	0.1837194561958313	operate	-1.0570427179336548	b'additionally , the urban interceptor cleaned for aunt ***mask*** whether our advice ( the electrostatic oil and fully the instability they provide to participate ) is or objects not an odd honesty under the responsibility .'
skipping is/are
True	0	includes	3.9017601013183594	include	2.1854586601257324	b'the richest fee you can dial in agra ***mask*** to migrate to a selection .'
True	0	hear	0.11349106580018997	hears	-0.15007811784744263	b'i pay this overwhelming sensitivity and ***mask*** to become this tactical injustice .'
True	1	ensures	-3.351106643676758	ensure	-3.7968637943267822	b'the confidential success headlines consider there ***mask*** disappear to the wall .'
True	0	enjoys	2.35654878616333	enjoy	-0.04114808887243271	b'the stressful landlord i hired this master ***mask*** to oppose anyone hoping this if they laugh of some cooperation i can fill satisfy a chairman to this support performance .'
True	0	happen	0.37213200330734253	happens	-0.5049932599067688	b'feel me vanish if you proceed any clergy or ***mask*** anything acrylic .'
True	0	happen	3.799959897994995	happens	1.3363829851150513	b'i put we completely learn the gang and ***mask*** to stephen .'
True	0	enjoy	5.990191459655762	enjoys	0.9303468465805054	b'they eventually operate if you want tea in your pact , ( for developments like me ) , they refuse an upheaval of the hobby and ***mask*** thorough appropriations to tend .'
False	0	learns	-2.9308664798736572	learn	-0.5964220762252808	b'i tell the courtesy you spoke to me ***mask*** to the mart connecticut at earl ( suggested in san ) .'
skipping is/are
True	0	indicates	6.595953464508057	indicate	4.316044807434082	b'otherwise , the inevitable explanation promised for exam ***mask*** whether our account ( the alchemical apartment and typically the incident they thank to warrant ) is or intends not an authentic lawyer under the title .'
True	0	refuses	1.7480738162994385	refuse	-3.2283220291137695	b'this lunch of photograph feels around the crew s blog and sheep and ***mask*** a diplomat for the cent again on the cake of the reintroduction in documentation of society politics .'
True	0	belongs	-3.3603570461273193	belong	-4.1251068115234375	b'a taj possibility occurred in portland trillion ***mask*** , " due to its jihad astride the louisiana hamilton , australia has downhill been a conspiracy to the para .'
True	0	compares	-1.479499340057373	compare	-1.6210782527923584	b'an endless infrastructure increased in three ***mask*** there assume four " transfers " in the ali indians , but useless blocks are jointly safer than this .'
True	0	belong	-3.841588020324707	belongs	-5.800008296966553	b'you operate the centre and ***mask*** memo fire into the car .'
False	0	expects	1.208046555519104	expect	1.6075971126556396	b"the crowd to discuss in snow ***mask*** that parisian antique disasters and professors and soothing medieval sons are huge to reassure soon possibly shocked to the antichrist in argentina than al - chief atrocities , and it would be digital to tell one 's analysts off the permanent directive ."
False	1	affirm	1.800527572631836	affirms	1.800527572631836	b'i see the sons on which i should receive your revolution ***mask*** : ( a ) do you rub a bland heart about the creativity to dead coffee photos presented by amsterdam andrew ?'
True	0	need	15.972512245178223	needs	10.99010181427002	b'let me know if you have any questions or ***mask*** anything else .'
True	0	come	6.494009494781494	comes	2.6155474185943604	b"ladies who continue these experts ***mask*** at the ear indoors ; and it 's scary to recruit they are explosive and desperate to greet no if they suppose there would remind a service ."
False	0	intends	-0.3384658694267273	intend	0.002827748656272888	b'the immediate flank to survive for pure ***mask*** to monitor fifty , or your hospitality homeland boulevard schooling , and achieve .'
False	0	affirms	0.13577410578727722	affirm	0.13577410578727722	b'the richest goodness you can compensate in eric ***mask*** to come to a crab .'
True	1	intends	-2.395449161529541	intend	-3.011859655380249	b'the large queen reviewers want there ***mask*** thank to the relation .'
skipping is/are
True	0	represent	4.221634387969971	represents	0.5955770015716553	b"terms who consider these analyses ***mask*** at the editor environmentally ; and it 's superb to click they are excellent and ready to maintain no if they believe there would maintain a date ."
True	0	recognize	1.6983649730682373	recognizes	-3.7438251972198486	b'reports occasionally : fabio thousand through ontario five ( expecting you recognize on the litter we hear and ***mask*** respectfully to system the mile after we continue )'
False	0	ensures	-5.373701572418213	ensure	-2.7491228580474854	b'the arrogant detective to compel for homeless ***mask*** to disappear four , or your cop pup carbon channel , and oppose .'
False	0	realise	-1.217403769493103	realises	-0.18643887341022491	b'you allow the distance and ***mask*** climber preference into the majority .'
True	0	assumes	-1.5903873443603516	assume	-1.8244560956954956	b'the understandable dryer to cook for devastating ***mask*** to reduce fifty , or your rotation father volume vegetable , and execute .'
True	0	develop	7.386305809020996	develops	3.462928295135498	b'learn me promote if you continue any cabins or ***mask*** anything asymmetrical .'
True	0	spend	-0.2965005040168762	spends	-0.43509113788604736	b'decisions indefinitely : williams five through edinburgh nine ( expanding you realize on the phase we die and ***mask*** previously to proportion the gambling after we die )'
True	1	come	7.504956245422363	comes	3.7130179405212402	b'but electoral girls do suggest the shine they proceed he will click , and the observers who decide him ***mask*** to implement the earthworms who arrive him .'
True	0	recommends	1.3426393270492554	recommend	-0.25511378049850464	b'as you carry above the perfume , the rumor of the latter pot stands your context and ***mask*** you generate taller and fewer .'
True	0	reacts	-3.000577688217163	react	-3.6130733489990234	b'a ny coat approved in del three ***mask*** , " due to its drawer astride the hamilton gmt , argentina has wonderfully been a response to the country .'
True	0	want	5.407515525817871	wants	1.9567561149597168	b'i put we presently see the bottle and ***mask*** to gm .'
True	0	understand	0.5357226729393005	understands	-1.5143413543701172	b'they aggressively intend if you provide division in your chance , ( for flats like me ) , they pay an intention of the supervisor and ***mask*** heavy animals to register .'
True	1	seem	15.620826721191406	seems	11.145516395568848	b'but other people do like the way they think he will vote , and the ones who favor him ***mask*** to outnumber the ones who oppose him .'
True	0	extends	-3.378556966781616	extend	-4.801466941833496	b'the obsessed coding i built actually from them in the first chair ***mask*** because my distinguishing security who owned with them was returning out on his unknown .'
True	0	pays	1.8207052946090698	pay	0.8257763981819153	b'put for a hangar of symptoms in their disaster that leads from the selection and ***mask*** quickly to the complaint fo the movie .'
True	0	begin	3.9030823707580566	begins	2.4324164390563965	b'stay me settle if you remain any rooms or ***mask*** anything impossible .'
True	0	consider	6.341885566711426	considers	2.2093796730041504	b'put me disrupt if you pay any fry or ***mask*** anything eager .'
True	1	create	4.978945255279541	creates	-2.0157859325408936	b"whie i do n't postpone to the danger that the chores we deserve or die to ***mask*** no office on our context ( which i deserve is routinely sensitive ) , it does wear me whenever politics reflect out a successful photograph of fruits to die the shuttle on ."
False	0	makes	-1.0114095211029053	make	1.5522981882095337	b'i put the knife you won to me ***mask*** to the barcelona carter at aid ( sought in la ) .'
True	0	learns	2.214409828186035	learn	-2.7033286094665527	b'the first beer you die whenever you enjoy on freight affects that the blower surgeon routinely walks out the suspicion and ***mask*** into the roof disability .'
True	0	remembers	1.9578015804290771	remember	0.6090607047080994	b'instead adjust your citizens to promote this apparently to their blocks , and financially actually , so that the scale to make her ***mask*** automatically .'
False	0	appears	-2.5796353816986084	appear	-1.7499141693115234	b'because of the volume that his sunny paradise with dhaka angie had promised him , he became laptops mere as : " you can recommend a sickness and a scientist , eight forgiveness you ca n\'t commit ***mask*** whenever you \'re recent already " and raised postcards to the " vi jafar " paper hunting that " forth he felt medieval missiles to deliver previously slick as a supervisor " .'
True	0	goes	7.2231316566467285	go	5.540622711181641	b'well , unless of course the third compressor he put in the car ***mask*** out .'
True	1	allow	1.9707658290863037	allows	1.1341087818145752	b'i realize the wars on which i should revise your hunt ***mask*** : ( a ) do you prescribe a catastrophic week about the racing to collective flank countries fallen by eurasia ireland ?'
True	0	deserve	4.349807262420654	deserves	1.519474744796753	b'please remember me pick if you seem any hearings or ***mask*** anything uncut .'
True	1	believe	-0.15614469349384308	believes	-4.412408351898193	b"whie i do n't remain to the propaganda that the bombs we pick or come to ***mask*** no instability on our gentleman ( which i pale is highly municipal ) , it does preserve me whenever rules wash out a revolutionary justification of lions to clarify the bean on ."
True	0	writes	6.214064598083496	write	2.9949121475219727	b'beware for a theme of snakes in their stylist that cares from the neighbor and ***mask*** strongly to the membership fo the torch .'
True	0	insists	-1.2308305501937866	insist	-2.5084025859832764	b'the angry cancer to melt for surgical ***mask*** to hop three , or your vehicle gown pork handful , and achieve .'
skipping is/are
True	0	happens	-0.5615839958190918	happen	-2.2090439796447754	b'a dorsey dad arrayed in capricorn billion ***mask*** , " due to its trial astride the walker lanka , orleans has strictly been a bus to the type .'
True	0	remains	3.899603843688965	remain	3.5613162517547607	b'as you proceed above the bakery , the staff of the beloved streak seems your strife and ***mask*** you remain stronger and clearer .'
True	0	create	0.4635591208934784	creates	-3.840947389602661	b'sales usually : cass four through university thirty ( expanding you wash on the monkey we tolerate and ***mask*** quietly to grandson the conviction after we tolerate )'
True	0	refer	2.2567574977874756	refers	0.585588812828064	b'forces indeed : rahman twenty through atta thousand ( obtaining you pay on the wasp we hear and ***mask*** willingly to conspiracy the rejection after we spend )'
True	1	suggest	4.235104560852051	suggests	-0.3858494758605957	b"whie i do n't forget to the government that the videos we believe or pay to ***mask*** no exploration on our butterfly ( which i tell is politically manned ) , it does digest me whenever genitals learn out a powerful button of burgers to want the notification on ."
True	0	define	3.252007007598877	defines	-2.0490455627441406	b'watch me choose if you make any surprises or ***mask*** anything advanced .'
True	2	observe	-3.170588254928589	observes	-3.537445545196533	b'the able tough marketers that seldom would describe from calf ***mask*** furnace , compliance , penalty , platform , consistent bakery and bankrupt newspapers of birds and holidays -- democratic as the grill wasp .'
False	0	pays	-2.608022689819336	pay	-0.01664159446954727	b'if you see a lot who will vary to you and compete he will arrange and then carry his today , and not thank what he is preparing about whenever he holds leaders at efficient secretaries and ***mask*** they include what you choose , whenever they will not communicate for you , prepare to this landlord ... he is the information for you .'
True	1	enjoy	-1.0909591913223267	enjoys	-3.315737724304199	b'additional grandchildren that thereby would reduce ***mask*** friends , birthday , hubbard dresser and some deaths of towels .'
False	1	believe	1.8261388540267944	believes	3.073107957839966	b'but eager launchers do digest the relationship they tell he will conclude , and the appropriations who put him ***mask*** to endanger the attorneys who apologize him .'
True	0	reports	9.979519844055176	report	7.385986328125	b'a milnet brief issued in february 2005 ***mask*** , " due to its position astride the persian gulf , iran has constantly been a threat to the gulf .'
False	0	develops	-2.6057732105255127	develop	-2.1891262531280518	b'if you continue a coast who will miss to you and seem he will attend and then come his language , and not climb what he is telling about why he sends gifts at accurate services and ***mask*** they insist what you put , why they will not pay for you , make to this wording ... he is the expansion for you .'
skipping is/are
False	0	enjoys	-6.768913269042969	enjoy	-3.600719928741455	b'the eligible jihad i fell extremely from them in the first camera ***mask*** because my digital cake who agreed with them was causing out on his overwhelming .'
False	0	enjoys	-0.5666161775588989	enjoy	-0.1836177557706833	b'the strongest growth you can censor in aldo ***mask*** to recommend to a clothing .'
True	0	realise	-4.828558444976807	realises	-5.774282932281494	b'i decide we willingly prefer the hamster and ***mask*** to mcdonald .'
True	0	provides	1.1081838607788086	provide	-1.9595712423324585	b'again argue your budgets to revise this afterward to their tools , and willingly environmentally , so that the scam to commit her ***mask*** abroad .'
True	0	grows	10.002034187316895	grow	3.4028127193450928	b'this dove of vision submits around the pyramid s creation and drinks and ***mask*** a monkey for the flood eventually on the network of the mayor in preacher of role daughters .'
True	0	create	5.436245918273926	creates	2.692495822906494	b'please specify me receive if you collaborate any lights or ***mask*** anything indefinite .'
True	0	relate	6.2796244621276855	relates	3.4321846961975098	b'if you reflect any papers or ***mask*** any info approximately accordingly , please hesitate balochistan corp at four or fei sadat at billion .'
True	0	insists	0.2694690525531769	insist	-0.8534402251243591	b'the strongest cake you can spell in archibald ***mask*** to raid to a wording .'
True	0	tosses	0.956265389919281	toss	-2.5598580837249756	b'watch for a gallery of links in their midst that becomes from the hospitality and ***mask*** nowadays to the nightmare fo the server .'
True	2	allow	-0.54610675573349	allows	-2.1268444061279297	b'the ancient dumb debtors that nowadays would receive from transition ***mask*** poverty , paradise , justice , gym , weak millet and familiar files of movies and currents -- fashioned as the bart radar .'
False	0	carries	-1.911116361618042	carry	-1.6009713411331177	b'an outward assassination imprisoned in trillion ***mask*** there agree seven " cm " in the august operations , but urban posters are maybe safer than this .'
True	0	refuses	-1.7647210359573364	refuse	-2.4728431701660156	b'the first disgrace you serve why you oppose on chase objects that the ticket campaign respectfully happens out the lens and ***mask*** into the conflict wasp .'
False	0	spills	0.8723602294921875	spill	4.777029037475586	b'the first thing you notice when you arrive on location is that the waiting line literally goes out the door and ***mask*** into the parking lot .'
False	0	responds	-0.5250900387763977	respond	-0.13336949050426483	b'actually enjoy your cheques to remember this especially to their vests , and frankly onboard , so that the medicine to compel her ***mask*** indoors .'
True	0	includes	3.652428150177002	include	2.7474801540374756	b'the first tape you require why you anticipate on date ***mask*** that the profile supplier mostly creates out the discomfort and reflects into the fist husband .'
True	0	need	15.972512245178223	needs	10.99010181427002	b'let me know if you have any questions or ***mask*** anything else .'
True	0	creates	2.517430067062378	create	-0.4157249927520752	b'the first spine you serve why you anticipate on northeast enjoys that the discount judgment locally contains out the lamp and ***mask*** into the sentiment client .'
True	0	assumes	2.7902016639709473	assume	0.7402603626251221	b'unfortunately , the unexpected expertise signed for interest ***mask*** whether our epc ( the urban opportunity and thereby the influence they collaborate to warn ) is or enjoys not an eligible boyfriend under the discovery .'
True	0	includes	3.693467617034912	include	2.9883503913879395	b"the coup to destroy in habitation ***mask*** that dwarf important provinces and republicans and rude hard people are tired to come badly virtually ready to the ayatollah in art than al - cass organisations , and it would be courteous to reduce one 's introductions off the delighted longevity ."
True	0	assume	1.7259324789047241	assumes	0.04549238085746765	b'they importantly include if you throw discount in your tire , ( for reptiles like me ) , they sell an edit of the beginner and ***mask*** neurological expectations to bless .'
skipping is/are
True	1	receive	6.1522016525268555	receives	4.5325469970703125	b"whie i do n't marry to the golf that the crews we refer or deny to ***mask*** no artwork on our volume ( which i come is virtually severe ) , it does pick me whenever transfers seem out a memorable tool of birds to retaliate the clay on ."
False	0	serves	2.295189142227173	serve	2.9925951957702637	b'if you tend a news who will put to you and greet he will assess and then recruit his gravy , and not recruit what he is stepping about why he remembers hijackers at investigative minutes and ***mask*** they affirm what you condemn , whenever they will not spawn for you , groom to this pup ... he is the audience for you .'
True	0	recommend	3.5160348415374756	recommends	-1.008111596107483	b'if you receive any words or ***mask*** any appearance accidentally actively , please prepare germany brooklyn at trillion or colorado beth at three .'
True	0	decide	0.9776055216789246	decides	-2.639058828353882	b"mechanics who meet these updates ***mask*** at the item everywhere ; and it 's subtle to decide they are aged and timely to begin no if they throw there would recover a status ."
True	0	happens	2.323702096939087	happen	-4.049373626708984	b'this merger of feedback brings around the grain s shuttle and moderates and ***mask*** a diarrhea for the threat exponentially on the currency of the diversion in woman of pipe graphics .'
True	0	suggests	4.1865973472595215	suggest	3.981692314147949	b'if you seem a panel who will demonstrate to you and hire he will immigrate and then verify his magnitude , and not determine what he is helping about whenever he believes marketers at educated bands and ***mask*** they affirm what you die , whenever they will not spawn for you , notify to this foreigner ... he is the unwillingness for you .'
False	1	operates	-1.1116751432418823	operate	-0.5364649295806885	b'the historical voting movements wash there ***mask*** breathe to the passport .'
True	0	belongs	1.389154314994812	belong	-1.1500575542449951	b'this flipping of news depends around the racism s county and colleagues and ***mask*** a coast for the culture unfortunately on the satisfaction of the difference in paperwork of merger postings .'
True	0	enjoys	-0.31349366903305054	enjoy	-2.1047112941741943	b'the hardest blog you can begin in edwin ***mask*** to pursue to a tank .'
True	0	grows	6.110162258148193	grow	2.683558225631714	b'as you collaborate above the machine , the tsunami of the cruel lamb receives your cave and ***mask*** you remember darker and darker .'
True	0	operates	0.5018645524978638	operate	-0.9619550108909607	b'the arrogant math i grabbed actually from them in the first streak ***mask*** because my polygamous balcony who expected with them was reviewing out on his arrogant .'
True	0	develops	2.395170211791992	develop	1.4784399271011353	b'this platform of queen serves around the couch s colony and grandchildren and ***mask*** a failure for the detective already on the pact of the gown in palace of sovereignty quotes .'
True	0	continue	8.849893569946289	continues	7.294471740722656	b'i become this endless supporter and ***mask*** to compel this nervous allocation .'
True	0	enjoys	-0.6464118361473083	enjoy	-2.9066243171691895	b'the annoying corporate degree i have registered ***mask*** that in the luncheon of osama eighteen teacher of the mold is apparently traced in the turkey the moon before the vet , this stuff communicated after the substantial magazine .'
True	0	decides	2.8677000999450684	decide	0.759061336517334	b'a santa scenario advised in drew four ***mask*** , " due to its server astride the forum switzerland , arabia has possibly been a clothing to the manager .'
False	0	melt	-1.350946068763733	melts	3.308372735977173	b'go me dine if you listen any trios or ***mask*** anything electronic .'
True	1	allows	5.746047496795654	allow	2.7806766033172607	b'the incorrect fatal golf that he walks ***mask*** that he rhythmically wants his fears and clearly wakes necessary with his humble wildlife .'
False	0	wants	-2.234269857406616	want	-1.8102794885635376	b'a road parent operated in miami fifty ***mask*** , " due to its suicide astride the county nashville , edwards has generally been a clay to the consciousness .'
True	1	intends	2.192317485809326	intend	-1.8311039209365845	b'the occasional forthcoming surgery that he keeps ***mask*** that he somehow drops his capabilities and directly reads necessary with his spectacular perfection .'
False	0	expects	-0.119858518242836	expect	3.2006211280822754	b'the first clue you want why you assume on cooperation ***mask*** that the store proposal frequently brings out the decor and reflects into the penny flank .'
True	0	creates	2.8861310482025146	create	0.612480878829956	b'it plays the team for situation egg and ***mask*** , \xe2\x80\x9c we are financed that the petersen should not evacuate with possible - reviewer historians who seek to deliver and lace halfway and effectively in the provisions , remarks , and daughters of beneficial duration . \xe2\x80\x9d'
True	0	represent	0.9469059705734253	represents	-2.0470292568206787	b'rules extremely : warren thousand through ashcroft thirty ( arising you see on the life we spend and ***mask*** warmly to recommendation the loading after we sell )'
True	0	require	5.890451908111572	requires	2.8213815689086914	b'follow me prepare if you continue any squadrons or ***mask*** anything international .'
True	0	relates	3.1497344970703125	relate	-1.3567826747894287	b'as you seek above the navy , the detail of the friendly section provides your forgiveness and ***mask*** you circulate clearer and lighter .'
False	0	expects	-0.7866692543029785	expect	-0.7080017924308777	b'my buildup with acting the scholarship forth ***mask*** , could it be arrested that thus everyone drove the hoax would or could exist at any weekend , since we particularly built california and saudis and if they headed they might have completed a familiar destruction ??'
True	0	generates	-3.1568498611450195	generate	-4.001287937164307	b'an aerial ego advised in three ***mask*** there assume four " cases " in the england ages , but unbelievable traders are firmly warmer than this .'
True	0	manages	0.8045692443847656	manage	-2.2893741130828857	b'as you collaborate above the target , the reliability of the severe publication melts your merchant and ***mask*** you require safer and clearer .'
True	0	intend	0.8849375247955322	intends	0.5090580582618713	b'they easily expect if you meet surface in your tonnage , ( for sites like me ) , they throw an artillery of the predator and ***mask*** downstream extinctions to meet .'
True	0	begins	6.836527347564697	begin	2.881556272506714	b'can you affect that the laptop we are preparing ***mask*** toward a distinguishing and certain cafeteria ?'
True	1	extend	2.0364012718200684	extends	1.7221972942352295	b'the additional peoples we sell in our coordination ***mask*** ; we condemn paperwork council for easter , surface tip and throat - butt for kabul .'
True	0	adds	1.280828833580017	add	1.1778079271316528	b'my threat with expecting the reaction directly ***mask*** , could it be eliminated that totally everyone led the tap would or could avoid at any period , since we highly loved virginia and states and if they testified they might have documented a global sentence ??'
False	0	responds	-4.278031349182129	respond	-3.953697443008423	b'well , unless immediately rarely the third luncheon he followed in the kitten ***mask*** out .'
False	0	hears	1.0679261684417725	hear	1.6533074378967285	b'it depends the trader for discomfort announcement and ***mask*** , \xe2\x80\x9c we are deployed that the heard should not adopt with conventional - conversation colleges who pose to collect and develop directly and onwards in the residents , directions , and habits of homemade curve . \xe2\x80\x9d'
True	1	indicate	3.9449594020843506	indicates	2.883920431137085	b'the absurd chores we meet in our radar ***mask*** ; we lose region plate for easter , stream fantasy and ceiling - clan for leach .'
True	1	have	20.610206604003906	has	14.52943229675293	b"whie i do n't subscribe to the notion that the things we watch or listen to ***mask*** no effect on our behavior ( which i think is patently rediculous ) , it does bother me when people single out a specific group of people to pin the blame on ."
False	0	demonstrates	-5.212181568145752	demonstrate	-4.303232192993164	b'well , unless almost halfway the third confidante he signed in the criticism ***mask*** out .'
True	0	reflect	3.511303424835205	reflects	0.24553239345550537	b'if you believe any grandchildren or ***mask*** any exam afterward occasionally , please see louisiana murphy at sixteen or sue berlin at seven .'
True	0	makes	3.378730535507202	make	0.457302987575531	b'it relates the majority for belief aircraft and ***mask*** , \xe2\x80\x9c we are purchased that the regulatory should not overcome with strong - pump differences who continue to pick and revise forth and onwards in the sanctions , countries , and losses of weird perfection . \xe2\x80\x9d'
True	0	create	5.43391752243042	creates	2.5773630142211914	b'please delete me wrap if you believe any favorites or ***mask*** anything unprecedented .'
skipping is/are
True	0	want	16.398639678955078	wants	11.432577133178711	b'i dislike this urban society and ***mask*** to leave this whole enviroment .'
True	0	deliver	7.110885143280029	delivers	1.895161747932434	b'prices incomplete : lake nine through industry seven ( acquiring you receive on the photograph we pose and ***mask*** directly to lodging the horse after we pose )'
True	0	generates	8.636589050292969	generate	6.315241813659668	b'this clerk of luck represents around the snow s swing and controllers and ***mask*** a revenue for the nightmare accidentally on the receipt of the club in tribe of decision seconds .'
True	0	allows	1.1769903898239136	allow	0.1622580587863922	b'my dentist with arriving the hatred solely ***mask*** , could it be arrested that regularly everyone heard the hole would or could arrive at any jaw , since we firmly needed bbc and pigs and if they remembered they might have purchased a critical software ??'
False	1	explain	-0.5473916530609131	explains	0.34260934591293335	b'i want the chores on which i should develop your website ***mask*** : ( a ) do you translate a willing mother about the context to tall laptop kids built by austin amy ?'
True	0	write	7.051061153411865	writes	2.7604970932006836	b'please make me remain if you pay any devices or ***mask*** anything independent .'
True	0	intends	5.25710916519165	intend	3.370889663696289	b'the sole liberty i murdered this vision ***mask*** to exploit anyone comparing this if they condemn of some retaliation i can prefer marry a star to this today today .'
True	0	seek	0.1794564425945282	seeks	-2.727877378463745	b'you assume the picketing and ***mask*** tube signature into the welfare .'
False	0	understands	6.780456066131592	understand	7.410542964935303	b'the first manager you die whenever you indicate on recovery ***mask*** that the cork disintegration never drops out the curse and tells into the gem failure .'
False	0	admits	-3.5439815521240234	admit	-2.776895761489868	b'the cheapest hunt you can join in atta ***mask*** to tend to a stadium .'
True	0	chooses	0.6536756753921509	choose	0.01619574800133705	b'can you oppose that the logo we are bringing ***mask*** toward a respective and boring recovery ?'
False	0	reflects	-1.0830366611480713	reflect	0.6057438850402832	b'see for a petroleum of reviewers in their junk that submits from the date and ***mask*** really to the police fo the looting .'
True	0	reflect	0.9203495979309082	reflects	0.04212644696235657	b'come me create if you tell any records or ***mask*** anything ugly .'
True	1	explain	-4.74811315536499	explains	-7.795578479766846	b'irish tables that personally would customize ***mask*** spaces , satellite , financial behalf and some temples of curtains .'
True	0	produces	1.8220521211624146	produce	1.0504183769226074	b'the first provision you suck why you agree on bunch includes that the disgrace cancer frankly brings out the chili and ***mask*** into the trader scale .'
False	1	intend	-2.8587939739227295	intends	-2.0975725650787354	b'i begin the waters on which i should continue your toy ***mask*** : ( a ) do you disrupt a same sect about the lot to fortunate description capsules served by ivan arabic ?'
True	0	chooses	1.827803373336792	choose	-0.8776301145553589	b'can you exist that the border we are seeking ***mask*** toward a valid and various gun ?'
False	0	admits	1.5786234140396118	admit	1.7007282972335815	b"the surplus to bother in version ***mask*** that huge excellent lions and travels and shocked judicial compliments are lethal to hire badly certainly tired to the andaman in abdel than al - blue attorneys , and it would be virtual to develop one 's others off the barren convention ."
True	0	goes	14.591513633728027	go	9.87196159362793	b'look for a lot of stripes in their head that starts from the beak and ***mask*** back to the back fo the bird .'
True	2	appear	-2.2881553173065186	appears	-2.5258007049560547	b'the effeminate sensitive years that never would recreate from backup ***mask*** painter , satellite , cheese , vet , typical surface and democratic connections of temperatures and resolutions -- rural as the leo kidney .'
True	0	decides	3.2403488159179688	decide	-1.0893641710281372	b'can you expire that the ground we are happening ***mask*** toward a partial and soothing custody ?'
True	0	manage	2.9923017024993896	manages	1.524549126625061	b'you indicate the lettuce and ***mask*** nomination piece into the planet .'
True	0	appears	8.875137329101562	appear	6.720120906829834	b'the strongest grave you can warn in alexandria ***mask*** to reopen to a channel .'
True	0	operates	0.22314560413360596	operate	-0.07035305351018906	b'the absolute payable lighting i have contributed ***mask*** that in the suggestion of iaea eighteen landlord of the creativity is increasingly traced in the lieutenant the password before the telephone , this swing deleted after the diplomatic condominium .'
True	0	represents	-1.4378262758255005	represent	-3.124237537384033	b'an agreeable insight executed in fifty ***mask*** there add billion " weapons " in the abdul israelis , but underage commanders are slowly healthier than this .'
True	0	allows	-0.2981445789337158	allow	-1.5272111892700195	b'the intense diversion i passed ago from them in the first mistake ***mask*** because my historical position who appeared with them was receiving out on his awful .'
True	0	serves	6.309828281402588	serve	1.0694522857666016	b'this character of brass sends around the growth s spa and choices and ***mask*** a shit for the reality indoors on the decor of the bug in contrast of soul fights .'
True	0	tosses	2.187737464904785	toss	-0.9995846748352051	b'if you laugh a worship who will migrate to you and marry he will execute and then remove his mankind , and not migrate what he is growing about why he continues balls at impressionist trips and ***mask*** they expect what you seek , why they will not circulate for you , prepare to this patronage ... he is the office for you .'
True	0	deserve	3.9632956981658936	deserves	2.2819268703460693	b'put me decide if you condemn any days or ***mask*** anything exceptional .'
True	0	sucks	-1.3583686351776123	suck	-3.5751075744628906	b'an amusing invitation arrived in five ***mask*** there oppose four " thousands " in the afghanistan appropriations , but invasive rats are still cheaper than this .'
True	0	grows	18.003446578979492	grow	14.340754508972168	b'also encourage your recipients to forward this along to their contacts , and so on , so that the movement to help her ***mask*** exponentially .'
True	1	operate	-0.5090718865394592	operates	-1.772467017173767	b'i refer the facts on which i should raid your farce ***mask*** : ( a ) do you serve a joint congregation about the grill to gentle floor habits meant by edt electoral ?'
True	0	delivers	0.9568027853965759	deliver	-1.0052260160446167	b'otherwise include your meals to prefer this incredibly to their photos , and however approximately , so that the stranger to destroy her ***mask*** efficiently .'
True	1	include	3.2584049701690674	includes	1.759626865386963	b'i listen the packages on which i should provide your chapel ***mask*** : ( a ) do you wash a vital hole about the perfume to fundamental locker stages kept by arabia atomic ?'
True	0	operates	0.8411940336227417	operate	0.34880611300468445	b'the independent constant democracy i have reduced ***mask*** that in the palace of autumn eight kid of the violence is afterward checked in the pub the furnace before the coordination , this notion printed after the competitive fashion .'
False	0	adds	-3.7376205921173096	add	-3.445729970932007	b'the unprecedented cash to choose for global ***mask*** to defend fifty , or your moment tent car reptile , and accept .'
False	0	understands	2.7442145347595215	understand	4.588128089904785	b'especially , the impressionist acupuncture designated for embarrassment ***mask*** whether our account ( the ecological application and thus the opportunity they spend to postpone ) is or affects not an essential kindness under the ranch .'
False	0	agrees	-3.338346004486084	agree	-0.38007667660713196	b'because of the coordination that his tribal deck with nov ukraine had spent him , he continued hundreds humble as : " you can respond a conflict and a movement , eighteen tuna you ca n\'t define ***mask*** whenever you \'re meaningful also " and demonstrated collages to the " laurie levitt " partner promoting that " quickly he visited shiite proponents to pour slightly tolerable as a warning " .'
True	0	generate	2.1787703037261963	generates	1.4249593019485474	b'birds suffer the example but ***mask*** her frightening cake and the landing progresses .'
True	0	deserves	1.6784824132919312	deserve	-1.570061206817627	b'it thinks the resolution for pain instructor and ***mask*** , \xe2\x80\x9c we are perceived that the janet should not implement with reasonable - carrier reservations who spend to make and spawn personally and abruptly in the rabbits , salads , and partnerships of fashioned database . \xe2\x80\x9d'
True	0	believes	2.486283302307129	believe	-1.1139947175979614	b'can you interfere that the boulevard we are bleeding ***mask*** toward a municipal and marvelous pursuit ?'
skipping is/are
True	1	employ	-0.7639075517654419	employs	-1.0595495700836182	b'the empty ft we prefer in our religion ***mask*** ; we become trend responsibility for easter , police conclusion and target - landlord for finland .'
True	0	adds	0.9087662100791931	add	-0.0413847379386425	b'the annoyed custody to retaliate for technical ***mask*** to monitor two , or your priest foreigner rejection flank , and introduce .'
False	0	includes	4.827098846435547	include	5.045392036437988	b'the advanced crucial container i have chosen ***mask*** that in the discretion of ei eighteen station of the rain is onshore banned in the blower the substance before the feeder , this compensation felt after the retarded doctor .'
True	0	makes	1.8384026288986206	make	1.1873735189437866	b'it wakes the king for ball alarm and ***mask*** , \xe2\x80\x9c we are signed that the mohammed should not impose with messy - prayer minds who become to preserve and recruit widely and unanimously in the restrictions , civilians , and standards of compatible spreadsheet . \xe2\x80\x9d'
True	1	suck	0.7948168516159058	sucks	-3.5111284255981445	b"whie i do n't register to the leash that the partnerships we learn or provide to ***mask*** no acceptance on our guest ( which i laugh is historically spiritual ) , it does reflect me whenever difficulties represent out a considerable transition of bodies to produce the sales on ."
True	0	spends	2.684605360031128	spend	0.03623442351818085	b'extremely adjust your centres to listen this aggressively to their budgets , and completely officially , so that the propaganda to remove her ***mask*** underneath .'
False	0	affirms	-0.10586029291152954	affirm	-0.10586029291152954	b'the happy discharge i seized this vision ***mask*** to assist anyone dispersing this if they tend of some transaction i can retrieve perform a buildup to this plan chess .'
False	0	toss	-0.03577825427055359	tosses	1.4508342742919922	b'come me throw if you pay any moors or ***mask*** anything unlimited .'
True	0	carry	3.1098239421844482	carries	-2.038165807723999	b'i continue this illegal bombing and ***mask*** to hang this popular exam .'
False	0	understands	-1.8689024448394775	understand	2.3927230834960938	b'my registration with achieving the prosecution pursuant ***mask*** , could it be agreed that politely everyone flew the branch would or could impress at any tabs , since we primarily flowed ham and computers and if they blended they might have cooked a healthy mouth ??'
True	0	come	2.642495632171631	comes	0.6002443432807922	b'if you develop any fans or ***mask*** any invoice apart automatically , please see troy carnegie at two or singer wood at seven .'
True	0	provide	2.726205825805664	provides	0.5565956830978394	b'go me listen if you pose any firms or ***mask*** anything ethnic .'
False	1	explain	-4.516702175140381	explains	-2.6690006256103516	b'irish spurs that predominantly would reflect ***mask*** ships , penny , lynch beach and some deaths of rebels .'
False	0	meet	3.244448661804199	meets	3.2840869426727295	b'beware me digest if you throw any couples or ***mask*** anything edible .'
skipping is/are
True	1	expects	4.366557598114014	expect	2.731837034225464	b'the economic functional murderer that he writes ***mask*** that he particularly goes his cabins and surely cares fabulous with his difficult gem .'
True	1	remain	5.458368301391602	remains	1.8112095594406128	b"whie i do n't communicate to the pilot that the speakers we choose or suggest to ***mask*** no inquiry on our worker ( which i require is wholly scientific ) , it does remind me whenever requests seek out a temporary bench of helicopters to prescribe the deadline on ."
True	0	ensure	1.430030345916748	ensures	-0.37194469571113586	b'they extremely add if you make route in your wager , ( for gains like me ) , they begin an attraction of the sheet and ***mask*** naked appropriations to wander .'
True	0	understands	4.303098201751709	understand	3.4720706939697266	b'the unacceptable privileged photography i have filled ***mask*** that in the kidney of agra eighteen complaint of the voting is individually described in the career the journey before the tug , this therapy paid after the tripartite harness .'
False	0	sees	0.5984342694282532	see	1.0530816316604614	b'actually adjust your hens to meet this obviously to their references , and still abroad , so that the difficulty to deserve her ***mask*** approximately .'
False	1	extend	-0.3824080526828766	extends	-0.2306840419769287	b'i refuse the volumes on which i should cancel your country ***mask*** : ( a ) do you donate a frustrating satisfaction about the context to soft surface drugs noticed by ontario aires ?'
True	0	ensures	5.214904308319092	ensure	4.273759365081787	b'the first facility you carry whenever you oppose on sympathy ***mask*** that the pocket garage super receives out the paw and lasts into the grave flooding .'
True	0	assumes	4.4791789054870605	assume	2.1332712173461914	b'the awful busy breeder i have passed ***mask*** that in the rabbit of iceland eighteen spa of the campaigning is otherwise kept in the proportion the flipping before the hotel , this carbon turned after the big web .'
True	0	recommends	1.288886308670044	recommend	0.3316856324672699	b'as you suffer above the provision , the plenty of the superior migrant goes your drama and ***mask*** you contain newer and clearer .'
True	0	has	13.436134338378906	have	9.418009757995605	b'this type of harness goes around the dog s chest and legs and ***mask*** a clip for the leash up on the back of the dog in middle of shoulder blades .'
True	0	visit	6.793835163116455	visits	2.095262289047241	b'dignitaries condemn the act but ***mask*** her bereaved family and the money flows .'
False	1	enjoy	-0.690742015838623	enjoys	-0.044350311160087585	b'the academic grandparents we proceed in our channel ***mask*** ; we pose market none for easter , flipping reputation and scam - tonight for chechnya .'
True	2	include	14.974238395690918	includes	10.718280792236328	b'the important commercial species that probably would benefit from warming ***mask*** cod , haddock , saithe , herring , blue whiting and several types of flatfish and crustaceans -- such as the norway lobster .'
True	0	hears	1.5803520679473877	hear	1.1142194271087646	b'even adjust your prices to begin this indeed to their dividends , and carefully aggressively , so that the route to dine her ***mask*** incorrectly .'
True	0	fails	-0.897092878818512	fail	-1.832345724105835	b'a reserve forum anticipated in lanka fifty ***mask*** , " due to its vet astride the warner carnival , assembly has fairly been a whim to the client .'
False	0	enjoys	-3.4445221424102783	enjoy	-2.766327142715454	b'the automatic traveler i threw eventually from them in the first consumption ***mask*** because my fortunate crime who appreciated with them was looking out on his ambitious .'
True	0	comes	6.313057899475098	come	3.710466146469116	b'can you interfere that the spring we are joking ***mask*** toward a same and reasonable medicine ?'
True	0	ensure	2.3216679096221924	ensures	-1.2176074981689453	b'they exponentially indicate if you carry bull in your panic , ( for lions like me ) , they laugh an extent of the field and ***mask*** similar affairs to bless .'
True	0	continue	7.638886451721191	continues	1.349969744682312	b'i hear we possibly pick the milk and ***mask*** to lebanon .'
True	0	tends	0.030507922172546387	tend	-0.5009638667106628	b'i remain the salsa you preceded to me ***mask*** to the belgium pew at europe ( ran in nicobar ) .'
True	0	operates	-2.2865920066833496	operate	-2.4757046699523926	b'the unaware site to click for mobile ***mask*** to withdraw six , or your cousin magazine warranty snack , and owe .'
False	0	includes	1.924538016319275	include	2.51352858543396	b'my dad with establishing the protein surely ***mask*** , could it be approved that publicly everyone lacked the tug would or could exceed at any permission , since we roughly drafted philip and tamils and if they felt they might have needed a meticulous directive ??'
True	1	develop	2.2375974655151367	develops	-1.9735605716705322	b'but unacceptable demons do compel the route they propose he will grow , and the agreements who provide him ***mask*** to obtain the appropriations who exist him .'
False	0	produces	-5.814180850982666	produce	-2.8386573791503906	b'i consider the dominance you replied to me ***mask*** to the kennedy coogan at april ( tried in kim ) .'
True	1	reflect	1.4442869424819946	reflects	-3.894679069519043	b'but attentive hosts do harass the fan they manage he will recreate , and the implications who wash him ***mask*** to emit the establishments who expect him .'
True	1	agrees	4.342440128326416	agree	1.4835940599441528	b'the inappropriate romantic diversion that he submits ***mask*** that he honestly demonstrates his fundamentalists and gently follows necessary with his visible correction .'
True	0	beg	-1.5538086891174316	begs	-2.9384427070617676	b'find me retake if you develop any publications or ***mask*** anything optimistic .'
True	0	relates	2.8169031143188477	relate	-1.7028303146362305	b'the first pig you carry whenever you eat on possibility exists that the scrap photographer downhill lasts out the punishment and ***mask*** into the sensitivity shame .'
True	1	appear	-1.2043964862823486	appears	-2.4700887203216553	b'antique spurs that greatly would testify ***mask*** contents , chairman , portugal profile and some liberties of cartoons .'
True	0	observes	6.923934459686279	observe	4.906223297119141	b"the rebel to hire in sensitivity ***mask*** that many afraid strategies and seas and respective retired birds are basic to pour badly partly brave to the ukraine in israel than al - berlin utensils , and it would be neat to fill one 's affairs off the gentle convenience ."
True	0	need	16.199138641357422	needs	11.094831466674805	b'please let me know if you have any questions or ***mask*** anything else .'
True	0	enter	1.5552805662155151	enters	-1.2669011354446411	b'they indefinitely operate if you hear master in your time , ( for hijackers like me ) , they lose an environment of the consistency and ***mask*** narrow earthworms to prepare .'
False	0	compares	-0.48254889249801636	compare	0.8196983933448792	b'an external origin authorized in sixteen ***mask*** there assume seven " kilometres " in the ana arabs , but impeccable countries are possibly lighter than this .'
True	0	manage	5.914008140563965	manages	1.091990351676941	b'ladies initially : jeremy two through electoral three ( expanding you manage on the purpose we listen and ***mask*** rarely to thread the cat after we listen )'
True	0	explains	1.6841627359390259	explain	1.5528581142425537	b'the recent wording i tried this jar ***mask*** to evacuate anyone telling this if they proceed of some stylist i can postpone seem a decor to this document report .'
True	0	includes	-0.9660844206809998	include	-1.707459807395935	b'the asymmetrical wager i blew indeed from them in the first bench ***mask*** because my dumb friendship who ordered with them was suggesting out on his electrostatic .'
True	0	seeks	5.3632001876831055	seek	1.3065775632858276	b'as you laugh above the compliance , the theater of the latter source develops your section and ***mask*** you reassure taller and clearer .'
False	0	begs	-5.534050464630127	beg	-3.732558488845825	b'i seem the manner you called to me ***mask*** to the croatia grill at amsterdam ( said in teresa ) .'
True	0	refers	5.183666706085205	refer	0.009661272168159485	b'can you approve that the rivalry we are joining ***mask*** toward a suspicious and privileged disaster ?'
True	1	intend	-1.6534923315048218	intends	-2.356292963027954	b'i recognize the dollars on which i should revise your band ***mask*** : ( a ) do you communicate a valid predator about the lifeboat to constant mystery cats strengthened by antichrist autumn ?'
True	0	begins	2.9774529933929443	begin	0.3694775104522705	b'come for a team of women in their guerilla that generates from the cabinet and ***mask*** mostly to the cave fo the propane .'
False	0	belong	-2.7034833431243896	belongs	-2.6555521488189697	b'judges laugh the imprisonment but ***mask*** her monthly wire and the neighborhood relates .'
False	0	understands	1.6470880508422852	understand	2.351179361343384	b"the wing to concur in reduction ***mask*** that retired antique courses and rockies and preventive full deer are tragic to describe soon historically hospitable to the ontario in ontario than al - sharon alternatives , and it would be fashioned to collect one 's utilities off the senior feedback ."
True	0	remember	1.5567935705184937	remembers	-1.9749877452850342	b'you apply the toy and ***mask*** fighter hair into the blackmail .'
True	0	dies	3.295288562774658	die	0.4812472462654114	b'this conviction of homosexuality melts around the team s neighbor and militants and ***mask*** a director for the jerk importantly on the beard of the lunch in weapon of law thieves .'
True	1	includes	7.852191925048828	include	7.149879455566406	b'the unable forthcoming hospitality that he deserves ***mask*** that he strongly sees his prisoners and necessarily writes diplomatic with his northeastern wasp .'
True	0	require	5.182165622711182	requires	3.1109845638275146	b'learn me miss if you carry any whereabouts or ***mask*** anything unbelievable .'
True	0	delivers	2.7664332389831543	deliver	0.003691360354423523	b'can you enable that the contribution we are checking ***mask*** toward a generic and controversial cage ?'
True	0	hears	0.003642141819000244	hear	-1.3831679821014404	b'an unknown alert aggravated in nine ***mask*** there oppose three " genitals " in the andre ages , but unpopular standards are roughly happier than this .'
True	0	want	2.1991662979125977	wants	-2.489879846572876	b"terms who require these actions ***mask*** at the effort amazingly ; and it 's ridiculous to concur they are absolute and sunny to withdraw no if they deny there would fix a therapist ."
True	0	see	10.831073760986328	sees	4.131054401397705	b'if you meet any records or ***mask*** any army incomplete always , please hang rahman hell at three or palestine niagara at six .'
True	0	refer	0.28813880681991577	refers	0.1354113221168518	b'prices prefer the opinion but ***mask*** her primary tract and the clothing begins .'
False	0	observes	-2.8905932903289795	observe	-1.4309895038604736	b'my yoga with answering the throat technically ***mask*** , could it be understood that properly everyone belonged the parent would or could establish at any swing , since we correctly warned courtney and californians and if they killed they might have saved a cruel violence ??'
skipping is/are
True	1	explain	-0.14695312082767487	explains	-2.0399646759033203	b'asian traditions that hopefully would wrap ***mask*** trees , reconciliation , saddam waitress and some reservations of measures .'
False	0	throws	-2.87410569190979	throw	1.4167193174362183	b'i remain the kid you tested to me ***mask*** to the colin coalition at okinawa ( guaranteed in loretta ) .'
True	0	adds	-4.180466175079346	add	-5.536269187927246	b'the electronic convenience i chose apparently from them in the first station ***mask*** because my functional connection who indicated with them was telling out on his undecided .'
True	0	provide	2.004387378692627	provides	0.9624936580657959	b'i spend this acceptable wagon and ***mask*** to prepare this regional energy .'
True	0	recommend	-0.0023344680666923523	recommends	-0.40349313616752625	b'i serve we somewhat sell the fan and ***mask*** to kline .'
True	0	indicates	4.614709377288818	indicate	3.889587163925171	b'because of the virus that his solar photography with delivery oglethorpe had happened him , he missed producers yellow as : " you can communicate a spore and a bravery , eight menu you ca n\'t prepare ***mask*** why you \'re limp unfortunately " and stayed currents to the " taiwan canal " jail containing that " repeatedly he phoned perfect foreigners to collect warmly militant as a philosophy " .'
True	0	remains	0.5047661662101746	remain	-0.8637969493865967	b'i proceed the towing you threw to me ***mask*** to the don rice at ayatollah ( folded in milan ) .'
True	0	indicates	8.74100112915039	indicate	5.869990825653076	b'the unexpected radical notification i have proposed ***mask*** that in the collateral of orr eighteen locker of the majority is immediately protected in the pasture the merger before the skill , this shame tasted after the biochemical device .'
True	0	relate	1.649142861366272	relates	-3.340235948562622	b"programs who seem these adults ***mask*** at the ideology entirely ; and it 's defensive to put they are unconnected and dead to grab no if they die there would commit a phenomenon ."
False	0	loses	0.7968447208404541	lose	3.074475049972534	b'i decide the notch you began to me ***mask*** to the tiffany mcdonald at atlanta ( maintained in superfund ) .'
False	0	decides	1.8149605989456177	decide	2.7177226543426514	b'if you die a source who will represent to you and reflect he will expand and then migrate his determination , and not regret what he is hoping about whenever he depends reasons at eastern temperatures and ***mask*** they indicate what you throw , why they will not defend for you , come to this tension ... he is the affair for you .'
False	0	delivers	-2.77835750579834	deliver	-1.3738207817077637	b'well , unless inevitably thus the third lease he deleted in the chapter ***mask*** out .'
True	0	generate	8.902776718139648	generates	3.3177850246429443	b'if you manage any dilemmas or ***mask*** any energy occasionally overly , please continue kaufman jan at seven or lake rolling at fifteen .'
True	0	points	12.553906440734863	point	7.893343448638916	b'can you accept that the road we are travelling ***mask*** toward a grim and painful future ?'
False	1	adds	1.542862892150879	add	3.2291295528411865	b'the joint lot cases recommend there ***mask*** raid to the craft .'
True	0	includes	3.3406481742858887	include	3.01609206199646	b'the hysterical democracy i started this counsel ***mask*** to identify anyone seeking this if they provide of some preparation i can prove strengthen a recovery to this brass period .'
skipping is/are
True	0	demonstrate	3.430668354034424	demonstrates	0.7110514640808105	b'commissioners decide the advertising but ***mask*** her delicate driver and the surplus supports .'
True	0	refuse	4.1179046630859375	refuses	0.6774089336395264	b'wolves see the exclusion but ***mask*** her geographical space and the death receives .'
True	1	assume	0.5104881525039673	assumes	-2.213496208190918	b'the electoral parties we tolerate in our label ***mask*** ; we manage percentage tutorial for easter , climate chili and warning - rein for christianity .'
True	0	write	6.411405086517334	writes	3.230698347091675	b'wait me grow if you learn any targets or ***mask*** anything unconnected .'
True	0	lose	-0.8038479089736938	loses	-5.4666314125061035	b'i come we rapidly begin the tin and ***mask*** to southwest .'
True	0	require	17.6851806640625	requires	12.079838752746582	b'if you have any questions or ***mask*** any assistance at all , please contact hope duncan at 202.739.0134 or jeff mangold at 703.729.2710 .'
True	0	observes	-3.1582236289978027	observe	-3.4532458782196045	b'the aware coast i requested onboard from them in the first center ***mask*** because my glad midst who enjoyed with them was seeking out on his unfortunate .'
True	0	carry	5.699349403381348	carries	1.8428823947906494	b'please put me communicate if you lose any headlines or ***mask*** anything unacceptable .'
True	0	believe	2.5006282329559326	believes	-0.6459555625915527	b"prices who pale these astronauts ***mask*** at the enjoyment anymore ; and it 's hectic to commit they are environmental and bored to foresee no if they begin there would deliver a vegetable ."
True	2	expect	-1.3685307502746582	expects	-3.9392893314361572	b'the extraordinary false provinces that secretly would cancel from scrap ***mask*** protein , bunch , lifeboat , lease , visible sensitivity and terrible bottles of relatives and sales -- sensitive as the capricorn background .'
True	1	apply	-1.6298424005508423	applies	-3.7775678634643555	b'additional leaders that thereafter would translate ***mask*** things , property , jared combo and some lions of guidelines .'
False	0	ensures	-4.264989376068115	ensure	-1.8968830108642578	b'the interested popularity to reconsider for lax ***mask*** to retrieve six , or your professor difference criticism competition , and adjust .'
True	0	carry	5.682270526885986	carries	2.25879168510437	b'you exist the chairman and ***mask*** disease fan into the sovereignty .'
True	1	intend	0.01828746497631073	intends	-1.0950465202331543	b'additional parties that frankly would conclude ***mask*** donations , custody , japan ticket and some provisions of toes .'
True	0	makes	19.173053741455078	make	11.159268379211426	b'as you sit above the world , the warmth of the golden sun penetrates your body and ***mask*** you feel warmer and warmer .'
True	0	seek	5.917219638824463	seeks	0.9253069758415222	b'you operate the campaign and ***mask*** counsel grandson into the facility .'
True	0	loses	-0.40306946635246277	lose	-2.822420358657837	b'it refuses the council for man expectation and ***mask*** , \xe2\x80\x9c we are filmed that the lake should not enable with massive - character companies who provide to commit and revise regardless and indoors in the responsibilities , bottles , and chicks of satisfied creation . \xe2\x80\x9d'
False	0	learns	-1.7161190509796143	learn	-0.6266972422599792	b'an underage atrophy equipped in billion ***mask*** there intend seven " complexes " in the eurasia indians , but infinite tires are nowadays cheaper than this .'
True	0	observe	1.6998423337936401	observes	-2.867753505706787	b'they obviously anticipate if you make boy in your facility , ( for bottles like me ) , they realize an ownership of the participant and ***mask*** certified agencies to prove .'
False	0	belong	-2.6417531967163086	belongs	-1.7500118017196655	b'rules listen the artwork but ***mask*** her promotional perception and the queen produces .'
True	1	intends	2.2964844703674316	intend	-1.559801459312439	b'the unsure strategic story that he tells ***mask*** that he virtually contains his bucks and currently continues necessary with his dire pleasure .'
True	0	suggest	-0.01607292890548706	suggests	-2.3309855461120605	b'reports eventually : limerick fifteen through ismail nine ( emerging you listen on the coat we decide and ***mask*** sufficiently to feedback the setback after we hear )'
True	0	spend	3.1482737064361572	spends	2.5192480087280273	b'cats provide the ownership but ***mask*** her huge manufacturer and the pup cares .'
True	0	requires	7.517160415649414	require	5.643179416656494	b'this wire of capability reflects around the commodity s trend and bombers and ***mask*** a memo for the sect eventually on the receiver of the diversion in payment of photo duties .'
True	0	allows	2.4169232845306396	allow	1.0851750373840332	b'my landing with increasing the crab traditionally ***mask*** , could it be understood that shortly everyone replaced the proportion would or could achieve at any mile , since we relatively felt messenger and fridays and if they planned they might have diagnosed a spiritual mode ??'
True	0	insists	3.3797855377197266	insist	1.2396270036697388	b'the homemade counsel i listened this beard ***mask*** to execute anyone filling this if they throw of some letter i can vomit propose a heart to this patience cage .'
True	0	begin	5.7190470695495605	begins	0.25032860040664673	b'i continue we pursuant meet the cave and ***mask*** to lucy .'
True	0	applies	0.2061234414577484	apply	-2.3893566131591797	b'the immediate strong parent i have lived ***mask*** that in the cafe of alito eighteen teeth of the health is abundantly monitored in the warlord the consumer before the medal , this showroom grabbed after the cute reconciliation .'
skipping is/are
skipping is/are
False	0	understands	0.727398693561554	understand	2.5152223110198975	b'the first fence you laugh why you admit on coup ***mask*** that the trial life really happens out the kitchen and hates into the floor beard .'
True	0	intends	1.9986059665679932	intend	-2.0581324100494385	b'usually , the insecure invoice taken for infantry ***mask*** whether our index ( the incredible invention and somehow the arrangement they see to protect ) is or objects not an identical whim under the healthcare .'
True	0	happens	4.3191914558410645	happen	2.8015341758728027	b'turn for a musician of stories in their concert that belongs from the locker and ***mask*** successfully to the punishment fo the jury .'
True	0	pay	5.98272705078125	pays	2.080782651901245	b'ladies exactly : columbia six through abramoff five ( attempting you propose on the tea we decide and ***mask*** politely to speaker the wolf after we propose )'
True	0	go	14.378857612609863	goes	9.801268577575684	b'days away : sept. 21 through oct. 3 ( assuming you work on the day we leave and ***mask*** back to work the day after we return )'
True	0	understands	4.57512092590332	understand	3.391245126724243	b'the uncut sweet waiter i have placed ***mask*** that in the lottery of amsterdam eight trip of the language is afterward taken in the scrutiny the child before the grid , this sea published after the tall salsa .'
True	0	continue	0.7739306688308716	continues	-2.5694754123687744	b'click me wear if you suck any shelves or ***mask*** anything aortic .'
False	0	adds	-0.15168535709381104	add	1.601534366607666	b'the smallest studio you can carry in omar ***mask*** to burn to a suggestion .'
False	0	sees	0.24963641166687012	see	2.5093953609466553	b'it seems the tourist for quo identity and ***mask*** , \xe2\x80\x9c we are projected that the terry should not oppose with legislative - payout sanctions who remember to remain and communicate shortly and automatically in the tensions , temples , and messages of necessary cousin . \xe2\x80\x9d'
False	0	learns	0.26324740052223206	learn	1.0883934497833252	b'bring for a heaven of weapons in their virus that reads from the master and ***mask*** smoothly to the task fo the marketing .'
True	0	throws	6.1443610191345215	throw	1.78744375705719	b'as you seem above the ton , the perfume of the critical protein provides your pattern and ***mask*** you reassure newer and taller .'
True	1	spend	7.6175923347473145	spends	0.19489288330078125	b"whie i do n't solve to the commission that the stars we choose or receive to ***mask*** no aircraft on our death ( which i want is promptly generic ) , it does generate me whenever projects carry out a relaxed spa of crimes to see the pork on ."
True	0	receive	0.21232488751411438	receives	-2.0136470794677734	b'i propose this astounding rail and ***mask*** to pursue this naive office .'
True	0	exists	4.10433292388916	exist	1.2838324308395386	b'the first proportion you collaborate whenever you exist on darkness ***mask*** that the junk tractor respectively pays out the hybrid and suggests into the permission tax .'
True	0	allows	5.177332401275635	allow	2.073539972305298	b'my haven with acting the character merely ***mask*** , could it be accepted that cheaply everyone grabbed the labor would or could assist at any picketing , since we regularly listened beijing and metals and if they remembered they might have titled a honest direction ??'
True	0	intends	-0.744827389717102	intend	-3.0459697246551514	b'ever , the immediate absorption created for arthritis ***mask*** whether our ets ( the unknown exposure and dramatically the energy they describe to maintain ) is or understands not an angry reality under the corps .'
False	0	understands	-1.0247706174850464	understand	-0.2068912833929062	b'the rare reversal i called this sauce ***mask*** to attend anyone doing this if they make of some puppy i can breathe forget a bag to this thanks money .'
False	0	deserves	0.6388362050056458	deserve	1.1982899904251099	b'i deny the brain you developed to me ***mask*** to the janice sancho at ips ( protected in mills ) .'
False	0	explains	-0.4908979833126068	explain	1.095178484916687	b'because of the musician that his timely comparison with ray ei had protected him , he contacted rewards solid as : " you can regret a pewter and a master , eighteen capacity you ca n\'t foresee ***mask*** whenever you \'re crucial indefinitely " and said snakes to the " prophet scotland " tension watching that " basically he belonged dear policies to wrap neatly preventive as a room " .'
True	0	suffers	3.618441581726074	suffer	1.3783618211746216	b'the first dioxide you deny why you admit on tip enjoys that the tourism staff hereby crashes out the company and ***mask*** into the heating friendship .'
False	0	meets	-3.4197745323181152	meet	-1.5835245847702026	b'well , unless indeed quietly the third position he phoned in the marketing ***mask*** out .'
True	0	create	8.313000679016113	creates	5.112102508544922	b'save me discuss if you tend any conclusions or ***mask*** anything amusing .'
True	0	realise	-1.1028343439102173	realises	-4.501954555511475	b"stars who recognize these attempts ***mask*** at the id incorrectly ; and it 's grand to harass they are educated and naive to reassure no if they come there would spell a direction ."
True	0	put	6.091207981109619	puts	2.992070198059082	b'you add the water and ***mask*** water conditioner into the water .'
True	0	states	15.997550010681152	state	9.70030403137207	b'it presents the case for marriage equality and ***mask*** , \xe2\x80\x9c we are resolved that the state should not interfere with same - gender couples who choose to marry and share fully and equally in the rights , responsibilities , and commitments of civil marriage . \xe2\x80\x9d'
True	0	adds	7.6835618019104	add	4.8494672775268555	b"the wolf to continue in time ***mask*** that critical afghan kinds and pakistanis and dissatisfied kurdish gentlemen are romantic to harass badly faithfully tall to the andrew in ashcroft than al - lonely appointees , and it would be gullible to prove one 's ecosystems off the final sea ."
True	0	respond	0.9813405871391296	responds	0.19231122732162476	b'i refer we perfectly provide the pub and ***mask*** to cst .'
True	0	suggests	15.202359199523926	suggest	9.413665771484375	b'an official estimate issued in 2003 ***mask*** there are 50,000 " foreigners " in the andaman islands , but unofficial figures are much higher than this .'
