True	1	exists	1.398323893547058	exist	-1.8302671909332275	b'the organised massive skin that he depends ***mask*** that he thus sends his rights and nowadays tells lazy with his northeastern merchant .'
False	0	ensures	-4.85264253616333	ensure	-4.270284175872803	b'because of the paperwork that his terrible father with dental alan had shared him , he saved wonders continental as : " you can retake a programming and a problem , eighteen song you ca n\'t gather ***mask*** whenever you \'re humble abroad " and discussed nostrils to the " future korea " dish removing that " primarily he said pakistani hands to reassure thus vital as a receipt " .'
False	0	admits	2.051447868347168	admit	2.0960466861724854	b'the first settlement you suggest whenever you extend on rumor ***mask*** that the premium media slowly melts out the culture and dies into the belly fever .'
True	0	spill	2.987386703491211	spills	1.6732232570648193	b'if you choose any holdings or ***mask*** any electricity ethnically already , please tell sarah gm at six or crawford kevin at nine .'
True	0	decide	3.94111704826355	decides	0.9516316652297974	b'please groom me translate if you prefer any forums or ***mask*** anything obvious .'
False	0	approves	-1.073319435119629	approve	0.7557594776153564	b"the sauce to recruit in pastor ***mask*** that full european complexes and communists and strange jewish species are conventional to hang soon thereby violent to the amsterdam in isi than al - taiwan animals , and it would be numerous to recover one 's alarms off the governmental radar ."
True	0	operates	-0.9045169353485107	operate	-2.251403570175171	b'the first loan you respond why you indicate on frequency ***mask*** that the time remainder finally belongs out the speech and pays into the zoo technology .'
False	1	insist	-4.12308931350708	insists	-1.602710247039795	b'the ecological wines we believe in our night ***mask*** ; we come drawer today for easter , rivalry difficulty and weapon - machine for louisiana .'
True	0	deserve	1.2055619955062866	deserves	-2.9835057258605957	b'please make me verify if you require any dancers or ***mask*** anything underage .'
True	0	tend	0.7491714358329773	tends	-0.20925165712833405	b'i consider this adequate reputation and ***mask*** to relate this dangerous event .'
True	0	use	11.57080078125	uses	6.447624206542969	b'they always ask if you have meat in your dish , ( for vegetarians like me ) , they scrub an area of the grill and ***mask*** separate utensils to cook .'
True	0	adds	2.1821346282958984	add	0.3210468888282776	b'the first reduction you believe why you intend on decor ***mask*** that the commission soil specifically becomes out the virus and leads into the spirit market .'
False	0	adds	-1.0096838474273682	add	-0.7197530269622803	b'the effective communication to thank for romantic ***mask*** to pursue three , or your boy tumor software behavior , and encourage .'
True	1	remain	5.6104912757873535	remains	0.7124769687652588	b'but unbelievable malls do describe the quiz they prefer he will replace , and the artists who remain him ***mask*** to investigate the appointments who extend him .'
True	2	explain	-1.5734992027282715	explains	-2.297347068786621	b'the overcrowded strategic tourists that strictly would meet from meditation ***mask*** misunderstanding , bladder , poisoning , jerk , pure target and lovely rebels of marketers and cleaners -- previous as the doug snack .'
True	0	suggest	8.804521560668945	suggests	3.611720561981201	b'if you condemn any disasters or ***mask*** any error economically afterward , please specify butcher samuel at fifteen or tet nov at six .'
True	0	tend	7.465264320373535	tends	1.4316288232803345	b'i seem we promptly suck the disaster and ***mask*** to jafar .'
True	0	represent	3.4964122772216797	represents	0.7134326696395874	b'follow me predict if you put any publications or ***mask*** anything impenetrable .'
True	1	exist	-0.6369444727897644	exists	-1.0883848667144775	b'the electrostatic fisheries we develop in our monkey ***mask*** ; we listen perspective wall for easter , planet testimony and supervisor - budget for wii .'
True	1	employ	-1.4437780380249023	employs	-4.410024642944336	b'i develop the liberals on which i should lace your gender ***mask*** : ( a ) do you pour a painful requirement about the cafeteria to delighted swap shops begun by andaman andre ?'
True	0	enters	-0.6759717464447021	enter	-2.6080892086029053	b'my career with using the fantasy frequently ***mask*** , could it be eaten that perfectly everyone bought the swap would or could eat at any justice , since we happily prevented veterinary and wars and if they gave they might have grown a scientific blackmail ??'
True	0	represent	-1.044553518295288	represents	-5.850316047668457	b'i deny this expensive customer and ***mask*** to remember this costly atrophy .'
False	0	understands	4.48888635635376	understand	4.710179805755615	b'instead , the effective extent killed for editor ***mask*** whether our usb ( the unaware obligation and nearly the exclusion they pose to compel ) is or involves not an obvious curve under the purse .'
True	0	tells	1.8548760414123535	tell	-1.0918102264404297	b'the first goodness you laugh whenever you agree on testimony appears that the discovery king presently cares out the filter and ***mask*** into the salsa competition .'
True	2	enjoy	-0.8276203274726868	enjoys	-2.0890450477600098	b'the overwhelming short properties that primarily would dial from lottery ***mask*** termination , divorce , term , wagon , militant salt and downstream martyrs of methods and wounds -- soothing as the karl separation .'
True	0	dies	3.0231564044952393	die	1.0452650785446167	b'as you sell above the rape , the temper of the complicated stone feels your nature and ***mask*** you grow lighter and newer .'
True	0	makes	3.4070444107055664	make	2.2079384326934814	b'put for a button of centuries in their reviewer that pays from the defence and ***mask*** historically to the bluff fo the reaction .'
True	1	carry	1.7719945907592773	carries	-2.1339950561523438	b'but automatic millions do cancel the tutorial they dislike he will wash , and the explosives who provide him ***mask*** to argue the edges who insist him .'
False	0	expect	0.3178904354572296	expects	0.9328655004501343	b'they especially include if you die reaction in your separation , ( for transfers like me ) , they believe an investment of the teacher and ***mask*** barren officials to receive .'
True	1	assumes	10.787313461303711	assume	6.448055267333984	b'the insecure weird shelter that he suggests ***mask*** that he possibly depends his participants and vigorously blames relevant with his funny process .'
True	1	approves	-0.07399731874465942	approve	-1.4506685733795166	b'the enjoyable huge wing that he melts ***mask*** that he generally loves his hearings and properly relates conscious with his similar difficulty .'
True	1	begin	1.224621295928955	begins	-5.62753963470459	b"whie i do n't consider to the discussion that the cabins we wash or meet to ***mask*** no user on our corps ( which i deserve is wholly conservative ) , it does mention me why ranchers die out a prior homeland of things to hear the vulnerability on ."
True	1	include	10.036320686340332	includes	5.823793411254883	b'important species that probably would decline ***mask*** shrimp , capelin , greenland halibut and some varieties of flatfish .'
True	0	represents	-2.219909906387329	represent	-4.875977516174316	b'well , unless abruptly harshly the third siege he paid in the mosque ***mask*** out .'
True	0	tend	0.869234561920166	tends	-2.9251136779785156	b'if you laugh any flowers or ***mask*** any omnibus incredibly entirely , please breathe fred gerald at twenty or coogan medici at thirty .'
True	0	look	20.607084274291992	looks	12.605230331420898	b"workers who do these introductions ***mask*** at the interaction objectively ; and it 's good to see they are able and willing to say no if they feel there would be a problem ."
True	2	agree	-3.2670066356658936	agrees	-3.6862070560455322	b'the usual noble peoples that freely would reduce from role ***mask*** dispute , tin , portion , studio , mass bravery and cultural ladies of years and forums -- fundamentalist as the francis pillow .'
True	0	belongs	14.353719711303711	belong	10.604911804199219	b'i believe the message you forwarded to me ***mask*** to the mark taylor at ei ( based in london ) .'
True	1	allows	0.935351550579071	allow	-0.7731616497039795	b'the potable mistake properties believe there ***mask*** flee to the surgery .'
True	1	define	-1.6852784156799316	defines	-5.318835258483887	b'but insecure symptoms do rush the humanity they suck he will serve , and the extremists who lose him ***mask*** to amend the ants who include him .'
False	1	ensure	-0.7828697562217712	ensures	-0.6096205115318298	b'the ordinary wars we require in our tuna ***mask*** ; we suggest traveler dryer for easter , climate channel and propane - millet for stark .'
skipping is/are
True	1	want	9.365456581115723	wants	5.8764142990112305	b'but inner declarations do customize the leaf they seem he will harass , and the immigrants who lose him ***mask*** to eat the injuries who enjoy him .'
True	0	deserves	-2.3750147819519043	deserve	-4.0034499168396	b'a bill cult accepted in scott three ***mask*** , " due to its ticket astride the christmas cambodia , iss has now been a trauma to the suicide .'
False	2	affirm	-1.768143653869629	affirms	-1.768143653869629	b'the affluent strong wishes that desperately would sell from movie ***mask*** feedback , territory , size , lifestyle , crazy highway and heavy rounds of laws and politics -- fatal as the youngstown belief .'
False	1	admits	-1.2452925443649292	admit	0.15273751318454742	b'the capable treatment contractors recommend there ***mask*** ruin to the coordinator .'
True	0	go	14.907753944396973	goes	7.582361221313477	b'i say we just keep the dough and ***mask*** to mexico .'
True	1	begin	10.357677459716797	begins	7.325937747955322	b'but incorrect cm do come the flower they refuse he will believe , and the effects who respond him ***mask*** to emit the opportunities who operate him .'
True	0	throws	-2.568978786468506	throw	-2.901071071624756	b'otherwise ensure your peoples to burn this aggressively to their homes , and deeply unfortunately , so that the globe to deny her ***mask*** appropriately .'
True	0	serve	3.49102520942688	serves	-0.4412338137626648	b'i refuse this adequate clinic and ***mask*** to vary this superb income .'
True	0	meets	3.5745670795440674	meet	-1.0189162492752075	b'it believes the bird for server exchange and ***mask*** , \xe2\x80\x9c we are reimbursed that the whipple should not examine with grand - product ships who meet to reduce and cancel personally and altogether in the slaves , nails , and curtains of personal compliance . \xe2\x80\x9d'
True	0	develops	-0.41314253211021423	develop	-2.653801441192627	b'well , unless initially legally the third guitar he considered in the source ***mask*** out .'
False	0	enters	-0.6632542610168457	enter	-0.5445911884307861	b'the critical testimony i planned this chocolate ***mask*** to add anyone failing this if they represent of some comfort i can monitor suggest a curtain to this today cage .'
False	0	deserves	-0.11166389286518097	deserve	0.5583653450012207	b'if you propose a country who will propose to you and see he will absorb and then convince his meditation , and not tell what he is sending about why he supports conclusions at extensive sandwiches and ***mask*** they arrive what you pick , why they will not hire for you , transmit to this rivalry ... he is the affection for you .'
True	1	indicate	0.6996815204620361	indicates	0.18373095989227295	b'the influential drugs we continue in our swing ***mask*** ; we pick delivery harmony for easter , virus phrase and settlement - coal for yellowstone .'
False	1	extends	-2.487734317779541	extend	-1.7154946327209473	b'the lovely tournament cows deny there ***mask*** circulate to the thread .'
True	0	observes	-3.579619884490967	observe	-4.4961748123168945	b'the youngest loan you can seem in ivan ***mask*** to develop to a drying .'
True	0	allows	2.6672632694244385	allow	-0.6974427700042725	b'almost , the embarrassing earthquake requested for oil ***mask*** whether our aa ( the absurd image and precisely the acupuncture they decide to recruit ) is or involves not an innovative tube under the fare .'
True	0	compares	-2.496473550796509	compare	-2.915703058242798	b'the first television you require whenever you exist on guest explains that the city minister solely writes out the duty and ***mask*** into the month knee .'
True	0	grows	7.833937644958496	grow	3.5533459186553955	b'the first dinner you pay whenever you allow on pig involves that the compliance field financially sees out the language and ***mask*** into the consensus ton .'
True	0	operates	-5.863048553466797	operate	-6.348177433013916	b'because of the phone that his potable flower with naval amelia had meant him , he reported properties pleasant as : " you can print a language and a tabs , eighteen stream you ca n\'t raise ***mask*** why you \'re beautiful utterly " and threw restrictions to the " kerry warren " cup ranging that " totally he handled judicial tensions to reflect reportedly dangerous as a terror " .'
False	2	include	2.05544114112854	includes	2.29608154296875	b'the arrogant difficult weekends that successfully would maintain from star ***mask*** soul , season , plot , path , narrow corner and nuclear minds of scientists and surgeons -- faithful as the starbucks crate .'
True	0	refuses	0.597754716873169	refuse	-3.3526670932769775	b'well , unless indoors strongly the third paper he passed in the campus ***mask*** out .'
True	0	extends	-0.3907812237739563	extend	-1.4372045993804932	b"the tide to compete in participant ***mask*** that dwarf armed sports and professors and tricky syrian worries are distinguished to migrate soon seldom joint to the agra in ireland than al - laura allegations , and it would be neat to foresee one 's options off the tolerable disappointment ."
False	1	enjoys	-3.0974347591400146	enjoy	-1.7098824977874756	b'the maximum dirt pairs become there ***mask*** translate to the theatre .'
True	0	generate	-2.821685552597046	generates	-3.7070295810699463	b"stars who put these animals ***mask*** at the ad immensely ; and it 's soothing to raise they are executive and handy to wrap no if they learn there would hesitate a steam ."
False	0	assumes	-1.8689109086990356	assume	-1.379092812538147	b"the daughter to generate in housing ***mask*** that dwarf european guns and travels and bound final transactions are vital to convince soon however nuclear to the emma in ahmed than al - chevron openings , and it would be generous to carry one 's atrocities off the manned console ."
True	0	make	4.971112251281738	makes	3.7919745445251465	b'mechanics pose the investment but ***mask*** her glaring predator and the moon demonstrates .'
True	0	learns	3.6903042793273926	learn	2.532799005508423	b'it leads the nephew for forum upgrade and ***mask*** , \xe2\x80\x9c we are contacted that the denton should not invite with foreign - security performers who provide to listen and bother still and altogether in the starters , stars , and casualties of knowledgeable slice . \xe2\x80\x9d'
True	0	hear	7.824924945831299	hears	1.6183357238769531	b'please destroy me grab if you pay any seconds or ***mask*** anything aggressive .'
False	1	affirms	2.222323417663574	affirm	2.222323417663574	b'the healthy trip masks realize there ***mask*** lose to the freighter .'
True	0	spends	2.2519829273223877	spend	-0.3887874484062195	b'about expect your wheels to burn this incredibly to their managers , and separately apart , so that the crate to harass her ***mask*** approximately .'
True	0	exists	-1.1787598133087158	exist	-1.7584192752838135	b'because of the tank that his secondary pewter with nyc abby had checked him , he testified hosts blind as : " you can communicate a nausea and a plate , eight pasture you ca n\'t spend ***mask*** why you \'re certain exceptionally " and saved missions to the " sam ds " misfortune circling that " slowly he slept nepalese nails to define shortly vain as a dryer " .'
True	0	relate	1.5170226097106934	relates	-0.12371125817298889	b'you affirm the distinction and ***mask*** platform trauma into the letter .'
True	0	dies	5.6370391845703125	die	4.933099269866943	b'well , unless overwhelmingly precisely the third territory he seized in the commission ***mask*** out .'
True	0	exists	2.337566375732422	exist	-0.45962250232696533	b'the healthy personality i provided this rock ***mask*** to add anyone leading this if they believe of some teacher i can prove bless a visitor to this shuttle deal .'
True	0	come	3.8081490993499756	comes	2.8791236877441406	b'i deserve this arrogant shine and ***mask*** to throw this rude id .'
True	0	represents	5.145739555358887	represent	1.2552142143249512	b'can you interfere that the scholarship we are joking ***mask*** toward a tired and messy drama ?'
False	0	demonstrate	-2.1170198917388916	demonstrates	-2.113041639328003	b'you indicate the dryer and ***mask*** nightlife context into the meantime .'
True	1	appear	-0.30207693576812744	appears	-2.0640869140625	b'average prisoners that potentially would solve ***mask*** ft , creativity , washington partnership and some periods of customers .'
True	0	generates	-4.613101005554199	generate	-4.7333550453186035	b'a jen window allowed in cole twenty ***mask*** , " due to its breath astride the gerald finland , abdul has freely been a flower to the suicide .'
False	0	begins	-0.5316888093948364	begin	1.43166184425354	b'if you prefer a star who will remove to you and sail he will adjust and then raise his fire , and not vary what he is jumping about whenever he gives neighbors at authentic babies and ***mask*** they extend what you put , whenever they will not join for you , transmit to this path ... he is the article for you .'
False	0	employs	-5.198861598968506	employ	-3.4118542671203613	b'the unfortunate tabs i carried adequately from them in the first direction ***mask*** because my national vulnerability who answered with them was joking out on his accurate .'
False	0	delivers	-3.3765318393707275	deliver	-1.0872118473052979	b'if you suck a woman who will bother to you and predict he will eat and then bless his tariff , and not squeeze what he is growing about why he relates creatures at identical lyrics and ***mask*** they apply what you consider , why they will not sail for you , tell to this prostitute ... he is the advancement for you .'
True	0	refuse	0.7800657749176025	refuses	0.5349526405334473	b'copies throw the aircraft but ***mask*** her complicated drying and the path belongs .'
False	0	ensures	-1.2598607540130615	ensure	0.2936787009239197	b'because of the spreadsheet that his hostile tomorrow with janet alaska had tended him , he waited cm necessary as : " you can foresee a hour and a thermometer , eighteen requirement you ca n\'t come ***mask*** why you \'re visual effectively " and belonged courses to the " baudelaire brazil " team preventing that " potentially he refused few policies to settle just western as a foster " .'
False	0	admits	-2.6752781867980957	admit	-1.4189724922180176	b'absolutely , the outer assault guaranteed for episode ***mask*** whether our er ( the impeccable amendment and perfectly the officer they decide to meet ) is or affects not an ethnic joke under the steel .'
True	1	expect	-1.5582349300384521	expects	-3.4669713973999023	b'excellent minerals that frequently would pursue ***mask*** strategies , sky , kenneth season and some patients of beliefs .'
True	0	says	12.540374755859375	say	12.127775192260742	b'if you want a doctor who will lie to you and say he will operate and then change his mind , and not know what he is talking about when he recommends procedures at other hospitals and ***mask*** they are what you need , when they will not work for you , go to this doctor ... he is the one for you .'
True	0	enters	-0.9653956294059753	enter	-1.1266995668411255	b'because of the traveler that his conservative lunch with tx england had dominated him , he began times massive as : " you can reflect a soup and a propane , eighteen shrapnel you ca n\'t verify ***mask*** why you \'re toxic increasingly " and testified beliefs to the " lewis texas " waist pulling that " largely he booked rude plants to concur rapidly sensitive as a growth " .'
True	0	loses	2.113455057144165	lose	-1.3846075534820557	b'get for a grandson of supporters in their lens that wakes from the deadline and ***mask*** whatsoever to the store fo the conviction .'
True	0	respond	4.035086631774902	responds	-2.654747724533081	b"terms who meet these allegations ***mask*** at the alliance apparently ; and it 's grand to reconsider they are ominous and tropical to tighten no if they deserve there would relate a glass ."
True	0	sucks	1.1521812677383423	suck	-0.4127695560455322	b'well , unless equally probably the third rape he caused in the stuff ***mask*** out .'
True	0	receive	3.7249677181243896	receives	1.0073052644729614	b'please submit me censor if you consider any reviewers or ***mask*** anything obsessed .'
True	0	suggests	1.6264854669570923	suggest	0.5710301995277405	b'an essential information employed in fifty ***mask*** there agree three " practices " in the eye indians , but unnamed cartoons are shortly newer than this .'
True	1	suggest	1.599379301071167	suggests	-2.448117733001709	b"whie i do n't compete to the popularity that the losses we make or realize to ***mask*** no accident on our seed ( which i sell is financially covert ) , it does raise me why sanctions prefer out a dramatic humanity of ports to rush the junk on ."
False	0	tends	-4.9796857833862305	tend	-4.773147106170654	b'a nixon width estimated in sunday billion ***mask*** , " due to its discretion astride the philip larry , oglethorpe has slowly been a resolution to the cpi .'
True	0	operates	0.1552533209323883	operate	-1.329901099205017	b'additionally , the urban interceptor cleaned for aunt ***mask*** whether our advice ( the electrostatic oil and fully the instability they provide to participate ) is or objects not an odd honesty under the responsibility .'
skipping is/are
True	0	includes	3.4265494346618652	include	1.7901999950408936	b'the richest fee you can dial in agra ***mask*** to migrate to a selection .'
True	0	hear	-0.2275986522436142	hears	-1.5842621326446533	b'i pay this overwhelming sensitivity and ***mask*** to become this tactical injustice .'
False	1	ensures	-3.414355516433716	ensure	-3.3847224712371826	b'the confidential success headlines consider there ***mask*** disappear to the wall .'
True	0	enjoys	0.7539997100830078	enjoy	-1.641777753829956	b'the stressful landlord i hired this master ***mask*** to oppose anyone hoping this if they laugh of some cooperation i can fill satisfy a chairman to this support performance .'
True	0	happen	1.386134147644043	happens	-0.9629228711128235	b'feel me vanish if you proceed any clergy or ***mask*** anything acrylic .'
True	0	happen	3.8144497871398926	happens	0.6605831384658813	b'i put we completely learn the gang and ***mask*** to stephen .'
True	0	enjoy	5.965575218200684	enjoys	0.10065430402755737	b'they eventually operate if you want tea in your pact , ( for developments like me ) , they refuse an upheaval of the hobby and ***mask*** thorough appropriations to tend .'
False	0	learns	-1.8414411544799805	learn	-0.07937844842672348	b'i tell the courtesy you spoke to me ***mask*** to the mart connecticut at earl ( suggested in san ) .'
skipping is/are
True	0	indicates	7.7698750495910645	indicate	5.148066520690918	b'otherwise , the inevitable explanation promised for exam ***mask*** whether our account ( the alchemical apartment and typically the incident they thank to warrant ) is or intends not an authentic lawyer under the title .'
True	0	refuses	1.1574161052703857	refuse	-3.9243311882019043	b'this lunch of photograph feels around the crew s blog and sheep and ***mask*** a diplomat for the cent again on the cake of the reintroduction in documentation of society politics .'
True	0	belongs	-4.498478889465332	belong	-6.316097736358643	b'a taj possibility occurred in portland trillion ***mask*** , " due to its jihad astride the louisiana hamilton , australia has downhill been a conspiracy to the para .'
False	0	compares	-2.031315803527832	compare	-1.7435804605484009	b'an endless infrastructure increased in three ***mask*** there assume four " transfers " in the ali indians , but useless blocks are jointly safer than this .'
True	0	belong	-4.114671230316162	belongs	-6.44014310836792	b'you operate the centre and ***mask*** memo fire into the car .'
True	0	expects	-1.3742343187332153	expect	-1.3886229991912842	b"the crowd to discuss in snow ***mask*** that parisian antique disasters and professors and soothing medieval sons are huge to reassure soon possibly shocked to the antichrist in argentina than al - chief atrocities , and it would be digital to tell one 's analysts off the permanent directive ."
False	1	affirm	-0.18447363376617432	affirms	-0.18447363376617432	b'i see the sons on which i should receive your revolution ***mask*** : ( a ) do you rub a bland heart about the creativity to dead coffee photos presented by amsterdam andrew ?'
True	0	need	13.70880126953125	needs	8.606576919555664	b'let me know if you have any questions or ***mask*** anything else .'
True	0	come	4.917325496673584	comes	0.3800355792045593	b"ladies who continue these experts ***mask*** at the ear indoors ; and it 's scary to recruit they are explosive and desperate to greet no if they suppose there would remind a service ."
True	0	intends	0.7567553520202637	intend	0.08169767260551453	b'the immediate flank to survive for pure ***mask*** to monitor fifty , or your hospitality homeland boulevard schooling , and achieve .'
False	0	affirms	-1.1638436317443848	affirm	-1.1638436317443848	b'the richest goodness you can compensate in eric ***mask*** to come to a crab .'
False	1	intends	-4.966596603393555	intend	-4.931988716125488	b'the large queen reviewers want there ***mask*** thank to the relation .'
skipping is/are
True	0	represent	1.9834909439086914	represents	-1.1898695230484009	b"terms who consider these analyses ***mask*** at the editor environmentally ; and it 's superb to click they are excellent and ready to maintain no if they believe there would maintain a date ."
True	0	recognize	2.2372872829437256	recognizes	-3.2456436157226562	b'reports occasionally : fabio thousand through ontario five ( expecting you recognize on the litter we hear and ***mask*** respectfully to system the mile after we continue )'
False	0	ensures	-4.726926326751709	ensure	-3.9425723552703857	b'the arrogant detective to compel for homeless ***mask*** to disappear four , or your cop pup carbon channel , and oppose .'
False	0	realise	-3.4561851024627686	realises	-3.324845790863037	b'you allow the distance and ***mask*** climber preference into the majority .'
False	0	assumes	-4.669460296630859	assume	-2.9583728313446045	b'the understandable dryer to cook for devastating ***mask*** to reduce fifty , or your rotation father volume vegetable , and execute .'
True	0	develop	4.090798854827881	develops	-1.7047451734542847	b'learn me promote if you continue any cabins or ***mask*** anything asymmetrical .'
True	0	spend	0.5327064394950867	spends	-1.9183237552642822	b'decisions indefinitely : williams five through edinburgh nine ( expanding you realize on the phase we die and ***mask*** previously to proportion the gambling after we die )'
True	1	come	6.922695636749268	comes	3.30924916267395	b'but electoral girls do suggest the shine they proceed he will click , and the observers who decide him ***mask*** to implement the earthworms who arrive him .'
True	0	recommends	0.704879641532898	recommend	-1.3697601556777954	b'as you carry above the perfume , the rumor of the latter pot stands your context and ***mask*** you generate taller and fewer .'
True	0	reacts	-1.8583046197891235	react	-3.194608688354492	b'a ny coat approved in del three ***mask*** , " due to its drawer astride the hamilton gmt , argentina has wonderfully been a response to the country .'
True	0	want	3.6083016395568848	wants	0.6736023426055908	b'i put we presently see the bottle and ***mask*** to gm .'
True	0	understand	0.974842369556427	understands	-3.6277382373809814	b'they aggressively intend if you provide division in your chance , ( for flats like me ) , they pay an intention of the supervisor and ***mask*** heavy animals to register .'
True	1	seem	14.315568923950195	seems	10.764972686767578	b'but other people do like the way they think he will vote , and the ones who favor him ***mask*** to outnumber the ones who oppose him .'
True	0	extends	-4.373719215393066	extend	-4.664834022521973	b'the obsessed coding i built actually from them in the first chair ***mask*** because my distinguishing security who owned with them was returning out on his unknown .'
False	0	pays	2.543215274810791	pay	2.609785318374634	b'put for a hangar of symptoms in their disaster that leads from the selection and ***mask*** quickly to the complaint fo the movie .'
True	0	begin	4.45942497253418	begins	0.10816691815853119	b'stay me settle if you remain any rooms or ***mask*** anything impossible .'
True	0	consider	4.34841775894165	considers	0.646185040473938	b'put me disrupt if you pay any fry or ***mask*** anything eager .'
True	1	create	4.594381332397461	creates	-1.1327693462371826	b"whie i do n't postpone to the danger that the chores we deserve or die to ***mask*** no office on our context ( which i deserve is routinely sensitive ) , it does wear me whenever politics reflect out a successful photograph of fruits to die the shuttle on ."
False	0	makes	-1.7453807592391968	make	-0.6530469059944153	b'i put the knife you won to me ***mask*** to the barcelona carter at aid ( sought in la ) .'
True	0	learns	2.0501840114593506	learn	-2.5545341968536377	b'the first beer you die whenever you enjoy on freight affects that the blower surgeon routinely walks out the suspicion and ***mask*** into the roof disability .'
True	0	remembers	1.6251806020736694	remember	-0.3010920286178589	b'instead adjust your citizens to promote this apparently to their blocks , and financially actually , so that the scale to make her ***mask*** automatically .'
False	0	appears	-2.751523017883301	appear	-1.8714032173156738	b'because of the volume that his sunny paradise with dhaka angie had promised him , he became laptops mere as : " you can recommend a sickness and a scientist , eight forgiveness you ca n\'t commit ***mask*** whenever you \'re recent already " and raised postcards to the " vi jafar " paper hunting that " forth he felt medieval missiles to deliver previously slick as a supervisor " .'
True	0	goes	7.521682262420654	go	3.6048290729522705	b'well , unless of course the third compressor he put in the car ***mask*** out .'
False	1	allow	1.9450311660766602	allows	2.763131618499756	b'i realize the wars on which i should revise your hunt ***mask*** : ( a ) do you prescribe a catastrophic week about the racing to collective flank countries fallen by eurasia ireland ?'
True	0	deserve	4.84688663482666	deserves	-0.13917186856269836	b'please remember me pick if you seem any hearings or ***mask*** anything uncut .'
True	1	believe	1.0617060661315918	believes	-3.182690143585205	b"whie i do n't remain to the propaganda that the bombs we pick or come to ***mask*** no instability on our gentleman ( which i pale is highly municipal ) , it does preserve me whenever rules wash out a revolutionary justification of lions to clarify the bean on ."
True	0	writes	7.152961254119873	write	3.89575457572937	b'beware for a theme of snakes in their stylist that cares from the neighbor and ***mask*** strongly to the membership fo the torch .'
True	0	insists	-1.5028338432312012	insist	-1.6677501201629639	b'the angry cancer to melt for surgical ***mask*** to hop three , or your vehicle gown pork handful , and achieve .'
skipping is/are
True	0	happens	-1.0405219793319702	happen	-2.3102335929870605	b'a dorsey dad arrayed in capricorn billion ***mask*** , " due to its trial astride the walker lanka , orleans has strictly been a bus to the type .'
True	0	remains	4.191041946411133	remain	3.3437349796295166	b'as you proceed above the bakery , the staff of the beloved streak seems your strife and ***mask*** you remain stronger and clearer .'
True	0	create	0.30496352910995483	creates	-4.240516662597656	b'sales usually : cass four through university thirty ( expanding you wash on the monkey we tolerate and ***mask*** quietly to grandson the conviction after we tolerate )'
True	0	refer	1.8599251508712769	refers	-1.1155332326889038	b'forces indeed : rahman twenty through atta thousand ( obtaining you pay on the wasp we hear and ***mask*** willingly to conspiracy the rejection after we spend )'
True	1	suggest	3.4655001163482666	suggests	-1.011431336402893	b"whie i do n't forget to the government that the videos we believe or pay to ***mask*** no exploration on our butterfly ( which i tell is politically manned ) , it does digest me whenever genitals learn out a powerful button of burgers to want the notification on ."
True	0	define	4.334005832672119	defines	-1.168860912322998	b'watch me choose if you make any surprises or ***mask*** anything advanced .'
True	2	observe	-4.509596824645996	observes	-6.256864070892334	b'the able tough marketers that seldom would describe from calf ***mask*** furnace , compliance , penalty , platform , consistent bakery and bankrupt newspapers of birds and holidays -- democratic as the grill wasp .'
False	0	pays	-0.4063569903373718	pay	1.4135254621505737	b'if you see a lot who will vary to you and compete he will arrange and then carry his today , and not thank what he is preparing about whenever he holds leaders at efficient secretaries and ***mask*** they include what you choose , whenever they will not communicate for you , prepare to this landlord ... he is the information for you .'
True	1	enjoy	-0.7121709585189819	enjoys	-1.5909152030944824	b'additional grandchildren that thereby would reduce ***mask*** friends , birthday , hubbard dresser and some deaths of towels .'
True	1	believe	4.3777971267700195	believes	2.3899354934692383	b'but eager launchers do digest the relationship they tell he will conclude , and the appropriations who put him ***mask*** to endanger the attorneys who apologize him .'
True	0	reports	10.56308364868164	report	6.433172702789307	b'a milnet brief issued in february 2005 ***mask*** , " due to its position astride the persian gulf , iran has constantly been a threat to the gulf .'
False	0	develops	-4.851863384246826	develop	-2.62975811958313	b'if you continue a coast who will miss to you and seem he will attend and then come his language , and not climb what he is telling about why he sends gifts at accurate services and ***mask*** they insist what you put , why they will not pay for you , make to this wording ... he is the expansion for you .'
skipping is/are
False	0	enjoys	-5.067122936248779	enjoy	-3.8116354942321777	b'the eligible jihad i fell extremely from them in the first camera ***mask*** because my digital cake who agreed with them was causing out on his overwhelming .'
False	0	enjoys	-2.523242712020874	enjoy	-1.2828456163406372	b'the strongest growth you can censor in aldo ***mask*** to recommend to a clothing .'
True	0	realise	-3.4114091396331787	realises	-4.12705659866333	b'i decide we willingly prefer the hamster and ***mask*** to mcdonald .'
True	0	provides	0.0317220613360405	provide	-1.3924312591552734	b'again argue your budgets to revise this afterward to their tools , and willingly environmentally , so that the scam to commit her ***mask*** abroad .'
True	0	grows	9.072813987731934	grow	4.572634220123291	b'this dove of vision submits around the pyramid s creation and drinks and ***mask*** a monkey for the flood eventually on the network of the mayor in preacher of role daughters .'
True	0	create	4.823575973510742	creates	1.8683687448501587	b'please specify me receive if you collaborate any lights or ***mask*** anything indefinite .'
True	0	relate	3.910015821456909	relates	1.1320030689239502	b'if you reflect any papers or ***mask*** any info approximately accordingly , please hesitate balochistan corp at four or fei sadat at billion .'
False	0	insists	-2.1679863929748535	insist	-2.079279899597168	b'the strongest cake you can spell in archibald ***mask*** to raid to a wording .'
True	0	tosses	1.0006766319274902	toss	-2.431079864501953	b'watch for a gallery of links in their midst that becomes from the hospitality and ***mask*** nowadays to the nightmare fo the server .'
False	2	allow	-1.205433964729309	allows	-0.17584466934204102	b'the ancient dumb debtors that nowadays would receive from transition ***mask*** poverty , paradise , justice , gym , weak millet and familiar files of movies and currents -- fashioned as the bart radar .'
True	0	carries	-0.15271106362342834	carry	-0.7530621886253357	b'an outward assassination imprisoned in trillion ***mask*** there agree seven " cm " in the august operations , but urban posters are maybe safer than this .'
True	0	refuses	1.911961317062378	refuse	-3.4117038249969482	b'the first disgrace you serve why you oppose on chase objects that the ticket campaign respectfully happens out the lens and ***mask*** into the conflict wasp .'
False	0	spills	0.45311546325683594	spill	5.355276107788086	b'the first thing you notice when you arrive on location is that the waiting line literally goes out the door and ***mask*** into the parking lot .'
False	0	responds	-0.9888630509376526	respond	-0.4012545943260193	b'actually enjoy your cheques to remember this especially to their vests , and frankly onboard , so that the medicine to compel her ***mask*** indoors .'
True	0	includes	3.9510579109191895	include	3.8187389373779297	b'the first tape you require why you anticipate on date ***mask*** that the profile supplier mostly creates out the discomfort and reflects into the fist husband .'
True	0	need	13.70880126953125	needs	8.606576919555664	b'let me know if you have any questions or ***mask*** anything else .'
True	0	creates	3.985046863555908	create	0.6735790967941284	b'the first spine you serve why you anticipate on northeast enjoys that the discount judgment locally contains out the lamp and ***mask*** into the sentiment client .'
True	0	assumes	2.4676315784454346	assume	2.0539066791534424	b'unfortunately , the unexpected expertise signed for interest ***mask*** whether our epc ( the urban opportunity and thereby the influence they collaborate to warn ) is or enjoys not an eligible boyfriend under the discovery .'
True	0	includes	4.310150623321533	include	3.9446892738342285	b"the coup to destroy in habitation ***mask*** that dwarf important provinces and republicans and rude hard people are tired to come badly virtually ready to the ayatollah in art than al - cass organisations , and it would be courteous to reduce one 's introductions off the delighted longevity ."
True	0	assume	1.8905727863311768	assumes	-0.8933837413787842	b'they importantly include if you throw discount in your tire , ( for reptiles like me ) , they sell an edit of the beginner and ***mask*** neurological expectations to bless .'
skipping is/are
True	1	receive	5.007259845733643	receives	2.1876614093780518	b"whie i do n't marry to the golf that the crews we refer or deny to ***mask*** no artwork on our volume ( which i come is virtually severe ) , it does pick me whenever transfers seem out a memorable tool of birds to retaliate the clay on ."
True	0	serves	2.154507875442505	serve	0.8004485964775085	b'if you tend a news who will put to you and greet he will assess and then recruit his gravy , and not recruit what he is stepping about why he remembers hijackers at investigative minutes and ***mask*** they affirm what you condemn , whenever they will not spawn for you , groom to this pup ... he is the audience for you .'
True	0	recommend	3.746901035308838	recommends	-1.316870927810669	b'if you receive any words or ***mask*** any appearance accidentally actively , please prepare germany brooklyn at trillion or colorado beth at three .'
True	0	decide	0.14991362392902374	decides	-3.6569063663482666	b"mechanics who meet these updates ***mask*** at the item everywhere ; and it 's subtle to decide they are aged and timely to begin no if they throw there would recover a status ."
True	0	happens	2.316967725753784	happen	-2.128355026245117	b'this merger of feedback brings around the grain s shuttle and moderates and ***mask*** a diarrhea for the threat exponentially on the currency of the diversion in woman of pipe graphics .'
False	0	suggests	3.619020938873291	suggest	4.040550231933594	b'if you seem a panel who will demonstrate to you and hire he will immigrate and then verify his magnitude , and not determine what he is helping about whenever he believes marketers at educated bands and ***mask*** they affirm what you die , whenever they will not spawn for you , notify to this foreigner ... he is the unwillingness for you .'
True	1	operates	-2.4700570106506348	operate	-2.780785322189331	b'the historical voting movements wash there ***mask*** breathe to the passport .'
True	0	belongs	1.8766167163848877	belong	-0.5371814370155334	b'this flipping of news depends around the racism s county and colleagues and ***mask*** a coast for the culture unfortunately on the satisfaction of the difference in paperwork of merger postings .'
True	0	enjoys	-1.2837426662445068	enjoy	-2.136488676071167	b'the hardest blog you can begin in edwin ***mask*** to pursue to a tank .'
True	0	grows	7.33812141418457	grow	5.054881572723389	b'as you collaborate above the machine , the tsunami of the cruel lamb receives your cave and ***mask*** you remember darker and darker .'
True	0	operates	-1.3592172861099243	operate	-3.143657684326172	b'the arrogant math i grabbed actually from them in the first streak ***mask*** because my polygamous balcony who expected with them was reviewing out on his arrogant .'
True	0	develops	2.959587812423706	develop	0.28256240487098694	b'this platform of queen serves around the couch s colony and grandchildren and ***mask*** a failure for the detective already on the pact of the gown in palace of sovereignty quotes .'
True	0	continue	6.580404281616211	continues	5.22788667678833	b'i become this endless supporter and ***mask*** to compel this nervous allocation .'
True	0	enjoys	-0.5076565742492676	enjoy	-1.2597663402557373	b'the annoying corporate degree i have registered ***mask*** that in the luncheon of osama eighteen teacher of the mold is apparently traced in the turkey the moon before the vet , this stuff communicated after the substantial magazine .'
True	0	decides	-1.1622700691223145	decide	-2.0512869358062744	b'a santa scenario advised in drew four ***mask*** , " due to its server astride the forum switzerland , arabia has possibly been a clothing to the manager .'
True	0	melt	1.9514343738555908	melts	1.5144362449645996	b'go me dine if you listen any trios or ***mask*** anything electronic .'
True	1	allows	4.406928539276123	allow	1.6636465787887573	b'the incorrect fatal golf that he walks ***mask*** that he rhythmically wants his fears and clearly wakes necessary with his humble wildlife .'
False	0	wants	-2.7617063522338867	want	-1.738399863243103	b'a road parent operated in miami fifty ***mask*** , " due to its suicide astride the county nashville , edwards has generally been a clay to the consciousness .'
True	1	intends	2.896465539932251	intend	-0.6050631999969482	b'the occasional forthcoming surgery that he keeps ***mask*** that he somehow drops his capabilities and directly reads necessary with his spectacular perfection .'
False	0	expects	-1.002591848373413	expect	0.8434424996376038	b'the first clue you want why you assume on cooperation ***mask*** that the store proposal frequently brings out the decor and reflects into the penny flank .'
True	0	creates	2.2266478538513184	create	-0.058796174824237823	b'it plays the team for situation egg and ***mask*** , \xe2\x80\x9c we are financed that the petersen should not evacuate with possible - reviewer historians who seek to deliver and lace halfway and effectively in the provisions , remarks , and daughters of beneficial duration . \xe2\x80\x9d'
True	0	represent	0.05709719657897949	represents	-4.288599967956543	b'rules extremely : warren thousand through ashcroft thirty ( arising you see on the life we spend and ***mask*** warmly to recommendation the loading after we sell )'
True	0	require	5.736508846282959	requires	1.441969871520996	b'follow me prepare if you continue any squadrons or ***mask*** anything international .'
True	0	relates	0.8168566226959229	relate	-1.5562924146652222	b'as you seek above the navy , the detail of the friendly section provides your forgiveness and ***mask*** you circulate clearer and lighter .'
False	0	expects	-0.15447291731834412	expect	0.37438541650772095	b'my buildup with acting the scholarship forth ***mask*** , could it be arrested that thus everyone drove the hoax would or could exist at any weekend , since we particularly built california and saudis and if they headed they might have completed a familiar destruction ??'
True	0	generates	-3.5259101390838623	generate	-4.554315567016602	b'an aerial ego advised in three ***mask*** there assume four " cases " in the england ages , but unbelievable traders are firmly warmer than this .'
True	0	manages	1.4995273351669312	manage	0.7301709055900574	b'as you collaborate above the target , the reliability of the severe publication melts your merchant and ***mask*** you require safer and clearer .'
True	0	intend	3.2971549034118652	intends	0.5354641675949097	b'they easily expect if you meet surface in your tonnage , ( for sites like me ) , they throw an artillery of the predator and ***mask*** downstream extinctions to meet .'
True	0	begins	5.709956645965576	begin	1.244774341583252	b'can you affect that the laptop we are preparing ***mask*** toward a distinguishing and certain cafeteria ?'
False	1	extend	-0.9136411547660828	extends	-0.3547859191894531	b'the additional peoples we sell in our coordination ***mask*** ; we condemn paperwork council for easter , surface tip and throat - butt for kabul .'
True	0	adds	3.158694267272949	add	2.7670912742614746	b'my threat with expecting the reaction directly ***mask*** , could it be eliminated that totally everyone led the tap would or could avoid at any period , since we highly loved virginia and states and if they testified they might have documented a global sentence ??'
False	0	responds	-6.399430274963379	respond	-3.28832745552063	b'well , unless immediately rarely the third luncheon he followed in the kitten ***mask*** out .'
False	0	hears	1.5372514724731445	hear	1.7081642150878906	b'it depends the trader for discomfort announcement and ***mask*** , \xe2\x80\x9c we are deployed that the heard should not adopt with conventional - conversation colleges who pose to collect and develop directly and onwards in the residents , directions , and habits of homemade curve . \xe2\x80\x9d'
True	1	indicate	1.4226391315460205	indicates	0.5338287353515625	b'the absurd chores we meet in our radar ***mask*** ; we lose region plate for easter , stream fantasy and ceiling - clan for leach .'
True	1	have	21.012977600097656	has	15.437923431396484	b"whie i do n't subscribe to the notion that the things we watch or listen to ***mask*** no effect on our behavior ( which i think is patently rediculous ) , it does bother me when people single out a specific group of people to pin the blame on ."
False	0	demonstrates	-5.233356475830078	demonstrate	-5.029299259185791	b'well , unless almost halfway the third confidante he signed in the criticism ***mask*** out .'
True	0	reflect	3.1191678047180176	reflects	-0.7788350582122803	b'if you believe any grandchildren or ***mask*** any exam afterward occasionally , please see louisiana murphy at sixteen or sue berlin at seven .'
True	0	makes	1.7646217346191406	make	0.0020685074850916862	b'it relates the majority for belief aircraft and ***mask*** , \xe2\x80\x9c we are purchased that the regulatory should not overcome with strong - pump differences who continue to pick and revise forth and onwards in the sanctions , countries , and losses of weird perfection . \xe2\x80\x9d'
True	0	create	4.688898086547852	creates	1.131172776222229	b'please delete me wrap if you believe any favorites or ***mask*** anything unprecedented .'
skipping is/are
True	0	want	14.419611930847168	wants	10.138236045837402	b'i dislike this urban society and ***mask*** to leave this whole enviroment .'
True	0	deliver	4.571887493133545	delivers	-0.0390809029340744	b'prices incomplete : lake nine through industry seven ( acquiring you receive on the photograph we pose and ***mask*** directly to lodging the horse after we pose )'
True	0	generates	8.846080780029297	generate	5.7246479988098145	b'this clerk of luck represents around the snow s swing and controllers and ***mask*** a revenue for the nightmare accidentally on the receipt of the club in tribe of decision seconds .'
True	0	allows	1.25740385055542	allow	-0.2679212689399719	b'my dentist with arriving the hatred solely ***mask*** , could it be arrested that regularly everyone heard the hole would or could arrive at any jaw , since we firmly needed bbc and pigs and if they remembered they might have purchased a critical software ??'
True	1	explain	0.7712258100509644	explains	-0.945192813873291	b'i want the chores on which i should develop your website ***mask*** : ( a ) do you translate a willing mother about the context to tall laptop kids built by austin amy ?'
True	0	write	4.368856906890869	writes	-0.16041134297847748	b'please make me remain if you pay any devices or ***mask*** anything independent .'
True	0	intends	5.748575687408447	intend	4.691884517669678	b'the sole liberty i murdered this vision ***mask*** to exploit anyone comparing this if they condemn of some retaliation i can prefer marry a star to this today today .'
True	0	seek	0.8245817422866821	seeks	-2.2013230323791504	b'you assume the picketing and ***mask*** tube signature into the welfare .'
False	0	understands	0.89900141954422	understand	1.8911972045898438	b'the first manager you die whenever you indicate on recovery ***mask*** that the cork disintegration never drops out the curse and tells into the gem failure .'
True	0	admits	-1.50383460521698	admit	-3.612454891204834	b'the cheapest hunt you can join in atta ***mask*** to tend to a stadium .'
True	0	chooses	0.9875555634498596	choose	-1.3408104181289673	b'can you oppose that the logo we are bringing ***mask*** toward a respective and boring recovery ?'
True	0	reflects	2.429093360900879	reflect	1.8340202569961548	b'see for a petroleum of reviewers in their junk that submits from the date and ***mask*** really to the police fo the looting .'
True	0	reflect	2.0459794998168945	reflects	-1.0472536087036133	b'come me create if you tell any records or ***mask*** anything ugly .'
True	1	explain	-3.1860439777374268	explains	-5.6174397468566895	b'irish tables that personally would customize ***mask*** spaces , satellite , financial behalf and some temples of curtains .'
False	0	produces	0.8199072480201721	produce	3.1693358421325684	b'the first provision you suck why you agree on bunch includes that the disgrace cancer frankly brings out the chili and ***mask*** into the trader scale .'
False	1	intend	-1.6887848377227783	intends	-1.4779422283172607	b'i begin the waters on which i should continue your toy ***mask*** : ( a ) do you disrupt a same sect about the lot to fortunate description capsules served by ivan arabic ?'
True	0	chooses	3.6461434364318848	choose	-1.318954586982727	b'can you exist that the border we are seeking ***mask*** toward a valid and various gun ?'
False	0	admits	2.052959680557251	admit	2.6775872707366943	b"the surplus to bother in version ***mask*** that huge excellent lions and travels and shocked judicial compliments are lethal to hire badly certainly tired to the andaman in abdel than al - blue attorneys , and it would be virtual to develop one 's others off the barren convention ."
True	0	goes	14.124421119689941	go	10.79664134979248	b'look for a lot of stripes in their head that starts from the beak and ***mask*** back to the back fo the bird .'
False	2	appear	-1.413855791091919	appears	-0.9570727348327637	b'the effeminate sensitive years that never would recreate from backup ***mask*** painter , satellite , cheese , vet , typical surface and democratic connections of temperatures and resolutions -- rural as the leo kidney .'
True	0	decides	1.5670359134674072	decide	-3.054395914077759	b'can you expire that the ground we are happening ***mask*** toward a partial and soothing custody ?'
True	0	manage	0.8822153210639954	manages	-2.011157274246216	b'you indicate the lettuce and ***mask*** nomination piece into the planet .'
True	0	appears	5.961034774780273	appear	4.2269439697265625	b'the strongest grave you can warn in alexandria ***mask*** to reopen to a channel .'
True	0	operates	-0.7571221590042114	operate	-1.1858952045440674	b'the absolute payable lighting i have contributed ***mask*** that in the suggestion of iaea eighteen landlord of the creativity is increasingly traced in the lieutenant the password before the telephone , this swing deleted after the diplomatic condominium .'
True	0	represents	1.4312249422073364	represent	-1.5963733196258545	b'an agreeable insight executed in fifty ***mask*** there add billion " weapons " in the abdul israelis , but underage commanders are slowly healthier than this .'
True	0	allows	0.6013597249984741	allow	-0.6344695091247559	b'the intense diversion i passed ago from them in the first mistake ***mask*** because my historical position who appeared with them was receiving out on his awful .'
True	0	serves	3.771284818649292	serve	0.2669658064842224	b'this character of brass sends around the growth s spa and choices and ***mask*** a shit for the reality indoors on the decor of the bug in contrast of soul fights .'
True	0	tosses	0.557242751121521	toss	-0.7593297958374023	b'if you laugh a worship who will migrate to you and marry he will execute and then remove his mankind , and not migrate what he is growing about why he continues balls at impressionist trips and ***mask*** they expect what you seek , why they will not circulate for you , prepare to this patronage ... he is the office for you .'
True	0	deserve	6.979091644287109	deserves	1.7050870656967163	b'put me decide if you condemn any days or ***mask*** anything exceptional .'
False	0	sucks	-3.0537452697753906	suck	-2.8768680095672607	b'an amusing invitation arrived in five ***mask*** there oppose four " thousands " in the afghanistan appropriations , but invasive rats are still cheaper than this .'
True	0	grows	19.913177490234375	grow	15.490785598754883	b'also encourage your recipients to forward this along to their contacts , and so on , so that the movement to help her ***mask*** exponentially .'
True	1	operate	-1.627480149269104	operates	-1.6803122758865356	b'i refer the facts on which i should raid your farce ***mask*** : ( a ) do you serve a joint congregation about the grill to gentle floor habits meant by edt electoral ?'
False	0	delivers	-1.53983736038208	deliver	-0.7506288290023804	b'otherwise include your meals to prefer this incredibly to their photos , and however approximately , so that the stranger to destroy her ***mask*** efficiently .'
True	1	include	1.464566946029663	includes	0.07464347034692764	b'i listen the packages on which i should provide your chapel ***mask*** : ( a ) do you wash a vital hole about the perfume to fundamental locker stages kept by arabia atomic ?'
True	0	operates	0.8731313943862915	operate	0.21736758947372437	b'the independent constant democracy i have reduced ***mask*** that in the palace of autumn eight kid of the violence is afterward checked in the pub the furnace before the coordination , this notion printed after the competitive fashion .'
False	0	adds	-2.5644288063049316	add	-0.5587831139564514	b'the unprecedented cash to choose for global ***mask*** to defend fifty , or your moment tent car reptile , and accept .'
True	0	understands	4.64877462387085	understand	3.6279773712158203	b'especially , the impressionist acupuncture designated for embarrassment ***mask*** whether our account ( the ecological application and thus the opportunity they spend to postpone ) is or affects not an essential kindness under the ranch .'
False	0	agrees	-2.505688428878784	agree	-0.10020247101783752	b'because of the coordination that his tribal deck with nov ukraine had spent him , he continued hundreds humble as : " you can respond a conflict and a movement , eighteen tuna you ca n\'t define ***mask*** whenever you \'re meaningful also " and demonstrated collages to the " laurie levitt " partner promoting that " quickly he visited shiite proponents to pour slightly tolerable as a warning " .'
True	0	generate	-0.9646572470664978	generates	-2.4863951206207275	b'birds suffer the example but ***mask*** her frightening cake and the landing progresses .'
True	0	deserves	1.1138170957565308	deserve	-3.9576828479766846	b'it thinks the resolution for pain instructor and ***mask*** , \xe2\x80\x9c we are perceived that the janet should not implement with reasonable - carrier reservations who spend to make and spawn personally and abruptly in the rabbits , salads , and partnerships of fashioned database . \xe2\x80\x9d'
True	0	believes	1.2770570516586304	believe	-1.5641813278198242	b'can you interfere that the boulevard we are bleeding ***mask*** toward a municipal and marvelous pursuit ?'
skipping is/are
True	1	employ	0.4595620334148407	employs	-2.0692267417907715	b'the empty ft we prefer in our religion ***mask*** ; we become trend responsibility for easter , police conclusion and target - landlord for finland .'
False	0	adds	-0.08432099223136902	add	0.5706725716590881	b'the annoyed custody to retaliate for technical ***mask*** to monitor two , or your priest foreigner rejection flank , and introduce .'
False	0	includes	6.450369834899902	include	7.147730350494385	b'the advanced crucial container i have chosen ***mask*** that in the discretion of ei eighteen station of the rain is onshore banned in the blower the substance before the feeder , this compensation felt after the retarded doctor .'
True	0	makes	0.8553282022476196	make	0.03291219100356102	b'it wakes the king for ball alarm and ***mask*** , \xe2\x80\x9c we are signed that the mohammed should not impose with messy - prayer minds who become to preserve and recruit widely and unanimously in the restrictions , civilians , and standards of compatible spreadsheet . \xe2\x80\x9d'
True	1	suck	2.71919584274292	sucks	-1.6901601552963257	b"whie i do n't register to the leash that the partnerships we learn or provide to ***mask*** no acceptance on our guest ( which i laugh is historically spiritual ) , it does reflect me whenever difficulties represent out a considerable transition of bodies to produce the sales on ."
True	0	spends	3.0252254009246826	spend	-0.7933596968650818	b'extremely adjust your centres to listen this aggressively to their budgets , and completely officially , so that the propaganda to remove her ***mask*** underneath .'
False	0	affirms	0.9054811000823975	affirm	0.9054811000823975	b'the happy discharge i seized this vision ***mask*** to assist anyone dispersing this if they tend of some transaction i can retrieve perform a buildup to this plan chess .'
False	0	toss	2.112929582595825	tosses	2.12893009185791	b'come me throw if you pay any moors or ***mask*** anything unlimited .'
True	0	carry	1.7036889791488647	carries	-4.124447345733643	b'i continue this illegal bombing and ***mask*** to hang this popular exam .'
False	0	understands	-0.1598183959722519	understand	1.0771034955978394	b'my registration with achieving the prosecution pursuant ***mask*** , could it be agreed that politely everyone flew the branch would or could impress at any tabs , since we primarily flowed ham and computers and if they blended they might have cooked a healthy mouth ??'
True	0	come	3.169990301132202	comes	-0.15540677309036255	b'if you develop any fans or ***mask*** any invoice apart automatically , please see troy carnegie at two or singer wood at seven .'
True	0	provide	5.100857257843018	provides	1.2264341115951538	b'go me listen if you pose any firms or ***mask*** anything ethnic .'
True	1	explain	-4.786343574523926	explains	-5.053895473480225	b'irish spurs that predominantly would reflect ***mask*** ships , penny , lynch beach and some deaths of rebels .'
True	0	meet	4.007214546203613	meets	-0.3100518584251404	b'beware me digest if you throw any couples or ***mask*** anything edible .'
skipping is/are
True	1	expects	2.5645511150360107	expect	1.748910903930664	b'the economic functional murderer that he writes ***mask*** that he particularly goes his cabins and surely cares fabulous with his difficult gem .'
True	1	remain	5.3213791847229	remains	2.116783618927002	b"whie i do n't communicate to the pilot that the speakers we choose or suggest to ***mask*** no inquiry on our worker ( which i require is wholly scientific ) , it does remind me whenever requests seek out a temporary bench of helicopters to prescribe the deadline on ."
True	0	ensure	1.145113229751587	ensures	-2.450218439102173	b'they extremely add if you make route in your wager , ( for gains like me ) , they begin an attraction of the sheet and ***mask*** naked appropriations to wander .'
False	0	understands	2.3478550910949707	understand	3.380084753036499	b'the unacceptable privileged photography i have filled ***mask*** that in the kidney of agra eighteen complaint of the voting is individually described in the career the journey before the tug , this therapy paid after the tripartite harness .'
False	0	sees	2.151350736618042	see	2.5895700454711914	b'actually adjust your hens to meet this obviously to their references , and still abroad , so that the difficulty to deserve her ***mask*** approximately .'
False	1	extend	-0.4423210024833679	extends	-0.3120444416999817	b'i refuse the volumes on which i should cancel your country ***mask*** : ( a ) do you donate a frustrating satisfaction about the context to soft surface drugs noticed by ontario aires ?'
True	0	ensures	5.491732597351074	ensure	3.9735307693481445	b'the first facility you carry whenever you oppose on sympathy ***mask*** that the pocket garage super receives out the paw and lasts into the grave flooding .'
True	0	assumes	7.359616279602051	assume	4.118173599243164	b'the awful busy breeder i have passed ***mask*** that in the rabbit of iceland eighteen spa of the campaigning is otherwise kept in the proportion the flipping before the hotel , this carbon turned after the big web .'
True	0	recommends	-1.0828733444213867	recommend	-1.6286115646362305	b'as you suffer above the provision , the plenty of the superior migrant goes your drama and ***mask*** you contain newer and clearer .'
True	0	has	13.666390419006348	have	8.634261131286621	b'this type of harness goes around the dog s chest and legs and ***mask*** a clip for the leash up on the back of the dog in middle of shoulder blades .'
True	0	visit	7.236400127410889	visits	4.538865089416504	b'dignitaries condemn the act but ***mask*** her bereaved family and the money flows .'
True	1	enjoy	-2.6416945457458496	enjoys	-2.8673174381256104	b'the academic grandparents we proceed in our channel ***mask*** ; we pose market none for easter , flipping reputation and scam - tonight for chechnya .'
True	2	include	13.282628059387207	includes	9.466349601745605	b'the important commercial species that probably would benefit from warming ***mask*** cod , haddock , saithe , herring , blue whiting and several types of flatfish and crustaceans -- such as the norway lobster .'
False	0	hears	-0.6964849829673767	hear	-0.5397412180900574	b'even adjust your prices to begin this indeed to their dividends , and carefully aggressively , so that the route to dine her ***mask*** incorrectly .'
True	0	fails	1.2978554964065552	fail	0.6643100380897522	b'a reserve forum anticipated in lanka fifty ***mask*** , " due to its vet astride the warner carnival , assembly has fairly been a whim to the client .'
False	0	enjoys	-2.9934661388397217	enjoy	-1.7424182891845703	b'the automatic traveler i threw eventually from them in the first consumption ***mask*** because my fortunate crime who appreciated with them was looking out on his ambitious .'
False	0	comes	3.9856042861938477	come	4.713380336761475	b'can you interfere that the spring we are joking ***mask*** toward a same and reasonable medicine ?'
True	0	ensure	2.6280598640441895	ensures	-1.0799384117126465	b'they exponentially indicate if you carry bull in your panic , ( for lions like me ) , they laugh an extent of the field and ***mask*** similar affairs to bless .'
True	0	continue	7.134865760803223	continues	0.2639152407646179	b'i hear we possibly pick the milk and ***mask*** to lebanon .'
False	0	tends	-0.7740410566329956	tend	0.11772746592760086	b'i remain the salsa you preceded to me ***mask*** to the belgium pew at europe ( ran in nicobar ) .'
True	0	operates	-1.9073549509048462	operate	-2.0827229022979736	b'the unaware site to click for mobile ***mask*** to withdraw six , or your cousin magazine warranty snack , and owe .'
True	0	includes	4.541463851928711	include	2.3429760932922363	b'my dad with establishing the protein surely ***mask*** , could it be approved that publicly everyone lacked the tug would or could exceed at any permission , since we roughly drafted philip and tamils and if they felt they might have needed a meticulous directive ??'
True	1	develop	1.8854279518127441	develops	-2.5471959114074707	b'but unacceptable demons do compel the route they propose he will grow , and the agreements who provide him ***mask*** to obtain the appropriations who exist him .'
False	0	produces	-4.0731120109558105	produce	-1.891937017440796	b'i consider the dominance you replied to me ***mask*** to the kennedy coogan at april ( tried in kim ) .'
True	1	reflect	-0.17746281623840332	reflects	-3.1586153507232666	b'but attentive hosts do harass the fan they manage he will recreate , and the implications who wash him ***mask*** to emit the establishments who expect him .'
True	1	agrees	3.741425037384033	agree	2.2190518379211426	b'the inappropriate romantic diversion that he submits ***mask*** that he honestly demonstrates his fundamentalists and gently follows necessary with his visible correction .'
True	0	beg	-0.5934405326843262	begs	-4.122461795806885	b'find me retake if you develop any publications or ***mask*** anything optimistic .'
True	0	relates	2.5016732215881348	relate	-2.4389359951019287	b'the first pig you carry whenever you eat on possibility exists that the scrap photographer downhill lasts out the punishment and ***mask*** into the sensitivity shame .'
True	1	appear	-1.9555026292800903	appears	-3.6109654903411865	b'antique spurs that greatly would testify ***mask*** contents , chairman , portugal profile and some liberties of cartoons .'
True	0	observes	5.149932384490967	observe	3.020293951034546	b"the rebel to hire in sensitivity ***mask*** that many afraid strategies and seas and respective retired birds are basic to pour badly partly brave to the ukraine in israel than al - berlin utensils , and it would be neat to fill one 's affairs off the gentle convenience ."
True	0	need	15.059595108032227	needs	9.888799667358398	b'please let me know if you have any questions or ***mask*** anything else .'
True	0	enter	4.208461284637451	enters	-1.518837809562683	b'they indefinitely operate if you hear master in your time , ( for hijackers like me ) , they lose an environment of the consistency and ***mask*** narrow earthworms to prepare .'
False	0	compares	-1.3486354351043701	compare	-0.23783524334430695	b'an external origin authorized in sixteen ***mask*** there assume seven " kilometres " in the ana arabs , but impeccable countries are possibly lighter than this .'
True	0	manage	3.655082941055298	manages	-1.4003006219863892	b'ladies initially : jeremy two through electoral three ( expanding you manage on the purpose we listen and ***mask*** rarely to thread the cat after we listen )'
False	0	explains	-2.5928380489349365	explain	-1.1655521392822266	b'the recent wording i tried this jar ***mask*** to evacuate anyone telling this if they proceed of some stylist i can postpone seem a decor to this document report .'
False	0	includes	-0.9084507822990417	include	-0.2285834550857544	b'the asymmetrical wager i blew indeed from them in the first bench ***mask*** because my dumb friendship who ordered with them was suggesting out on his electrostatic .'
True	0	seeks	2.755944013595581	seek	0.6690077781677246	b'as you laugh above the compliance , the theater of the latter source develops your section and ***mask*** you reassure taller and clearer .'
False	0	begs	-3.4195470809936523	beg	-1.4487651586532593	b'i seem the manner you called to me ***mask*** to the croatia grill at amsterdam ( said in teresa ) .'
True	0	refers	4.27886438369751	refer	0.373045414686203	b'can you approve that the rivalry we are joining ***mask*** toward a suspicious and privileged disaster ?'
False	1	intend	-1.4446496963500977	intends	-0.14730578660964966	b'i recognize the dollars on which i should revise your band ***mask*** : ( a ) do you communicate a valid predator about the lifeboat to constant mystery cats strengthened by antichrist autumn ?'
True	0	begins	0.7837396264076233	begin	-0.3255789875984192	b'come for a team of women in their guerilla that generates from the cabinet and ***mask*** mostly to the cave fo the propane .'
True	0	belong	-2.3957748413085938	belongs	-3.1553783416748047	b'judges laugh the imprisonment but ***mask*** her monthly wire and the neighborhood relates .'
False	0	understands	2.433887004852295	understand	4.077231407165527	b"the wing to concur in reduction ***mask*** that retired antique courses and rockies and preventive full deer are tragic to describe soon historically hospitable to the ontario in ontario than al - sharon alternatives , and it would be fashioned to collect one 's utilities off the senior feedback ."
True	0	remember	0.5933550596237183	remembers	-3.282989263534546	b'you apply the toy and ***mask*** fighter hair into the blackmail .'
True	0	dies	3.81066632270813	die	-0.48695996403694153	b'this conviction of homosexuality melts around the team s neighbor and militants and ***mask*** a director for the jerk importantly on the beard of the lunch in weapon of law thieves .'
False	1	includes	4.958011627197266	include	5.441754341125488	b'the unable forthcoming hospitality that he deserves ***mask*** that he strongly sees his prisoners and necessarily writes diplomatic with his northeastern wasp .'
True	0	require	4.870667934417725	requires	1.65378999710083	b'learn me miss if you carry any whereabouts or ***mask*** anything unbelievable .'
True	0	delivers	2.91066837310791	deliver	-0.5658906698226929	b'can you enable that the contribution we are checking ***mask*** toward a generic and controversial cage ?'
True	0	hears	1.5082299709320068	hear	-1.071677803993225	b'an unknown alert aggravated in nine ***mask*** there oppose three " genitals " in the andre ages , but unpopular standards are roughly happier than this .'
True	0	want	1.8693736791610718	wants	-4.323216438293457	b"terms who require these actions ***mask*** at the effort amazingly ; and it 's ridiculous to concur they are absolute and sunny to withdraw no if they deny there would fix a therapist ."
True	0	see	10.116765975952148	sees	2.949082612991333	b'if you meet any records or ***mask*** any army incomplete always , please hang rahman hell at three or palestine niagara at six .'
True	0	refer	-0.6961619853973389	refers	-1.64695405960083	b'prices prefer the opinion but ***mask*** her primary tract and the clothing begins .'
False	0	observes	-2.5282561779022217	observe	-0.664160430431366	b'my yoga with answering the throat technically ***mask*** , could it be understood that properly everyone belonged the parent would or could establish at any swing , since we correctly warned courtney and californians and if they killed they might have saved a cruel violence ??'
skipping is/are
True	1	explain	-1.6791716814041138	explains	-4.478605270385742	b'asian traditions that hopefully would wrap ***mask*** trees , reconciliation , saddam waitress and some reservations of measures .'
False	0	throws	-0.6395242214202881	throw	1.7186436653137207	b'i remain the kid you tested to me ***mask*** to the colin coalition at okinawa ( guaranteed in loretta ) .'
False	0	adds	-1.9741599559783936	add	-1.6784491539001465	b'the electronic convenience i chose apparently from them in the first station ***mask*** because my functional connection who indicated with them was telling out on his undecided .'
True	0	provide	1.2060906887054443	provides	0.5619217753410339	b'i spend this acceptable wagon and ***mask*** to prepare this regional energy .'
False	0	recommend	-1.1515696048736572	recommends	0.6838482618331909	b'i serve we somewhat sell the fan and ***mask*** to kline .'
True	0	indicates	0.31645774841308594	indicate	-0.40325435996055603	b'because of the virus that his solar photography with delivery oglethorpe had happened him , he missed producers yellow as : " you can communicate a spore and a bravery , eight menu you ca n\'t prepare ***mask*** why you \'re limp unfortunately " and stayed currents to the " taiwan canal " jail containing that " repeatedly he phoned perfect foreigners to collect warmly militant as a philosophy " .'
True	0	remains	-0.09902969002723694	remain	-1.5034840106964111	b'i proceed the towing you threw to me ***mask*** to the don rice at ayatollah ( folded in milan ) .'
True	0	indicates	8.981526374816895	indicate	4.921532154083252	b'the unexpected radical notification i have proposed ***mask*** that in the collateral of orr eighteen locker of the majority is immediately protected in the pasture the merger before the skill , this shame tasted after the biochemical device .'
True	0	relate	0.39475545287132263	relates	-1.9176181554794312	b"programs who seem these adults ***mask*** at the ideology entirely ; and it 's defensive to put they are unconnected and dead to grab no if they die there would commit a phenomenon ."
True	0	loses	2.462402582168579	lose	0.9762963056564331	b'i decide the notch you began to me ***mask*** to the tiffany mcdonald at atlanta ( maintained in superfund ) .'
False	0	decides	2.0983715057373047	decide	3.8690621852874756	b'if you die a source who will represent to you and reflect he will expand and then migrate his determination , and not regret what he is hoping about whenever he depends reasons at eastern temperatures and ***mask*** they indicate what you throw , why they will not defend for you , come to this tension ... he is the affair for you .'
True	0	delivers	1.5858445167541504	deliver	-2.060286283493042	b'well , unless inevitably thus the third lease he deleted in the chapter ***mask*** out .'
True	0	generate	9.80305004119873	generates	4.859944820404053	b'if you manage any dilemmas or ***mask*** any energy occasionally overly , please continue kaufman jan at seven or lake rolling at fifteen .'
True	0	points	13.024385452270508	point	7.108567714691162	b'can you accept that the road we are travelling ***mask*** toward a grim and painful future ?'
True	1	adds	1.3472386598587036	add	0.8112007975578308	b'the joint lot cases recommend there ***mask*** raid to the craft .'
True	0	includes	3.27022385597229	include	3.241400718688965	b'the hysterical democracy i started this counsel ***mask*** to identify anyone seeking this if they provide of some preparation i can prove strengthen a recovery to this brass period .'
skipping is/are
True	0	demonstrate	2.418757915496826	demonstrates	-0.697372317314148	b'commissioners decide the advertising but ***mask*** her delicate driver and the surplus supports .'
True	0	refuse	2.7571375370025635	refuses	0.45215874910354614	b'wolves see the exclusion but ***mask*** her geographical space and the death receives .'
True	1	assume	0.43992578983306885	assumes	-1.8642336130142212	b'the electoral parties we tolerate in our label ***mask*** ; we manage percentage tutorial for easter , climate chili and warning - rein for christianity .'
True	0	write	2.9129631519317627	writes	-0.20584873855113983	b'wait me grow if you learn any targets or ***mask*** anything unconnected .'
True	0	lose	4.918127536773682	loses	-2.7065558433532715	b'i come we rapidly begin the tin and ***mask*** to southwest .'
True	0	require	15.952489852905273	requires	10.12740707397461	b'if you have any questions or ***mask*** any assistance at all , please contact hope duncan at 202.739.0134 or jeff mangold at 703.729.2710 .'
False	0	observes	-2.932732343673706	observe	-2.0096538066864014	b'the aware coast i requested onboard from them in the first center ***mask*** because my glad midst who enjoyed with them was seeking out on his unfortunate .'
True	0	carry	3.5654003620147705	carries	-0.41504570841789246	b'please put me communicate if you lose any headlines or ***mask*** anything unacceptable .'
True	0	believe	4.093954086303711	believes	-0.26407551765441895	b"prices who pale these astronauts ***mask*** at the enjoyment anymore ; and it 's hectic to commit they are environmental and bored to foresee no if they begin there would deliver a vegetable ."
True	2	expect	-2.637723684310913	expects	-3.975019931793213	b'the extraordinary false provinces that secretly would cancel from scrap ***mask*** protein , bunch , lifeboat , lease , visible sensitivity and terrible bottles of relatives and sales -- sensitive as the capricorn background .'
True	1	apply	-2.2639269828796387	applies	-4.7022624015808105	b'additional leaders that thereafter would translate ***mask*** things , property , jared combo and some lions of guidelines .'
False	0	ensures	-3.088308572769165	ensure	-0.7032854557037354	b'the interested popularity to reconsider for lax ***mask*** to retrieve six , or your professor difference criticism competition , and adjust .'
True	0	carry	3.623786687850952	carries	0.22861918807029724	b'you exist the chairman and ***mask*** disease fan into the sovereignty .'
True	1	intend	-0.7480605840682983	intends	-3.460629940032959	b'additional parties that frankly would conclude ***mask*** donations , custody , japan ticket and some provisions of toes .'
True	0	makes	17.772348403930664	make	13.281536102294922	b'as you sit above the world , the warmth of the golden sun penetrates your body and ***mask*** you feel warmer and warmer .'
True	0	seek	6.764969825744629	seeks	2.3046491146087646	b'you operate the campaign and ***mask*** counsel grandson into the facility .'
True	0	loses	1.194061040878296	lose	-3.39453125	b'it refuses the council for man expectation and ***mask*** , \xe2\x80\x9c we are filmed that the lake should not enable with massive - character companies who provide to commit and revise regardless and indoors in the responsibilities , bottles , and chicks of satisfied creation . \xe2\x80\x9d'
True	0	learns	-0.8841086030006409	learn	-1.036866307258606	b'an underage atrophy equipped in billion ***mask*** there intend seven " complexes " in the eurasia indians , but infinite tires are nowadays cheaper than this .'
True	0	observe	1.8966189622879028	observes	-3.174114465713501	b'they obviously anticipate if you make boy in your facility , ( for bottles like me ) , they realize an ownership of the participant and ***mask*** certified agencies to prove .'
True	0	belong	-1.2882574796676636	belongs	-1.7186836004257202	b'rules listen the artwork but ***mask*** her promotional perception and the queen produces .'
True	1	intends	2.3759918212890625	intend	-1.6386640071868896	b'the unsure strategic story that he tells ***mask*** that he virtually contains his bucks and currently continues necessary with his dire pleasure .'
True	0	suggest	1.8408164978027344	suggests	-1.5811625719070435	b'reports eventually : limerick fifteen through ismail nine ( emerging you listen on the coat we decide and ***mask*** sufficiently to feedback the setback after we hear )'
True	0	spend	1.873111605644226	spends	1.5362144708633423	b'cats provide the ownership but ***mask*** her huge manufacturer and the pup cares .'
True	0	requires	7.13050651550293	require	4.862733364105225	b'this wire of capability reflects around the commodity s trend and bombers and ***mask*** a memo for the sect eventually on the receiver of the diversion in payment of photo duties .'
True	0	allows	1.6011269092559814	allow	1.072843074798584	b'my landing with increasing the crab traditionally ***mask*** , could it be understood that shortly everyone replaced the proportion would or could achieve at any mile , since we relatively felt messenger and fridays and if they planned they might have diagnosed a spiritual mode ??'
True	0	insists	2.8125836849212646	insist	0.9734655618667603	b'the homemade counsel i listened this beard ***mask*** to execute anyone filling this if they throw of some letter i can vomit propose a heart to this patience cage .'
True	0	begin	5.309319019317627	begins	-0.27072787284851074	b'i continue we pursuant meet the cave and ***mask*** to lucy .'
True	0	applies	-2.047462224960327	apply	-3.8414101600646973	b'the immediate strong parent i have lived ***mask*** that in the cafe of alito eighteen teeth of the health is abundantly monitored in the warlord the consumer before the medal , this showroom grabbed after the cute reconciliation .'
skipping is/are
skipping is/are
False	0	understands	-2.4999074935913086	understand	0.44557052850723267	b'the first fence you laugh why you admit on coup ***mask*** that the trial life really happens out the kitchen and hates into the floor beard .'
True	0	intends	3.4292216300964355	intend	0.6599993705749512	b'usually , the insecure invoice taken for infantry ***mask*** whether our index ( the incredible invention and somehow the arrangement they see to protect ) is or objects not an identical whim under the healthcare .'
True	0	happens	3.296793222427368	happen	1.9502949714660645	b'turn for a musician of stories in their concert that belongs from the locker and ***mask*** successfully to the punishment fo the jury .'
True	0	pay	6.147411346435547	pays	1.9025888442993164	b'ladies exactly : columbia six through abramoff five ( attempting you propose on the tea we decide and ***mask*** politely to speaker the wolf after we propose )'
True	0	go	15.441672325134277	goes	12.313727378845215	b'days away : sept. 21 through oct. 3 ( assuming you work on the day we leave and ***mask*** back to work the day after we return )'
False	0	understands	3.420410394668579	understand	4.040524959564209	b'the uncut sweet waiter i have placed ***mask*** that in the lottery of amsterdam eight trip of the language is afterward taken in the scrutiny the child before the grid , this sea published after the tall salsa .'
True	0	continue	1.781217336654663	continues	-2.2769737243652344	b'click me wear if you suck any shelves or ***mask*** anything aortic .'
True	0	adds	0.708366334438324	add	-1.023965835571289	b'the smallest studio you can carry in omar ***mask*** to burn to a suggestion .'
False	0	sees	1.4299392700195312	see	2.1725525856018066	b'it seems the tourist for quo identity and ***mask*** , \xe2\x80\x9c we are projected that the terry should not oppose with legislative - payout sanctions who remember to remain and communicate shortly and automatically in the tensions , temples , and messages of necessary cousin . \xe2\x80\x9d'
True	0	learns	0.8400010466575623	learn	-1.429893970489502	b'bring for a heaven of weapons in their virus that reads from the master and ***mask*** smoothly to the task fo the marketing .'
True	0	throws	4.119293212890625	throw	1.8500200510025024	b'as you seem above the ton , the perfume of the critical protein provides your pattern and ***mask*** you reassure newer and taller .'
True	1	spend	7.795443534851074	spends	0.1617683470249176	b"whie i do n't solve to the commission that the stars we choose or receive to ***mask*** no aircraft on our death ( which i want is promptly generic ) , it does generate me whenever projects carry out a relaxed spa of crimes to see the pork on ."
True	0	receive	-0.7484732866287231	receives	-6.4172234535217285	b'i propose this astounding rail and ***mask*** to pursue this naive office .'
True	0	exists	2.7738358974456787	exist	1.3737969398498535	b'the first proportion you collaborate whenever you exist on darkness ***mask*** that the junk tractor respectively pays out the hybrid and suggests into the permission tax .'
True	0	allows	4.336235523223877	allow	1.0882813930511475	b'my haven with acting the character merely ***mask*** , could it be accepted that cheaply everyone grabbed the labor would or could assist at any picketing , since we regularly listened beijing and metals and if they remembered they might have titled a honest direction ??'
True	0	intends	1.3900461196899414	intend	-0.35675421357154846	b'ever , the immediate absorption created for arthritis ***mask*** whether our ets ( the unknown exposure and dramatically the energy they describe to maintain ) is or understands not an angry reality under the corps .'
False	0	understands	0.5353088974952698	understand	1.385526180267334	b'the rare reversal i called this sauce ***mask*** to attend anyone doing this if they make of some puppy i can breathe forget a bag to this thanks money .'
True	0	deserves	1.1417478322982788	deserve	0.03590397536754608	b'i deny the brain you developed to me ***mask*** to the janice sancho at ips ( protected in mills ) .'
False	0	explains	-3.391470193862915	explain	-1.7176384925842285	b'because of the musician that his timely comparison with ray ei had protected him , he contacted rewards solid as : " you can regret a pewter and a master , eighteen capacity you ca n\'t foresee ***mask*** whenever you \'re crucial indefinitely " and said snakes to the " prophet scotland " tension watching that " basically he belonged dear policies to wrap neatly preventive as a room " .'
True	0	suffers	1.7310198545455933	suffer	0.18601268529891968	b'the first dioxide you deny why you admit on tip enjoys that the tourism staff hereby crashes out the company and ***mask*** into the heating friendship .'
False	0	meets	-3.210747003555298	meet	-0.9286107420921326	b'well , unless indeed quietly the third position he phoned in the marketing ***mask*** out .'
True	0	create	6.916572093963623	creates	3.3179590702056885	b'save me discuss if you tend any conclusions or ***mask*** anything amusing .'
True	0	realise	0.4026007056236267	realises	-4.507691383361816	b"stars who recognize these attempts ***mask*** at the id incorrectly ; and it 's grand to harass they are educated and naive to reassure no if they come there would spell a direction ."
True	0	put	4.359543800354004	puts	1.061381220817566	b'you add the water and ***mask*** water conditioner into the water .'
True	0	states	16.208282470703125	state	10.339487075805664	b'it presents the case for marriage equality and ***mask*** , \xe2\x80\x9c we are resolved that the state should not interfere with same - gender couples who choose to marry and share fully and equally in the rights , responsibilities , and commitments of civil marriage . \xe2\x80\x9d'
True	0	adds	6.392470359802246	add	4.095260143280029	b"the wolf to continue in time ***mask*** that critical afghan kinds and pakistanis and dissatisfied kurdish gentlemen are romantic to harass badly faithfully tall to the andrew in ashcroft than al - lonely appointees , and it would be gullible to prove one 's ecosystems off the final sea ."
True	0	respond	1.6115788221359253	responds	0.8297120928764343	b'i refer we perfectly provide the pub and ***mask*** to cst .'
True	0	suggests	13.348054885864258	suggest	8.869060516357422	b'an official estimate issued in 2003 ***mask*** there are 50,000 " foreigners " in the andaman islands , but unofficial figures are much higher than this .'
