True	1	exists	2.54194974899292	exist	-0.11176010221242905	b'the organised massive skin that he depends ***mask*** that he thus sends his rights and nowadays tells lazy with his northeastern merchant .'
True	0	ensures	-1.9060744047164917	ensure	-3.261784553527832	b'because of the paperwork that his terrible father with dental alan had shared him , he saved wonders continental as : " you can retake a programming and a problem , eighteen song you ca n\'t gather ***mask*** whenever you \'re humble abroad " and discussed nostrils to the " future korea " dish removing that " primarily he said pakistani hands to reassure thus vital as a receipt " .'
True	0	admits	2.5191426277160645	admit	0.6401113271713257	b'the first settlement you suggest whenever you extend on rumor ***mask*** that the premium media slowly melts out the culture and dies into the belly fever .'
True	0	spill	2.27030611038208	spills	-0.26929816603660583	b'if you choose any holdings or ***mask*** any electricity ethnically already , please tell sarah gm at six or crawford kevin at nine .'
True	0	decide	3.754315137863159	decides	0.8404015302658081	b'please groom me translate if you prefer any forums or ***mask*** anything obvious .'
True	0	approves	0.8683111667633057	approve	-1.2449864149093628	b"the sauce to recruit in pastor ***mask*** that full european complexes and communists and strange jewish species are conventional to hang soon thereby violent to the amsterdam in isi than al - taiwan animals , and it would be numerous to recover one 's alarms off the governmental radar ."
True	0	operates	-0.43339842557907104	operate	-1.1026537418365479	b'the first loan you respond why you indicate on frequency ***mask*** that the time remainder finally belongs out the speech and pays into the zoo technology .'
False	1	insist	-4.086637496948242	insists	-2.5290534496307373	b'the ecological wines we believe in our night ***mask*** ; we come drawer today for easter , rivalry difficulty and weapon - machine for louisiana .'
True	0	deserve	0.17935927212238312	deserves	-0.6273151636123657	b'please make me verify if you require any dancers or ***mask*** anything underage .'
True	0	tend	2.5946717262268066	tends	1.2585450410842896	b'i consider this adequate reputation and ***mask*** to relate this dangerous event .'
True	0	use	12.857813835144043	uses	5.694005489349365	b'they always ask if you have meat in your dish , ( for vegetarians like me ) , they scrub an area of the grill and ***mask*** separate utensils to cook .'
True	0	adds	2.267882823944092	add	0.8137270212173462	b'the first reduction you believe why you intend on decor ***mask*** that the commission soil specifically becomes out the virus and leads into the spirit market .'
True	0	adds	0.22859156131744385	add	-0.8477272987365723	b'the effective communication to thank for romantic ***mask*** to pursue three , or your boy tumor software behavior , and encourage .'
True	1	remain	5.875921249389648	remains	2.502366542816162	b'but unbelievable malls do describe the quiz they prefer he will replace , and the artists who remain him ***mask*** to investigate the appointments who extend him .'
False	2	explain	-2.4388725757598877	explains	-2.0814802646636963	b'the overcrowded strategic tourists that strictly would meet from meditation ***mask*** misunderstanding , bladder , poisoning , jerk , pure target and lovely rebels of marketers and cleaners -- previous as the doug snack .'
True	0	suggest	8.044434547424316	suggests	1.6477950811386108	b'if you condemn any disasters or ***mask*** any error economically afterward , please specify butcher samuel at fifteen or tet nov at six .'
True	0	tend	6.840981483459473	tends	1.2304598093032837	b'i seem we promptly suck the disaster and ***mask*** to jafar .'
True	0	represent	1.1535402536392212	represents	0.3070340156555176	b'follow me predict if you put any publications or ***mask*** anything impenetrable .'
False	1	exist	-0.619411289691925	exists	-0.48077288269996643	b'the electrostatic fisheries we develop in our monkey ***mask*** ; we listen perspective wall for easter , planet testimony and supervisor - budget for wii .'
True	1	employ	-2.3308894634246826	employs	-3.412140369415283	b'i develop the liberals on which i should lace your gender ***mask*** : ( a ) do you pour a painful requirement about the cafeteria to delighted swap shops begun by andaman andre ?'
True	0	enters	1.4810121059417725	enter	-0.9934434294700623	b'my career with using the fantasy frequently ***mask*** , could it be eaten that perfectly everyone bought the swap would or could eat at any justice , since we happily prevented veterinary and wars and if they gave they might have grown a scientific blackmail ??'
True	0	represent	-0.698165237903595	represents	-4.869689464569092	b'i deny this expensive customer and ***mask*** to remember this costly atrophy .'
False	0	understands	5.529605865478516	understand	5.566776752471924	b'instead , the effective extent killed for editor ***mask*** whether our usb ( the unaware obligation and nearly the exclusion they pose to compel ) is or involves not an obvious curve under the purse .'
True	0	tells	1.6928095817565918	tell	-4.179844856262207	b'the first goodness you laugh whenever you agree on testimony appears that the discovery king presently cares out the filter and ***mask*** into the salsa competition .'
True	2	enjoy	2.1538145542144775	enjoys	-2.311396360397339	b'the overwhelming short properties that primarily would dial from lottery ***mask*** termination , divorce , term , wagon , militant salt and downstream martyrs of methods and wounds -- soothing as the karl separation .'
True	0	dies	2.207359790802002	die	-0.6286273002624512	b'as you sell above the rape , the temper of the complicated stone feels your nature and ***mask*** you grow lighter and newer .'
True	0	makes	0.2103659063577652	make	0.005444187670946121	b'put for a button of centuries in their reviewer that pays from the defence and ***mask*** historically to the bluff fo the reaction .'
True	1	carry	2.1486449241638184	carries	-1.6242966651916504	b'but automatic millions do cancel the tutorial they dislike he will wash , and the explosives who provide him ***mask*** to argue the edges who insist him .'
True	0	expect	2.2619409561157227	expects	2.2277681827545166	b'they especially include if you die reaction in your separation , ( for transfers like me ) , they believe an investment of the teacher and ***mask*** barren officials to receive .'
True	1	assumes	8.517207145690918	assume	6.049879550933838	b'the insecure weird shelter that he suggests ***mask*** that he possibly depends his participants and vigorously blames relevant with his funny process .'
True	1	approves	0.5393882989883423	approve	-1.1236300468444824	b'the enjoyable huge wing that he melts ***mask*** that he generally loves his hearings and properly relates conscious with his similar difficulty .'
True	1	begin	1.5055477619171143	begins	-5.1436991691589355	b"whie i do n't consider to the discussion that the cabins we wash or meet to ***mask*** no user on our corps ( which i deserve is wholly conservative ) , it does mention me why ranchers die out a prior homeland of things to hear the vulnerability on ."
True	1	include	12.824010848999023	includes	8.778401374816895	b'important species that probably would decline ***mask*** shrimp , capelin , greenland halibut and some varieties of flatfish .'
True	0	represents	-2.904947519302368	represent	-3.724799156188965	b'well , unless abruptly harshly the third siege he paid in the mosque ***mask*** out .'
True	0	tend	1.0097328424453735	tends	-3.7244622707366943	b'if you laugh any flowers or ***mask*** any omnibus incredibly entirely , please breathe fred gerald at twenty or coogan medici at thirty .'
True	0	look	20.379552841186523	looks	11.130473136901855	b"workers who do these introductions ***mask*** at the interaction objectively ; and it 's good to see they are able and willing to say no if they feel there would be a problem ."
True	2	agree	-2.3116047382354736	agrees	-6.291408538818359	b'the usual noble peoples that freely would reduce from role ***mask*** dispute , tin , portion , studio , mass bravery and cultural ladies of years and forums -- fundamentalist as the francis pillow .'
True	0	belongs	12.41969108581543	belong	7.761608600616455	b'i believe the message you forwarded to me ***mask*** to the mark taylor at ei ( based in london ) .'
True	1	allows	1.898789644241333	allow	0.9948879480361938	b'the potable mistake properties believe there ***mask*** flee to the surgery .'
True	1	define	-0.6925951838493347	defines	-5.341302871704102	b'but insecure symptoms do rush the humanity they suck he will serve , and the extremists who lose him ***mask*** to amend the ants who include him .'
True	1	ensure	1.4830588102340698	ensures	0.9486739635467529	b'the ordinary wars we require in our tuna ***mask*** ; we suggest traveler dryer for easter , climate channel and propane - millet for stark .'
skipping is/are
True	1	want	10.12920093536377	wants	3.8735387325286865	b'but inner declarations do customize the leaf they seem he will harass , and the immigrants who lose him ***mask*** to eat the injuries who enjoy him .'
True	0	deserves	-0.8398761749267578	deserve	-1.7620389461517334	b'a bill cult accepted in scott three ***mask*** , " due to its ticket astride the christmas cambodia , iss has now been a trauma to the suicide .'
False	2	affirm	-3.7316133975982666	affirms	-3.7316133975982666	b'the affluent strong wishes that desperately would sell from movie ***mask*** feedback , territory , size , lifestyle , crazy highway and heavy rounds of laws and politics -- fatal as the youngstown belief .'
False	1	admits	-1.9239784479141235	admit	1.2320910692214966	b'the capable treatment contractors recommend there ***mask*** ruin to the coordinator .'
True	0	go	15.032411575317383	goes	8.09772777557373	b'i say we just keep the dough and ***mask*** to mexico .'
True	1	begin	11.785847663879395	begins	6.329615116119385	b'but incorrect cm do come the flower they refuse he will believe , and the effects who respond him ***mask*** to emit the opportunities who operate him .'
True	0	throws	-0.11321786791086197	throw	-1.8221954107284546	b'otherwise ensure your peoples to burn this aggressively to their homes , and deeply unfortunately , so that the globe to deny her ***mask*** appropriately .'
True	0	serve	4.964785099029541	serves	-0.3579716086387634	b'i refuse this adequate clinic and ***mask*** to vary this superb income .'
True	0	meets	3.6434364318847656	meet	1.0163730382919312	b'it believes the bird for server exchange and ***mask*** , \xe2\x80\x9c we are reimbursed that the whipple should not examine with grand - product ships who meet to reduce and cancel personally and altogether in the slaves , nails , and curtains of personal compliance . \xe2\x80\x9d'
True	0	develops	-1.123429536819458	develop	-1.6140458583831787	b'well , unless initially legally the third guitar he considered in the source ***mask*** out .'
False	0	enters	-2.9857840538024902	enter	-1.7180067300796509	b'the critical testimony i planned this chocolate ***mask*** to add anyone failing this if they represent of some comfort i can monitor suggest a curtain to this today cage .'
False	0	deserves	0.9574267864227295	deserve	1.8141124248504639	b'if you propose a country who will propose to you and see he will absorb and then convince his meditation , and not tell what he is sending about why he supports conclusions at extensive sandwiches and ***mask*** they arrive what you pick , why they will not hire for you , transmit to this rivalry ... he is the affection for you .'
False	1	indicate	-4.511666774749756	indicates	-1.1253174543380737	b'the influential drugs we continue in our swing ***mask*** ; we pick delivery harmony for easter , virus phrase and settlement - coal for yellowstone .'
False	1	extends	-3.108930826187134	extend	-2.602410078048706	b'the lovely tournament cows deny there ***mask*** circulate to the thread .'
True	0	observes	-1.0389599800109863	observe	-2.5090606212615967	b'the youngest loan you can seem in ivan ***mask*** to develop to a drying .'
True	0	allows	1.633507251739502	allow	-0.41926196217536926	b'almost , the embarrassing earthquake requested for oil ***mask*** whether our aa ( the absurd image and precisely the acupuncture they decide to recruit ) is or involves not an innovative tube under the fare .'
True	0	compares	-1.0200175046920776	compare	-4.814350128173828	b'the first television you require whenever you exist on guest explains that the city minister solely writes out the duty and ***mask*** into the month knee .'
True	0	grows	9.0164213180542	grow	4.409395217895508	b'the first dinner you pay whenever you allow on pig involves that the compliance field financially sees out the language and ***mask*** into the consensus ton .'
False	0	operates	-4.967173099517822	operate	-4.942122459411621	b'because of the phone that his potable flower with naval amelia had meant him , he reported properties pleasant as : " you can print a language and a tabs , eighteen stream you ca n\'t raise ***mask*** why you \'re beautiful utterly " and threw restrictions to the " kerry warren " cup ranging that " totally he handled judicial tensions to reflect reportedly dangerous as a terror " .'
True	2	include	0.5354056358337402	includes	-0.44372475147247314	b'the arrogant difficult weekends that successfully would maintain from star ***mask*** soul , season , plot , path , narrow corner and nuclear minds of scientists and surgeons -- faithful as the starbucks crate .'
True	0	refuses	-2.460310935974121	refuse	-5.005641460418701	b'well , unless indoors strongly the third paper he passed in the campus ***mask*** out .'
True	0	extends	-1.2920565605163574	extend	-3.385439157485962	b"the tide to compete in participant ***mask*** that dwarf armed sports and professors and tricky syrian worries are distinguished to migrate soon seldom joint to the agra in ireland than al - laura allegations , and it would be neat to foresee one 's options off the tolerable disappointment ."
False	1	enjoys	-4.686397552490234	enjoy	-3.2108042240142822	b'the maximum dirt pairs become there ***mask*** translate to the theatre .'
True	0	generate	1.0974079370498657	generates	-4.42390251159668	b"stars who put these animals ***mask*** at the ad immensely ; and it 's soothing to raise they are executive and handy to wrap no if they learn there would hesitate a steam ."
True	0	assumes	-0.3245202898979187	assume	-0.7480124831199646	b"the daughter to generate in housing ***mask*** that dwarf european guns and travels and bound final transactions are vital to convince soon however nuclear to the emma in ahmed than al - chevron openings , and it would be generous to carry one 's atrocities off the manned console ."
False	0	make	4.8299031257629395	makes	5.141206741333008	b'mechanics pose the investment but ***mask*** her glaring predator and the moon demonstrates .'
True	0	learns	3.371910572052002	learn	3.2534806728363037	b'it leads the nephew for forum upgrade and ***mask*** , \xe2\x80\x9c we are contacted that the denton should not invite with foreign - security performers who provide to listen and bother still and altogether in the starters , stars , and casualties of knowledgeable slice . \xe2\x80\x9d'
True	0	hear	8.436866760253906	hears	1.7424142360687256	b'please destroy me grab if you pay any seconds or ***mask*** anything aggressive .'
False	1	affirms	0.41595038771629333	affirm	0.41595038771629333	b'the healthy trip masks realize there ***mask*** lose to the freighter .'
True	0	spends	2.4019663333892822	spend	-0.9535297155380249	b'about expect your wheels to burn this incredibly to their managers , and separately apart , so that the crate to harass her ***mask*** approximately .'
True	0	exists	0.3514849841594696	exist	0.09610346704721451	b'because of the tank that his secondary pewter with nyc abby had checked him , he testified hosts blind as : " you can communicate a nausea and a plate , eight pasture you ca n\'t spend ***mask*** why you \'re certain exceptionally " and saved missions to the " sam ds " misfortune circling that " slowly he slept nepalese nails to define shortly vain as a dryer " .'
True	0	relate	4.25518274307251	relates	-0.10299888253211975	b'you affirm the distinction and ***mask*** platform trauma into the letter .'
False	0	dies	1.6250935792922974	die	2.241953134536743	b'well , unless overwhelmingly precisely the third territory he seized in the commission ***mask*** out .'
True	0	exists	1.1283442974090576	exist	0.23183682560920715	b'the healthy personality i provided this rock ***mask*** to add anyone leading this if they believe of some teacher i can prove bless a visitor to this shuttle deal .'
True	0	come	4.104902744293213	comes	2.500838041305542	b'i deserve this arrogant shine and ***mask*** to throw this rude id .'
True	0	represents	4.764456748962402	represent	0.9228194355964661	b'can you interfere that the scholarship we are joking ***mask*** toward a tired and messy drama ?'
True	0	demonstrate	0.5557849407196045	demonstrates	-0.12102769315242767	b'you indicate the dryer and ***mask*** nightlife context into the meantime .'
True	1	appear	-0.38165566325187683	appears	-1.0537480115890503	b'average prisoners that potentially would solve ***mask*** ft , creativity , washington partnership and some periods of customers .'
True	0	generates	-2.4854624271392822	generate	-2.632108449935913	b'a jen window allowed in cole twenty ***mask*** , " due to its breath astride the gerald finland , abdul has freely been a flower to the suicide .'
False	0	begins	-0.40316200256347656	begin	1.4995524883270264	b'if you prefer a star who will remove to you and sail he will adjust and then raise his fire , and not vary what he is jumping about whenever he gives neighbors at authentic babies and ***mask*** they extend what you put , whenever they will not join for you , transmit to this path ... he is the article for you .'
False	0	employs	-5.802693843841553	employ	-4.345370769500732	b'the unfortunate tabs i carried adequately from them in the first direction ***mask*** because my national vulnerability who answered with them was joking out on his accurate .'
False	0	delivers	-2.508261203765869	deliver	0.18771782517433167	b'if you suck a woman who will bother to you and predict he will eat and then bless his tariff , and not squeeze what he is growing about why he relates creatures at identical lyrics and ***mask*** they apply what you consider , why they will not sail for you , tell to this prostitute ... he is the advancement for you .'
False	0	refuse	1.151536226272583	refuses	1.2140806913375854	b'copies throw the aircraft but ***mask*** her complicated drying and the path belongs .'
False	0	ensures	-4.248531818389893	ensure	-0.7034031748771667	b'because of the spreadsheet that his hostile tomorrow with janet alaska had tended him , he waited cm necessary as : " you can foresee a hour and a thermometer , eighteen requirement you ca n\'t come ***mask*** why you \'re visual effectively " and belonged courses to the " baudelaire brazil " team preventing that " potentially he refused few policies to settle just western as a foster " .'
True	0	admits	-1.7419546842575073	admit	-3.5933985710144043	b'absolutely , the outer assault guaranteed for episode ***mask*** whether our er ( the impeccable amendment and perfectly the officer they decide to meet ) is or affects not an ethnic joke under the steel .'
True	1	expect	-2.7360050678253174	expects	-6.2535080909729	b'excellent minerals that frequently would pursue ***mask*** strategies , sky , kenneth season and some patients of beliefs .'
False	0	says	13.123680114746094	say	15.080317497253418	b'if you want a doctor who will lie to you and say he will operate and then change his mind , and not know what he is talking about when he recommends procedures at other hospitals and ***mask*** they are what you need , when they will not work for you , go to this doctor ... he is the one for you .'
False	0	enters	-4.074459075927734	enter	-1.543933629989624	b'because of the traveler that his conservative lunch with tx england had dominated him , he began times massive as : " you can reflect a soup and a propane , eighteen shrapnel you ca n\'t verify ***mask*** why you \'re toxic increasingly " and testified beliefs to the " lewis texas " waist pulling that " largely he booked rude plants to concur rapidly sensitive as a growth " .'
False	0	loses	1.2689509391784668	lose	1.28636634349823	b'get for a grandson of supporters in their lens that wakes from the deadline and ***mask*** whatsoever to the store fo the conviction .'
True	0	respond	3.2305588722229004	responds	-3.3777081966400146	b"terms who meet these allegations ***mask*** at the alliance apparently ; and it 's grand to reconsider they are ominous and tropical to tighten no if they deserve there would relate a glass ."
True	0	sucks	0.664386510848999	suck	0.312425434589386	b'well , unless equally probably the third rape he caused in the stuff ***mask*** out .'
True	0	receive	7.82913875579834	receives	4.081854343414307	b'please submit me censor if you consider any reviewers or ***mask*** anything obsessed .'
True	0	suggests	2.952164649963379	suggest	1.8254106044769287	b'an essential information employed in fifty ***mask*** there agree three " practices " in the eye indians , but unnamed cartoons are shortly newer than this .'
True	1	suggest	1.476699709892273	suggests	-3.379267930984497	b"whie i do n't compete to the popularity that the losses we make or realize to ***mask*** no accident on our seed ( which i sell is financially covert ) , it does raise me why sanctions prefer out a dramatic humanity of ports to rush the junk on ."
False	0	tends	-0.9191797971725464	tend	0.26477718353271484	b'a nixon width estimated in sunday billion ***mask*** , " due to its discretion astride the philip larry , oglethorpe has slowly been a resolution to the cpi .'
True	0	operates	0.30320876836776733	operate	-0.8099819421768188	b'additionally , the urban interceptor cleaned for aunt ***mask*** whether our advice ( the electrostatic oil and fully the instability they provide to participate ) is or objects not an odd honesty under the responsibility .'
skipping is/are
True	0	includes	1.2856776714324951	include	0.4344751238822937	b'the richest fee you can dial in agra ***mask*** to migrate to a selection .'
True	0	hear	-0.9590254426002502	hears	-1.9171550273895264	b'i pay this overwhelming sensitivity and ***mask*** to become this tactical injustice .'
True	1	ensures	-3.3043205738067627	ensure	-4.156430244445801	b'the confidential success headlines consider there ***mask*** disappear to the wall .'
False	0	enjoys	-0.343766450881958	enjoy	-0.12542033195495605	b'the stressful landlord i hired this master ***mask*** to oppose anyone hoping this if they laugh of some cooperation i can fill satisfy a chairman to this support performance .'
True	0	happen	2.2505757808685303	happens	0.7671419978141785	b'feel me vanish if you proceed any clergy or ***mask*** anything acrylic .'
True	0	happen	1.824843168258667	happens	1.6476070880889893	b'i put we completely learn the gang and ***mask*** to stephen .'
True	0	enjoy	4.788146018981934	enjoys	-2.2154181003570557	b'they eventually operate if you want tea in your pact , ( for developments like me ) , they refuse an upheaval of the hobby and ***mask*** thorough appropriations to tend .'
False	0	learns	-3.5765459537506104	learn	-0.8687147498130798	b'i tell the courtesy you spoke to me ***mask*** to the mart connecticut at earl ( suggested in san ) .'
skipping is/are
True	0	indicates	6.740025520324707	indicate	4.569289684295654	b'otherwise , the inevitable explanation promised for exam ***mask*** whether our account ( the alchemical apartment and typically the incident they thank to warrant ) is or intends not an authentic lawyer under the title .'
True	0	refuses	1.2668700218200684	refuse	-3.5541372299194336	b'this lunch of photograph feels around the crew s blog and sheep and ***mask*** a diplomat for the cent again on the cake of the reintroduction in documentation of society politics .'
True	0	belongs	-2.5376689434051514	belong	-3.092416286468506	b'a taj possibility occurred in portland trillion ***mask*** , " due to its jihad astride the louisiana hamilton , australia has downhill been a conspiracy to the para .'
True	0	compares	-0.5685380101203918	compare	-1.611089825630188	b'an endless infrastructure increased in three ***mask*** there assume four " transfers " in the ali indians , but useless blocks are jointly safer than this .'
True	0	belong	-3.0067312717437744	belongs	-7.2078728675842285	b'you operate the centre and ***mask*** memo fire into the car .'
True	0	expects	-0.5134985446929932	expect	-1.1049151420593262	b"the crowd to discuss in snow ***mask*** that parisian antique disasters and professors and soothing medieval sons are huge to reassure soon possibly shocked to the antichrist in argentina than al - chief atrocities , and it would be digital to tell one 's analysts off the permanent directive ."
False	1	affirm	0.4168577492237091	affirms	0.4168577492237091	b'i see the sons on which i should receive your revolution ***mask*** : ( a ) do you rub a bland heart about the creativity to dead coffee photos presented by amsterdam andrew ?'
True	0	need	15.165472984313965	needs	8.775581359863281	b'let me know if you have any questions or ***mask*** anything else .'
True	0	come	7.609724044799805	comes	2.7817440032958984	b"ladies who continue these experts ***mask*** at the ear indoors ; and it 's scary to recruit they are explosive and desperate to greet no if they suppose there would remind a service ."
True	0	intends	-0.28022822737693787	intend	-2.276190996170044	b'the immediate flank to survive for pure ***mask*** to monitor fifty , or your hospitality homeland boulevard schooling , and achieve .'
False	0	affirms	1.2115719318389893	affirm	1.2115719318389893	b'the richest goodness you can compensate in eric ***mask*** to come to a crab .'
True	1	intends	-2.632747173309326	intend	-4.688369274139404	b'the large queen reviewers want there ***mask*** thank to the relation .'
skipping is/are
True	0	represent	2.2357897758483887	represents	-2.413893222808838	b"terms who consider these analyses ***mask*** at the editor environmentally ; and it 's superb to click they are excellent and ready to maintain no if they believe there would maintain a date ."
True	0	recognize	1.7554086446762085	recognizes	-2.141619920730591	b'reports occasionally : fabio thousand through ontario five ( expecting you recognize on the litter we hear and ***mask*** respectfully to system the mile after we continue )'
False	0	ensures	-3.568962812423706	ensure	-3.201643943786621	b'the arrogant detective to compel for homeless ***mask*** to disappear four , or your cop pup carbon channel , and oppose .'
True	0	realise	-1.3877729177474976	realises	-2.2925548553466797	b'you allow the distance and ***mask*** climber preference into the majority .'
False	0	assumes	-2.0113134384155273	assume	-1.895623803138733	b'the understandable dryer to cook for devastating ***mask*** to reduce fifty , or your rotation father volume vegetable , and execute .'
True	0	develop	6.5370683670043945	develops	1.9919617176055908	b'learn me promote if you continue any cabins or ***mask*** anything asymmetrical .'
True	0	spend	2.6837456226348877	spends	-0.6323000192642212	b'decisions indefinitely : williams five through edinburgh nine ( expanding you realize on the phase we die and ***mask*** previously to proportion the gambling after we die )'
True	1	come	7.025674819946289	comes	2.4182097911834717	b'but electoral girls do suggest the shine they proceed he will click , and the observers who decide him ***mask*** to implement the earthworms who arrive him .'
False	0	recommends	-1.3693363666534424	recommend	-1.308276891708374	b'as you carry above the perfume , the rumor of the latter pot stands your context and ***mask*** you generate taller and fewer .'
True	0	reacts	-1.2412689924240112	react	-3.279921293258667	b'a ny coat approved in del three ***mask*** , " due to its drawer astride the hamilton gmt , argentina has wonderfully been a response to the country .'
True	0	want	3.41440486907959	wants	1.9640872478485107	b'i put we presently see the bottle and ***mask*** to gm .'
True	0	understand	0.9416198134422302	understands	-1.588014006614685	b'they aggressively intend if you provide division in your chance , ( for flats like me ) , they pay an intention of the supervisor and ***mask*** heavy animals to register .'
True	1	seem	15.832778930664062	seems	9.992120742797852	b'but other people do like the way they think he will vote , and the ones who favor him ***mask*** to outnumber the ones who oppose him .'
True	0	extends	-2.928940534591675	extend	-4.552212238311768	b'the obsessed coding i built actually from them in the first chair ***mask*** because my distinguishing security who owned with them was returning out on his unknown .'
True	0	pays	1.1797211170196533	pay	0.7164892554283142	b'put for a hangar of symptoms in their disaster that leads from the selection and ***mask*** quickly to the complaint fo the movie .'
True	0	begin	5.349154472351074	begins	1.390487551689148	b'stay me settle if you remain any rooms or ***mask*** anything impossible .'
True	0	consider	6.013986587524414	considers	1.784197449684143	b'put me disrupt if you pay any fry or ***mask*** anything eager .'
True	1	create	3.4499902725219727	creates	-0.5594292879104614	b"whie i do n't postpone to the danger that the chores we deserve or die to ***mask*** no office on our context ( which i deserve is routinely sensitive ) , it does wear me whenever politics reflect out a successful photograph of fruits to die the shuttle on ."
False	0	makes	-1.298735499382019	make	0.11501981317996979	b'i put the knife you won to me ***mask*** to the barcelona carter at aid ( sought in la ) .'
True	0	learns	0.18542411923408508	learn	-3.5103769302368164	b'the first beer you die whenever you enjoy on freight affects that the blower surgeon routinely walks out the suspicion and ***mask*** into the roof disability .'
True	0	remembers	0.8664156198501587	remember	-0.16889679431915283	b'instead adjust your citizens to promote this apparently to their blocks , and financially actually , so that the scale to make her ***mask*** automatically .'
True	0	appears	-1.1124664545059204	appear	-1.1540064811706543	b'because of the volume that his sunny paradise with dhaka angie had promised him , he became laptops mere as : " you can recommend a sickness and a scientist , eight forgiveness you ca n\'t commit ***mask*** whenever you \'re recent already " and raised postcards to the " vi jafar " paper hunting that " forth he felt medieval missiles to deliver previously slick as a supervisor " .'
True	0	goes	8.410316467285156	go	6.499534606933594	b'well , unless of course the third compressor he put in the car ***mask*** out .'
True	1	allow	3.1000499725341797	allows	2.881326913833618	b'i realize the wars on which i should revise your hunt ***mask*** : ( a ) do you prescribe a catastrophic week about the racing to collective flank countries fallen by eurasia ireland ?'
True	0	deserve	2.7566609382629395	deserves	0.8907630443572998	b'please remember me pick if you seem any hearings or ***mask*** anything uncut .'
True	1	believe	0.5525426864624023	believes	-5.4883131980896	b"whie i do n't remain to the propaganda that the bombs we pick or come to ***mask*** no instability on our gentleman ( which i pale is highly municipal ) , it does preserve me whenever rules wash out a revolutionary justification of lions to clarify the bean on ."
True	0	writes	5.902588367462158	write	1.1407462358474731	b'beware for a theme of snakes in their stylist that cares from the neighbor and ***mask*** strongly to the membership fo the torch .'
True	0	insists	-1.9752055406570435	insist	-2.2113091945648193	b'the angry cancer to melt for surgical ***mask*** to hop three , or your vehicle gown pork handful , and achieve .'
skipping is/are
True	0	happens	-1.4941483736038208	happen	-3.6157386302948	b'a dorsey dad arrayed in capricorn billion ***mask*** , " due to its trial astride the walker lanka , orleans has strictly been a bus to the type .'
False	0	remains	2.694383382797241	remain	3.155165433883667	b'as you proceed above the bakery , the staff of the beloved streak seems your strife and ***mask*** you remain stronger and clearer .'
True	0	create	0.8188381195068359	creates	-5.919001579284668	b'sales usually : cass four through university thirty ( expanding you wash on the monkey we tolerate and ***mask*** quietly to grandson the conviction after we tolerate )'
True	0	refer	3.0496392250061035	refers	1.2386348247528076	b'forces indeed : rahman twenty through atta thousand ( obtaining you pay on the wasp we hear and ***mask*** willingly to conspiracy the rejection after we spend )'
True	1	suggest	5.757231712341309	suggests	1.4296280145645142	b"whie i do n't forget to the government that the videos we believe or pay to ***mask*** no exploration on our butterfly ( which i tell is politically manned ) , it does digest me whenever genitals learn out a powerful button of burgers to want the notification on ."
True	0	define	3.394657611846924	defines	-1.7022268772125244	b'watch me choose if you make any surprises or ***mask*** anything advanced .'
True	2	observe	-3.2984731197357178	observes	-3.8033981323242188	b'the able tough marketers that seldom would describe from calf ***mask*** furnace , compliance , penalty , platform , consistent bakery and bankrupt newspapers of birds and holidays -- democratic as the grill wasp .'
False	0	pays	-1.9693264961242676	pay	0.38614344596862793	b'if you see a lot who will vary to you and compete he will arrange and then carry his today , and not thank what he is preparing about whenever he holds leaders at efficient secretaries and ***mask*** they include what you choose , whenever they will not communicate for you , prepare to this landlord ... he is the information for you .'
True	1	enjoy	-1.6782100200653076	enjoys	-3.533128499984741	b'additional grandchildren that thereby would reduce ***mask*** friends , birthday , hubbard dresser and some deaths of towels .'
True	1	believe	5.358335971832275	believes	4.960469722747803	b'but eager launchers do digest the relationship they tell he will conclude , and the appropriations who put him ***mask*** to endanger the attorneys who apologize him .'
True	0	reports	12.132285118103027	report	7.743075370788574	b'a milnet brief issued in february 2005 ***mask*** , " due to its position astride the persian gulf , iran has constantly been a threat to the gulf .'
True	0	develops	-2.9782557487487793	develop	-3.000875949859619	b'if you continue a coast who will miss to you and seem he will attend and then come his language , and not climb what he is telling about why he sends gifts at accurate services and ***mask*** they insist what you put , why they will not pay for you , make to this wording ... he is the expansion for you .'
skipping is/are
False	0	enjoys	-5.0095109939575195	enjoy	-2.2061607837677	b'the eligible jihad i fell extremely from them in the first camera ***mask*** because my digital cake who agreed with them was causing out on his overwhelming .'
False	0	enjoys	-1.9399408102035522	enjoy	-1.6588265895843506	b'the strongest growth you can censor in aldo ***mask*** to recommend to a clothing .'
False	0	realise	-7.770267009735107	realises	-6.811617851257324	b'i decide we willingly prefer the hamster and ***mask*** to mcdonald .'
True	0	provides	0.4113502502441406	provide	-1.953175663948059	b'again argue your budgets to revise this afterward to their tools , and willingly environmentally , so that the scam to commit her ***mask*** abroad .'
True	0	grows	7.1046342849731445	grow	5.113621711730957	b'this dove of vision submits around the pyramid s creation and drinks and ***mask*** a monkey for the flood eventually on the network of the mayor in preacher of role daughters .'
True	0	create	4.924923896789551	creates	0.9571254253387451	b'please specify me receive if you collaborate any lights or ***mask*** anything indefinite .'
True	0	relate	6.921074390411377	relates	1.8348722457885742	b'if you reflect any papers or ***mask*** any info approximately accordingly , please hesitate balochistan corp at four or fei sadat at billion .'
True	0	insists	-3.066019296646118	insist	-4.725535869598389	b'the strongest cake you can spell in archibald ***mask*** to raid to a wording .'
True	0	tosses	1.0871703624725342	toss	-2.7342514991760254	b'watch for a gallery of links in their midst that becomes from the hospitality and ***mask*** nowadays to the nightmare fo the server .'
False	2	allow	-1.7339873313903809	allows	-1.0871139764785767	b'the ancient dumb debtors that nowadays would receive from transition ***mask*** poverty , paradise , justice , gym , weak millet and familiar files of movies and currents -- fashioned as the bart radar .'
False	0	carries	-1.3827450275421143	carry	-1.1232657432556152	b'an outward assassination imprisoned in trillion ***mask*** there agree seven " cm " in the august operations , but urban posters are maybe safer than this .'
True	0	refuses	0.9250690937042236	refuse	0.8234972953796387	b'the first disgrace you serve why you oppose on chase objects that the ticket campaign respectfully happens out the lens and ***mask*** into the conflict wasp .'
False	0	spills	0.4851439297199249	spill	4.5659403800964355	b'the first thing you notice when you arrive on location is that the waiting line literally goes out the door and ***mask*** into the parking lot .'
True	0	responds	0.9664365649223328	respond	-1.1310440301895142	b'actually enjoy your cheques to remember this especially to their vests , and frankly onboard , so that the medicine to compel her ***mask*** indoors .'
False	0	includes	2.156547784805298	include	3.3214683532714844	b'the first tape you require why you anticipate on date ***mask*** that the profile supplier mostly creates out the discomfort and reflects into the fist husband .'
True	0	need	15.165472984313965	needs	8.775581359863281	b'let me know if you have any questions or ***mask*** anything else .'
True	0	creates	3.5884206295013428	create	-0.28537362813949585	b'the first spine you serve why you anticipate on northeast enjoys that the discount judgment locally contains out the lamp and ***mask*** into the sentiment client .'
True	0	assumes	3.3157246112823486	assume	0.8834114670753479	b'unfortunately , the unexpected expertise signed for interest ***mask*** whether our epc ( the urban opportunity and thereby the influence they collaborate to warn ) is or enjoys not an eligible boyfriend under the discovery .'
True	0	includes	-0.03875994682312012	include	-0.12198203802108765	b"the coup to destroy in habitation ***mask*** that dwarf important provinces and republicans and rude hard people are tired to come badly virtually ready to the ayatollah in art than al - cass organisations , and it would be courteous to reduce one 's introductions off the delighted longevity ."
True	0	assume	1.2777820825576782	assumes	-2.379782199859619	b'they importantly include if you throw discount in your tire , ( for reptiles like me ) , they sell an edit of the beginner and ***mask*** neurological expectations to bless .'
skipping is/are
True	1	receive	5.96492338180542	receives	3.0126430988311768	b"whie i do n't marry to the golf that the crews we refer or deny to ***mask*** no artwork on our volume ( which i come is virtually severe ) , it does pick me whenever transfers seem out a memorable tool of birds to retaliate the clay on ."
False	0	serves	2.0601789951324463	serve	2.2377612590789795	b'if you tend a news who will put to you and greet he will assess and then recruit his gravy , and not recruit what he is stepping about why he remembers hijackers at investigative minutes and ***mask*** they affirm what you condemn , whenever they will not spawn for you , groom to this pup ... he is the audience for you .'
True	0	recommend	4.074624061584473	recommends	-1.2804255485534668	b'if you receive any words or ***mask*** any appearance accidentally actively , please prepare germany brooklyn at trillion or colorado beth at three .'
True	0	decide	2.8147928714752197	decides	-1.9987282752990723	b"mechanics who meet these updates ***mask*** at the item everywhere ; and it 's subtle to decide they are aged and timely to begin no if they throw there would recover a status ."
True	0	happens	-0.06659986823797226	happen	-3.304107904434204	b'this merger of feedback brings around the grain s shuttle and moderates and ***mask*** a diarrhea for the threat exponentially on the currency of the diversion in woman of pipe graphics .'
False	0	suggests	3.0306286811828613	suggest	4.346405029296875	b'if you seem a panel who will demonstrate to you and hire he will immigrate and then verify his magnitude , and not determine what he is helping about whenever he believes marketers at educated bands and ***mask*** they affirm what you die , whenever they will not spawn for you , notify to this foreigner ... he is the unwillingness for you .'
False	1	operates	-3.3995885848999023	operate	-2.329678773880005	b'the historical voting movements wash there ***mask*** breathe to the passport .'
True	0	belongs	2.3843259811401367	belong	-2.4107959270477295	b'this flipping of news depends around the racism s county and colleagues and ***mask*** a coast for the culture unfortunately on the satisfaction of the difference in paperwork of merger postings .'
True	0	enjoys	-1.5605038404464722	enjoy	-1.804299235343933	b'the hardest blog you can begin in edwin ***mask*** to pursue to a tank .'
True	0	grows	5.678245544433594	grow	3.4630770683288574	b'as you collaborate above the machine , the tsunami of the cruel lamb receives your cave and ***mask*** you remember darker and darker .'
True	0	operates	-1.2065733671188354	operate	-3.1469130516052246	b'the arrogant math i grabbed actually from them in the first streak ***mask*** because my polygamous balcony who expected with them was reviewing out on his arrogant .'
True	0	develops	3.4730660915374756	develop	1.204253911972046	b'this platform of queen serves around the couch s colony and grandchildren and ***mask*** a failure for the detective already on the pact of the gown in palace of sovereignty quotes .'
True	0	continue	8.04660415649414	continues	6.677379131317139	b'i become this endless supporter and ***mask*** to compel this nervous allocation .'
True	0	enjoys	0.17095635831356049	enjoy	-0.9283166527748108	b'the annoying corporate degree i have registered ***mask*** that in the luncheon of osama eighteen teacher of the mold is apparently traced in the turkey the moon before the vet , this stuff communicated after the substantial magazine .'
True	0	decides	-0.338568776845932	decide	-1.253989338874817	b'a santa scenario advised in drew four ***mask*** , " due to its server astride the forum switzerland , arabia has possibly been a clothing to the manager .'
False	0	melt	0.2340230792760849	melts	1.165302038192749	b'go me dine if you listen any trios or ***mask*** anything electronic .'
True	1	allows	4.602685451507568	allow	3.79403018951416	b'the incorrect fatal golf that he walks ***mask*** that he rhythmically wants his fears and clearly wakes necessary with his humble wildlife .'
True	0	wants	-3.0586230754852295	want	-4.8351640701293945	b'a road parent operated in miami fifty ***mask*** , " due to its suicide astride the county nashville , edwards has generally been a clay to the consciousness .'
True	1	intends	3.8268327713012695	intend	-0.7793896794319153	b'the occasional forthcoming surgery that he keeps ***mask*** that he somehow drops his capabilities and directly reads necessary with his spectacular perfection .'
False	0	expects	-2.8276679515838623	expect	0.4211408197879791	b'the first clue you want why you assume on cooperation ***mask*** that the store proposal frequently brings out the decor and reflects into the penny flank .'
True	0	creates	0.5563857555389404	create	0.09751558303833008	b'it plays the team for situation egg and ***mask*** , \xe2\x80\x9c we are financed that the petersen should not evacuate with possible - reviewer historians who seek to deliver and lace halfway and effectively in the provisions , remarks , and daughters of beneficial duration . \xe2\x80\x9d'
True	0	represent	0.6130125522613525	represents	-0.29847726225852966	b'rules extremely : warren thousand through ashcroft thirty ( arising you see on the life we spend and ***mask*** warmly to recommendation the loading after we sell )'
True	0	require	5.181690216064453	requires	2.4184255599975586	b'follow me prepare if you continue any squadrons or ***mask*** anything international .'
False	0	relates	-1.1954740285873413	relate	-0.8565146923065186	b'as you seek above the navy , the detail of the friendly section provides your forgiveness and ***mask*** you circulate clearer and lighter .'
False	0	expects	-2.4445149898529053	expect	-0.8447401523590088	b'my buildup with acting the scholarship forth ***mask*** , could it be arrested that thus everyone drove the hoax would or could exist at any weekend , since we particularly built california and saudis and if they headed they might have completed a familiar destruction ??'
True	0	generates	-3.5185601711273193	generate	-4.628294944763184	b'an aerial ego advised in three ***mask*** there assume four " cases " in the england ages , but unbelievable traders are firmly warmer than this .'
True	0	manages	-0.09559831023216248	manage	-1.7461882829666138	b'as you collaborate above the target , the reliability of the severe publication melts your merchant and ***mask*** you require safer and clearer .'
True	0	intend	2.086361885070801	intends	0.4177335500717163	b'they easily expect if you meet surface in your tonnage , ( for sites like me ) , they throw an artillery of the predator and ***mask*** downstream extinctions to meet .'
True	0	begins	5.37964391708374	begin	1.4531173706054688	b'can you affect that the laptop we are preparing ***mask*** toward a distinguishing and certain cafeteria ?'
False	1	extend	-0.7826998829841614	extends	0.1711876392364502	b'the additional peoples we sell in our coordination ***mask*** ; we condemn paperwork council for easter , surface tip and throat - butt for kabul .'
False	0	adds	2.4068596363067627	add	2.432324171066284	b'my threat with expecting the reaction directly ***mask*** , could it be eliminated that totally everyone led the tap would or could avoid at any period , since we highly loved virginia and states and if they testified they might have documented a global sentence ??'
False	0	responds	-6.060943126678467	respond	-5.654684066772461	b'well , unless immediately rarely the third luncheon he followed in the kitten ***mask*** out .'
False	0	hears	3.006702184677124	hear	3.8790643215179443	b'it depends the trader for discomfort announcement and ***mask*** , \xe2\x80\x9c we are deployed that the heard should not adopt with conventional - conversation colleges who pose to collect and develop directly and onwards in the residents , directions , and habits of homemade curve . \xe2\x80\x9d'
True	1	indicate	5.868879795074463	indicates	4.327423572540283	b'the absurd chores we meet in our radar ***mask*** ; we lose region plate for easter , stream fantasy and ceiling - clan for leach .'
True	1	have	19.667680740356445	has	13.396093368530273	b"whie i do n't subscribe to the notion that the things we watch or listen to ***mask*** no effect on our behavior ( which i think is patently rediculous ) , it does bother me when people single out a specific group of people to pin the blame on ."
False	0	demonstrates	-6.354470252990723	demonstrate	-6.3324689865112305	b'well , unless almost halfway the third confidante he signed in the criticism ***mask*** out .'
True	0	reflect	2.3091728687286377	reflects	-1.9860438108444214	b'if you believe any grandchildren or ***mask*** any exam afterward occasionally , please see louisiana murphy at sixteen or sue berlin at seven .'
True	0	makes	1.9278093576431274	make	0.041370291262865067	b'it relates the majority for belief aircraft and ***mask*** , \xe2\x80\x9c we are purchased that the regulatory should not overcome with strong - pump differences who continue to pick and revise forth and onwards in the sanctions , countries , and losses of weird perfection . \xe2\x80\x9d'
True	0	create	4.588368892669678	creates	1.8386715650558472	b'please delete me wrap if you believe any favorites or ***mask*** anything unprecedented .'
skipping is/are
True	0	want	15.622669219970703	wants	10.008150100708008	b'i dislike this urban society and ***mask*** to leave this whole enviroment .'
True	0	deliver	5.640539169311523	delivers	2.334397315979004	b'prices incomplete : lake nine through industry seven ( acquiring you receive on the photograph we pose and ***mask*** directly to lodging the horse after we pose )'
True	0	generates	9.62581729888916	generate	7.426758289337158	b'this clerk of luck represents around the snow s swing and controllers and ***mask*** a revenue for the nightmare accidentally on the receipt of the club in tribe of decision seconds .'
True	0	allows	0.283256471157074	allow	-0.046207502484321594	b'my dentist with arriving the hatred solely ***mask*** , could it be arrested that regularly everyone heard the hole would or could arrive at any jaw , since we firmly needed bbc and pigs and if they remembered they might have purchased a critical software ??'
True	1	explain	0.5646237730979919	explains	-0.33742648363113403	b'i want the chores on which i should develop your website ***mask*** : ( a ) do you translate a willing mother about the context to tall laptop kids built by austin amy ?'
True	0	write	6.973831653594971	writes	4.086235523223877	b'please make me remain if you pay any devices or ***mask*** anything independent .'
True	0	intends	5.764151096343994	intend	4.156250476837158	b'the sole liberty i murdered this vision ***mask*** to exploit anyone comparing this if they condemn of some retaliation i can prefer marry a star to this today today .'
True	0	seek	0.5530970692634583	seeks	-0.23118853569030762	b'you assume the picketing and ***mask*** tube signature into the welfare .'
False	0	understands	1.475095272064209	understand	1.9977420568466187	b'the first manager you die whenever you indicate on recovery ***mask*** that the cork disintegration never drops out the curse and tells into the gem failure .'
True	0	admits	0.5022097826004028	admit	-1.7887392044067383	b'the cheapest hunt you can join in atta ***mask*** to tend to a stadium .'
False	0	chooses	0.16506315767765045	choose	0.2211373895406723	b'can you oppose that the logo we are bringing ***mask*** toward a respective and boring recovery ?'
False	0	reflects	-0.6730201840400696	reflect	0.9131383895874023	b'see for a petroleum of reviewers in their junk that submits from the date and ***mask*** really to the police fo the looting .'
True	0	reflect	1.1197339296340942	reflects	-0.6108587384223938	b'come me create if you tell any records or ***mask*** anything ugly .'
True	1	explain	-3.0621509552001953	explains	-6.386071681976318	b'irish tables that personally would customize ***mask*** spaces , satellite , financial behalf and some temples of curtains .'
True	0	produces	1.0185288190841675	produce	0.41336384415626526	b'the first provision you suck why you agree on bunch includes that the disgrace cancer frankly brings out the chili and ***mask*** into the trader scale .'
False	1	intend	-3.818856716156006	intends	-1.9164499044418335	b'i begin the waters on which i should continue your toy ***mask*** : ( a ) do you disrupt a same sect about the lot to fortunate description capsules served by ivan arabic ?'
True	0	chooses	3.473426580429077	choose	-0.019712936133146286	b'can you exist that the border we are seeking ***mask*** toward a valid and various gun ?'
True	0	admits	3.4841952323913574	admit	2.3493263721466064	b"the surplus to bother in version ***mask*** that huge excellent lions and travels and shocked judicial compliments are lethal to hire badly certainly tired to the andaman in abdel than al - blue attorneys , and it would be virtual to develop one 's others off the barren convention ."
True	0	goes	13.998955726623535	go	11.329621315002441	b'look for a lot of stripes in their head that starts from the beak and ***mask*** back to the back fo the bird .'
False	2	appear	-2.6805312633514404	appears	-1.8563982248306274	b'the effeminate sensitive years that never would recreate from backup ***mask*** painter , satellite , cheese , vet , typical surface and democratic connections of temperatures and resolutions -- rural as the leo kidney .'
True	0	decides	4.92533016204834	decide	0.44943705201148987	b'can you expire that the ground we are happening ***mask*** toward a partial and soothing custody ?'
True	0	manage	-0.42620885372161865	manages	-3.7497072219848633	b'you indicate the lettuce and ***mask*** nomination piece into the planet .'
True	0	appears	5.589029312133789	appear	1.9435195922851562	b'the strongest grave you can warn in alexandria ***mask*** to reopen to a channel .'
True	0	operates	0.38035064935684204	operate	-0.1865265965461731	b'the absolute payable lighting i have contributed ***mask*** that in the suggestion of iaea eighteen landlord of the creativity is increasingly traced in the lieutenant the password before the telephone , this swing deleted after the diplomatic condominium .'
True	0	represents	0.4956197738647461	represent	-1.9070433378219604	b'an agreeable insight executed in fifty ***mask*** there add billion " weapons " in the abdul israelis , but underage commanders are slowly healthier than this .'
True	0	allows	0.9107637405395508	allow	0.09319590032100677	b'the intense diversion i passed ago from them in the first mistake ***mask*** because my historical position who appeared with them was receiving out on his awful .'
True	0	serves	5.898336410522461	serve	0.055249523371458054	b'this character of brass sends around the growth s spa and choices and ***mask*** a shit for the reality indoors on the decor of the bug in contrast of soul fights .'
True	0	tosses	2.814736843109131	toss	-2.391235589981079	b'if you laugh a worship who will migrate to you and marry he will execute and then remove his mankind , and not migrate what he is growing about why he continues balls at impressionist trips and ***mask*** they expect what you seek , why they will not circulate for you , prepare to this patronage ... he is the office for you .'
True	0	deserve	4.53113317489624	deserves	1.695598840713501	b'put me decide if you condemn any days or ***mask*** anything exceptional .'
True	0	sucks	-2.096200704574585	suck	-3.7632193565368652	b'an amusing invitation arrived in five ***mask*** there oppose four " thousands " in the afghanistan appropriations , but invasive rats are still cheaper than this .'
True	0	grows	18.290586471557617	grow	17.14124298095703	b'also encourage your recipients to forward this along to their contacts , and so on , so that the movement to help her ***mask*** exponentially .'
True	1	operate	-0.7536057233810425	operates	-0.9555439949035645	b'i refer the facts on which i should raid your farce ***mask*** : ( a ) do you serve a joint congregation about the grill to gentle floor habits meant by edt electoral ?'
False	0	delivers	-2.019052028656006	deliver	-1.843316674232483	b'otherwise include your meals to prefer this incredibly to their photos , and however approximately , so that the stranger to destroy her ***mask*** efficiently .'
True	1	include	6.166765213012695	includes	4.426993370056152	b'i listen the packages on which i should provide your chapel ***mask*** : ( a ) do you wash a vital hole about the perfume to fundamental locker stages kept by arabia atomic ?'
True	0	operates	0.9168463945388794	operate	-1.395737886428833	b'the independent constant democracy i have reduced ***mask*** that in the palace of autumn eight kid of the violence is afterward checked in the pub the furnace before the coordination , this notion printed after the competitive fashion .'
False	0	adds	-2.258659601211548	add	-1.8162264823913574	b'the unprecedented cash to choose for global ***mask*** to defend fifty , or your moment tent car reptile , and accept .'
True	0	understands	4.467999458312988	understand	3.288494825363159	b'especially , the impressionist acupuncture designated for embarrassment ***mask*** whether our account ( the ecological application and thus the opportunity they spend to postpone ) is or affects not an essential kindness under the ranch .'
False	0	agrees	-1.7880703210830688	agree	-0.0439920499920845	b'because of the coordination that his tribal deck with nov ukraine had spent him , he continued hundreds humble as : " you can respond a conflict and a movement , eighteen tuna you ca n\'t define ***mask*** whenever you \'re meaningful also " and demonstrated collages to the " laurie levitt " partner promoting that " quickly he visited shiite proponents to pour slightly tolerable as a warning " .'
True	0	generate	1.0940741300582886	generates	-2.7015254497528076	b'birds suffer the example but ***mask*** her frightening cake and the landing progresses .'
True	0	deserves	-0.5847588777542114	deserve	-2.269378423690796	b'it thinks the resolution for pain instructor and ***mask*** , \xe2\x80\x9c we are perceived that the janet should not implement with reasonable - carrier reservations who spend to make and spawn personally and abruptly in the rabbits , salads , and partnerships of fashioned database . \xe2\x80\x9d'
True	0	believes	0.6779837608337402	believe	-1.193791389465332	b'can you interfere that the boulevard we are bleeding ***mask*** toward a municipal and marvelous pursuit ?'
skipping is/are
True	1	employ	2.060793876647949	employs	-0.9861332178115845	b'the empty ft we prefer in our religion ***mask*** ; we become trend responsibility for easter , police conclusion and target - landlord for finland .'
False	0	adds	-1.1420502662658691	add	-0.8463972806930542	b'the annoyed custody to retaliate for technical ***mask*** to monitor two , or your priest foreigner rejection flank , and introduce .'
True	0	includes	6.30222225189209	include	5.979792594909668	b'the advanced crucial container i have chosen ***mask*** that in the discretion of ei eighteen station of the rain is onshore banned in the blower the substance before the feeder , this compensation felt after the retarded doctor .'
True	0	makes	2.7049336433410645	make	0.04083632305264473	b'it wakes the king for ball alarm and ***mask*** , \xe2\x80\x9c we are signed that the mohammed should not impose with messy - prayer minds who become to preserve and recruit widely and unanimously in the restrictions , civilians , and standards of compatible spreadsheet . \xe2\x80\x9d'
True	1	suck	1.2858551740646362	sucks	-3.056778907775879	b"whie i do n't register to the leash that the partnerships we learn or provide to ***mask*** no acceptance on our guest ( which i laugh is historically spiritual ) , it does reflect me whenever difficulties represent out a considerable transition of bodies to produce the sales on ."
True	0	spends	-0.1582195907831192	spend	-0.21485388278961182	b'extremely adjust your centres to listen this aggressively to their budgets , and completely officially , so that the propaganda to remove her ***mask*** underneath .'
False	0	affirms	2.34249210357666	affirm	2.34249210357666	b'the happy discharge i seized this vision ***mask*** to assist anyone dispersing this if they tend of some transaction i can retrieve perform a buildup to this plan chess .'
True	0	toss	3.82543683052063	tosses	1.7494159936904907	b'come me throw if you pay any moors or ***mask*** anything unlimited .'
True	0	carry	3.501572608947754	carries	-1.2189505100250244	b'i continue this illegal bombing and ***mask*** to hang this popular exam .'
False	0	understands	-1.6568621397018433	understand	1.4932130575180054	b'my registration with achieving the prosecution pursuant ***mask*** , could it be agreed that politely everyone flew the branch would or could impress at any tabs , since we primarily flowed ham and computers and if they blended they might have cooked a healthy mouth ??'
True	0	come	2.287954568862915	comes	-0.6556955575942993	b'if you develop any fans or ***mask*** any invoice apart automatically , please see troy carnegie at two or singer wood at seven .'
True	0	provide	4.084194183349609	provides	0.5534475445747375	b'go me listen if you pose any firms or ***mask*** anything ethnic .'
False	1	explain	-5.461186408996582	explains	-4.344357013702393	b'irish spurs that predominantly would reflect ***mask*** ships , penny , lynch beach and some deaths of rebels .'
True	0	meet	4.583438396453857	meets	0.03325216472148895	b'beware me digest if you throw any couples or ***mask*** anything edible .'
skipping is/are
True	1	expects	3.4912116527557373	expect	2.1603877544403076	b'the economic functional murderer that he writes ***mask*** that he particularly goes his cabins and surely cares fabulous with his difficult gem .'
True	1	remain	5.990596294403076	remains	1.9337809085845947	b"whie i do n't communicate to the pilot that the speakers we choose or suggest to ***mask*** no inquiry on our worker ( which i require is wholly scientific ) , it does remind me whenever requests seek out a temporary bench of helicopters to prescribe the deadline on ."
True	0	ensure	1.378515362739563	ensures	-2.2723352909088135	b'they extremely add if you make route in your wager , ( for gains like me ) , they begin an attraction of the sheet and ***mask*** naked appropriations to wander .'
False	0	understands	-0.8118413090705872	understand	2.358896017074585	b'the unacceptable privileged photography i have filled ***mask*** that in the kidney of agra eighteen complaint of the voting is individually described in the career the journey before the tug , this therapy paid after the tripartite harness .'
False	0	sees	2.1734795570373535	see	2.367790460586548	b'actually adjust your hens to meet this obviously to their references , and still abroad , so that the difficulty to deserve her ***mask*** approximately .'
False	1	extend	-2.174582004547119	extends	-1.3824224472045898	b'i refuse the volumes on which i should cancel your country ***mask*** : ( a ) do you donate a frustrating satisfaction about the context to soft surface drugs noticed by ontario aires ?'
True	0	ensures	6.441214561462402	ensure	5.686408042907715	b'the first facility you carry whenever you oppose on sympathy ***mask*** that the pocket garage super receives out the paw and lasts into the grave flooding .'
True	0	assumes	4.699809551239014	assume	3.3247644901275635	b'the awful busy breeder i have passed ***mask*** that in the rabbit of iceland eighteen spa of the campaigning is otherwise kept in the proportion the flipping before the hotel , this carbon turned after the big web .'
False	0	recommends	-1.191372275352478	recommend	-0.7767618298530579	b'as you suffer above the provision , the plenty of the superior migrant goes your drama and ***mask*** you contain newer and clearer .'
True	0	has	13.374099731445312	have	8.197087287902832	b'this type of harness goes around the dog s chest and legs and ***mask*** a clip for the leash up on the back of the dog in middle of shoulder blades .'
True	0	visit	6.359121322631836	visits	2.637420892715454	b'dignitaries condemn the act but ***mask*** her bereaved family and the money flows .'
True	1	enjoy	-2.629735231399536	enjoys	-3.3031210899353027	b'the academic grandparents we proceed in our channel ***mask*** ; we pose market none for easter , flipping reputation and scam - tonight for chechnya .'
True	2	include	12.474366188049316	includes	9.779038429260254	b'the important commercial species that probably would benefit from warming ***mask*** cod , haddock , saithe , herring , blue whiting and several types of flatfish and crustaceans -- such as the norway lobster .'
True	0	hears	2.0332186222076416	hear	-1.456388235092163	b'even adjust your prices to begin this indeed to their dividends , and carefully aggressively , so that the route to dine her ***mask*** incorrectly .'
False	0	fails	-0.8548500537872314	fail	-0.5291140079498291	b'a reserve forum anticipated in lanka fifty ***mask*** , " due to its vet astride the warner carnival , assembly has fairly been a whim to the client .'
True	0	enjoys	-2.8801608085632324	enjoy	-3.115156888961792	b'the automatic traveler i threw eventually from them in the first consumption ***mask*** because my fortunate crime who appreciated with them was looking out on his ambitious .'
True	0	comes	6.372190952301025	come	5.1937947273254395	b'can you interfere that the spring we are joking ***mask*** toward a same and reasonable medicine ?'
True	0	ensure	4.0624871253967285	ensures	0.4055827856063843	b'they exponentially indicate if you carry bull in your panic , ( for lions like me ) , they laugh an extent of the field and ***mask*** similar affairs to bless .'
True	0	continue	8.529718399047852	continues	2.4442920684814453	b'i hear we possibly pick the milk and ***mask*** to lebanon .'
False	0	tends	-0.762486457824707	tend	1.1934142112731934	b'i remain the salsa you preceded to me ***mask*** to the belgium pew at europe ( ran in nicobar ) .'
True	0	operates	0.45508015155792236	operate	-0.33015692234039307	b'the unaware site to click for mobile ***mask*** to withdraw six , or your cousin magazine warranty snack , and owe .'
True	0	includes	3.69116473197937	include	3.0575344562530518	b'my dad with establishing the protein surely ***mask*** , could it be approved that publicly everyone lacked the tug would or could exceed at any permission , since we roughly drafted philip and tamils and if they felt they might have needed a meticulous directive ??'
True	1	develop	2.496377468109131	develops	-2.019960641860962	b'but unacceptable demons do compel the route they propose he will grow , and the agreements who provide him ***mask*** to obtain the appropriations who exist him .'
False	0	produces	-3.0504322052001953	produce	-0.7088623046875	b'i consider the dominance you replied to me ***mask*** to the kennedy coogan at april ( tried in kim ) .'
True	1	reflect	1.7185808420181274	reflects	-3.15921950340271	b'but attentive hosts do harass the fan they manage he will recreate , and the implications who wash him ***mask*** to emit the establishments who expect him .'
True	1	agrees	4.145322799682617	agree	1.3637458086013794	b'the inappropriate romantic diversion that he submits ***mask*** that he honestly demonstrates his fundamentalists and gently follows necessary with his visible correction .'
True	0	beg	-1.5641934871673584	begs	-6.139932632446289	b'find me retake if you develop any publications or ***mask*** anything optimistic .'
True	0	relates	2.602745532989502	relate	-1.5326154232025146	b'the first pig you carry whenever you eat on possibility exists that the scrap photographer downhill lasts out the punishment and ***mask*** into the sensitivity shame .'
True	1	appear	-1.6508866548538208	appears	-2.587082624435425	b'antique spurs that greatly would testify ***mask*** contents , chairman , portugal profile and some liberties of cartoons .'
True	0	observes	7.069522380828857	observe	3.587843656539917	b"the rebel to hire in sensitivity ***mask*** that many afraid strategies and seas and respective retired birds are basic to pour badly partly brave to the ukraine in israel than al - berlin utensils , and it would be neat to fill one 's affairs off the gentle convenience ."
True	0	need	15.291582107543945	needs	9.267329216003418	b'please let me know if you have any questions or ***mask*** anything else .'
True	0	enter	3.4092066287994385	enters	-2.0408217906951904	b'they indefinitely operate if you hear master in your time , ( for hijackers like me ) , they lose an environment of the consistency and ***mask*** narrow earthworms to prepare .'
False	0	compares	0.4699380397796631	compare	0.48426783084869385	b'an external origin authorized in sixteen ***mask*** there assume seven " kilometres " in the ana arabs , but impeccable countries are possibly lighter than this .'
True	0	manage	3.8927831649780273	manages	-0.775160551071167	b'ladies initially : jeremy two through electoral three ( expanding you manage on the purpose we listen and ***mask*** rarely to thread the cat after we listen )'
False	0	explains	2.321671485900879	explain	3.5952324867248535	b'the recent wording i tried this jar ***mask*** to evacuate anyone telling this if they proceed of some stylist i can postpone seem a decor to this document report .'
True	0	includes	-0.8695377111434937	include	-1.7501164674758911	b'the asymmetrical wager i blew indeed from them in the first bench ***mask*** because my dumb friendship who ordered with them was suggesting out on his electrostatic .'
True	0	seeks	2.3051717281341553	seek	-0.6353172659873962	b'as you laugh above the compliance , the theater of the latter source develops your section and ***mask*** you reassure taller and clearer .'
True	0	begs	-2.3056726455688477	beg	-3.393014669418335	b'i seem the manner you called to me ***mask*** to the croatia grill at amsterdam ( said in teresa ) .'
True	0	refers	3.5160422325134277	refer	0.9409159421920776	b'can you approve that the rivalry we are joining ***mask*** toward a suspicious and privileged disaster ?'
True	1	intend	-2.256394624710083	intends	-2.346311569213867	b'i recognize the dollars on which i should revise your band ***mask*** : ( a ) do you communicate a valid predator about the lifeboat to constant mystery cats strengthened by antichrist autumn ?'
True	0	begins	2.612072229385376	begin	1.5605179071426392	b'come for a team of women in their guerilla that generates from the cabinet and ***mask*** mostly to the cave fo the propane .'
True	0	belong	-2.0087006092071533	belongs	-2.467617988586426	b'judges laugh the imprisonment but ***mask*** her monthly wire and the neighborhood relates .'
False	0	understands	1.4887983798980713	understand	3.255032539367676	b"the wing to concur in reduction ***mask*** that retired antique courses and rockies and preventive full deer are tragic to describe soon historically hospitable to the ontario in ontario than al - sharon alternatives , and it would be fashioned to collect one 's utilities off the senior feedback ."
True	0	remember	1.5644930601119995	remembers	-0.6305465698242188	b'you apply the toy and ***mask*** fighter hair into the blackmail .'
True	0	dies	2.748387336730957	die	-1.982234001159668	b'this conviction of homosexuality melts around the team s neighbor and militants and ***mask*** a director for the jerk importantly on the beard of the lunch in weapon of law thieves .'
True	1	includes	6.442071914672852	include	6.304936408996582	b'the unable forthcoming hospitality that he deserves ***mask*** that he strongly sees his prisoners and necessarily writes diplomatic with his northeastern wasp .'
True	0	require	5.760943412780762	requires	3.5585546493530273	b'learn me miss if you carry any whereabouts or ***mask*** anything unbelievable .'
True	0	delivers	2.1195220947265625	deliver	0.6516153812408447	b'can you enable that the contribution we are checking ***mask*** toward a generic and controversial cage ?'
True	0	hears	-0.5017939209938049	hear	-2.642747163772583	b'an unknown alert aggravated in nine ***mask*** there oppose three " genitals " in the andre ages , but unpopular standards are roughly happier than this .'
True	0	want	3.6232950687408447	wants	-4.374988555908203	b"terms who require these actions ***mask*** at the effort amazingly ; and it 's ridiculous to concur they are absolute and sunny to withdraw no if they deny there would fix a therapist ."
True	0	see	10.040597915649414	sees	3.6173574924468994	b'if you meet any records or ***mask*** any army incomplete always , please hang rahman hell at three or palestine niagara at six .'
True	0	refer	0.636712908744812	refers	0.17378011345863342	b'prices prefer the opinion but ***mask*** her primary tract and the clothing begins .'
False	0	observes	-3.779634475708008	observe	-3.1287240982055664	b'my yoga with answering the throat technically ***mask*** , could it be understood that properly everyone belonged the parent would or could establish at any swing , since we correctly warned courtney and californians and if they killed they might have saved a cruel violence ??'
skipping is/are
True	1	explain	-2.0882387161254883	explains	-3.4327447414398193	b'asian traditions that hopefully would wrap ***mask*** trees , reconciliation , saddam waitress and some reservations of measures .'
False	0	throws	-4.422857284545898	throw	-0.06673669070005417	b'i remain the kid you tested to me ***mask*** to the colin coalition at okinawa ( guaranteed in loretta ) .'
False	0	adds	-5.006612300872803	add	-3.20576548576355	b'the electronic convenience i chose apparently from them in the first station ***mask*** because my functional connection who indicated with them was telling out on his undecided .'
False	0	provide	1.311017632484436	provides	1.9805476665496826	b'i spend this acceptable wagon and ***mask*** to prepare this regional energy .'
True	0	recommend	1.451963186264038	recommends	0.6100436449050903	b'i serve we somewhat sell the fan and ***mask*** to kline .'
False	0	indicates	0.8850072622299194	indicate	1.4309338331222534	b'because of the virus that his solar photography with delivery oglethorpe had happened him , he missed producers yellow as : " you can communicate a spore and a bravery , eight menu you ca n\'t prepare ***mask*** why you \'re limp unfortunately " and stayed currents to the " taiwan canal " jail containing that " repeatedly he phoned perfect foreigners to collect warmly militant as a philosophy " .'
True	0	remains	1.7693263292312622	remain	0.5804621577262878	b'i proceed the towing you threw to me ***mask*** to the don rice at ayatollah ( folded in milan ) .'
True	0	indicates	8.735923767089844	indicate	5.4619832038879395	b'the unexpected radical notification i have proposed ***mask*** that in the collateral of orr eighteen locker of the majority is immediately protected in the pasture the merger before the skill , this shame tasted after the biochemical device .'
True	0	relate	-0.09313987195491791	relates	-5.085484504699707	b"programs who seem these adults ***mask*** at the ideology entirely ; and it 's defensive to put they are unconnected and dead to grab no if they die there would commit a phenomenon ."
True	0	loses	1.519808292388916	lose	1.4131842851638794	b'i decide the notch you began to me ***mask*** to the tiffany mcdonald at atlanta ( maintained in superfund ) .'
False	0	decides	0.3998834788799286	decide	1.0857757329940796	b'if you die a source who will represent to you and reflect he will expand and then migrate his determination , and not regret what he is hoping about whenever he depends reasons at eastern temperatures and ***mask*** they indicate what you throw , why they will not defend for you , come to this tension ... he is the affair for you .'
True	0	delivers	-1.6999537944793701	deliver	-4.444761753082275	b'well , unless inevitably thus the third lease he deleted in the chapter ***mask*** out .'
True	0	generate	9.145121574401855	generates	4.347956657409668	b'if you manage any dilemmas or ***mask*** any energy occasionally overly , please continue kaufman jan at seven or lake rolling at fifteen .'
True	0	points	11.447153091430664	point	6.723700523376465	b'can you accept that the road we are travelling ***mask*** toward a grim and painful future ?'
False	1	adds	-1.1603977680206299	add	-0.12967891991138458	b'the joint lot cases recommend there ***mask*** raid to the craft .'
True	0	includes	4.764352798461914	include	4.492190361022949	b'the hysterical democracy i started this counsel ***mask*** to identify anyone seeking this if they provide of some preparation i can prove strengthen a recovery to this brass period .'
skipping is/are
True	0	demonstrate	2.044487237930298	demonstrates	1.4734604358673096	b'commissioners decide the advertising but ***mask*** her delicate driver and the surplus supports .'
True	0	refuse	2.747614860534668	refuses	1.9577299356460571	b'wolves see the exclusion but ***mask*** her geographical space and the death receives .'
True	1	assume	1.610466480255127	assumes	-1.253771185874939	b'the electoral parties we tolerate in our label ***mask*** ; we manage percentage tutorial for easter , climate chili and warning - rein for christianity .'
True	0	write	4.667050838470459	writes	1.955000400543213	b'wait me grow if you learn any targets or ***mask*** anything unconnected .'
True	0	lose	3.2092185020446777	loses	-1.482082486152649	b'i come we rapidly begin the tin and ***mask*** to southwest .'
True	0	require	16.519062042236328	requires	10.898567199707031	b'if you have any questions or ***mask*** any assistance at all , please contact hope duncan at 202.739.0134 or jeff mangold at 703.729.2710 .'
False	0	observes	-5.72936487197876	observe	-4.168139934539795	b'the aware coast i requested onboard from them in the first center ***mask*** because my glad midst who enjoyed with them was seeking out on his unfortunate .'
True	0	carry	4.7978668212890625	carries	2.5915279388427734	b'please put me communicate if you lose any headlines or ***mask*** anything unacceptable .'
True	0	believe	3.386164903640747	believes	-1.62647545337677	b"prices who pale these astronauts ***mask*** at the enjoyment anymore ; and it 's hectic to commit they are environmental and bored to foresee no if they begin there would deliver a vegetable ."
True	2	expect	-2.726234197616577	expects	-3.2376184463500977	b'the extraordinary false provinces that secretly would cancel from scrap ***mask*** protein , bunch , lifeboat , lease , visible sensitivity and terrible bottles of relatives and sales -- sensitive as the capricorn background .'
True	1	apply	-2.2539379596710205	applies	-5.08876371383667	b'additional leaders that thereafter would translate ***mask*** things , property , jared combo and some lions of guidelines .'
False	0	ensures	-2.9980454444885254	ensure	-1.56155526638031	b'the interested popularity to reconsider for lax ***mask*** to retrieve six , or your professor difference criticism competition , and adjust .'
True	0	carry	6.049592971801758	carries	1.1330435276031494	b'you exist the chairman and ***mask*** disease fan into the sovereignty .'
True	1	intend	-1.9572474956512451	intends	-3.871166944503784	b'additional parties that frankly would conclude ***mask*** donations , custody , japan ticket and some provisions of toes .'
True	0	makes	15.754974365234375	make	11.39242172241211	b'as you sit above the world , the warmth of the golden sun penetrates your body and ***mask*** you feel warmer and warmer .'
True	0	seek	4.039608478546143	seeks	3.2311594486236572	b'you operate the campaign and ***mask*** counsel grandson into the facility .'
True	0	loses	2.60782790184021	lose	-1.3263039588928223	b'it refuses the council for man expectation and ***mask*** , \xe2\x80\x9c we are filmed that the lake should not enable with massive - character companies who provide to commit and revise regardless and indoors in the responsibilities , bottles , and chicks of satisfied creation . \xe2\x80\x9d'
True	0	learns	-1.3390034437179565	learn	-2.334378957748413	b'an underage atrophy equipped in billion ***mask*** there intend seven " complexes " in the eurasia indians , but infinite tires are nowadays cheaper than this .'
True	0	observe	2.091542959213257	observes	-4.9332780838012695	b'they obviously anticipate if you make boy in your facility , ( for bottles like me ) , they realize an ownership of the participant and ***mask*** certified agencies to prove .'
False	0	belong	-3.553957223892212	belongs	-1.3225469589233398	b'rules listen the artwork but ***mask*** her promotional perception and the queen produces .'
True	1	intends	1.2325519323349	intend	-0.7144706845283508	b'the unsure strategic story that he tells ***mask*** that he virtually contains his bucks and currently continues necessary with his dire pleasure .'
True	0	suggest	0.29424941539764404	suggests	-4.510773658752441	b'reports eventually : limerick fifteen through ismail nine ( emerging you listen on the coat we decide and ***mask*** sufficiently to feedback the setback after we hear )'
True	0	spend	3.89510178565979	spends	1.7421913146972656	b'cats provide the ownership but ***mask*** her huge manufacturer and the pup cares .'
True	0	requires	7.616708278656006	require	4.443873405456543	b'this wire of capability reflects around the commodity s trend and bombers and ***mask*** a memo for the sect eventually on the receiver of the diversion in payment of photo duties .'
False	0	allows	-0.21626867353916168	allow	-0.19950732588768005	b'my landing with increasing the crab traditionally ***mask*** , could it be understood that shortly everyone replaced the proportion would or could achieve at any mile , since we relatively felt messenger and fridays and if they planned they might have diagnosed a spiritual mode ??'
False	0	insists	-0.3229653835296631	insist	0.8270246386528015	b'the homemade counsel i listened this beard ***mask*** to execute anyone filling this if they throw of some letter i can vomit propose a heart to this patience cage .'
True	0	begin	4.767353057861328	begins	0.7106735110282898	b'i continue we pursuant meet the cave and ***mask*** to lucy .'
True	0	applies	-1.1103529930114746	apply	-2.101337432861328	b'the immediate strong parent i have lived ***mask*** that in the cafe of alito eighteen teeth of the health is abundantly monitored in the warlord the consumer before the medal , this showroom grabbed after the cute reconciliation .'
skipping is/are
skipping is/are
False	0	understands	-2.68353533744812	understand	0.2798461318016052	b'the first fence you laugh why you admit on coup ***mask*** that the trial life really happens out the kitchen and hates into the floor beard .'
True	0	intends	2.0768635272979736	intend	-0.6837236285209656	b'usually , the insecure invoice taken for infantry ***mask*** whether our index ( the incredible invention and somehow the arrangement they see to protect ) is or objects not an identical whim under the healthcare .'
True	0	happens	5.704846382141113	happen	2.740773916244507	b'turn for a musician of stories in their concert that belongs from the locker and ***mask*** successfully to the punishment fo the jury .'
True	0	pay	4.700969219207764	pays	-0.4745483696460724	b'ladies exactly : columbia six through abramoff five ( attempting you propose on the tea we decide and ***mask*** politely to speaker the wolf after we propose )'
True	0	go	16.058032989501953	goes	9.9800443649292	b'days away : sept. 21 through oct. 3 ( assuming you work on the day we leave and ***mask*** back to work the day after we return )'
True	0	understands	4.510828018188477	understand	3.5946271419525146	b'the uncut sweet waiter i have placed ***mask*** that in the lottery of amsterdam eight trip of the language is afterward taken in the scrutiny the child before the grid , this sea published after the tall salsa .'
True	0	continue	-0.11862754076719284	continues	-3.533811330795288	b'click me wear if you suck any shelves or ***mask*** anything aortic .'
False	0	adds	-1.88289213180542	add	-1.3742979764938354	b'the smallest studio you can carry in omar ***mask*** to burn to a suggestion .'
False	0	sees	-0.3461284041404724	see	2.1175951957702637	b'it seems the tourist for quo identity and ***mask*** , \xe2\x80\x9c we are projected that the terry should not oppose with legislative - payout sanctions who remember to remain and communicate shortly and automatically in the tensions , temples , and messages of necessary cousin . \xe2\x80\x9d'
True	0	learns	5.413656711578369	learn	1.9723420143127441	b'bring for a heaven of weapons in their virus that reads from the master and ***mask*** smoothly to the task fo the marketing .'
True	0	throws	4.780121326446533	throw	1.4589247703552246	b'as you seem above the ton , the perfume of the critical protein provides your pattern and ***mask*** you reassure newer and taller .'
True	1	spend	6.339189052581787	spends	0.328593909740448	b"whie i do n't solve to the commission that the stars we choose or receive to ***mask*** no aircraft on our death ( which i want is promptly generic ) , it does generate me whenever projects carry out a relaxed spa of crimes to see the pork on ."
True	0	receive	-0.23394006490707397	receives	-3.8220667839050293	b'i propose this astounding rail and ***mask*** to pursue this naive office .'
True	0	exists	4.391846179962158	exist	1.94903564453125	b'the first proportion you collaborate whenever you exist on darkness ***mask*** that the junk tractor respectively pays out the hybrid and suggests into the permission tax .'
True	0	allows	4.1729512214660645	allow	2.752373218536377	b'my haven with acting the character merely ***mask*** , could it be accepted that cheaply everyone grabbed the labor would or could assist at any picketing , since we regularly listened beijing and metals and if they remembered they might have titled a honest direction ??'
True	0	intends	-0.29426702857017517	intend	-2.3757028579711914	b'ever , the immediate absorption created for arthritis ***mask*** whether our ets ( the unknown exposure and dramatically the energy they describe to maintain ) is or understands not an angry reality under the corps .'
False	0	understands	-0.874843418598175	understand	-0.5910796523094177	b'the rare reversal i called this sauce ***mask*** to attend anyone doing this if they make of some puppy i can breathe forget a bag to this thanks money .'
True	0	deserves	2.1931495666503906	deserve	0.3786848783493042	b'i deny the brain you developed to me ***mask*** to the janice sancho at ips ( protected in mills ) .'
False	0	explains	-0.8698274493217468	explain	0.5537291765213013	b'because of the musician that his timely comparison with ray ei had protected him , he contacted rewards solid as : " you can regret a pewter and a master , eighteen capacity you ca n\'t foresee ***mask*** whenever you \'re crucial indefinitely " and said snakes to the " prophet scotland " tension watching that " basically he belonged dear policies to wrap neatly preventive as a room " .'
True	0	suffers	3.2159557342529297	suffer	0.065959632396698	b'the first dioxide you deny why you admit on tip enjoys that the tourism staff hereby crashes out the company and ***mask*** into the heating friendship .'
False	0	meets	0.11407981812953949	meet	0.8506081700325012	b'well , unless indeed quietly the third position he phoned in the marketing ***mask*** out .'
True	0	create	8.528103828430176	creates	3.4011242389678955	b'save me discuss if you tend any conclusions or ***mask*** anything amusing .'
True	0	realise	0.12283848226070404	realises	-5.037518501281738	b"stars who recognize these attempts ***mask*** at the id incorrectly ; and it 's grand to harass they are educated and naive to reassure no if they come there would spell a direction ."
True	0	put	2.9298059940338135	puts	-0.24611684679985046	b'you add the water and ***mask*** water conditioner into the water .'
True	0	states	15.112698554992676	state	9.9175443649292	b'it presents the case for marriage equality and ***mask*** , \xe2\x80\x9c we are resolved that the state should not interfere with same - gender couples who choose to marry and share fully and equally in the rights , responsibilities , and commitments of civil marriage . \xe2\x80\x9d'
True	0	adds	4.86058235168457	add	2.478609085083008	b"the wolf to continue in time ***mask*** that critical afghan kinds and pakistanis and dissatisfied kurdish gentlemen are romantic to harass badly faithfully tall to the andrew in ashcroft than al - lonely appointees , and it would be gullible to prove one 's ecosystems off the final sea ."
True	0	respond	0.5386829972267151	responds	0.32294297218322754	b'i refer we perfectly provide the pub and ***mask*** to cst .'
True	0	suggests	15.800687789916992	suggest	10.872549057006836	b'an official estimate issued in 2003 ***mask*** there are 50,000 " foreigners " in the andaman islands , but unofficial figures are much higher than this .'
