True	1	exists	1.8369828462600708	exist	-1.0339195728302002	b'the organised massive skin that he depends ***mask*** that he thus sends his rights and nowadays tells lazy with his northeastern merchant .'
True	0	ensures	-4.463881015777588	ensure	-4.706610202789307	b'because of the paperwork that his terrible father with dental alan had shared him , he saved wonders continental as : " you can retake a programming and a problem , eighteen song you ca n\'t gather ***mask*** whenever you \'re humble abroad " and discussed nostrils to the " future korea " dish removing that " primarily he said pakistani hands to reassure thus vital as a receipt " .'
True	0	admits	4.019810676574707	admit	2.570814371109009	b'the first settlement you suggest whenever you extend on rumor ***mask*** that the premium media slowly melts out the culture and dies into the belly fever .'
True	0	spill	1.4615628719329834	spills	-0.9686739444732666	b'if you choose any holdings or ***mask*** any electricity ethnically already , please tell sarah gm at six or crawford kevin at nine .'
True	0	decide	4.687773704528809	decides	1.3068666458129883	b'please groom me translate if you prefer any forums or ***mask*** anything obvious .'
True	0	approves	0.6092637777328491	approve	-2.4386465549468994	b"the sauce to recruit in pastor ***mask*** that full european complexes and communists and strange jewish species are conventional to hang soon thereby violent to the amsterdam in isi than al - taiwan animals , and it would be numerous to recover one 's alarms off the governmental radar ."
True	0	operates	-1.911729097366333	operate	-2.5226690769195557	b'the first loan you respond why you indicate on frequency ***mask*** that the time remainder finally belongs out the speech and pays into the zoo technology .'
True	1	insist	-1.0873900651931763	insists	-2.3200368881225586	b'the ecological wines we believe in our night ***mask*** ; we come drawer today for easter , rivalry difficulty and weapon - machine for louisiana .'
True	0	deserve	1.0882681608200073	deserves	-1.4078049659729004	b'please make me verify if you require any dancers or ***mask*** anything underage .'
True	0	tend	4.698668479919434	tends	0.6365655660629272	b'i consider this adequate reputation and ***mask*** to relate this dangerous event .'
True	0	use	13.977091789245605	uses	9.04773998260498	b'they always ask if you have meat in your dish , ( for vegetarians like me ) , they scrub an area of the grill and ***mask*** separate utensils to cook .'
True	0	adds	3.4401934146881104	add	2.4930081367492676	b'the first reduction you believe why you intend on decor ***mask*** that the commission soil specifically becomes out the virus and leads into the spirit market .'
True	0	adds	-2.336390733718872	add	-3.100609302520752	b'the effective communication to thank for romantic ***mask*** to pursue three , or your boy tumor software behavior , and encourage .'
True	1	remain	5.74099063873291	remains	2.025557041168213	b'but unbelievable malls do describe the quiz they prefer he will replace , and the artists who remain him ***mask*** to investigate the appointments who extend him .'
False	2	explain	-1.9253771305084229	explains	-1.8104853630065918	b'the overcrowded strategic tourists that strictly would meet from meditation ***mask*** misunderstanding , bladder , poisoning , jerk , pure target and lovely rebels of marketers and cleaners -- previous as the doug snack .'
True	0	suggest	7.582730293273926	suggests	2.8198933601379395	b'if you condemn any disasters or ***mask*** any error economically afterward , please specify butcher samuel at fifteen or tet nov at six .'
True	0	tend	5.985745429992676	tends	0.48926928639411926	b'i seem we promptly suck the disaster and ***mask*** to jafar .'
True	0	represent	3.0199928283691406	represents	-0.07385677099227905	b'follow me predict if you put any publications or ***mask*** anything impenetrable .'
True	1	exist	-0.615159273147583	exists	-0.9172562956809998	b'the electrostatic fisheries we develop in our monkey ***mask*** ; we listen perspective wall for easter , planet testimony and supervisor - budget for wii .'
True	1	employ	-0.3931337594985962	employs	-1.9387460947036743	b'i develop the liberals on which i should lace your gender ***mask*** : ( a ) do you pour a painful requirement about the cafeteria to delighted swap shops begun by andaman andre ?'
True	0	enters	-0.02864336222410202	enter	-2.0543692111968994	b'my career with using the fantasy frequently ***mask*** , could it be eaten that perfectly everyone bought the swap would or could eat at any justice , since we happily prevented veterinary and wars and if they gave they might have grown a scientific blackmail ??'
True	0	represent	-2.583786964416504	represents	-7.494870185852051	b'i deny this expensive customer and ***mask*** to remember this costly atrophy .'
False	0	understands	4.0392560958862305	understand	5.287165641784668	b'instead , the effective extent killed for editor ***mask*** whether our usb ( the unaware obligation and nearly the exclusion they pose to compel ) is or involves not an obvious curve under the purse .'
True	0	tells	-0.16678358614444733	tell	-3.509223699569702	b'the first goodness you laugh whenever you agree on testimony appears that the discovery king presently cares out the filter and ***mask*** into the salsa competition .'
True	2	enjoy	0.8883106112480164	enjoys	-1.9290961027145386	b'the overwhelming short properties that primarily would dial from lottery ***mask*** termination , divorce , term , wagon , militant salt and downstream martyrs of methods and wounds -- soothing as the karl separation .'
True	0	dies	3.964444637298584	die	-0.8684820532798767	b'as you sell above the rape , the temper of the complicated stone feels your nature and ***mask*** you grow lighter and newer .'
True	0	makes	1.3672213554382324	make	-0.5603000521659851	b'put for a button of centuries in their reviewer that pays from the defence and ***mask*** historically to the bluff fo the reaction .'
True	1	carry	3.447704792022705	carries	-0.2696039080619812	b'but automatic millions do cancel the tutorial they dislike he will wash , and the explosives who provide him ***mask*** to argue the edges who insist him .'
False	0	expect	2.8608429431915283	expects	4.3672943115234375	b'they especially include if you die reaction in your separation , ( for transfers like me ) , they believe an investment of the teacher and ***mask*** barren officials to receive .'
True	1	assumes	10.206863403320312	assume	5.893942832946777	b'the insecure weird shelter that he suggests ***mask*** that he possibly depends his participants and vigorously blames relevant with his funny process .'
True	1	approves	1.9235999584197998	approve	-2.6478850841522217	b'the enjoyable huge wing that he melts ***mask*** that he generally loves his hearings and properly relates conscious with his similar difficulty .'
True	1	begin	0.1747094690799713	begins	-6.797695159912109	b"whie i do n't consider to the discussion that the cabins we wash or meet to ***mask*** no user on our corps ( which i deserve is wholly conservative ) , it does mention me why ranchers die out a prior homeland of things to hear the vulnerability on ."
True	1	include	13.878979682922363	includes	8.144619941711426	b'important species that probably would decline ***mask*** shrimp , capelin , greenland halibut and some varieties of flatfish .'
True	0	represents	-2.4850945472717285	represent	-5.177151679992676	b'well , unless abruptly harshly the third siege he paid in the mosque ***mask*** out .'
True	0	tend	1.006661057472229	tends	-3.4466538429260254	b'if you laugh any flowers or ***mask*** any omnibus incredibly entirely , please breathe fred gerald at twenty or coogan medici at thirty .'
True	0	look	21.318981170654297	looks	14.799891471862793	b"workers who do these introductions ***mask*** at the interaction objectively ; and it 's good to see they are able and willing to say no if they feel there would be a problem ."
True	2	agree	-1.234815001487732	agrees	-3.236478328704834	b'the usual noble peoples that freely would reduce from role ***mask*** dispute , tin , portion , studio , mass bravery and cultural ladies of years and forums -- fundamentalist as the francis pillow .'
True	0	belongs	13.883543014526367	belong	8.998162269592285	b'i believe the message you forwarded to me ***mask*** to the mark taylor at ei ( based in london ) .'
True	1	allows	0.04870845377445221	allow	-0.44582992792129517	b'the potable mistake properties believe there ***mask*** flee to the surgery .'
True	1	define	0.04257476329803467	defines	-4.636255264282227	b'but insecure symptoms do rush the humanity they suck he will serve , and the extremists who lose him ***mask*** to amend the ants who include him .'
True	1	ensure	1.406388521194458	ensures	0.935539186000824	b'the ordinary wars we require in our tuna ***mask*** ; we suggest traveler dryer for easter , climate channel and propane - millet for stark .'
skipping is/are
True	1	want	10.837645530700684	wants	4.470324516296387	b'but inner declarations do customize the leaf they seem he will harass , and the immigrants who lose him ***mask*** to eat the injuries who enjoy him .'
True	0	deserves	-1.537142276763916	deserve	-2.932551860809326	b'a bill cult accepted in scott three ***mask*** , " due to its ticket astride the christmas cambodia , iss has now been a trauma to the suicide .'
False	2	affirm	-2.095189094543457	affirms	-2.095189094543457	b'the affluent strong wishes that desperately would sell from movie ***mask*** feedback , territory , size , lifestyle , crazy highway and heavy rounds of laws and politics -- fatal as the youngstown belief .'
False	1	admits	-1.2830277681350708	admit	0.06655924022197723	b'the capable treatment contractors recommend there ***mask*** ruin to the coordinator .'
True	0	go	14.601675987243652	goes	6.154603958129883	b'i say we just keep the dough and ***mask*** to mexico .'
True	1	begin	10.86056137084961	begins	6.073318004608154	b'but incorrect cm do come the flower they refuse he will believe , and the effects who respond him ***mask*** to emit the opportunities who operate him .'
True	0	throws	-1.1257514953613281	throw	-1.4803370237350464	b'otherwise ensure your peoples to burn this aggressively to their homes , and deeply unfortunately , so that the globe to deny her ***mask*** appropriately .'
True	0	serve	3.7182061672210693	serves	-1.8432939052581787	b'i refuse this adequate clinic and ***mask*** to vary this superb income .'
True	0	meets	3.529264450073242	meet	-0.11437730491161346	b'it believes the bird for server exchange and ***mask*** , \xe2\x80\x9c we are reimbursed that the whipple should not examine with grand - product ships who meet to reduce and cancel personally and altogether in the slaves , nails , and curtains of personal compliance . \xe2\x80\x9d'
True	0	develops	1.1644482612609863	develop	-1.4623663425445557	b'well , unless initially legally the third guitar he considered in the source ***mask*** out .'
False	0	enters	-2.393462896347046	enter	-1.4960486888885498	b'the critical testimony i planned this chocolate ***mask*** to add anyone failing this if they represent of some comfort i can monitor suggest a curtain to this today cage .'
False	0	deserves	0.6395077705383301	deserve	1.8481076955795288	b'if you propose a country who will propose to you and see he will absorb and then convince his meditation , and not tell what he is sending about why he supports conclusions at extensive sandwiches and ***mask*** they arrive what you pick , why they will not hire for you , transmit to this rivalry ... he is the affection for you .'
True	1	indicate	0.8336051106452942	indicates	0.4899202883243561	b'the influential drugs we continue in our swing ***mask*** ; we pick delivery harmony for easter , virus phrase and settlement - coal for yellowstone .'
False	1	extends	-1.4495710134506226	extend	-0.03996364027261734	b'the lovely tournament cows deny there ***mask*** circulate to the thread .'
True	0	observes	-4.374139308929443	observe	-4.480887413024902	b'the youngest loan you can seem in ivan ***mask*** to develop to a drying .'
True	0	allows	2.5387818813323975	allow	-0.6837422251701355	b'almost , the embarrassing earthquake requested for oil ***mask*** whether our aa ( the absurd image and precisely the acupuncture they decide to recruit ) is or involves not an innovative tube under the fare .'
False	0	compares	-3.391361951828003	compare	-0.6143589615821838	b'the first television you require whenever you exist on guest explains that the city minister solely writes out the duty and ***mask*** into the month knee .'
True	0	grows	8.470321655273438	grow	3.276021957397461	b'the first dinner you pay whenever you allow on pig involves that the compliance field financially sees out the language and ***mask*** into the consensus ton .'
False	0	operates	-5.337004661560059	operate	-5.00435733795166	b'because of the phone that his potable flower with naval amelia had meant him , he reported properties pleasant as : " you can print a language and a tabs , eighteen stream you ca n\'t raise ***mask*** why you \'re beautiful utterly " and threw restrictions to the " kerry warren " cup ranging that " totally he handled judicial tensions to reflect reportedly dangerous as a terror " .'
False	2	include	1.0101549625396729	includes	1.8350383043289185	b'the arrogant difficult weekends that successfully would maintain from star ***mask*** soul , season , plot , path , narrow corner and nuclear minds of scientists and surgeons -- faithful as the starbucks crate .'
False	0	refuses	-3.360400438308716	refuse	-0.08970009535551071	b'well , unless indoors strongly the third paper he passed in the campus ***mask*** out .'
True	0	extends	-1.3570083379745483	extend	-3.486849069595337	b"the tide to compete in participant ***mask*** that dwarf armed sports and professors and tricky syrian worries are distinguished to migrate soon seldom joint to the agra in ireland than al - laura allegations , and it would be neat to foresee one 's options off the tolerable disappointment ."
False	1	enjoys	-3.943727731704712	enjoy	-0.8971761465072632	b'the maximum dirt pairs become there ***mask*** translate to the theatre .'
True	0	generate	-1.7886461019515991	generates	-4.807215213775635	b"stars who put these animals ***mask*** at the ad immensely ; and it 's soothing to raise they are executive and handy to wrap no if they learn there would hesitate a steam ."
False	0	assumes	0.25025027990341187	assume	1.8273369073867798	b"the daughter to generate in housing ***mask*** that dwarf european guns and travels and bound final transactions are vital to convince soon however nuclear to the emma in ahmed than al - chevron openings , and it would be generous to carry one 's atrocities off the manned console ."
True	0	make	5.235385894775391	makes	5.215625762939453	b'mechanics pose the investment but ***mask*** her glaring predator and the moon demonstrates .'
True	0	learns	3.6350927352905273	learn	2.9396629333496094	b'it leads the nephew for forum upgrade and ***mask*** , \xe2\x80\x9c we are contacted that the denton should not invite with foreign - security performers who provide to listen and bother still and altogether in the starters , stars , and casualties of knowledgeable slice . \xe2\x80\x9d'
True	0	hear	7.289715766906738	hears	0.9391951560974121	b'please destroy me grab if you pay any seconds or ***mask*** anything aggressive .'
False	1	affirms	0.39441439509391785	affirm	0.39441439509391785	b'the healthy trip masks realize there ***mask*** lose to the freighter .'
True	0	spends	-0.9411048889160156	spend	-1.616302251815796	b'about expect your wheels to burn this incredibly to their managers , and separately apart , so that the crate to harass her ***mask*** approximately .'
True	0	exists	-0.9455276727676392	exist	-1.8046226501464844	b'because of the tank that his secondary pewter with nyc abby had checked him , he testified hosts blind as : " you can communicate a nausea and a plate , eight pasture you ca n\'t spend ***mask*** why you \'re certain exceptionally " and saved missions to the " sam ds " misfortune circling that " slowly he slept nepalese nails to define shortly vain as a dryer " .'
True	0	relate	3.4896106719970703	relates	0.7409065961837769	b'you affirm the distinction and ***mask*** platform trauma into the letter .'
True	0	dies	5.507505893707275	die	3.2891407012939453	b'well , unless overwhelmingly precisely the third territory he seized in the commission ***mask*** out .'
True	0	exists	2.2176520824432373	exist	0.4175780713558197	b'the healthy personality i provided this rock ***mask*** to add anyone leading this if they believe of some teacher i can prove bless a visitor to this shuttle deal .'
True	0	come	6.460166931152344	comes	4.0899763107299805	b'i deserve this arrogant shine and ***mask*** to throw this rude id .'
True	0	represents	5.2483625411987305	represent	2.630136013031006	b'can you interfere that the scholarship we are joking ***mask*** toward a tired and messy drama ?'
True	0	demonstrate	1.700400948524475	demonstrates	-0.09690803289413452	b'you indicate the dryer and ***mask*** nightlife context into the meantime .'
True	1	appear	-0.7258519530296326	appears	-2.756227731704712	b'average prisoners that potentially would solve ***mask*** ft , creativity , washington partnership and some periods of customers .'
False	0	generates	-5.120265007019043	generate	-4.910286903381348	b'a jen window allowed in cole twenty ***mask*** , " due to its breath astride the gerald finland , abdul has freely been a flower to the suicide .'
False	0	begins	-0.2868049144744873	begin	2.2828195095062256	b'if you prefer a star who will remove to you and sail he will adjust and then raise his fire , and not vary what he is jumping about whenever he gives neighbors at authentic babies and ***mask*** they extend what you put , whenever they will not join for you , transmit to this path ... he is the article for you .'
False	0	employs	-6.913383960723877	employ	-1.2982255220413208	b'the unfortunate tabs i carried adequately from them in the first direction ***mask*** because my national vulnerability who answered with them was joking out on his accurate .'
False	0	delivers	-3.224839448928833	deliver	-0.8984942436218262	b'if you suck a woman who will bother to you and predict he will eat and then bless his tariff , and not squeeze what he is growing about why he relates creatures at identical lyrics and ***mask*** they apply what you consider , why they will not sail for you , tell to this prostitute ... he is the advancement for you .'
False	0	refuse	2.438539743423462	refuses	2.8264946937561035	b'copies throw the aircraft but ***mask*** her complicated drying and the path belongs .'
False	0	ensures	-3.953812599182129	ensure	-0.81598299741745	b'because of the spreadsheet that his hostile tomorrow with janet alaska had tended him , he waited cm necessary as : " you can foresee a hour and a thermometer , eighteen requirement you ca n\'t come ***mask*** why you \'re visual effectively " and belonged courses to the " baudelaire brazil " team preventing that " potentially he refused few policies to settle just western as a foster " .'
True	0	admits	-1.4070323705673218	admit	-3.179715871810913	b'absolutely , the outer assault guaranteed for episode ***mask*** whether our er ( the impeccable amendment and perfectly the officer they decide to meet ) is or affects not an ethnic joke under the steel .'
True	1	expect	-2.572488307952881	expects	-5.0454888343811035	b'excellent minerals that frequently would pursue ***mask*** strategies , sky , kenneth season and some patients of beliefs .'
False	0	says	14.593918800354004	say	15.028926849365234	b'if you want a doctor who will lie to you and say he will operate and then change his mind , and not know what he is talking about when he recommends procedures at other hospitals and ***mask*** they are what you need , when they will not work for you , go to this doctor ... he is the one for you .'
False	0	enters	-4.571825981140137	enter	-0.5140518546104431	b'because of the traveler that his conservative lunch with tx england had dominated him , he began times massive as : " you can reflect a soup and a propane , eighteen shrapnel you ca n\'t verify ***mask*** why you \'re toxic increasingly " and testified beliefs to the " lewis texas " waist pulling that " largely he booked rude plants to concur rapidly sensitive as a growth " .'
True	0	loses	3.042346715927124	lose	1.5674793720245361	b'get for a grandson of supporters in their lens that wakes from the deadline and ***mask*** whatsoever to the store fo the conviction .'
True	0	respond	2.697179079055786	responds	-2.2920567989349365	b"terms who meet these allegations ***mask*** at the alliance apparently ; and it 's grand to reconsider they are ominous and tropical to tighten no if they deserve there would relate a glass ."
True	0	sucks	1.3402609825134277	suck	0.2957209050655365	b'well , unless equally probably the third rape he caused in the stuff ***mask*** out .'
True	0	receive	4.595333576202393	receives	2.405604839324951	b'please submit me censor if you consider any reviewers or ***mask*** anything obsessed .'
True	0	suggests	3.6291697025299072	suggest	2.4053585529327393	b'an essential information employed in fifty ***mask*** there agree three " practices " in the eye indians , but unnamed cartoons are shortly newer than this .'
True	1	suggest	1.8997724056243896	suggests	-2.9462037086486816	b"whie i do n't compete to the popularity that the losses we make or realize to ***mask*** no accident on our seed ( which i sell is financially covert ) , it does raise me why sanctions prefer out a dramatic humanity of ports to rush the junk on ."
True	0	tends	-1.5114175081253052	tend	-1.8546411991119385	b'a nixon width estimated in sunday billion ***mask*** , " due to its discretion astride the philip larry , oglethorpe has slowly been a resolution to the cpi .'
True	0	operates	0.34447795152664185	operate	-1.3088514804840088	b'additionally , the urban interceptor cleaned for aunt ***mask*** whether our advice ( the electrostatic oil and fully the instability they provide to participate ) is or objects not an odd honesty under the responsibility .'
skipping is/are
False	0	includes	1.639675259590149	include	1.786292552947998	b'the richest fee you can dial in agra ***mask*** to migrate to a selection .'
True	0	hear	0.36587193608283997	hears	-2.407970666885376	b'i pay this overwhelming sensitivity and ***mask*** to become this tactical injustice .'
False	1	ensures	-4.247631549835205	ensure	-3.8634862899780273	b'the confidential success headlines consider there ***mask*** disappear to the wall .'
False	0	enjoys	-2.2960333824157715	enjoy	-2.06008243560791	b'the stressful landlord i hired this master ***mask*** to oppose anyone hoping this if they laugh of some cooperation i can fill satisfy a chairman to this support performance .'
True	0	happen	0.14424708485603333	happens	-0.37387150526046753	b'feel me vanish if you proceed any clergy or ***mask*** anything acrylic .'
True	0	happen	3.989042043685913	happens	1.1998317241668701	b'i put we completely learn the gang and ***mask*** to stephen .'
True	0	enjoy	6.008589744567871	enjoys	1.4656025171279907	b'they eventually operate if you want tea in your pact , ( for developments like me ) , they refuse an upheaval of the hobby and ***mask*** thorough appropriations to tend .'
False	0	learns	-2.017854690551758	learn	-0.5842276811599731	b'i tell the courtesy you spoke to me ***mask*** to the mart connecticut at earl ( suggested in san ) .'
skipping is/are
True	0	indicates	7.2676520347595215	indicate	4.822129726409912	b'otherwise , the inevitable explanation promised for exam ***mask*** whether our account ( the alchemical apartment and typically the incident they thank to warrant ) is or intends not an authentic lawyer under the title .'
True	0	refuses	0.22150728106498718	refuse	-3.7891271114349365	b'this lunch of photograph feels around the crew s blog and sheep and ***mask*** a diplomat for the cent again on the cake of the reintroduction in documentation of society politics .'
True	0	belongs	-2.216033458709717	belong	-3.2484781742095947	b'a taj possibility occurred in portland trillion ***mask*** , " due to its jihad astride the louisiana hamilton , australia has downhill been a conspiracy to the para .'
False	0	compares	-2.177518606185913	compare	-1.5591732263565063	b'an endless infrastructure increased in three ***mask*** there assume four " transfers " in the ali indians , but useless blocks are jointly safer than this .'
True	0	belong	-2.424050807952881	belongs	-4.660210132598877	b'you operate the centre and ***mask*** memo fire into the car .'
True	0	expects	-0.5289270281791687	expect	-0.9314595460891724	b"the crowd to discuss in snow ***mask*** that parisian antique disasters and professors and soothing medieval sons are huge to reassure soon possibly shocked to the antichrist in argentina than al - chief atrocities , and it would be digital to tell one 's analysts off the permanent directive ."
False	1	affirm	1.0417202711105347	affirms	1.0417202711105347	b'i see the sons on which i should receive your revolution ***mask*** : ( a ) do you rub a bland heart about the creativity to dead coffee photos presented by amsterdam andrew ?'
True	0	need	14.341578483581543	needs	8.693504333496094	b'let me know if you have any questions or ***mask*** anything else .'
True	0	come	7.849733352661133	comes	3.037144899368286	b"ladies who continue these experts ***mask*** at the ear indoors ; and it 's scary to recruit they are explosive and desperate to greet no if they suppose there would remind a service ."
True	0	intends	1.8059666156768799	intend	-0.3696698546409607	b'the immediate flank to survive for pure ***mask*** to monitor fifty , or your hospitality homeland boulevard schooling , and achieve .'
False	0	affirms	-0.3348703682422638	affirm	-0.3348703682422638	b'the richest goodness you can compensate in eric ***mask*** to come to a crab .'
True	1	intends	0.44398289918899536	intend	-1.1014552116394043	b'the large queen reviewers want there ***mask*** thank to the relation .'
skipping is/are
True	0	represent	3.7519588470458984	represents	-1.4487756490707397	b"terms who consider these analyses ***mask*** at the editor environmentally ; and it 's superb to click they are excellent and ready to maintain no if they believe there would maintain a date ."
True	0	recognize	3.7855467796325684	recognizes	0.11492958664894104	b'reports occasionally : fabio thousand through ontario five ( expecting you recognize on the litter we hear and ***mask*** respectfully to system the mile after we continue )'
False	0	ensures	-5.509340763092041	ensure	-5.081639289855957	b'the arrogant detective to compel for homeless ***mask*** to disappear four , or your cop pup carbon channel , and oppose .'
True	0	realise	1.2834795713424683	realises	-0.9738690853118896	b'you allow the distance and ***mask*** climber preference into the majority .'
False	0	assumes	-3.688979387283325	assume	-2.697032928466797	b'the understandable dryer to cook for devastating ***mask*** to reduce fifty , or your rotation father volume vegetable , and execute .'
True	0	develop	5.950733184814453	develops	2.0749597549438477	b'learn me promote if you continue any cabins or ***mask*** anything asymmetrical .'
True	0	spend	1.0038152933120728	spends	-2.7009782791137695	b'decisions indefinitely : williams five through edinburgh nine ( expanding you realize on the phase we die and ***mask*** previously to proportion the gambling after we die )'
True	1	come	6.983400344848633	comes	3.9292519092559814	b'but electoral girls do suggest the shine they proceed he will click , and the observers who decide him ***mask*** to implement the earthworms who arrive him .'
False	0	recommends	1.483159065246582	recommend	1.7483537197113037	b'as you carry above the perfume , the rumor of the latter pot stands your context and ***mask*** you generate taller and fewer .'
True	0	reacts	0.010425567626953125	react	-3.2306246757507324	b'a ny coat approved in del three ***mask*** , " due to its drawer astride the hamilton gmt , argentina has wonderfully been a response to the country .'
True	0	want	5.329807758331299	wants	1.7170113325119019	b'i put we presently see the bottle and ***mask*** to gm .'
True	0	understand	-0.44691362977027893	understands	-1.265917420387268	b'they aggressively intend if you provide division in your chance , ( for flats like me ) , they pay an intention of the supervisor and ***mask*** heavy animals to register .'
True	1	seem	13.84935188293457	seems	7.736713886260986	b'but other people do like the way they think he will vote , and the ones who favor him ***mask*** to outnumber the ones who oppose him .'
True	0	extends	-1.9400590658187866	extend	-2.838376522064209	b'the obsessed coding i built actually from them in the first chair ***mask*** because my distinguishing security who owned with them was returning out on his unknown .'
False	0	pays	-0.20449203252792358	pay	0.8545517921447754	b'put for a hangar of symptoms in their disaster that leads from the selection and ***mask*** quickly to the complaint fo the movie .'
True	0	begin	5.117387771606445	begins	2.09679913520813	b'stay me settle if you remain any rooms or ***mask*** anything impossible .'
True	0	consider	7.458253860473633	considers	3.2712860107421875	b'put me disrupt if you pay any fry or ***mask*** anything eager .'
True	1	create	6.1099629402160645	creates	-0.2922554016113281	b"whie i do n't postpone to the danger that the chores we deserve or die to ***mask*** no office on our context ( which i deserve is routinely sensitive ) , it does wear me whenever politics reflect out a successful photograph of fruits to die the shuttle on ."
False	0	makes	-0.926825761795044	make	0.9461954832077026	b'i put the knife you won to me ***mask*** to the barcelona carter at aid ( sought in la ) .'
True	0	learns	0.2946018576622009	learn	-0.7109800577163696	b'the first beer you die whenever you enjoy on freight affects that the blower surgeon routinely walks out the suspicion and ***mask*** into the roof disability .'
True	0	remembers	0.18081241846084595	remember	-0.268829882144928	b'instead adjust your citizens to promote this apparently to their blocks , and financially actually , so that the scale to make her ***mask*** automatically .'
False	0	appears	-1.7546242475509644	appear	-1.6274992227554321	b'because of the volume that his sunny paradise with dhaka angie had promised him , he became laptops mere as : " you can recommend a sickness and a scientist , eight forgiveness you ca n\'t commit ***mask*** whenever you \'re recent already " and raised postcards to the " vi jafar " paper hunting that " forth he felt medieval missiles to deliver previously slick as a supervisor " .'
True	0	goes	8.694993019104004	go	6.228699207305908	b'well , unless of course the third compressor he put in the car ***mask*** out .'
False	1	allow	0.9573683142662048	allows	0.9930274486541748	b'i realize the wars on which i should revise your hunt ***mask*** : ( a ) do you prescribe a catastrophic week about the racing to collective flank countries fallen by eurasia ireland ?'
True	0	deserve	3.6509146690368652	deserves	3.1867966651916504	b'please remember me pick if you seem any hearings or ***mask*** anything uncut .'
True	1	believe	1.6030735969543457	believes	-5.101635456085205	b"whie i do n't remain to the propaganda that the bombs we pick or come to ***mask*** no instability on our gentleman ( which i pale is highly municipal ) , it does preserve me whenever rules wash out a revolutionary justification of lions to clarify the bean on ."
True	0	writes	6.1285295486450195	write	1.1873077154159546	b'beware for a theme of snakes in their stylist that cares from the neighbor and ***mask*** strongly to the membership fo the torch .'
False	0	insists	-4.1279520988464355	insist	-2.510352849960327	b'the angry cancer to melt for surgical ***mask*** to hop three , or your vehicle gown pork handful , and achieve .'
skipping is/are
True	0	happens	-0.419944167137146	happen	-3.097337484359741	b'a dorsey dad arrayed in capricorn billion ***mask*** , " due to its trial astride the walker lanka , orleans has strictly been a bus to the type .'
True	0	remains	3.5334270000457764	remain	2.480895519256592	b'as you proceed above the bakery , the staff of the beloved streak seems your strife and ***mask*** you remain stronger and clearer .'
True	0	create	0.4042899012565613	creates	-3.616530418395996	b'sales usually : cass four through university thirty ( expanding you wash on the monkey we tolerate and ***mask*** quietly to grandson the conviction after we tolerate )'
True	0	refer	4.2576422691345215	refers	1.0700734853744507	b'forces indeed : rahman twenty through atta thousand ( obtaining you pay on the wasp we hear and ***mask*** willingly to conspiracy the rejection after we spend )'
True	1	suggest	5.044280052185059	suggests	-0.4460407495498657	b"whie i do n't forget to the government that the videos we believe or pay to ***mask*** no exploration on our butterfly ( which i tell is politically manned ) , it does digest me whenever genitals learn out a powerful button of burgers to want the notification on ."
True	0	define	4.572096347808838	defines	-1.9889397621154785	b'watch me choose if you make any surprises or ***mask*** anything advanced .'
True	2	observe	-2.926034450531006	observes	-3.908972978591919	b'the able tough marketers that seldom would describe from calf ***mask*** furnace , compliance , penalty , platform , consistent bakery and bankrupt newspapers of birds and holidays -- democratic as the grill wasp .'
False	0	pays	-2.055197238922119	pay	1.7565176486968994	b'if you see a lot who will vary to you and compete he will arrange and then carry his today , and not thank what he is preparing about whenever he holds leaders at efficient secretaries and ***mask*** they include what you choose , whenever they will not communicate for you , prepare to this landlord ... he is the information for you .'
True	1	enjoy	-2.24068546295166	enjoys	-2.951568126678467	b'additional grandchildren that thereby would reduce ***mask*** friends , birthday , hubbard dresser and some deaths of towels .'
True	1	believe	4.025891304016113	believes	3.6813127994537354	b'but eager launchers do digest the relationship they tell he will conclude , and the appropriations who put him ***mask*** to endanger the attorneys who apologize him .'
True	0	reports	11.665472030639648	report	6.9164323806762695	b'a milnet brief issued in february 2005 ***mask*** , " due to its position astride the persian gulf , iran has constantly been a threat to the gulf .'
False	0	develops	-4.2570343017578125	develop	-2.2711355686187744	b'if you continue a coast who will miss to you and seem he will attend and then come his language , and not climb what he is telling about why he sends gifts at accurate services and ***mask*** they insist what you put , why they will not pay for you , make to this wording ... he is the expansion for you .'
skipping is/are
False	0	enjoys	-2.6220834255218506	enjoy	-1.634042501449585	b'the eligible jihad i fell extremely from them in the first camera ***mask*** because my digital cake who agreed with them was causing out on his overwhelming .'
True	0	enjoys	-1.2588261365890503	enjoy	-2.1738038063049316	b'the strongest growth you can censor in aldo ***mask*** to recommend to a clothing .'
True	0	realise	-4.280675411224365	realises	-4.426826477050781	b'i decide we willingly prefer the hamster and ***mask*** to mcdonald .'
True	0	provides	-0.7426906228065491	provide	-2.8507192134857178	b'again argue your budgets to revise this afterward to their tools , and willingly environmentally , so that the scam to commit her ***mask*** abroad .'
True	0	grows	7.997437477111816	grow	2.7569022178649902	b'this dove of vision submits around the pyramid s creation and drinks and ***mask*** a monkey for the flood eventually on the network of the mayor in preacher of role daughters .'
True	0	create	4.477683067321777	creates	2.599292516708374	b'please specify me receive if you collaborate any lights or ***mask*** anything indefinite .'
True	0	relate	6.236212730407715	relates	3.1806304454803467	b'if you reflect any papers or ***mask*** any info approximately accordingly , please hesitate balochistan corp at four or fei sadat at billion .'
True	0	insists	-1.3756177425384521	insist	-2.509050130844116	b'the strongest cake you can spell in archibald ***mask*** to raid to a wording .'
True	0	tosses	-0.8639248609542847	toss	-1.1683549880981445	b'watch for a gallery of links in their midst that becomes from the hospitality and ***mask*** nowadays to the nightmare fo the server .'
False	2	allow	-0.4772070050239563	allows	-0.07621678709983826	b'the ancient dumb debtors that nowadays would receive from transition ***mask*** poverty , paradise , justice , gym , weak millet and familiar files of movies and currents -- fashioned as the bart radar .'
True	0	carries	-1.1764261722564697	carry	-1.3276766538619995	b'an outward assassination imprisoned in trillion ***mask*** there agree seven " cm " in the august operations , but urban posters are maybe safer than this .'
True	0	refuses	2.2391321659088135	refuse	-0.7732903957366943	b'the first disgrace you serve why you oppose on chase objects that the ticket campaign respectfully happens out the lens and ***mask*** into the conflict wasp .'
False	0	spills	0.9797549247741699	spill	4.089992046356201	b'the first thing you notice when you arrive on location is that the waiting line literally goes out the door and ***mask*** into the parking lot .'
True	0	responds	2.133732557296753	respond	0.9568864107131958	b'actually enjoy your cheques to remember this especially to their vests , and frankly onboard , so that the medicine to compel her ***mask*** indoors .'
True	0	includes	6.175586700439453	include	5.3878607749938965	b'the first tape you require why you anticipate on date ***mask*** that the profile supplier mostly creates out the discomfort and reflects into the fist husband .'
True	0	need	14.341578483581543	needs	8.693504333496094	b'let me know if you have any questions or ***mask*** anything else .'
True	0	creates	2.799086809158325	create	-0.19704270362854004	b'the first spine you serve why you anticipate on northeast enjoys that the discount judgment locally contains out the lamp and ***mask*** into the sentiment client .'
True	0	assumes	4.586908340454102	assume	1.708755373954773	b'unfortunately , the unexpected expertise signed for interest ***mask*** whether our epc ( the urban opportunity and thereby the influence they collaborate to warn ) is or enjoys not an eligible boyfriend under the discovery .'
True	0	includes	2.155035972595215	include	2.075732946395874	b"the coup to destroy in habitation ***mask*** that dwarf important provinces and republicans and rude hard people are tired to come badly virtually ready to the ayatollah in art than al - cass organisations , and it would be courteous to reduce one 's introductions off the delighted longevity ."
True	0	assume	1.7072991132736206	assumes	-1.0405381917953491	b'they importantly include if you throw discount in your tire , ( for reptiles like me ) , they sell an edit of the beginner and ***mask*** neurological expectations to bless .'
skipping is/are
True	1	receive	5.694721698760986	receives	2.097766399383545	b"whie i do n't marry to the golf that the crews we refer or deny to ***mask*** no artwork on our volume ( which i come is virtually severe ) , it does pick me whenever transfers seem out a memorable tool of birds to retaliate the clay on ."
False	0	serves	2.2908823490142822	serve	2.6180737018585205	b'if you tend a news who will put to you and greet he will assess and then recruit his gravy , and not recruit what he is stepping about why he remembers hijackers at investigative minutes and ***mask*** they affirm what you condemn , whenever they will not spawn for you , groom to this pup ... he is the audience for you .'
True	0	recommend	3.621272087097168	recommends	-1.0645333528518677	b'if you receive any words or ***mask*** any appearance accidentally actively , please prepare germany brooklyn at trillion or colorado beth at three .'
True	0	decide	2.430495023727417	decides	-0.28428834676742554	b"mechanics who meet these updates ***mask*** at the item everywhere ; and it 's subtle to decide they are aged and timely to begin no if they throw there would recover a status ."
True	0	happens	1.1302282810211182	happen	-0.79158616065979	b'this merger of feedback brings around the grain s shuttle and moderates and ***mask*** a diarrhea for the threat exponentially on the currency of the diversion in woman of pipe graphics .'
False	0	suggests	2.3611037731170654	suggest	3.8322277069091797	b'if you seem a panel who will demonstrate to you and hire he will immigrate and then verify his magnitude , and not determine what he is helping about whenever he believes marketers at educated bands and ***mask*** they affirm what you die , whenever they will not spawn for you , notify to this foreigner ... he is the unwillingness for you .'
False	1	operates	-2.224456548690796	operate	0.17967313528060913	b'the historical voting movements wash there ***mask*** breathe to the passport .'
True	0	belongs	2.1603450775146484	belong	-2.106074094772339	b'this flipping of news depends around the racism s county and colleagues and ***mask*** a coast for the culture unfortunately on the satisfaction of the difference in paperwork of merger postings .'
True	0	enjoys	-2.2115509510040283	enjoy	-2.373317003250122	b'the hardest blog you can begin in edwin ***mask*** to pursue to a tank .'
True	0	grows	4.1525044441223145	grow	1.4696464538574219	b'as you collaborate above the machine , the tsunami of the cruel lamb receives your cave and ***mask*** you remember darker and darker .'
True	0	operates	0.1974308043718338	operate	-1.681085228919983	b'the arrogant math i grabbed actually from them in the first streak ***mask*** because my polygamous balcony who expected with them was reviewing out on his arrogant .'
True	0	develops	2.3974852561950684	develop	0.6283583641052246	b'this platform of queen serves around the couch s colony and grandchildren and ***mask*** a failure for the detective already on the pact of the gown in palace of sovereignty quotes .'
True	0	continue	9.01219367980957	continues	5.239771366119385	b'i become this endless supporter and ***mask*** to compel this nervous allocation .'
True	0	enjoys	-0.017622798681259155	enjoy	-0.6850712895393372	b'the annoying corporate degree i have registered ***mask*** that in the luncheon of osama eighteen teacher of the mold is apparently traced in the turkey the moon before the vet , this stuff communicated after the substantial magazine .'
True	0	decides	3.435364246368408	decide	-1.4297494888305664	b'a santa scenario advised in drew four ***mask*** , " due to its server astride the forum switzerland , arabia has possibly been a clothing to the manager .'
True	0	melt	0.16328153014183044	melts	-0.37649837136268616	b'go me dine if you listen any trios or ***mask*** anything electronic .'
True	1	allows	4.650866985321045	allow	1.3216185569763184	b'the incorrect fatal golf that he walks ***mask*** that he rhythmically wants his fears and clearly wakes necessary with his humble wildlife .'
True	0	wants	-2.471168041229248	want	-3.5000710487365723	b'a road parent operated in miami fifty ***mask*** , " due to its suicide astride the county nashville , edwards has generally been a clay to the consciousness .'
True	1	intends	1.8409926891326904	intend	-2.2420783042907715	b'the occasional forthcoming surgery that he keeps ***mask*** that he somehow drops his capabilities and directly reads necessary with his spectacular perfection .'
False	0	expects	-0.6986344456672668	expect	2.6628801822662354	b'the first clue you want why you assume on cooperation ***mask*** that the store proposal frequently brings out the decor and reflects into the penny flank .'
True	0	creates	2.755781412124634	create	-0.7407553195953369	b'it plays the team for situation egg and ***mask*** , \xe2\x80\x9c we are financed that the petersen should not evacuate with possible - reviewer historians who seek to deliver and lace halfway and effectively in the provisions , remarks , and daughters of beneficial duration . \xe2\x80\x9d'
True	0	represent	0.8122307658195496	represents	-1.224597692489624	b'rules extremely : warren thousand through ashcroft thirty ( arising you see on the life we spend and ***mask*** warmly to recommendation the loading after we sell )'
True	0	require	6.084306240081787	requires	3.4495744705200195	b'follow me prepare if you continue any squadrons or ***mask*** anything international .'
True	0	relates	1.850119948387146	relate	-1.9686541557312012	b'as you seek above the navy , the detail of the friendly section provides your forgiveness and ***mask*** you circulate clearer and lighter .'
False	0	expects	-1.2729427814483643	expect	0.483020156621933	b'my buildup with acting the scholarship forth ***mask*** , could it be arrested that thus everyone drove the hoax would or could exist at any weekend , since we particularly built california and saudis and if they headed they might have completed a familiar destruction ??'
True	0	generates	-2.4423959255218506	generate	-2.5885846614837646	b'an aerial ego advised in three ***mask*** there assume four " cases " in the england ages , but unbelievable traders are firmly warmer than this .'
True	0	manages	1.6141153573989868	manage	-1.248889446258545	b'as you collaborate above the target , the reliability of the severe publication melts your merchant and ***mask*** you require safer and clearer .'
True	0	intend	1.4860657453536987	intends	0.8804821372032166	b'they easily expect if you meet surface in your tonnage , ( for sites like me ) , they throw an artillery of the predator and ***mask*** downstream extinctions to meet .'
True	0	begins	5.546103477478027	begin	1.5604159832000732	b'can you affect that the laptop we are preparing ***mask*** toward a distinguishing and certain cafeteria ?'
True	1	extend	1.602967381477356	extends	1.1317025423049927	b'the additional peoples we sell in our coordination ***mask*** ; we condemn paperwork council for easter , surface tip and throat - butt for kabul .'
False	0	adds	3.9242141246795654	add	4.214842319488525	b'my threat with expecting the reaction directly ***mask*** , could it be eliminated that totally everyone led the tap would or could avoid at any period , since we highly loved virginia and states and if they testified they might have documented a global sentence ??'
False	0	responds	-5.565548419952393	respond	-4.928103446960449	b'well , unless immediately rarely the third luncheon he followed in the kitten ***mask*** out .'
True	0	hears	2.8338987827301025	hear	1.5521292686462402	b'it depends the trader for discomfort announcement and ***mask*** , \xe2\x80\x9c we are deployed that the heard should not adopt with conventional - conversation colleges who pose to collect and develop directly and onwards in the residents , directions , and habits of homemade curve . \xe2\x80\x9d'
True	1	indicate	2.52255916595459	indicates	0.2306191325187683	b'the absurd chores we meet in our radar ***mask*** ; we lose region plate for easter , stream fantasy and ceiling - clan for leach .'
True	1	have	19.41884422302246	has	14.408387184143066	b"whie i do n't subscribe to the notion that the things we watch or listen to ***mask*** no effect on our behavior ( which i think is patently rediculous ) , it does bother me when people single out a specific group of people to pin the blame on ."
True	0	demonstrates	-5.27390193939209	demonstrate	-6.357840061187744	b'well , unless almost halfway the third confidante he signed in the criticism ***mask*** out .'
True	0	reflect	0.8013594150543213	reflects	-2.305891990661621	b'if you believe any grandchildren or ***mask*** any exam afterward occasionally , please see louisiana murphy at sixteen or sue berlin at seven .'
True	0	makes	3.4545633792877197	make	-0.6103113889694214	b'it relates the majority for belief aircraft and ***mask*** , \xe2\x80\x9c we are purchased that the regulatory should not overcome with strong - pump differences who continue to pick and revise forth and onwards in the sanctions , countries , and losses of weird perfection . \xe2\x80\x9d'
True	0	create	5.324892044067383	creates	2.718088150024414	b'please delete me wrap if you believe any favorites or ***mask*** anything unprecedented .'
skipping is/are
True	0	want	14.508485794067383	wants	7.316617012023926	b'i dislike this urban society and ***mask*** to leave this whole enviroment .'
True	0	deliver	6.814781665802002	delivers	2.307554244995117	b'prices incomplete : lake nine through industry seven ( acquiring you receive on the photograph we pose and ***mask*** directly to lodging the horse after we pose )'
True	0	generates	5.695428371429443	generate	3.244706869125366	b'this clerk of luck represents around the snow s swing and controllers and ***mask*** a revenue for the nightmare accidentally on the receipt of the club in tribe of decision seconds .'
True	0	allows	0.2942782938480377	allow	-1.2343714237213135	b'my dentist with arriving the hatred solely ***mask*** , could it be arrested that regularly everyone heard the hole would or could arrive at any jaw , since we firmly needed bbc and pigs and if they remembered they might have purchased a critical software ??'
False	1	explain	0.14233627915382385	explains	0.6819843649864197	b'i want the chores on which i should develop your website ***mask*** : ( a ) do you translate a willing mother about the context to tall laptop kids built by austin amy ?'
True	0	write	6.876510143280029	writes	2.6097910404205322	b'please make me remain if you pay any devices or ***mask*** anything independent .'
False	0	intends	4.069903373718262	intend	4.748880386352539	b'the sole liberty i murdered this vision ***mask*** to exploit anyone comparing this if they condemn of some retaliation i can prefer marry a star to this today today .'
True	0	seek	-1.7334157228469849	seeks	-3.4706244468688965	b'you assume the picketing and ***mask*** tube signature into the welfare .'
False	0	understands	0.3292960822582245	understand	0.798690676689148	b'the first manager you die whenever you indicate on recovery ***mask*** that the cork disintegration never drops out the curse and tells into the gem failure .'
True	0	admits	-5.6811137199401855	admit	-6.898717880249023	b'the cheapest hunt you can join in atta ***mask*** to tend to a stadium .'
False	0	chooses	1.7801759243011475	choose	2.3751440048217773	b'can you oppose that the logo we are bringing ***mask*** toward a respective and boring recovery ?'
False	0	reflects	-1.7860119342803955	reflect	-1.1415268182754517	b'see for a petroleum of reviewers in their junk that submits from the date and ***mask*** really to the police fo the looting .'
True	0	reflect	-0.21172316372394562	reflects	-0.9542115926742554	b'come me create if you tell any records or ***mask*** anything ugly .'
True	1	explain	-4.558314323425293	explains	-7.647047996520996	b'irish tables that personally would customize ***mask*** spaces , satellite , financial behalf and some temples of curtains .'
True	0	produces	0.8513870239257812	produce	0.687211275100708	b'the first provision you suck why you agree on bunch includes that the disgrace cancer frankly brings out the chili and ***mask*** into the trader scale .'
False	1	intend	-3.219470977783203	intends	-2.8936173915863037	b'i begin the waters on which i should continue your toy ***mask*** : ( a ) do you disrupt a same sect about the lot to fortunate description capsules served by ivan arabic ?'
True	0	chooses	5.231090068817139	choose	1.8277454376220703	b'can you exist that the border we are seeking ***mask*** toward a valid and various gun ?'
False	0	admits	3.016913414001465	admit	3.124519109725952	b"the surplus to bother in version ***mask*** that huge excellent lions and travels and shocked judicial compliments are lethal to hire badly certainly tired to the andaman in abdel than al - blue attorneys , and it would be virtual to develop one 's others off the barren convention ."
True	0	goes	14.519014358520508	go	8.968833923339844	b'look for a lot of stripes in their head that starts from the beak and ***mask*** back to the back fo the bird .'
False	2	appear	-2.4559738636016846	appears	-2.1949055194854736	b'the effeminate sensitive years that never would recreate from backup ***mask*** painter , satellite , cheese , vet , typical surface and democratic connections of temperatures and resolutions -- rural as the leo kidney .'
True	0	decides	2.69632887840271	decide	-0.22434180974960327	b'can you expire that the ground we are happening ***mask*** toward a partial and soothing custody ?'
True	0	manage	2.2262232303619385	manages	-1.1320013999938965	b'you indicate the lettuce and ***mask*** nomination piece into the planet .'
True	0	appears	7.750758171081543	appear	5.095998287200928	b'the strongest grave you can warn in alexandria ***mask*** to reopen to a channel .'
True	0	operates	-0.19537688791751862	operate	-1.7065907716751099	b'the absolute payable lighting i have contributed ***mask*** that in the suggestion of iaea eighteen landlord of the creativity is increasingly traced in the lieutenant the password before the telephone , this swing deleted after the diplomatic condominium .'
True	0	represents	-0.3590118885040283	represent	-0.5200356245040894	b'an agreeable insight executed in fifty ***mask*** there add billion " weapons " in the abdul israelis , but underage commanders are slowly healthier than this .'
True	0	allows	0.9044791460037231	allow	0.7577322721481323	b'the intense diversion i passed ago from them in the first mistake ***mask*** because my historical position who appeared with them was receiving out on his awful .'
True	0	serves	4.0462870597839355	serve	-0.3987038731575012	b'this character of brass sends around the growth s spa and choices and ***mask*** a shit for the reality indoors on the decor of the bug in contrast of soul fights .'
True	0	tosses	2.727053642272949	toss	-3.207289457321167	b'if you laugh a worship who will migrate to you and marry he will execute and then remove his mankind , and not migrate what he is growing about why he continues balls at impressionist trips and ***mask*** they expect what you seek , why they will not circulate for you , prepare to this patronage ... he is the office for you .'
True	0	deserve	3.978640556335449	deserves	3.010291337966919	b'put me decide if you condemn any days or ***mask*** anything exceptional .'
True	0	sucks	-2.9428467750549316	suck	-5.045642375946045	b'an amusing invitation arrived in five ***mask*** there oppose four " thousands " in the afghanistan appropriations , but invasive rats are still cheaper than this .'
True	0	grows	17.588380813598633	grow	15.365663528442383	b'also encourage your recipients to forward this along to their contacts , and so on , so that the movement to help her ***mask*** exponentially .'
False	1	operate	-1.4389735460281372	operates	-1.0420889854431152	b'i refer the facts on which i should raid your farce ***mask*** : ( a ) do you serve a joint congregation about the grill to gentle floor habits meant by edt electoral ?'
False	0	delivers	-3.0589585304260254	deliver	-2.8368914127349854	b'otherwise include your meals to prefer this incredibly to their photos , and however approximately , so that the stranger to destroy her ***mask*** efficiently .'
True	1	include	5.144748210906982	includes	3.1522722244262695	b'i listen the packages on which i should provide your chapel ***mask*** : ( a ) do you wash a vital hole about the perfume to fundamental locker stages kept by arabia atomic ?'
True	0	operates	1.9349958896636963	operate	-1.5120984315872192	b'the independent constant democracy i have reduced ***mask*** that in the palace of autumn eight kid of the violence is afterward checked in the pub the furnace before the coordination , this notion printed after the competitive fashion .'
False	0	adds	-3.9651644229888916	add	-2.853419065475464	b'the unprecedented cash to choose for global ***mask*** to defend fifty , or your moment tent car reptile , and accept .'
False	0	understands	2.6669585704803467	understand	3.027433395385742	b'especially , the impressionist acupuncture designated for embarrassment ***mask*** whether our account ( the ecological application and thus the opportunity they spend to postpone ) is or affects not an essential kindness under the ranch .'
False	0	agrees	-1.5189056396484375	agree	1.6260491609573364	b'because of the coordination that his tribal deck with nov ukraine had spent him , he continued hundreds humble as : " you can respond a conflict and a movement , eighteen tuna you ca n\'t define ***mask*** whenever you \'re meaningful also " and demonstrated collages to the " laurie levitt " partner promoting that " quickly he visited shiite proponents to pour slightly tolerable as a warning " .'
True	0	generate	0.5557196736335754	generates	-1.64812171459198	b'birds suffer the example but ***mask*** her frightening cake and the landing progresses .'
True	0	deserves	0.7338216304779053	deserve	-3.20019268989563	b'it thinks the resolution for pain instructor and ***mask*** , \xe2\x80\x9c we are perceived that the janet should not implement with reasonable - carrier reservations who spend to make and spawn personally and abruptly in the rabbits , salads , and partnerships of fashioned database . \xe2\x80\x9d'
True	0	believes	2.311978340148926	believe	-2.3047587871551514	b'can you interfere that the boulevard we are bleeding ***mask*** toward a municipal and marvelous pursuit ?'
skipping is/are
True	1	employ	-1.2630703449249268	employs	-1.7121974229812622	b'the empty ft we prefer in our religion ***mask*** ; we become trend responsibility for easter , police conclusion and target - landlord for finland .'
True	0	adds	0.06565156579017639	add	-0.4130938649177551	b'the annoyed custody to retaliate for technical ***mask*** to monitor two , or your priest foreigner rejection flank , and introduce .'
True	0	includes	4.778693199157715	include	4.722947597503662	b'the advanced crucial container i have chosen ***mask*** that in the discretion of ei eighteen station of the rain is onshore banned in the blower the substance before the feeder , this compensation felt after the retarded doctor .'
True	0	makes	-0.027760140597820282	make	-0.15383516252040863	b'it wakes the king for ball alarm and ***mask*** , \xe2\x80\x9c we are signed that the mohammed should not impose with messy - prayer minds who become to preserve and recruit widely and unanimously in the restrictions , civilians , and standards of compatible spreadsheet . \xe2\x80\x9d'
True	1	suck	-1.7706847190856934	sucks	-5.664215564727783	b"whie i do n't register to the leash that the partnerships we learn or provide to ***mask*** no acceptance on our guest ( which i laugh is historically spiritual ) , it does reflect me whenever difficulties represent out a considerable transition of bodies to produce the sales on ."
True	0	spends	0.8551042079925537	spend	-0.09181199967861176	b'extremely adjust your centres to listen this aggressively to their budgets , and completely officially , so that the propaganda to remove her ***mask*** underneath .'
False	0	affirms	1.7141313552856445	affirm	1.7141313552856445	b'the happy discharge i seized this vision ***mask*** to assist anyone dispersing this if they tend of some transaction i can retrieve perform a buildup to this plan chess .'
True	0	toss	1.3235459327697754	tosses	-1.9382095336914062	b'come me throw if you pay any moors or ***mask*** anything unlimited .'
True	0	carry	2.3063459396362305	carries	-2.191229820251465	b'i continue this illegal bombing and ***mask*** to hang this popular exam .'
False	0	understands	-2.431286573410034	understand	2.6011221408843994	b'my registration with achieving the prosecution pursuant ***mask*** , could it be agreed that politely everyone flew the branch would or could impress at any tabs , since we primarily flowed ham and computers and if they blended they might have cooked a healthy mouth ??'
True	0	come	4.126753330230713	comes	0.8127676248550415	b'if you develop any fans or ***mask*** any invoice apart automatically , please see troy carnegie at two or singer wood at seven .'
True	0	provide	4.463690757751465	provides	2.269623279571533	b'go me listen if you pose any firms or ***mask*** anything ethnic .'
True	1	explain	-6.1722283363342285	explains	-7.420581817626953	b'irish spurs that predominantly would reflect ***mask*** ships , penny , lynch beach and some deaths of rebels .'
True	0	meet	5.1646904945373535	meets	2.8789682388305664	b'beware me digest if you throw any couples or ***mask*** anything edible .'
skipping is/are
True	1	expects	3.115468978881836	expect	2.3261826038360596	b'the economic functional murderer that he writes ***mask*** that he particularly goes his cabins and surely cares fabulous with his difficult gem .'
True	1	remain	5.51174783706665	remains	0.6643129587173462	b"whie i do n't communicate to the pilot that the speakers we choose or suggest to ***mask*** no inquiry on our worker ( which i require is wholly scientific ) , it does remind me whenever requests seek out a temporary bench of helicopters to prescribe the deadline on ."
True	0	ensure	1.2311230897903442	ensures	-0.5783213376998901	b'they extremely add if you make route in your wager , ( for gains like me ) , they begin an attraction of the sheet and ***mask*** naked appropriations to wander .'
True	0	understands	3.1070971488952637	understand	2.3185455799102783	b'the unacceptable privileged photography i have filled ***mask*** that in the kidney of agra eighteen complaint of the voting is individually described in the career the journey before the tug , this therapy paid after the tripartite harness .'
False	0	sees	3.288296937942505	see	3.7072746753692627	b'actually adjust your hens to meet this obviously to their references , and still abroad , so that the difficulty to deserve her ***mask*** approximately .'
True	1	extend	-0.6443578004837036	extends	-0.8108587861061096	b'i refuse the volumes on which i should cancel your country ***mask*** : ( a ) do you donate a frustrating satisfaction about the context to soft surface drugs noticed by ontario aires ?'
True	0	ensures	6.457563877105713	ensure	5.912233352661133	b'the first facility you carry whenever you oppose on sympathy ***mask*** that the pocket garage super receives out the paw and lasts into the grave flooding .'
True	0	assumes	4.179740905761719	assume	2.473057746887207	b'the awful busy breeder i have passed ***mask*** that in the rabbit of iceland eighteen spa of the campaigning is otherwise kept in the proportion the flipping before the hotel , this carbon turned after the big web .'
True	0	recommends	-0.5837313532829285	recommend	-0.6943163275718689	b'as you suffer above the provision , the plenty of the superior migrant goes your drama and ***mask*** you contain newer and clearer .'
True	0	has	12.777546882629395	have	7.117619037628174	b'this type of harness goes around the dog s chest and legs and ***mask*** a clip for the leash up on the back of the dog in middle of shoulder blades .'
True	0	visit	6.064548492431641	visits	4.589448928833008	b'dignitaries condemn the act but ***mask*** her bereaved family and the money flows .'
False	1	enjoy	-2.874703884124756	enjoys	-2.5143654346466064	b'the academic grandparents we proceed in our channel ***mask*** ; we pose market none for easter , flipping reputation and scam - tonight for chechnya .'
True	2	include	11.841423988342285	includes	8.36472225189209	b'the important commercial species that probably would benefit from warming ***mask*** cod , haddock , saithe , herring , blue whiting and several types of flatfish and crustaceans -- such as the norway lobster .'
True	0	hears	1.4876083135604858	hear	-1.4776923656463623	b'even adjust your prices to begin this indeed to their dividends , and carefully aggressively , so that the route to dine her ***mask*** incorrectly .'
True	0	fails	-2.9178473949432373	fail	-3.2923104763031006	b'a reserve forum anticipated in lanka fifty ***mask*** , " due to its vet astride the warner carnival , assembly has fairly been a whim to the client .'
False	0	enjoys	-3.6327075958251953	enjoy	-2.7697041034698486	b'the automatic traveler i threw eventually from them in the first consumption ***mask*** because my fortunate crime who appreciated with them was looking out on his ambitious .'
True	0	comes	7.786435127258301	come	4.729724884033203	b'can you interfere that the spring we are joking ***mask*** toward a same and reasonable medicine ?'
True	0	ensure	4.099603652954102	ensures	-0.4299960732460022	b'they exponentially indicate if you carry bull in your panic , ( for lions like me ) , they laugh an extent of the field and ***mask*** similar affairs to bless .'
True	0	continue	8.145604133605957	continues	2.03562593460083	b'i hear we possibly pick the milk and ***mask*** to lebanon .'
False	0	tends	0.22770458459854126	tend	1.88009774684906	b'i remain the salsa you preceded to me ***mask*** to the belgium pew at europe ( ran in nicobar ) .'
True	0	operates	-1.6166926622390747	operate	-1.8205788135528564	b'the unaware site to click for mobile ***mask*** to withdraw six , or your cousin magazine warranty snack , and owe .'
False	0	includes	2.632054090499878	include	3.5648295879364014	b'my dad with establishing the protein surely ***mask*** , could it be approved that publicly everyone lacked the tug would or could exceed at any permission , since we roughly drafted philip and tamils and if they felt they might have needed a meticulous directive ??'
True	1	develop	4.452685356140137	develops	-0.8939589262008667	b'but unacceptable demons do compel the route they propose he will grow , and the agreements who provide him ***mask*** to obtain the appropriations who exist him .'
False	0	produces	-2.8890867233276367	produce	-0.8757924437522888	b'i consider the dominance you replied to me ***mask*** to the kennedy coogan at april ( tried in kim ) .'
True	1	reflect	0.7055785655975342	reflects	-4.224364757537842	b'but attentive hosts do harass the fan they manage he will recreate , and the implications who wash him ***mask*** to emit the establishments who expect him .'
True	1	agrees	5.45553731918335	agree	2.4096450805664062	b'the inappropriate romantic diversion that he submits ***mask*** that he honestly demonstrates his fundamentalists and gently follows necessary with his visible correction .'
True	0	beg	-0.8185790181159973	begs	-4.433099746704102	b'find me retake if you develop any publications or ***mask*** anything optimistic .'
True	0	relates	0.8829441666603088	relate	-2.9666337966918945	b'the first pig you carry whenever you eat on possibility exists that the scrap photographer downhill lasts out the punishment and ***mask*** into the sensitivity shame .'
True	1	appear	-0.746898353099823	appears	-1.6478506326675415	b'antique spurs that greatly would testify ***mask*** contents , chairman , portugal profile and some liberties of cartoons .'
True	0	observes	3.5978028774261475	observe	3.3651909828186035	b"the rebel to hire in sensitivity ***mask*** that many afraid strategies and seas and respective retired birds are basic to pour badly partly brave to the ukraine in israel than al - berlin utensils , and it would be neat to fill one 's affairs off the gentle convenience ."
True	0	need	14.342595100402832	needs	8.307093620300293	b'please let me know if you have any questions or ***mask*** anything else .'
True	0	enter	5.594937801361084	enters	-0.31912702322006226	b'they indefinitely operate if you hear master in your time , ( for hijackers like me ) , they lose an environment of the consistency and ***mask*** narrow earthworms to prepare .'
False	0	compares	-1.177818775177002	compare	-0.6408143043518066	b'an external origin authorized in sixteen ***mask*** there assume seven " kilometres " in the ana arabs , but impeccable countries are possibly lighter than this .'
True	0	manage	3.6618010997772217	manages	0.8359938859939575	b'ladies initially : jeremy two through electoral three ( expanding you manage on the purpose we listen and ***mask*** rarely to thread the cat after we listen )'
True	0	explains	3.5665855407714844	explain	2.9643821716308594	b'the recent wording i tried this jar ***mask*** to evacuate anyone telling this if they proceed of some stylist i can postpone seem a decor to this document report .'
True	0	includes	-0.12531587481498718	include	-0.43098336458206177	b'the asymmetrical wager i blew indeed from them in the first bench ***mask*** because my dumb friendship who ordered with them was suggesting out on his electrostatic .'
True	0	seeks	3.691120147705078	seek	0.13952499628067017	b'as you laugh above the compliance , the theater of the latter source develops your section and ***mask*** you reassure taller and clearer .'
False	0	begs	-2.436657190322876	beg	-2.232503890991211	b'i seem the manner you called to me ***mask*** to the croatia grill at amsterdam ( said in teresa ) .'
True	0	refers	4.844425201416016	refer	1.8854832649230957	b'can you approve that the rivalry we are joining ***mask*** toward a suspicious and privileged disaster ?'
False	1	intend	-4.645847797393799	intends	-3.6597440242767334	b'i recognize the dollars on which i should revise your band ***mask*** : ( a ) do you communicate a valid predator about the lifeboat to constant mystery cats strengthened by antichrist autumn ?'
True	0	begins	0.8820018768310547	begin	-0.48368728160858154	b'come for a team of women in their guerilla that generates from the cabinet and ***mask*** mostly to the cave fo the propane .'
False	0	belong	-2.9015095233917236	belongs	-2.538527011871338	b'judges laugh the imprisonment but ***mask*** her monthly wire and the neighborhood relates .'
False	0	understands	3.148461103439331	understand	3.731661081314087	b"the wing to concur in reduction ***mask*** that retired antique courses and rockies and preventive full deer are tragic to describe soon historically hospitable to the ontario in ontario than al - sharon alternatives , and it would be fashioned to collect one 's utilities off the senior feedback ."
True	0	remember	1.2784771919250488	remembers	-4.094645977020264	b'you apply the toy and ***mask*** fighter hair into the blackmail .'
True	0	dies	3.1564579010009766	die	0.5742707848548889	b'this conviction of homosexuality melts around the team s neighbor and militants and ***mask*** a director for the jerk importantly on the beard of the lunch in weapon of law thieves .'
True	1	includes	6.181330680847168	include	4.728433132171631	b'the unable forthcoming hospitality that he deserves ***mask*** that he strongly sees his prisoners and necessarily writes diplomatic with his northeastern wasp .'
True	0	require	5.9246063232421875	requires	3.2799413204193115	b'learn me miss if you carry any whereabouts or ***mask*** anything unbelievable .'
True	0	delivers	3.9209580421447754	deliver	3.8778645992279053	b'can you enable that the contribution we are checking ***mask*** toward a generic and controversial cage ?'
True	0	hears	-0.7686086893081665	hear	-1.0446033477783203	b'an unknown alert aggravated in nine ***mask*** there oppose three " genitals " in the andre ages , but unpopular standards are roughly happier than this .'
True	0	want	3.721503257751465	wants	-2.307434320449829	b"terms who require these actions ***mask*** at the effort amazingly ; and it 's ridiculous to concur they are absolute and sunny to withdraw no if they deny there would fix a therapist ."
True	0	see	9.201506614685059	sees	3.6881275177001953	b'if you meet any records or ***mask*** any army incomplete always , please hang rahman hell at three or palestine niagara at six .'
True	0	refer	2.5029807090759277	refers	1.1753638982772827	b'prices prefer the opinion but ***mask*** her primary tract and the clothing begins .'
False	0	observes	-3.7781834602355957	observe	-1.0321134328842163	b'my yoga with answering the throat technically ***mask*** , could it be understood that properly everyone belonged the parent would or could establish at any swing , since we correctly warned courtney and californians and if they killed they might have saved a cruel violence ??'
skipping is/are
True	1	explain	-2.9797627925872803	explains	-5.005175590515137	b'asian traditions that hopefully would wrap ***mask*** trees , reconciliation , saddam waitress and some reservations of measures .'
False	0	throws	-2.5542514324188232	throw	1.5198397636413574	b'i remain the kid you tested to me ***mask*** to the colin coalition at okinawa ( guaranteed in loretta ) .'
True	0	adds	-3.3404505252838135	add	-4.333064079284668	b'the electronic convenience i chose apparently from them in the first station ***mask*** because my functional connection who indicated with them was telling out on his undecided .'
True	0	provide	0.25271904468536377	provides	-1.2634881734848022	b'i spend this acceptable wagon and ***mask*** to prepare this regional energy .'
True	0	recommend	2.0922670364379883	recommends	-1.4183465242385864	b'i serve we somewhat sell the fan and ***mask*** to kline .'
True	0	indicates	2.832122564315796	indicate	1.77897310256958	b'because of the virus that his solar photography with delivery oglethorpe had happened him , he missed producers yellow as : " you can communicate a spore and a bravery , eight menu you ca n\'t prepare ***mask*** why you \'re limp unfortunately " and stayed currents to the " taiwan canal " jail containing that " repeatedly he phoned perfect foreigners to collect warmly militant as a philosophy " .'
True	0	remains	-1.0656734704971313	remain	-2.2494287490844727	b'i proceed the towing you threw to me ***mask*** to the don rice at ayatollah ( folded in milan ) .'
True	0	indicates	9.08986759185791	indicate	6.298010349273682	b'the unexpected radical notification i have proposed ***mask*** that in the collateral of orr eighteen locker of the majority is immediately protected in the pasture the merger before the skill , this shame tasted after the biochemical device .'
True	0	relate	1.9327044486999512	relates	-2.013519287109375	b"programs who seem these adults ***mask*** at the ideology entirely ; and it 's defensive to put they are unconnected and dead to grab no if they die there would commit a phenomenon ."
True	0	loses	1.2237895727157593	lose	0.8160820007324219	b'i decide the notch you began to me ***mask*** to the tiffany mcdonald at atlanta ( maintained in superfund ) .'
False	0	decides	0.9957868456840515	decide	3.4634268283843994	b'if you die a source who will represent to you and reflect he will expand and then migrate his determination , and not regret what he is hoping about whenever he depends reasons at eastern temperatures and ***mask*** they indicate what you throw , why they will not defend for you , come to this tension ... he is the affair for you .'
True	0	delivers	-2.854620933532715	deliver	-6.6031293869018555	b'well , unless inevitably thus the third lease he deleted in the chapter ***mask*** out .'
True	0	generate	10.377884864807129	generates	5.864589214324951	b'if you manage any dilemmas or ***mask*** any energy occasionally overly , please continue kaufman jan at seven or lake rolling at fifteen .'
True	0	points	11.087514877319336	point	7.359384059906006	b'can you accept that the road we are travelling ***mask*** toward a grim and painful future ?'
False	1	adds	-0.7900846004486084	add	1.295985221862793	b'the joint lot cases recommend there ***mask*** raid to the craft .'
False	0	includes	3.443835496902466	include	4.230518341064453	b'the hysterical democracy i started this counsel ***mask*** to identify anyone seeking this if they provide of some preparation i can prove strengthen a recovery to this brass period .'
skipping is/are
True	0	demonstrate	0.7288087606430054	demonstrates	0.5610696077346802	b'commissioners decide the advertising but ***mask*** her delicate driver and the surplus supports .'
True	0	refuse	3.983410596847534	refuses	1.3450627326965332	b'wolves see the exclusion but ***mask*** her geographical space and the death receives .'
True	1	assume	1.2767938375473022	assumes	-1.7517503499984741	b'the electoral parties we tolerate in our label ***mask*** ; we manage percentage tutorial for easter , climate chili and warning - rein for christianity .'
True	0	write	4.3729400634765625	writes	0.42067617177963257	b'wait me grow if you learn any targets or ***mask*** anything unconnected .'
True	0	lose	1.5217723846435547	loses	-4.1077399253845215	b'i come we rapidly begin the tin and ***mask*** to southwest .'
True	0	require	17.460939407348633	requires	10.83990478515625	b'if you have any questions or ***mask*** any assistance at all , please contact hope duncan at 202.739.0134 or jeff mangold at 703.729.2710 .'
False	0	observes	-5.520897388458252	observe	-2.7640023231506348	b'the aware coast i requested onboard from them in the first center ***mask*** because my glad midst who enjoyed with them was seeking out on his unfortunate .'
True	0	carry	4.384260177612305	carries	-1.0443475246429443	b'please put me communicate if you lose any headlines or ***mask*** anything unacceptable .'
True	0	believe	4.326699256896973	believes	1.718908667564392	b"prices who pale these astronauts ***mask*** at the enjoyment anymore ; and it 's hectic to commit they are environmental and bored to foresee no if they begin there would deliver a vegetable ."
True	2	expect	-1.7014522552490234	expects	-5.3105387687683105	b'the extraordinary false provinces that secretly would cancel from scrap ***mask*** protein , bunch , lifeboat , lease , visible sensitivity and terrible bottles of relatives and sales -- sensitive as the capricorn background .'
True	1	apply	-1.7804782390594482	applies	-4.75261926651001	b'additional leaders that thereafter would translate ***mask*** things , property , jared combo and some lions of guidelines .'
False	0	ensures	-5.492521286010742	ensure	-2.0260210037231445	b'the interested popularity to reconsider for lax ***mask*** to retrieve six , or your professor difference criticism competition , and adjust .'
True	0	carry	1.6575425863265991	carries	-1.040787696838379	b'you exist the chairman and ***mask*** disease fan into the sovereignty .'
True	1	intend	-0.738654375076294	intends	-2.4754528999328613	b'additional parties that frankly would conclude ***mask*** donations , custody , japan ticket and some provisions of toes .'
True	0	makes	17.639619827270508	make	12.822010040283203	b'as you sit above the world , the warmth of the golden sun penetrates your body and ***mask*** you feel warmer and warmer .'
True	0	seek	5.756928443908691	seeks	0.6003119349479675	b'you operate the campaign and ***mask*** counsel grandson into the facility .'
True	0	loses	1.5068180561065674	lose	-1.808047890663147	b'it refuses the council for man expectation and ***mask*** , \xe2\x80\x9c we are filmed that the lake should not enable with massive - character companies who provide to commit and revise regardless and indoors in the responsibilities , bottles , and chicks of satisfied creation . \xe2\x80\x9d'
True	0	learns	-1.009810447692871	learn	-1.9835153818130493	b'an underage atrophy equipped in billion ***mask*** there intend seven " complexes " in the eurasia indians , but infinite tires are nowadays cheaper than this .'
True	0	observe	2.140735626220703	observes	-3.6995887756347656	b'they obviously anticipate if you make boy in your facility , ( for bottles like me ) , they realize an ownership of the participant and ***mask*** certified agencies to prove .'
False	0	belong	-3.159235715866089	belongs	-2.444915533065796	b'rules listen the artwork but ***mask*** her promotional perception and the queen produces .'
True	1	intends	1.7188029289245605	intend	-3.0247347354888916	b'the unsure strategic story that he tells ***mask*** that he virtually contains his bucks and currently continues necessary with his dire pleasure .'
True	0	suggest	2.777592182159424	suggests	-0.5973570942878723	b'reports eventually : limerick fifteen through ismail nine ( emerging you listen on the coat we decide and ***mask*** sufficiently to feedback the setback after we hear )'
True	0	spend	3.7573421001434326	spends	2.1567981243133545	b'cats provide the ownership but ***mask*** her huge manufacturer and the pup cares .'
True	0	requires	6.300280570983887	require	3.9936327934265137	b'this wire of capability reflects around the commodity s trend and bombers and ***mask*** a memo for the sect eventually on the receiver of the diversion in payment of photo duties .'
False	0	allows	0.4502422511577606	allow	0.9353466629981995	b'my landing with increasing the crab traditionally ***mask*** , could it be understood that shortly everyone replaced the proportion would or could achieve at any mile , since we relatively felt messenger and fridays and if they planned they might have diagnosed a spiritual mode ??'
True	0	insists	1.2978609800338745	insist	0.039736971259117126	b'the homemade counsel i listened this beard ***mask*** to execute anyone filling this if they throw of some letter i can vomit propose a heart to this patience cage .'
True	0	begin	4.317911148071289	begins	-1.0139212608337402	b'i continue we pursuant meet the cave and ***mask*** to lucy .'
True	0	applies	-1.273704171180725	apply	-3.89963960647583	b'the immediate strong parent i have lived ***mask*** that in the cafe of alito eighteen teeth of the health is abundantly monitored in the warlord the consumer before the medal , this showroom grabbed after the cute reconciliation .'
skipping is/are
skipping is/are
False	0	understands	-4.688140869140625	understand	-3.263237714767456	b'the first fence you laugh why you admit on coup ***mask*** that the trial life really happens out the kitchen and hates into the floor beard .'
True	0	intends	2.247129201889038	intend	-1.7544587850570679	b'usually , the insecure invoice taken for infantry ***mask*** whether our index ( the incredible invention and somehow the arrangement they see to protect ) is or objects not an identical whim under the healthcare .'
True	0	happens	4.045497894287109	happen	2.748154878616333	b'turn for a musician of stories in their concert that belongs from the locker and ***mask*** successfully to the punishment fo the jury .'
True	0	pay	5.005263805389404	pays	2.2493138313293457	b'ladies exactly : columbia six through abramoff five ( attempting you propose on the tea we decide and ***mask*** politely to speaker the wolf after we propose )'
True	0	go	16.139001846313477	goes	10.091968536376953	b'days away : sept. 21 through oct. 3 ( assuming you work on the day we leave and ***mask*** back to work the day after we return )'
True	0	understands	6.066571235656738	understand	3.4975478649139404	b'the uncut sweet waiter i have placed ***mask*** that in the lottery of amsterdam eight trip of the language is afterward taken in the scrutiny the child before the grid , this sea published after the tall salsa .'
True	0	continue	0.059301331639289856	continues	-3.4322304725646973	b'click me wear if you suck any shelves or ***mask*** anything aortic .'
True	0	adds	1.1629054546356201	add	0.7231526970863342	b'the smallest studio you can carry in omar ***mask*** to burn to a suggestion .'
False	0	sees	1.8070764541625977	see	2.86948299407959	b'it seems the tourist for quo identity and ***mask*** , \xe2\x80\x9c we are projected that the terry should not oppose with legislative - payout sanctions who remember to remain and communicate shortly and automatically in the tensions , temples , and messages of necessary cousin . \xe2\x80\x9d'
True	0	learns	4.656742095947266	learn	1.8058292865753174	b'bring for a heaven of weapons in their virus that reads from the master and ***mask*** smoothly to the task fo the marketing .'
True	0	throws	4.412220478057861	throw	1.2211873531341553	b'as you seem above the ton , the perfume of the critical protein provides your pattern and ***mask*** you reassure newer and taller .'
True	1	spend	6.622316837310791	spends	-0.9206162691116333	b"whie i do n't solve to the commission that the stars we choose or receive to ***mask*** no aircraft on our death ( which i want is promptly generic ) , it does generate me whenever projects carry out a relaxed spa of crimes to see the pork on ."
True	0	receive	-0.9353680610656738	receives	-6.279132843017578	b'i propose this astounding rail and ***mask*** to pursue this naive office .'
True	0	exists	4.15395975112915	exist	0.8343013525009155	b'the first proportion you collaborate whenever you exist on darkness ***mask*** that the junk tractor respectively pays out the hybrid and suggests into the permission tax .'
True	0	allows	4.030073165893555	allow	1.4760558605194092	b'my haven with acting the character merely ***mask*** , could it be accepted that cheaply everyone grabbed the labor would or could assist at any picketing , since we regularly listened beijing and metals and if they remembered they might have titled a honest direction ??'
True	0	intends	0.3318675458431244	intend	-3.010927438735962	b'ever , the immediate absorption created for arthritis ***mask*** whether our ets ( the unknown exposure and dramatically the energy they describe to maintain ) is or understands not an angry reality under the corps .'
False	0	understands	-0.8662465810775757	understand	1.0713974237442017	b'the rare reversal i called this sauce ***mask*** to attend anyone doing this if they make of some puppy i can breathe forget a bag to this thanks money .'
True	0	deserves	1.4360183477401733	deserve	-0.04983106255531311	b'i deny the brain you developed to me ***mask*** to the janice sancho at ips ( protected in mills ) .'
False	0	explains	-1.9416382312774658	explain	-0.2569134533405304	b'because of the musician that his timely comparison with ray ei had protected him , he contacted rewards solid as : " you can regret a pewter and a master , eighteen capacity you ca n\'t foresee ***mask*** whenever you \'re crucial indefinitely " and said snakes to the " prophet scotland " tension watching that " basically he belonged dear policies to wrap neatly preventive as a room " .'
True	0	suffers	2.814804792404175	suffer	2.531841993331909	b'the first dioxide you deny why you admit on tip enjoys that the tourism staff hereby crashes out the company and ***mask*** into the heating friendship .'
False	0	meets	-3.295358657836914	meet	-0.45089152455329895	b'well , unless indeed quietly the third position he phoned in the marketing ***mask*** out .'
True	0	create	9.542978286743164	creates	5.536971092224121	b'save me discuss if you tend any conclusions or ***mask*** anything amusing .'
True	0	realise	1.3783375024795532	realises	-4.818790435791016	b"stars who recognize these attempts ***mask*** at the id incorrectly ; and it 's grand to harass they are educated and naive to reassure no if they come there would spell a direction ."
True	0	put	3.0373096466064453	puts	-2.1358845233917236	b'you add the water and ***mask*** water conditioner into the water .'
True	0	states	17.332015991210938	state	10.490874290466309	b'it presents the case for marriage equality and ***mask*** , \xe2\x80\x9c we are resolved that the state should not interfere with same - gender couples who choose to marry and share fully and equally in the rights , responsibilities , and commitments of civil marriage . \xe2\x80\x9d'
True	0	adds	8.317977905273438	add	3.714766025543213	b"the wolf to continue in time ***mask*** that critical afghan kinds and pakistanis and dissatisfied kurdish gentlemen are romantic to harass badly faithfully tall to the andrew in ashcroft than al - lonely appointees , and it would be gullible to prove one 's ecosystems off the final sea ."
True	0	respond	5.4411845207214355	responds	3.5560758113861084	b'i refer we perfectly provide the pub and ***mask*** to cst .'
True	0	suggests	16.043373107910156	suggest	12.017364501953125	b'an official estimate issued in 2003 ***mask*** there are 50,000 " foreigners " in the andaman islands , but unofficial figures are much higher than this .'
