Found 120 samples for simple_npi_anim
True simple_npi_anim past no the ***mask*** managers have ever been famous .
True simple_npi_anim past few some ***mask*** consultants have ever been famous .
True simple_npi_anim past no the ***mask*** authors have ever been famous .
True simple_npi_anim past few some ***mask*** managers have ever been famous .
True simple_npi_anim future no the ***mask*** customers will ever have children .
True simple_npi_anim future few some ***mask*** authors will ever be famous .
True simple_npi_anim past few some ***mask*** managers have ever been popular .
True simple_npi_anim past few some ***mask*** customers have ever had children .
True simple_npi_anim future no the ***mask*** senators will ever be famous .
True simple_npi_anim past no the ***mask*** surgeons have ever been popular .
True simple_npi_anim future few some ***mask*** officers will ever have children .
True simple_npi_anim future few some ***mask*** farmers will ever be popular .
True simple_npi_anim future no the ***mask*** farmers will ever have children .
True simple_npi_anim past no the ***mask*** senators have ever had children .
True simple_npi_anim future no the ***mask*** senators will ever be popular .
True simple_npi_anim future no the ***mask*** pilots will ever have children .
True simple_npi_anim past few some ***mask*** consultants have ever had children .
True simple_npi_anim past no the ***mask*** pilots have ever been popular .
True simple_npi_anim future few some ***mask*** farmers will ever have children .
True simple_npi_anim past few some ***mask*** farmers have ever been popular .
True simple_npi_anim future few some ***mask*** senators will ever be popular .
True simple_npi_anim future few some ***mask*** teachers will ever be famous .
True simple_npi_anim future no the ***mask*** officers will ever be popular .
True simple_npi_anim future few some ***mask*** officers will ever be popular .
True simple_npi_anim future few some ***mask*** pilots will ever be famous .
True simple_npi_anim future no the ***mask*** teachers will ever have children .
True simple_npi_anim past no the ***mask*** farmers have ever been famous .
True simple_npi_anim future no the ***mask*** farmers will ever be famous .
True simple_npi_anim future no the ***mask*** surgeons will ever be popular .
True simple_npi_anim future few some ***mask*** surgeons will ever be popular .
True simple_npi_anim past no the ***mask*** teachers have ever been popular .
True simple_npi_anim past few some ***mask*** teachers have ever been popular .
True simple_npi_anim past few some ***mask*** authors have ever been popular .
True simple_npi_anim past no the ***mask*** teachers have ever had children .
True simple_npi_anim past no the ***mask*** pilots have ever had children .
True simple_npi_anim past few some ***mask*** customers have ever been famous .
True simple_npi_anim past few some ***mask*** surgeons have ever been popular .
True simple_npi_anim future few some ***mask*** managers will ever have children .
True simple_npi_anim past few some ***mask*** authors have ever been famous .
True simple_npi_anim future few some ***mask*** teachers will ever have children .
True simple_npi_anim future few some ***mask*** customers will ever be famous .
True simple_npi_anim past no the ***mask*** officers have ever had children .
True simple_npi_anim past few some ***mask*** pilots have ever had children .
True simple_npi_anim future no the ***mask*** managers will ever be popular .
True simple_npi_anim future no the ***mask*** authors will ever have children .
True simple_npi_anim future no the ***mask*** consultants will ever be popular .
True simple_npi_anim future no the ***mask*** officers will ever have children .
True simple_npi_anim past few some ***mask*** senators have ever been popular .
True simple_npi_anim future no the ***mask*** pilots will ever be famous .
True simple_npi_anim future no the ***mask*** customers will ever be popular .
True simple_npi_anim future few some ***mask*** pilots will ever have children .
True simple_npi_anim past few some ***mask*** teachers have ever had children .
True simple_npi_anim future few some ***mask*** managers will ever be popular .
True simple_npi_anim future few some ***mask*** consultants will ever be popular .
True simple_npi_anim past no the ***mask*** consultants have ever been famous .
True simple_npi_anim future no the ***mask*** farmers will ever be popular .
True simple_npi_anim future no the ***mask*** officers will ever be famous .
True simple_npi_anim past no the ***mask*** officers have ever been famous .
False simple_npi_anim past no the ***mask*** farmers have ever been popular .
True simple_npi_anim past no the ***mask*** surgeons have ever had children .
True simple_npi_anim future no the ***mask*** senators will ever have children .
True simple_npi_anim future no the ***mask*** authors will ever be popular .
True simple_npi_anim past few some ***mask*** surgeons have ever been famous .
True simple_npi_anim future few some ***mask*** senators will ever be famous .
True simple_npi_anim future few some ***mask*** customers will ever have children .
True simple_npi_anim past no the ***mask*** officers have ever been popular .
True simple_npi_anim past few some ***mask*** customers have ever been popular .
True simple_npi_anim future few some ***mask*** managers will ever be famous .
True simple_npi_anim past no the ***mask*** customers have ever been famous .
True simple_npi_anim past no the ***mask*** authors have ever had children .
True simple_npi_anim future no the ***mask*** managers will ever have children .
True simple_npi_anim future no the ***mask*** surgeons will ever have children .
True simple_npi_anim future few some ***mask*** teachers will ever be popular .
True simple_npi_anim past no the ***mask*** senators have ever been popular .
True simple_npi_anim past few some ***mask*** managers have ever had children .
True simple_npi_anim future few some ***mask*** authors will ever have children .
True simple_npi_anim past few some ***mask*** officers have ever had children .
True simple_npi_anim past no the ***mask*** consultants have ever had children .
True simple_npi_anim past no the ***mask*** authors have ever been popular .
True simple_npi_anim past no the ***mask*** surgeons have ever been famous .
True simple_npi_anim future no the ***mask*** customers will ever be famous .
True simple_npi_anim past no the ***mask*** pilots have ever been famous .
True simple_npi_anim past no the ***mask*** senators have ever been famous .
True simple_npi_anim future few some ***mask*** consultants will ever have children .
True simple_npi_anim past few some ***mask*** surgeons have ever had children .
True simple_npi_anim past no the ***mask*** consultants have ever been popular .
True simple_npi_anim past no the ***mask*** teachers have ever been famous .
True simple_npi_anim past no the ***mask*** managers have ever had children .
True simple_npi_anim past few some ***mask*** consultants have ever been popular .
True simple_npi_anim future few some ***mask*** consultants will ever be famous .
True simple_npi_anim past few some ***mask*** pilots have ever been famous .
True simple_npi_anim future few some ***mask*** pilots will ever be popular .
True simple_npi_anim future no the ***mask*** teachers will ever be famous .
True simple_npi_anim future no the ***mask*** pilots will ever be popular .
True simple_npi_anim past few some ***mask*** farmers have ever had children .
True simple_npi_anim future no the ***mask*** managers will ever be famous .
True simple_npi_anim future no the ***mask*** teachers will ever be popular .
True simple_npi_anim past no the ***mask*** managers have ever been popular .
True simple_npi_anim past few some ***mask*** officers have ever been famous .
True simple_npi_anim future few some ***mask*** farmers will ever be famous .
True simple_npi_anim future no the ***mask*** surgeons will ever be famous .
True simple_npi_anim future few some ***mask*** surgeons will ever be famous .
True simple_npi_anim past few some ***mask*** authors have ever had children .
True simple_npi_anim past few some ***mask*** farmers have ever been famous .
True simple_npi_anim future few some ***mask*** surgeons will ever have children .
True simple_npi_anim past few some ***mask*** senators have ever had children .
True simple_npi_anim future few some ***mask*** officers will ever be famous .
True simple_npi_anim past few some ***mask*** officers have ever been popular .
True simple_npi_anim future no the ***mask*** consultants will ever have children .
True simple_npi_anim future no the ***mask*** consultants will ever be famous .
True simple_npi_anim future few some ***mask*** customers will ever be popular .
True simple_npi_anim past few some ***mask*** senators have ever been famous .
True simple_npi_anim past no the ***mask*** farmers have ever had children .
True simple_npi_anim past no the ***mask*** customers have ever had children .
True simple_npi_anim future few some ***mask*** senators will ever have children .
True simple_npi_anim past no the ***mask*** customers have ever been popular .
True simple_npi_anim past few some ***mask*** teachers have ever been famous .
True simple_npi_anim future few some ***mask*** authors will ever be popular .
True simple_npi_anim past few some ***mask*** pilots have ever been popular .
True simple_npi_anim future no the ***mask*** authors will ever be famous .
