Found 140 samples for simple_agrmt
True simple_agrmt plur_MS_MV are is the pilots ***mask*** old .
True simple_agrmt sing_MS_MV is are the author ***mask*** tall .
True simple_agrmt plur_MS_MV are is the farmers ***mask*** tall .
True simple_agrmt sing_MS_MV is are the manager ***mask*** short .
True simple_agrmt plur_MS_MV are is the managers ***mask*** short .
True simple_agrmt sing_MS_MV laughs laugh the pilot ***mask*** .
True simple_agrmt sing_MS_MV laughs laugh the officer ***mask*** .
True simple_agrmt plur_MS_MV are is the authors ***mask*** short .
True simple_agrmt sing_MS_MV is are the consultant ***mask*** tall .
True simple_agrmt plur_MS_MV are is the officers ***mask*** tall .
True simple_agrmt plur_MS_MV laugh laughs the senators ***mask*** .
True simple_agrmt sing_MS_MV is are the officer ***mask*** short .
True simple_agrmt sing_MS_MV is are the surgeon ***mask*** short .
True simple_agrmt sing_MS_MV smiles smile the officer ***mask*** .
True simple_agrmt plur_MS_MV smile smiles the authors ***mask*** .
True simple_agrmt sing_MS_MV smiles smile the senator ***mask*** .
True simple_agrmt plur_MS_MV laugh laughs the farmers ***mask*** .
True simple_agrmt plur_MS_MV are is the managers ***mask*** tall .
True simple_agrmt sing_MS_MV is are the officer ***mask*** old .
True simple_agrmt sing_MS_MV is are the officer ***mask*** tall .
True simple_agrmt plur_MS_MV smile smiles the surgeons ***mask*** .
True simple_agrmt sing_MS_MV laughs laugh the farmer ***mask*** .
True simple_agrmt plur_MS_MV smile smiles the pilots ***mask*** .
True simple_agrmt sing_MS_MV is are the consultant ***mask*** young .
False simple_agrmt plur_MS_MV swim swims the officers ***mask*** .
True simple_agrmt plur_MS_MV are is the surgeons ***mask*** old .
True simple_agrmt sing_MS_MV laughs laugh the teacher ***mask*** .
True simple_agrmt plur_MS_MV smile smiles the teachers ***mask*** .
True simple_agrmt plur_MS_MV are is the teachers ***mask*** tall .
True simple_agrmt plur_MS_MV smile smiles the officers ***mask*** .
True simple_agrmt plur_MS_MV smile smiles the customers ***mask*** .
True simple_agrmt sing_MS_MV is are the pilot ***mask*** tall .
True simple_agrmt plur_MS_MV laugh laughs the authors ***mask*** .
False simple_agrmt plur_MS_MV swim swims the authors ***mask*** .
True simple_agrmt plur_MS_MV are is the surgeons ***mask*** young .
True simple_agrmt plur_MS_MV are is the officers ***mask*** old .
True simple_agrmt plur_MS_MV are is the surgeons ***mask*** tall .
True simple_agrmt plur_MS_MV are is the senators ***mask*** old .
True simple_agrmt sing_MS_MV smiles smile the author ***mask*** .
True simple_agrmt plur_MS_MV smile smiles the senators ***mask*** .
True simple_agrmt plur_MS_MV are is the managers ***mask*** old .
True simple_agrmt sing_MS_MV smiles smile the surgeon ***mask*** .
True simple_agrmt plur_MS_MV are is the senators ***mask*** young .
True simple_agrmt sing_MS_MV is are the farmer ***mask*** short .
True simple_agrmt sing_MS_MV is are the senator ***mask*** young .
True simple_agrmt sing_MS_MV is are the farmer ***mask*** old .
True simple_agrmt sing_MS_MV is are the farmer ***mask*** young .
True simple_agrmt plur_MS_MV are is the farmers ***mask*** old .
True simple_agrmt plur_MS_MV are is the consultants ***mask*** old .
True simple_agrmt plur_MS_MV are is the pilots ***mask*** young .
True simple_agrmt sing_MS_MV is are the consultant ***mask*** short .
True simple_agrmt sing_MS_MV swims swim the senator ***mask*** .
True simple_agrmt sing_MS_MV swims swim the pilot ***mask*** .
True simple_agrmt plur_MS_MV are is the authors ***mask*** young .
True simple_agrmt plur_MS_MV are is the pilots ***mask*** tall .
True simple_agrmt plur_MS_MV laugh laughs the pilots ***mask*** .
True simple_agrmt sing_MS_MV is are the customer ***mask*** young .
True simple_agrmt plur_MS_MV are is the farmers ***mask*** short .
True simple_agrmt sing_MS_MV smiles smile the consultant ***mask*** .
True simple_agrmt sing_MS_MV smiles smile the pilot ***mask*** .
True simple_agrmt sing_MS_MV laughs laugh the senator ***mask*** .
True simple_agrmt sing_MS_MV swims swim the customer ***mask*** .
True simple_agrmt sing_MS_MV is are the farmer ***mask*** tall .
True simple_agrmt plur_MS_MV are is the farmers ***mask*** young .
True simple_agrmt plur_MS_MV are is the customers ***mask*** young .
True simple_agrmt sing_MS_MV swims swim the farmer ***mask*** .
True simple_agrmt plur_MS_MV laugh laughs the consultants ***mask*** .
True simple_agrmt sing_MS_MV laughs laugh the consultant ***mask*** .
True simple_agrmt sing_MS_MV smiles smile the farmer ***mask*** .
True simple_agrmt plur_MS_MV are is the managers ***mask*** young .
True simple_agrmt plur_MS_MV laugh laughs the surgeons ***mask*** .
True simple_agrmt plur_MS_MV are is the teachers ***mask*** short .
True simple_agrmt sing_MS_MV is are the manager ***mask*** young .
True simple_agrmt sing_MS_MV is are the senator ***mask*** tall .
True simple_agrmt plur_MS_MV are is the senators ***mask*** tall .
True simple_agrmt sing_MS_MV swims swim the manager ***mask*** .
False simple_agrmt plur_MS_MV swim swims the consultants ***mask*** .
True simple_agrmt plur_MS_MV are is the teachers ***mask*** old .
True simple_agrmt sing_MS_MV is are the officer ***mask*** young .
True simple_agrmt sing_MS_MV is are the surgeon ***mask*** young .
True simple_agrmt plur_MS_MV are is the customers ***mask*** short .
True simple_agrmt plur_MS_MV smile smiles the consultants ***mask*** .
True simple_agrmt plur_MS_MV are is the customers ***mask*** old .
True simple_agrmt sing_MS_MV is are the pilot ***mask*** young .
True simple_agrmt sing_MS_MV laughs laugh the author ***mask*** .
False simple_agrmt plur_MS_MV swim swims the farmers ***mask*** .
True simple_agrmt sing_MS_MV laughs laugh the manager ***mask*** .
True simple_agrmt sing_MS_MV laughs laugh the surgeon ***mask*** .
True simple_agrmt plur_MS_MV laugh laughs the officers ***mask*** .
True simple_agrmt sing_MS_MV is are the teacher ***mask*** old .
True simple_agrmt sing_MS_MV is are the customer ***mask*** short .
True simple_agrmt plur_MS_MV are is the authors ***mask*** tall .
True simple_agrmt plur_MS_MV are is the consultants ***mask*** young .
True simple_agrmt plur_MS_MV are is the authors ***mask*** old .
True simple_agrmt sing_MS_MV is are the surgeon ***mask*** old .
True simple_agrmt sing_MS_MV swims swim the consultant ***mask*** .
True simple_agrmt plur_MS_MV are is the teachers ***mask*** young .
True simple_agrmt plur_MS_MV are is the pilots ***mask*** short .
True simple_agrmt sing_MS_MV is are the teacher ***mask*** young .
False simple_agrmt plur_MS_MV swim swims the surgeons ***mask*** .
True simple_agrmt sing_MS_MV is are the surgeon ***mask*** tall .
True simple_agrmt sing_MS_MV is are the pilot ***mask*** short .
True simple_agrmt sing_MS_MV is are the teacher ***mask*** tall .
True simple_agrmt plur_MS_MV are is the officers ***mask*** young .
True simple_agrmt sing_MS_MV is are the author ***mask*** young .
True simple_agrmt plur_MS_MV are is the customers ***mask*** tall .
True simple_agrmt plur_MS_MV laugh laughs the managers ***mask*** .
True simple_agrmt sing_MS_MV is are the teacher ***mask*** short .
True simple_agrmt plur_MS_MV are is the senators ***mask*** short .
False simple_agrmt plur_MS_MV swim swims the teachers ***mask*** .
False simple_agrmt plur_MS_MV swim swims the pilots ***mask*** .
True simple_agrmt sing_MS_MV is are the senator ***mask*** short .
True simple_agrmt plur_MS_MV are is the consultants ***mask*** short .
True simple_agrmt sing_MS_MV is are the manager ***mask*** tall .
True simple_agrmt plur_MS_MV are is the surgeons ***mask*** short .
True simple_agrmt plur_MS_MV are is the consultants ***mask*** tall .
True simple_agrmt sing_MS_MV swims swim the officer ***mask*** .
True simple_agrmt sing_MS_MV is are the customer ***mask*** old .
True simple_agrmt plur_MS_MV are is the officers ***mask*** short .
False simple_agrmt plur_MS_MV swim swims the senators ***mask*** .
True simple_agrmt sing_MS_MV smiles smile the teacher ***mask*** .
True simple_agrmt sing_MS_MV is are the manager ***mask*** old .
True simple_agrmt plur_MS_MV smile smiles the farmers ***mask*** .
True simple_agrmt sing_MS_MV is are the author ***mask*** old .
True simple_agrmt sing_MS_MV is are the customer ***mask*** tall .
True simple_agrmt sing_MS_MV smiles smile the manager ***mask*** .
True simple_agrmt plur_MS_MV laugh laughs the customers ***mask*** .
True simple_agrmt sing_MS_MV swims swim the author ***mask*** .
True simple_agrmt plur_MS_MV laugh laughs the teachers ***mask*** .
True simple_agrmt sing_MS_MV is are the author ***mask*** short .
True simple_agrmt sing_MS_MV is are the pilot ***mask*** old .
True simple_agrmt sing_MS_MV laughs laugh the customer ***mask*** .
True simple_agrmt sing_MS_MV swims swim the teacher ***mask*** .
False simple_agrmt plur_MS_MV swim swims the customers ***mask*** .
True simple_agrmt sing_MS_MV is are the senator ***mask*** old .
True simple_agrmt sing_MS_MV smiles smile the customer ***mask*** .
False simple_agrmt plur_MS_MV swim swims the managers ***mask*** .
True simple_agrmt sing_MS_MV is are the consultant ***mask*** old .
True simple_agrmt plur_MS_MV smile smiles the managers ***mask*** .
True simple_agrmt sing_MS_MV swims swim the surgeon ***mask*** .
